Build profile: -w ghc-9.6.6 -O1
In order, the following will be built (use -v for more details):
 - quickcheck-state-machine-0.8.0 (lib) (first run)
 - quickcheck-state-machine-0.8.0 (test:test) (first run)
Configuring library for quickcheck-state-machine-0.8.0...
Preprocessing library for quickcheck-state-machine-0.8.0...
Building library for quickcheck-state-machine-0.8.0...
[ 1 of 26] Compiling Paths_quickcheck_state_machine
[ 2 of 26] Compiling Test.StateMachine.Lockstep.Auxiliary
[ 3 of 26] Compiling Test.StateMachine.Logic

src/Test/StateMachine/Logic.hs:284:1: warning: [GHC-64088] [-Wforall-identifier]
    The use of ‘forall’ as an identifier
    will become an error in a future GHC release.
    Suggested fix:
      Consider using another name, such as
      ‘forAll’, ‘for_all’, or ‘forall_’.
    |
284 | forall = Forall
    | ^^^^^^
[ 4 of 26] Compiling Test.StateMachine.TreeDiff.List
[ 5 of 26] Compiling Test.StateMachine.TreeDiff.Expr
[ 6 of 26] Compiling Test.StateMachine.TreeDiff.Class
[ 7 of 26] Compiling Test.StateMachine.TreeDiff.Pretty

src/Test/StateMachine/TreeDiff/Pretty.hs:36:1: warning: [-Wdeprecations]
    Module ‘Text.PrettyPrint.ANSI.Leijen’ is deprecated:
      "Compatibility module for users of ansi-wl-pprint - use \"Prettyprinter\" instead"
   |
36 | import qualified Text.PrettyPrint.ANSI.Leijen as WL
   | ^^^^^^^^^^^^^^^^^^^^^^^^^^^^^^^^^^^^^^^^^^^^^^^^^^^

src/Test/StateMachine/TreeDiff/Pretty.hs:206:24: warning: [GHC-68441] [-Wdeprecations]
    In the use of type constructor or class ‘Doc’
    (imported from Text.PrettyPrint.ANSI.Leijen):
    Deprecated: "Compatibility module for users of ansi-wl-pprint - use "Prettyprinter" instead"
    |
206 | ansiWlPretty :: Pretty WL.Doc
    |                        ^^^^^^

src/Test/StateMachine/TreeDiff/Pretty.hs:208:18: warning: [GHC-68441] [-Wdeprecations]
    In the use of ‘text’ (imported from Text.PrettyPrint.ANSI.Leijen):
    Deprecated: "Compatibility module for users of ansi-wl-pprint - use "Prettyprinter" instead"
    |
208 |     { ppCon    = WL.text
    |                  ^^^^^^^

src/Test/StateMachine/TreeDiff/Pretty.hs:209:18: warning: [GHC-68441] [-Wdeprecations]
    In the use of ‘encloseSep’
    (imported from Text.PrettyPrint.ANSI.Leijen):
    Deprecated: "Compatibility module for users of ansi-wl-pprint - use "Prettyprinter" instead"
    |
209 |     , ppRec    = WL.encloseSep WL.lbrace WL.rbrace WL.comma
    |                  ^^^^^^^^^^^^^

src/Test/StateMachine/TreeDiff/Pretty.hs:209:32: warning: [GHC-68441] [-Wdeprecations]
    In the use of ‘lbrace’
    (imported from Text.PrettyPrint.ANSI.Leijen):
    Deprecated: "Compatibility module for users of ansi-wl-pprint - use "Prettyprinter" instead"
    |
209 |     , ppRec    = WL.encloseSep WL.lbrace WL.rbrace WL.comma
    |                                ^^^^^^^^^

src/Test/StateMachine/TreeDiff/Pretty.hs:209:42: warning: [GHC-68441] [-Wdeprecations]
    In the use of ‘rbrace’
    (imported from Text.PrettyPrint.ANSI.Leijen):
    Deprecated: "Compatibility module for users of ansi-wl-pprint - use "Prettyprinter" instead"
    |
209 |     , ppRec    = WL.encloseSep WL.lbrace WL.rbrace WL.comma
    |                                          ^^^^^^^^^

src/Test/StateMachine/TreeDiff/Pretty.hs:209:52: warning: [GHC-68441] [-Wdeprecations]
    In the use of ‘comma’ (imported from Text.PrettyPrint.ANSI.Leijen):
    Deprecated: "Compatibility module for users of ansi-wl-pprint - use "Prettyprinter" instead"
    |
209 |     , ppRec    = WL.encloseSep WL.lbrace WL.rbrace WL.comma
    |                                                    ^^^^^^^^

src/Test/StateMachine/TreeDiff/Pretty.hs:210:35: warning: [GHC-68441] [-Wdeprecations]
    In the use of ‘text’ (imported from Text.PrettyPrint.ANSI.Leijen):
    Deprecated: "Compatibility module for users of ansi-wl-pprint - use "Prettyprinter" instead"
    |
210 |                . map (\(fn, d) -> WL.text fn WL.<+> WL.equals WL.</> d)
    |                                   ^^^^^^^

src/Test/StateMachine/TreeDiff/Pretty.hs:210:46: warning: [GHC-68441] [-Wdeprecations]
    In the use of ‘<+>’ (imported from Text.PrettyPrint.ANSI.Leijen):
    Deprecated: "Compatibility module for users of ansi-wl-pprint - use "Prettyprinter" instead"
    |
210 |                . map (\(fn, d) -> WL.text fn WL.<+> WL.equals WL.</> d)
    |                                              ^^^^^^

src/Test/StateMachine/TreeDiff/Pretty.hs:210:53: warning: [GHC-68441] [-Wdeprecations]
    In the use of ‘equals’
    (imported from Text.PrettyPrint.ANSI.Leijen):
    Deprecated: "Compatibility module for users of ansi-wl-pprint - use "Prettyprinter" instead"
    |
210 |                . map (\(fn, d) -> WL.text fn WL.<+> WL.equals WL.</> d)
    |                                                     ^^^^^^^^^

src/Test/StateMachine/TreeDiff/Pretty.hs:210:63: warning: [GHC-68441] [-Wdeprecations]
    In the use of ‘</>’ (imported from Text.PrettyPrint.ANSI.Leijen):
    Deprecated: "Compatibility module for users of ansi-wl-pprint - use "Prettyprinter" instead"
    |
210 |                . map (\(fn, d) -> WL.text fn WL.<+> WL.equals WL.</> d)
    |                                                               ^^^^^^

src/Test/StateMachine/TreeDiff/Pretty.hs:211:18: warning: [GHC-68441] [-Wdeprecations]
    In the use of ‘list’ (imported from Text.PrettyPrint.ANSI.Leijen):
    Deprecated: "Compatibility module for users of ansi-wl-pprint - use "Prettyprinter" instead"
    |
211 |     , ppLst    = WL.list
    |                  ^^^^^^^

src/Test/StateMachine/TreeDiff/Pretty.hs:212:18: warning: [GHC-68441] [-Wdeprecations]
    In the use of ‘dullwhite’
    (imported from Text.PrettyPrint.ANSI.Leijen):
    Deprecated: "Compatibility module for users of ansi-wl-pprint - use "Prettyprinter" instead"
    |
212 |     , ppCpy    = WL.dullwhite
    |                  ^^^^^^^^^^^^

src/Test/StateMachine/TreeDiff/Pretty.hs:213:24: warning: [GHC-68441] [-Wdeprecations]
    In the use of ‘green’ (imported from Text.PrettyPrint.ANSI.Leijen):
    Deprecated: "Compatibility module for users of ansi-wl-pprint - use "Prettyprinter" instead"
    |
213 |     , ppIns    = \d -> WL.green $ WL.plain $ WL.char '+' WL.<> d
    |                        ^^^^^^^^

src/Test/StateMachine/TreeDiff/Pretty.hs:213:35: warning: [GHC-68441] [-Wdeprecations]
    In the use of ‘plain’ (imported from Text.PrettyPrint.ANSI.Leijen):
    Deprecated: "Compatibility module for users of ansi-wl-pprint - use "Prettyprinter" instead"
    |
213 |     , ppIns    = \d -> WL.green $ WL.plain $ WL.char '+' WL.<> d
    |                                   ^^^^^^^^

src/Test/StateMachine/TreeDiff/Pretty.hs:213:46: warning: [GHC-68441] [-Wdeprecations]
    In the use of ‘char’ (imported from Text.PrettyPrint.ANSI.Leijen):
    Deprecated: "Compatibility module for users of ansi-wl-pprint - use "Prettyprinter" instead"
    |
213 |     , ppIns    = \d -> WL.green $ WL.plain $ WL.char '+' WL.<> d
    |                                              ^^^^^^^

src/Test/StateMachine/TreeDiff/Pretty.hs:214:24: warning: [GHC-68441] [-Wdeprecations]
    In the use of ‘red’ (imported from Text.PrettyPrint.ANSI.Leijen):
    Deprecated: "Compatibility module for users of ansi-wl-pprint - use "Prettyprinter" instead"
    |
214 |     , ppDel    = \d -> WL.red   $ WL.plain $ WL.char '-' WL.<> d
    |                        ^^^^^^

src/Test/StateMachine/TreeDiff/Pretty.hs:214:35: warning: [GHC-68441] [-Wdeprecations]
    In the use of ‘plain’ (imported from Text.PrettyPrint.ANSI.Leijen):
    Deprecated: "Compatibility module for users of ansi-wl-pprint - use "Prettyprinter" instead"
    |
214 |     , ppDel    = \d -> WL.red   $ WL.plain $ WL.char '-' WL.<> d
    |                                   ^^^^^^^^

src/Test/StateMachine/TreeDiff/Pretty.hs:214:46: warning: [GHC-68441] [-Wdeprecations]
    In the use of ‘char’ (imported from Text.PrettyPrint.ANSI.Leijen):
    Deprecated: "Compatibility module for users of ansi-wl-pprint - use "Prettyprinter" instead"
    |
214 |     , ppDel    = \d -> WL.red   $ WL.plain $ WL.char '-' WL.<> d
    |                                              ^^^^^^^

src/Test/StateMachine/TreeDiff/Pretty.hs:215:18: warning: [GHC-68441] [-Wdeprecations]
    In the use of ‘sep’ (imported from Text.PrettyPrint.ANSI.Leijen):
    Deprecated: "Compatibility module for users of ansi-wl-pprint - use "Prettyprinter" instead"
    |
215 |     , ppSep    = WL.sep
    |                  ^^^^^^

src/Test/StateMachine/TreeDiff/Pretty.hs:216:18: warning: [GHC-68441] [-Wdeprecations]
    In the use of ‘parens’
    (imported from Text.PrettyPrint.ANSI.Leijen):
    Deprecated: "Compatibility module for users of ansi-wl-pprint - use "Prettyprinter" instead"
    |
216 |     , ppParens = WL.parens
    |                  ^^^^^^^^^

src/Test/StateMachine/TreeDiff/Pretty.hs:217:28: warning: [GHC-68441] [-Wdeprecations]
    In the use of ‘hang’ (imported from Text.PrettyPrint.ANSI.Leijen):
    Deprecated: "Compatibility module for users of ansi-wl-pprint - use "Prettyprinter" instead"
    |
217 |     , ppHang   = \d1 d2 -> WL.hang 2 (d1 WL.</> d2)
    |                            ^^^^^^^

src/Test/StateMachine/TreeDiff/Pretty.hs:217:42: warning: [GHC-68441] [-Wdeprecations]
    In the use of ‘</>’ (imported from Text.PrettyPrint.ANSI.Leijen):
    Deprecated: "Compatibility module for users of ansi-wl-pprint - use "Prettyprinter" instead"
    |
217 |     , ppHang   = \d1 d2 -> WL.hang 2 (d1 WL.</> d2)
    |                                          ^^^^^^

src/Test/StateMachine/TreeDiff/Pretty.hs:221:23: warning: [GHC-68441] [-Wdeprecations]
    In the use of type constructor or class ‘Doc’
    (imported from Text.PrettyPrint.ANSI.Leijen):
    Deprecated: "Compatibility module for users of ansi-wl-pprint - use "Prettyprinter" instead"
    |
221 | ansiWlExpr :: Expr -> WL.Doc
    |                       ^^^^^^

src/Test/StateMachine/TreeDiff/Pretty.hs:225:36: warning: [GHC-68441] [-Wdeprecations]
    In the use of type constructor or class ‘Doc’
    (imported from Text.PrettyPrint.ANSI.Leijen):
    Deprecated: "Compatibility module for users of ansi-wl-pprint - use "Prettyprinter" instead"
    |
225 | ansiWlEditExpr :: Edit EditExpr -> WL.Doc
    |                                    ^^^^^^

src/Test/StateMachine/TreeDiff/Pretty.hs:229:43: warning: [GHC-68441] [-Wdeprecations]
    In the use of type constructor or class ‘Doc’
    (imported from Text.PrettyPrint.ANSI.Leijen):
    Deprecated: "Compatibility module for users of ansi-wl-pprint - use "Prettyprinter" instead"
    |
229 | ansiWlEditExprCompact :: Edit EditExpr -> WL.Doc
    |                                           ^^^^^^

src/Test/StateMachine/TreeDiff/Pretty.hs:237:26: warning: [GHC-68441] [-Wdeprecations]
    In the use of type constructor or class ‘Doc’
    (imported from Text.PrettyPrint.ANSI.Leijen):
    Deprecated: "Compatibility module for users of ansi-wl-pprint - use "Prettyprinter" instead"
    |
237 | ansiWlBgPretty :: Pretty WL.Doc
    |                          ^^^^^^

src/Test/StateMachine/TreeDiff/Pretty.hs:239:24: warning: [GHC-68441] [-Wdeprecations]
    In the use of ‘ondullgreen’
    (imported from Text.PrettyPrint.ANSI.Leijen):
    Deprecated: "Compatibility module for users of ansi-wl-pprint - use "Prettyprinter" instead"
    |
239 |     { ppIns    = \d -> WL.ondullgreen $ WL.white $ WL.plain $ WL.char '+' WL.<> d
    |                        ^^^^^^^^^^^^^^

src/Test/StateMachine/TreeDiff/Pretty.hs:239:41: warning: [GHC-68441] [-Wdeprecations]
    In the use of ‘white’ (imported from Text.PrettyPrint.ANSI.Leijen):
    Deprecated: "Compatibility module for users of ansi-wl-pprint - use "Prettyprinter" instead"
    |
239 |     { ppIns    = \d -> WL.ondullgreen $ WL.white $ WL.plain $ WL.char '+' WL.<> d
    |                                         ^^^^^^^^

src/Test/StateMachine/TreeDiff/Pretty.hs:239:52: warning: [GHC-68441] [-Wdeprecations]
    In the use of ‘plain’ (imported from Text.PrettyPrint.ANSI.Leijen):
    Deprecated: "Compatibility module for users of ansi-wl-pprint - use "Prettyprinter" instead"
    |
239 |     { ppIns    = \d -> WL.ondullgreen $ WL.white $ WL.plain $ WL.char '+' WL.<> d
    |                                                    ^^^^^^^^

src/Test/StateMachine/TreeDiff/Pretty.hs:239:63: warning: [GHC-68441] [-Wdeprecations]
    In the use of ‘char’ (imported from Text.PrettyPrint.ANSI.Leijen):
    Deprecated: "Compatibility module for users of ansi-wl-pprint - use "Prettyprinter" instead"
    |
239 |     { ppIns    = \d -> WL.ondullgreen $ WL.white $ WL.plain $ WL.char '+' WL.<> d
    |                                                               ^^^^^^^

src/Test/StateMachine/TreeDiff/Pretty.hs:240:24: warning: [GHC-68441] [-Wdeprecations]
    In the use of ‘ondullred’
    (imported from Text.PrettyPrint.ANSI.Leijen):
    Deprecated: "Compatibility module for users of ansi-wl-pprint - use "Prettyprinter" instead"
    |
240 |     , ppDel    = \d -> WL.ondullred   $ WL.white $ WL.plain $ WL.char '-' WL.<> d
    |                        ^^^^^^^^^^^^

src/Test/StateMachine/TreeDiff/Pretty.hs:240:41: warning: [GHC-68441] [-Wdeprecations]
    In the use of ‘white’ (imported from Text.PrettyPrint.ANSI.Leijen):
    Deprecated: "Compatibility module for users of ansi-wl-pprint - use "Prettyprinter" instead"
    |
240 |     , ppDel    = \d -> WL.ondullred   $ WL.white $ WL.plain $ WL.char '-' WL.<> d
    |                                         ^^^^^^^^

src/Test/StateMachine/TreeDiff/Pretty.hs:240:52: warning: [GHC-68441] [-Wdeprecations]
    In the use of ‘plain’ (imported from Text.PrettyPrint.ANSI.Leijen):
    Deprecated: "Compatibility module for users of ansi-wl-pprint - use "Prettyprinter" instead"
    |
240 |     , ppDel    = \d -> WL.ondullred   $ WL.white $ WL.plain $ WL.char '-' WL.<> d
    |                                                    ^^^^^^^^

src/Test/StateMachine/TreeDiff/Pretty.hs:240:63: warning: [GHC-68441] [-Wdeprecations]
    In the use of ‘char’ (imported from Text.PrettyPrint.ANSI.Leijen):
    Deprecated: "Compatibility module for users of ansi-wl-pprint - use "Prettyprinter" instead"
    |
240 |     , ppDel    = \d -> WL.ondullred   $ WL.white $ WL.plain $ WL.char '-' WL.<> d
    |                                                               ^^^^^^^

src/Test/StateMachine/TreeDiff/Pretty.hs:244:25: warning: [GHC-68441] [-Wdeprecations]
    In the use of type constructor or class ‘Doc’
    (imported from Text.PrettyPrint.ANSI.Leijen):
    Deprecated: "Compatibility module for users of ansi-wl-pprint - use "Prettyprinter" instead"
    |
244 | ansiWlBgExpr :: Expr -> WL.Doc
    |                         ^^^^^^

src/Test/StateMachine/TreeDiff/Pretty.hs:248:38: warning: [GHC-68441] [-Wdeprecations]
    In the use of type constructor or class ‘Doc’
    (imported from Text.PrettyPrint.ANSI.Leijen):
    Deprecated: "Compatibility module for users of ansi-wl-pprint - use "Prettyprinter" instead"
    |
248 | ansiWlBgEditExpr :: Edit EditExpr -> WL.Doc
    |                                      ^^^^^^

src/Test/StateMachine/TreeDiff/Pretty.hs:252:45: warning: [GHC-68441] [-Wdeprecations]
    In the use of type constructor or class ‘Doc’
    (imported from Text.PrettyPrint.ANSI.Leijen):
    Deprecated: "Compatibility module for users of ansi-wl-pprint - use "Prettyprinter" instead"
    |
252 | ansiWlBgEditExprCompact :: Edit EditExpr -> WL.Doc
    |                                             ^^^^^^
[ 8 of 26] Compiling Test.StateMachine.TreeDiff
[ 9 of 26] Compiling Test.StateMachine.TreeDiff.Tree
[10 of 26] Compiling Test.StateMachine.Types.Rank2
[11 of 26] Compiling Test.StateMachine.Types.References
[12 of 26] Compiling Test.StateMachine.Types.History
[13 of 26] Compiling Test.StateMachine.DotDrawing
[14 of 26] Compiling Test.StateMachine.Types.GenSym
[15 of 26] Compiling Test.StateMachine.Types.Environment
[16 of 26] Compiling Test.StateMachine.Types
[17 of 26] Compiling Test.StateMachine.Labelling
[18 of 26] Compiling Test.StateMachine.ConstructorName
[19 of 26] Compiling Test.StateMachine.BoxDrawer

src/Test/StateMachine/BoxDrawer.hs:26:1: warning: [-Wdeprecations]
    Module ‘Text.PrettyPrint.ANSI.Leijen’ is deprecated:
      "Compatibility module for users of ansi-wl-pprint - use \"Prettyprinter\" instead"
   |
26 | import           Text.PrettyPrint.ANSI.Leijen
   | ^^^^^^^^^^^^^^^^^^^^^^^^^^^^^^^^^^^^^^^^^^^^^...

src/Test/StateMachine/BoxDrawer.hs:102:48: warning: [GHC-68441] [-Wdeprecations]
    In the use of type constructor or class ‘Doc’
    (imported from Text.PrettyPrint.ANSI.Leijen):
    Deprecated: "Compatibility module for users of ansi-wl-pprint - use "Prettyprinter" instead"
    |
102 | exec :: [(EventType, Pid)] -> Fork [String] -> Doc
    |                                                ^^^

src/Test/StateMachine/BoxDrawer.hs:103:34: warning: [GHC-68441] [-Wdeprecations]
    In the use of ‘vsep’ (imported from Text.PrettyPrint.ANSI.Leijen):
    Deprecated: "Compatibility module for users of ansi-wl-pprint - use "Prettyprinter" instead"
    |
103 | exec evT (Fork lops pops rops) = vsep $ map text (preBoxes ++ parBoxes)
    |                                  ^^^^

src/Test/StateMachine/BoxDrawer.hs:103:45: warning: [GHC-68441] [-Wdeprecations]
    In the use of ‘text’ (imported from Text.PrettyPrint.ANSI.Leijen):
    Deprecated: "Compatibility module for users of ansi-wl-pprint - use "Prettyprinter" instead"
    |
103 | exec evT (Fork lops pops rops) = vsep $ map text (preBoxes ++ parBoxes)
    |                                             ^^^^
[20 of 26] Compiling Test.StateMachine.Utils
[21 of 26] Compiling Test.StateMachine.Sequential

src/Test/StateMachine/Sequential.hs:102:1: warning: [-Wdeprecations]
    Module ‘Text.PrettyPrint.ANSI.Leijen’ is deprecated:
      "Compatibility module for users of ansi-wl-pprint - use \"Prettyprinter\" instead"
    |
102 | import qualified Text.PrettyPrint.ANSI.Leijen      as PP
    | ^^^^^^^^^^^^^^^^^^^^^^^^^^^^^^^^^^^^^^^^^^^^^^^^^^^^^^^^

src/Test/StateMachine/Sequential.hs:103:1: warning: [-Wdeprecations]
    Module ‘Text.PrettyPrint.ANSI.Leijen’ is deprecated:
      "Compatibility module for users of ansi-wl-pprint - use \"Prettyprinter\" instead"
    |
103 | import           Text.PrettyPrint.ANSI.Leijen
    | ^^^^^^^^^^^^^^^^^^^^^^^^^^^^^^^^^^^^^^^^^^^^^...

src/Test/StateMachine/Sequential.hs:465:64: warning: [GHC-68441] [-Wdeprecations]
    In the use of type constructor or class ‘Doc’
    (imported from Text.PrettyPrint.ANSI.Leijen):
    Deprecated: "Compatibility module for users of ansi-wl-pprint - use "Prettyprinter" instead"
    |
465 | modelDiff :: ToExpr (model r) => model r -> Maybe (model r) -> Doc
    |                                                                ^^^

src/Test/StateMachine/Sequential.hs:474:5: warning: [GHC-68441] [-Wdeprecations]
    In the use of ‘putDoc’
    (imported from Text.PrettyPrint.ANSI.Leijen):
    Deprecated: "Compatibility module for users of ansi-wl-pprint - use "Prettyprinter" instead"
    |
474 |   = PP.putDoc
    |     ^^^^^^^^^

src/Test/StateMachine/Sequential.hs:479:79: warning: [GHC-68441] [-Wdeprecations]
    In the use of type constructor or class ‘Doc’
    (imported from Text.PrettyPrint.ANSI.Leijen):
    Deprecated: "Compatibility module for users of ansi-wl-pprint - use "Prettyprinter" instead"
    |
479 |     go :: model Concrete -> Maybe (model Concrete) -> [Operation cmd resp] -> Doc
    |                                                                               ^^^

src/Test/StateMachine/Sequential.hs:481:7: warning: [GHC-68441] [-Wdeprecations]
    In the use of ‘line’ (imported from Text.PrettyPrint.ANSI.Leijen):
    Deprecated: "Compatibility module for users of ansi-wl-pprint - use "Prettyprinter" instead"
    |
481 |       PP.line <> modelDiff current previous <> PP.line <> PP.line
    |       ^^^^^^^

src/Test/StateMachine/Sequential.hs:481:48: warning: [GHC-68441] [-Wdeprecations]
    In the use of ‘line’ (imported from Text.PrettyPrint.ANSI.Leijen):
    Deprecated: "Compatibility module for users of ansi-wl-pprint - use "Prettyprinter" instead"
    |
481 |       PP.line <> modelDiff current previous <> PP.line <> PP.line
    |                                                ^^^^^^^

src/Test/StateMachine/Sequential.hs:481:59: warning: [GHC-68441] [-Wdeprecations]
    In the use of ‘line’ (imported from Text.PrettyPrint.ANSI.Leijen):
    Deprecated: "Compatibility module for users of ansi-wl-pprint - use "Prettyprinter" instead"
    |
481 |       PP.line <> modelDiff current previous <> PP.line <> PP.line
    |                                                           ^^^^^^^

src/Test/StateMachine/Sequential.hs:484:11: warning: [GHC-68441] [-Wdeprecations]
    In the use of ‘line’ (imported from Text.PrettyPrint.ANSI.Leijen):
    Deprecated: "Compatibility module for users of ansi-wl-pprint - use "Prettyprinter" instead"
    |
484 |         [ PP.line
    |           ^^^^^^^

src/Test/StateMachine/Sequential.hs:486:11: warning: [GHC-68441] [-Wdeprecations]
    In the use of ‘line’ (imported from Text.PrettyPrint.ANSI.Leijen):
    Deprecated: "Compatibility module for users of ansi-wl-pprint - use "Prettyprinter" instead"
    |
486 |         , PP.line, PP.line
    |           ^^^^^^^

src/Test/StateMachine/Sequential.hs:486:20: warning: [GHC-68441] [-Wdeprecations]
    In the use of ‘line’ (imported from Text.PrettyPrint.ANSI.Leijen):
    Deprecated: "Compatibility module for users of ansi-wl-pprint - use "Prettyprinter" instead"
    |
486 |         , PP.line, PP.line
    |                    ^^^^^^^

src/Test/StateMachine/Sequential.hs:487:11: warning: [GHC-68441] [-Wdeprecations]
    In the use of ‘string’
    (imported from Text.PrettyPrint.ANSI.Leijen):
    Deprecated: "Compatibility module for users of ansi-wl-pprint - use "Prettyprinter" instead"
    |
487 |         , PP.string "   == "
    |           ^^^^^^^^^

src/Test/StateMachine/Sequential.hs:488:11: warning: [GHC-68441] [-Wdeprecations]
    In the use of ‘string’
    (imported from Text.PrettyPrint.ANSI.Leijen):
    Deprecated: "Compatibility module for users of ansi-wl-pprint - use "Prettyprinter" instead"
    |
488 |         , PP.string (ppShow cmd)
    |           ^^^^^^^^^

src/Test/StateMachine/Sequential.hs:489:11: warning: [GHC-68441] [-Wdeprecations]
    In the use of ‘string’
    (imported from Text.PrettyPrint.ANSI.Leijen):
    Deprecated: "Compatibility module for users of ansi-wl-pprint - use "Prettyprinter" instead"
    |
489 |         , PP.string " ==> "
    |           ^^^^^^^^^

src/Test/StateMachine/Sequential.hs:490:11: warning: [GHC-68441] [-Wdeprecations]
    In the use of ‘string’
    (imported from Text.PrettyPrint.ANSI.Leijen):
    Deprecated: "Compatibility module for users of ansi-wl-pprint - use "Prettyprinter" instead"
    |
490 |         , PP.string err
    |           ^^^^^^^^^

src/Test/StateMachine/Sequential.hs:491:11: warning: [GHC-68441] [-Wdeprecations]
    In the use of ‘string’
    (imported from Text.PrettyPrint.ANSI.Leijen):
    Deprecated: "Compatibility module for users of ansi-wl-pprint - use "Prettyprinter" instead"
    |
491 |         , PP.string " [ "
    |           ^^^^^^^^^

src/Test/StateMachine/Sequential.hs:492:11: warning: [GHC-68441] [-Wdeprecations]
    In the use of ‘int’ (imported from Text.PrettyPrint.ANSI.Leijen):
    Deprecated: "Compatibility module for users of ansi-wl-pprint - use "Prettyprinter" instead"
    |
492 |         , PP.int (unPid pid)
    |           ^^^^^^

src/Test/StateMachine/Sequential.hs:493:11: warning: [GHC-68441] [-Wdeprecations]
    In the use of ‘string’
    (imported from Text.PrettyPrint.ANSI.Leijen):
    Deprecated: "Compatibility module for users of ansi-wl-pprint - use "Prettyprinter" instead"
    |
493 |         , PP.string " ]"
    |           ^^^^^^^^^

src/Test/StateMachine/Sequential.hs:494:11: warning: [GHC-68441] [-Wdeprecations]
    In the use of ‘line’ (imported from Text.PrettyPrint.ANSI.Leijen):
    Deprecated: "Compatibility module for users of ansi-wl-pprint - use "Prettyprinter" instead"
    |
494 |         , PP.line
    |           ^^^^^^^

src/Test/StateMachine/Sequential.hs:498:11: warning: [GHC-68441] [-Wdeprecations]
    In the use of ‘line’ (imported from Text.PrettyPrint.ANSI.Leijen):
    Deprecated: "Compatibility module for users of ansi-wl-pprint - use "Prettyprinter" instead"
    |
498 |         [ PP.line
    |           ^^^^^^^

src/Test/StateMachine/Sequential.hs:500:11: warning: [GHC-68441] [-Wdeprecations]
    In the use of ‘line’ (imported from Text.PrettyPrint.ANSI.Leijen):
    Deprecated: "Compatibility module for users of ansi-wl-pprint - use "Prettyprinter" instead"
    |
500 |         , PP.line, PP.line
    |           ^^^^^^^

src/Test/StateMachine/Sequential.hs:500:20: warning: [GHC-68441] [-Wdeprecations]
    In the use of ‘line’ (imported from Text.PrettyPrint.ANSI.Leijen):
    Deprecated: "Compatibility module for users of ansi-wl-pprint - use "Prettyprinter" instead"
    |
500 |         , PP.line, PP.line
    |                    ^^^^^^^

src/Test/StateMachine/Sequential.hs:501:11: warning: [GHC-68441] [-Wdeprecations]
    In the use of ‘string’
    (imported from Text.PrettyPrint.ANSI.Leijen):
    Deprecated: "Compatibility module for users of ansi-wl-pprint - use "Prettyprinter" instead"
    |
501 |         , PP.string "   == "
    |           ^^^^^^^^^

src/Test/StateMachine/Sequential.hs:502:11: warning: [GHC-68441] [-Wdeprecations]
    In the use of ‘string’
    (imported from Text.PrettyPrint.ANSI.Leijen):
    Deprecated: "Compatibility module for users of ansi-wl-pprint - use "Prettyprinter" instead"
    |
502 |         , PP.string (ppShow cmd)
    |           ^^^^^^^^^

src/Test/StateMachine/Sequential.hs:503:11: warning: [GHC-68441] [-Wdeprecations]
    In the use of ‘string’
    (imported from Text.PrettyPrint.ANSI.Leijen):
    Deprecated: "Compatibility module for users of ansi-wl-pprint - use "Prettyprinter" instead"
    |
503 |         , PP.string " ==> "
    |           ^^^^^^^^^

src/Test/StateMachine/Sequential.hs:504:11: warning: [GHC-68441] [-Wdeprecations]
    In the use of ‘string’
    (imported from Text.PrettyPrint.ANSI.Leijen):
    Deprecated: "Compatibility module for users of ansi-wl-pprint - use "Prettyprinter" instead"
    |
504 |         , PP.string (ppShow resp)
    |           ^^^^^^^^^

src/Test/StateMachine/Sequential.hs:505:11: warning: [GHC-68441] [-Wdeprecations]
    In the use of ‘string’
    (imported from Text.PrettyPrint.ANSI.Leijen):
    Deprecated: "Compatibility module for users of ansi-wl-pprint - use "Prettyprinter" instead"
    |
505 |         , PP.string " [ "
    |           ^^^^^^^^^

src/Test/StateMachine/Sequential.hs:506:11: warning: [GHC-68441] [-Wdeprecations]
    In the use of ‘int’ (imported from Text.PrettyPrint.ANSI.Leijen):
    Deprecated: "Compatibility module for users of ansi-wl-pprint - use "Prettyprinter" instead"
    |
506 |         , PP.int (unPid pid)
    |           ^^^^^^

src/Test/StateMachine/Sequential.hs:507:11: warning: [GHC-68441] [-Wdeprecations]
    In the use of ‘string’
    (imported from Text.PrettyPrint.ANSI.Leijen):
    Deprecated: "Compatibility module for users of ansi-wl-pprint - use "Prettyprinter" instead"
    |
507 |         , PP.string " ]"
    |           ^^^^^^^^^

src/Test/StateMachine/Sequential.hs:508:11: warning: [GHC-68441] [-Wdeprecations]
    In the use of ‘line’ (imported from Text.PrettyPrint.ANSI.Leijen):
    Deprecated: "Compatibility module for users of ansi-wl-pprint - use "Prettyprinter" instead"
    |
508 |         , PP.line
    |           ^^^^^^^

src/Test/StateMachine/Sequential.hs:529:5: warning: [GHC-68441] [-Wdeprecations]
    In the use of ‘putDoc’
    (imported from Text.PrettyPrint.ANSI.Leijen):
    Deprecated: "Compatibility module for users of ansi-wl-pprint - use "Prettyprinter" instead"
    |
529 |   = PP.putDoc
    |     ^^^^^^^^^

src/Test/StateMachine/Sequential.hs:534:35: warning: [GHC-68441] [-Wdeprecations]
    In the use of type constructor or class ‘Doc’
    (imported from Text.PrettyPrint.ANSI.Leijen):
    Deprecated: "Compatibility module for users of ansi-wl-pprint - use "Prettyprinter" instead"
    |
534 |     tagsDiff :: [tag] -> [tag] -> Doc
    |                                   ^^^

src/Test/StateMachine/Sequential.hs:538:35: warning: [GHC-68441] [-Wdeprecations]
    In the use of type constructor or class ‘Doc’
    (imported from Text.PrettyPrint.ANSI.Leijen):
    Deprecated: "Compatibility module for users of ansi-wl-pprint - use "Prettyprinter" instead"
    |
538 |        -> [Operation cmd resp] -> Doc
    |                                   ^^^

src/Test/StateMachine/Sequential.hs:540:7: warning: [GHC-68441] [-Wdeprecations]
    In the use of ‘line’ (imported from Text.PrettyPrint.ANSI.Leijen):
    Deprecated: "Compatibility module for users of ansi-wl-pprint - use "Prettyprinter" instead"
    |
540 |       PP.line <> modelDiff current previous <> PP.line <> PP.line
    |       ^^^^^^^

src/Test/StateMachine/Sequential.hs:540:48: warning: [GHC-68441] [-Wdeprecations]
    In the use of ‘line’ (imported from Text.PrettyPrint.ANSI.Leijen):
    Deprecated: "Compatibility module for users of ansi-wl-pprint - use "Prettyprinter" instead"
    |
540 |       PP.line <> modelDiff current previous <> PP.line <> PP.line
    |                                                ^^^^^^^

src/Test/StateMachine/Sequential.hs:540:59: warning: [GHC-68441] [-Wdeprecations]
    In the use of ‘line’ (imported from Text.PrettyPrint.ANSI.Leijen):
    Deprecated: "Compatibility module for users of ansi-wl-pprint - use "Prettyprinter" instead"
    |
540 |       PP.line <> modelDiff current previous <> PP.line <> PP.line
    |                                                           ^^^^^^^

src/Test/StateMachine/Sequential.hs:543:11: warning: [GHC-68441] [-Wdeprecations]
    In the use of ‘line’ (imported from Text.PrettyPrint.ANSI.Leijen):
    Deprecated: "Compatibility module for users of ansi-wl-pprint - use "Prettyprinter" instead"
    |
543 |         [ PP.line
    |           ^^^^^^^

src/Test/StateMachine/Sequential.hs:545:11: warning: [GHC-68441] [-Wdeprecations]
    In the use of ‘line’ (imported from Text.PrettyPrint.ANSI.Leijen):
    Deprecated: "Compatibility module for users of ansi-wl-pprint - use "Prettyprinter" instead"
    |
545 |         , PP.line, PP.line
    |           ^^^^^^^

src/Test/StateMachine/Sequential.hs:545:20: warning: [GHC-68441] [-Wdeprecations]
    In the use of ‘line’ (imported from Text.PrettyPrint.ANSI.Leijen):
    Deprecated: "Compatibility module for users of ansi-wl-pprint - use "Prettyprinter" instead"
    |
545 |         , PP.line, PP.line
    |                    ^^^^^^^

src/Test/StateMachine/Sequential.hs:546:11: warning: [GHC-68441] [-Wdeprecations]
    In the use of ‘string’
    (imported from Text.PrettyPrint.ANSI.Leijen):
    Deprecated: "Compatibility module for users of ansi-wl-pprint - use "Prettyprinter" instead"
    |
546 |         , PP.string "   == "
    |           ^^^^^^^^^

src/Test/StateMachine/Sequential.hs:547:11: warning: [GHC-68441] [-Wdeprecations]
    In the use of ‘string’
    (imported from Text.PrettyPrint.ANSI.Leijen):
    Deprecated: "Compatibility module for users of ansi-wl-pprint - use "Prettyprinter" instead"
    |
547 |         , PP.string (ppShow cmd)
    |           ^^^^^^^^^

src/Test/StateMachine/Sequential.hs:548:11: warning: [GHC-68441] [-Wdeprecations]
    In the use of ‘string’
    (imported from Text.PrettyPrint.ANSI.Leijen):
    Deprecated: "Compatibility module for users of ansi-wl-pprint - use "Prettyprinter" instead"
    |
548 |         , PP.string " ==> "
    |           ^^^^^^^^^

src/Test/StateMachine/Sequential.hs:549:11: warning: [GHC-68441] [-Wdeprecations]
    In the use of ‘string’
    (imported from Text.PrettyPrint.ANSI.Leijen):
    Deprecated: "Compatibility module for users of ansi-wl-pprint - use "Prettyprinter" instead"
    |
549 |         , PP.string err
    |           ^^^^^^^^^

src/Test/StateMachine/Sequential.hs:550:11: warning: [GHC-68441] [-Wdeprecations]
    In the use of ‘string’
    (imported from Text.PrettyPrint.ANSI.Leijen):
    Deprecated: "Compatibility module for users of ansi-wl-pprint - use "Prettyprinter" instead"
    |
550 |         , PP.string " [ "
    |           ^^^^^^^^^

src/Test/StateMachine/Sequential.hs:551:11: warning: [GHC-68441] [-Wdeprecations]
    In the use of ‘int’ (imported from Text.PrettyPrint.ANSI.Leijen):
    Deprecated: "Compatibility module for users of ansi-wl-pprint - use "Prettyprinter" instead"
    |
551 |         , PP.int (unPid pid)
    |           ^^^^^^

src/Test/StateMachine/Sequential.hs:552:11: warning: [GHC-68441] [-Wdeprecations]
    In the use of ‘string’
    (imported from Text.PrettyPrint.ANSI.Leijen):
    Deprecated: "Compatibility module for users of ansi-wl-pprint - use "Prettyprinter" instead"
    |
552 |         , PP.string " ]"
    |           ^^^^^^^^^

src/Test/StateMachine/Sequential.hs:553:11: warning: [GHC-68441] [-Wdeprecations]
    In the use of ‘line’ (imported from Text.PrettyPrint.ANSI.Leijen):
    Deprecated: "Compatibility module for users of ansi-wl-pprint - use "Prettyprinter" instead"
    |
553 |         , PP.line
    |           ^^^^^^^

src/Test/StateMachine/Sequential.hs:555:16: warning: [GHC-68441] [-Wdeprecations]
    In the use of ‘line’ (imported from Text.PrettyPrint.ANSI.Leijen):
    Deprecated: "Compatibility module for users of ansi-wl-pprint - use "Prettyprinter" instead"
    |
555 |           then PP.line <> PP.string "   " <> tagsDiff seen tags <> PP.line
    |                ^^^^^^^

src/Test/StateMachine/Sequential.hs:555:27: warning: [GHC-68441] [-Wdeprecations]
    In the use of ‘string’
    (imported from Text.PrettyPrint.ANSI.Leijen):
    Deprecated: "Compatibility module for users of ansi-wl-pprint - use "Prettyprinter" instead"
    |
555 |           then PP.line <> PP.string "   " <> tagsDiff seen tags <> PP.line
    |                           ^^^^^^^^^

src/Test/StateMachine/Sequential.hs:555:68: warning: [GHC-68441] [-Wdeprecations]
    In the use of ‘line’ (imported from Text.PrettyPrint.ANSI.Leijen):
    Deprecated: "Compatibility module for users of ansi-wl-pprint - use "Prettyprinter" instead"
    |
555 |           then PP.line <> PP.string "   " <> tagsDiff seen tags <> PP.line
    |                                                                    ^^^^^^^

src/Test/StateMachine/Sequential.hs:556:16: warning: [GHC-68441] [-Wdeprecations]
    In the use of ‘empty’ (imported from Text.PrettyPrint.ANSI.Leijen):
    Deprecated: "Compatibility module for users of ansi-wl-pprint - use "Prettyprinter" instead"
    |
556 |           else PP.empty
    |                ^^^^^^^^

src/Test/StateMachine/Sequential.hs:560:11: warning: [GHC-68441] [-Wdeprecations]
    In the use of ‘line’ (imported from Text.PrettyPrint.ANSI.Leijen):
    Deprecated: "Compatibility module for users of ansi-wl-pprint - use "Prettyprinter" instead"
    |
560 |         [ PP.line
    |           ^^^^^^^

src/Test/StateMachine/Sequential.hs:562:11: warning: [GHC-68441] [-Wdeprecations]
    In the use of ‘line’ (imported from Text.PrettyPrint.ANSI.Leijen):
    Deprecated: "Compatibility module for users of ansi-wl-pprint - use "Prettyprinter" instead"
    |
562 |         , PP.line, PP.line
    |           ^^^^^^^

src/Test/StateMachine/Sequential.hs:562:20: warning: [GHC-68441] [-Wdeprecations]
    In the use of ‘line’ (imported from Text.PrettyPrint.ANSI.Leijen):
    Deprecated: "Compatibility module for users of ansi-wl-pprint - use "Prettyprinter" instead"
    |
562 |         , PP.line, PP.line
    |                    ^^^^^^^

src/Test/StateMachine/Sequential.hs:563:11: warning: [GHC-68441] [-Wdeprecations]
    In the use of ‘string’
    (imported from Text.PrettyPrint.ANSI.Leijen):
    Deprecated: "Compatibility module for users of ansi-wl-pprint - use "Prettyprinter" instead"
    |
563 |         , PP.string "   == "
    |           ^^^^^^^^^

src/Test/StateMachine/Sequential.hs:564:11: warning: [GHC-68441] [-Wdeprecations]
    In the use of ‘string’
    (imported from Text.PrettyPrint.ANSI.Leijen):
    Deprecated: "Compatibility module for users of ansi-wl-pprint - use "Prettyprinter" instead"
    |
564 |         , PP.string (ppShow cmd)
    |           ^^^^^^^^^

src/Test/StateMachine/Sequential.hs:565:11: warning: [GHC-68441] [-Wdeprecations]
    In the use of ‘string’
    (imported from Text.PrettyPrint.ANSI.Leijen):
    Deprecated: "Compatibility module for users of ansi-wl-pprint - use "Prettyprinter" instead"
    |
565 |         , PP.string " ==> "
    |           ^^^^^^^^^

src/Test/StateMachine/Sequential.hs:566:11: warning: [GHC-68441] [-Wdeprecations]
    In the use of ‘string’
    (imported from Text.PrettyPrint.ANSI.Leijen):
    Deprecated: "Compatibility module for users of ansi-wl-pprint - use "Prettyprinter" instead"
    |
566 |         , PP.string (ppShow resp)
    |           ^^^^^^^^^

src/Test/StateMachine/Sequential.hs:567:11: warning: [GHC-68441] [-Wdeprecations]
    In the use of ‘string’
    (imported from Text.PrettyPrint.ANSI.Leijen):
    Deprecated: "Compatibility module for users of ansi-wl-pprint - use "Prettyprinter" instead"
    |
567 |         , PP.string " [ "
    |           ^^^^^^^^^

src/Test/StateMachine/Sequential.hs:568:11: warning: [GHC-68441] [-Wdeprecations]
    In the use of ‘int’ (imported from Text.PrettyPrint.ANSI.Leijen):
    Deprecated: "Compatibility module for users of ansi-wl-pprint - use "Prettyprinter" instead"
    |
568 |         , PP.int (unPid pid)
    |           ^^^^^^

src/Test/StateMachine/Sequential.hs:569:11: warning: [GHC-68441] [-Wdeprecations]
    In the use of ‘string’
    (imported from Text.PrettyPrint.ANSI.Leijen):
    Deprecated: "Compatibility module for users of ansi-wl-pprint - use "Prettyprinter" instead"
    |
569 |         , PP.string " ]"
    |           ^^^^^^^^^

src/Test/StateMachine/Sequential.hs:570:11: warning: [GHC-68441] [-Wdeprecations]
    In the use of ‘line’ (imported from Text.PrettyPrint.ANSI.Leijen):
    Deprecated: "Compatibility module for users of ansi-wl-pprint - use "Prettyprinter" instead"
    |
570 |         , PP.line
    |           ^^^^^^^

src/Test/StateMachine/Sequential.hs:572:16: warning: [GHC-68441] [-Wdeprecations]
    In the use of ‘line’ (imported from Text.PrettyPrint.ANSI.Leijen):
    Deprecated: "Compatibility module for users of ansi-wl-pprint - use "Prettyprinter" instead"
    |
572 |           then PP.line <> PP.string "   " <> tagsDiff seen tags <> PP.line
    |                ^^^^^^^

src/Test/StateMachine/Sequential.hs:572:27: warning: [GHC-68441] [-Wdeprecations]
    In the use of ‘string’
    (imported from Text.PrettyPrint.ANSI.Leijen):
    Deprecated: "Compatibility module for users of ansi-wl-pprint - use "Prettyprinter" instead"
    |
572 |           then PP.line <> PP.string "   " <> tagsDiff seen tags <> PP.line
    |                           ^^^^^^^^^

src/Test/StateMachine/Sequential.hs:572:68: warning: [GHC-68441] [-Wdeprecations]
    In the use of ‘line’ (imported from Text.PrettyPrint.ANSI.Leijen):
    Deprecated: "Compatibility module for users of ansi-wl-pprint - use "Prettyprinter" instead"
    |
572 |           then PP.line <> PP.string "   " <> tagsDiff seen tags <> PP.line
    |                                                                    ^^^^^^^

src/Test/StateMachine/Sequential.hs:573:16: warning: [GHC-68441] [-Wdeprecations]
    In the use of ‘empty’ (imported from Text.PrettyPrint.ANSI.Leijen):
    Deprecated: "Compatibility module for users of ansi-wl-pprint - use "Prettyprinter" instead"
    |
573 |           else PP.empty
    |                ^^^^^^^^
[22 of 26] Compiling Test.StateMachine.Parallel

src/Test/StateMachine/Parallel.hs:106:1: warning: [-Wdeprecations]
    Module ‘Text.PrettyPrint.ANSI.Leijen’ is deprecated:
      "Compatibility module for users of ansi-wl-pprint - use \"Prettyprinter\" instead"
    |
106 | import           Text.PrettyPrint.ANSI.Leijen
    | ^^^^^^^^^^^^^^^^^^^^^^^^^^^^^^^^^^^^^^^^^^^^^...

src/Test/StateMachine/Parallel.hs:123:1: warning: [-Wdeprecations]
    Module ‘Text.PrettyPrint.ANSI.Leijen’ is deprecated:
      "Compatibility module for users of ansi-wl-pprint - use \"Prettyprinter\" instead"
    |
123 | import qualified Text.PrettyPrint.ANSI.Leijen as PP
    | ^^^^^^^^^^^^^^^^^^^^^^^^^^^^^^^^^^^^^^^^^^^^^^^^^^^

src/Test/StateMachine/Parallel.hs:819:9: warning: [GHC-68441] [-Wdeprecations]
    In the use of ‘putDoc’
    (imported from Text.PrettyPrint.ANSI.Leijen):
    Deprecated: "Compatibility module for users of ansi-wl-pprint - use "Prettyprinter" instead"
    |
819 |         PP.putDoc $
    |         ^^^^^^^^^

src/Test/StateMachine/Parallel.hs:821:14: warning: [GHC-68441] [-Wdeprecations]
    In the use of ‘line’ (imported from Text.PrettyPrint.ANSI.Leijen):
    Deprecated: "Compatibility module for users of ansi-wl-pprint - use "Prettyprinter" instead"
    |
821 |            [ PP.line
    |              ^^^^^^^

src/Test/StateMachine/Parallel.hs:822:14: warning: [GHC-68441] [-Wdeprecations]
    In the use of ‘string’
    (imported from Text.PrettyPrint.ANSI.Leijen):
    Deprecated: "Compatibility module for users of ansi-wl-pprint - use "Prettyprinter" instead"
    |
822 |            , PP.string (show $ toBoxDrawings cmds hist')
    |              ^^^^^^^^^

src/Test/StateMachine/Parallel.hs:823:14: warning: [GHC-68441] [-Wdeprecations]
    In the use of ‘string’
    (imported from Text.PrettyPrint.ANSI.Leijen):
    Deprecated: "Compatibility module for users of ansi-wl-pprint - use "Prettyprinter" instead"
    |
823 |            , PP.string (show $ simplify ce)
    |              ^^^^^^^^^

src/Test/StateMachine/Parallel.hs:824:14: warning: [GHC-68441] [-Wdeprecations]
    In the use of ‘line’ (imported from Text.PrettyPrint.ANSI.Leijen):
    Deprecated: "Compatibility module for users of ansi-wl-pprint - use "Prettyprinter" instead"
    |
824 |            , PP.line
    |              ^^^^^^^

src/Test/StateMachine/Parallel.hs:825:14: warning: [GHC-68441] [-Wdeprecations]
    In the use of ‘line’ (imported from Text.PrettyPrint.ANSI.Leijen):
    Deprecated: "Compatibility module for users of ansi-wl-pprint - use "Prettyprinter" instead"
    |
825 |            , PP.line
    |              ^^^^^^^

src/Test/StateMachine/Parallel.hs:826:14: warning: [GHC-68441] [-Wdeprecations]
    In the use of ‘string’
    (imported from Text.PrettyPrint.ANSI.Leijen):
    Deprecated: "Compatibility module for users of ansi-wl-pprint - use "Prettyprinter" instead"
    |
826 |            , PP.string $
    |              ^^^^^^^^^

src/Test/StateMachine/Parallel.hs:830:14: warning: [GHC-68441] [-Wdeprecations]
    In the use of ‘line’ (imported from Text.PrettyPrint.ANSI.Leijen):
    Deprecated: "Compatibility module for users of ansi-wl-pprint - use "Prettyprinter" instead"
    |
830 |            , PP.line
    |              ^^^^^^^

src/Test/StateMachine/Parallel.hs:869:9: warning: [GHC-68441] [-Wdeprecations]
    In the use of ‘putDoc’
    (imported from Text.PrettyPrint.ANSI.Leijen):
    Deprecated: "Compatibility module for users of ansi-wl-pprint - use "Prettyprinter" instead"
    |
869 |         PP.putDoc $
    |         ^^^^^^^^^

src/Test/StateMachine/Parallel.hs:871:14: warning: [GHC-68441] [-Wdeprecations]
    In the use of ‘line’ (imported from Text.PrettyPrint.ANSI.Leijen):
    Deprecated: "Compatibility module for users of ansi-wl-pprint - use "Prettyprinter" instead"
    |
871 |            [ PP.line
    |              ^^^^^^^

src/Test/StateMachine/Parallel.hs:872:14: warning: [GHC-68441] [-Wdeprecations]
    In the use of ‘string’
    (imported from Text.PrettyPrint.ANSI.Leijen):
    Deprecated: "Compatibility module for users of ansi-wl-pprint - use "Prettyprinter" instead"
    |
872 |            , PP.string (show $ simplify ce)
    |              ^^^^^^^^^

src/Test/StateMachine/Parallel.hs:873:14: warning: [GHC-68441] [-Wdeprecations]
    In the use of ‘line’ (imported from Text.PrettyPrint.ANSI.Leijen):
    Deprecated: "Compatibility module for users of ansi-wl-pprint - use "Prettyprinter" instead"
    |
873 |            , PP.line
    |              ^^^^^^^

src/Test/StateMachine/Parallel.hs:874:14: warning: [GHC-68441] [-Wdeprecations]
    In the use of ‘line’ (imported from Text.PrettyPrint.ANSI.Leijen):
    Deprecated: "Compatibility module for users of ansi-wl-pprint - use "Prettyprinter" instead"
    |
874 |            , PP.line
    |              ^^^^^^^

src/Test/StateMachine/Parallel.hs:875:14: warning: [GHC-68441] [-Wdeprecations]
    In the use of ‘string’
    (imported from Text.PrettyPrint.ANSI.Leijen):
    Deprecated: "Compatibility module for users of ansi-wl-pprint - use "Prettyprinter" instead"
    |
875 |            , PP.string $
    |              ^^^^^^^^^

src/Test/StateMachine/Parallel.hs:879:14: warning: [GHC-68441] [-Wdeprecations]
    In the use of ‘line’ (imported from Text.PrettyPrint.ANSI.Leijen):
    Deprecated: "Compatibility module for users of ansi-wl-pprint - use "Prettyprinter" instead"
    |
879 |            , PP.line
    |              ^^^^^^^

src/Test/StateMachine/Parallel.hs:899:67: warning: [GHC-68441] [-Wdeprecations]
    In the use of type constructor or class ‘Doc’
    (imported from Text.PrettyPrint.ANSI.Leijen):
    Deprecated: "Compatibility module for users of ansi-wl-pprint - use "Prettyprinter" instead"
    |
899 |               => ParallelCommands cmd resp -> History cmd resp -> Doc
    |                                                                   ^^^

src/Test/StateMachine/Parallel.hs:905:55: warning: [GHC-68441] [-Wdeprecations]
    In the use of type constructor or class ‘Doc’
    (imported from Text.PrettyPrint.ANSI.Leijen):
    Deprecated: "Compatibility module for users of ansi-wl-pprint - use "Prettyprinter" instead"
    |
905 |     toBoxDrawings'' :: Set Var -> History cmd resp -> Doc
    |                                                       ^^^

src/Test/StateMachine/Parallel.hs:908:12: warning: [GHC-68441] [-Wdeprecations]
    In the use of ‘line’ (imported from Text.PrettyPrint.ANSI.Leijen):
    Deprecated: "Compatibility module for users of ansi-wl-pprint - use "Prettyprinter" instead"
    |
908 |          , PP.line
    |            ^^^^^^^

src/Test/StateMachine/Parallel.hs:909:12: warning: [GHC-68441] [-Wdeprecations]
    In the use of ‘line’ (imported from Text.PrettyPrint.ANSI.Leijen):
    Deprecated: "Compatibility module for users of ansi-wl-pprint - use "Prettyprinter" instead"
    |
909 |          , PP.line
    |            ^^^^^^^

src/Test/StateMachine/Parallel.hs:943:41: warning: [GHC-68441] [-Wdeprecations]
    In the use of type constructor or class ‘Doc’
    (imported from Text.PrettyPrint.ANSI.Leijen):
    Deprecated: "Compatibility module for users of ansi-wl-pprint - use "Prettyprinter" instead"
    |
943 |         ppException :: (Int, String) -> Doc
    |                                         ^^^

src/Test/StateMachine/Parallel.hs:945:12: warning: [GHC-68441] [-Wdeprecations]
    In the use of ‘string’
    (imported from Text.PrettyPrint.ANSI.Leijen):
    Deprecated: "Compatibility module for users of ansi-wl-pprint - use "Prettyprinter" instead"
    |
945 |          [ PP.string $ "Exception " <> show idx <> ":"
    |            ^^^^^^^^^

src/Test/StateMachine/Parallel.hs:946:12: warning: [GHC-68441] [-Wdeprecations]
    In the use of ‘line’ (imported from Text.PrettyPrint.ANSI.Leijen):
    Deprecated: "Compatibility module for users of ansi-wl-pprint - use "Prettyprinter" instead"
    |
946 |          , PP.line
    |            ^^^^^^^

src/Test/StateMachine/Parallel.hs:947:12: warning: [GHC-68441] [-Wdeprecations]
    In the use of ‘indent’
    (imported from Text.PrettyPrint.ANSI.Leijen):
    Deprecated: "Compatibility module for users of ansi-wl-pprint - use "Prettyprinter" instead"
    |
947 |          , PP.indent 2 $ PP.string err
    |            ^^^^^^^^^

src/Test/StateMachine/Parallel.hs:947:26: warning: [GHC-68441] [-Wdeprecations]
    In the use of ‘string’
    (imported from Text.PrettyPrint.ANSI.Leijen):
    Deprecated: "Compatibility module for users of ansi-wl-pprint - use "Prettyprinter" instead"
    |
947 |          , PP.indent 2 $ PP.string err
    |                          ^^^^^^^^^

src/Test/StateMachine/Parallel.hs:948:12: warning: [GHC-68441] [-Wdeprecations]
    In the use of ‘line’ (imported from Text.PrettyPrint.ANSI.Leijen):
    Deprecated: "Compatibility module for users of ansi-wl-pprint - use "Prettyprinter" instead"
    |
948 |          , PP.line
    |            ^^^^^^^

src/Test/StateMachine/Parallel.hs:949:12: warning: [GHC-68441] [-Wdeprecations]
    In the use of ‘line’ (imported from Text.PrettyPrint.ANSI.Leijen):
    Deprecated: "Compatibility module for users of ansi-wl-pprint - use "Prettyprinter" instead"
    |
949 |          , PP.line
    |            ^^^^^^^
[23 of 26] Compiling Test.StateMachine
[24 of 26] Compiling Test.StateMachine.Lockstep.NAry
[25 of 26] Compiling Test.StateMachine.Lockstep.Simple
[26 of 26] Compiling Test.StateMachine.Z
Configuring test suite 'test' for quickcheck-state-machine-0.8.0...
Preprocessing test suite 'test' for quickcheck-state-machine-0.8.0...
Building test suite 'test' for quickcheck-state-machine-0.8.0...
[ 1 of 19] Compiling Bookstore
[ 2 of 19] Compiling CircularBuffer

test/CircularBuffer.hs:37:1: warning: [-Wunused-imports]
    The import of ‘Control.Applicative’ is redundant
      except perhaps to import instances from ‘Control.Applicative’
    To import instances alone, use: import Control.Applicative()
   |
37 | import           Control.Applicative
   | ^^^^^^^^^^^^^^^^^^^^^^^^^^^^^^^^^^^^...
[ 3 of 19] Compiling Cleanup
[ 4 of 19] Compiling CrudWebserverDb
[ 5 of 19] Compiling DieHard
[ 6 of 19] Compiling Echo
[ 7 of 19] Compiling ErrorEncountered
[ 8 of 19] Compiling Hanoi
[ 9 of 19] Compiling IORefs
[10 of 19] Compiling MemoryReference
[11 of 19] Compiling Mock
[12 of 19] Compiling Overflow
[13 of 19] Compiling ProcessRegistry

test/ProcessRegistry.hs:219:1: warning: [-Wunused-top-binds]
    Defined but not used: ‘constructor’
    |
219 | constructor act = case act of
    | ^^^^^^^^^^^

test/ProcessRegistry.hs:364:1: warning: [-Wunused-top-binds]
    Defined but not used: ‘partition’
    |
364 | partition Model {..}
    | ^^^^^^^^^

test/ProcessRegistry.hs:371:1: warning: [-Wunused-top-binds]
    Defined but not used: ‘sinkState’
    |
371 | sinkState = (== Stop)
    | ^^^^^^^^^

test/ProcessRegistry.hs:385:1: warning: [-Wunused-top-binds]
    Defined but not used: ‘genSpawn’
    |
385 | genSpawn        _model = return Spawn
    | ^^^^^^^^

test/ProcessRegistry.hs:386:1: warning: [-Wunused-top-binds]
    Defined but not used: ‘genKill’
    |
386 | genKill          model = Kill        <$> elements (pids model)
    | ^^^^^^^

test/ProcessRegistry.hs:387:1: warning: [-Wunused-top-binds]
    Defined but not used: ‘genRegister’
    |
387 | genRegister      model = Register    <$> arbitrary <*> elements (pids model \\ killed model)
    | ^^^^^^^^^^^

test/ProcessRegistry.hs:388:1: warning: [-Wunused-top-binds]
    Defined but not used: ‘genBadRegister’
    |
388 | genBadRegister   model = BadRegister <$> arbitrary <*> elements (pids model ++ killed model)
    | ^^^^^^^^^^^^^^

test/ProcessRegistry.hs:389:1: warning: [-Wunused-top-binds]
    Defined but not used: ‘genUnregister’
    |
389 | genUnregister    model = Unregister  <$> elements (Map.keys (registry model))
    | ^^^^^^^^^^^^^

test/ProcessRegistry.hs:390:1: warning: [-Wunused-top-binds]
    Defined but not used: ‘genBadUnregister’
    |
390 | genBadUnregister model = BadUnregister <$> elements (allNames \\ Map.keys (registry model))
    | ^^^^^^^^^^^^^^^^

test/ProcessRegistry.hs:391:1: warning: [-Wunused-top-binds]
    Defined but not used: ‘genWhereIs’
    |
391 | genWhereIs       model = WhereIs       <$> elements (Map.keys (registry model))
    | ^^^^^^^^^^

test/ProcessRegistry.hs:392:1: warning: [-Wunused-top-binds]
    Defined but not used: ‘genExit’
    |
392 | genExit         _model = return Exit
    | ^^^^^^^

test/ProcessRegistry.hs:395:1: warning: [-Wunused-top-binds]
    Defined but not used: ‘gens’
    |
395 | gens = Map.fromList
    | ^^^^
[14 of 19] Compiling Schema
[15 of 19] Compiling SQLite

test/SQLite.hs:463:37: error:
    Ambiguous occurrence ‘open'’
    It could refer to
       either ‘Database.Sqlite.open'’,
              imported from ‘Database.Sqlite’ at test/SQLite.hs:(49,1)-(50,25)
           or ‘SQLite.open'’, defined at test/SQLite.hs:473:1
    |
463 |     liftIO $ asyncQueueBound 1000 $ open' str logFunc
    |                                     ^^^^^
[16 of 19] Compiling ShrinkingProps
[17 of 19] Compiling TicketDispenser
[18 of 19] Compiling UnionFind
Error: [Cabal-7125]
Failed to build test:test from quickcheck-state-machine-0.8.0.

