Build profile: -w ghc-9.6.6 -O1
In order, the following will be built (use -v for more details):
 - glib-stopgap-0.1.0.0 (lib) (first run)
 - glib-stopgap-0.1.0.0 (test:glib-stopgap-test) (first run)
Configuring library for glib-stopgap-0.1.0.0...
Preprocessing library for glib-stopgap-0.1.0.0...
Building library for glib-stopgap-0.1.0.0...
[ 1 of 11] Compiling Foreign.Ptr.Misc
[ 2 of 11] Compiling Paths_glib_stopgap
[ 3 of 11] Compiling System.GLib.Bool
[ 4 of 11] Compiling System.GLib.DoublyLinkedLists
[ 5 of 11] Compiling System.GLib.GObject
[ 6 of 11] Compiling System.GLib.Pointerable
[ 7 of 11] Compiling System.GLib.Quarks.Internal
[ 8 of 11] Compiling System.GLib.Quarks
[ 9 of 11] Compiling System.GLib.ErrorReporting
[10 of 11] Compiling System.GLib.SimpleXmlSubsetParser

src/System/GLib/SimpleXmlSubsetParser.hsc:69:1: warning: [-Wunused-top-binds]
    Defined but not used: ‘unGMarkupError’
   |
69 | enum "GMarkupError" ''#{type GMarkupError} [''Show] [
   | ^^^^^^^^^^^^^^^^^^^^^^^^^^^^^^^^^^^^^^^^^^^^^^^^^^^^^...
[11 of 11] Compiling System.GLib.SinglyLinkedLists
Configuring test suite 'glib-stopgap-test' for glib-stopgap-0.1.0.0...
Preprocessing test suite 'glib-stopgap-test' for glib-stopgap-0.1.0.0...
Building test suite 'glib-stopgap-test' for glib-stopgap-0.1.0.0...
[1 of 2] Compiling Main
[2 of 2] Compiling Paths_glib_stopgap
[3 of 3] Linking /tmp/workdir-glib-stopgap/glib-stopgap-0.1.0.0/dist-newstyle/build/x86_64-linux/ghc-9.6.6/glib-stopgap-0.1.0.0/t/glib-stopgap-test/build/glib-stopgap-test/glib-stopgap-test
/tmp/workdir-glib-stopgap/glib-stopgap-0.1.0.0/dist-newstyle/build/x86_64-linux/ghc-9.6.6/glib-stopgap-0.1.0.0/build/libHSglib-stopgap-0.1.0.0-inplace-ghc9.6.6.so: error: undefined reference to 'g_object_unref'
collect2: error: ld returned 1 exit status
ghc-9.6.6: `gcc' failed in phase `Linker'. (Exit code: 1)
Error: [Cabal-7125]
Failed to build test:glib-stopgap-test from glib-stopgap-0.1.0.0.

