Build profile: -w ghc-9.6.6 -O1
In order, the following will be built (use -v for more details):
 - wai-app-static-3.1.9 (lib) (first run)
 - wai-app-static-3.1.9 (exe:warp) (first run)
 - wai-app-static-3.1.9 (test:runtests) (first run)
Configuring library for wai-app-static-3.1.9...
Preprocessing library for wai-app-static-3.1.9...
Building library for wai-app-static-3.1.9...
[1 of 9] Compiling WaiAppStatic.Types
[2 of 9] Compiling Util
[3 of 9] Compiling WaiAppStatic.Listing
[4 of 9] Compiling WaiAppStatic.Storage.Filesystem
[5 of 9] Compiling WaiAppStatic.Storage.Embedded.TH
[6 of 9] Compiling WaiAppStatic.Storage.Embedded.Runtime
[7 of 9] Compiling WaiAppStatic.Storage.Embedded
[8 of 9] Compiling Network.Wai.Application.Static
[9 of 9] Compiling WaiAppStatic.CmdLine
Configuring executable 'warp' for wai-app-static-3.1.9...
Preprocessing executable 'warp' for wai-app-static-3.1.9...
Building executable 'warp' for wai-app-static-3.1.9...
[1 of 1] Compiling Main
[2 of 2] Linking /tmp/workdir-wai-app-static/wai-app-static-3.1.9/dist-newstyle/build/x86_64-linux/ghc-9.6.6/wai-app-static-3.1.9/x/warp/build/warp/warp
Configuring test suite 'runtests' for wai-app-static-3.1.9...
Preprocessing test suite 'runtests' for wai-app-static-3.1.9...
Building test suite 'runtests' for wai-app-static-3.1.9...
[1 of 4] Compiling EmbeddedTestEntries
[2 of 4] Compiling WaiAppEmbeddedTest
[3 of 4] Compiling WaiAppStaticTest
[4 of 4] Compiling Main
[5 of 5] Linking /tmp/workdir-wai-app-static/wai-app-static-3.1.9/dist-newstyle/build/x86_64-linux/ghc-9.6.6/wai-app-static-3.1.9/t/runtests/build/runtests/runtests
