Build profile: -w ghc-9.6.6 -O1
In order, the following will be built (use -v for more details):
 - shake-0.19.8 (lib) (first run)
 - shake-0.19.8 (exe:shake) (first run)
 - shake-0.19.8 (test:shake-test) (first run)
Configuring library for shake-0.19.8...
Preprocessing library for shake-0.19.8...
Building library for shake-0.19.8...
[ 1 of 73] Compiling Development.Ninja.Env
[ 2 of 73] Compiling Development.Ninja.Type
[ 3 of 73] Compiling Development.Ninja.Lexer
[ 4 of 73] Compiling Development.Shake.Classes
[ 5 of 73] Compiling Development.Shake.FilePath
[ 6 of 73] Compiling Development.Shake.Internal.CmdOption
[ 7 of 73] Compiling Development.Shake.Internal.History.Bloom
[ 8 of 73] Compiling Development.Shake.Internal.History.Network
[ 9 of 73] Compiling Development.Shake.Internal.History.Types
[10 of 73] Compiling General.Bilist
[11 of 73] Compiling General.Binary
[12 of 73] Compiling Development.Shake.Internal.FileName
[13 of 73] Compiling General.Cleanup
[14 of 73] Compiling General.EscCodes
[15 of 73] Compiling General.Extra
[16 of 73] Compiling Development.Shake.Internal.History.Symlink
[17 of 73] Compiling Development.Shake.Internal.Errors
[18 of 73] Compiling Development.Shake.Internal.Value
[19 of 73] Compiling Development.Shake.Internal.FilePattern
[20 of 73] Compiling Development.Shake.Internal.Options
[21 of 73] Compiling Development.Shake.Internal.FileInfo
[22 of 73] Compiling Development.Shake.Internal.Core.Monad
[23 of 73] Compiling Development.Ninja.Parse
[24 of 73] Compiling General.Fence
[25 of 73] Compiling General.FileLock
[26 of 73] Compiling General.GetOpt
[27 of 73] Compiling General.Intern
[28 of 73] Compiling General.Ids
[29 of 73] Compiling Development.Shake.Internal.History.Serialise
[30 of 73] Compiling Development.Shake.Internal.History.Server
[31 of 73] Compiling Development.Shake.Internal.Core.Database
[32 of 73] Compiling General.ListBuilder
[33 of 73] Compiling General.Makefile
[34 of 73] Compiling General.Process
[35 of 73] Compiling General.Thread
[36 of 73] Compiling General.Chunks
[37 of 73] Compiling General.Timing
[38 of 73] Compiling General.Pool
[39 of 73] Compiling Development.Shake.Internal.Core.Storage
[40 of 73] Compiling General.TypeMap
[41 of 73] Compiling General.Wait
[42 of 73] Compiling Development.Shake.Internal.History.Shared
[43 of 73] Compiling Development.Shake.Internal.History.Cloud
[44 of 73] Compiling Development.Shake.Internal.Core.Types
[45 of 73] Compiling Development.Shake.Internal.Core.Rules
[46 of 73] Compiling Development.Shake.Internal.Core.Pool
[47 of 73] Compiling Development.Shake.Internal.Core.Action
[48 of 73] Compiling Development.Shake.Internal.Resource
[49 of 73] Compiling Development.Shake.Internal.Core.Build
[50 of 73] Compiling Development.Shake.Rule
[51 of 73] Compiling Development.Shake.Internal.Rules.Rerun
[52 of 73] Compiling Development.Shake.Internal.Rules.Oracle
[53 of 73] Compiling Development.Shake.Internal.Rules.File
[54 of 73] Compiling Development.Shake.Internal.Rules.OrderOnly
[55 of 73] Compiling Development.Shake.Internal.Rules.Files
[56 of 73] Compiling Development.Shake.Internal.Derived
[57 of 73] Compiling Development.Shake.Command
[58 of 73] Compiling Development.Shake.Internal.Rules.Directory
[59 of 73] Compiling Development.Shake.Internal.Rules.Default
[60 of 73] Compiling Paths_shake
[61 of 73] Compiling Development.Shake.Internal.Paths
[62 of 73] Compiling General.Template
[63 of 73] Compiling Development.Shake.Internal.Progress
[64 of 73] Compiling Development.Shake.Internal.CompactUI
[65 of 73] Compiling Development.Shake.Internal.Profile
[66 of 73] Compiling Development.Shake.Internal.Core.Run
[67 of 73] Compiling Development.Shake.Database
[68 of 73] Compiling Development.Shake.Internal.Demo
[69 of 73] Compiling Development.Shake.Internal.Args
[70 of 73] Compiling Development.Shake
[71 of 73] Compiling Development.Shake.Util
[72 of 73] Compiling Development.Shake.Forward
[73 of 73] Compiling Development.Shake.Config
Configuring executable 'shake' for shake-0.19.8...
Preprocessing executable 'shake' for shake-0.19.8...
Building executable 'shake' for shake-0.19.8...
[ 1 of 71] Compiling Development.Ninja.Env
[ 2 of 71] Compiling Development.Ninja.Type
[ 3 of 71] Compiling Development.Ninja.Lexer
[ 4 of 71] Compiling Development.Shake.Classes
[ 5 of 71] Compiling Development.Shake.FilePath
[ 6 of 71] Compiling Development.Shake.Internal.CmdOption
[ 7 of 71] Compiling Development.Shake.Internal.History.Bloom
[ 8 of 71] Compiling Development.Shake.Internal.History.Network
[ 9 of 71] Compiling Development.Shake.Internal.History.Types
[10 of 71] Compiling General.Bilist
[11 of 71] Compiling General.Binary
[12 of 71] Compiling Development.Shake.Internal.FileName
[13 of 71] Compiling General.Cleanup
[14 of 71] Compiling General.EscCodes
[15 of 71] Compiling General.Extra
[16 of 71] Compiling Development.Shake.Internal.History.Symlink
[17 of 71] Compiling Development.Shake.Internal.Errors
[18 of 71] Compiling Development.Shake.Internal.Value
[19 of 71] Compiling Development.Shake.Internal.FilePattern
[20 of 71] Compiling Development.Shake.Internal.Options
[21 of 71] Compiling Development.Shake.Internal.FileInfo
[22 of 71] Compiling Development.Shake.Internal.Core.Monad
[23 of 71] Compiling Development.Ninja.Parse
[24 of 71] Compiling General.Fence
[25 of 71] Compiling General.FileLock
[26 of 71] Compiling General.GetOpt
[27 of 71] Compiling General.Intern
[28 of 71] Compiling General.Ids
[29 of 71] Compiling Development.Shake.Internal.History.Serialise
[30 of 71] Compiling Development.Shake.Internal.History.Server
[31 of 71] Compiling Development.Shake.Internal.Core.Database
[32 of 71] Compiling General.ListBuilder
[33 of 71] Compiling General.Makefile
[34 of 71] Compiling General.Process
[35 of 71] Compiling General.Thread
[36 of 71] Compiling General.Chunks
[37 of 71] Compiling General.Timing
[38 of 71] Compiling General.Pool
[39 of 71] Compiling Development.Shake.Internal.Core.Storage
[40 of 71] Compiling General.TypeMap
[41 of 71] Compiling General.Wait
[42 of 71] Compiling Development.Shake.Internal.History.Shared
[43 of 71] Compiling Development.Shake.Internal.History.Cloud
[44 of 71] Compiling Development.Shake.Internal.Core.Types
[45 of 71] Compiling Development.Shake.Internal.Core.Rules
[46 of 71] Compiling Development.Shake.Internal.Core.Pool
[47 of 71] Compiling Development.Shake.Internal.Core.Action
[48 of 71] Compiling Development.Shake.Internal.Resource
[49 of 71] Compiling Development.Shake.Internal.Core.Build
[50 of 71] Compiling Development.Shake.Internal.Rules.Rerun
[51 of 71] Compiling Development.Shake.Internal.Rules.Oracle
[52 of 71] Compiling Development.Shake.Internal.Rules.File
[53 of 71] Compiling Development.Shake.Internal.Rules.OrderOnly
[54 of 71] Compiling Development.Shake.Internal.Rules.Files
[55 of 71] Compiling Development.Shake.Internal.Derived
[56 of 71] Compiling Development.Shake.Command
[57 of 71] Compiling Development.Shake.Internal.Rules.Directory
[58 of 71] Compiling Development.Shake.Internal.Rules.Default
[59 of 71] Compiling Paths_shake
[60 of 71] Compiling Development.Shake.Internal.Paths
[61 of 71] Compiling General.Template
[62 of 71] Compiling Development.Shake.Internal.Progress
[63 of 71] Compiling Development.Shake.Internal.CompactUI
[64 of 71] Compiling Development.Shake.Internal.Profile
[65 of 71] Compiling Development.Shake.Internal.Core.Run
[66 of 71] Compiling Development.Shake.Database
[67 of 71] Compiling Development.Shake.Internal.Demo
[68 of 71] Compiling Development.Shake.Internal.Args
[69 of 71] Compiling Development.Shake
[70 of 71] Compiling Development.Ninja.All
[71 of 71] Compiling Run
[72 of 72] Linking /tmp/workdir-shake/shake-0.19.8/dist-newstyle/build/x86_64-linux/ghc-9.6.6/shake-0.19.8/x/shake/build/shake/shake
Configuring test suite 'shake-test' for shake-0.19.8...
Preprocessing test suite 'shake-test' for shake-0.19.8...
Building test suite 'shake-test' for shake-0.19.8...
[  1 of 126] Compiling Development.Ninja.Env
[  2 of 126] Compiling Development.Ninja.Type
[  3 of 126] Compiling Development.Ninja.Lexer
[  4 of 126] Compiling Development.Shake.Classes
[  5 of 126] Compiling Development.Shake.FilePath
[  6 of 126] Compiling Development.Shake.Internal.CmdOption
[  7 of 126] Compiling Development.Shake.Internal.History.Bloom
[  8 of 126] Compiling Development.Shake.Internal.History.Network
[  9 of 126] Compiling Development.Shake.Internal.History.Types
[ 10 of 126] Compiling General.Bilist
[ 11 of 126] Compiling General.Binary
[ 12 of 126] Compiling Development.Shake.Internal.FileName
[ 13 of 126] Compiling General.Cleanup
[ 14 of 126] Compiling General.EscCodes
[ 15 of 126] Compiling General.Extra
[ 16 of 126] Compiling Development.Shake.Internal.History.Symlink
[ 17 of 126] Compiling Development.Shake.Internal.Errors
[ 18 of 126] Compiling Development.Shake.Internal.Value
[ 19 of 126] Compiling Development.Shake.Internal.FilePattern
[ 20 of 126] Compiling Development.Shake.Internal.Options
[ 21 of 126] Compiling Development.Shake.Internal.FileInfo
[ 22 of 126] Compiling Development.Shake.Internal.Core.Monad
[ 23 of 126] Compiling Development.Ninja.Parse
[ 24 of 126] Compiling General.Fence
[ 25 of 126] Compiling General.FileLock
[ 26 of 126] Compiling General.GetOpt
[ 27 of 126] Compiling General.Intern
[ 28 of 126] Compiling General.Ids
[ 29 of 126] Compiling Development.Shake.Internal.History.Serialise
[ 30 of 126] Compiling Development.Shake.Internal.History.Server
[ 31 of 126] Compiling Development.Shake.Internal.Core.Database
[ 32 of 126] Compiling General.ListBuilder
[ 33 of 126] Compiling General.Makefile
[ 34 of 126] Compiling General.Process
[ 35 of 126] Compiling General.Thread
[ 36 of 126] Compiling General.Chunks
[ 37 of 126] Compiling General.Timing
[ 38 of 126] Compiling General.Pool
[ 39 of 126] Compiling Development.Shake.Internal.Core.Storage
[ 40 of 126] Compiling General.TypeMap
[ 41 of 126] Compiling General.Wait
[ 42 of 126] Compiling Development.Shake.Internal.History.Shared
[ 43 of 126] Compiling Development.Shake.Internal.History.Cloud
[ 44 of 126] Compiling Development.Shake.Internal.Core.Types
[ 45 of 126] Compiling Development.Shake.Internal.Core.Rules
[ 46 of 126] Compiling Development.Shake.Internal.Core.Pool
[ 47 of 126] Compiling Development.Shake.Internal.Core.Action
[ 48 of 126] Compiling Development.Shake.Internal.Resource
[ 49 of 126] Compiling Development.Shake.Internal.Core.Build
[ 50 of 126] Compiling Development.Shake.Rule
[ 51 of 126] Compiling Development.Shake.Internal.Rules.Rerun
[ 52 of 126] Compiling Development.Shake.Internal.Rules.Oracle
[ 53 of 126] Compiling Development.Shake.Internal.Rules.File
[ 54 of 126] Compiling Development.Shake.Internal.Rules.OrderOnly
[ 55 of 126] Compiling Development.Shake.Internal.Rules.Files
[ 56 of 126] Compiling Development.Shake.Internal.Derived
[ 57 of 126] Compiling Development.Shake.Command
[ 58 of 126] Compiling Development.Shake.Internal.Rules.Directory
[ 59 of 126] Compiling Development.Shake.Internal.Rules.Default
[ 60 of 126] Compiling Paths_shake
[ 61 of 126] Compiling Development.Shake.Internal.Paths
[ 62 of 126] Compiling General.Template
[ 63 of 126] Compiling Development.Shake.Internal.Progress
[ 64 of 126] Compiling Development.Shake.Internal.CompactUI
[ 65 of 126] Compiling Development.Shake.Internal.Profile
[ 66 of 126] Compiling Development.Shake.Internal.Core.Run
[ 67 of 126] Compiling Development.Shake.Database
[ 68 of 126] Compiling Development.Shake.Internal.Demo
[ 69 of 126] Compiling Development.Shake.Internal.Args
[ 70 of 126] Compiling Development.Shake
[ 71 of 126] Compiling Development.Shake.Util
[ 72 of 126] Compiling Development.Shake.Forward
[ 73 of 126] Compiling Development.Shake.Config
[ 74 of 126] Compiling Development.Ninja.All
[ 75 of 126] Compiling Run
[ 76 of 126] Compiling Test.Existence
[ 77 of 126] Compiling Test.Type
[ 78 of 126] Compiling Test.Tup
[ 79 of 126] Compiling Test.Thread
[ 80 of 126] Compiling Test.Targets
[ 81 of 126] Compiling Test.Tar
[ 82 of 126] Compiling Test.Self
[ 83 of 126] Compiling Test.SelfMake
[ 84 of 126] Compiling Test.Resources
[ 85 of 126] Compiling Test.Reschedule
[ 86 of 126] Compiling Test.Rebuild
[ 87 of 126] Compiling Test.Random
[ 88 of 126] Compiling Test.Progress
[ 89 of 126] Compiling Test.Pool
[ 90 of 126] Compiling Test.Parallel
[ 91 of 126] Compiling Test.OrderOnly
[ 92 of 126] Compiling Test.Oracle
[ 93 of 126] Compiling Test.Ninja
[ 94 of 126] Compiling Test.Monad
[ 95 of 126] Compiling Test.Match
[ 96 of 126] Compiling Test.Manual
[ 97 of 126] Compiling Test.Live
[ 98 of 126] Compiling Test.Lint
[ 99 of 126] Compiling Test.Journal
[100 of 126] Compiling Test.History
[101 of 126] Compiling Test.Forward
[102 of 126] Compiling Test.Files
[103 of 126] Compiling Test.FilePattern
[104 of 126] Compiling Test.FilePath
[105 of 126] Compiling Test.FileLock
[106 of 126] Compiling Test.Errors
[107 of 126] Compiling Test.Docs
[108 of 126] Compiling Test.Directory
[109 of 126] Compiling Test.Digest
[110 of 126] Compiling Test.Database
[111 of 126] Compiling Test.Config
[112 of 126] Compiling Test.Command
[113 of 126] Compiling Test.CloseFileHandles
[114 of 126] Compiling Test.Cleanup
[115 of 126] Compiling Test.Cache
[116 of 126] Compiling Test.C
[117 of 126] Compiling Test.BuiltinOverride
[118 of 126] Compiling Test.Builtin
[119 of 126] Compiling Test.Benchmark
[120 of 126] Compiling Test.Batch
[121 of 126] Compiling Test.Basic
[122 of 126] Compiling Test.Unicode
[123 of 126] Compiling Test.Util
[124 of 126] Compiling Test.Verbosity
[125 of 126] Compiling Test.Version
[126 of 126] Compiling Test
[127 of 127] Linking /tmp/workdir-shake/shake-0.19.8/dist-newstyle/build/x86_64-linux/ghc-9.6.6/shake-0.19.8/t/shake-test/build/shake-test/shake-test
