Resolving dependencies...
Build profile: -w ghc-9.6.6 -O1
In order, the following will be built (use -v for more details):
 - amqp-0.22.2 (lib) (requires build)
 - filepath-bytestring-1.4.100.3.2 (lib) (requires build)
 - hinotify-0.4.1 (lib) (requires build)
 - magic-1.1 (lib:magic) (requires build)
 - rawfilepath-1.1.1 (lib) (requires build)
Starting     filepath-bytestring-1.4.100.3.2 (lib)
Starting     magic-1.1 (all, legacy fallback: cabal-version is less than 1.8)
Starting     hinotify-0.4.1 (lib)
Starting     amqp-0.22.2 (lib)
Building     magic-1.1 (all, legacy fallback: cabal-version is less than 1.8)
Building     filepath-bytestring-1.4.100.3.2 (lib)
Building     amqp-0.22.2 (lib)
Building     hinotify-0.4.1 (lib)
Installing   magic-1.1 (all, legacy fallback: cabal-version is less than 1.8)
Completed    magic-1.1 (all, legacy fallback: cabal-version is less than 1.8)
Starting     rawfilepath-1.1.1 (lib)
Building     rawfilepath-1.1.1 (lib)
Installing   hinotify-0.4.1 (lib)
Completed    hinotify-0.4.1 (lib)
Installing   filepath-bytestring-1.4.100.3.2 (lib)
Completed    filepath-bytestring-1.4.100.3.2 (lib)
Installing   rawfilepath-1.1.1 (lib)
Completed    rawfilepath-1.1.1 (lib)
Installing   amqp-0.22.2 (lib)
Completed    amqp-0.22.2 (lib)
