Build profile: -w ghc-9.6.6 -O1
In order, the following will be built (use -v for more details):
 - buffer-builder-0.2.4.8 (lib) (first run)
 - buffer-builder-0.2.4.8 (test:tinyjson2) (first run)
 - buffer-builder-0.2.4.8 (test:tinyjson) (first run)
 - buffer-builder-0.2.4.8 (test:tests) (first run)
Configuring library for buffer-builder-0.2.4.8...
Preprocessing library for buffer-builder-0.2.4.8...
Building library for buffer-builder-0.2.4.8...
[1 of 3] Compiling Data.BufferBuilder

src/Data/BufferBuilder.hs:66:1: warning: [-Wunused-imports]
    The import of ‘Control.Applicative’ is redundant
      except perhaps to import instances from ‘Control.Applicative’
    To import instances alone, use: import Control.Applicative()
   |
66 | import Control.Applicative (Applicative(..), pure)
   | ^^^^^^^^^^^^^^^^^^^^^^^^^^^^^^^^^^^^^^^^^^^^^^^^^^

src/Data/BufferBuilder.hs:68:1: warning: [-Wunused-imports]
    The import of ‘Control.Monad’ is redundant
      except perhaps to import instances from ‘Control.Monad’
    To import instances alone, use: import Control.Monad()
   |
68 | import Control.Monad (when)
   | ^^^^^^^^^^^^^^^^^^^^^^^^^^^

src/Data/BufferBuilder.hs:99:1: warning: [-Wunused-top-binds]
    Defined but not used: ‘bw_append_json_escaped_utf16’
   |
99 | foreign import ccall unsafe "bw_append_json_escaped_utf16" bw_append_json_escaped_utf16 :: Handle -> Int -> Ptr Word16 -> IO ()
   | ^^^^^^^^^^^^^^^^^^^^^^^^^^^^^^^^^^^^^^^^^^^^^^^^^^^^^^^^^^^^^^^^^^^^^^^^^^^^^^^^^^^^^^^^^^^^^^^^^^^^^^^^^^^^^^^^^^^^^^^^^^^^^^^

src/Data/BufferBuilder.hs:125:5: warning: [-Wnoncanonical-monad-instances]
    Noncanonical ‘return’ definition detected
    in the instance declaration for ‘Monad BufferBuilder’.
    ‘return’ will eventually be removed in favour of ‘pure’
    Either remove definition for ‘return’ (recommended) or define as ‘return = pure’
    See also: https://gitlab.haskell.org/ghc/ghc/-/wikis/proposal/monad-of-no-return
    |
125 |     return = BB . const . return
    |     ^^^^^^^^^^^^^^^^^^^^^^^^^^^^

src/Data/BufferBuilder.hs:354:9: warning: [GHC-21030] [-Wunbanged-strict-patterns]
    Pattern bindings containing unlifted types should use
    an outermost bang pattern:
      ByteArray byteArray = arr
    |
354 |     let ByteArray byteArray = arr
    |         ^^^^^^^^^^^^^^^^^^^^^^^^^
[2 of 3] Compiling Data.BufferBuilder.Utf8

src/Data/BufferBuilder/Utf8.hs:57:1: warning: [-Wunused-imports]
    The import of ‘Control.Applicative’ is redundant
      except perhaps to import instances from ‘Control.Applicative’
    To import instances alone, use: import Control.Applicative()
   |
57 | import Control.Applicative
   | ^^^^^^^^^^^^^^^^^^^^^^^^^^
[3 of 3] Compiling Data.BufferBuilder.Json

src/Data/BufferBuilder/Json.hs:54:23: warning: [-Wunused-imports]
    The import of ‘when’ from module ‘Control.Monad’ is redundant
   |
54 | import Control.Monad (when, forM_)
   |                       ^^^^

src/Data/BufferBuilder/Json.hs:58:1: warning: [-Wunused-imports]
    The import of ‘Data.Monoid’ is redundant
      except perhaps to import instances from ‘Data.Monoid’
    To import instances alone, use: import Data.Monoid()
   |
58 | import Data.Monoid hiding ((<>))
   | ^^^^^^^^^^^^^^^^^^^^^^^^^^^^^^^^

src/Data/BufferBuilder/Json.hs:59:1: warning: [-Wunused-imports]
    The import of ‘Data.Semigroup’ is redundant
      except perhaps to import instances from ‘Data.Semigroup’
    To import instances alone, use: import Data.Semigroup()
   |
59 | import Data.Semigroup
   | ^^^^^^^^^^^^^^^^^^^^^

src/Data/BufferBuilder/Json.hs:61:1: warning: [-Wunused-imports]
    The import of ‘Data.Foldable’ is redundant
      except perhaps to import instances from ‘Data.Foldable’
    To import instances alone, use: import Data.Foldable()
   |
61 | import Data.Foldable (Foldable, foldMap)
   | ^^^^^^^^^^^^^^^^^^^^^^^^^^^^^^^^^^^^^^^^
Configuring test suite 'tinyjson2' for buffer-builder-0.2.4.8...
Preprocessing test suite 'tinyjson2' for buffer-builder-0.2.4.8...
Building test suite 'tinyjson2' for buffer-builder-0.2.4.8...
[1 of 1] Compiling Main
[2 of 2] Linking /tmp/workdir-buffer-builder/buffer-builder-0.2.4.8/dist-newstyle/build/x86_64-linux/ghc-9.6.6/buffer-builder-0.2.4.8/t/tinyjson2/build/tinyjson2/tinyjson2
Configuring test suite 'tinyjson' for buffer-builder-0.2.4.8...
Preprocessing test suite 'tinyjson' for buffer-builder-0.2.4.8...
Building test suite 'tinyjson' for buffer-builder-0.2.4.8...
[1 of 1] Compiling Main

bench/TinyJson.hs:18:16: warning: [-Wunused-record-wildcards]
    No variables bound in the record wildcard match are used
      Possible fix: omit the ‘..’
   |
18 |     toJson !TR{..} = toJson $
   |                ^^
[2 of 2] Linking /tmp/workdir-buffer-builder/buffer-builder-0.2.4.8/dist-newstyle/build/x86_64-linux/ghc-9.6.6/buffer-builder-0.2.4.8/t/tinyjson/build/tinyjson/tinyjson
Configuring test suite 'tests' for buffer-builder-0.2.4.8...
Preprocessing test suite 'tests' for buffer-builder-0.2.4.8...
Building test suite 'tests' for buffer-builder-0.2.4.8...

<no location info>: warning: [GHC-32850] [-Wmissing-home-modules]
    These modules are needed for compilation but not listed in your .cabal file's other-modules for ‘buffer-builder-0.2.4.8-inplace-tests’ :
        BufferTest JsonTest Utf8Test
[1 of 4] Compiling BufferTest

test/BufferTest.hs:47:9: warning: [GHC-62161] [-Wincomplete-uni-patterns]
    Pattern match(es) are non-exhaustive
    In a pattern binding:
        Patterns of type ‘[TI.Text]’ not matched:
            []
            [_]
            (_:_:_:_)
   |
47 |     let [_, t] = T.split (== '-') "some_prefix-foo"
   |         ^^^^^^^^^^^^^^^^^^^^^^^^^^^^^^^^^^^^^^^^^^^
[2 of 4] Compiling JsonTest

test/JsonTest.hs:8:1: warning: [-Wunused-imports]
    The import of ‘Data.Foldable’ is redundant
      except perhaps to import instances from ‘Data.Foldable’
    To import instances alone, use: import Data.Foldable()
  |
8 | import Data.Foldable (foldMap)
  | ^^^^^^^^^^^^^^^^^^^^^^^^^^^^^^

test/JsonTest.hs:10:1: warning: [-Wunused-imports]
    The import of ‘Data.Monoid’ is redundant
      except perhaps to import instances from ‘Data.Monoid’
    To import instances alone, use: import Data.Monoid()
   |
10 | import Data.Monoid ((<>), Monoid (mconcat, mempty))
   | ^^^^^^^^^^^^^^^^^^^^^^^^^^^^^^^^^^^^^^^^^^^^^^^^^^^
[3 of 4] Compiling Utf8Test
[4 of 4] Compiling Main

<no location info>: warning: [GHC-32850] [-Wmissing-home-modules]
    These modules are needed for compilation but not listed in your .cabal file's other-modules for ‘buffer-builder-0.2.4.8-inplace-tests’ :
        BufferTest JsonTest Utf8Test
[5 of 5] Linking /tmp/workdir-buffer-builder/buffer-builder-0.2.4.8/dist-newstyle/build/x86_64-linux/ghc-9.6.6/buffer-builder-0.2.4.8/t/tests/build/tests/tests
