Build profile: -w ghc-9.6.6 -O1
In order, the following will be built (use -v for more details):
 - svg-builder-0.1.1 (lib) (first run)
Configuring library for svg-builder-0.1.1...
Preprocessing library for svg-builder-0.1.1...
Building library for svg-builder-0.1.1...
[1 of 5] Compiling Graphics.Svg.Core

src/Graphics/Svg/Core.hs:46:1: warning: [-Wunused-imports]
    The import of ‘Data.Semigroup’ is redundant
      except perhaps to import instances from ‘Data.Semigroup’
    To import instances alone, use: import Data.Semigroup()
   |
46 | import           Data.Semigroup (Semigroup(..))
   | ^^^^^^^^^^^^^^^^^^^^^^^^^^^^^^^^^^^^^^^^^^^^^^^

src/Graphics/Svg/Core.hs:98:13: warning: [GHC-58520] [-Wtype-equality-requires-operators]
    The use of ‘~’ without TypeOperators
    will become an error in a future GHC release.
    Suggested fix: Perhaps you intended to use TypeOperators
   |
98 | instance (e ~ Element) => Term (e -> Element) where
   |             ^
[2 of 5] Compiling Graphics.Svg.Attributes
[3 of 5] Compiling Graphics.Svg.Elements
[4 of 5] Compiling Graphics.Svg.Path
[5 of 5] Compiling Graphics.Svg
