Build profile: -w ghc-9.6.6 -O1
In order, the following will be built (use -v for more details):
 - amazonka-sagemaker-edge-2.0 (lib) (first run)
 - amazonka-sagemaker-edge-2.0 (test:amazonka-sagemaker-edge-test) (first run)
Configuring library for amazonka-sagemaker-edge-2.0...
Preprocessing library for amazonka-sagemaker-edge-2.0...
Building library for amazonka-sagemaker-edge-2.0...
[ 1 of 19] Compiling Amazonka.SageMakerEdge.Types.ChecksumType
[ 2 of 19] Compiling Amazonka.SageMakerEdge.Types.Checksum
[ 3 of 19] Compiling Amazonka.SageMakerEdge.Types.DeploymentStatus
[ 4 of 19] Compiling Amazonka.SageMakerEdge.Types.DeploymentType
[ 5 of 19] Compiling Amazonka.SageMakerEdge.Types.EdgeMetric
[ 6 of 19] Compiling Amazonka.SageMakerEdge.Types.FailureHandlingPolicy
[ 7 of 19] Compiling Amazonka.SageMakerEdge.Types.Model
[ 8 of 19] Compiling Amazonka.SageMakerEdge.Types.ModelState
[ 9 of 19] Compiling Amazonka.SageMakerEdge.Types.DeploymentModel
[10 of 19] Compiling Amazonka.SageMakerEdge.Types.DeploymentResult
[11 of 19] Compiling Amazonka.SageMakerEdge.Types.Definition
[12 of 19] Compiling Amazonka.SageMakerEdge.Types.EdgeDeployment
[13 of 19] Compiling Amazonka.SageMakerEdge.Types
[14 of 19] Compiling Amazonka.SageMakerEdge.SendHeartbeat
[15 of 19] Compiling Amazonka.SageMakerEdge.GetDeviceRegistration
[16 of 19] Compiling Amazonka.SageMakerEdge.GetDeployments
[17 of 19] Compiling Amazonka.SageMakerEdge.Lens
[18 of 19] Compiling Amazonka.SageMakerEdge.Waiters
[19 of 19] Compiling Amazonka.SageMakerEdge
Configuring test suite 'amazonka-sagemaker-edge-test' for amazonka-sagemaker-edge-2.0...
Preprocessing test suite 'amazonka-sagemaker-edge-test' for amazonka-sagemaker-edge-2.0...
Building test suite 'amazonka-sagemaker-edge-test' for amazonka-sagemaker-edge-2.0...
[1 of 4] Compiling Test.Amazonka.SageMakerEdge
[2 of 4] Compiling Test.Amazonka.SageMakerEdge.Internal
[3 of 4] Compiling Test.Amazonka.Gen.SageMakerEdge
[4 of 4] Compiling Main
[5 of 5] Linking /tmp/workdir-amazonka-sagemaker-edge/amazonka-sagemaker-edge-2.0/dist-newstyle/build/x86_64-linux/ghc-9.6.6/amazonka-sagemaker-edge-2.0/t/amazonka-sagemaker-edge-test/build/amazonka-sagemaker-edge-test/amazonka-sagemaker-edge-test
