Build profile: -w ghc-9.6.6 -O1
In order, the following will be built (use -v for more details):
 - wai-cors-0.2.7 (lib) (first run)
 - wai-cors-0.2.7 (test:unit-tests) (first run)
 - wai-cors-0.2.7 (test:phantomjs) (first run)
Configuring library for wai-cors-0.2.7...
Preprocessing library for wai-cors-0.2.7...
Building library for wai-cors-0.2.7...
[1 of 1] Compiling Network.Wai.Middleware.Cors
Configuring test suite 'unit-tests' for wai-cors-0.2.7...
Preprocessing test suite 'unit-tests' for wai-cors-0.2.7...
Building test suite 'unit-tests' for wai-cors-0.2.7...
[1 of 1] Compiling Main
[2 of 2] Linking /tmp/workdir-wai-cors/wai-cors-0.2.7/dist-newstyle/build/x86_64-linux/ghc-9.6.6/wai-cors-0.2.7/t/unit-tests/build/unit-tests/unit-tests
Configuring test suite 'phantomjs' for wai-cors-0.2.7...
Preprocessing test suite 'phantomjs' for wai-cors-0.2.7...
Building test suite 'phantomjs' for wai-cors-0.2.7...
[1 of 2] Compiling Server
[2 of 2] Compiling Main
[3 of 3] Linking /tmp/workdir-wai-cors/wai-cors-0.2.7/dist-newstyle/build/x86_64-linux/ghc-9.6.6/wai-cors-0.2.7/t/phantomjs/build/phantomjs/phantomjs
