Build profile: -w ghc-9.6.6 -O1
In order, the following will be built (use -v for more details):
 - hspec-wai-0.11.1 (lib) (first run)
 - hspec-wai-0.11.1 (test:spec) (first run)
Configuring library for hspec-wai-0.11.1...
Preprocessing library for hspec-wai-0.11.1...
Building library for hspec-wai-0.11.1...
[1 of 6] Compiling Paths_hspec_wai
[2 of 6] Compiling Test.Hspec.Wai.Util
[3 of 6] Compiling Test.Hspec.Wai.Matcher
[4 of 6] Compiling Test.Hspec.Wai.Internal

src/Test/Hspec/Wai/Internal.hs:26:1: warning: [-Wunused-imports]
    The import of ‘Control.Monad.Fail’ is redundant
      except perhaps to import instances from ‘Control.Monad.Fail’
    To import instances alone, use: import Control.Monad.Fail()
   |
26 | import           Control.Monad.Fail
   | ^^^^^^^^^^^^^^^^^^^^^^^^^^^^^^^^^^^
[5 of 6] Compiling Test.Hspec.Wai.QuickCheck
[6 of 6] Compiling Test.Hspec.Wai
Configuring test suite 'spec' for hspec-wai-0.11.1...
Preprocessing test suite 'spec' for hspec-wai-0.11.1...
Building test suite 'spec' for hspec-wai-0.11.1...
[ 1 of 10] Compiling Paths_hspec_wai
[ 2 of 10] Compiling Test.Hspec.Wai.Util
[ 3 of 10] Compiling Test.Hspec.Wai.Matcher
[ 4 of 10] Compiling Test.Hspec.Wai.MatcherSpec
[ 5 of 10] Compiling Test.Hspec.Wai.Internal

src/Test/Hspec/Wai/Internal.hs:26:1: warning: [-Wunused-imports]
    The import of ‘Control.Monad.Fail’ is redundant
      except perhaps to import instances from ‘Control.Monad.Fail’
    To import instances alone, use: import Control.Monad.Fail()
   |
26 | import           Control.Monad.Fail
   | ^^^^^^^^^^^^^^^^^^^^^^^^^^^^^^^^^^^
[ 6 of 10] Compiling Test.Hspec.Wai.QuickCheck
[ 7 of 10] Compiling Test.Hspec.Wai
[ 8 of 10] Compiling Test.Hspec.Wai.UtilSpec
[ 9 of 10] Compiling Test.Hspec.WaiSpec
[10 of 10] Compiling Main
[11 of 11] Linking /tmp/workdir-hspec-wai/hspec-wai-0.11.1/dist-newstyle/build/x86_64-linux/ghc-9.6.6/hspec-wai-0.11.1/t/spec/build/spec/spec
