Build profile: -w ghc-9.6.6 -O1
In order, the following will be built (use -v for more details):
 - safe-0.3.21 (lib) (first run)
 - safe-0.3.21 (test:safe-test) (first run)
Configuring library for safe-0.3.21...
Preprocessing library for safe-0.3.21...
Building library for safe-0.3.21...
[1 of 5] Compiling Safe.Partial
[2 of 5] Compiling Safe.Util
[3 of 5] Compiling Safe.Foldable
[4 of 5] Compiling Safe.Exact
[5 of 5] Compiling Safe
Configuring test suite 'safe-test' for safe-0.3.21...
Preprocessing test suite 'safe-test' for safe-0.3.21...
Building test suite 'safe-test' for safe-0.3.21...
[1 of 6] Compiling Safe.Partial
[2 of 6] Compiling Safe.Util
[3 of 6] Compiling Safe.Foldable
[4 of 6] Compiling Safe.Exact
[5 of 6] Compiling Safe
[6 of 6] Compiling Main
[7 of 7] Linking /tmp/workdir-safe/safe-0.3.21/dist-newstyle/build/x86_64-linux/ghc-9.6.6/safe-0.3.21/t/safe-test/build/safe-test/safe-test
