Build profile: -w ghc-9.6.6 -O1
In order, the following will be built (use -v for more details):
 - code-conjure-0.5.14 (lib) (first run)
 - code-conjure-0.5.14 (test:utils) (first run)
 - code-conjure-0.5.14 (test:red) (first run)
 - code-conjure-0.5.14 (test:expr) (first run)
 - code-conjure-0.5.14 (test:derive) (first run)
 - code-conjure-0.5.14 (test:defn) (first run)
 - code-conjure-0.5.14 (test:conjurable) (first run)
Configuring library for code-conjure-0.5.14...
Preprocessing library for code-conjure-0.5.14...
Building library for code-conjure-0.5.14...
[ 1 of 12] Compiling Conjure.Utils
[ 2 of 12] Compiling Conjure.Expr
[ 3 of 12] Compiling Conjure.Reason
[ 4 of 12] Compiling Conjure.Defn
[ 5 of 12] Compiling Conjure.Defn.Redundancy
[ 6 of 12] Compiling Conjure.Conjurable
[ 7 of 12] Compiling Conjure.Red
[ 8 of 12] Compiling Conjure.Prim
[ 9 of 12] Compiling Conjure.Defn.Test
[10 of 12] Compiling Conjure.Engine
[11 of 12] Compiling Conjure.Conjurable.Derive
[12 of 12] Compiling Conjure
Configuring test suite 'utils' for code-conjure-0.5.14...
Preprocessing test suite 'utils' for code-conjure-0.5.14...
Building test suite 'utils' for code-conjure-0.5.14...
[1 of 3] Compiling Test.ListableExpr
[2 of 3] Compiling Test
[3 of 3] Compiling Main
[4 of 4] Linking /tmp/workdir-code-conjure/code-conjure-0.5.14/dist-newstyle/build/x86_64-linux/ghc-9.6.6/code-conjure-0.5.14/t/utils/build/utils/utils
Configuring test suite 'red' for code-conjure-0.5.14...
Preprocessing test suite 'red' for code-conjure-0.5.14...
Building test suite 'red' for code-conjure-0.5.14...
[1 of 3] Compiling Test.ListableExpr
[2 of 3] Compiling Test
[3 of 3] Compiling Main
[4 of 4] Linking /tmp/workdir-code-conjure/code-conjure-0.5.14/dist-newstyle/build/x86_64-linux/ghc-9.6.6/code-conjure-0.5.14/t/red/build/red/red
Configuring test suite 'expr' for code-conjure-0.5.14...
Preprocessing test suite 'expr' for code-conjure-0.5.14...
Building test suite 'expr' for code-conjure-0.5.14...
[1 of 3] Compiling Test.ListableExpr
[2 of 3] Compiling Test
[3 of 3] Compiling Main
[4 of 4] Linking /tmp/workdir-code-conjure/code-conjure-0.5.14/dist-newstyle/build/x86_64-linux/ghc-9.6.6/code-conjure-0.5.14/t/expr/build/expr/expr
Configuring test suite 'derive' for code-conjure-0.5.14...
Preprocessing test suite 'derive' for code-conjure-0.5.14...
Building test suite 'derive' for code-conjure-0.5.14...
[1 of 3] Compiling Test.ListableExpr
[2 of 3] Compiling Test
[3 of 3] Compiling Main
[4 of 4] Linking /tmp/workdir-code-conjure/code-conjure-0.5.14/dist-newstyle/build/x86_64-linux/ghc-9.6.6/code-conjure-0.5.14/t/derive/build/derive/derive
Configuring test suite 'defn' for code-conjure-0.5.14...
Preprocessing test suite 'defn' for code-conjure-0.5.14...
Building test suite 'defn' for code-conjure-0.5.14...
[1 of 3] Compiling Test.ListableExpr
[2 of 3] Compiling Test
[3 of 3] Compiling Main
[4 of 4] Linking /tmp/workdir-code-conjure/code-conjure-0.5.14/dist-newstyle/build/x86_64-linux/ghc-9.6.6/code-conjure-0.5.14/t/defn/build/defn/defn
Configuring test suite 'conjurable' for code-conjure-0.5.14...
Preprocessing test suite 'conjurable' for code-conjure-0.5.14...
Building test suite 'conjurable' for code-conjure-0.5.14...
[1 of 3] Compiling Test.ListableExpr
[2 of 3] Compiling Test
[3 of 3] Compiling Main
[4 of 4] Linking /tmp/workdir-code-conjure/code-conjure-0.5.14/dist-newstyle/build/x86_64-linux/ghc-9.6.6/code-conjure-0.5.14/t/conjurable/build/conjurable/conjurable
