Build profile: -w ghc-9.6.6 -O1
In order, the following will be built (use -v for more details):
 - hspec-wai-json-0.11.0 (lib) (first run)
 - hspec-wai-json-0.11.0 (test:spec) (first run)
Configuring library for hspec-wai-json-0.11.0...
Preprocessing library for hspec-wai-json-0.11.0...
Building library for hspec-wai-json-0.11.0...
[1 of 2] Compiling Paths_hspec_wai_json
[2 of 2] Compiling Test.Hspec.Wai.JSON
Configuring test suite 'spec' for hspec-wai-json-0.11.0...
Preprocessing test suite 'spec' for hspec-wai-json-0.11.0...
Building test suite 'spec' for hspec-wai-json-0.11.0...
[1 of 3] Compiling Paths_hspec_wai_json
[2 of 3] Compiling Test.Hspec.Wai.JSONSpec

test/Test/Hspec/Wai/JSONSpec.hs:40:9: warning: [GHC-62161] [-Wincomplete-uni-patterns]
    Pattern match(es) are non-exhaustive
    In a pattern binding:
        Patterns of type ‘[MatchHeader]’ not matched:
            []
            ((MatchHeader _):_:_)
   |
40 |         [MatchHeader matcher] = matchHeaders body
   |         ^^^^^^^^^^^^^^^^^^^^^^^^^^^^^^^^^^^^^^^^^
[3 of 3] Compiling Main
[4 of 4] Linking /tmp/workdir-hspec-wai-json/hspec-wai-json-0.11.0/dist-newstyle/build/x86_64-linux/ghc-9.6.6/hspec-wai-json-0.11.0/t/spec/build/spec/spec
