Build profile: -w ghc-9.6.6 -O1
In order, the following will be built (use -v for more details):
 - optparse-applicative-0.18.1.0 (lib) (first run)
 - optparse-applicative-0.18.1.0 (test:tests) (first run)
Configuring library for optparse-applicative-0.18.1.0...
Preprocessing library for optparse-applicative-0.18.1.0...
Building library for optparse-applicative-0.18.1.0...
[ 1 of 17] Compiling Options.Applicative.Help.Levenshtein
[ 2 of 17] Compiling Options.Applicative.Help.Pretty
[ 3 of 17] Compiling Options.Applicative.Help.Chunk
[ 4 of 17] Compiling Options.Applicative.Help.Types
[ 5 of 17] Compiling Options.Applicative.Types

src/Options/Applicative/Types.hs:58:1: warning: [-Wdodgy-imports]
    Module ‘Data.Semigroup’ does not export ‘Option’
   |
58 | import Data.Semigroup hiding (Option)
   | ^^^^^^^^^^^^^^^^^^^^^^^^^^^^^^^^^^^^^
[ 6 of 17] Compiling Options.Applicative.NonEmpty
[ 7 of 17] Compiling Options.Applicative.Internal
[ 8 of 17] Compiling Options.Applicative.Common
[ 9 of 17] Compiling Options.Applicative.Help.Core
[10 of 17] Compiling Options.Applicative.Help
[11 of 17] Compiling Options.Applicative.Builder.Internal

src/Options/Applicative/Builder/Internal.hs:29:1: warning: [-Wdodgy-imports]
    Module ‘Data.Semigroup’ does not export ‘Option’
   |
29 | import Data.Semigroup hiding (Option)
   | ^^^^^^^^^^^^^^^^^^^^^^^^^^^^^^^^^^^^^
[12 of 17] Compiling Options.Applicative.Builder.Completer
[13 of 17] Compiling Options.Applicative.Builder
[14 of 17] Compiling Options.Applicative.BashCompletion

src/Options/Applicative/BashCompletion.hs:16:1: warning: [-Wunused-imports]
    The import of ‘Data.Foldable’ is redundant
      except perhaps to import instances from ‘Data.Foldable’
    To import instances alone, use: import Data.Foldable()
   |
16 | import Data.Foldable ( asum )
   | ^^^^^^^^^^^^^^^^^^^^^^^^^^^^^
[15 of 17] Compiling Options.Applicative.Extra
[16 of 17] Compiling Options.Applicative
[17 of 17] Compiling Options.Applicative.Arrows
Configuring test suite 'tests' for optparse-applicative-0.18.1.0...
Preprocessing test suite 'tests' for optparse-applicative-0.18.1.0...
Building test suite 'tests' for optparse-applicative-0.18.1.0...
[1 of 7] Compiling Examples.Alternatives
[2 of 7] Compiling Examples.Cabal

tests/Examples/Cabal.hs:7:1: warning: [-Wunused-imports]
    The import of ‘Data.Monoid’ is redundant
      except perhaps to import instances from ‘Data.Monoid’
    To import instances alone, use: import Data.Monoid()
  |
7 | import Data.Monoid
  | ^^^^^^^^^^^^^^^^^^
[3 of 7] Compiling Examples.Commands

tests/Examples/Commands.hs:5:1: warning: [-Wunused-imports]
    The import of ‘Data.Monoid’ is redundant
      except perhaps to import instances from ‘Data.Monoid’
    To import instances alone, use: import Data.Monoid()
  |
5 | import Data.Monoid
  | ^^^^^^^^^^^^^^^^^^
[4 of 7] Compiling Examples.Formatting
[5 of 7] Compiling Examples.Hello

tests/Examples/Hello.hs:5:1: warning: [-Wunused-imports]
    The import of ‘Data.Semigroup’ is redundant
      except perhaps to import instances from ‘Data.Semigroup’
    To import instances alone, use: import Data.Semigroup()
  |
5 | import Data.Semigroup ((<>))
  | ^^^^^^^^^^^^^^^^^^^^^^^^^^^^
[6 of 7] Compiling Examples.LongSub

tests/Examples/LongSub.hs:4:1: warning: [-Wunused-imports]
    The import of ‘Data.Monoid’ is redundant
      except perhaps to import instances from ‘Data.Monoid’
    To import instances alone, use: import Data.Monoid()
  |
4 | import Data.Monoid
  | ^^^^^^^^^^^^^^^^^^
[7 of 7] Compiling Main

tests/test.hs:18:1: warning: [-Wdodgy-imports]
    Module ‘Data.Semigroup’ does not export ‘option’
   |
18 | import           Data.Semigroup hiding (option)
   | ^^^^^^^^^^^^^^^^^^^^^^^^^^^^^^^^^^^^^^^^^^^^^^^

tests/test.hs:916:11: warning: [GHC-62161] [-Wincomplete-uni-patterns]
    Pattern match(es) are non-exhaustive
    In a pattern binding:
        Patterns of type ‘(String, ExitCode)’ not matched:
            (_, (ExitFailure _))
    |
916 |       let (msg, ExitSuccess) = renderFailure failure "<text>"
    |           ^^^^^^^^^^^^^^^^^^^^^^^^^^^^^^^^^^^^^^^^^^^^^^^^^^^

tests/test.hs:929:11: warning: [GHC-62161] [-Wincomplete-uni-patterns]
    Pattern match(es) are non-exhaustive
    In a pattern binding:
        Patterns of type ‘(String, ExitCode)’ not matched:
            (_, (ExitFailure _))
    |
929 |       let (msg, ExitSuccess) = renderFailure failure "<text>"
    |           ^^^^^^^^^^^^^^^^^^^^^^^^^^^^^^^^^^^^^^^^^^^^^^^^^^^
[8 of 8] Linking /tmp/workdir-optparse-applicative/optparse-applicative-0.18.1.0/dist-newstyle/build/x86_64-linux/ghc-9.6.6/optparse-applicative-0.18.1.0/t/tests/build/tests/tests
