Build profile: -w ghc-9.6.6 -O1
In order, the following will be built (use -v for more details):
 - amazonka-secretsmanager-2.0 (lib) (first run)
 - amazonka-secretsmanager-2.0 (test:amazonka-secretsmanager-test) (first run)
Configuring library for amazonka-secretsmanager-2.0...
Preprocessing library for amazonka-secretsmanager-2.0...
Building library for amazonka-secretsmanager-2.0...
[ 1 of 37] Compiling Amazonka.SecretsManager.Types.FilterNameStringType
[ 2 of 37] Compiling Amazonka.SecretsManager.Types.Filter
[ 3 of 37] Compiling Amazonka.SecretsManager.Types.ReplicaRegionType
[ 4 of 37] Compiling Amazonka.SecretsManager.Types.RotationRulesType
[ 5 of 37] Compiling Amazonka.SecretsManager.Types.SecretVersionsListEntry
[ 6 of 37] Compiling Amazonka.SecretsManager.Types.SortOrderType
[ 7 of 37] Compiling Amazonka.SecretsManager.Types.StatusType
[ 8 of 37] Compiling Amazonka.SecretsManager.Types.ReplicationStatusType
[ 9 of 37] Compiling Amazonka.SecretsManager.Types.Tag
[10 of 37] Compiling Amazonka.SecretsManager.Types.SecretListEntry
[11 of 37] Compiling Amazonka.SecretsManager.Types.ValidationErrorsEntry
[12 of 37] Compiling Amazonka.SecretsManager.Types
[13 of 37] Compiling Amazonka.SecretsManager.TagResource

gen/Amazonka/SecretsManager/TagResource.hs:156:89: warning: [GHC-02256] [-Wambiguous-fields]
    The record update s {tags = a} with type TagResource is ambiguous.
    This will not be supported by -XDuplicateRecordFields in future releases of GHC.
    |
156 | tagResource_tags = Lens.lens (\TagResource' {tags} -> tags) (\s@TagResource' {} a -> s {tags = a} :: TagResource) Prelude.. Lens.coerced
    |                                                                                         ^^^^^^^^
[14 of 37] Compiling Amazonka.SecretsManager.StopReplicationToReplica

gen/Amazonka/SecretsManager/StopReplicationToReplica.hs:178:149: warning: [GHC-02256] [-Wambiguous-fields]
    The record update s {arn = a} with type StopReplicationToReplicaResponse is ambiguous.
    This will not be supported by -XDuplicateRecordFields in future releases of GHC.
    |
178 | stopReplicationToReplicaResponse_arn = Lens.lens (\StopReplicationToReplicaResponse' {arn} -> arn) (\s@StopReplicationToReplicaResponse' {} a -> s {arn = a} :: StopReplicationToReplicaResponse)
    |                                                                                                                                                     ^^^^^^^
[15 of 37] Compiling Amazonka.SecretsManager.RotateSecret

gen/Amazonka/SecretsManager/RotateSecret.hs:257:131: warning: [GHC-02256] [-Wambiguous-fields]
    The record update s {rotationLambdaARN = a} with type RotateSecret is ambiguous.
    This will not be supported by -XDuplicateRecordFields in future releases of GHC.
    |
257 | rotateSecret_rotationLambdaARN = Lens.lens (\RotateSecret' {rotationLambdaARN} -> rotationLambdaARN) (\s@RotateSecret' {} a -> s {rotationLambdaARN = a} :: RotateSecret)
    |                                                                                                                                   ^^^^^^^^^^^^^^^^^^^^^

gen/Amazonka/SecretsManager/RotateSecret.hs:261:119: warning: [GHC-02256] [-Wambiguous-fields]
    The record update s {rotationRules = a} with type RotateSecret is ambiguous.
    This will not be supported by -XDuplicateRecordFields in future releases of GHC.
    |
261 | rotateSecret_rotationRules = Lens.lens (\RotateSecret' {rotationRules} -> rotationRules) (\s@RotateSecret' {} a -> s {rotationRules = a} :: RotateSecret)
    |                                                                                                                       ^^^^^^^^^^^^^^^^^

gen/Amazonka/SecretsManager/RotateSecret.hs:380:113: warning: [GHC-02256] [-Wambiguous-fields]
    The record update s {arn = a} with type RotateSecretResponse is ambiguous.
    This will not be supported by -XDuplicateRecordFields in future releases of GHC.
    |
380 | rotateSecretResponse_arn = Lens.lens (\RotateSecretResponse' {arn} -> arn) (\s@RotateSecretResponse' {} a -> s {arn = a} :: RotateSecretResponse)
    |                                                                                                                 ^^^^^^^

gen/Amazonka/SecretsManager/RotateSecret.hs:384:116: warning: [GHC-02256] [-Wambiguous-fields]
    The record update s {name = a} with type RotateSecretResponse is ambiguous.
    This will not be supported by -XDuplicateRecordFields in future releases of GHC.
    |
384 | rotateSecretResponse_name = Lens.lens (\RotateSecretResponse' {name} -> name) (\s@RotateSecretResponse' {} a -> s {name = a} :: RotateSecretResponse)
    |                                                                                                                    ^^^^^^^^

gen/Amazonka/SecretsManager/RotateSecret.hs:388:131: warning: [GHC-02256] [-Wambiguous-fields]
    The record update s {versionId = a} with type RotateSecretResponse is ambiguous.
    This will not be supported by -XDuplicateRecordFields in future releases of GHC.
    |
388 | rotateSecretResponse_versionId = Lens.lens (\RotateSecretResponse' {versionId} -> versionId) (\s@RotateSecretResponse' {} a -> s {versionId = a} :: RotateSecretResponse)
    |                                                                                                                                   ^^^^^^^^^^^^^
[16 of 37] Compiling Amazonka.SecretsManager.RestoreSecret

gen/Amazonka/SecretsManager/RestoreSecret.hs:189:116: warning: [GHC-02256] [-Wambiguous-fields]
    The record update s {arn = a} with type RestoreSecretResponse is ambiguous.
    This will not be supported by -XDuplicateRecordFields in future releases of GHC.
    |
189 | restoreSecretResponse_arn = Lens.lens (\RestoreSecretResponse' {arn} -> arn) (\s@RestoreSecretResponse' {} a -> s {arn = a} :: RestoreSecretResponse)
    |                                                                                                                    ^^^^^^^

gen/Amazonka/SecretsManager/RestoreSecret.hs:193:119: warning: [GHC-02256] [-Wambiguous-fields]
    The record update s {name = a} with type RestoreSecretResponse is ambiguous.
    This will not be supported by -XDuplicateRecordFields in future releases of GHC.
    |
193 | restoreSecretResponse_name = Lens.lens (\RestoreSecretResponse' {name} -> name) (\s@RestoreSecretResponse' {} a -> s {name = a} :: RestoreSecretResponse)
    |                                                                                                                       ^^^^^^^^
[17 of 37] Compiling Amazonka.SecretsManager.ReplicateSecretToRegions

gen/Amazonka/SecretsManager/ReplicateSecretToRegions.hs:223:149: warning: [GHC-02256] [-Wambiguous-fields]
    The record update s {arn = a} with type ReplicateSecretToRegionsResponse is ambiguous.
    This will not be supported by -XDuplicateRecordFields in future releases of GHC.
    |
223 | replicateSecretToRegionsResponse_arn = Lens.lens (\ReplicateSecretToRegionsResponse' {arn} -> arn) (\s@ReplicateSecretToRegionsResponse' {} a -> s {arn = a} :: ReplicateSecretToRegionsResponse)
    |                                                                                                                                                     ^^^^^^^
[18 of 37] Compiling Amazonka.SecretsManager.RemoveRegionsFromReplication

gen/Amazonka/SecretsManager/RemoveRegionsFromReplication.hs:211:161: warning: [GHC-02256] [-Wambiguous-fields]
    The record update s {arn = a} with type RemoveRegionsFromReplicationResponse is ambiguous.
    This will not be supported by -XDuplicateRecordFields in future releases of GHC.
    |
211 | removeRegionsFromReplicationResponse_arn = Lens.lens (\RemoveRegionsFromReplicationResponse' {arn} -> arn) (\s@RemoveRegionsFromReplicationResponse' {} a -> s {arn = a} :: RemoveRegionsFromReplicationResponse)
    |                                                                                                                                                                 ^^^^^^^
[19 of 37] Compiling Amazonka.SecretsManager.PutSecretValue

gen/Amazonka/SecretsManager/PutSecretValue.hs:336:125: warning: [GHC-02256] [-Wambiguous-fields]
    The record update s {versionStages = a} with type PutSecretValue is ambiguous.
    This will not be supported by -XDuplicateRecordFields in future releases of GHC.
    |
336 | putSecretValue_versionStages = Lens.lens (\PutSecretValue' {versionStages} -> versionStages) (\s@PutSecretValue' {} a -> s {versionStages = a} :: PutSecretValue) Prelude.. Lens.mapping Lens.coerced
    |                                                                                                                             ^^^^^^^^^^^^^^^^^

gen/Amazonka/SecretsManager/PutSecretValue.hs:467:119: warning: [GHC-02256] [-Wambiguous-fields]
    The record update s {arn = a} with type PutSecretValueResponse is ambiguous.
    This will not be supported by -XDuplicateRecordFields in future releases of GHC.
    |
467 | putSecretValueResponse_arn = Lens.lens (\PutSecretValueResponse' {arn} -> arn) (\s@PutSecretValueResponse' {} a -> s {arn = a} :: PutSecretValueResponse)
    |                                                                                                                       ^^^^^^^

gen/Amazonka/SecretsManager/PutSecretValue.hs:471:122: warning: [GHC-02256] [-Wambiguous-fields]
    The record update s {name = a} with type PutSecretValueResponse is ambiguous.
    This will not be supported by -XDuplicateRecordFields in future releases of GHC.
    |
471 | putSecretValueResponse_name = Lens.lens (\PutSecretValueResponse' {name} -> name) (\s@PutSecretValueResponse' {} a -> s {name = a} :: PutSecretValueResponse)
    |                                                                                                                          ^^^^^^^^

gen/Amazonka/SecretsManager/PutSecretValue.hs:475:137: warning: [GHC-02256] [-Wambiguous-fields]
    The record update s {versionId = a} with type PutSecretValueResponse is ambiguous.
    This will not be supported by -XDuplicateRecordFields in future releases of GHC.
    |
475 | putSecretValueResponse_versionId = Lens.lens (\PutSecretValueResponse' {versionId} -> versionId) (\s@PutSecretValueResponse' {} a -> s {versionId = a} :: PutSecretValueResponse)
    |                                                                                                                                         ^^^^^^^^^^^^^

gen/Amazonka/SecretsManager/PutSecretValue.hs:481:149: warning: [GHC-02256] [-Wambiguous-fields]
    The record update s {versionStages = a} with type PutSecretValueResponse is ambiguous.
    This will not be supported by -XDuplicateRecordFields in future releases of GHC.
    |
481 | putSecretValueResponse_versionStages = Lens.lens (\PutSecretValueResponse' {versionStages} -> versionStages) (\s@PutSecretValueResponse' {} a -> s {versionStages = a} :: PutSecretValueResponse) Prelude.. Lens.mapping Lens.coerced
    |                                                                                                                                                     ^^^^^^^^^^^^^^^^^
[20 of 37] Compiling Amazonka.SecretsManager.PutResourcePolicy

gen/Amazonka/SecretsManager/PutResourcePolicy.hs:241:128: warning: [GHC-02256] [-Wambiguous-fields]
    The record update s {arn = a} with type PutResourcePolicyResponse is ambiguous.
    This will not be supported by -XDuplicateRecordFields in future releases of GHC.
    |
241 | putResourcePolicyResponse_arn = Lens.lens (\PutResourcePolicyResponse' {arn} -> arn) (\s@PutResourcePolicyResponse' {} a -> s {arn = a} :: PutResourcePolicyResponse)
    |                                                                                                                                ^^^^^^^

gen/Amazonka/SecretsManager/PutResourcePolicy.hs:245:131: warning: [GHC-02256] [-Wambiguous-fields]
    The record update s {name = a} with type PutResourcePolicyResponse is ambiguous.
    This will not be supported by -XDuplicateRecordFields in future releases of GHC.
    |
245 | putResourcePolicyResponse_name = Lens.lens (\PutResourcePolicyResponse' {name} -> name) (\s@PutResourcePolicyResponse' {} a -> s {name = a} :: PutResourcePolicyResponse)
    |                                                                                                                                   ^^^^^^^^
[21 of 37] Compiling Amazonka.SecretsManager.ListSecrets

gen/Amazonka/SecretsManager/ListSecrets.hs:156:104: warning: [GHC-02256] [-Wambiguous-fields]
    The record update s {nextToken = a} with type ListSecrets is ambiguous.
    This will not be supported by -XDuplicateRecordFields in future releases of GHC.
    |
156 | listSecrets_nextToken = Lens.lens (\ListSecrets' {nextToken} -> nextToken) (\s@ListSecrets' {} a -> s {nextToken = a} :: ListSecrets)
    |                                                                                                        ^^^^^^^^^^^^^

gen/Amazonka/SecretsManager/ListSecrets.hs:295:128: warning: [GHC-02256] [-Wambiguous-fields]
    The record update s {nextToken = a} with type ListSecretsResponse is ambiguous.
    This will not be supported by -XDuplicateRecordFields in future releases of GHC.
    |
295 | listSecretsResponse_nextToken = Lens.lens (\ListSecretsResponse' {nextToken} -> nextToken) (\s@ListSecretsResponse' {} a -> s {nextToken = a} :: ListSecretsResponse)
    |                                                                                                                                ^^^^^^^^^^^^^
[22 of 37] Compiling Amazonka.SecretsManager.ListSecretVersionIds

gen/Amazonka/SecretsManager/ListSecretVersionIds.hs:156:131: warning: [GHC-02256] [-Wambiguous-fields]
    The record update s {nextToken = a} with type ListSecretVersionIds is ambiguous.
    This will not be supported by -XDuplicateRecordFields in future releases of GHC.
    |
156 | listSecretVersionIds_nextToken = Lens.lens (\ListSecretVersionIds' {nextToken} -> nextToken) (\s@ListSecretVersionIds' {} a -> s {nextToken = a} :: ListSecretVersionIds)
    |                                                                                                                                   ^^^^^^^^^^^^^

gen/Amazonka/SecretsManager/ListSecretVersionIds.hs:309:137: warning: [GHC-02256] [-Wambiguous-fields]
    The record update s {arn = a} with type ListSecretVersionIdsResponse is ambiguous.
    This will not be supported by -XDuplicateRecordFields in future releases of GHC.
    |
309 | listSecretVersionIdsResponse_arn = Lens.lens (\ListSecretVersionIdsResponse' {arn} -> arn) (\s@ListSecretVersionIdsResponse' {} a -> s {arn = a} :: ListSecretVersionIdsResponse)
    |                                                                                                                                         ^^^^^^^

gen/Amazonka/SecretsManager/ListSecretVersionIds.hs:313:140: warning: [GHC-02256] [-Wambiguous-fields]
    The record update s {name = a} with type ListSecretVersionIdsResponse is ambiguous.
    This will not be supported by -XDuplicateRecordFields in future releases of GHC.
    |
313 | listSecretVersionIdsResponse_name = Lens.lens (\ListSecretVersionIdsResponse' {name} -> name) (\s@ListSecretVersionIdsResponse' {} a -> s {name = a} :: ListSecretVersionIdsResponse)
    |                                                                                                                                            ^^^^^^^^

gen/Amazonka/SecretsManager/ListSecretVersionIds.hs:321:155: warning: [GHC-02256] [-Wambiguous-fields]
    The record update s {nextToken = a} with type ListSecretVersionIdsResponse is ambiguous.
    This will not be supported by -XDuplicateRecordFields in future releases of GHC.
    |
321 | listSecretVersionIdsResponse_nextToken = Lens.lens (\ListSecretVersionIdsResponse' {nextToken} -> nextToken) (\s@ListSecretVersionIdsResponse' {} a -> s {nextToken = a} :: ListSecretVersionIdsResponse)
    |                                                                                                                                                           ^^^^^^^^^^^^^
[23 of 37] Compiling Amazonka.SecretsManager.GetSecretValue

gen/Amazonka/SecretsManager/GetSecretValue.hs:163:113: warning: [GHC-02256] [-Wambiguous-fields]
    The record update s {versionId = a} with type GetSecretValue is ambiguous.
    This will not be supported by -XDuplicateRecordFields in future releases of GHC.
    |
163 | getSecretValue_versionId = Lens.lens (\GetSecretValue' {versionId} -> versionId) (\s@GetSecretValue' {} a -> s {versionId = a} :: GetSecretValue)
    |                                                                                                                 ^^^^^^^^^^^^^

gen/Amazonka/SecretsManager/GetSecretValue.hs:341:119: warning: [GHC-02256] [-Wambiguous-fields]
    The record update s {arn = a} with type GetSecretValueResponse is ambiguous.
    This will not be supported by -XDuplicateRecordFields in future releases of GHC.
    |
341 | getSecretValueResponse_arn = Lens.lens (\GetSecretValueResponse' {arn} -> arn) (\s@GetSecretValueResponse' {} a -> s {arn = a} :: GetSecretValueResponse)
    |                                                                                                                       ^^^^^^^

gen/Amazonka/SecretsManager/GetSecretValue.hs:347:143: warning: [GHC-02256] [-Wambiguous-fields]
    The record update s {createdDate = a} with type GetSecretValueResponse is ambiguous.
    This will not be supported by -XDuplicateRecordFields in future releases of GHC.
    |
347 | getSecretValueResponse_createdDate = Lens.lens (\GetSecretValueResponse' {createdDate} -> createdDate) (\s@GetSecretValueResponse' {} a -> s {createdDate = a} :: GetSecretValueResponse) Prelude.. Lens.mapping Data._Time
    |                                                                                                                                               ^^^^^^^^^^^^^^^

gen/Amazonka/SecretsManager/GetSecretValue.hs:351:122: warning: [GHC-02256] [-Wambiguous-fields]
    The record update s {name = a} with type GetSecretValueResponse is ambiguous.
    This will not be supported by -XDuplicateRecordFields in future releases of GHC.
    |
351 | getSecretValueResponse_name = Lens.lens (\GetSecretValueResponse' {name} -> name) (\s@GetSecretValueResponse' {} a -> s {name = a} :: GetSecretValueResponse)
    |                                                                                                                          ^^^^^^^^

gen/Amazonka/SecretsManager/GetSecretValue.hs:378:137: warning: [GHC-02256] [-Wambiguous-fields]
    The record update s {versionId = a} with type GetSecretValueResponse is ambiguous.
    This will not be supported by -XDuplicateRecordFields in future releases of GHC.
    |
378 | getSecretValueResponse_versionId = Lens.lens (\GetSecretValueResponse' {versionId} -> versionId) (\s@GetSecretValueResponse' {} a -> s {versionId = a} :: GetSecretValueResponse)
    |                                                                                                                                         ^^^^^^^^^^^^^

gen/Amazonka/SecretsManager/GetSecretValue.hs:383:149: warning: [GHC-02256] [-Wambiguous-fields]
    The record update s {versionStages = a} with type GetSecretValueResponse is ambiguous.
    This will not be supported by -XDuplicateRecordFields in future releases of GHC.
    |
383 | getSecretValueResponse_versionStages = Lens.lens (\GetSecretValueResponse' {versionStages} -> versionStages) (\s@GetSecretValueResponse' {} a -> s {versionStages = a} :: GetSecretValueResponse) Prelude.. Lens.mapping Lens.coerced
    |                                                                                                                                                     ^^^^^^^^^^^^^^^^^
[24 of 37] Compiling Amazonka.SecretsManager.GetResourcePolicy

gen/Amazonka/SecretsManager/GetResourcePolicy.hs:205:128: warning: [GHC-02256] [-Wambiguous-fields]
    The record update s {arn = a} with type GetResourcePolicyResponse is ambiguous.
    This will not be supported by -XDuplicateRecordFields in future releases of GHC.
    |
205 | getResourcePolicyResponse_arn = Lens.lens (\GetResourcePolicyResponse' {arn} -> arn) (\s@GetResourcePolicyResponse' {} a -> s {arn = a} :: GetResourcePolicyResponse)
    |                                                                                                                                ^^^^^^^

gen/Amazonka/SecretsManager/GetResourcePolicy.hs:209:131: warning: [GHC-02256] [-Wambiguous-fields]
    The record update s {name = a} with type GetResourcePolicyResponse is ambiguous.
    This will not be supported by -XDuplicateRecordFields in future releases of GHC.
    |
209 | getResourcePolicyResponse_name = Lens.lens (\GetResourcePolicyResponse' {name} -> name) (\s@GetResourcePolicyResponse' {} a -> s {name = a} :: GetResourcePolicyResponse)
    |                                                                                                                                   ^^^^^^^^
[25 of 37] Compiling Amazonka.SecretsManager.GetRandomPassword
[26 of 37] Compiling Amazonka.SecretsManager.DescribeSecret

gen/Amazonka/SecretsManager/DescribeSecret.hs:411:119: warning: [GHC-02256] [-Wambiguous-fields]
    The record update s {arn = a} with type DescribeSecretResponse is ambiguous.
    This will not be supported by -XDuplicateRecordFields in future releases of GHC.
    |
411 | describeSecretResponse_arn = Lens.lens (\DescribeSecretResponse' {arn} -> arn) (\s@DescribeSecretResponse' {} a -> s {arn = a} :: DescribeSecretResponse)
    |                                                                                                                       ^^^^^^^

gen/Amazonka/SecretsManager/DescribeSecret.hs:415:143: warning: [GHC-02256] [-Wambiguous-fields]
    The record update s {createdDate = a} with type DescribeSecretResponse is ambiguous.
    This will not be supported by -XDuplicateRecordFields in future releases of GHC.
    |
415 | describeSecretResponse_createdDate = Lens.lens (\DescribeSecretResponse' {createdDate} -> createdDate) (\s@DescribeSecretResponse' {} a -> s {createdDate = a} :: DescribeSecretResponse) Prelude.. Lens.mapping Data._Time
    |                                                                                                                                               ^^^^^^^^^^^^^^^

gen/Amazonka/SecretsManager/DescribeSecret.hs:427:143: warning: [GHC-02256] [-Wambiguous-fields]
    The record update s {deletedDate = a} with type DescribeSecretResponse is ambiguous.
    This will not be supported by -XDuplicateRecordFields in future releases of GHC.
    |
427 | describeSecretResponse_deletedDate = Lens.lens (\DescribeSecretResponse' {deletedDate} -> deletedDate) (\s@DescribeSecretResponse' {} a -> s {deletedDate = a} :: DescribeSecretResponse) Prelude.. Lens.mapping Data._Time
    |                                                                                                                                               ^^^^^^^^^^^^^^^

gen/Amazonka/SecretsManager/DescribeSecret.hs:431:143: warning: [GHC-02256] [-Wambiguous-fields]
    The record update s {description = a} with type DescribeSecretResponse is ambiguous.
    This will not be supported by -XDuplicateRecordFields in future releases of GHC.
    |
431 | describeSecretResponse_description = Lens.lens (\DescribeSecretResponse' {description} -> description) (\s@DescribeSecretResponse' {} a -> s {description = a} :: DescribeSecretResponse)
    |                                                                                                                                               ^^^^^^^^^^^^^^^

gen/Amazonka/SecretsManager/DescribeSecret.hs:438:134: warning: [GHC-02256] [-Wambiguous-fields]
    The record update s {kmsKeyId = a} with type DescribeSecretResponse is ambiguous.
    This will not be supported by -XDuplicateRecordFields in future releases of GHC.
    |
438 | describeSecretResponse_kmsKeyId = Lens.lens (\DescribeSecretResponse' {kmsKeyId} -> kmsKeyId) (\s@DescribeSecretResponse' {} a -> s {kmsKeyId = a} :: DescribeSecretResponse)
    |                                                                                                                                      ^^^^^^^^^^^^

gen/Amazonka/SecretsManager/DescribeSecret.hs:443:158: warning: [GHC-02256] [-Wambiguous-fields]
    The record update s {lastAccessedDate = a} with type DescribeSecretResponse is ambiguous.
    This will not be supported by -XDuplicateRecordFields in future releases of GHC.
    |
443 | describeSecretResponse_lastAccessedDate = Lens.lens (\DescribeSecretResponse' {lastAccessedDate} -> lastAccessedDate) (\s@DescribeSecretResponse' {} a -> s {lastAccessedDate = a} :: DescribeSecretResponse) Prelude.. Lens.mapping Data._Time
    |                                                                                                                                                              ^^^^^^^^^^^^^^^^^^^^

gen/Amazonka/SecretsManager/DescribeSecret.hs:447:155: warning: [GHC-02256] [-Wambiguous-fields]
    The record update s {lastChangedDate = a} with type DescribeSecretResponse is ambiguous.
    This will not be supported by -XDuplicateRecordFields in future releases of GHC.
    |
447 | describeSecretResponse_lastChangedDate = Lens.lens (\DescribeSecretResponse' {lastChangedDate} -> lastChangedDate) (\s@DescribeSecretResponse' {} a -> s {lastChangedDate = a} :: DescribeSecretResponse) Prelude.. Lens.mapping Data._Time
    |                                                                                                                                                           ^^^^^^^^^^^^^^^^^^^

gen/Amazonka/SecretsManager/DescribeSecret.hs:452:155: warning: [GHC-02256] [-Wambiguous-fields]
    The record update s {lastRotatedDate = a} with type DescribeSecretResponse is ambiguous.
    This will not be supported by -XDuplicateRecordFields in future releases of GHC.
    |
452 | describeSecretResponse_lastRotatedDate = Lens.lens (\DescribeSecretResponse' {lastRotatedDate} -> lastRotatedDate) (\s@DescribeSecretResponse' {} a -> s {lastRotatedDate = a} :: DescribeSecretResponse) Prelude.. Lens.mapping Data._Time
    |                                                                                                                                                           ^^^^^^^^^^^^^^^^^^^

gen/Amazonka/SecretsManager/DescribeSecret.hs:456:122: warning: [GHC-02256] [-Wambiguous-fields]
    The record update s {name = a} with type DescribeSecretResponse is ambiguous.
    This will not be supported by -XDuplicateRecordFields in future releases of GHC.
    |
456 | describeSecretResponse_name = Lens.lens (\DescribeSecretResponse' {name} -> name) (\s@DescribeSecretResponse' {} a -> s {name = a} :: DescribeSecretResponse)
    |                                                                                                                          ^^^^^^^^

gen/Amazonka/SecretsManager/DescribeSecret.hs:460:158: warning: [GHC-02256] [-Wambiguous-fields]
    The record update s {nextRotationDate = a} with type DescribeSecretResponse is ambiguous.
    This will not be supported by -XDuplicateRecordFields in future releases of GHC.
    |
460 | describeSecretResponse_nextRotationDate = Lens.lens (\DescribeSecretResponse' {nextRotationDate} -> nextRotationDate) (\s@DescribeSecretResponse' {} a -> s {nextRotationDate = a} :: DescribeSecretResponse) Prelude.. Lens.mapping Data._Time
    |                                                                                                                                                              ^^^^^^^^^^^^^^^^^^^^

gen/Amazonka/SecretsManager/DescribeSecret.hs:466:149: warning: [GHC-02256] [-Wambiguous-fields]
    The record update s {owningService = a} with type DescribeSecretResponse is ambiguous.
    This will not be supported by -XDuplicateRecordFields in future releases of GHC.
    |
466 | describeSecretResponse_owningService = Lens.lens (\DescribeSecretResponse' {owningService} -> owningService) (\s@DescribeSecretResponse' {} a -> s {owningService = a} :: DescribeSecretResponse)
    |                                                                                                                                                     ^^^^^^^^^^^^^^^^^

gen/Amazonka/SecretsManager/DescribeSecret.hs:471:149: warning: [GHC-02256] [-Wambiguous-fields]
    The record update s {primaryRegion = a} with type DescribeSecretResponse is ambiguous.
    This will not be supported by -XDuplicateRecordFields in future releases of GHC.
    |
471 | describeSecretResponse_primaryRegion = Lens.lens (\DescribeSecretResponse' {primaryRegion} -> primaryRegion) (\s@DescribeSecretResponse' {} a -> s {primaryRegion = a} :: DescribeSecretResponse)
    |                                                                                                                                                     ^^^^^^^^^^^^^^^^^

gen/Amazonka/SecretsManager/DescribeSecret.hs:489:155: warning: [GHC-02256] [-Wambiguous-fields]
    The record update s {rotationEnabled = a} with type DescribeSecretResponse is ambiguous.
    This will not be supported by -XDuplicateRecordFields in future releases of GHC.
    |
489 | describeSecretResponse_rotationEnabled = Lens.lens (\DescribeSecretResponse' {rotationEnabled} -> rotationEnabled) (\s@DescribeSecretResponse' {} a -> s {rotationEnabled = a} :: DescribeSecretResponse)
    |                                                                                                                                                           ^^^^^^^^^^^^^^^^^^^

gen/Amazonka/SecretsManager/DescribeSecret.hs:494:161: warning: [GHC-02256] [-Wambiguous-fields]
    The record update s {rotationLambdaARN = a} with type DescribeSecretResponse is ambiguous.
    This will not be supported by -XDuplicateRecordFields in future releases of GHC.
    |
494 | describeSecretResponse_rotationLambdaARN = Lens.lens (\DescribeSecretResponse' {rotationLambdaARN} -> rotationLambdaARN) (\s@DescribeSecretResponse' {} a -> s {rotationLambdaARN = a} :: DescribeSecretResponse)
    |                                                                                                                                                                 ^^^^^^^^^^^^^^^^^^^^^

gen/Amazonka/SecretsManager/DescribeSecret.hs:501:149: warning: [GHC-02256] [-Wambiguous-fields]
    The record update s {rotationRules = a} with type DescribeSecretResponse is ambiguous.
    This will not be supported by -XDuplicateRecordFields in future releases of GHC.
    |
501 | describeSecretResponse_rotationRules = Lens.lens (\DescribeSecretResponse' {rotationRules} -> rotationRules) (\s@DescribeSecretResponse' {} a -> s {rotationRules = a} :: DescribeSecretResponse)
    |                                                                                                                                                     ^^^^^^^^^^^^^^^^^

gen/Amazonka/SecretsManager/DescribeSecret.hs:506:122: warning: [GHC-02256] [-Wambiguous-fields]
    The record update s {tags = a} with type DescribeSecretResponse is ambiguous.
    This will not be supported by -XDuplicateRecordFields in future releases of GHC.
    |
506 | describeSecretResponse_tags = Lens.lens (\DescribeSecretResponse' {tags} -> tags) (\s@DescribeSecretResponse' {} a -> s {tags = a} :: DescribeSecretResponse) Prelude.. Lens.mapping Lens.coerced
    |                                                                                                                          ^^^^^^^^
[27 of 37] Compiling Amazonka.SecretsManager.DeleteSecret

gen/Amazonka/SecretsManager/DeleteSecret.hs:319:113: warning: [GHC-02256] [-Wambiguous-fields]
    The record update s {arn = a} with type DeleteSecretResponse is ambiguous.
    This will not be supported by -XDuplicateRecordFields in future releases of GHC.
    |
319 | deleteSecretResponse_arn = Lens.lens (\DeleteSecretResponse' {arn} -> arn) (\s@DeleteSecretResponse' {} a -> s {arn = a} :: DeleteSecretResponse)
    |                                                                                                                 ^^^^^^^

gen/Amazonka/SecretsManager/DeleteSecret.hs:330:116: warning: [GHC-02256] [-Wambiguous-fields]
    The record update s {name = a} with type DeleteSecretResponse is ambiguous.
    This will not be supported by -XDuplicateRecordFields in future releases of GHC.
    |
330 | deleteSecretResponse_name = Lens.lens (\DeleteSecretResponse' {name} -> name) (\s@DeleteSecretResponse' {} a -> s {name = a} :: DeleteSecretResponse)
    |                                                                                                                    ^^^^^^^^
[28 of 37] Compiling Amazonka.SecretsManager.DeleteResourcePolicy

gen/Amazonka/SecretsManager/DeleteResourcePolicy.hs:193:137: warning: [GHC-02256] [-Wambiguous-fields]
    The record update s {arn = a} with type DeleteResourcePolicyResponse is ambiguous.
    This will not be supported by -XDuplicateRecordFields in future releases of GHC.
    |
193 | deleteResourcePolicyResponse_arn = Lens.lens (\DeleteResourcePolicyResponse' {arn} -> arn) (\s@DeleteResourcePolicyResponse' {} a -> s {arn = a} :: DeleteResourcePolicyResponse)
    |                                                                                                                                         ^^^^^^^

gen/Amazonka/SecretsManager/DeleteResourcePolicy.hs:197:140: warning: [GHC-02256] [-Wambiguous-fields]
    The record update s {name = a} with type DeleteResourcePolicyResponse is ambiguous.
    This will not be supported by -XDuplicateRecordFields in future releases of GHC.
    |
197 | deleteResourcePolicyResponse_name = Lens.lens (\DeleteResourcePolicyResponse' {name} -> name) (\s@DeleteResourcePolicyResponse' {} a -> s {name = a} :: DeleteResourcePolicyResponse)
    |                                                                                                                                            ^^^^^^^^
[29 of 37] Compiling Amazonka.SecretsManager.CreateSecret

gen/Amazonka/SecretsManager/CreateSecret.hs:450:113: warning: [GHC-02256] [-Wambiguous-fields]
    The record update s {description = a} with type CreateSecret is ambiguous.
    This will not be supported by -XDuplicateRecordFields in future releases of GHC.
    |
450 | createSecret_description = Lens.lens (\CreateSecret' {description} -> description) (\s@CreateSecret' {} a -> s {description = a} :: CreateSecret)
    |                                                                                                                 ^^^^^^^^^^^^^^^

gen/Amazonka/SecretsManager/CreateSecret.hs:476:104: warning: [GHC-02256] [-Wambiguous-fields]
    The record update s {kmsKeyId = a} with type CreateSecret is ambiguous.
    This will not be supported by -XDuplicateRecordFields in future releases of GHC.
    |
476 | createSecret_kmsKeyId = Lens.lens (\CreateSecret' {kmsKeyId} -> kmsKeyId) (\s@CreateSecret' {} a -> s {kmsKeyId = a} :: CreateSecret)
    |                                                                                                        ^^^^^^^^^^^^

gen/Amazonka/SecretsManager/CreateSecret.hs:550:92: warning: [GHC-02256] [-Wambiguous-fields]
    The record update s {tags = a} with type CreateSecret is ambiguous.
    This will not be supported by -XDuplicateRecordFields in future releases of GHC.
    |
550 | createSecret_tags = Lens.lens (\CreateSecret' {tags} -> tags) (\s@CreateSecret' {} a -> s {tags = a} :: CreateSecret) Prelude.. Lens.mapping Lens.coerced
    |                                                                                            ^^^^^^^^

gen/Amazonka/SecretsManager/CreateSecret.hs:562:92: warning: [GHC-02256] [-Wambiguous-fields]
    The record update s {name = a} with type CreateSecret is ambiguous.
    This will not be supported by -XDuplicateRecordFields in future releases of GHC.
    |
562 | createSecret_name = Lens.lens (\CreateSecret' {name} -> name) (\s@CreateSecret' {} a -> s {name = a} :: CreateSecret)
    |                                                                                            ^^^^^^^^

gen/Amazonka/SecretsManager/CreateSecret.hs:720:113: warning: [GHC-02256] [-Wambiguous-fields]
    The record update s {arn = a} with type CreateSecretResponse is ambiguous.
    This will not be supported by -XDuplicateRecordFields in future releases of GHC.
    |
720 | createSecretResponse_arn = Lens.lens (\CreateSecretResponse' {arn} -> arn) (\s@CreateSecretResponse' {} a -> s {arn = a} :: CreateSecretResponse)
    |                                                                                                                 ^^^^^^^

gen/Amazonka/SecretsManager/CreateSecret.hs:724:116: warning: [GHC-02256] [-Wambiguous-fields]
    The record update s {name = a} with type CreateSecretResponse is ambiguous.
    This will not be supported by -XDuplicateRecordFields in future releases of GHC.
    |
724 | createSecretResponse_name = Lens.lens (\CreateSecretResponse' {name} -> name) (\s@CreateSecretResponse' {} a -> s {name = a} :: CreateSecretResponse)
    |                                                                                                                    ^^^^^^^^

gen/Amazonka/SecretsManager/CreateSecret.hs:739:131: warning: [GHC-02256] [-Wambiguous-fields]
    The record update s {versionId = a} with type CreateSecretResponse is ambiguous.
    This will not be supported by -XDuplicateRecordFields in future releases of GHC.
    |
739 | createSecretResponse_versionId = Lens.lens (\CreateSecretResponse' {versionId} -> versionId) (\s@CreateSecretResponse' {} a -> s {versionId = a} :: CreateSecretResponse)
    |                                                                                                                                   ^^^^^^^^^^^^^
[30 of 37] Compiling Amazonka.SecretsManager.CancelRotateSecret

gen/Amazonka/SecretsManager/CancelRotateSecret.hs:218:131: warning: [GHC-02256] [-Wambiguous-fields]
    The record update s {arn = a} with type CancelRotateSecretResponse is ambiguous.
    This will not be supported by -XDuplicateRecordFields in future releases of GHC.
    |
218 | cancelRotateSecretResponse_arn = Lens.lens (\CancelRotateSecretResponse' {arn} -> arn) (\s@CancelRotateSecretResponse' {} a -> s {arn = a} :: CancelRotateSecretResponse)
    |                                                                                                                                   ^^^^^^^

gen/Amazonka/SecretsManager/CancelRotateSecret.hs:222:134: warning: [GHC-02256] [-Wambiguous-fields]
    The record update s {name = a} with type CancelRotateSecretResponse is ambiguous.
    This will not be supported by -XDuplicateRecordFields in future releases of GHC.
    |
222 | cancelRotateSecretResponse_name = Lens.lens (\CancelRotateSecretResponse' {name} -> name) (\s@CancelRotateSecretResponse' {} a -> s {name = a} :: CancelRotateSecretResponse)
    |                                                                                                                                      ^^^^^^^^

gen/Amazonka/SecretsManager/CancelRotateSecret.hs:231:149: warning: [GHC-02256] [-Wambiguous-fields]
    The record update s {versionId = a} with type CancelRotateSecretResponse is ambiguous.
    This will not be supported by -XDuplicateRecordFields in future releases of GHC.
    |
231 | cancelRotateSecretResponse_versionId = Lens.lens (\CancelRotateSecretResponse' {versionId} -> versionId) (\s@CancelRotateSecretResponse' {} a -> s {versionId = a} :: CancelRotateSecretResponse)
    |                                                                                                                                                     ^^^^^^^^^^^^^
[31 of 37] Compiling Amazonka.SecretsManager.UntagResource
[32 of 37] Compiling Amazonka.SecretsManager.UpdateSecret

gen/Amazonka/SecretsManager/UpdateSecret.hs:269:113: warning: [GHC-02256] [-Wambiguous-fields]
    The record update s {description = a} with type UpdateSecret is ambiguous.
    This will not be supported by -XDuplicateRecordFields in future releases of GHC.
    |
269 | updateSecret_description = Lens.lens (\UpdateSecret' {description} -> description) (\s@UpdateSecret' {} a -> s {description = a} :: UpdateSecret)
    |                                                                                                                 ^^^^^^^^^^^^^^^

gen/Amazonka/SecretsManager/UpdateSecret.hs:297:104: warning: [GHC-02256] [-Wambiguous-fields]
    The record update s {kmsKeyId = a} with type UpdateSecret is ambiguous.
    This will not be supported by -XDuplicateRecordFields in future releases of GHC.
    |
297 | updateSecret_kmsKeyId = Lens.lens (\UpdateSecret' {kmsKeyId} -> kmsKeyId) (\s@UpdateSecret' {} a -> s {kmsKeyId = a} :: UpdateSecret)
    |                                                                                                        ^^^^^^^^^^^^

gen/Amazonka/SecretsManager/UpdateSecret.hs:443:113: warning: [GHC-02256] [-Wambiguous-fields]
    The record update s {arn = a} with type UpdateSecretResponse is ambiguous.
    This will not be supported by -XDuplicateRecordFields in future releases of GHC.
    |
443 | updateSecretResponse_arn = Lens.lens (\UpdateSecretResponse' {arn} -> arn) (\s@UpdateSecretResponse' {} a -> s {arn = a} :: UpdateSecretResponse)
    |                                                                                                                 ^^^^^^^

gen/Amazonka/SecretsManager/UpdateSecret.hs:447:116: warning: [GHC-02256] [-Wambiguous-fields]
    The record update s {name = a} with type UpdateSecretResponse is ambiguous.
    This will not be supported by -XDuplicateRecordFields in future releases of GHC.
    |
447 | updateSecretResponse_name = Lens.lens (\UpdateSecretResponse' {name} -> name) (\s@UpdateSecretResponse' {} a -> s {name = a} :: UpdateSecretResponse)
    |                                                                                                                    ^^^^^^^^

gen/Amazonka/SecretsManager/UpdateSecret.hs:453:131: warning: [GHC-02256] [-Wambiguous-fields]
    The record update s {versionId = a} with type UpdateSecretResponse is ambiguous.
    This will not be supported by -XDuplicateRecordFields in future releases of GHC.
    |
453 | updateSecretResponse_versionId = Lens.lens (\UpdateSecretResponse' {versionId} -> versionId) (\s@UpdateSecretResponse' {} a -> s {versionId = a} :: UpdateSecretResponse)
    |                                                                                                                                   ^^^^^^^^^^^^^
[33 of 37] Compiling Amazonka.SecretsManager.UpdateSecretVersionStage

gen/Amazonka/SecretsManager/UpdateSecretVersionStage.hs:288:149: warning: [GHC-02256] [-Wambiguous-fields]
    The record update s {arn = a} with type UpdateSecretVersionStageResponse is ambiguous.
    This will not be supported by -XDuplicateRecordFields in future releases of GHC.
    |
288 | updateSecretVersionStageResponse_arn = Lens.lens (\UpdateSecretVersionStageResponse' {arn} -> arn) (\s@UpdateSecretVersionStageResponse' {} a -> s {arn = a} :: UpdateSecretVersionStageResponse)
    |                                                                                                                                                     ^^^^^^^

gen/Amazonka/SecretsManager/UpdateSecretVersionStage.hs:292:152: warning: [GHC-02256] [-Wambiguous-fields]
    The record update s {name = a} with type UpdateSecretVersionStageResponse is ambiguous.
    This will not be supported by -XDuplicateRecordFields in future releases of GHC.
    |
292 | updateSecretVersionStageResponse_name = Lens.lens (\UpdateSecretVersionStageResponse' {name} -> name) (\s@UpdateSecretVersionStageResponse' {} a -> s {name = a} :: UpdateSecretVersionStageResponse)
    |                                                                                                                                                        ^^^^^^^^
[34 of 37] Compiling Amazonka.SecretsManager.ValidateResourcePolicy
[35 of 37] Compiling Amazonka.SecretsManager.Lens
[36 of 37] Compiling Amazonka.SecretsManager.Waiters
[37 of 37] Compiling Amazonka.SecretsManager
Configuring test suite 'amazonka-secretsmanager-test' for amazonka-secretsmanager-2.0...
Preprocessing test suite 'amazonka-secretsmanager-test' for amazonka-secretsmanager-2.0...
Building test suite 'amazonka-secretsmanager-test' for amazonka-secretsmanager-2.0...
[1 of 4] Compiling Test.Amazonka.SecretsManager
[2 of 4] Compiling Test.Amazonka.SecretsManager.Internal
[3 of 4] Compiling Test.Amazonka.Gen.SecretsManager
[4 of 4] Compiling Main
[5 of 5] Linking /tmp/workdir-amazonka-secretsmanager/amazonka-secretsmanager-2.0/dist-newstyle/build/x86_64-linux/ghc-9.6.6/amazonka-secretsmanager-2.0/t/amazonka-secretsmanager-test/build/amazonka-secretsmanager-test/amazonka-secretsmanager-test
