Build profile: -w ghc-9.6.6 -O1
In order, the following will be built (use -v for more details):
 - netwire-5.0.3 (lib) (first run)
Configuring library for netwire-5.0.3...
Preprocessing library for netwire-5.0.3...
Building library for netwire-5.0.3...
[ 1 of 14] Compiling Control.Wire.Core

Control/Wire/Core.hs:220:5: warning: [-Wnoncanonical-monoid-instances]
    Noncanonical ‘mappend’ definition detected
    in the instance declaration for ‘Monoid (Wire s e m a b)’.
    ‘mappend’ will eventually be removed in favour of ‘(<>)’
    Either remove definition for ‘mappend’ (recommended) or define as ‘mappend = (<>)’
    See also: https://gitlab.haskell.org/ghc/ghc/-/wikis/proposal/semigroup-monoid
    |
220 |     mappend = liftA2 mappend
    |     ^^^^^^^^^^^^^^^^^^^^^^^^
[ 2 of 14] Compiling Control.Wire.Session

Control/Wire/Session.hs:29:1: warning: [-Wunused-imports]
    The import of ‘Control.Applicative’ is redundant
      except perhaps to import instances from ‘Control.Applicative’
    To import instances alone, use: import Control.Applicative()
   |
29 | import Control.Applicative
   | ^^^^^^^^^^^^^^^^^^^^^^^^^^

Control/Wire/Session.hs:32:1: warning: [-Wunused-imports]
    The import of ‘Data.Foldable’ is redundant
      except perhaps to import instances from ‘Data.Foldable’
    To import instances alone, use: import Data.Foldable()
   |
32 | import Data.Foldable (Foldable)
   | ^^^^^^^^^^^^^^^^^^^^^^^^^^^^^^^

Control/Wire/Session.hs:33:1: warning: [-Wunused-imports]
    The import of ‘Data.Semigroup’ is redundant
      except perhaps to import instances from ‘Data.Semigroup’
    To import instances alone, use: import Data.Semigroup()
   |
33 | import Data.Semigroup
   | ^^^^^^^^^^^^^^^^^^^^^

Control/Wire/Session.hs:35:1: warning: [-Wunused-imports]
    The import of ‘Data.Traversable’ is redundant
      except perhaps to import instances from ‘Data.Traversable’
    To import instances alone, use: import Data.Traversable()
   |
35 | import Data.Traversable (Traversable)
   | ^^^^^^^^^^^^^^^^^^^^^^^^^^^^^^^^^^^^^
[ 3 of 14] Compiling Control.Wire.Run
[ 4 of 14] Compiling Control.Wire.Time
[ 5 of 14] Compiling Control.Wire.Unsafe.Event

Control/Wire/Unsafe/Event.hs:22:1: warning: [-Wunused-imports]
    The import of ‘Data.Semigroup’ is redundant
      except perhaps to import instances from ‘Data.Semigroup’
    To import instances alone, use: import Data.Semigroup()
   |
22 | import Data.Semigroup
   | ^^^^^^^^^^^^^^^^^^^^^
[ 6 of 14] Compiling Control.Wire.Event

Control/Wire/Event.hs:49:1: warning: [-Wunused-imports]
    The import of ‘Control.Applicative’ is redundant
      except perhaps to import instances from ‘Control.Applicative’
    To import instances alone, use: import Control.Applicative()
   |
49 | import Control.Applicative
   | ^^^^^^^^^^^^^^^^^^^^^^^^^^
[ 7 of 14] Compiling Control.Wire.Switch

Control/Wire/Switch.hs:31:1: warning: [-Wunused-imports]
    The import of ‘Control.Applicative’ is redundant
      except perhaps to import instances from ‘Control.Applicative’
    To import instances alone, use: import Control.Applicative()
   |
31 | import Control.Applicative
   | ^^^^^^^^^^^^^^^^^^^^^^^^^^

Control/Wire/Switch.hs:38:1: warning: [-Wunused-imports]
    The import of ‘Data.Monoid’ is redundant
      except perhaps to import instances from ‘Data.Monoid’
    To import instances alone, use: import Data.Monoid()
   |
38 | import Data.Monoid
   | ^^^^^^^^^^^^^^^^^^
[ 8 of 14] Compiling Control.Wire.Interval
[ 9 of 14] Compiling Control.Wire
[10 of 14] Compiling FRP.Netwire.Move
[11 of 14] Compiling FRP.Netwire.Noise
[12 of 14] Compiling FRP.Netwire.Utils.Timeline

FRP/Netwire/Utils/Timeline.hs:32:1: warning: [-Wunused-imports]
    The import of ‘Control.Applicative’ is redundant
      except perhaps to import instances from ‘Control.Applicative’
    To import instances alone, use: import Control.Applicative()
   |
32 | import Control.Applicative
   | ^^^^^^^^^^^^^^^^^^^^^^^^^^
[13 of 14] Compiling FRP.Netwire.Analyze
[14 of 14] Compiling FRP.Netwire
