Build profile: -w ghc-9.6.6 -O1
In order, the following will be built (use -v for more details):
 - wai-extra-3.1.15 (lib) (first run)
 - wai-extra-3.1.15 (test:spec) (first run)
Configuring library for wai-extra-3.1.15...
Preprocessing library for wai-extra-3.1.15...
Building library for wai-extra-3.1.15...
[ 1 of 40] Compiling Network.Wai.EventSource.EventStream
[ 2 of 40] Compiling Network.Wai.EventSource
[ 3 of 40] Compiling Network.Wai.Handler.CGI
[ 4 of 40] Compiling Network.Wai.Handler.SCGI
[ 5 of 40] Compiling Network.Wai.Middleware.AddHeaders
[ 6 of 40] Compiling Network.Wai.Middleware.Autohead
[ 7 of 40] Compiling Network.Wai.Middleware.CleanPath
[ 8 of 40] Compiling Network.Wai.Middleware.HealthCheckEndpoint
[ 9 of 40] Compiling Network.Wai.Middleware.HttpAuth
[10 of 40] Compiling Network.Wai.Middleware.Jsonp
[11 of 40] Compiling Network.Wai.Middleware.Local
[12 of 40] Compiling Network.Wai.Middleware.MethodOverride
[13 of 40] Compiling Network.Wai.Middleware.MethodOverridePost
[14 of 40] Compiling Network.Wai.Middleware.RealIp
[15 of 40] Compiling Network.Wai.Middleware.RequestLogger.Internal
[16 of 40] Compiling Network.Wai.Middleware.RequestSizeLimit.Internal
[17 of 40] Compiling Network.Wai.Middleware.Rewrite
[18 of 40] Compiling Network.Wai.Middleware.Routed
[19 of 40] Compiling Network.Wai.Middleware.Select
[20 of 40] Compiling Network.Wai.Middleware.StreamFile
[21 of 40] Compiling Network.Wai.Middleware.StripHeaders
[22 of 40] Compiling Network.Wai.Middleware.Timeout
[23 of 40] Compiling Network.Wai.Middleware.ValidateHeaders
[24 of 40] Compiling Network.Wai.Middleware.Vhost
[25 of 40] Compiling Network.Wai.Parse
[26 of 40] Compiling Network.Wai.Request
[27 of 40] Compiling Network.Wai.Middleware.RequestSizeLimit
[28 of 40] Compiling Network.Wai.Middleware.ForceSSL
[29 of 40] Compiling Network.Wai.Middleware.ForceDomain
[30 of 40] Compiling Network.Wai.Middleware.Approot
[31 of 40] Compiling Network.Wai.Test.Internal
[32 of 40] Compiling Network.Wai.Test
[33 of 40] Compiling Network.Wai.UrlMap
[34 of 40] Compiling Network.Wai.Util
[35 of 40] Compiling Network.Wai.Middleware.CombineHeaders
[36 of 40] Compiling Network.Wai.Header
[37 of 40] Compiling Network.Wai.Middleware.RequestLogger
[38 of 40] Compiling Network.Wai.Middleware.RequestLogger.JSON
[39 of 40] Compiling Network.Wai.Middleware.Gzip
[40 of 40] Compiling Network.Wai.Middleware.AcceptOverride
Configuring test suite 'spec' for wai-extra-3.1.15...
Preprocessing test suite 'spec' for wai-extra-3.1.15...
Building test suite 'spec' for wai-extra-3.1.15...
[ 1 of 15] Compiling Network.Wai.Middleware.ApprootSpec
[ 2 of 15] Compiling Network.Wai.Middleware.CombineHeadersSpec
[ 3 of 15] Compiling Network.Wai.Middleware.ForceSSLSpec
[ 4 of 15] Compiling Network.Wai.Middleware.RealIpSpec
[ 5 of 15] Compiling Network.Wai.Middleware.RequestSizeLimitSpec
[ 6 of 15] Compiling Network.Wai.Middleware.RoutedSpec
[ 7 of 15] Compiling Network.Wai.Middleware.SelectSpec
[ 8 of 15] Compiling Network.Wai.Middleware.StripHeadersSpec
[ 9 of 15] Compiling Network.Wai.Middleware.TimeoutSpec
[10 of 15] Compiling Network.Wai.Middleware.ValidateHeadersSpec
[11 of 15] Compiling Network.Wai.RequestSpec
[12 of 15] Compiling Network.Wai.TestSpec
[13 of 15] Compiling WaiExtraSpec
[14 of 15] Compiling Network.Wai.ParseSpec
[15 of 15] Compiling Main
[16 of 16] Linking /tmp/workdir-wai-extra/wai-extra-3.1.15/dist-newstyle/build/x86_64-linux/ghc-9.6.6/wai-extra-3.1.15/t/spec/build/spec/spec
