Build profile: -w ghc-9.6.6 -O1
In order, the following will be built (use -v for more details):
 - comfort-blas-0.0.3 (lib) (first run)
 - comfort-blas-0.0.3 (test:comfort-blas-test) (first run)
Configuring library for comfort-blas-0.0.3...
Preprocessing library for comfort-blas-0.0.3...
Building library for comfort-blas-0.0.3...
[1 of 8] Compiling Numeric.BLAS.Matrix.Layout
[2 of 8] Compiling Numeric.BLAS.Matrix.Modifier
[3 of 8] Compiling Numeric.BLAS.Scalar
[4 of 8] Compiling Numeric.BLAS.Private

src/Numeric/BLAS/Private.hs:22:1: warning: [-Wunused-imports]
    The import of ‘Control.Applicative’ is redundant
      except perhaps to import instances from ‘Control.Applicative’
    To import instances alone, use: import Control.Applicative()
   |
22 | import Control.Applicative (liftA2)
   | ^^^^^^^^^^^^^^^^^^^^^^^^^^^^^^^^^^^
[5 of 8] Compiling Numeric.BLAS.Matrix.RowMajor

src/Numeric/BLAS/Matrix/RowMajor.hs:49:1: warning: [-Wunused-imports]
    The import of ‘Control.Applicative’ is redundant
      except perhaps to import instances from ‘Control.Applicative’
    To import instances alone, use: import Control.Applicative()
   |
49 | import Control.Applicative (liftA2)
   | ^^^^^^^^^^^^^^^^^^^^^^^^^^^^^^^^^^^
[6 of 8] Compiling Numeric.BLAS.Slice
[7 of 8] Compiling Numeric.BLAS.Vector
[8 of 8] Compiling Numeric.BLAS.Vector.Slice
Configuring test suite 'comfort-blas-test' for comfort-blas-0.0.3...
Preprocessing test suite 'comfort-blas-test' for comfort-blas-0.0.3...
Building test suite 'comfort-blas-test' for comfort-blas-0.0.3...
[ 1 of 25] Compiling Test.ComplexDouble.Type
[ 2 of 25] Compiling Test.ComplexFloat.Type
[ 3 of 25] Compiling Test.Double.Type
[ 4 of 25] Compiling Test.Float.Type
[ 5 of 25] Compiling Test.Generator

test/Test/Generator.hs:8:1: warning: [-Wunused-imports]
    The import of ‘Control.Applicative’ is redundant
      except perhaps to import instances from ‘Control.Applicative’
    To import instances alone, use: import Control.Applicative()
  |
8 | import Control.Applicative (liftA2)
  | ^^^^^^^^^^^^^^^^^^^^^^^^^^^^^^^^^^^
[ 6 of 25] Compiling Test.Slice
[ 7 of 25] Compiling Test.Numeric.BLAS.Slice

src/Numeric/BLAS/Slice.hs:28:1: warning: [-Wunused-imports]
    The import of ‘liftA2, pure’
    from module ‘Control.Applicative’ is redundant
   |
28 | >>> import Control.Applicative (liftA2, liftA3, pure)
   | ^^^^^^^^^^^^^^^^^^^^^^^^^^^^^^^^^^^^^^^^^^^^^^^^^^^^^
[ 8 of 25] Compiling Test.Utility
[ 9 of 25] Compiling Test.Float.Numeric.BLAS.Vector

src/Numeric/BLAS/Vector.hs:115:1: warning: [-Wunused-imports]
    The import of ‘Data.Monoid’ is redundant
      except perhaps to import instances from ‘Data.Monoid’
    To import instances alone, use: import Data.Monoid()
    |
115 | >>> import Data.Monoid ((<>))
    | ^^^^^^^^^^^^^^^^^^^^^^^^^^^^^

src/Numeric/BLAS/Vector.hs:117:1: warning: [-Wunused-imports]
    The import of ‘Control.Applicative’ is redundant
      except perhaps to import instances from ‘Control.Applicative’
    To import instances alone, use: import Control.Applicative()
    |
117 | >>> import Control.Applicative (liftA2)
    | ^^^^^^^^^^^^^^^^^^^^^^^^^^^^^^^^^^^^^^^
[10 of 25] Compiling Test.Float.Numeric.BLAS.Vector.Slice

src/Numeric/BLAS/Vector/Slice.hs:121:1: warning: [-Wunused-imports]
    The import of ‘Control.Applicative’ is redundant
      except perhaps to import instances from ‘Control.Applicative’
    To import instances alone, use: import Control.Applicative()
    |
121 | >>> import Control.Applicative (liftA2)
    | ^^^^^^^^^^^^^^^^^^^^^^^^^^^^^^^^^^^^^^^
[11 of 25] Compiling Test.Float.Numeric.BLAS.Matrix.RowMajor
[12 of 25] Compiling Test.Float.Main
[13 of 25] Compiling Test.Double.Numeric.BLAS.Vector

src/Numeric/BLAS/Vector.hs:115:1: warning: [-Wunused-imports]
    The import of ‘Data.Monoid’ is redundant
      except perhaps to import instances from ‘Data.Monoid’
    To import instances alone, use: import Data.Monoid()
    |
115 | >>> import Data.Monoid ((<>))
    | ^^^^^^^^^^^^^^^^^^^^^^^^^^^^^

src/Numeric/BLAS/Vector.hs:117:1: warning: [-Wunused-imports]
    The import of ‘Control.Applicative’ is redundant
      except perhaps to import instances from ‘Control.Applicative’
    To import instances alone, use: import Control.Applicative()
    |
117 | >>> import Control.Applicative (liftA2)
    | ^^^^^^^^^^^^^^^^^^^^^^^^^^^^^^^^^^^^^^^
[14 of 25] Compiling Test.Double.Numeric.BLAS.Vector.Slice

src/Numeric/BLAS/Vector/Slice.hs:121:1: warning: [-Wunused-imports]
    The import of ‘Control.Applicative’ is redundant
      except perhaps to import instances from ‘Control.Applicative’
    To import instances alone, use: import Control.Applicative()
    |
121 | >>> import Control.Applicative (liftA2)
    | ^^^^^^^^^^^^^^^^^^^^^^^^^^^^^^^^^^^^^^^
[15 of 25] Compiling Test.Double.Numeric.BLAS.Matrix.RowMajor
[16 of 25] Compiling Test.Double.Main
[17 of 25] Compiling Test.ComplexFloat.Numeric.BLAS.Vector

src/Numeric/BLAS/Vector.hs:115:1: warning: [-Wunused-imports]
    The import of ‘Data.Monoid’ is redundant
      except perhaps to import instances from ‘Data.Monoid’
    To import instances alone, use: import Data.Monoid()
    |
115 | >>> import Data.Monoid ((<>))
    | ^^^^^^^^^^^^^^^^^^^^^^^^^^^^^

src/Numeric/BLAS/Vector.hs:117:1: warning: [-Wunused-imports]
    The import of ‘Control.Applicative’ is redundant
      except perhaps to import instances from ‘Control.Applicative’
    To import instances alone, use: import Control.Applicative()
    |
117 | >>> import Control.Applicative (liftA2)
    | ^^^^^^^^^^^^^^^^^^^^^^^^^^^^^^^^^^^^^^^
[18 of 25] Compiling Test.ComplexFloat.Numeric.BLAS.Vector.Slice

src/Numeric/BLAS/Vector/Slice.hs:121:1: warning: [-Wunused-imports]
    The import of ‘Control.Applicative’ is redundant
      except perhaps to import instances from ‘Control.Applicative’
    To import instances alone, use: import Control.Applicative()
    |
121 | >>> import Control.Applicative (liftA2)
    | ^^^^^^^^^^^^^^^^^^^^^^^^^^^^^^^^^^^^^^^
[19 of 25] Compiling Test.ComplexFloat.Numeric.BLAS.Matrix.RowMajor
[20 of 25] Compiling Test.ComplexFloat.Main
[21 of 25] Compiling Test.ComplexDouble.Numeric.BLAS.Vector

src/Numeric/BLAS/Vector.hs:115:1: warning: [-Wunused-imports]
    The import of ‘Data.Monoid’ is redundant
      except perhaps to import instances from ‘Data.Monoid’
    To import instances alone, use: import Data.Monoid()
    |
115 | >>> import Data.Monoid ((<>))
    | ^^^^^^^^^^^^^^^^^^^^^^^^^^^^^

src/Numeric/BLAS/Vector.hs:117:1: warning: [-Wunused-imports]
    The import of ‘Control.Applicative’ is redundant
      except perhaps to import instances from ‘Control.Applicative’
    To import instances alone, use: import Control.Applicative()
    |
117 | >>> import Control.Applicative (liftA2)
    | ^^^^^^^^^^^^^^^^^^^^^^^^^^^^^^^^^^^^^^^
[22 of 25] Compiling Test.ComplexDouble.Numeric.BLAS.Vector.Slice

src/Numeric/BLAS/Vector/Slice.hs:121:1: warning: [-Wunused-imports]
    The import of ‘Control.Applicative’ is redundant
      except perhaps to import instances from ‘Control.Applicative’
    To import instances alone, use: import Control.Applicative()
    |
121 | >>> import Control.Applicative (liftA2)
    | ^^^^^^^^^^^^^^^^^^^^^^^^^^^^^^^^^^^^^^^
[23 of 25] Compiling Test.ComplexDouble.Numeric.BLAS.Matrix.RowMajor
[24 of 25] Compiling Test.ComplexDouble.Main
[25 of 25] Compiling Main
[26 of 26] Linking /tmp/workdir-comfort-blas/comfort-blas-0.0.3/dist-newstyle/build/x86_64-linux/ghc-9.6.6/comfort-blas-0.0.3/t/comfort-blas-test/build/comfort-blas-test/comfort-blas-test
