Build profile: -w ghc-9.6.6 -O1
In order, the following will be built (use -v for more details):
 - fgl-5.8.2.0 (lib) (first run)
 - fgl-5.8.2.0 (test:fgl-tests) (first run)
Configuring library for fgl-5.8.2.0...
Preprocessing library for fgl-5.8.2.0...
Building library for fgl-5.8.2.0...
[ 1 of 29] Compiling Data.Graph.Inductive.Graph
[ 2 of 29] Compiling Data.Graph.Inductive.Internal.Heap
[ 3 of 29] Compiling Data.Graph.Inductive.Internal.Queue
[ 4 of 29] Compiling Data.Graph.Inductive.Internal.RootPath
[ 5 of 29] Compiling Data.Graph.Inductive.Internal.Thread
[ 6 of 29] Compiling Data.Graph.Inductive.Basic
[ 7 of 29] Compiling Data.Graph.Inductive.Monad
[ 8 of 29] Compiling Data.Graph.Inductive.Monad.IOArray
[ 9 of 29] Compiling Data.Graph.Inductive.Monad.STArray
[10 of 29] Compiling Data.Graph.Inductive.NodeMap
[11 of 29] Compiling Data.Graph.Inductive.PatriciaTree

Data/Graph/Inductive/PatriciaTree.hs:30:1: warning: [-Wunused-imports]
    The import of ‘Control.Applicative’ is redundant
      except perhaps to import instances from ‘Control.Applicative’
    To import instances alone, use: import Control.Applicative()
   |
30 | import           Control.Applicative (liftA2)
   | ^^^^^^^^^^^^^^^^^^^^^^^^^^^^^^^^^^^^^^^^^^^^^
[12 of 29] Compiling Data.Graph.Inductive.Example
[13 of 29] Compiling Data.Graph.Inductive.Query.ArtPoint
[14 of 29] Compiling Data.Graph.Inductive.Query.BFS
[15 of 29] Compiling Data.Graph.Inductive.Query.DFS
[16 of 29] Compiling Data.Graph.Inductive.Query.BCC
[17 of 29] Compiling Data.Graph.Inductive.Query.Dominators
[18 of 29] Compiling Data.Graph.Inductive.Query.Indep
[19 of 29] Compiling Data.Graph.Inductive.Query.MST
[20 of 29] Compiling Data.Graph.Inductive.Query.MaxFlow
[21 of 29] Compiling Data.Graph.Inductive.Query.MaxFlow2
[22 of 29] Compiling Data.Graph.Inductive.Query.Monad
[23 of 29] Compiling Data.Graph.Inductive.Query.SP
[24 of 29] Compiling Data.Graph.Inductive.Query.GVD
[25 of 29] Compiling Data.Graph.Inductive.Query.TransClos
[26 of 29] Compiling Data.Graph.Inductive.Query
[27 of 29] Compiling Data.Graph.Inductive.Tree

Data/Graph/Inductive/Tree.hs:16:1: warning: [-Wunused-imports]
    The import of ‘Control.Applicative’ is redundant
      except perhaps to import instances from ‘Control.Applicative’
    To import instances alone, use: import Control.Applicative()
   |
16 | import           Control.Applicative (liftA2)
   | ^^^^^^^^^^^^^^^^^^^^^^^^^^^^^^^^^^^^^^^^^^^^^
[28 of 29] Compiling Paths_fgl
[29 of 29] Compiling Data.Graph.Inductive
Configuring test suite 'fgl-tests' for fgl-5.8.2.0...
Preprocessing test suite 'fgl-tests' for fgl-5.8.2.0...
Building test suite 'fgl-tests' for fgl-5.8.2.0...
[1 of 5] Compiling Data.Graph.Inductive.Arbitrary
[2 of 5] Compiling Data.Graph.Inductive.Proxy
[3 of 5] Compiling Data.Graph.Inductive.Graph.Properties

test/Data/Graph/Inductive/Graph/Properties.hs:21:1: warning: [-Wunused-imports]
    The import of ‘Control.Applicative’ is redundant
      except perhaps to import instances from ‘Control.Applicative’
    To import instances alone, use: import Control.Applicative()
   |
21 | import           Control.Applicative (liftA2)
   | ^^^^^^^^^^^^^^^^^^^^^^^^^^^^^^^^^^^^^^^^^^^^^
[4 of 5] Compiling Data.Graph.Inductive.Query.Properties
[5 of 5] Compiling Main
[6 of 6] Linking /tmp/workdir-fgl/fgl-5.8.2.0/dist-newstyle/build/x86_64-linux/ghc-9.6.6/fgl-5.8.2.0/t/fgl-tests/build/fgl-tests/fgl-tests
