Resolving dependencies...
Build profile: -w ghc-9.6.6 -O1
In order, the following will be built (use -v for more details):
 - df1-0.4.3 (lib) (requires build)
 - di-core-1.0.4 (lib) (requires build)
 - pipes-safe-2.3.5 (lib) (requires build)
 - streaming-0.2.4.0 (lib) (requires build)
 - di-handle-1.0.1 (lib) (requires build)
 - di-monad-1.3.5 (lib) (requires build)
 - di-df1-1.2.1 (lib) (requires build)
Starting     df1-0.4.3 (lib)
Starting     di-core-1.0.4 (lib)
Starting     pipes-safe-2.3.5 (lib)
Starting     streaming-0.2.4.0 (lib)
Building     df1-0.4.3 (lib)
Building     di-core-1.0.4 (lib)
Building     pipes-safe-2.3.5 (lib)
Building     streaming-0.2.4.0 (lib)
Installing   di-core-1.0.4 (lib)
Installing   pipes-safe-2.3.5 (lib)
Completed    di-core-1.0.4 (lib)
Starting     di-handle-1.0.1 (lib)
Completed    pipes-safe-2.3.5 (lib)
Installing   streaming-0.2.4.0 (lib)
Building     di-handle-1.0.1 (lib)
Completed    streaming-0.2.4.0 (lib)
Starting     di-monad-1.3.5 (lib)
Installing   di-handle-1.0.1 (lib)
Completed    di-handle-1.0.1 (lib)
Building     di-monad-1.3.5 (lib)
Installing   di-monad-1.3.5 (lib)
Completed    di-monad-1.3.5 (lib)
Installing   df1-0.4.3 (lib)
Completed    df1-0.4.3 (lib)
Starting     di-df1-1.2.1 (lib)
Building     di-df1-1.2.1 (lib)
Installing   di-df1-1.2.1 (lib)
Completed    di-df1-1.2.1 (lib)
