Build profile: -w ghc-9.6.6 -O1
In order, the following will be built (use -v for more details):
 - amazonka-codeguruprofiler-2.0 (lib) (first run)
 - amazonka-codeguruprofiler-2.0 (test:amazonka-codeguruprofiler-test) (first run)
Configuring library for amazonka-codeguruprofiler-2.0...
Preprocessing library for amazonka-codeguruprofiler-2.0...
Building library for amazonka-codeguruprofiler-2.0...
[ 1 of 55] Compiling Amazonka.CodeGuruProfiler.Types.ActionGroup
[ 2 of 55] Compiling Amazonka.CodeGuruProfiler.Types.AgentOrchestrationConfig
[ 3 of 55] Compiling Amazonka.CodeGuruProfiler.Types.AgentParameterField
[ 4 of 55] Compiling Amazonka.CodeGuruProfiler.Types.AgentConfiguration
[ 5 of 55] Compiling Amazonka.CodeGuruProfiler.Types.AggregationPeriod
[ 6 of 55] Compiling Amazonka.CodeGuruProfiler.Types.AggregatedProfileTime
[ 7 of 55] Compiling Amazonka.CodeGuruProfiler.Types.ComputePlatform
[ 8 of 55] Compiling Amazonka.CodeGuruProfiler.Types.EventPublisher
[ 9 of 55] Compiling Amazonka.CodeGuruProfiler.Types.Channel
[10 of 55] Compiling Amazonka.CodeGuruProfiler.Types.FeedbackType
[11 of 55] Compiling Amazonka.CodeGuruProfiler.Types.FindingsReportSummary
[12 of 55] Compiling Amazonka.CodeGuruProfiler.Types.Match
[13 of 55] Compiling Amazonka.CodeGuruProfiler.Types.MetadataField
[14 of 55] Compiling Amazonka.CodeGuruProfiler.Types.MetricType
[15 of 55] Compiling Amazonka.CodeGuruProfiler.Types.Metric
[16 of 55] Compiling Amazonka.CodeGuruProfiler.Types.FrameMetric
[17 of 55] Compiling Amazonka.CodeGuruProfiler.Types.FrameMetricDatum
[18 of 55] Compiling Amazonka.CodeGuruProfiler.Types.NotificationConfiguration
[19 of 55] Compiling Amazonka.CodeGuruProfiler.Types.OrderBy
[20 of 55] Compiling Amazonka.CodeGuruProfiler.Types.Pattern
[21 of 55] Compiling Amazonka.CodeGuruProfiler.Types.ProfileTime
[22 of 55] Compiling Amazonka.CodeGuruProfiler.Types.ProfilingStatus
[23 of 55] Compiling Amazonka.CodeGuruProfiler.Types.ProfilingGroupDescription
[24 of 55] Compiling Amazonka.CodeGuruProfiler.Types.Recommendation
[25 of 55] Compiling Amazonka.CodeGuruProfiler.Types.TimestampStructure
[26 of 55] Compiling Amazonka.CodeGuruProfiler.Types.UserFeedback
[27 of 55] Compiling Amazonka.CodeGuruProfiler.Types.AnomalyInstance
[28 of 55] Compiling Amazonka.CodeGuruProfiler.Types.Anomaly
[29 of 55] Compiling Amazonka.CodeGuruProfiler.Types
[30 of 55] Compiling Amazonka.CodeGuruProfiler.TagResource

gen/Amazonka/CodeGuruProfiler/TagResource.hs:89:89: warning: [GHC-02256] [-Wambiguous-fields]
    The record update s {tags = a} with type TagResource is ambiguous.
    This will not be supported by -XDuplicateRecordFields in future releases of GHC.
   |
89 | tagResource_tags = Lens.lens (\TagResource' {tags} -> tags) (\s@TagResource' {} a -> s {tags = a} :: TagResource) Prelude.. Lens.coerced
   |                                                                                         ^^^^^^^^
[31 of 55] Compiling Amazonka.CodeGuruProfiler.SubmitFeedback

gen/Amazonka/CodeGuruProfiler/SubmitFeedback.hs:121:140: warning: [GHC-02256] [-Wambiguous-fields]
    The record update s {profilingGroupName = a} with type SubmitFeedback is ambiguous.
    This will not be supported by -XDuplicateRecordFields in future releases of GHC.
    |
121 | submitFeedback_profilingGroupName = Lens.lens (\SubmitFeedback' {profilingGroupName} -> profilingGroupName) (\s@SubmitFeedback' {} a -> s {profilingGroupName = a} :: SubmitFeedback)
    |                                                                                                                                            ^^^^^^^^^^^^^^^^^^^^^^

gen/Amazonka/CodeGuruProfiler/SubmitFeedback.hs:125:100: warning: [GHC-02256] [-Wambiguous-fields]
    The record update s {type' = a} with type SubmitFeedback is ambiguous.
    This will not be supported by -XDuplicateRecordFields in future releases of GHC.
    |
125 | submitFeedback_type = Lens.lens (\SubmitFeedback' {type'} -> type') (\s@SubmitFeedback' {} a -> s {type' = a} :: SubmitFeedback)
    |                                                                                                    ^^^^^^^^^
[32 of 55] Compiling Amazonka.CodeGuruProfiler.RemovePermission

gen/Amazonka/CodeGuruProfiler/RemovePermission.hs:123:146: warning: [GHC-02256] [-Wambiguous-fields]
    The record update s {profilingGroupName = a} with type RemovePermission is ambiguous.
    This will not be supported by -XDuplicateRecordFields in future releases of GHC.
    |
123 | removePermission_profilingGroupName = Lens.lens (\RemovePermission' {profilingGroupName} -> profilingGroupName) (\s@RemovePermission' {} a -> s {profilingGroupName = a} :: RemovePermission)
    |                                                                                                                                                  ^^^^^^^^^^^^^^^^^^^^^^

gen/Amazonka/CodeGuruProfiler/RemovePermission.hs:128:122: warning: [GHC-02256] [-Wambiguous-fields]
    The record update s {revisionId = a} with type RemovePermission is ambiguous.
    This will not be supported by -XDuplicateRecordFields in future releases of GHC.
    |
128 | removePermission_revisionId = Lens.lens (\RemovePermission' {revisionId} -> revisionId) (\s@RemovePermission' {} a -> s {revisionId = a} :: RemovePermission)
    |                                                                                                                          ^^^^^^^^^^^^^^

gen/Amazonka/CodeGuruProfiler/RemovePermission.hs:249:146: warning: [GHC-02256] [-Wambiguous-fields]
    The record update s {revisionId = a} with type RemovePermissionResponse is ambiguous.
    This will not be supported by -XDuplicateRecordFields in future releases of GHC.
    |
249 | removePermissionResponse_revisionId = Lens.lens (\RemovePermissionResponse' {revisionId} -> revisionId) (\s@RemovePermissionResponse' {} a -> s {revisionId = a} :: RemovePermissionResponse)
    |                                                                                                                                                  ^^^^^^^^^^^^^^
[33 of 55] Compiling Amazonka.CodeGuruProfiler.RemoveNotificationChannel

gen/Amazonka/CodeGuruProfiler/RemoveNotificationChannel.hs:96:173: warning: [GHC-02256] [-Wambiguous-fields]
    The record update s {profilingGroupName = a} with type RemoveNotificationChannel is ambiguous.
    This will not be supported by -XDuplicateRecordFields in future releases of GHC.
   |
96 | removeNotificationChannel_profilingGroupName = Lens.lens (\RemoveNotificationChannel' {profilingGroupName} -> profilingGroupName) (\s@RemoveNotificationChannel' {} a -> s {profilingGroupName = a} :: RemoveNotificationChannel)
   |                                                                                                                                                                             ^^^^^^^^^^^^^^^^^^^^^^
[34 of 55] Compiling Amazonka.CodeGuruProfiler.PutPermission

gen/Amazonka/CodeGuruProfiler/PutPermission.hs:129:113: warning: [GHC-02256] [-Wambiguous-fields]
    The record update s {revisionId = a} with type PutPermission is ambiguous.
    This will not be supported by -XDuplicateRecordFields in future releases of GHC.
    |
129 | putPermission_revisionId = Lens.lens (\PutPermission' {revisionId} -> revisionId) (\s@PutPermission' {} a -> s {revisionId = a} :: PutPermission)
    |                                                                                                                 ^^^^^^^^^^^^^^

gen/Amazonka/CodeGuruProfiler/PutPermission.hs:146:137: warning: [GHC-02256] [-Wambiguous-fields]
    The record update s {profilingGroupName = a} with type PutPermission is ambiguous.
    This will not be supported by -XDuplicateRecordFields in future releases of GHC.
    |
146 | putPermission_profilingGroupName = Lens.lens (\PutPermission' {profilingGroupName} -> profilingGroupName) (\s@PutPermission' {} a -> s {profilingGroupName = a} :: PutPermission)
    |                                                                                                                                         ^^^^^^^^^^^^^^^^^^^^^^

gen/Amazonka/CodeGuruProfiler/PutPermission.hs:273:137: warning: [GHC-02256] [-Wambiguous-fields]
    The record update s {revisionId = a} with type PutPermissionResponse is ambiguous.
    This will not be supported by -XDuplicateRecordFields in future releases of GHC.
    |
273 | putPermissionResponse_revisionId = Lens.lens (\PutPermissionResponse' {revisionId} -> revisionId) (\s@PutPermissionResponse' {} a -> s {revisionId = a} :: PutPermissionResponse)
    |                                                                                                                                         ^^^^^^^^^^^^^^
[35 of 55] Compiling Amazonka.CodeGuruProfiler.PostAgentProfile

gen/Amazonka/CodeGuruProfiler/PostAgentProfile.hs:139:146: warning: [GHC-02256] [-Wambiguous-fields]
    The record update s {profilingGroupName = a} with type PostAgentProfile is ambiguous.
    This will not be supported by -XDuplicateRecordFields in future releases of GHC.
    |
139 | postAgentProfile_profilingGroupName = Lens.lens (\PostAgentProfile' {profilingGroupName} -> profilingGroupName) (\s@PostAgentProfile' {} a -> s {profilingGroupName = a} :: PostAgentProfile)
    |                                                                                                                                                  ^^^^^^^^^^^^^^^^^^^^^^
[36 of 55] Compiling Amazonka.CodeGuruProfiler.ListTagsForResource

gen/Amazonka/CodeGuruProfiler/ListTagsForResource.hs:156:137: warning: [GHC-02256] [-Wambiguous-fields]
    The record update s {tags = a} with type ListTagsForResourceResponse is ambiguous.
    This will not be supported by -XDuplicateRecordFields in future releases of GHC.
    |
156 | listTagsForResourceResponse_tags = Lens.lens (\ListTagsForResourceResponse' {tags} -> tags) (\s@ListTagsForResourceResponse' {} a -> s {tags = a} :: ListTagsForResourceResponse) Prelude.. Lens.mapping Lens.coerced
    |                                                                                                                                         ^^^^^^^^
[37 of 55] Compiling Amazonka.CodeGuruProfiler.ListProfilingGroups

gen/Amazonka/CodeGuruProfiler/ListProfilingGroups.hs:150:128: warning: [GHC-02256] [-Wambiguous-fields]
    The record update s {nextToken = a} with type ListProfilingGroups is ambiguous.
    This will not be supported by -XDuplicateRecordFields in future releases of GHC.
    |
150 | listProfilingGroups_nextToken = Lens.lens (\ListProfilingGroups' {nextToken} -> nextToken) (\s@ListProfilingGroups' {} a -> s {nextToken = a} :: ListProfilingGroups)
    |                                                                                                                                ^^^^^^^^^^^^^

gen/Amazonka/CodeGuruProfiler/ListProfilingGroups.hs:279:152: warning: [GHC-02256] [-Wambiguous-fields]
    The record update s {nextToken = a} with type ListProfilingGroupsResponse is ambiguous.
    This will not be supported by -XDuplicateRecordFields in future releases of GHC.
    |
279 | listProfilingGroupsResponse_nextToken = Lens.lens (\ListProfilingGroupsResponse' {nextToken} -> nextToken) (\s@ListProfilingGroupsResponse' {} a -> s {nextToken = a} :: ListProfilingGroupsResponse)
    |                                                                                                                                                        ^^^^^^^^^^^^^
[38 of 55] Compiling Amazonka.CodeGuruProfiler.ListProfileTimes

gen/Amazonka/CodeGuruProfiler/ListProfileTimes.hs:188:119: warning: [GHC-02256] [-Wambiguous-fields]
    The record update s {nextToken = a} with type ListProfileTimes is ambiguous.
    This will not be supported by -XDuplicateRecordFields in future releases of GHC.
    |
188 | listProfileTimes_nextToken = Lens.lens (\ListProfileTimes' {nextToken} -> nextToken) (\s@ListProfileTimes' {} a -> s {nextToken = a} :: ListProfileTimes)
    |                                                                                                                       ^^^^^^^^^^^^^

gen/Amazonka/CodeGuruProfiler/ListProfileTimes.hs:197:113: warning: [GHC-02256] [-Wambiguous-fields]
    The record update s {endTime = a} with type ListProfileTimes is ambiguous.
    This will not be supported by -XDuplicateRecordFields in future releases of GHC.
    |
197 | listProfileTimes_endTime = Lens.lens (\ListProfileTimes' {endTime} -> endTime) (\s@ListProfileTimes' {} a -> s {endTime = a} :: ListProfileTimes) Prelude.. Data._Time
    |                                                                                                                 ^^^^^^^^^^^

gen/Amazonka/CodeGuruProfiler/ListProfileTimes.hs:209:110: warning: [GHC-02256] [-Wambiguous-fields]
    The record update s {period = a} with type ListProfileTimes is ambiguous.
    This will not be supported by -XDuplicateRecordFields in future releases of GHC.
    |
209 | listProfileTimes_period = Lens.lens (\ListProfileTimes' {period} -> period) (\s@ListProfileTimes' {} a -> s {period = a} :: ListProfileTimes)
    |                                                                                                              ^^^^^^^^^^

gen/Amazonka/CodeGuruProfiler/ListProfileTimes.hs:213:146: warning: [GHC-02256] [-Wambiguous-fields]
    The record update s {profilingGroupName = a} with type ListProfileTimes is ambiguous.
    This will not be supported by -XDuplicateRecordFields in future releases of GHC.
    |
213 | listProfileTimes_profilingGroupName = Lens.lens (\ListProfileTimes' {profilingGroupName} -> profilingGroupName) (\s@ListProfileTimes' {} a -> s {profilingGroupName = a} :: ListProfileTimes)
    |                                                                                                                                                  ^^^^^^^^^^^^^^^^^^^^^^

gen/Amazonka/CodeGuruProfiler/ListProfileTimes.hs:217:119: warning: [GHC-02256] [-Wambiguous-fields]
    The record update s {startTime = a} with type ListProfileTimes is ambiguous.
    This will not be supported by -XDuplicateRecordFields in future releases of GHC.
    |
217 | listProfileTimes_startTime = Lens.lens (\ListProfileTimes' {startTime} -> startTime) (\s@ListProfileTimes' {} a -> s {startTime = a} :: ListProfileTimes) Prelude.. Data._Time
    |                                                                                                                       ^^^^^^^^^^^^^

gen/Amazonka/CodeGuruProfiler/ListProfileTimes.hs:355:143: warning: [GHC-02256] [-Wambiguous-fields]
    The record update s {nextToken = a} with type ListProfileTimesResponse is ambiguous.
    This will not be supported by -XDuplicateRecordFields in future releases of GHC.
    |
355 | listProfileTimesResponse_nextToken = Lens.lens (\ListProfileTimesResponse' {nextToken} -> nextToken) (\s@ListProfileTimesResponse' {} a -> s {nextToken = a} :: ListProfileTimesResponse)
    |                                                                                                                                               ^^^^^^^^^^^^^
[39 of 55] Compiling Amazonka.CodeGuruProfiler.ListFindingsReports

gen/Amazonka/CodeGuruProfiler/ListFindingsReports.hs:183:128: warning: [GHC-02256] [-Wambiguous-fields]
    The record update s {nextToken = a} with type ListFindingsReports is ambiguous.
    This will not be supported by -XDuplicateRecordFields in future releases of GHC.
    |
183 | listFindingsReports_nextToken = Lens.lens (\ListFindingsReports' {nextToken} -> nextToken) (\s@ListFindingsReports' {} a -> s {nextToken = a} :: ListFindingsReports)
    |                                                                                                                                ^^^^^^^^^^^^^

gen/Amazonka/CodeGuruProfiler/ListFindingsReports.hs:190:122: warning: [GHC-02256] [-Wambiguous-fields]
    The record update s {endTime = a} with type ListFindingsReports is ambiguous.
    This will not be supported by -XDuplicateRecordFields in future releases of GHC.
    |
190 | listFindingsReports_endTime = Lens.lens (\ListFindingsReports' {endTime} -> endTime) (\s@ListFindingsReports' {} a -> s {endTime = a} :: ListFindingsReports) Prelude.. Data._Time
    |                                                                                                                          ^^^^^^^^^^^

gen/Amazonka/CodeGuruProfiler/ListFindingsReports.hs:194:155: warning: [GHC-02256] [-Wambiguous-fields]
    The record update s {profilingGroupName = a} with type ListFindingsReports is ambiguous.
    This will not be supported by -XDuplicateRecordFields in future releases of GHC.
    |
194 | listFindingsReports_profilingGroupName = Lens.lens (\ListFindingsReports' {profilingGroupName} -> profilingGroupName) (\s@ListFindingsReports' {} a -> s {profilingGroupName = a} :: ListFindingsReports)
    |                                                                                                                                                           ^^^^^^^^^^^^^^^^^^^^^^

gen/Amazonka/CodeGuruProfiler/ListFindingsReports.hs:201:128: warning: [GHC-02256] [-Wambiguous-fields]
    The record update s {startTime = a} with type ListFindingsReports is ambiguous.
    This will not be supported by -XDuplicateRecordFields in future releases of GHC.
    |
201 | listFindingsReports_startTime = Lens.lens (\ListFindingsReports' {startTime} -> startTime) (\s@ListFindingsReports' {} a -> s {startTime = a} :: ListFindingsReports) Prelude.. Data._Time
    |                                                                                                                                ^^^^^^^^^^^^^

gen/Amazonka/CodeGuruProfiler/ListFindingsReports.hs:318:152: warning: [GHC-02256] [-Wambiguous-fields]
    The record update s {nextToken = a} with type ListFindingsReportsResponse is ambiguous.
    This will not be supported by -XDuplicateRecordFields in future releases of GHC.
    |
318 | listFindingsReportsResponse_nextToken = Lens.lens (\ListFindingsReportsResponse' {nextToken} -> nextToken) (\s@ListFindingsReportsResponse' {} a -> s {nextToken = a} :: ListFindingsReportsResponse)
    |                                                                                                                                                        ^^^^^^^^^^^^^
[40 of 55] Compiling Amazonka.CodeGuruProfiler.GetRecommendations

gen/Amazonka/CodeGuruProfiler/GetRecommendations.hs:202:119: warning: [GHC-02256] [-Wambiguous-fields]
    The record update s {endTime = a} with type GetRecommendations is ambiguous.
    This will not be supported by -XDuplicateRecordFields in future releases of GHC.
    |
202 | getRecommendations_endTime = Lens.lens (\GetRecommendations' {endTime} -> endTime) (\s@GetRecommendations' {} a -> s {endTime = a} :: GetRecommendations) Prelude.. Data._Time
    |                                                                                                                       ^^^^^^^^^^^

gen/Amazonka/CodeGuruProfiler/GetRecommendations.hs:206:152: warning: [GHC-02256] [-Wambiguous-fields]
    The record update s {profilingGroupName = a} with type GetRecommendations is ambiguous.
    This will not be supported by -XDuplicateRecordFields in future releases of GHC.
    |
206 | getRecommendations_profilingGroupName = Lens.lens (\GetRecommendations' {profilingGroupName} -> profilingGroupName) (\s@GetRecommendations' {} a -> s {profilingGroupName = a} :: GetRecommendations)
    |                                                                                                                                                        ^^^^^^^^^^^^^^^^^^^^^^

gen/Amazonka/CodeGuruProfiler/GetRecommendations.hs:213:125: warning: [GHC-02256] [-Wambiguous-fields]
    The record update s {startTime = a} with type GetRecommendations is ambiguous.
    This will not be supported by -XDuplicateRecordFields in future releases of GHC.
    |
213 | getRecommendations_startTime = Lens.lens (\GetRecommendations' {startTime} -> startTime) (\s@GetRecommendations' {} a -> s {startTime = a} :: GetRecommendations) Prelude.. Data._Time
    |                                                                                                                             ^^^^^^^^^^^^^

gen/Amazonka/CodeGuruProfiler/GetRecommendations.hs:368:164: warning: [GHC-02256] [-Wambiguous-fields]
    The record update s {profileEndTime = a} with type GetRecommendationsResponse is ambiguous.
    This will not be supported by -XDuplicateRecordFields in future releases of GHC.
    |
368 | getRecommendationsResponse_profileEndTime = Lens.lens (\GetRecommendationsResponse' {profileEndTime} -> profileEndTime) (\s@GetRecommendationsResponse' {} a -> s {profileEndTime = a} :: GetRecommendationsResponse) Prelude.. Data._Time
    |                                                                                                                                                                    ^^^^^^^^^^^^^^^^^^

gen/Amazonka/CodeGuruProfiler/GetRecommendations.hs:375:170: warning: [GHC-02256] [-Wambiguous-fields]
    The record update s {profileStartTime = a} with type GetRecommendationsResponse is ambiguous.
    This will not be supported by -XDuplicateRecordFields in future releases of GHC.
    |
375 | getRecommendationsResponse_profileStartTime = Lens.lens (\GetRecommendationsResponse' {profileStartTime} -> profileStartTime) (\s@GetRecommendationsResponse' {} a -> s {profileStartTime = a} :: GetRecommendationsResponse) Prelude.. Data._Time
    |                                                                                                                                                                          ^^^^^^^^^^^^^^^^^^^^

gen/Amazonka/CodeGuruProfiler/GetRecommendations.hs:379:176: warning: [GHC-02256] [-Wambiguous-fields]
    The record update s {profilingGroupName = a} with type GetRecommendationsResponse is ambiguous.
    This will not be supported by -XDuplicateRecordFields in future releases of GHC.
    |
379 | getRecommendationsResponse_profilingGroupName = Lens.lens (\GetRecommendationsResponse' {profilingGroupName} -> profilingGroupName) (\s@GetRecommendationsResponse' {} a -> s {profilingGroupName = a} :: GetRecommendationsResponse)
    |                                                                                                                                                                                ^^^^^^^^^^^^^^^^^^^^^^
[41 of 55] Compiling Amazonka.CodeGuruProfiler.GetProfile

gen/Amazonka/CodeGuruProfiler/GetProfile.hs:170:95: warning: [GHC-02256] [-Wambiguous-fields]
    The record update s {endTime = a} with type GetProfile is ambiguous.
    This will not be supported by -XDuplicateRecordFields in future releases of GHC.
    |
170 | getProfile_endTime = Lens.lens (\GetProfile' {endTime} -> endTime) (\s@GetProfile' {} a -> s {endTime = a} :: GetProfile) Prelude.. Lens.mapping Data._Time
    |                                                                                               ^^^^^^^^^^^

gen/Amazonka/CodeGuruProfiler/GetProfile.hs:186:92: warning: [GHC-02256] [-Wambiguous-fields]
    The record update s {period = a} with type GetProfile is ambiguous.
    This will not be supported by -XDuplicateRecordFields in future releases of GHC.
    |
186 | getProfile_period = Lens.lens (\GetProfile' {period} -> period) (\s@GetProfile' {} a -> s {period = a} :: GetProfile)
    |                                                                                            ^^^^^^^^^^

gen/Amazonka/CodeGuruProfiler/GetProfile.hs:194:101: warning: [GHC-02256] [-Wambiguous-fields]
    The record update s {startTime = a} with type GetProfile is ambiguous.
    This will not be supported by -XDuplicateRecordFields in future releases of GHC.
    |
194 | getProfile_startTime = Lens.lens (\GetProfile' {startTime} -> startTime) (\s@GetProfile' {} a -> s {startTime = a} :: GetProfile) Prelude.. Lens.mapping Data._Time
    |                                                                                                     ^^^^^^^^^^^^^

gen/Amazonka/CodeGuruProfiler/GetProfile.hs:198:128: warning: [GHC-02256] [-Wambiguous-fields]
    The record update s {profilingGroupName = a} with type GetProfile is ambiguous.
    This will not be supported by -XDuplicateRecordFields in future releases of GHC.
    |
198 | getProfile_profilingGroupName = Lens.lens (\GetProfile' {profilingGroupName} -> profilingGroupName) (\s@GetProfile' {} a -> s {profilingGroupName = a} :: GetProfile)
    |                                                                                                                                ^^^^^^^^^^^^^^^^^^^^^^
[42 of 55] Compiling Amazonka.CodeGuruProfiler.GetPolicy

gen/Amazonka/CodeGuruProfiler/GetPolicy.hs:81:125: warning: [GHC-02256] [-Wambiguous-fields]
    The record update s {profilingGroupName = a} with type GetPolicy is ambiguous.
    This will not be supported by -XDuplicateRecordFields in future releases of GHC.
   |
81 | getPolicy_profilingGroupName = Lens.lens (\GetPolicy' {profilingGroupName} -> profilingGroupName) (\s@GetPolicy' {} a -> s {profilingGroupName = a} :: GetPolicy)
   |                                                                                                                             ^^^^^^^^^^^^^^^^^^^^^^
[43 of 55] Compiling Amazonka.CodeGuruProfiler.GetNotificationConfiguration

gen/Amazonka/CodeGuruProfiler/GetNotificationConfiguration.hs:84:182: warning: [GHC-02256] [-Wambiguous-fields]
    The record update s {profilingGroupName = a} with type GetNotificationConfiguration is ambiguous.
    This will not be supported by -XDuplicateRecordFields in future releases of GHC.
   |
84 | getNotificationConfiguration_profilingGroupName = Lens.lens (\GetNotificationConfiguration' {profilingGroupName} -> profilingGroupName) (\s@GetNotificationConfiguration' {} a -> s {profilingGroupName = a} :: GetNotificationConfiguration)
   |                                                                                                                                                                                      ^^^^^^^^^^^^^^^^^^^^^^
[44 of 55] Compiling Amazonka.CodeGuruProfiler.GetFindingsReportAccountSummary

gen/Amazonka/CodeGuruProfiler/GetFindingsReportAccountSummary.hs:153:164: warning: [GHC-02256] [-Wambiguous-fields]
    The record update s {nextToken = a} with type GetFindingsReportAccountSummary is ambiguous.
    This will not be supported by -XDuplicateRecordFields in future releases of GHC.
    |
153 | getFindingsReportAccountSummary_nextToken = Lens.lens (\GetFindingsReportAccountSummary' {nextToken} -> nextToken) (\s@GetFindingsReportAccountSummary' {} a -> s {nextToken = a} :: GetFindingsReportAccountSummary)
    |                                                                                                                                                                    ^^^^^^^^^^^^^

gen/Amazonka/CodeGuruProfiler/GetFindingsReportAccountSummary.hs:281:188: warning: [GHC-02256] [-Wambiguous-fields]
    The record update s {nextToken = a} with type GetFindingsReportAccountSummaryResponse is ambiguous.
    This will not be supported by -XDuplicateRecordFields in future releases of GHC.
    |
281 | getFindingsReportAccountSummaryResponse_nextToken = Lens.lens (\GetFindingsReportAccountSummaryResponse' {nextToken} -> nextToken) (\s@GetFindingsReportAccountSummaryResponse' {} a -> s {nextToken = a} :: GetFindingsReportAccountSummaryResponse)
    |                                                                                                                                                                                            ^^^^^^^^^^^^^
[45 of 55] Compiling Amazonka.CodeGuruProfiler.DescribeProfilingGroup

gen/Amazonka/CodeGuruProfiler/DescribeProfilingGroup.hs:82:164: warning: [GHC-02256] [-Wambiguous-fields]
    The record update s {profilingGroupName = a} with type DescribeProfilingGroup is ambiguous.
    This will not be supported by -XDuplicateRecordFields in future releases of GHC.
   |
82 | describeProfilingGroup_profilingGroupName = Lens.lens (\DescribeProfilingGroup' {profilingGroupName} -> profilingGroupName) (\s@DescribeProfilingGroup' {} a -> s {profilingGroupName = a} :: DescribeProfilingGroup)
   |                                                                                                                                                                    ^^^^^^^^^^^^^^^^^^^^^^
[46 of 55] Compiling Amazonka.CodeGuruProfiler.DeleteProfilingGroup

gen/Amazonka/CodeGuruProfiler/DeleteProfilingGroup.hs:79:158: warning: [GHC-02256] [-Wambiguous-fields]
    The record update s {profilingGroupName = a} with type DeleteProfilingGroup is ambiguous.
    This will not be supported by -XDuplicateRecordFields in future releases of GHC.
   |
79 | deleteProfilingGroup_profilingGroupName = Lens.lens (\DeleteProfilingGroup' {profilingGroupName} -> profilingGroupName) (\s@DeleteProfilingGroup' {} a -> s {profilingGroupName = a} :: DeleteProfilingGroup)
   |                                                                                                                                                              ^^^^^^^^^^^^^^^^^^^^^^
[47 of 55] Compiling Amazonka.CodeGuruProfiler.CreateProfilingGroup

gen/Amazonka/CodeGuruProfiler/CreateProfilingGroup.hs:123:176: warning: [GHC-02256] [-Wambiguous-fields]
    The record update s {agentOrchestrationConfig = a} with type CreateProfilingGroup is ambiguous.
    This will not be supported by -XDuplicateRecordFields in future releases of GHC.
    |
123 | createProfilingGroup_agentOrchestrationConfig = Lens.lens (\CreateProfilingGroup' {agentOrchestrationConfig} -> agentOrchestrationConfig) (\s@CreateProfilingGroup' {} a -> s {agentOrchestrationConfig = a} :: CreateProfilingGroup)
    |                                                                                                                                                                                ^^^^^^^^^^^^^^^^^^^^^^^^^^^^

gen/Amazonka/CodeGuruProfiler/CreateProfilingGroup.hs:131:149: warning: [GHC-02256] [-Wambiguous-fields]
    The record update s {computePlatform = a} with type CreateProfilingGroup is ambiguous.
    This will not be supported by -XDuplicateRecordFields in future releases of GHC.
    |
131 | createProfilingGroup_computePlatform = Lens.lens (\CreateProfilingGroup' {computePlatform} -> computePlatform) (\s@CreateProfilingGroup' {} a -> s {computePlatform = a} :: CreateProfilingGroup)
    |                                                                                                                                                     ^^^^^^^^^^^^^^^^^^^

gen/Amazonka/CodeGuruProfiler/CreateProfilingGroup.hs:135:116: warning: [GHC-02256] [-Wambiguous-fields]
    The record update s {tags = a} with type CreateProfilingGroup is ambiguous.
    This will not be supported by -XDuplicateRecordFields in future releases of GHC.
    |
135 | createProfilingGroup_tags = Lens.lens (\CreateProfilingGroup' {tags} -> tags) (\s@CreateProfilingGroup' {} a -> s {tags = a} :: CreateProfilingGroup) Prelude.. Lens.mapping Lens.coerced
    |                                                                                                                    ^^^^^^^^

gen/Amazonka/CodeGuruProfiler/CreateProfilingGroup.hs:145:158: warning: [GHC-02256] [-Wambiguous-fields]
    The record update s {profilingGroupName = a} with type CreateProfilingGroup is ambiguous.
    This will not be supported by -XDuplicateRecordFields in future releases of GHC.
    |
145 | createProfilingGroup_profilingGroupName = Lens.lens (\CreateProfilingGroup' {profilingGroupName} -> profilingGroupName) (\s@CreateProfilingGroup' {} a -> s {profilingGroupName = a} :: CreateProfilingGroup)
    |                                                                                                                                                              ^^^^^^^^^^^^^^^^^^^^^^
[48 of 55] Compiling Amazonka.CodeGuruProfiler.ConfigureAgent

gen/Amazonka/CodeGuruProfiler/ConfigureAgent.hs:192:140: warning: [GHC-02256] [-Wambiguous-fields]
    The record update s {profilingGroupName = a} with type ConfigureAgent is ambiguous.
    This will not be supported by -XDuplicateRecordFields in future releases of GHC.
    |
192 | configureAgent_profilingGroupName = Lens.lens (\ConfigureAgent' {profilingGroupName} -> profilingGroupName) (\s@ConfigureAgent' {} a -> s {profilingGroupName = a} :: ConfigureAgent)
    |                                                                                                                                            ^^^^^^^^^^^^^^^^^^^^^^
[49 of 55] Compiling Amazonka.CodeGuruProfiler.BatchGetFrameMetricData

gen/Amazonka/CodeGuruProfiler/BatchGetFrameMetricData.hs:162:134: warning: [GHC-02256] [-Wambiguous-fields]
    The record update s {endTime = a} with type BatchGetFrameMetricData is ambiguous.
    This will not be supported by -XDuplicateRecordFields in future releases of GHC.
    |
162 | batchGetFrameMetricData_endTime = Lens.lens (\BatchGetFrameMetricData' {endTime} -> endTime) (\s@BatchGetFrameMetricData' {} a -> s {endTime = a} :: BatchGetFrameMetricData) Prelude.. Lens.mapping Data._Time
    |                                                                                                                                      ^^^^^^^^^^^

gen/Amazonka/CodeGuruProfiler/BatchGetFrameMetricData.hs:175:131: warning: [GHC-02256] [-Wambiguous-fields]
    The record update s {period = a} with type BatchGetFrameMetricData is ambiguous.
    This will not be supported by -XDuplicateRecordFields in future releases of GHC.
    |
175 | batchGetFrameMetricData_period = Lens.lens (\BatchGetFrameMetricData' {period} -> period) (\s@BatchGetFrameMetricData' {} a -> s {period = a} :: BatchGetFrameMetricData)
    |                                                                                                                                   ^^^^^^^^^^

gen/Amazonka/CodeGuruProfiler/BatchGetFrameMetricData.hs:182:140: warning: [GHC-02256] [-Wambiguous-fields]
    The record update s {startTime = a} with type BatchGetFrameMetricData is ambiguous.
    This will not be supported by -XDuplicateRecordFields in future releases of GHC.
    |
182 | batchGetFrameMetricData_startTime = Lens.lens (\BatchGetFrameMetricData' {startTime} -> startTime) (\s@BatchGetFrameMetricData' {} a -> s {startTime = a} :: BatchGetFrameMetricData) Prelude.. Lens.mapping Data._Time
    |                                                                                                                                            ^^^^^^^^^^^^^

gen/Amazonka/CodeGuruProfiler/BatchGetFrameMetricData.hs:201:167: warning: [GHC-02256] [-Wambiguous-fields]
    The record update s {profilingGroupName = a} with type BatchGetFrameMetricData is ambiguous.
    This will not be supported by -XDuplicateRecordFields in future releases of GHC.
    |
201 | batchGetFrameMetricData_profilingGroupName = Lens.lens (\BatchGetFrameMetricData' {profilingGroupName} -> profilingGroupName) (\s@BatchGetFrameMetricData' {} a -> s {profilingGroupName = a} :: BatchGetFrameMetricData)
    |                                                                                                                                                                       ^^^^^^^^^^^^^^^^^^^^^^

gen/Amazonka/CodeGuruProfiler/BatchGetFrameMetricData.hs:401:158: warning: [GHC-02256] [-Wambiguous-fields]
    The record update s {endTime = a} with type BatchGetFrameMetricDataResponse is ambiguous.
    This will not be supported by -XDuplicateRecordFields in future releases of GHC.
    |
401 | batchGetFrameMetricDataResponse_endTime = Lens.lens (\BatchGetFrameMetricDataResponse' {endTime} -> endTime) (\s@BatchGetFrameMetricDataResponse' {} a -> s {endTime = a} :: BatchGetFrameMetricDataResponse) Prelude.. Data._Time
    |                                                                                                                                                              ^^^^^^^^^^^

gen/Amazonka/CodeGuruProfiler/BatchGetFrameMetricData.hs:434:164: warning: [GHC-02256] [-Wambiguous-fields]
    The record update s {startTime = a} with type BatchGetFrameMetricDataResponse is ambiguous.
    This will not be supported by -XDuplicateRecordFields in future releases of GHC.
    |
434 | batchGetFrameMetricDataResponse_startTime = Lens.lens (\BatchGetFrameMetricDataResponse' {startTime} -> startTime) (\s@BatchGetFrameMetricDataResponse' {} a -> s {startTime = a} :: BatchGetFrameMetricDataResponse) Prelude.. Data._Time
    |                                                                                                                                                                    ^^^^^^^^^^^^^
[50 of 55] Compiling Amazonka.CodeGuruProfiler.AddNotificationChannels

gen/Amazonka/CodeGuruProfiler/AddNotificationChannels.hs:92:137: warning: [GHC-02256] [-Wambiguous-fields]
    The record update s {channels = a} with type AddNotificationChannels is ambiguous.
    This will not be supported by -XDuplicateRecordFields in future releases of GHC.
   |
92 | addNotificationChannels_channels = Lens.lens (\AddNotificationChannels' {channels} -> channels) (\s@AddNotificationChannels' {} a -> s {channels = a} :: AddNotificationChannels) Prelude.. Lens.coerced
   |                                                                                                                                         ^^^^^^^^^^^^

gen/Amazonka/CodeGuruProfiler/AddNotificationChannels.hs:97:167: warning: [GHC-02256] [-Wambiguous-fields]
    The record update s {profilingGroupName = a} with type AddNotificationChannels is ambiguous.
    This will not be supported by -XDuplicateRecordFields in future releases of GHC.
   |
97 | addNotificationChannels_profilingGroupName = Lens.lens (\AddNotificationChannels' {profilingGroupName} -> profilingGroupName) (\s@AddNotificationChannels' {} a -> s {profilingGroupName = a} :: AddNotificationChannels)
   |                                                                                                                                                                       ^^^^^^^^^^^^^^^^^^^^^^
[51 of 55] Compiling Amazonka.CodeGuruProfiler.UntagResource
[52 of 55] Compiling Amazonka.CodeGuruProfiler.UpdateProfilingGroup

gen/Amazonka/CodeGuruProfiler/UpdateProfilingGroup.hs:93:176: warning: [GHC-02256] [-Wambiguous-fields]
    The record update s {agentOrchestrationConfig = a} with type UpdateProfilingGroup is ambiguous.
    This will not be supported by -XDuplicateRecordFields in future releases of GHC.
   |
93 | updateProfilingGroup_agentOrchestrationConfig = Lens.lens (\UpdateProfilingGroup' {agentOrchestrationConfig} -> agentOrchestrationConfig) (\s@UpdateProfilingGroup' {} a -> s {agentOrchestrationConfig = a} :: UpdateProfilingGroup)
   |                                                                                                                                                                                ^^^^^^^^^^^^^^^^^^^^^^^^^^^^

gen/Amazonka/CodeGuruProfiler/UpdateProfilingGroup.hs:97:158: warning: [GHC-02256] [-Wambiguous-fields]
    The record update s {profilingGroupName = a} with type UpdateProfilingGroup is ambiguous.
    This will not be supported by -XDuplicateRecordFields in future releases of GHC.
   |
97 | updateProfilingGroup_profilingGroupName = Lens.lens (\UpdateProfilingGroup' {profilingGroupName} -> profilingGroupName) (\s@UpdateProfilingGroup' {} a -> s {profilingGroupName = a} :: UpdateProfilingGroup)
   |                                                                                                                                                              ^^^^^^^^^^^^^^^^^^^^^^
[53 of 55] Compiling Amazonka.CodeGuruProfiler.Lens
[54 of 55] Compiling Amazonka.CodeGuruProfiler.Waiters
[55 of 55] Compiling Amazonka.CodeGuruProfiler
Configuring test suite 'amazonka-codeguruprofiler-test' for amazonka-codeguruprofiler-2.0...
Preprocessing test suite 'amazonka-codeguruprofiler-test' for amazonka-codeguruprofiler-2.0...
Building test suite 'amazonka-codeguruprofiler-test' for amazonka-codeguruprofiler-2.0...
[1 of 4] Compiling Test.Amazonka.CodeGuruProfiler
[2 of 4] Compiling Test.Amazonka.CodeGuruProfiler.Internal
[3 of 4] Compiling Main
[4 of 4] Compiling Test.Amazonka.Gen.CodeGuruProfiler
[5 of 5] Linking /tmp/workdir-amazonka-codeguruprofiler/amazonka-codeguruprofiler-2.0/dist-newstyle/build/x86_64-linux/ghc-9.6.6/amazonka-codeguruprofiler-2.0/t/amazonka-codeguruprofiler-test/build/amazonka-codeguruprofiler-test/amazonka-codeguruprofiler-test
