Build profile: -w ghc-9.6.6 -O1
In order, the following will be built (use -v for more details):
 - gnuplot-0.5.7 (lib) (first run)
Configuring library for gnuplot-0.5.7...
Preprocessing library for gnuplot-0.5.7...
Building library for gnuplot-0.5.7...
[ 1 of 50] Compiling Graphics.Gnuplot.Execute
[ 2 of 50] Compiling Graphics.Gnuplot.Private.File
[ 3 of 50] Compiling Graphics.Gnuplot.Private.Command
[ 4 of 50] Compiling Graphics.Gnuplot.File
[ 5 of 50] Compiling Graphics.Gnuplot.Private.FrameOption
[ 6 of 50] Compiling Graphics.Gnuplot.Private.Display
[ 7 of 50] Compiling Graphics.Gnuplot.Display
[ 8 of 50] Compiling Graphics.Gnuplot.Frame.Option
[ 9 of 50] Compiling Graphics.Gnuplot.Private.Terminal
[10 of 50] Compiling Graphics.Gnuplot.Terminal
[11 of 50] Compiling Graphics.Gnuplot.Terminal.Default
[12 of 50] Compiling Graphics.Gnuplot.Time
[13 of 50] Compiling Graphics.Gnuplot.Utility
[14 of 50] Compiling Graphics.Gnuplot.Terminal.X11
[15 of 50] Compiling Graphics.Gnuplot.Terminal.WXT
[16 of 50] Compiling Graphics.Gnuplot.Terminal.QT
[17 of 50] Compiling Graphics.Gnuplot.Private.FrameOptionSet
[18 of 50] Compiling Graphics.Gnuplot.Private.Graph
[19 of 50] Compiling Graphics.Gnuplot.Private.Plot
[20 of 50] Compiling Graphics.Gnuplot.Plot
[21 of 50] Compiling Graphics.Gnuplot.Private.GraphEmpty
[22 of 50] Compiling Graphics.Gnuplot.Graph
[23 of 50] Compiling Graphics.Gnuplot.Private.Frame

src/Graphics/Gnuplot/Private/Frame.hs:9:1: warning: [-Wunused-imports]
    The import of ‘Data.Monoid’ is redundant
      except perhaps to import instances from ‘Data.Monoid’
    To import instances alone, use: import Data.Monoid()
  |
9 | import Data.Monoid (mappend, )
  | ^^^^^^^^^^^^^^^^^^^^^^^^^^^^^^
[24 of 50] Compiling Graphics.Gnuplot.Frame.OptionSet.Style
[25 of 50] Compiling Graphics.Gnuplot.Advanced

src/Graphics/Gnuplot/Advanced.hs:92:1: warning: [-Wunused-imports]
    The import of ‘Data.Monoid’ is redundant
      except perhaps to import instances from ‘Data.Monoid’
    To import instances alone, use: import Data.Monoid()
   |
92 | import Data.Monoid (Monoid, mempty, )
   | ^^^^^^^^^^^^^^^^^^^^^^^^^^^^^^^^^^^^^
[26 of 50] Compiling Graphics.Gnuplot.Private.Encoding
[27 of 50] Compiling Graphics.Gnuplot.Terminal.SVG
[28 of 50] Compiling Graphics.Gnuplot.Terminal.PostScript

src/Graphics/Gnuplot/Terminal/PostScript.hs:12:1: warning: [-Wunused-imports]
    The import of ‘Data.Foldable’ is redundant
      except perhaps to import instances from ‘Data.Foldable’
    To import instances alone, use: import Data.Foldable()
   |
12 | import Data.Foldable (foldMap, )
   | ^^^^^^^^^^^^^^^^^^^^^^^^^^^^^^^^
[29 of 50] Compiling Graphics.Gnuplot.Terminal.PNG
[30 of 50] Compiling Graphics.Gnuplot.Encoding
[31 of 50] Compiling Graphics.Gnuplot.Private.ColorSpecification
[32 of 50] Compiling Graphics.Gnuplot.Private.LineSpecification
[33 of 50] Compiling Graphics.Gnuplot.LineSpecification
[34 of 50] Compiling Graphics.Gnuplot.ColorSpecification
[35 of 50] Compiling Graphics.Gnuplot.MultiPlot

src/Graphics/Gnuplot/MultiPlot.hs:17:1: warning: [-Wunused-imports]
    The import of ‘Data.Monoid’ is redundant
      except perhaps to import instances from ‘Data.Monoid’
    To import instances alone, use: import Data.Monoid()
   |
17 | import Data.Monoid (mconcat, )
   | ^^^^^^^^^^^^^^^^^^^^^^^^^^^^^^

src/Graphics/Gnuplot/MultiPlot.hs:18:1: warning: [-Wunused-imports]
    The import of ‘Data.Foldable’ is redundant
      except perhaps to import instances from ‘Data.Foldable’
    To import instances alone, use: import Data.Foldable()
   |
18 | import Data.Foldable (foldMap, )
   | ^^^^^^^^^^^^^^^^^^^^^^^^^^^^^^^^
[36 of 50] Compiling Graphics.Gnuplot.Value.Atom
[37 of 50] Compiling Graphics.Gnuplot.Value.ColumnSet
[38 of 50] Compiling Graphics.Gnuplot.Value.Tuple
[39 of 50] Compiling Graphics.Gnuplot.Private.Graph3DType
[40 of 50] Compiling Graphics.Gnuplot.Private.Graph2DType
[41 of 50] Compiling Graphics.Gnuplot.Private.Graph2D
[42 of 50] Compiling Graphics.Gnuplot.Private.Graph3D
[43 of 50] Compiling Graphics.Gnuplot.Graph.ThreeDimensional
[44 of 50] Compiling Graphics.Gnuplot.Graph.TwoDimensional
[45 of 50] Compiling Graphics.Gnuplot.Frame.OptionSet.Histogram
[46 of 50] Compiling Graphics.Gnuplot.Plot.TwoDimensional
[47 of 50] Compiling Graphics.Gnuplot.Plot.ThreeDimensional
[48 of 50] Compiling Graphics.Gnuplot.Simple

src/Graphics/Gnuplot/Simple.hs:84:1: warning: [-Wunused-imports]
    The import of ‘Data.Foldable’ is redundant
      except perhaps to import instances from ‘Data.Foldable’
    To import instances alone, use: import Data.Foldable()
   |
84 | import Data.Foldable (foldMap, )
   | ^^^^^^^^^^^^^^^^^^^^^^^^^^^^^^^^
[49 of 50] Compiling Graphics.Gnuplot.Frame.OptionSet
[50 of 50] Compiling Graphics.Gnuplot.Frame
