Build profile: -w ghc-9.6.6 -O1
In order, the following will be built (use -v for more details):
 - data-reify-0.6.3 (lib) (first run)
 - data-reify-0.6.3 (test:spec) (first run)
Configuring library for data-reify-0.6.3...
Preprocessing library for data-reify-0.6.3...
Building library for data-reify-0.6.3...
[1 of 2] Compiling Data.Reify.Graph
[2 of 2] Compiling Data.Reify

Data/Reify.hs:39:45: warning: [GHC-58520] [-Wtype-equality-requires-operators]
    The use of ‘~’ without TypeOperators
    will become an error in a future GHC release.
    Suggested fix: Perhaps you intended to use TypeOperators
   |
39 |               (forall b . (MuRef b, DeRef a ~ DeRef b) => b -> f u)
   |                                             ^
Configuring test suite 'spec' for data-reify-0.6.3...
Preprocessing test suite 'spec' for data-reify-0.6.3...
Building test suite 'spec' for data-reify-0.6.3...
[1 of 2] Compiling Data.ReifySpec
[2 of 2] Compiling Main
[3 of 3] Linking /tmp/workdir-data-reify/data-reify-0.6.3/dist-newstyle/build/x86_64-linux/ghc-9.6.6/data-reify-0.6.3/t/spec/build/spec/spec
