Build profile: -w ghc-9.6.6 -O1
In order, the following will be built (use -v for more details):
 - countable-1.2 (lib) (first run)
 - countable-1.2 (test:test) (first run)
Configuring library for countable-1.2...
Preprocessing library for countable-1.2...
Building library for countable-1.2...
[1 of 9] Compiling Data.Countable
[2 of 9] Compiling Data.Expression
[3 of 9] Compiling Data.Searchable
[4 of 9] Compiling Data.Function.Show
[5 of 9] Compiling Data.Function.Foldable
[6 of 9] Compiling Data.Function.Traversable
[7 of 9] Compiling Data.Empty
[8 of 9] Compiling Data.Function.Eq
[9 of 9] Compiling Data.Singular
Configuring test suite 'test' for countable-1.2...
Preprocessing test suite 'test' for countable-1.2...
Building test suite 'test' for countable-1.2...
[1 of 5] Compiling Golden
[2 of 5] Compiling Show
[3 of 5] Compiling TypeName
[4 of 5] Compiling Three
[5 of 5] Compiling Main
[6 of 6] Linking /tmp/workdir-countable/countable-1.2/dist-newstyle/build/x86_64-linux/ghc-9.6.6/countable-1.2/t/test/build/test/test
