Build profile: -w ghc-9.6.6 -O1
In order, the following will be built (use -v for more details):
 - unordered-containers-0.2.20 (lib) (first run)
 - unordered-containers-0.2.20 (test:unordered-containers-tests) (first run)
Configuring library for unordered-containers-0.2.20...
Preprocessing library for unordered-containers-0.2.20...
Building library for unordered-containers-0.2.20...

Data/HashMap/Internal.hs:12:14-23: warning: [-Wdeprecated-flags]
    -XTypeInType is deprecated: use -XDataKinds and -XPolyKinds instead
   |
12 | {-# LANGUAGE TypeInType            #-}
   |              ^^^^^^^^^^
[1 of 9] Compiling Data.HashMap.Internal.Array

Data/HashMap/Internal/Array.hs:83:1-35: warning: [-Wunused-imports]
    The import of ‘Control.Applicative’ is redundant
      except perhaps to import instances from ‘Control.Applicative’
    To import instances alone, use: import Control.Applicative()
   |
83 | import Control.Applicative (liftA2)
   | ^^^^^^^^^^^^^^^^^^^^^^^^^^^^^^^^^^^
[2 of 9] Compiling Data.HashMap.Internal.List
[3 of 9] Compiling Data.HashMap.Internal
[4 of 9] Compiling Data.HashMap.Internal.Debug
[5 of 9] Compiling Data.HashMap.Internal.Strict
[6 of 9] Compiling Data.HashSet.Internal
[7 of 9] Compiling Data.HashSet
[8 of 9] Compiling Data.HashMap.Strict
[9 of 9] Compiling Data.HashMap.Lazy
Configuring test suite 'unordered-containers-tests' for unordered-containers-0.2.20...
Preprocessing test suite 'unordered-containers-tests' for unordered-containers-0.2.20...
Building test suite 'unordered-containers-tests' for unordered-containers-0.2.20...
[1 of 9] Compiling Properties.List
[2 of 9] Compiling Regressions
[3 of 9] Compiling Util.Key
[4 of 9] Compiling Strictness
[5 of 9] Compiling Properties.HashSet
[6 of 9] Compiling Properties.HashMapStrict
[7 of 9] Compiling Properties.HashMapLazy
[8 of 9] Compiling Properties
[9 of 9] Compiling Main
[10 of 10] Linking /tmp/workdir-unordered-containers/unordered-containers-0.2.20/dist-newstyle/build/x86_64-linux/ghc-9.6.6/unordered-containers-0.2.20/t/unordered-containers-tests/build/unordered-containers-tests/unordered-containers-tests
