Build profile: -w ghc-9.6.6 -O1
In order, the following will be built (use -v for more details):
 - NineP-0.0.2.1 (lib) (first run)
Warning: NineP.cabal:12:1: Tabs used as indentation at 12:1, 13:1, 14:1, 15:1
Configuring library for NineP-0.0.2.1...
Preprocessing library for NineP-0.0.2.1...
Building library for NineP-0.0.2.1...
[1 of 1] Compiling Data.NineP

src/Data/NineP.hs:53:1: warning: [-Wunused-imports]
    The import of ‘Control.Applicative’ is redundant
      except perhaps to import instances from ‘Control.Applicative’
    To import instances alone, use: import Control.Applicative()
   |
53 | import Control.Applicative
   | ^^^^^^^^^^^^^^^^^^^^^^^^^^

src/Data/NineP.hs:116:15: warning: [GHC-68441] [-Wdeprecations]
    In the use of ‘remaining’
    (imported from Data.Binary.Get, but defined in Data.Binary.Get.Internal):
    Deprecated: "This will force all remaining input, don't use it."
    |
116 |               n <- remaining
    |               ^^^^^^^^^^^^^^
