Build profile: -w ghc-9.6.6 -O1
In order, the following will be built (use -v for more details):
 - servant-0.20.2 (lib) (first run)
 - servant-0.20.2 (test:spec) (first run)
Configuring library for servant-0.20.2...
Preprocessing library for servant-0.20.2...
Building library for servant-0.20.2...
[ 1 of 35] Compiling Servant.API.Alternative

src/Servant/API/Alternative.hs:38:5: warning: [-Wnoncanonical-monoid-instances]
    Noncanonical ‘mappend’ definition detected
    in the instance declaration for ‘Monoid (a :<|> b)’.
    ‘mappend’ will eventually be removed in favour of ‘(<>)’
    Either remove definition for ‘mappend’ (recommended) or define as ‘mappend = (<>)’
    See also: https://gitlab.haskell.org/ghc/ghc/-/wikis/proposal/semigroup-monoid
   |
38 |     (a :<|> b) `mappend` (a' :<|> b') = (a `mappend` a') :<|> (b `mappend` b')
   |     ^^^^^^^^^^^^^^^^^^^^^^^^^^^^^^^^^^^^^^^^^^^^^^^^^^^^^^^^^^^^^^^^^^^^^^^^^^
[ 2 of 35] Compiling Servant.API.BasicAuth
[ 3 of 35] Compiling Servant.API.Capture
[ 4 of 35] Compiling Servant.API.ContentTypes
[ 5 of 35] Compiling Servant.API.Description
[ 6 of 35] Compiling Servant.API.Empty
[ 7 of 35] Compiling Servant.API.Experimental.Auth
[ 8 of 35] Compiling Servant.API.Fragment
[ 9 of 35] Compiling Servant.API.Generic
[10 of 35] Compiling Servant.API.HttpVersion
[11 of 35] Compiling Servant.API.IsSecure
[12 of 35] Compiling Servant.API.Modifiers
[13 of 35] Compiling Servant.API.Header
[14 of 35] Compiling Servant.API.NamedRoutes
[15 of 35] Compiling Servant.API.QueryParam
[16 of 35] Compiling Servant.API.QueryString
[17 of 35] Compiling Servant.API.Raw
[18 of 35] Compiling Servant.API.RemoteHost
[19 of 35] Compiling Servant.API.ReqBody
[20 of 35] Compiling Servant.API.Status
[21 of 35] Compiling Servant.API.Sub
[22 of 35] Compiling Servant.API.TypeErrors
[23 of 35] Compiling Servant.API.UVerb.Union
[24 of 35] Compiling Servant.API.ResponseHeaders
[25 of 35] Compiling Servant.API.UVerb
[26 of 35] Compiling Servant.API.Vault
[27 of 35] Compiling Servant.API.Verbs
[28 of 35] Compiling Servant.API.TypeLevel
[29 of 35] Compiling Servant.API.WithNamedContext
[30 of 35] Compiling Servant.API.WithResource
[31 of 35] Compiling Servant.Types.SourceT
[32 of 35] Compiling Servant.API.Stream
[33 of 35] Compiling Servant.Links
[34 of 35] Compiling Servant.API
[35 of 35] Compiling Servant.Test.ComprehensiveAPI
Configuring test suite 'spec' for servant-0.20.2...
Preprocessing test suite 'spec' for servant-0.20.2...
Building test suite 'spec' for servant-0.20.2...
[1 of 5] Compiling Servant.API.ContentTypesSpec
[2 of 5] Compiling Servant.API.ResponseHeadersSpec
[3 of 5] Compiling Servant.API.StreamSpec
[4 of 5] Compiling Servant.LinksSpec
[5 of 5] Compiling Main
[6 of 6] Linking /tmp/workdir-servant/servant-0.20.2/dist-newstyle/build/x86_64-linux/ghc-9.6.6/servant-0.20.2/t/spec/build/spec/spec
