Build profile: -w ghc-9.6.6 -O1
In order, the following will be built (use -v for more details):
 - amazonka-managedblockchain-2.0 (lib) (first run)
 - amazonka-managedblockchain-2.0 (test:amazonka-managedblockchain-test) (first run)
Configuring library for amazonka-managedblockchain-2.0...
Preprocessing library for amazonka-managedblockchain-2.0...
Building library for amazonka-managedblockchain-2.0...
[ 1 of 80] Compiling Amazonka.ManagedBlockChain.Types.AccessorStatus
[ 2 of 80] Compiling Amazonka.ManagedBlockChain.Types.AccessorType
[ 3 of 80] Compiling Amazonka.ManagedBlockChain.Types.AccessorSummary
[ 4 of 80] Compiling Amazonka.ManagedBlockChain.Types.Accessor
[ 5 of 80] Compiling Amazonka.ManagedBlockChain.Types.Edition
[ 6 of 80] Compiling Amazonka.ManagedBlockChain.Types.Framework
[ 7 of 80] Compiling Amazonka.ManagedBlockChain.Types.InvitationStatus
[ 8 of 80] Compiling Amazonka.ManagedBlockChain.Types.InviteAction
[ 9 of 80] Compiling Amazonka.ManagedBlockChain.Types.LogConfiguration
[10 of 80] Compiling Amazonka.ManagedBlockChain.Types.LogConfigurations
[11 of 80] Compiling Amazonka.ManagedBlockChain.Types.MemberFabricAttributes
[12 of 80] Compiling Amazonka.ManagedBlockChain.Types.MemberFabricConfiguration
[13 of 80] Compiling Amazonka.ManagedBlockChain.Types.MemberFabricLogPublishingConfiguration
[14 of 80] Compiling Amazonka.ManagedBlockChain.Types.MemberFrameworkAttributes
[15 of 80] Compiling Amazonka.ManagedBlockChain.Types.MemberFrameworkConfiguration
[16 of 80] Compiling Amazonka.ManagedBlockChain.Types.MemberLogPublishingConfiguration
[17 of 80] Compiling Amazonka.ManagedBlockChain.Types.MemberConfiguration
[18 of 80] Compiling Amazonka.ManagedBlockChain.Types.MemberStatus
[19 of 80] Compiling Amazonka.ManagedBlockChain.Types.Member
[20 of 80] Compiling Amazonka.ManagedBlockChain.Types.MemberSummary
[21 of 80] Compiling Amazonka.ManagedBlockChain.Types.NetworkEthereumAttributes
[22 of 80] Compiling Amazonka.ManagedBlockChain.Types.NetworkFabricAttributes
[23 of 80] Compiling Amazonka.ManagedBlockChain.Types.NetworkFabricConfiguration
[24 of 80] Compiling Amazonka.ManagedBlockChain.Types.NetworkFrameworkAttributes
[25 of 80] Compiling Amazonka.ManagedBlockChain.Types.NetworkFrameworkConfiguration
[26 of 80] Compiling Amazonka.ManagedBlockChain.Types.NetworkStatus
[27 of 80] Compiling Amazonka.ManagedBlockChain.Types.NetworkSummary
[28 of 80] Compiling Amazonka.ManagedBlockChain.Types.Invitation

gen/Amazonka/ManagedBlockChain/Types/Invitation.hs:128:83: warning: [GHC-02256] [-Wambiguous-fields]
    The record update s {arn = a} with type Invitation is ambiguous.
    This will not be supported by -XDuplicateRecordFields in future releases of GHC.
    |
128 | invitation_arn = Lens.lens (\Invitation' {arn} -> arn) (\s@Invitation' {} a -> s {arn = a} :: Invitation)
    |                                                                                   ^^^^^^^

gen/Amazonka/ManagedBlockChain/Types/Invitation.hs:132:110: warning: [GHC-02256] [-Wambiguous-fields]
    The record update s {creationDate = a} with type Invitation is ambiguous.
    This will not be supported by -XDuplicateRecordFields in future releases of GHC.
    |
132 | invitation_creationDate = Lens.lens (\Invitation' {creationDate} -> creationDate) (\s@Invitation' {} a -> s {creationDate = a} :: Invitation) Prelude.. Lens.mapping Data._Time
    |                                                                                                              ^^^^^^^^^^^^^^^^

gen/Amazonka/ManagedBlockChain/Types/Invitation.hs:166:92: warning: [GHC-02256] [-Wambiguous-fields]
    The record update s {status = a} with type Invitation is ambiguous.
    This will not be supported by -XDuplicateRecordFields in future releases of GHC.
    |
166 | invitation_status = Lens.lens (\Invitation' {status} -> status) (\s@Invitation' {} a -> s {status = a} :: Invitation)
    |                                                                                            ^^^^^^^^^^
[29 of 80] Compiling Amazonka.ManagedBlockChain.Types.NodeEthereumAttributes
[30 of 80] Compiling Amazonka.ManagedBlockChain.Types.NodeFabricAttributes
[31 of 80] Compiling Amazonka.ManagedBlockChain.Types.NodeFabricLogPublishingConfiguration
[32 of 80] Compiling Amazonka.ManagedBlockChain.Types.NodeFrameworkAttributes
[33 of 80] Compiling Amazonka.ManagedBlockChain.Types.NodeLogPublishingConfiguration
[34 of 80] Compiling Amazonka.ManagedBlockChain.Types.NodeStatus
[35 of 80] Compiling Amazonka.ManagedBlockChain.Types.NodeSummary
[36 of 80] Compiling Amazonka.ManagedBlockChain.Types.ProposalStatus
[37 of 80] Compiling Amazonka.ManagedBlockChain.Types.ProposalSummary
[38 of 80] Compiling Amazonka.ManagedBlockChain.Types.RemoveAction
[39 of 80] Compiling Amazonka.ManagedBlockChain.Types.ProposalActions
[40 of 80] Compiling Amazonka.ManagedBlockChain.Types.Proposal
[41 of 80] Compiling Amazonka.ManagedBlockChain.Types.StateDBType
[42 of 80] Compiling Amazonka.ManagedBlockChain.Types.NodeConfiguration
[43 of 80] Compiling Amazonka.ManagedBlockChain.Types.Node
[44 of 80] Compiling Amazonka.ManagedBlockChain.Types.ThresholdComparator
[45 of 80] Compiling Amazonka.ManagedBlockChain.Types.ApprovalThresholdPolicy
[46 of 80] Compiling Amazonka.ManagedBlockChain.Types.VoteValue
[47 of 80] Compiling Amazonka.ManagedBlockChain.Types.VoteSummary
[48 of 80] Compiling Amazonka.ManagedBlockChain.Types.VotingPolicy
[49 of 80] Compiling Amazonka.ManagedBlockChain.Types.Network
[50 of 80] Compiling Amazonka.ManagedBlockChain.Types
[51 of 80] Compiling Amazonka.ManagedBlockChain.TagResource

gen/Amazonka/ManagedBlockChain/TagResource.hs:117:89: warning: [GHC-02256] [-Wambiguous-fields]
    The record update s {tags = a} with type TagResource is ambiguous.
    This will not be supported by -XDuplicateRecordFields in future releases of GHC.
    |
117 | tagResource_tags = Lens.lens (\TagResource' {tags} -> tags) (\s@TagResource' {} a -> s {tags = a} :: TagResource) Prelude.. Lens.coerced
    |                                                                                         ^^^^^^^^
[52 of 80] Compiling Amazonka.ManagedBlockChain.RejectInvitation

gen/Amazonka/ManagedBlockChain/RejectInvitation.hs:78:128: warning: [GHC-02256] [-Wambiguous-fields]
    The record update s {invitationId = a} with type RejectInvitation is ambiguous.
    This will not be supported by -XDuplicateRecordFields in future releases of GHC.
   |
78 | rejectInvitation_invitationId = Lens.lens (\RejectInvitation' {invitationId} -> invitationId) (\s@RejectInvitation' {} a -> s {invitationId = a} :: RejectInvitation)
   |                                                                                                                                ^^^^^^^^^^^^^^^^
[53 of 80] Compiling Amazonka.ManagedBlockChain.ListTagsForResource

gen/Amazonka/ManagedBlockChain/ListTagsForResource.hs:166:137: warning: [GHC-02256] [-Wambiguous-fields]
    The record update s {tags = a} with type ListTagsForResourceResponse is ambiguous.
    This will not be supported by -XDuplicateRecordFields in future releases of GHC.
    |
166 | listTagsForResourceResponse_tags = Lens.lens (\ListTagsForResourceResponse' {tags} -> tags) (\s@ListTagsForResourceResponse' {} a -> s {tags = a} :: ListTagsForResourceResponse) Prelude.. Lens.mapping Lens.coerced
    |                                                                                                                                         ^^^^^^^^
[54 of 80] Compiling Amazonka.ManagedBlockChain.ListProposals

gen/Amazonka/ManagedBlockChain/ListProposals.hs:96:110: warning: [GHC-02256] [-Wambiguous-fields]
    The record update s {nextToken = a} with type ListProposals is ambiguous.
    This will not be supported by -XDuplicateRecordFields in future releases of GHC.
   |
96 | listProposals_nextToken = Lens.lens (\ListProposals' {nextToken} -> nextToken) (\s@ListProposals' {} a -> s {nextToken = a} :: ListProposals)
   |                                                                                                              ^^^^^^^^^^^^^

gen/Amazonka/ManagedBlockChain/ListProposals.hs:100:110: warning: [GHC-02256] [-Wambiguous-fields]
    The record update s {networkId = a} with type ListProposals is ambiguous.
    This will not be supported by -XDuplicateRecordFields in future releases of GHC.
    |
100 | listProposals_networkId = Lens.lens (\ListProposals' {networkId} -> networkId) (\s@ListProposals' {} a -> s {networkId = a} :: ListProposals)
    |                                                                                                              ^^^^^^^^^^^^^

gen/Amazonka/ManagedBlockChain/ListProposals.hs:190:134: warning: [GHC-02256] [-Wambiguous-fields]
    The record update s {nextToken = a} with type ListProposalsResponse is ambiguous.
    This will not be supported by -XDuplicateRecordFields in future releases of GHC.
    |
190 | listProposalsResponse_nextToken = Lens.lens (\ListProposalsResponse' {nextToken} -> nextToken) (\s@ListProposalsResponse' {} a -> s {nextToken = a} :: ListProposalsResponse)
    |                                                                                                                                      ^^^^^^^^^^^^^
[55 of 80] Compiling Amazonka.ManagedBlockChain.ListProposalVotes

gen/Amazonka/ManagedBlockChain/ListProposalVotes.hs:105:122: warning: [GHC-02256] [-Wambiguous-fields]
    The record update s {nextToken = a} with type ListProposalVotes is ambiguous.
    This will not be supported by -XDuplicateRecordFields in future releases of GHC.
    |
105 | listProposalVotes_nextToken = Lens.lens (\ListProposalVotes' {nextToken} -> nextToken) (\s@ListProposalVotes' {} a -> s {nextToken = a} :: ListProposalVotes)
    |                                                                                                                          ^^^^^^^^^^^^^

gen/Amazonka/ManagedBlockChain/ListProposalVotes.hs:109:122: warning: [GHC-02256] [-Wambiguous-fields]
    The record update s {networkId = a} with type ListProposalVotes is ambiguous.
    This will not be supported by -XDuplicateRecordFields in future releases of GHC.
    |
109 | listProposalVotes_networkId = Lens.lens (\ListProposalVotes' {networkId} -> networkId) (\s@ListProposalVotes' {} a -> s {networkId = a} :: ListProposalVotes)
    |                                                                                                                          ^^^^^^^^^^^^^

gen/Amazonka/ManagedBlockChain/ListProposalVotes.hs:113:125: warning: [GHC-02256] [-Wambiguous-fields]
    The record update s {proposalId = a} with type ListProposalVotes is ambiguous.
    This will not be supported by -XDuplicateRecordFields in future releases of GHC.
    |
113 | listProposalVotes_proposalId = Lens.lens (\ListProposalVotes' {proposalId} -> proposalId) (\s@ListProposalVotes' {} a -> s {proposalId = a} :: ListProposalVotes)
    |                                                                                                                             ^^^^^^^^^^^^^^

gen/Amazonka/ManagedBlockChain/ListProposalVotes.hs:211:146: warning: [GHC-02256] [-Wambiguous-fields]
    The record update s {nextToken = a} with type ListProposalVotesResponse is ambiguous.
    This will not be supported by -XDuplicateRecordFields in future releases of GHC.
    |
211 | listProposalVotesResponse_nextToken = Lens.lens (\ListProposalVotesResponse' {nextToken} -> nextToken) (\s@ListProposalVotesResponse' {} a -> s {nextToken = a} :: ListProposalVotesResponse)
    |                                                                                                                                                  ^^^^^^^^^^^^^
[56 of 80] Compiling Amazonka.ManagedBlockChain.ListNodes

gen/Amazonka/ManagedBlockChain/ListNodes.hs:119:95: warning: [GHC-02256] [-Wambiguous-fields]
    The record update s {memberId = a} with type ListNodes is ambiguous.
    This will not be supported by -XDuplicateRecordFields in future releases of GHC.
    |
119 | listNodes_memberId = Lens.lens (\ListNodes' {memberId} -> memberId) (\s@ListNodes' {} a -> s {memberId = a} :: ListNodes)
    |                                                                                               ^^^^^^^^^^^^

gen/Amazonka/ManagedBlockChain/ListNodes.hs:123:98: warning: [GHC-02256] [-Wambiguous-fields]
    The record update s {nextToken = a} with type ListNodes is ambiguous.
    This will not be supported by -XDuplicateRecordFields in future releases of GHC.
    |
123 | listNodes_nextToken = Lens.lens (\ListNodes' {nextToken} -> nextToken) (\s@ListNodes' {} a -> s {nextToken = a} :: ListNodes)
    |                                                                                                  ^^^^^^^^^^^^^

gen/Amazonka/ManagedBlockChain/ListNodes.hs:128:89: warning: [GHC-02256] [-Wambiguous-fields]
    The record update s {status = a} with type ListNodes is ambiguous.
    This will not be supported by -XDuplicateRecordFields in future releases of GHC.
    |
128 | listNodes_status = Lens.lens (\ListNodes' {status} -> status) (\s@ListNodes' {} a -> s {status = a} :: ListNodes)
    |                                                                                         ^^^^^^^^^^

gen/Amazonka/ManagedBlockChain/ListNodes.hs:132:98: warning: [GHC-02256] [-Wambiguous-fields]
    The record update s {networkId = a} with type ListNodes is ambiguous.
    This will not be supported by -XDuplicateRecordFields in future releases of GHC.
    |
132 | listNodes_networkId = Lens.lens (\ListNodes' {networkId} -> networkId) (\s@ListNodes' {} a -> s {networkId = a} :: ListNodes)
    |                                                                                                  ^^^^^^^^^^^^^

gen/Amazonka/ManagedBlockChain/ListNodes.hs:228:122: warning: [GHC-02256] [-Wambiguous-fields]
    The record update s {nextToken = a} with type ListNodesResponse is ambiguous.
    This will not be supported by -XDuplicateRecordFields in future releases of GHC.
    |
228 | listNodesResponse_nextToken = Lens.lens (\ListNodesResponse' {nextToken} -> nextToken) (\s@ListNodesResponse' {} a -> s {nextToken = a} :: ListNodesResponse)
    |                                                                                                                          ^^^^^^^^^^^^^
[57 of 80] Compiling Amazonka.ManagedBlockChain.ListNetworks

gen/Amazonka/ManagedBlockChain/ListNetworks.hs:112:107: warning: [GHC-02256] [-Wambiguous-fields]
    The record update s {framework = a} with type ListNetworks is ambiguous.
    This will not be supported by -XDuplicateRecordFields in future releases of GHC.
    |
112 | listNetworks_framework = Lens.lens (\ListNetworks' {framework} -> framework) (\s@ListNetworks' {} a -> s {framework = a} :: ListNetworks)
    |                                                                                                           ^^^^^^^^^^^^^

gen/Amazonka/ManagedBlockChain/ListNetworks.hs:120:92: warning: [GHC-02256] [-Wambiguous-fields]
    The record update s {name = a} with type ListNetworks is ambiguous.
    This will not be supported by -XDuplicateRecordFields in future releases of GHC.
    |
120 | listNetworks_name = Lens.lens (\ListNetworks' {name} -> name) (\s@ListNetworks' {} a -> s {name = a} :: ListNetworks)
    |                                                                                            ^^^^^^^^

gen/Amazonka/ManagedBlockChain/ListNetworks.hs:124:107: warning: [GHC-02256] [-Wambiguous-fields]
    The record update s {nextToken = a} with type ListNetworks is ambiguous.
    This will not be supported by -XDuplicateRecordFields in future releases of GHC.
    |
124 | listNetworks_nextToken = Lens.lens (\ListNetworks' {nextToken} -> nextToken) (\s@ListNetworks' {} a -> s {nextToken = a} :: ListNetworks)
    |                                                                                                           ^^^^^^^^^^^^^

gen/Amazonka/ManagedBlockChain/ListNetworks.hs:131:98: warning: [GHC-02256] [-Wambiguous-fields]
    The record update s {status = a} with type ListNetworks is ambiguous.
    This will not be supported by -XDuplicateRecordFields in future releases of GHC.
    |
131 | listNetworks_status = Lens.lens (\ListNetworks' {status} -> status) (\s@ListNetworks' {} a -> s {status = a} :: ListNetworks)
    |                                                                                                  ^^^^^^^^^^

gen/Amazonka/ManagedBlockChain/ListNetworks.hs:231:131: warning: [GHC-02256] [-Wambiguous-fields]
    The record update s {nextToken = a} with type ListNetworksResponse is ambiguous.
    This will not be supported by -XDuplicateRecordFields in future releases of GHC.
    |
231 | listNetworksResponse_nextToken = Lens.lens (\ListNetworksResponse' {nextToken} -> nextToken) (\s@ListNetworksResponse' {} a -> s {nextToken = a} :: ListNetworksResponse)
    |                                                                                                                                   ^^^^^^^^^^^^^
[58 of 80] Compiling Amazonka.ManagedBlockChain.ListMembers

gen/Amazonka/ManagedBlockChain/ListMembers.hs:122:98: warning: [GHC-02256] [-Wambiguous-fields]
    The record update s {isOwned = a} with type ListMembers is ambiguous.
    This will not be supported by -XDuplicateRecordFields in future releases of GHC.
    |
122 | listMembers_isOwned = Lens.lens (\ListMembers' {isOwned} -> isOwned) (\s@ListMembers' {} a -> s {isOwned = a} :: ListMembers)
    |                                                                                                  ^^^^^^^^^^^

gen/Amazonka/ManagedBlockChain/ListMembers.hs:130:89: warning: [GHC-02256] [-Wambiguous-fields]
    The record update s {name = a} with type ListMembers is ambiguous.
    This will not be supported by -XDuplicateRecordFields in future releases of GHC.
    |
130 | listMembers_name = Lens.lens (\ListMembers' {name} -> name) (\s@ListMembers' {} a -> s {name = a} :: ListMembers)
    |                                                                                         ^^^^^^^^

gen/Amazonka/ManagedBlockChain/ListMembers.hs:134:104: warning: [GHC-02256] [-Wambiguous-fields]
    The record update s {nextToken = a} with type ListMembers is ambiguous.
    This will not be supported by -XDuplicateRecordFields in future releases of GHC.
    |
134 | listMembers_nextToken = Lens.lens (\ListMembers' {nextToken} -> nextToken) (\s@ListMembers' {} a -> s {nextToken = a} :: ListMembers)
    |                                                                                                        ^^^^^^^^^^^^^

gen/Amazonka/ManagedBlockChain/ListMembers.hs:139:95: warning: [GHC-02256] [-Wambiguous-fields]
    The record update s {status = a} with type ListMembers is ambiguous.
    This will not be supported by -XDuplicateRecordFields in future releases of GHC.
    |
139 | listMembers_status = Lens.lens (\ListMembers' {status} -> status) (\s@ListMembers' {} a -> s {status = a} :: ListMembers)
    |                                                                                               ^^^^^^^^^^

gen/Amazonka/ManagedBlockChain/ListMembers.hs:143:104: warning: [GHC-02256] [-Wambiguous-fields]
    The record update s {networkId = a} with type ListMembers is ambiguous.
    This will not be supported by -XDuplicateRecordFields in future releases of GHC.
    |
143 | listMembers_networkId = Lens.lens (\ListMembers' {networkId} -> networkId) (\s@ListMembers' {} a -> s {networkId = a} :: ListMembers)
    |                                                                                                        ^^^^^^^^^^^^^

gen/Amazonka/ManagedBlockChain/ListMembers.hs:247:128: warning: [GHC-02256] [-Wambiguous-fields]
    The record update s {nextToken = a} with type ListMembersResponse is ambiguous.
    This will not be supported by -XDuplicateRecordFields in future releases of GHC.
    |
247 | listMembersResponse_nextToken = Lens.lens (\ListMembersResponse' {nextToken} -> nextToken) (\s@ListMembersResponse' {} a -> s {nextToken = a} :: ListMembersResponse)
    |                                                                                                                                ^^^^^^^^^^^^^
[59 of 80] Compiling Amazonka.ManagedBlockChain.ListInvitations

gen/Amazonka/ManagedBlockChain/ListInvitations.hs:89:116: warning: [GHC-02256] [-Wambiguous-fields]
    The record update s {nextToken = a} with type ListInvitations is ambiguous.
    This will not be supported by -XDuplicateRecordFields in future releases of GHC.
   |
89 | listInvitations_nextToken = Lens.lens (\ListInvitations' {nextToken} -> nextToken) (\s@ListInvitations' {} a -> s {nextToken = a} :: ListInvitations)
   |                                                                                                                    ^^^^^^^^^^^^^

gen/Amazonka/ManagedBlockChain/ListInvitations.hs:176:146: warning: [GHC-02256] [-Wambiguous-fields]
    The record update s {invitations = a} with type ListInvitationsResponse is ambiguous.
    This will not be supported by -XDuplicateRecordFields in future releases of GHC.
    |
176 | listInvitationsResponse_invitations = Lens.lens (\ListInvitationsResponse' {invitations} -> invitations) (\s@ListInvitationsResponse' {} a -> s {invitations = a} :: ListInvitationsResponse) Prelude.. Lens.mapping Lens.coerced
    |                                                                                                                                                  ^^^^^^^^^^^^^^^

gen/Amazonka/ManagedBlockChain/ListInvitations.hs:180:140: warning: [GHC-02256] [-Wambiguous-fields]
    The record update s {nextToken = a} with type ListInvitationsResponse is ambiguous.
    This will not be supported by -XDuplicateRecordFields in future releases of GHC.
    |
180 | listInvitationsResponse_nextToken = Lens.lens (\ListInvitationsResponse' {nextToken} -> nextToken) (\s@ListInvitationsResponse' {} a -> s {nextToken = a} :: ListInvitationsResponse)
    |                                                                                                                                            ^^^^^^^^^^^^^
[60 of 80] Compiling Amazonka.ManagedBlockChain.ListAccessors

gen/Amazonka/ManagedBlockChain/ListAccessors.hs:95:110: warning: [GHC-02256] [-Wambiguous-fields]
    The record update s {nextToken = a} with type ListAccessors is ambiguous.
    This will not be supported by -XDuplicateRecordFields in future releases of GHC.
   |
95 | listAccessors_nextToken = Lens.lens (\ListAccessors' {nextToken} -> nextToken) (\s@ListAccessors' {} a -> s {nextToken = a} :: ListAccessors)
   |                                                                                                              ^^^^^^^^^^^^^

gen/Amazonka/ManagedBlockChain/ListAccessors.hs:210:134: warning: [GHC-02256] [-Wambiguous-fields]
    The record update s {nextToken = a} with type ListAccessorsResponse is ambiguous.
    This will not be supported by -XDuplicateRecordFields in future releases of GHC.
    |
210 | listAccessorsResponse_nextToken = Lens.lens (\ListAccessorsResponse' {nextToken} -> nextToken) (\s@ListAccessorsResponse' {} a -> s {nextToken = a} :: ListAccessorsResponse)
    |                                                                                                                                      ^^^^^^^^^^^^^
[61 of 80] Compiling Amazonka.ManagedBlockChain.GetProposal

gen/Amazonka/ManagedBlockChain/GetProposal.hs:87:104: warning: [GHC-02256] [-Wambiguous-fields]
    The record update s {networkId = a} with type GetProposal is ambiguous.
    This will not be supported by -XDuplicateRecordFields in future releases of GHC.
   |
87 | getProposal_networkId = Lens.lens (\GetProposal' {networkId} -> networkId) (\s@GetProposal' {} a -> s {networkId = a} :: GetProposal)
   |                                                                                                        ^^^^^^^^^^^^^

gen/Amazonka/ManagedBlockChain/GetProposal.hs:91:107: warning: [GHC-02256] [-Wambiguous-fields]
    The record update s {proposalId = a} with type GetProposal is ambiguous.
    This will not be supported by -XDuplicateRecordFields in future releases of GHC.
   |
91 | getProposal_proposalId = Lens.lens (\GetProposal' {proposalId} -> proposalId) (\s@GetProposal' {} a -> s {proposalId = a} :: GetProposal)
   |                                                                                                           ^^^^^^^^^^^^^^
[62 of 80] Compiling Amazonka.ManagedBlockChain.GetNode

gen/Amazonka/ManagedBlockChain/GetNode.hs:102:89: warning: [GHC-02256] [-Wambiguous-fields]
    The record update s {memberId = a} with type GetNode is ambiguous.
    This will not be supported by -XDuplicateRecordFields in future releases of GHC.
    |
102 | getNode_memberId = Lens.lens (\GetNode' {memberId} -> memberId) (\s@GetNode' {} a -> s {memberId = a} :: GetNode)
    |                                                                                         ^^^^^^^^^^^^

gen/Amazonka/ManagedBlockChain/GetNode.hs:106:92: warning: [GHC-02256] [-Wambiguous-fields]
    The record update s {networkId = a} with type GetNode is ambiguous.
    This will not be supported by -XDuplicateRecordFields in future releases of GHC.
    |
106 | getNode_networkId = Lens.lens (\GetNode' {networkId} -> networkId) (\s@GetNode' {} a -> s {networkId = a} :: GetNode)
    |                                                                                            ^^^^^^^^^^^^^
[63 of 80] Compiling Amazonka.ManagedBlockChain.GetNetwork

gen/Amazonka/ManagedBlockChain/GetNetwork.hs:77:101: warning: [GHC-02256] [-Wambiguous-fields]
    The record update s {networkId = a} with type GetNetwork is ambiguous.
    This will not be supported by -XDuplicateRecordFields in future releases of GHC.
   |
77 | getNetwork_networkId = Lens.lens (\GetNetwork' {networkId} -> networkId) (\s@GetNetwork' {} a -> s {networkId = a} :: GetNetwork)
   |                                                                                                     ^^^^^^^^^^^^^
[64 of 80] Compiling Amazonka.ManagedBlockChain.GetMember

gen/Amazonka/ManagedBlockChain/GetMember.hs:87:98: warning: [GHC-02256] [-Wambiguous-fields]
    The record update s {networkId = a} with type GetMember is ambiguous.
    This will not be supported by -XDuplicateRecordFields in future releases of GHC.
   |
87 | getMember_networkId = Lens.lens (\GetMember' {networkId} -> networkId) (\s@GetMember' {} a -> s {networkId = a} :: GetMember)
   |                                                                                                  ^^^^^^^^^^^^^

gen/Amazonka/ManagedBlockChain/GetMember.hs:91:95: warning: [GHC-02256] [-Wambiguous-fields]
    The record update s {memberId = a} with type GetMember is ambiguous.
    This will not be supported by -XDuplicateRecordFields in future releases of GHC.
   |
91 | getMember_memberId = Lens.lens (\GetMember' {memberId} -> memberId) (\s@GetMember' {} a -> s {memberId = a} :: GetMember)
   |                                                                                               ^^^^^^^^^^^^
[65 of 80] Compiling Amazonka.ManagedBlockChain.GetAccessor
[66 of 80] Compiling Amazonka.ManagedBlockChain.DeleteNode

gen/Amazonka/ManagedBlockChain/DeleteNode.hs:122:98: warning: [GHC-02256] [-Wambiguous-fields]
    The record update s {memberId = a} with type DeleteNode is ambiguous.
    This will not be supported by -XDuplicateRecordFields in future releases of GHC.
    |
122 | deleteNode_memberId = Lens.lens (\DeleteNode' {memberId} -> memberId) (\s@DeleteNode' {} a -> s {memberId = a} :: DeleteNode)
    |                                                                                                  ^^^^^^^^^^^^

gen/Amazonka/ManagedBlockChain/DeleteNode.hs:136:101: warning: [GHC-02256] [-Wambiguous-fields]
    The record update s {networkId = a} with type DeleteNode is ambiguous.
    This will not be supported by -XDuplicateRecordFields in future releases of GHC.
    |
136 | deleteNode_networkId = Lens.lens (\DeleteNode' {networkId} -> networkId) (\s@DeleteNode' {} a -> s {networkId = a} :: DeleteNode)
    |                                                                                                     ^^^^^^^^^^^^^
[67 of 80] Compiling Amazonka.ManagedBlockChain.DeleteMember

gen/Amazonka/ManagedBlockChain/DeleteMember.hs:93:107: warning: [GHC-02256] [-Wambiguous-fields]
    The record update s {networkId = a} with type DeleteMember is ambiguous.
    This will not be supported by -XDuplicateRecordFields in future releases of GHC.
   |
93 | deleteMember_networkId = Lens.lens (\DeleteMember' {networkId} -> networkId) (\s@DeleteMember' {} a -> s {networkId = a} :: DeleteMember)
   |                                                                                                           ^^^^^^^^^^^^^

gen/Amazonka/ManagedBlockChain/DeleteMember.hs:97:104: warning: [GHC-02256] [-Wambiguous-fields]
    The record update s {memberId = a} with type DeleteMember is ambiguous.
    This will not be supported by -XDuplicateRecordFields in future releases of GHC.
   |
97 | deleteMember_memberId = Lens.lens (\DeleteMember' {memberId} -> memberId) (\s@DeleteMember' {} a -> s {memberId = a} :: DeleteMember)
   |                                                                                                        ^^^^^^^^^^^^
[68 of 80] Compiling Amazonka.ManagedBlockChain.DeleteAccessor
[69 of 80] Compiling Amazonka.ManagedBlockChain.CreateProposal

gen/Amazonka/ManagedBlockChain/CreateProposal.hs:168:119: warning: [GHC-02256] [-Wambiguous-fields]
    The record update s {description = a} with type CreateProposal is ambiguous.
    This will not be supported by -XDuplicateRecordFields in future releases of GHC.
    |
168 | createProposal_description = Lens.lens (\CreateProposal' {description} -> description) (\s@CreateProposal' {} a -> s {description = a} :: CreateProposal)
    |                                                                                                                       ^^^^^^^^^^^^^^^

gen/Amazonka/ManagedBlockChain/CreateProposal.hs:184:98: warning: [GHC-02256] [-Wambiguous-fields]
    The record update s {tags = a} with type CreateProposal is ambiguous.
    This will not be supported by -XDuplicateRecordFields in future releases of GHC.
    |
184 | createProposal_tags = Lens.lens (\CreateProposal' {tags} -> tags) (\s@CreateProposal' {} a -> s {tags = a} :: CreateProposal) Prelude.. Lens.mapping Lens.coerced
    |                                                                                                  ^^^^^^^^

gen/Amazonka/ManagedBlockChain/CreateProposal.hs:196:113: warning: [GHC-02256] [-Wambiguous-fields]
    The record update s {networkId = a} with type CreateProposal is ambiguous.
    This will not be supported by -XDuplicateRecordFields in future releases of GHC.
    |
196 | createProposal_networkId = Lens.lens (\CreateProposal' {networkId} -> networkId) (\s@CreateProposal' {} a -> s {networkId = a} :: CreateProposal)
    |                                                                                                                 ^^^^^^^^^^^^^

gen/Amazonka/ManagedBlockChain/CreateProposal.hs:203:110: warning: [GHC-02256] [-Wambiguous-fields]
    The record update s {memberId = a} with type CreateProposal is ambiguous.
    This will not be supported by -XDuplicateRecordFields in future releases of GHC.
    |
203 | createProposal_memberId = Lens.lens (\CreateProposal' {memberId} -> memberId) (\s@CreateProposal' {} a -> s {memberId = a} :: CreateProposal)
    |                                                                                                              ^^^^^^^^^^^^

gen/Amazonka/ManagedBlockChain/CreateProposal.hs:210:107: warning: [GHC-02256] [-Wambiguous-fields]
    The record update s {actions = a} with type CreateProposal is ambiguous.
    This will not be supported by -XDuplicateRecordFields in future releases of GHC.
    |
210 | createProposal_actions = Lens.lens (\CreateProposal' {actions} -> actions) (\s@CreateProposal' {} a -> s {actions = a} :: CreateProposal)
    |                                                                                                           ^^^^^^^^^^^

gen/Amazonka/ManagedBlockChain/CreateProposal.hs:310:140: warning: [GHC-02256] [-Wambiguous-fields]
    The record update s {proposalId = a} with type CreateProposalResponse is ambiguous.
    This will not be supported by -XDuplicateRecordFields in future releases of GHC.
    |
310 | createProposalResponse_proposalId = Lens.lens (\CreateProposalResponse' {proposalId} -> proposalId) (\s@CreateProposalResponse' {} a -> s {proposalId = a} :: CreateProposalResponse)
    |                                                                                                                                            ^^^^^^^^^^^^^^
[70 of 80] Compiling Amazonka.ManagedBlockChain.CreateNode

gen/Amazonka/ManagedBlockChain/CreateNode.hs:166:98: warning: [GHC-02256] [-Wambiguous-fields]
    The record update s {memberId = a} with type CreateNode is ambiguous.
    This will not be supported by -XDuplicateRecordFields in future releases of GHC.
    |
166 | createNode_memberId = Lens.lens (\CreateNode' {memberId} -> memberId) (\s@CreateNode' {} a -> s {memberId = a} :: CreateNode)
    |                                                                                                  ^^^^^^^^^^^^

gen/Amazonka/ManagedBlockChain/CreateNode.hs:181:86: warning: [GHC-02256] [-Wambiguous-fields]
    The record update s {tags = a} with type CreateNode is ambiguous.
    This will not be supported by -XDuplicateRecordFields in future releases of GHC.
    |
181 | createNode_tags = Lens.lens (\CreateNode' {tags} -> tags) (\s@CreateNode' {} a -> s {tags = a} :: CreateNode) Prelude.. Lens.mapping Lens.coerced
    |                                                                                      ^^^^^^^^

gen/Amazonka/ManagedBlockChain/CreateNode.hs:203:101: warning: [GHC-02256] [-Wambiguous-fields]
    The record update s {networkId = a} with type CreateNode is ambiguous.
    This will not be supported by -XDuplicateRecordFields in future releases of GHC.
    |
203 | createNode_networkId = Lens.lens (\CreateNode' {networkId} -> networkId) (\s@CreateNode' {} a -> s {networkId = a} :: CreateNode)
    |                                                                                                     ^^^^^^^^^^^^^
[71 of 80] Compiling Amazonka.ManagedBlockChain.CreateNetwork

gen/Amazonka/ManagedBlockChain/CreateNetwork.hs:178:116: warning: [GHC-02256] [-Wambiguous-fields]
    The record update s {description = a} with type CreateNetwork is ambiguous.
    This will not be supported by -XDuplicateRecordFields in future releases of GHC.
    |
178 | createNetwork_description = Lens.lens (\CreateNetwork' {description} -> description) (\s@CreateNetwork' {} a -> s {description = a} :: CreateNetwork)
    |                                                                                                                    ^^^^^^^^^^^^^^^

gen/Amazonka/ManagedBlockChain/CreateNetwork.hs:183:149: warning: [GHC-02256] [-Wambiguous-fields]
    The record update s {frameworkConfiguration = a} with type CreateNetwork is ambiguous.
    This will not be supported by -XDuplicateRecordFields in future releases of GHC.
    |
183 | createNetwork_frameworkConfiguration = Lens.lens (\CreateNetwork' {frameworkConfiguration} -> frameworkConfiguration) (\s@CreateNetwork' {} a -> s {frameworkConfiguration = a} :: CreateNetwork)
    |                                                                                                                                                     ^^^^^^^^^^^^^^^^^^^^^^^^^^

gen/Amazonka/ManagedBlockChain/CreateNetwork.hs:198:95: warning: [GHC-02256] [-Wambiguous-fields]
    The record update s {tags = a} with type CreateNetwork is ambiguous.
    This will not be supported by -XDuplicateRecordFields in future releases of GHC.
    |
198 | createNetwork_tags = Lens.lens (\CreateNetwork' {tags} -> tags) (\s@CreateNetwork' {} a -> s {tags = a} :: CreateNetwork) Prelude.. Lens.mapping Lens.coerced
    |                                                                                               ^^^^^^^^

gen/Amazonka/ManagedBlockChain/CreateNetwork.hs:210:95: warning: [GHC-02256] [-Wambiguous-fields]
    The record update s {name = a} with type CreateNetwork is ambiguous.
    This will not be supported by -XDuplicateRecordFields in future releases of GHC.
    |
210 | createNetwork_name = Lens.lens (\CreateNetwork' {name} -> name) (\s@CreateNetwork' {} a -> s {name = a} :: CreateNetwork)
    |                                                                                               ^^^^^^^^

gen/Amazonka/ManagedBlockChain/CreateNetwork.hs:214:110: warning: [GHC-02256] [-Wambiguous-fields]
    The record update s {framework = a} with type CreateNetwork is ambiguous.
    This will not be supported by -XDuplicateRecordFields in future releases of GHC.
    |
214 | createNetwork_framework = Lens.lens (\CreateNetwork' {framework} -> framework) (\s@CreateNetwork' {} a -> s {framework = a} :: CreateNetwork)
    |                                                                                                              ^^^^^^^^^^^^^

gen/Amazonka/ManagedBlockChain/CreateNetwork.hs:218:131: warning: [GHC-02256] [-Wambiguous-fields]
    The record update s {frameworkVersion = a} with type CreateNetwork is ambiguous.
    This will not be supported by -XDuplicateRecordFields in future releases of GHC.
    |
218 | createNetwork_frameworkVersion = Lens.lens (\CreateNetwork' {frameworkVersion} -> frameworkVersion) (\s@CreateNetwork' {} a -> s {frameworkVersion = a} :: CreateNetwork)
    |                                                                                                                                   ^^^^^^^^^^^^^^^^^^^^

gen/Amazonka/ManagedBlockChain/CreateNetwork.hs:223:119: warning: [GHC-02256] [-Wambiguous-fields]
    The record update s {votingPolicy = a} with type CreateNetwork is ambiguous.
    This will not be supported by -XDuplicateRecordFields in future releases of GHC.
    |
223 | createNetwork_votingPolicy = Lens.lens (\CreateNetwork' {votingPolicy} -> votingPolicy) (\s@CreateNetwork' {} a -> s {votingPolicy = a} :: CreateNetwork)
    |                                                                                                                       ^^^^^^^^^^^^^^^^

gen/Amazonka/ManagedBlockChain/CreateNetwork.hs:343:131: warning: [GHC-02256] [-Wambiguous-fields]
    The record update s {memberId = a} with type CreateNetworkResponse is ambiguous.
    This will not be supported by -XDuplicateRecordFields in future releases of GHC.
    |
343 | createNetworkResponse_memberId = Lens.lens (\CreateNetworkResponse' {memberId} -> memberId) (\s@CreateNetworkResponse' {} a -> s {memberId = a} :: CreateNetworkResponse)
    |                                                                                                                                   ^^^^^^^^^^^^

gen/Amazonka/ManagedBlockChain/CreateNetwork.hs:347:134: warning: [GHC-02256] [-Wambiguous-fields]
    The record update s {networkId = a} with type CreateNetworkResponse is ambiguous.
    This will not be supported by -XDuplicateRecordFields in future releases of GHC.
    |
347 | createNetworkResponse_networkId = Lens.lens (\CreateNetworkResponse' {networkId} -> networkId) (\s@CreateNetworkResponse' {} a -> s {networkId = a} :: CreateNetworkResponse)
    |                                                                                                                                      ^^^^^^^^^^^^^
[72 of 80] Compiling Amazonka.ManagedBlockChain.CreateMember

gen/Amazonka/ManagedBlockChain/CreateMember.hs:127:116: warning: [GHC-02256] [-Wambiguous-fields]
    The record update s {invitationId = a} with type CreateMember is ambiguous.
    This will not be supported by -XDuplicateRecordFields in future releases of GHC.
    |
127 | createMember_invitationId = Lens.lens (\CreateMember' {invitationId} -> invitationId) (\s@CreateMember' {} a -> s {invitationId = a} :: CreateMember)
    |                                                                                                                    ^^^^^^^^^^^^^^^^

gen/Amazonka/ManagedBlockChain/CreateMember.hs:131:107: warning: [GHC-02256] [-Wambiguous-fields]
    The record update s {networkId = a} with type CreateMember is ambiguous.
    This will not be supported by -XDuplicateRecordFields in future releases of GHC.
    |
131 | createMember_networkId = Lens.lens (\CreateMember' {networkId} -> networkId) (\s@CreateMember' {} a -> s {networkId = a} :: CreateMember)
    |                                                                                                           ^^^^^^^^^^^^^

gen/Amazonka/ManagedBlockChain/CreateMember.hs:227:128: warning: [GHC-02256] [-Wambiguous-fields]
    The record update s {memberId = a} with type CreateMemberResponse is ambiguous.
    This will not be supported by -XDuplicateRecordFields in future releases of GHC.
    |
227 | createMemberResponse_memberId = Lens.lens (\CreateMemberResponse' {memberId} -> memberId) (\s@CreateMemberResponse' {} a -> s {memberId = a} :: CreateMemberResponse)
    |                                                                                                                                ^^^^^^^^^^^^
[73 of 80] Compiling Amazonka.ManagedBlockChain.CreateAccessor

gen/Amazonka/ManagedBlockChain/CreateAccessor.hs:222:146: warning: [GHC-02256] [-Wambiguous-fields]
    The record update s {billingToken = a} with type CreateAccessorResponse is ambiguous.
    This will not be supported by -XDuplicateRecordFields in future releases of GHC.
    |
222 | createAccessorResponse_billingToken = Lens.lens (\CreateAccessorResponse' {billingToken} -> billingToken) (\s@CreateAccessorResponse' {} a -> s {billingToken = a} :: CreateAccessorResponse)
    |                                                                                                                                                  ^^^^^^^^^^^^^^^^
[74 of 80] Compiling Amazonka.ManagedBlockChain.UntagResource
[75 of 80] Compiling Amazonka.ManagedBlockChain.UpdateMember

gen/Amazonka/ManagedBlockChain/UpdateMember.hs:95:158: warning: [GHC-02256] [-Wambiguous-fields]
    The record update s {logPublishingConfiguration = a} with type UpdateMember is ambiguous.
    This will not be supported by -XDuplicateRecordFields in future releases of GHC.
   |
95 | updateMember_logPublishingConfiguration = Lens.lens (\UpdateMember' {logPublishingConfiguration} -> logPublishingConfiguration) (\s@UpdateMember' {} a -> s {logPublishingConfiguration = a} :: UpdateMember)
   |                                                                                                                                                              ^^^^^^^^^^^^^^^^^^^^^^^^^^^^^^

gen/Amazonka/ManagedBlockChain/UpdateMember.hs:100:107: warning: [GHC-02256] [-Wambiguous-fields]
    The record update s {networkId = a} with type UpdateMember is ambiguous.
    This will not be supported by -XDuplicateRecordFields in future releases of GHC.
    |
100 | updateMember_networkId = Lens.lens (\UpdateMember' {networkId} -> networkId) (\s@UpdateMember' {} a -> s {networkId = a} :: UpdateMember)
    |                                                                                                           ^^^^^^^^^^^^^

gen/Amazonka/ManagedBlockChain/UpdateMember.hs:104:104: warning: [GHC-02256] [-Wambiguous-fields]
    The record update s {memberId = a} with type UpdateMember is ambiguous.
    This will not be supported by -XDuplicateRecordFields in future releases of GHC.
    |
104 | updateMember_memberId = Lens.lens (\UpdateMember' {memberId} -> memberId) (\s@UpdateMember' {} a -> s {memberId = a} :: UpdateMember)
    |                                                                                                        ^^^^^^^^^^^^
[76 of 80] Compiling Amazonka.ManagedBlockChain.UpdateNode

gen/Amazonka/ManagedBlockChain/UpdateNode.hs:103:152: warning: [GHC-02256] [-Wambiguous-fields]
    The record update s {logPublishingConfiguration = a} with type UpdateNode is ambiguous.
    This will not be supported by -XDuplicateRecordFields in future releases of GHC.
    |
103 | updateNode_logPublishingConfiguration = Lens.lens (\UpdateNode' {logPublishingConfiguration} -> logPublishingConfiguration) (\s@UpdateNode' {} a -> s {logPublishingConfiguration = a} :: UpdateNode)
    |                                                                                                                                                        ^^^^^^^^^^^^^^^^^^^^^^^^^^^^^^

gen/Amazonka/ManagedBlockChain/UpdateNode.hs:109:98: warning: [GHC-02256] [-Wambiguous-fields]
    The record update s {memberId = a} with type UpdateNode is ambiguous.
    This will not be supported by -XDuplicateRecordFields in future releases of GHC.
    |
109 | updateNode_memberId = Lens.lens (\UpdateNode' {memberId} -> memberId) (\s@UpdateNode' {} a -> s {memberId = a} :: UpdateNode)
    |                                                                                                  ^^^^^^^^^^^^

gen/Amazonka/ManagedBlockChain/UpdateNode.hs:113:101: warning: [GHC-02256] [-Wambiguous-fields]
    The record update s {networkId = a} with type UpdateNode is ambiguous.
    This will not be supported by -XDuplicateRecordFields in future releases of GHC.
    |
113 | updateNode_networkId = Lens.lens (\UpdateNode' {networkId} -> networkId) (\s@UpdateNode' {} a -> s {networkId = a} :: UpdateNode)
    |                                                                                                     ^^^^^^^^^^^^^
[77 of 80] Compiling Amazonka.ManagedBlockChain.VoteOnProposal

gen/Amazonka/ManagedBlockChain/VoteOnProposal.hs:108:113: warning: [GHC-02256] [-Wambiguous-fields]
    The record update s {networkId = a} with type VoteOnProposal is ambiguous.
    This will not be supported by -XDuplicateRecordFields in future releases of GHC.
    |
108 | voteOnProposal_networkId = Lens.lens (\VoteOnProposal' {networkId} -> networkId) (\s@VoteOnProposal' {} a -> s {networkId = a} :: VoteOnProposal)
    |                                                                                                                 ^^^^^^^^^^^^^

gen/Amazonka/ManagedBlockChain/VoteOnProposal.hs:112:116: warning: [GHC-02256] [-Wambiguous-fields]
    The record update s {proposalId = a} with type VoteOnProposal is ambiguous.
    This will not be supported by -XDuplicateRecordFields in future releases of GHC.
    |
112 | voteOnProposal_proposalId = Lens.lens (\VoteOnProposal' {proposalId} -> proposalId) (\s@VoteOnProposal' {} a -> s {proposalId = a} :: VoteOnProposal)
    |                                                                                                                    ^^^^^^^^^^^^^^

gen/Amazonka/ManagedBlockChain/VoteOnProposal.hs:120:98: warning: [GHC-02256] [-Wambiguous-fields]
    The record update s {vote = a} with type VoteOnProposal is ambiguous.
    This will not be supported by -XDuplicateRecordFields in future releases of GHC.
    |
120 | voteOnProposal_vote = Lens.lens (\VoteOnProposal' {vote} -> vote) (\s@VoteOnProposal' {} a -> s {vote = a} :: VoteOnProposal)
    |                                                                                                  ^^^^^^^^
[78 of 80] Compiling Amazonka.ManagedBlockChain.Lens
[79 of 80] Compiling Amazonka.ManagedBlockChain.Waiters
[80 of 80] Compiling Amazonka.ManagedBlockChain
Configuring test suite 'amazonka-managedblockchain-test' for amazonka-managedblockchain-2.0...
Preprocessing test suite 'amazonka-managedblockchain-test' for amazonka-managedblockchain-2.0...
Building test suite 'amazonka-managedblockchain-test' for amazonka-managedblockchain-2.0...
[1 of 4] Compiling Test.Amazonka.ManagedBlockChain
[2 of 4] Compiling Test.Amazonka.ManagedBlockChain.Internal
[3 of 4] Compiling Test.Amazonka.Gen.ManagedBlockChain
[4 of 4] Compiling Main
[5 of 5] Linking /tmp/workdir-amazonka-managedblockchain/amazonka-managedblockchain-2.0/dist-newstyle/build/x86_64-linux/ghc-9.6.6/amazonka-managedblockchain-2.0/t/amazonka-managedblockchain-test/build/amazonka-managedblockchain-test/amazonka-managedblockchain-test
