Build profile: -w ghc-9.6.6 -O1
In order, the following will be built (use -v for more details):
 - process-extras-0.7.4 (lib) (first run)
 - process-extras-0.7.4 (test:process-extras-tests) (first run)
Configuring library for process-extras-0.7.4...
Preprocessing library for process-extras-0.7.4...
Building library for process-extras-0.7.4...
[ 1 of 10] Compiling Utils
[ 2 of 10] Compiling System.Process.Common

src/System/Process/Common.hs:27:1: warning: [-Wunused-imports]
    The import of ‘Data.Monoid’ is redundant
      except perhaps to import instances from ‘Data.Monoid’
    To import instances alone, use: import Data.Monoid()
   |
27 | import Data.Monoid ((<>))
   | ^^^^^^^^^^^^^^^^^^^^^^^^^

src/System/Process/Common.hs:94:5: warning: [-Wnoncanonical-monoid-instances]
    Noncanonical ‘mappend’ definition detected
    in the instance declaration for ‘Monoid ExitCode’.
    ‘mappend’ will eventually be removed in favour of ‘(<>)’
    Either remove definition for ‘mappend’ (recommended) or define as ‘mappend = (<>)’
    See also: https://gitlab.haskell.org/ghc/ghc/-/wikis/proposal/semigroup-monoid
   |
94 |     mappend x (ExitFailure 0) = x
   |     ^^^^^^^^^^^^^^^^^^^^^^^^^^^^^...

src/System/Process/Common.hs:99:3: warning: [-Wnoncanonical-monoid-instances]
    Noncanonical ‘(<>) = mappend’ definition detected
    in the instance declaration for ‘Semigroup ExitCode’.
    Move definition from ‘mappend’ to ‘(<>)’
    See also: https://gitlab.haskell.org/ghc/ghc/-/wikis/proposal/semigroup-monoid
   |
99 |   (<>) = mappend
   |   ^^^^^^^^^^^^^^
[ 3 of 10] Compiling System.Process.Text.Lazy
[ 4 of 10] Compiling System.Process.Text.Builder
[ 5 of 10] Compiling System.Process.Text
[ 6 of 10] Compiling System.Process.Chars
[ 7 of 10] Compiling System.Process.ByteString.Lazy
[ 8 of 10] Compiling System.Process.ByteString
[ 9 of 10] Compiling System.Process.ListLike
[10 of 10] Compiling System.Process.Run

src/System/Process/Run.hs:53:1: warning: [-Wunused-imports]
    The import of ‘Data.Monoid’ is redundant
      except perhaps to import instances from ‘Data.Monoid’
    To import instances alone, use: import Data.Monoid()
   |
53 | import Data.Monoid ((<>))
   | ^^^^^^^^^^^^^^^^^^^^^^^^^
Configuring test suite 'process-extras-tests' for process-extras-0.7.4...
Preprocessing test suite 'process-extras-tests' for process-extras-0.7.4...
Building test suite 'process-extras-tests' for process-extras-0.7.4...
[1 of 1] Compiling Main
[2 of 2] Linking /tmp/workdir-process-extras/process-extras-0.7.4/dist-newstyle/build/x86_64-linux/ghc-9.6.6/process-extras-0.7.4/t/process-extras-tests/build/process-extras-tests/process-extras-tests
