Build profile: -w ghc-9.6.6 -O1
In order, the following will be built (use -v for more details):
 - amazonka-cloudcontrol-2.0 (lib) (first run)
 - amazonka-cloudcontrol-2.0 (test:amazonka-cloudcontrol-test) (first run)
Configuring library for amazonka-cloudcontrol-2.0...
Preprocessing library for amazonka-cloudcontrol-2.0...
Building library for amazonka-cloudcontrol-2.0...
[ 1 of 18] Compiling Amazonka.CloudControl.Types.HandlerErrorCode
[ 2 of 18] Compiling Amazonka.CloudControl.Types.Operation
[ 3 of 18] Compiling Amazonka.CloudControl.Types.OperationStatus
[ 4 of 18] Compiling Amazonka.CloudControl.Types.ProgressEvent
[ 5 of 18] Compiling Amazonka.CloudControl.Types.ResourceDescription
[ 6 of 18] Compiling Amazonka.CloudControl.Types.ResourceRequestStatusFilter
[ 7 of 18] Compiling Amazonka.CloudControl.Types
[ 8 of 18] Compiling Amazonka.CloudControl.ListResources

gen/Amazonka/CloudControl/ListResources.hs:169:110: warning: [GHC-02256] [-Wambiguous-fields]
    The record update s {nextToken = a} with type ListResources is ambiguous.
    This will not be supported by -XDuplicateRecordFields in future releases of GHC.
    |
169 | listResources_nextToken = Lens.lens (\ListResources' {nextToken} -> nextToken) (\s@ListResources' {} a -> s {nextToken = a} :: ListResources)
    |                                                                                                              ^^^^^^^^^^^^^

gen/Amazonka/CloudControl/ListResources.hs:173:122: warning: [GHC-02256] [-Wambiguous-fields]
    The record update s {resourceModel = a} with type ListResources is ambiguous.
    This will not be supported by -XDuplicateRecordFields in future releases of GHC.
    |
173 | listResources_resourceModel = Lens.lens (\ListResources' {resourceModel} -> resourceModel) (\s@ListResources' {} a -> s {resourceModel = a} :: ListResources) Prelude.. Lens.mapping Data._Sensitive
    |                                                                                                                          ^^^^^^^^^^^^^^^^^

gen/Amazonka/CloudControl/ListResources.hs:201:107: warning: [GHC-02256] [-Wambiguous-fields]
    The record update s {typeName = a} with type ListResources is ambiguous.
    This will not be supported by -XDuplicateRecordFields in future releases of GHC.
    |
201 | listResources_typeName = Lens.lens (\ListResources' {typeName} -> typeName) (\s@ListResources' {} a -> s {typeName = a} :: ListResources)
    |                                                                                                           ^^^^^^^^^^^^

gen/Amazonka/CloudControl/ListResources.hs:353:134: warning: [GHC-02256] [-Wambiguous-fields]
    The record update s {nextToken = a} with type ListResourcesResponse is ambiguous.
    This will not be supported by -XDuplicateRecordFields in future releases of GHC.
    |
353 | listResourcesResponse_nextToken = Lens.lens (\ListResourcesResponse' {nextToken} -> nextToken) (\s@ListResourcesResponse' {} a -> s {nextToken = a} :: ListResourcesResponse)
    |                                                                                                                                      ^^^^^^^^^^^^^

gen/Amazonka/CloudControl/ListResources.hs:362:131: warning: [GHC-02256] [-Wambiguous-fields]
    The record update s {typeName = a} with type ListResourcesResponse is ambiguous.
    This will not be supported by -XDuplicateRecordFields in future releases of GHC.
    |
362 | listResourcesResponse_typeName = Lens.lens (\ListResourcesResponse' {typeName} -> typeName) (\s@ListResourcesResponse' {} a -> s {typeName = a} :: ListResourcesResponse)
    |                                                                                                                                   ^^^^^^^^^^^^
[ 9 of 18] Compiling Amazonka.CloudControl.ListResourceRequests

gen/Amazonka/CloudControl/ListResourceRequests.hs:129:131: warning: [GHC-02256] [-Wambiguous-fields]
    The record update s {nextToken = a} with type ListResourceRequests is ambiguous.
    This will not be supported by -XDuplicateRecordFields in future releases of GHC.
    |
129 | listResourceRequests_nextToken = Lens.lens (\ListResourceRequests' {nextToken} -> nextToken) (\s@ListResourceRequests' {} a -> s {nextToken = a} :: ListResourceRequests)
    |                                                                                                                                   ^^^^^^^^^^^^^

gen/Amazonka/CloudControl/ListResourceRequests.hs:271:155: warning: [GHC-02256] [-Wambiguous-fields]
    The record update s {nextToken = a} with type ListResourceRequestsResponse is ambiguous.
    This will not be supported by -XDuplicateRecordFields in future releases of GHC.
    |
271 | listResourceRequestsResponse_nextToken = Lens.lens (\ListResourceRequestsResponse' {nextToken} -> nextToken) (\s@ListResourceRequestsResponse' {} a -> s {nextToken = a} :: ListResourceRequestsResponse)
    |                                                                                                                                                           ^^^^^^^^^^^^^
[10 of 18] Compiling Amazonka.CloudControl.GetResourceRequestStatus

gen/Amazonka/CloudControl/GetResourceRequestStatus.hs:93:152: warning: [GHC-02256] [-Wambiguous-fields]
    The record update s {requestToken = a} with type GetResourceRequestStatus is ambiguous.
    This will not be supported by -XDuplicateRecordFields in future releases of GHC.
   |
93 | getResourceRequestStatus_requestToken = Lens.lens (\GetResourceRequestStatus' {requestToken} -> requestToken) (\s@GetResourceRequestStatus' {} a -> s {requestToken = a} :: GetResourceRequestStatus)
   |                                                                                                                                                        ^^^^^^^^^^^^^^^^
[11 of 18] Compiling Amazonka.CloudControl.GetResource

gen/Amazonka/CloudControl/GetResource.hs:188:101: warning: [GHC-02256] [-Wambiguous-fields]
    The record update s {typeName = a} with type GetResource is ambiguous.
    This will not be supported by -XDuplicateRecordFields in future releases of GHC.
    |
188 | getResource_typeName = Lens.lens (\GetResource' {typeName} -> typeName) (\s@GetResource' {} a -> s {typeName = a} :: GetResource)
    |                                                                                                     ^^^^^^^^^^^^

gen/Amazonka/CloudControl/GetResource.hs:206:107: warning: [GHC-02256] [-Wambiguous-fields]
    The record update s {identifier = a} with type GetResource is ambiguous.
    This will not be supported by -XDuplicateRecordFields in future releases of GHC.
    |
206 | getResource_identifier = Lens.lens (\GetResource' {identifier} -> identifier) (\s@GetResource' {} a -> s {identifier = a} :: GetResource)
    |                                                                                                           ^^^^^^^^^^^^^^

gen/Amazonka/CloudControl/GetResource.hs:309:125: warning: [GHC-02256] [-Wambiguous-fields]
    The record update s {typeName = a} with type GetResourceResponse is ambiguous.
    This will not be supported by -XDuplicateRecordFields in future releases of GHC.
    |
309 | getResourceResponse_typeName = Lens.lens (\GetResourceResponse' {typeName} -> typeName) (\s@GetResourceResponse' {} a -> s {typeName = a} :: GetResourceResponse)
    |                                                                                                                             ^^^^^^^^^^^^
[12 of 18] Compiling Amazonka.CloudControl.DeleteResource

gen/Amazonka/CloudControl/DeleteResource.hs:241:110: warning: [GHC-02256] [-Wambiguous-fields]
    The record update s {typeName = a} with type DeleteResource is ambiguous.
    This will not be supported by -XDuplicateRecordFields in future releases of GHC.
    |
241 | deleteResource_typeName = Lens.lens (\DeleteResource' {typeName} -> typeName) (\s@DeleteResource' {} a -> s {typeName = a} :: DeleteResource)
    |                                                                                                              ^^^^^^^^^^^^

gen/Amazonka/CloudControl/DeleteResource.hs:259:116: warning: [GHC-02256] [-Wambiguous-fields]
    The record update s {identifier = a} with type DeleteResource is ambiguous.
    This will not be supported by -XDuplicateRecordFields in future releases of GHC.
    |
259 | deleteResource_identifier = Lens.lens (\DeleteResource' {identifier} -> identifier) (\s@DeleteResource' {} a -> s {identifier = a} :: DeleteResource)
    |                                                                                                                    ^^^^^^^^^^^^^^
[13 of 18] Compiling Amazonka.CloudControl.CreateResource

gen/Amazonka/CloudControl/CreateResource.hs:223:110: warning: [GHC-02256] [-Wambiguous-fields]
    The record update s {typeName = a} with type CreateResource is ambiguous.
    This will not be supported by -XDuplicateRecordFields in future releases of GHC.
    |
223 | createResource_typeName = Lens.lens (\CreateResource' {typeName} -> typeName) (\s@CreateResource' {} a -> s {typeName = a} :: CreateResource)
    |                                                                                                              ^^^^^^^^^^^^
[14 of 18] Compiling Amazonka.CloudControl.CancelResourceRequest

gen/Amazonka/CloudControl/CancelResourceRequest.hs:87:143: warning: [GHC-02256] [-Wambiguous-fields]
    The record update s {requestToken = a} with type CancelResourceRequest is ambiguous.
    This will not be supported by -XDuplicateRecordFields in future releases of GHC.
   |
87 | cancelResourceRequest_requestToken = Lens.lens (\CancelResourceRequest' {requestToken} -> requestToken) (\s@CancelResourceRequest' {} a -> s {requestToken = a} :: CancelResourceRequest)
   |                                                                                                                                               ^^^^^^^^^^^^^^^^
[15 of 18] Compiling Amazonka.CloudControl.UpdateResource

gen/Amazonka/CloudControl/UpdateResource.hs:274:110: warning: [GHC-02256] [-Wambiguous-fields]
    The record update s {typeName = a} with type UpdateResource is ambiguous.
    This will not be supported by -XDuplicateRecordFields in future releases of GHC.
    |
274 | updateResource_typeName = Lens.lens (\UpdateResource' {typeName} -> typeName) (\s@UpdateResource' {} a -> s {typeName = a} :: UpdateResource)
    |                                                                                                              ^^^^^^^^^^^^

gen/Amazonka/CloudControl/UpdateResource.hs:292:116: warning: [GHC-02256] [-Wambiguous-fields]
    The record update s {identifier = a} with type UpdateResource is ambiguous.
    This will not be supported by -XDuplicateRecordFields in future releases of GHC.
    |
292 | updateResource_identifier = Lens.lens (\UpdateResource' {identifier} -> identifier) (\s@UpdateResource' {} a -> s {identifier = a} :: UpdateResource)
    |                                                                                                                    ^^^^^^^^^^^^^^
[16 of 18] Compiling Amazonka.CloudControl.Lens
[17 of 18] Compiling Amazonka.CloudControl.Waiters
[18 of 18] Compiling Amazonka.CloudControl
Configuring test suite 'amazonka-cloudcontrol-test' for amazonka-cloudcontrol-2.0...
Preprocessing test suite 'amazonka-cloudcontrol-test' for amazonka-cloudcontrol-2.0...
Building test suite 'amazonka-cloudcontrol-test' for amazonka-cloudcontrol-2.0...
[1 of 4] Compiling Test.Amazonka.CloudControl
[2 of 4] Compiling Test.Amazonka.CloudControl.Internal
[3 of 4] Compiling Main
[4 of 4] Compiling Test.Amazonka.Gen.CloudControl
[5 of 5] Linking /tmp/workdir-amazonka-cloudcontrol/amazonka-cloudcontrol-2.0/dist-newstyle/build/x86_64-linux/ghc-9.6.6/amazonka-cloudcontrol-2.0/t/amazonka-cloudcontrol-test/build/amazonka-cloudcontrol-test/amazonka-cloudcontrol-test
