Build profile: -w ghc-9.6.6 -O1
In order, the following will be built (use -v for more details):
 - attoparsec-run-0.0.2.0 (lib) (first run)
 - attoparsec-run-0.0.2.0 (test:test-attoparsec-run) (first run)
Configuring library for attoparsec-run-0.0.2.0...
Preprocessing library for attoparsec-run-0.0.2.0...
Building library for attoparsec-run-0.0.2.0...
[1 of 3] Compiling Data.Attoparsec.Run
[2 of 3] Compiling Data.Attoparsec.ByteString.Run
[3 of 3] Compiling Data.Attoparsec.Text.Run
Configuring test suite 'test-attoparsec-run' for attoparsec-run-0.0.2.0...
Preprocessing test suite 'test-attoparsec-run' for attoparsec-run-0.0.2.0...
Building test suite 'test-attoparsec-run' for attoparsec-run-0.0.2.0...
[1 of 1] Compiling Main

test/Main.hs:5:1: warning: [-Wunused-imports]
    The import of ‘Control.Applicative’ is redundant
      except perhaps to import instances from ‘Control.Applicative’
    To import instances alone, use: import Control.Applicative()
  |
5 | import Control.Applicative (liftA2)
  | ^^^^^^^^^^^^^^^^^^^^^^^^^^^^^^^^^^^
[2 of 2] Linking /tmp/workdir-attoparsec-run/attoparsec-run-0.0.2.0/dist-newstyle/build/x86_64-linux/ghc-9.6.6/attoparsec-run-0.0.2.0/t/test-attoparsec-run/build/test-attoparsec-run/test-attoparsec-run
