Build profile: -w ghc-9.6.6 -O1
In order, the following will be built (use -v for more details):
 - network-ip-0.3.0.3 (lib) (first run)
 - network-ip-0.3.0.3 (test:tests) (first run)
Configuring library for network-ip-0.3.0.3...
Preprocessing library for network-ip-0.3.0.3...
Building library for network-ip-0.3.0.3...
[1 of 1] Compiling Network.IP.Addr

src/Network/IP/Addr.hs:777:62: warning: [GHC-58520] [-Wtype-equality-requires-operators]
    The use of ‘~’ without TypeOperators
    will become an error in a future GHC release.
    Suggested fix: Perhaps you intended to use TypeOperators
    |
777 | net4Parser ∷ (CharParsing μ, Monad μ, IsNetAddr n, NetHost n ~ IP4) ⇒ μ n
    |                                                              ^

src/Network/IP/Addr.hs:789:62: warning: [GHC-58520] [-Wtype-equality-requires-operators]
    The use of ‘~’ without TypeOperators
    will become an error in a future GHC release.
    Suggested fix: Perhaps you intended to use TypeOperators
    |
789 | net6Parser ∷ (CharParsing μ, Monad μ, IsNetAddr n, NetHost n ~ IP6) ⇒ μ n
    |                                                              ^

src/Network/IP/Addr.hs:795:37: warning: [GHC-58520] [-Wtype-equality-requires-operators]
    The use of ‘~’ without TypeOperators
    will become an error in a future GHC release.
    Suggested fix: Perhaps you intended to use TypeOperators
    |
795 | netParser ∷ (IsNetAddr n, NetHost n ~ IP, CharParsing μ, Monad μ) ⇒ μ n
    |                                     ^
Configuring test suite 'tests' for network-ip-0.3.0.3...
Preprocessing test suite 'tests' for network-ip-0.3.0.3...
Building test suite 'tests' for network-ip-0.3.0.3...
[1 of 1] Compiling Main
[2 of 2] Linking /tmp/workdir-network-ip/network-ip-0.3.0.3/dist-newstyle/build/x86_64-linux/ghc-9.6.6/network-ip-0.3.0.3/t/tests/build/tests/tests
