Build profile: -w ghc-9.6.6 -O1
In order, the following will be built (use -v for more details):
 - authenticate-oauth-1.7 (lib) (first run)
Configuring library for authenticate-oauth-1.7...
Preprocessing library for authenticate-oauth-1.7...
Building library for authenticate-oauth-1.7...
[1 of 2] Compiling Web.Authenticate.OAuth

Web/Authenticate/OAuth.hs:415:24: warning: [GHC-68441] [-Wdeprecations]
    In the use of ‘parseUrl’
    (imported from Network.HTTP.Client, but defined in Network.HTTP.Client.Request):
    Deprecated: "Please use parseUrlThrow, parseRequest, or parseRequest_ instead"
    |
415 |   let req = fromJust $ parseUrl $ oauthRequestUri oa
    |                        ^^^^^^^^

Web/Authenticate/OAuth.hs:502:34: warning: [GHC-68441] [-Wdeprecations]
    In the use of ‘parseUrl’
    (imported from Network.HTTP.Client, but defined in Network.HTTP.Client.Request):
    Deprecated: "Please use parseUrlThrow, parseRequest, or parseRequest_ instead"
    |
502 |       let req = hook (fromJust $ parseUrl $ oauthAccessTokenUri oa) { method = "POST" }
    |                                  ^^^^^^^^
[2 of 2] Compiling Web.Authenticate.OAuth.IO

Web/Authenticate/OAuth/IO.hs:35:35: warning: [GHC-68441] [-Wdeprecations]
    In the use of ‘withManager’
    (imported from Network.HTTP.Client, but defined in Network.HTTP.Client.Manager):
    Deprecated: "Use newManager instead"
   |
35 | getTemporaryCredential = liftIO . withManager defaultManagerSettings . OA.getTemporaryCredential
   |                                   ^^^^^^^^^^^

Web/Authenticate/OAuth/IO.hs:43:12: warning: [GHC-68441] [-Wdeprecations]
    In the use of ‘withManager’
    (imported from Network.HTTP.Client, but defined in Network.HTTP.Client.Manager):
    Deprecated: "Use newManager instead"
   |
43 |   liftIO $ withManager defaultManagerSettings $ OA.getTemporaryCredentialWithScope bs oa
   |            ^^^^^^^^^^^

Web/Authenticate/OAuth/IO.hs:51:45: warning: [GHC-68441] [-Wdeprecations]
    In the use of ‘withManager’
    (imported from Network.HTTP.Client, but defined in Network.HTTP.Client.Manager):
    Deprecated: "Use newManager instead"
   |
51 | getTemporaryCredentialProxy p oa = liftIO $ withManager defaultManagerSettings $ OA.getTemporaryCredential' (addMaybeProxy p) oa
   |                                             ^^^^^^^^^^^

Web/Authenticate/OAuth/IO.hs:57:44: warning: [GHC-68441] [-Wdeprecations]
    In the use of ‘withManager’
    (imported from Network.HTTP.Client, but defined in Network.HTTP.Client.Manager):
    Deprecated: "Use newManager instead"
   |
57 | getTemporaryCredential' hook oa = liftIO $ withManager defaultManagerSettings $ OA.getTemporaryCredential' hook oa
   |                                            ^^^^^^^^^^^

Web/Authenticate/OAuth/IO.hs:66:33: warning: [GHC-68441] [-Wdeprecations]
    In the use of ‘withManager’
    (imported from Network.HTTP.Client, but defined in Network.HTTP.Client.Manager):
    Deprecated: "Use newManager instead"
   |
66 | getAccessToken oa cr = liftIO $ withManager defaultManagerSettings $ OA.getAccessToken oa cr
   |                                 ^^^^^^^^^^^

Web/Authenticate/OAuth/IO.hs:75:40: warning: [GHC-68441] [-Wdeprecations]
    In the use of ‘withManager’
    (imported from Network.HTTP.Client, but defined in Network.HTTP.Client.Manager):
    Deprecated: "Use newManager instead"
   |
75 | getAccessTokenProxy p oa cr = liftIO $ withManager defaultManagerSettings $ OA.getAccessTokenProxy p oa cr
   |                                        ^^^^^^^^^^^

Web/Authenticate/OAuth/IO.hs:82:39: warning: [GHC-68441] [-Wdeprecations]
    In the use of ‘withManager’
    (imported from Network.HTTP.Client, but defined in Network.HTTP.Client.Manager):
    Deprecated: "Use newManager instead"
   |
82 | getAccessToken' hook oa cr = liftIO $ withManager defaultManagerSettings $ OA.getAccessToken' hook oa cr
   |                                       ^^^^^^^^^^^
