Build profile: -w ghc-9.6.6 -O1
In order, the following will be built (use -v for more details):
 - syb-0.7.2.4 (lib) (first run)
 - syb-0.7.2.4 (test:unit-tests) (first run)
Configuring library for syb-0.7.2.4...
Preprocessing library for syb-0.7.2.4...
Building library for syb-0.7.2.4...
[ 1 of 16] Compiling Data.Generics.Aliases
[ 2 of 16] Compiling Data.Generics.Basics
[ 3 of 16] Compiling Data.Generics.Builders
[ 4 of 16] Compiling Data.Generics.Instances
[ 5 of 16] Compiling Data.Generics.Schemes
[ 6 of 16] Compiling Data.Generics.Text
[ 7 of 16] Compiling Data.Generics.Twins
[ 8 of 16] Compiling Data.Generics
[ 9 of 16] Compiling Generics.SYB
[10 of 16] Compiling Generics.SYB.Aliases
[11 of 16] Compiling Generics.SYB.Basics
[12 of 16] Compiling Generics.SYB.Builders
[13 of 16] Compiling Generics.SYB.Instances
[14 of 16] Compiling Generics.SYB.Schemes
[15 of 16] Compiling Generics.SYB.Text
[16 of 16] Compiling Generics.SYB.Twins
Configuring test suite 'unit-tests' for syb-0.7.2.4...
Preprocessing test suite 'unit-tests' for syb-0.7.2.4...
Building test suite 'unit-tests' for syb-0.7.2.4...
[ 1 of 37] Compiling Builders
[ 2 of 37] Compiling CompanyDatatypes
[ 3 of 37] Compiling Bits
[ 4 of 37] Compiling Datatype
[ 5 of 37] Compiling Encode
[ 6 of 37] Compiling Ext
[ 7 of 37] Compiling Ext1
[ 8 of 37] Compiling Ext2
[ 9 of 37] Compiling FoldTree
[10 of 37] Compiling FreeNames
[11 of 37] Compiling GEq
[12 of 37] Compiling GMapQAssoc
[13 of 37] Compiling GRead
[14 of 37] Compiling GRead2
[15 of 37] Compiling GShow
[16 of 37] Compiling GShow2
[17 of 37] Compiling GZip
[18 of 37] Compiling GenUpTo
[19 of 37] Compiling GetC
[20 of 37] Compiling HList
[21 of 37] Compiling HOPat
[22 of 37] Compiling Labels
[23 of 37] Compiling LocalQuantors
[24 of 37] Compiling NestedDatatypes
[25 of 37] Compiling Newtype
[26 of 37] Compiling Paradise
[27 of 37] Compiling Perm
[28 of 37] Compiling Polymatch
[29 of 37] Compiling Reify
[30 of 37] Compiling Strings
[31 of 37] Compiling Tree
[32 of 37] Compiling Twin
[33 of 37] Compiling Typecase1
[34 of 37] Compiling Typecase2
[35 of 37] Compiling Where
[36 of 37] Compiling XML
[37 of 37] Compiling Main
[38 of 38] Linking /tmp/workdir-syb/syb-0.7.2.4/dist-newstyle/build/x86_64-linux/ghc-9.6.6/syb-0.7.2.4/t/unit-tests/build/unit-tests/unit-tests
