Build profile: -w ghc-9.6.6 -O1
In order, the following will be built (use -v for more details):
 - hslua-packaging-2.3.1 (lib) (first run)
 - hslua-packaging-2.3.1 (test:test-hslua-packaging) (first run)
Configuring library for hslua-packaging-2.3.1...
Preprocessing library for hslua-packaging-2.3.1...
Building library for hslua-packaging-2.3.1...
[1 of 8] Compiling HsLua.Packaging.Types
[2 of 8] Compiling HsLua.Packaging.Rendering
[3 of 8] Compiling HsLua.Packaging.Documentation
[4 of 8] Compiling HsLua.Packaging.Function
[5 of 8] Compiling HsLua.Packaging.Module
[6 of 8] Compiling HsLua.Packaging.Convenience
[7 of 8] Compiling HsLua.Packaging.UDType
[8 of 8] Compiling HsLua.Packaging
Configuring test suite 'test-hslua-packaging' for hslua-packaging-2.3.1...
Preprocessing test suite 'test-hslua-packaging' for hslua-packaging-2.3.1...
Building test suite 'test-hslua-packaging' for hslua-packaging-2.3.1...
[1 of 7] Compiling HsLua.Packaging.DocumentationTests
[2 of 7] Compiling HsLua.Packaging.FunctionTests
[3 of 7] Compiling HsLua.Packaging.ModuleTests
[4 of 7] Compiling HsLua.Packaging.RenderingTests
[5 of 7] Compiling HsLua.Packaging.UDTypeTests
[6 of 7] Compiling HsLua.PackagingTests
[7 of 7] Compiling Main
[8 of 8] Linking /tmp/workdir-hslua-packaging/hslua-packaging-2.3.1/dist-newstyle/build/x86_64-linux/ghc-9.6.6/hslua-packaging-2.3.1/t/test-hslua-packaging/build/test-hslua-packaging/test-hslua-packaging
