Build profile: -w ghc-9.6.6 -O1
In order, the following will be built (use -v for more details):
 - hkd-default-1.1.0.0 (lib) (first run)
 - hkd-default-1.1.0.0 (test:hkd-default-test) (first run)
Configuring library for hkd-default-1.1.0.0...
Preprocessing library for hkd-default-1.1.0.0...
Building library for hkd-default-1.1.0.0...
[1 of 2] Compiling HKD.Default

src/HKD/Default.hs:195:22: warning: [GHC-39567] [-Wstar-is-type]
    Using ‘*’ (or its Unicode variant) to mean ‘Data.Kind.Type’
    relies on the StarIsType extension, which will become
    deprecated in the future.
    Suggested fix: Use ‘Type’ from ‘Data.Kind’ instead.
    |
195 | class Default (t :: (* -> *) -> *) where
    |                      ^

src/HKD/Default.hs:195:27: warning: [GHC-39567] [-Wstar-is-type]
    Using ‘*’ (or its Unicode variant) to mean ‘Data.Kind.Type’
    relies on the StarIsType extension, which will become
    deprecated in the future.
    Suggested fix: Use ‘Type’ from ‘Data.Kind’ instead.
    |
195 | class Default (t :: (* -> *) -> *) where
    |                           ^

src/HKD/Default.hs:195:33: warning: [GHC-39567] [-Wstar-is-type]
    Using ‘*’ (or its Unicode variant) to mean ‘Data.Kind.Type’
    relies on the StarIsType extension, which will become
    deprecated in the future.
    Suggested fix: Use ‘Type’ from ‘Data.Kind’ instead.
    |
195 | class Default (t :: (* -> *) -> *) where
    |                                 ^
[2 of 2] Compiling Paths_hkd_default
Configuring test suite 'hkd-default-test' for hkd-default-1.1.0.0...
Preprocessing test suite 'hkd-default-test' for hkd-default-1.1.0.0...
Building test suite 'hkd-default-test' for hkd-default-1.1.0.0...
[1 of 2] Compiling Main
[2 of 2] Compiling Paths_hkd_default
[3 of 3] Linking /tmp/workdir-hkd-default/hkd-default-1.1.0.0/dist-newstyle/build/x86_64-linux/ghc-9.6.6/hkd-default-1.1.0.0/t/hkd-default-test/build/hkd-default-test/hkd-default-test
