Build profile: -w ghc-9.6.6 -O1
In order, the following will be built (use -v for more details):
 - control-monad-free-0.6.2 (lib) (first run)
Warning: control-monad-free.cabal:3:24: Packages with 'cabal-version: 1.12' or
later should specify a specific version of the Cabal spec of the form
'cabal-version: x.y'. Use 'cabal-version: 1.24'.
Configuring library for control-monad-free-0.6.2...
Preprocessing library for control-monad-free-0.6.2...
Building library for control-monad-free-0.6.2...
[1 of 3] Compiling Control.Monad.Free

Control/Monad/Free.hs:84:5: warning: [-Wnoncanonical-monad-instances]
    Noncanonical ‘return’ definition detected
    in the instance declaration for ‘Monad (Free f)’.
    ‘return’ will eventually be removed in favour of ‘pure’
    Either remove definition for ‘return’ (recommended) or define as ‘return = pure’
    See also: https://gitlab.haskell.org/ghc/ghc/-/wikis/proposal/monad-of-no-return
   |
84 |     return          = Pure
   |     ^^^^^^^^^^^^^^^^^^^^^^

Control/Monad/Free.hs:149:5: warning: [-Wnoncanonical-monad-instances]
    Noncanonical ‘return’ definition detected
    in the instance declaration for ‘Monad (FreeT f m)’.
    ‘return’ will eventually be removed in favour of ‘pure’
    Either remove definition for ‘return’ (recommended) or define as ‘return = pure’
    See also: https://gitlab.haskell.org/ghc/ghc/-/wikis/proposal/monad-of-no-return
    |
149 |     return = FreeT . return . Left
    |     ^^^^^^^^^^^^^^^^^^^^^^^^^^^^^^
[2 of 3] Compiling Control.Monad.Free.Improve

Control/Monad/Free/Improve.hs:37:3: warning: [-Wnoncanonical-monad-instances]
    Noncanonical ‘return’ definition detected
    in the instance declaration for ‘Monad (C mu)’.
    ‘return’ will eventually be removed in favour of ‘pure’
    Either remove definition for ‘return’ (recommended) or define as ‘return = pure’
    See also: https://gitlab.haskell.org/ghc/ghc/-/wikis/proposal/monad-of-no-return
   |
37 |   return a = C (\h -> h a)
   |   ^^^^^^^^^^^^^^^^^^^^^^^^

Control/Monad/Free/Improve.hs:41:3: warning: [-Wnoncanonical-monad-instances]
    Noncanonical ‘pure = return’ definition detected
    in the instance declaration for ‘Applicative (C mu)’.
    Move definition from ‘return’ to ‘pure’
    See also: https://gitlab.haskell.org/ghc/ghc/-/wikis/proposal/monad-of-no-return
   |
41 |   pure = return
   |   ^^^^^^^^^^^^^
[3 of 3] Compiling Control.Monad.Free.Zip
