Build profile: -w ghc-9.6.6 -O1
In order, the following will be built (use -v for more details):
 - semigroupoids-6.0.1 (lib) (first run)
Configuring library for semigroupoids-6.0.1...
Preprocessing library for semigroupoids-6.0.1...
Building library for semigroupoids-6.0.1...
[ 1 of 27] Compiling Data.Functor.Extend
[ 2 of 27] Compiling Data.Semigroup.Foldable.Class
[ 3 of 27] Compiling Data.Traversable.Instances
[ 4 of 27] Compiling Semigroupoids.Internal
[ 5 of 27] Compiling Data.Functor.Bind.Class
[ 6 of 27] Compiling Data.Functor.Apply
[ 7 of 27] Compiling Data.Semigroup.Bifoldable
[ 8 of 27] Compiling Data.Functor.Contravariant.Divise
[ 9 of 27] Compiling Data.Functor.Contravariant.Decide
[10 of 27] Compiling Data.Functor.Contravariant.Conclude
[11 of 27] Compiling Data.Functor.Bind
[12 of 27] Compiling Data.Semigroupoid
[13 of 27] Compiling Data.Semigroupoid.Ob
[14 of 27] Compiling Data.Semigroupoid.Dual
[15 of 27] Compiling Data.Semigroupoid.Categorical
[16 of 27] Compiling Data.Groupoid
[17 of 27] Compiling Data.Isomorphism
[18 of 27] Compiling Data.Functor.Bind.Trans
[19 of 27] Compiling Data.Bifunctor.Apply
[20 of 27] Compiling Data.Functor.Alt
[21 of 27] Compiling Data.Semigroup.Foldable
[22 of 27] Compiling Data.Semigroup.Traversable.Class
[23 of 27] Compiling Data.Semigroup.Traversable
[24 of 27] Compiling Data.Semigroup.Bitraversable
[25 of 27] Compiling Data.Functor.Plus
[26 of 27] Compiling Semigroupoids.Do
[27 of 27] Compiling Data.Semigroupoid.Static
