Build profile: -w ghc-9.6.6 -O1
In order, the following will be built (use -v for more details):
 - plotlyhs-0.2.3 (lib) (first run)
Configuring library for plotlyhs-0.2.3...
Preprocessing library for plotlyhs-0.2.3...
Building library for plotlyhs-0.2.3...
[1 of 8] Compiling Graphics.Plotly.Utils
[2 of 8] Compiling Graphics.Plotly.Base

src/Graphics/Plotly/Base.hs:42:1: warning: [-Wunused-imports]
    The import of ‘Data.Aeson.Types’ is redundant
      except perhaps to import instances from ‘Data.Aeson.Types’
    To import instances alone, use: import Data.Aeson.Types()
   |
42 | import Data.Aeson.Types
   | ^^^^^^^^^^^^^^^^^^^^^^^

src/Graphics/Plotly/Base.hs:45:1: warning: [-Wunused-imports]
    The import of ‘Data.Monoid’ is redundant
      except perhaps to import instances from ‘Data.Monoid’
    To import instances alone, use: import Data.Monoid()
   |
45 | import Data.Monoid ((<>))
   | ^^^^^^^^^^^^^^^^^^^^^^^^^
[3 of 8] Compiling Graphics.Plotly.Simple
[4 of 8] Compiling Graphics.Plotly.Lucid

src/Graphics/Plotly/Lucid.hs:24:1: warning: [-Wunused-imports]
    The import of ‘Data.Monoid’ is redundant
      except perhaps to import instances from ‘Data.Monoid’
    To import instances alone, use: import Data.Monoid()
   |
24 | import Data.Monoid ((<>))
   | ^^^^^^^^^^^^^^^^^^^^^^^^^
[5 of 8] Compiling Graphics.Plotly.Histogram
[6 of 8] Compiling Graphics.Plotly.GoG
[7 of 8] Compiling Graphics.Plotly.Blaze

src/Graphics/Plotly/Blaze.hs:26:1: warning: [-Wunused-imports]
    The import of ‘Data.Monoid’ is redundant
      except perhaps to import instances from ‘Data.Monoid’
    To import instances alone, use: import Data.Monoid()
   |
26 | import Data.Monoid ((<>))
   | ^^^^^^^^^^^^^^^^^^^^^^^^^
[8 of 8] Compiling Graphics.Plotly
