Build profile: -w ghc-9.6.6 -O1
In order, the following will be built (use -v for more details):
 - fin-0.3 (lib) (first run)
 - fin-0.3 (test:inspection) (first run)
Configuring library for fin-0.3...
Preprocessing library for fin-0.3...
Building library for fin-0.3...
[1 of 7] Compiling Data.Nat
[2 of 7] Compiling TrustworthyCompat
[3 of 7] Compiling Data.Type.Nat
[4 of 7] Compiling Data.Type.Nat.LE
[5 of 7] Compiling Data.Type.Nat.LT
[6 of 7] Compiling Data.Type.Nat.LE.ReflStep
[7 of 7] Compiling Data.Fin
Configuring test suite 'inspection' for fin-0.3...
Preprocessing test suite 'inspection' for fin-0.3...
Building test suite 'inspection' for fin-0.3...
[1 of 1] Compiling Main

test/Inspection.hs:11:1: warning: [-Wunused-imports]
    The import of ‘Data.Fin’ is redundant
      except perhaps to import instances from ‘Data.Fin’
    To import instances alone, use: import Data.Fin()
   |
11 | import Data.Fin           (Fin (..))
   | ^^^^^^^^^^^^^^^^^^^^^^^^^^^^^^^^^^^^

test/Inspection.hs:16:1: warning: [-Wunused-imports]
    The import of ‘GHC.Generics’ is redundant
      except perhaps to import instances from ‘GHC.Generics’
    To import instances alone, use: import GHC.Generics()
   |
16 | import GHC.Generics       (Generic)
   | ^^^^^^^^^^^^^^^^^^^^^^^^^^^^^^^^^^^
test/Inspection.hs:51:1: lhsInline === rhs passed.
test/Inspection.hs:52:1: lhsNormal === rhs failed expectedly.
test/Inspection.hs:65:1: lhsProof ==- rhsProof passed.
test/Inspection.hs:91:1: lhsFold === rhsFold passed.
test/Inspection.hs:92:1: lhsFold' === rhsFold failed expectedly.
test/Inspection.hs:100:1: lhsUnfold === rhsUnfold passed.
test/Inspection.hs:117:1: lhsPower5 === rhsPower5 passed.
inspection testing successful
      expected successes: 5
       expected failures: 2
[2 of 2] Linking /tmp/workdir-fin/fin-0.3/dist-newstyle/build/x86_64-linux/ghc-9.6.6/fin-0.3/t/inspection/build/inspection/inspection
