Build profile: -w ghc-9.6.6 -O1
In order, the following will be built (use -v for more details):
 - random-fu-0.3.0.1 (lib) (first run)
Configuring library for random-fu-0.3.0.1...
Preprocessing library for random-fu-0.3.0.1...
Building library for random-fu-0.3.0.1...
[ 1 of 29] Compiling Data.Random.Internal.Find
[ 2 of 29] Compiling Data.Random.Internal.Fixed
[ 3 of 29] Compiling Data.Random.Lift
[ 4 of 29] Compiling Data.Random.RVar
[ 5 of 29] Compiling Data.Random.Distribution
[ 6 of 29] Compiling Data.Random.Distribution.Uniform
[ 7 of 29] Compiling Data.Random.List
[ 8 of 29] Compiling Data.Random.Distribution.Ziggurat
[ 9 of 29] Compiling Data.Random.Distribution.Weibull
[10 of 29] Compiling Data.Random.Distribution.Triangular
[11 of 29] Compiling Data.Random.Distribution.StretchedExponential
[12 of 29] Compiling Data.Random.Distribution.Simplex
[13 of 29] Compiling Data.Random.Distribution.Rayleigh
[14 of 29] Compiling Data.Random.Distribution.Normal
[15 of 29] Compiling Data.Random.Distribution.Gamma
[16 of 29] Compiling Data.Random.Distribution.Exponential
[17 of 29] Compiling Data.Random.Distribution.Dirichlet
[18 of 29] Compiling Data.Random.Distribution.ChiSquare
[19 of 29] Compiling Data.Random.Distribution.T
[20 of 29] Compiling Data.Random.Distribution.Categorical

src/Data/Random/Distribution/Categorical.hs:156:5: warning: [-Wnoncanonical-monad-instances]
    Noncanonical ‘return’ definition detected
    in the instance declaration for ‘Monad (Categorical p)’.
    ‘return’ will eventually be removed in favour of ‘pure’
    Either remove definition for ‘return’ (recommended) or define as ‘return = pure’
    See also: https://gitlab.haskell.org/ghc/ghc/-/wikis/proposal/monad-of-no-return
    |
156 |     return x = Categorical (V.singleton (1, x))
    |     ^^^^^^^^^^^^^^^^^^^^^^^^^^^^^^^^^^^^^^^^^^^

src/Data/Random/Distribution/Categorical.hs:185:5: warning: [-Wnoncanonical-monad-instances]
    Noncanonical ‘pure = return’ definition detected
    in the instance declaration for ‘Applicative (Categorical p)’.
    Move definition from ‘return’ to ‘pure’
    See also: https://gitlab.haskell.org/ghc/ghc/-/wikis/proposal/monad-of-no-return
    |
185 |     pure = return
    |     ^^^^^^^^^^^^^
[21 of 29] Compiling Data.Random.Distribution.Beta
[22 of 29] Compiling Data.Random.Distribution.Binomial
[23 of 29] Compiling Data.Random.Distribution.Poisson
[24 of 29] Compiling Data.Random.Distribution.Multinomial
[25 of 29] Compiling Data.Random.Distribution.Bernoulli
[26 of 29] Compiling Data.Random.Sample
[27 of 29] Compiling Data.Random
[28 of 29] Compiling Data.Random.Distribution.Pareto
[29 of 29] Compiling Data.Random.Vector
