Build profile: -w ghc-9.6.6 -O1
In order, the following will be built (use -v for more details):
 - ranges-0.2.4 (lib:ranges) (first run)
Warning: ranges.cabal:15:27: version operators used. To use version operators
the package needs to specify at least 'cabal-version: >= 1.8'.
Warning: ranges.cabal:4:1: Tabs used as indentation at 4:1
Configuring ranges-0.2.4...
Preprocessing library for ranges-0.2.4...
Building library for ranges-0.2.4...
[1 of 1] Compiling Data.Ranges

Data/Ranges.hs:11:1: warning: [GHC-94817] [-Wtabs]
    Tab character found here, and in 20 further locations.
    Suggested fix: Please use spaces instead.
   |
11 |         show (Single x) = concat ["(", show x, ")"]
   | ^^^^^^^^

Data/Ranges.hs:74:22: warning: [GHC-63397] [-Wname-shadowing]
    This binding for ‘x’ shadows the existing binding
      bound at Data/Ranges.hs:72:14
   |
74 |                 Left x -> x : (mergeRanges xs y)
   |                      ^
