Build profile: -w ghc-9.6.6 -O1
In order, the following will be built (use -v for more details):
 - cabal-rpm-2.1.5 (exe:cabal-rpm) (first run)
Configuring executable 'cabal-rpm' for cabal-rpm-2.1.5...
Preprocessing executable 'cabal-rpm' for cabal-rpm-2.1.5...
Building executable 'cabal-rpm' for cabal-rpm-2.1.5...
[ 1 of 19] Compiling FileUtils
[ 2 of 19] Compiling Header
[ 3 of 19] Compiling Paths_cabal_rpm
[ 4 of 19] Compiling Stackage.MajorVer
[ 5 of 19] Compiling Stackage.Snapshots
[ 6 of 19] Compiling SysCmd
[ 7 of 19] Compiling Types
[ 8 of 19] Compiling Stackage
[ 9 of 19] Compiling PackageUtils
[10 of 19] Compiling Dependencies
[11 of 19] Compiling Commands.Spec
[12 of 19] Compiling Commands.Update
[13 of 19] Compiling Commands.RpmBuild
[14 of 19] Compiling Commands.Refresh
[15 of 19] Compiling Commands.Install
[16 of 19] Compiling Commands.Diff
[17 of 19] Compiling Commands.Depends
[18 of 19] Compiling Commands.BuildDep
[19 of 19] Compiling Main
[20 of 20] Linking /tmp/workdir-cabal-rpm/cabal-rpm-2.1.5/dist-newstyle/build/x86_64-linux/ghc-9.6.6/cabal-rpm-2.1.5/x/cabal-rpm/build/cabal-rpm/cabal-rpm
