Build profile: -w ghc-9.6.6 -O1
In order, the following will be built (use -v for more details):
 - bugsnag-haskell-0.0.4.4 (lib) (first run)
 - bugsnag-haskell-0.0.4.4 (test:doctest) (first run)
 - bugsnag-haskell-0.0.4.4 (test:spec) (first run)
Configuring library for bugsnag-haskell-0.0.4.4...
Preprocessing library for bugsnag-haskell-0.0.4.4...
Building library for bugsnag-haskell-0.0.4.4...
[ 1 of 24] Compiling Data.Aeson.Ext
[ 2 of 24] Compiling Network.Bugsnag.Breadcrumb
[ 3 of 24] Compiling Network.Bugsnag.BugsnagRequestHeaders
[ 4 of 24] Compiling Network.Bugsnag.CodeIndex
[ 5 of 24] Compiling Network.Bugsnag.Device
[ 6 of 24] Compiling Network.Bugsnag.ReleaseStage
[ 7 of 24] Compiling Network.Bugsnag.App
[ 8 of 24] Compiling Network.Bugsnag.Request
[ 9 of 24] Compiling Network.Bugsnag.Severity
[10 of 24] Compiling Network.Bugsnag.StackFrame
[11 of 24] Compiling Network.Bugsnag.Exception.Parse
[12 of 24] Compiling Network.Bugsnag.Exception
[13 of 24] Compiling Network.Bugsnag.Thread
[14 of 24] Compiling Network.Bugsnag.User
[15 of 24] Compiling Network.Bugsnag.Session
[16 of 24] Compiling Network.Bugsnag.Event
[17 of 24] Compiling Network.Bugsnag.BeforeNotify
[18 of 24] Compiling Network.Bugsnag.Settings
[19 of 24] Compiling Paths_bugsnag_haskell
[20 of 24] Compiling Network.Bugsnag.Notifier
[21 of 24] Compiling Network.Bugsnag.Report
[22 of 24] Compiling Network.Bugsnag.Reporter
[23 of 24] Compiling Network.Bugsnag.Notify
[24 of 24] Compiling Network.Bugsnag
Configuring test suite 'doctest' for bugsnag-haskell-0.0.4.4...
Preprocessing test suite 'doctest' for bugsnag-haskell-0.0.4.4...
Building test suite 'doctest' for bugsnag-haskell-0.0.4.4...
[1 of 2] Compiling Main
[2 of 2] Compiling Paths_bugsnag_haskell
[3 of 3] Linking /tmp/workdir-bugsnag-haskell/bugsnag-haskell-0.0.4.4/dist-newstyle/build/x86_64-linux/ghc-9.6.6/bugsnag-haskell-0.0.4.4/t/doctest/build/doctest/doctest
Configuring test suite 'spec' for bugsnag-haskell-0.0.4.4...
Preprocessing test suite 'spec' for bugsnag-haskell-0.0.4.4...
Building test suite 'spec' for bugsnag-haskell-0.0.4.4...
[1 of 5] Compiling Network.Bugsnag.CodeIndexSpec
[2 of 5] Compiling Network.Bugsnag.ReportSpec
[3 of 5] Compiling Network.BugsnagSpec
[4 of 5] Compiling Main
[5 of 5] Compiling Paths_bugsnag_haskell
[6 of 6] Linking /tmp/workdir-bugsnag-haskell/bugsnag-haskell-0.0.4.4/dist-newstyle/build/x86_64-linux/ghc-9.6.6/bugsnag-haskell-0.0.4.4/t/spec/build/spec/spec
