Build profile: -w ghc-9.6.6 -O1
In order, the following will be built (use -v for more details):
 - Rasterific-0.7.5.4 (lib) (first run)
Configuring library for Rasterific-0.7.5.4...
Preprocessing library for Rasterific-0.7.5.4...
Building library for Rasterific-0.7.5.4...
[ 1 of 29] Compiling Graphics.Rasterific.MiniLens
[ 2 of 29] Compiling Graphics.Rasterific.Linear
[ 3 of 29] Compiling Graphics.Rasterific.Operators

src/Graphics/Rasterific/Operators.hs:31:29: warning: [-Wunused-imports]
    The import of ‘liftA2’
    from module ‘Control.Applicative’ is redundant
   |
31 | import Control.Applicative( liftA2, liftA3 )
   |                             ^^^^^^
[ 4 of 29] Compiling Graphics.Rasterific.QuadraticFormula
[ 5 of 29] Compiling Graphics.Rasterific.Types
[ 6 of 29] Compiling Graphics.Rasterific.Transformations
[ 7 of 29] Compiling Graphics.Rasterific.QuadraticBezier
[ 8 of 29] Compiling Graphics.Rasterific.Line
[ 9 of 29] Compiling Graphics.Rasterific.Lenses
[10 of 29] Compiling Graphics.Rasterific.CubicBezier

src/Graphics/Rasterific/CubicBezier.hs:24:1: warning: [-Wunused-imports]
    The import of ‘Control.Applicative’ is redundant
      except perhaps to import instances from ‘Control.Applicative’
    To import instances alone, use: import Control.Applicative()
   |
24 | import Control.Applicative( liftA2 )
   | ^^^^^^^^^^^^^^^^^^^^^^^^^^^^^^^^^^^^
[11 of 29] Compiling Graphics.Rasterific.StrokeInternal
[12 of 29] Compiling Graphics.Rasterific.Outline
[13 of 29] Compiling Graphics.Rasterific.Rasterize
[14 of 29] Compiling Graphics.Rasterific.PlaneBoundable
[15 of 29] Compiling Graphics.Rasterific.Compositor

src/Graphics/Rasterific/Compositor.hs:103:13: warning: [GHC-58520] [-Wtype-equality-requires-operators]
    The use of ‘~’ without TypeOperators
    will become an error in a future GHC release.
    Suggested fix: Perhaps you intended to use TypeOperators
    |
103 |             ~ (PixelBaseComponent px)
    |             ^
[16 of 29] Compiling Graphics.Rasterific.PatchTypes
[17 of 29] Compiling Graphics.Rasterific.MeshPatch
[18 of 29] Compiling Graphics.Rasterific.ComplexPrimitive

src/Graphics/Rasterific/ComplexPrimitive.hs:108:4: warning: [GHC-62161] [-Wincomplete-uni-patterns]
    Pattern match(es) are non-exhaustive
    In a pattern binding:
        Patterns of type ‘[CubicBezier]’ not matched:
            []
            [_]
            [_, _]
            [_, _, _]
    |
108 |    (cornerBottomR :
    |    ^^^^^^^^^^^^^^^^^...
[19 of 29] Compiling Graphics.Rasterific.Command

src/Graphics/Rasterific/Command.hs:106:21: warning: [GHC-58520] [-Wtype-equality-requires-operators]
    The use of ‘~’ without TypeOperators
    will become an error in a future GHC release.
    Suggested fix: Perhaps you intended to use TypeOperators
    |
106 |                     ~ (PixelBaseComponent px)
    |                     ^

src/Graphics/Rasterific/Command.hs:114:21: warning: [GHC-58520] [-Wtype-equality-requires-operators]
    The use of ‘~’ without TypeOperators
    will become an error in a future GHC release.
    Suggested fix: Perhaps you intended to use TypeOperators
    |
114 |                     ~ (PixelBaseComponent px)
    |                     ^

src/Graphics/Rasterific/Command.hs:167:21: warning: [GHC-58520] [-Wtype-equality-requires-operators]
    The use of ‘~’ without TypeOperators
    will become an error in a future GHC release.
    Suggested fix: Perhaps you intended to use TypeOperators
    |
167 |                     ~ (PixelBaseComponent px)
    |                     ^
[20 of 29] Compiling Graphics.Rasterific.BiSampleable
[21 of 29] Compiling Graphics.Rasterific.Shading

src/Graphics/Rasterific/Shading.hs:94:39: warning: [GHC-47082] [-Woperator-whitespace-ext-conflict]
    The prefix use of a ‘$’ would denote an untyped splice
      were the TemplateHaskell extension enabled.
    Suggested fix: Add whitespace after the ‘$’.
   |
94 |     !(scanCoverage,_) = clampCoverage $_tsCoverage tsInfo
   |                                       ^

src/Graphics/Rasterific/Shading.hs:141:39: warning: [GHC-47082] [-Woperator-whitespace-ext-conflict]
    The prefix use of a ‘$’ would denote an untyped splice
      were the TemplateHaskell extension enabled.
    Suggested fix: Add whitespace after the ‘$’.
    |
141 |     !(scanCoverage,_) = clampCoverage $_tsCoverage tsInfo
    |                                       ^
[22 of 29] Compiling Graphics.Rasterific.CubicBezier.FastForwardDifference
[23 of 29] Compiling Graphics.Rasterific.Immediate
[24 of 29] Compiling Graphics.Rasterific.PathWalker
[25 of 29] Compiling Graphics.Rasterific.Patch
[26 of 29] Compiling Graphics.Rasterific.MicroPdf

src/Graphics/Rasterific/MicroPdf.hs:705:48: warning: [GHC-58520] [-Wtype-equality-requires-operators]
    The use of ‘~’ without TypeOperators
    will become an error in a future GHC release.
    Suggested fix: Perhaps you intended to use TypeOperators
    |
705 |   , PixelBaseComponent (PixelBaseComponent px) ~ (PixelBaseComponent px))
    |                                                ^

src/Graphics/Rasterific/MicroPdf.hs:800:38: warning: [GHC-47082] [-Woperator-whitespace-ext-conflict]
    The prefix use of a ‘$’ would denote an untyped splice
      were the TemplateHaskell extension enabled.
    Suggested fix: Add whitespace after the ‘$’.
    |
800 |   generateFill = withLocalSubcontext $do
    |                                      ^

src/Graphics/Rasterific/MicroPdf.hs:969:3: warning: [GHC-62161] [-Wincomplete-uni-patterns]
    Pattern match(es) are non-exhaustive
    In a pattern binding:
        Patterns of type ‘[PdfId]’ not matched:
            []
            [_]
            [_, _]
            [_, _, _]
    |
969 |   (catalogId : outlineId : pagesId : endObjId : remainingIds) = [1..]
    |   ^^^^^^^^^^^^^^^^^^^^^^^^^^^^^^^^^^^^^^^^^^^^^^^^^^^^^^^^^^^^^^^^^^^
[27 of 29] Compiling Graphics.Rasterific.Arc
[28 of 29] Compiling Graphics.Rasterific
[29 of 29] Compiling Graphics.Rasterific.Texture
