Build profile: -w ghc-9.6.6 -O1
In order, the following will be built (use -v for more details):
 - linear-base-0.4.0 (lib) (first run)
 - linear-base-0.4.0 (test:test) (first run)
 - linear-base-0.4.0 (test:examples) (first run)
Configuring library for linear-base-0.4.0...
Preprocessing library for linear-base-0.4.0...
Building library for linear-base-0.4.0...
[ 1 of 89] Compiling Data.Arity.Linear.Internal
[ 2 of 89] Compiling Data.Arity.Linear
[ 3 of 89] Compiling Data.Bool.Linear
[ 4 of 89] Compiling Data.Tuple.Linear.Compat
[ 5 of 89] Compiling Prelude.Linear.GenericUtil
[ 6 of 89] Compiling Data.Unrestricted.Linear.Internal.Ur
[ 7 of 89] Compiling Prelude.Linear.Internal.Generically
[ 8 of 89] Compiling Prelude.Linear.Generically
[ 9 of 89] Compiling Prelude.Linear.Internal.TypeEq
[10 of 89] Compiling Prelude.Linear.Internal
[11 of 89] Compiling Data.Replicator.Linear.Internal.ReplicationStream
[12 of 89] Compiling Data.Replicator.Linear.Internal
[13 of 89] Compiling Prelude.Linear.Unsatisfiable
[14 of 89] Compiling Unsafe.Linear
[15 of 89] Compiling Data.Unrestricted.Linear.Internal.Consumable
[16 of 89] Compiling Data.Unrestricted.Linear.Internal.Dupable
[17 of 89] Compiling Data.V.Linear.Internal
[18 of 89] Compiling Data.Tuple.Linear
[19 of 89] Compiling Data.Monoid.Linear.Internal.Semigroup
[20 of 89] Compiling Data.Monoid.Linear.Internal.Monoid
[21 of 89] Compiling Data.Monoid.Linear
[22 of 89] Compiling Data.Functor.Linear.Internal.Functor
[23 of 89] Compiling Data.Functor.Linear.Internal.Applicative
[24 of 89] Compiling Data.Unrestricted.Linear.Internal.Movable
[25 of 89] Compiling Control.Functor.Linear.Internal.Class
[26 of 89] Compiling Control.Functor.Linear.Internal.MonadTrans
[27 of 89] Compiling Control.Functor.Linear.Internal.Instances
[28 of 89] Compiling Control.Functor.Linear.Internal.State
[29 of 89] Compiling Control.Functor.Linear.Internal.Reader
[30 of 89] Compiling Control.Functor.Linear
[31 of 89] Compiling Data.Unrestricted.Linear.Internal.UrT
[32 of 89] Compiling Control.Functor.Linear.Internal.Kan
[33 of 89] Compiling Data.Functor.Linear.Internal.Traversable
[34 of 89] Compiling Data.V.Linear.Internal.Instances
[35 of 89] Compiling Data.V.Linear
[36 of 89] Compiling Data.Functor.Linear
[37 of 89] Compiling Data.Replicator.Linear.Internal.Instances
[38 of 89] Compiling Data.Unrestricted.Linear.Internal.Instances
[39 of 89] Compiling Data.Unrestricted.Linear
[40 of 89] Compiling Data.Ord.Linear.Internal.Eq
[41 of 89] Compiling Data.Ord.Linear.Internal.Ord
[42 of 89] Compiling Data.Ord.Linear
[43 of 89] Compiling Data.Either.Linear
[44 of 89] Compiling Data.Replicator.Linear
[45 of 89] Compiling Data.Maybe.Linear
[46 of 89] Compiling Data.Num.Linear
[47 of 89] Compiling Data.List.Linear
[48 of 89] Compiling Prelude.Linear
[49 of 89] Compiling System.IO.Linear
[50 of 89] Compiling System.IO.Resource.Linear.Internal
[51 of 89] Compiling System.IO.Resource.Linear
[52 of 89] Compiling Debug.Trace.Linear
[53 of 89] Compiling Streaming.Linear.Internal.Type
[54 of 89] Compiling Streaming.Linear.Internal.Process
[55 of 89] Compiling Streaming.Linear.Internal.Consume
[56 of 89] Compiling Streaming.Linear.Internal.Produce
[57 of 89] Compiling Streaming.Linear.Internal.Interop
[58 of 89] Compiling Streaming.Linear.Internal.Many
[59 of 89] Compiling Streaming.Prelude.Linear
[60 of 89] Compiling Streaming.Linear
[61 of 89] Compiling Foreign.Marshal.Pure.Internal
[62 of 89] Compiling Foreign.Marshal.Pure
[63 of 89] Compiling Data.Bifunctor.Linear.Internal.Bifunctor
[64 of 89] Compiling Data.Bifunctor.Linear.Internal.SymmetricMonoidal
[65 of 89] Compiling Data.Bifunctor.Linear
[66 of 89] Compiling Data.Profunctor.Linear
[67 of 89] Compiling Data.Profunctor.Kleisli.Linear
[68 of 89] Compiling Control.Optics.Linear.Internal
[69 of 89] Compiling Control.Optics.Linear.Traversal
[70 of 89] Compiling Control.Optics.Linear.Prism
[71 of 89] Compiling Control.Optics.Linear.Lens
[72 of 89] Compiling Control.Optics.Linear.Iso
[73 of 89] Compiling Control.Optics.Linear
[74 of 89] Compiling Control.Monad.IO.Class.Linear
[75 of 89] Compiling Data.Array.Polarized.Pull.Internal
[76 of 89] Compiling Data.Array.Polarized.Pull
[77 of 89] Compiling Data.Array.Mutable.Unlifted.Linear
[78 of 89] Compiling Data.Array.Mutable.Linear.Internal
[79 of 89] Compiling Data.Array.Mutable.Linear
[80 of 89] Compiling Data.Vector.Mutable.Linear.Internal
[81 of 89] Compiling Data.Vector.Mutable.Linear
[82 of 89] Compiling Data.HashMap.Mutable.Linear.Internal
[83 of 89] Compiling Data.HashMap.Mutable.Linear
[84 of 89] Compiling Data.Set.Mutable.Linear.Internal
[85 of 89] Compiling Data.Set.Mutable.Linear
[86 of 89] Compiling Data.Array.Destination.Internal
[87 of 89] Compiling Data.Array.Destination
[88 of 89] Compiling Data.Array.Polarized.Push
[89 of 89] Compiling Data.Array.Polarized
Configuring test suite 'test' for linear-base-0.4.0...
Preprocessing test suite 'test' for linear-base-0.4.0...
Building test suite 'test' for linear-base-0.4.0...
[1 of 9] Compiling Test.Data.Destination
[2 of 9] Compiling Test.Data.Mutable.Array
[3 of 9] Compiling Test.Data.Mutable.HashMap
[4 of 9] Compiling Test.Data.Mutable.Set
[5 of 9] Compiling Test.Data.Mutable.Vector
[6 of 9] Compiling Test.Data.Polarized
[7 of 9] Compiling Test.Data.Replicator
[8 of 9] Compiling Test.Data.V
[9 of 9] Compiling Main
[10 of 10] Linking /tmp/workdir-linear-base/linear-base-0.4.0/dist-newstyle/build/x86_64-linux/ghc-9.6.6/linear-base-0.4.0/t/test/build/test/test
Configuring test suite 'examples' for linear-base-0.4.0...
Preprocessing test suite 'examples' for linear-base-0.4.0...
Building test suite 'examples' for linear-base-0.4.0...
[ 1 of 11] Compiling Foreign.List
[ 2 of 11] Compiling Foreign.Heap
[ 3 of 11] Compiling Generic.Traverse
[ 4 of 11] Compiling Simple.FileIO
[ 5 of 11] Compiling Simple.Pure
[ 6 of 11] Compiling Simple.Quicksort
[ 7 of 11] Compiling Simple.TopSort
[ 8 of 11] Compiling Test.Foreign
[ 9 of 11] Compiling Test.Generic
[10 of 11] Compiling Test.Quicksort
[11 of 11] Compiling Main
[12 of 12] Linking /tmp/workdir-linear-base/linear-base-0.4.0/dist-newstyle/build/x86_64-linux/ghc-9.6.6/linear-base-0.4.0/t/examples/build/examples/examples
