Build profile: -w ghc-9.6.6 -O1
In order, the following will be built (use -v for more details):
 - amazonka-chime-sdk-media-pipelines-2.0 (lib) (first run)
 - amazonka-chime-sdk-media-pipelines-2.0 (test:amazonka-chime-sdk-media-pipelines-test) (first run)
Configuring library for amazonka-chime-sdk-media-pipelines-2.0...
Preprocessing library for amazonka-chime-sdk-media-pipelines-2.0...
Building library for amazonka-chime-sdk-media-pipelines-2.0...
[ 1 of 69] Compiling Amazonka.ChimeSdkMediaPipelines.Types.ArtifactsConcatenationState
[ 2 of 69] Compiling Amazonka.ChimeSdkMediaPipelines.Types.ArtifactsState
[ 3 of 69] Compiling Amazonka.ChimeSdkMediaPipelines.Types.AudioArtifactsConcatenationState
[ 4 of 69] Compiling Amazonka.ChimeSdkMediaPipelines.Types.AudioChannelsOption
[ 5 of 69] Compiling Amazonka.ChimeSdkMediaPipelines.Types.AudioConcatenationConfiguration
[ 6 of 69] Compiling Amazonka.ChimeSdkMediaPipelines.Types.AudioMuxType
[ 7 of 69] Compiling Amazonka.ChimeSdkMediaPipelines.Types.AudioArtifactsConfiguration
[ 8 of 69] Compiling Amazonka.ChimeSdkMediaPipelines.Types.CompositedVideoConcatenationConfiguration
[ 9 of 69] Compiling Amazonka.ChimeSdkMediaPipelines.Types.ConcatenationSinkType
[10 of 69] Compiling Amazonka.ChimeSdkMediaPipelines.Types.ConcatenationSourceType
[11 of 69] Compiling Amazonka.ChimeSdkMediaPipelines.Types.ContentConcatenationConfiguration
[12 of 69] Compiling Amazonka.ChimeSdkMediaPipelines.Types.ContentMuxType
[13 of 69] Compiling Amazonka.ChimeSdkMediaPipelines.Types.ContentArtifactsConfiguration
[14 of 69] Compiling Amazonka.ChimeSdkMediaPipelines.Types.ContentShareLayoutOption
[15 of 69] Compiling Amazonka.ChimeSdkMediaPipelines.Types.DataChannelConcatenationConfiguration
[16 of 69] Compiling Amazonka.ChimeSdkMediaPipelines.Types.LayoutOption
[17 of 69] Compiling Amazonka.ChimeSdkMediaPipelines.Types.LiveConnectorMuxType
[18 of 69] Compiling Amazonka.ChimeSdkMediaPipelines.Types.LiveConnectorRTMPConfiguration
[19 of 69] Compiling Amazonka.ChimeSdkMediaPipelines.Types.LiveConnectorSinkType
[20 of 69] Compiling Amazonka.ChimeSdkMediaPipelines.Types.LiveConnectorSinkConfiguration
[21 of 69] Compiling Amazonka.ChimeSdkMediaPipelines.Types.LiveConnectorSourceType
[22 of 69] Compiling Amazonka.ChimeSdkMediaPipelines.Types.MediaCapturePipelineSummary
[23 of 69] Compiling Amazonka.ChimeSdkMediaPipelines.Types.MediaPipelineSinkType
[24 of 69] Compiling Amazonka.ChimeSdkMediaPipelines.Types.MediaPipelineSourceType
[25 of 69] Compiling Amazonka.ChimeSdkMediaPipelines.Types.MediaPipelineStatus
[26 of 69] Compiling Amazonka.ChimeSdkMediaPipelines.Types.MediaPipelineSummary
[27 of 69] Compiling Amazonka.ChimeSdkMediaPipelines.Types.MeetingEventsConcatenationConfiguration
[28 of 69] Compiling Amazonka.ChimeSdkMediaPipelines.Types.PresenterPosition
[29 of 69] Compiling Amazonka.ChimeSdkMediaPipelines.Types.PresenterOnlyConfiguration
[30 of 69] Compiling Amazonka.ChimeSdkMediaPipelines.Types.GridViewConfiguration
[31 of 69] Compiling Amazonka.ChimeSdkMediaPipelines.Types.ResolutionOption
[32 of 69] Compiling Amazonka.ChimeSdkMediaPipelines.Types.CompositedVideoArtifactsConfiguration
[33 of 69] Compiling Amazonka.ChimeSdkMediaPipelines.Types.S3BucketSinkConfiguration
[34 of 69] Compiling Amazonka.ChimeSdkMediaPipelines.Types.ConcatenationSink
[35 of 69] Compiling Amazonka.ChimeSdkMediaPipelines.Types.SelectedVideoStreams
[36 of 69] Compiling Amazonka.ChimeSdkMediaPipelines.Types.SourceConfiguration
[37 of 69] Compiling Amazonka.ChimeSdkMediaPipelines.Types.ChimeSdkMeetingLiveConnectorConfiguration
[38 of 69] Compiling Amazonka.ChimeSdkMediaPipelines.Types.LiveConnectorSourceConfiguration
[39 of 69] Compiling Amazonka.ChimeSdkMediaPipelines.Types.MediaLiveConnectorPipeline
[40 of 69] Compiling Amazonka.ChimeSdkMediaPipelines.Types.Tag
[41 of 69] Compiling Amazonka.ChimeSdkMediaPipelines.Types.TranscriptionMessagesConcatenationConfiguration
[42 of 69] Compiling Amazonka.ChimeSdkMediaPipelines.Types.VideoConcatenationConfiguration
[43 of 69] Compiling Amazonka.ChimeSdkMediaPipelines.Types.ArtifactsConcatenationConfiguration
[44 of 69] Compiling Amazonka.ChimeSdkMediaPipelines.Types.ChimeSdkMeetingConcatenationConfiguration
[45 of 69] Compiling Amazonka.ChimeSdkMediaPipelines.Types.MediaCapturePipelineSourceConfiguration
[46 of 69] Compiling Amazonka.ChimeSdkMediaPipelines.Types.ConcatenationSource
[47 of 69] Compiling Amazonka.ChimeSdkMediaPipelines.Types.MediaConcatenationPipeline
[48 of 69] Compiling Amazonka.ChimeSdkMediaPipelines.Types.VideoMuxType
[49 of 69] Compiling Amazonka.ChimeSdkMediaPipelines.Types.VideoArtifactsConfiguration
[50 of 69] Compiling Amazonka.ChimeSdkMediaPipelines.Types.ArtifactsConfiguration
[51 of 69] Compiling Amazonka.ChimeSdkMediaPipelines.Types.ChimeSdkMeetingConfiguration
[52 of 69] Compiling Amazonka.ChimeSdkMediaPipelines.Types.MediaCapturePipeline
[53 of 69] Compiling Amazonka.ChimeSdkMediaPipelines.Types.MediaPipeline
[54 of 69] Compiling Amazonka.ChimeSdkMediaPipelines.Types
[55 of 69] Compiling Amazonka.ChimeSdkMediaPipelines.TagResource
[56 of 69] Compiling Amazonka.ChimeSdkMediaPipelines.ListTagsForResource
[57 of 69] Compiling Amazonka.ChimeSdkMediaPipelines.ListMediaPipelines

gen/Amazonka/ChimeSdkMediaPipelines/ListMediaPipelines.hs:89:125: warning: [GHC-02256] [-Wambiguous-fields]
    The record update s {nextToken = a} with type ListMediaPipelines is ambiguous.
    This will not be supported by -XDuplicateRecordFields in future releases of GHC.
   |
89 | listMediaPipelines_nextToken = Lens.lens (\ListMediaPipelines' {nextToken} -> nextToken) (\s@ListMediaPipelines' {} a -> s {nextToken = a} :: ListMediaPipelines)
   |                                                                                                                             ^^^^^^^^^^^^^

gen/Amazonka/ChimeSdkMediaPipelines/ListMediaPipelines.hs:172:149: warning: [GHC-02256] [-Wambiguous-fields]
    The record update s {nextToken = a} with type ListMediaPipelinesResponse is ambiguous.
    This will not be supported by -XDuplicateRecordFields in future releases of GHC.
    |
172 | listMediaPipelinesResponse_nextToken = Lens.lens (\ListMediaPipelinesResponse' {nextToken} -> nextToken) (\s@ListMediaPipelinesResponse' {} a -> s {nextToken = a} :: ListMediaPipelinesResponse)
    |                                                                                                                                                     ^^^^^^^^^^^^^
[58 of 69] Compiling Amazonka.ChimeSdkMediaPipelines.ListMediaCapturePipelines

gen/Amazonka/ChimeSdkMediaPipelines/ListMediaCapturePipelines.hs:90:146: warning: [GHC-02256] [-Wambiguous-fields]
    The record update s {nextToken = a} with type ListMediaCapturePipelines is ambiguous.
    This will not be supported by -XDuplicateRecordFields in future releases of GHC.
   |
90 | listMediaCapturePipelines_nextToken = Lens.lens (\ListMediaCapturePipelines' {nextToken} -> nextToken) (\s@ListMediaCapturePipelines' {} a -> s {nextToken = a} :: ListMediaCapturePipelines)
   |                                                                                                                                                  ^^^^^^^^^^^^^

gen/Amazonka/ChimeSdkMediaPipelines/ListMediaCapturePipelines.hs:176:170: warning: [GHC-02256] [-Wambiguous-fields]
    The record update s {nextToken = a} with type ListMediaCapturePipelinesResponse is ambiguous.
    This will not be supported by -XDuplicateRecordFields in future releases of GHC.
    |
176 | listMediaCapturePipelinesResponse_nextToken = Lens.lens (\ListMediaCapturePipelinesResponse' {nextToken} -> nextToken) (\s@ListMediaCapturePipelinesResponse' {} a -> s {nextToken = a} :: ListMediaCapturePipelinesResponse)
    |                                                                                                                                                                          ^^^^^^^^^^^^^
[59 of 69] Compiling Amazonka.ChimeSdkMediaPipelines.GetMediaPipeline

gen/Amazonka/ChimeSdkMediaPipelines/GetMediaPipeline.hs:78:137: warning: [GHC-02256] [-Wambiguous-fields]
    The record update s {mediaPipelineId = a} with type GetMediaPipeline is ambiguous.
    This will not be supported by -XDuplicateRecordFields in future releases of GHC.
   |
78 | getMediaPipeline_mediaPipelineId = Lens.lens (\GetMediaPipeline' {mediaPipelineId} -> mediaPipelineId) (\s@GetMediaPipeline' {} a -> s {mediaPipelineId = a} :: GetMediaPipeline)
   |                                                                                                                                         ^^^^^^^^^^^^^^^^^^^
[60 of 69] Compiling Amazonka.ChimeSdkMediaPipelines.GetMediaCapturePipeline

gen/Amazonka/ChimeSdkMediaPipelines/GetMediaCapturePipeline.hs:78:158: warning: [GHC-02256] [-Wambiguous-fields]
    The record update s {mediaPipelineId = a} with type GetMediaCapturePipeline is ambiguous.
    This will not be supported by -XDuplicateRecordFields in future releases of GHC.
   |
78 | getMediaCapturePipeline_mediaPipelineId = Lens.lens (\GetMediaCapturePipeline' {mediaPipelineId} -> mediaPipelineId) (\s@GetMediaCapturePipeline' {} a -> s {mediaPipelineId = a} :: GetMediaCapturePipeline)
   |                                                                                                                                                              ^^^^^^^^^^^^^^^^^^^

gen/Amazonka/ChimeSdkMediaPipelines/GetMediaCapturePipeline.hs:148:197: warning: [GHC-02256] [-Wambiguous-fields]
    The record update s {mediaCapturePipeline = a} with type GetMediaCapturePipelineResponse is ambiguous.
    This will not be supported by -XDuplicateRecordFields in future releases of GHC.
    |
148 | getMediaCapturePipelineResponse_mediaCapturePipeline = Lens.lens (\GetMediaCapturePipelineResponse' {mediaCapturePipeline} -> mediaCapturePipeline) (\s@GetMediaCapturePipelineResponse' {} a -> s {mediaCapturePipeline = a} :: GetMediaCapturePipelineResponse)
    |                                                                                                                                                                                                     ^^^^^^^^^^^^^^^^^^^^^^^^
[61 of 69] Compiling Amazonka.ChimeSdkMediaPipelines.DeleteMediaPipeline

gen/Amazonka/ChimeSdkMediaPipelines/DeleteMediaPipeline.hs:74:146: warning: [GHC-02256] [-Wambiguous-fields]
    The record update s {mediaPipelineId = a} with type DeleteMediaPipeline is ambiguous.
    This will not be supported by -XDuplicateRecordFields in future releases of GHC.
   |
74 | deleteMediaPipeline_mediaPipelineId = Lens.lens (\DeleteMediaPipeline' {mediaPipelineId} -> mediaPipelineId) (\s@DeleteMediaPipeline' {} a -> s {mediaPipelineId = a} :: DeleteMediaPipeline)
   |                                                                                                                                                  ^^^^^^^^^^^^^^^^^^^
[62 of 69] Compiling Amazonka.ChimeSdkMediaPipelines.DeleteMediaCapturePipeline

gen/Amazonka/ChimeSdkMediaPipelines/DeleteMediaCapturePipeline.hs:74:167: warning: [GHC-02256] [-Wambiguous-fields]
    The record update s {mediaPipelineId = a} with type DeleteMediaCapturePipeline is ambiguous.
    This will not be supported by -XDuplicateRecordFields in future releases of GHC.
   |
74 | deleteMediaCapturePipeline_mediaPipelineId = Lens.lens (\DeleteMediaCapturePipeline' {mediaPipelineId} -> mediaPipelineId) (\s@DeleteMediaCapturePipeline' {} a -> s {mediaPipelineId = a} :: DeleteMediaCapturePipeline)
   |                                                                                                                                                                       ^^^^^^^^^^^^^^^^^^^
[63 of 69] Compiling Amazonka.ChimeSdkMediaPipelines.CreateMediaLiveConnectorPipeline

gen/Amazonka/ChimeSdkMediaPipelines/CreateMediaLiveConnectorPipeline.hs:106:161: warning: [GHC-02256] [-Wambiguous-fields]
    The record update s {sources = a} with type CreateMediaLiveConnectorPipeline is ambiguous.
    This will not be supported by -XDuplicateRecordFields in future releases of GHC.
    |
106 | createMediaLiveConnectorPipeline_sources = Lens.lens (\CreateMediaLiveConnectorPipeline' {sources} -> sources) (\s@CreateMediaLiveConnectorPipeline' {} a -> s {sources = a} :: CreateMediaLiveConnectorPipeline) Prelude.. Lens.coerced
    |                                                                                                                                                                 ^^^^^^^^^^^

gen/Amazonka/ChimeSdkMediaPipelines/CreateMediaLiveConnectorPipeline.hs:110:155: warning: [GHC-02256] [-Wambiguous-fields]
    The record update s {sinks = a} with type CreateMediaLiveConnectorPipeline is ambiguous.
    This will not be supported by -XDuplicateRecordFields in future releases of GHC.
    |
110 | createMediaLiveConnectorPipeline_sinks = Lens.lens (\CreateMediaLiveConnectorPipeline' {sinks} -> sinks) (\s@CreateMediaLiveConnectorPipeline' {} a -> s {sinks = a} :: CreateMediaLiveConnectorPipeline) Prelude.. Lens.coerced
    |                                                                                                                                                           ^^^^^^^^^

gen/Amazonka/ChimeSdkMediaPipelines/CreateMediaLiveConnectorPipeline.hs:214:242: warning: [GHC-02256] [-Wambiguous-fields]
    The record update s {mediaLiveConnectorPipeline = a} with type CreateMediaLiveConnectorPipelineResponse is ambiguous.
    This will not be supported by -XDuplicateRecordFields in future releases of GHC.
    |
214 | createMediaLiveConnectorPipelineResponse_mediaLiveConnectorPipeline = Lens.lens (\CreateMediaLiveConnectorPipelineResponse' {mediaLiveConnectorPipeline} -> mediaLiveConnectorPipeline) (\s@CreateMediaLiveConnectorPipelineResponse' {} a -> s {mediaLiveConnectorPipeline = a} :: CreateMediaLiveConnectorPipelineResponse)
    |                                                                                                                                                                                                                                                  ^^^^^^^^^^^^^^^^^^^^^^^^^^^^^^
[64 of 69] Compiling Amazonka.ChimeSdkMediaPipelines.CreateMediaConcatenationPipeline

gen/Amazonka/ChimeSdkMediaPipelines/CreateMediaConcatenationPipeline.hs:117:161: warning: [GHC-02256] [-Wambiguous-fields]
    The record update s {sources = a} with type CreateMediaConcatenationPipeline is ambiguous.
    This will not be supported by -XDuplicateRecordFields in future releases of GHC.
    |
117 | createMediaConcatenationPipeline_sources = Lens.lens (\CreateMediaConcatenationPipeline' {sources} -> sources) (\s@CreateMediaConcatenationPipeline' {} a -> s {sources = a} :: CreateMediaConcatenationPipeline) Prelude.. Lens.coerced
    |                                                                                                                                                                 ^^^^^^^^^^^

gen/Amazonka/ChimeSdkMediaPipelines/CreateMediaConcatenationPipeline.hs:122:155: warning: [GHC-02256] [-Wambiguous-fields]
    The record update s {sinks = a} with type CreateMediaConcatenationPipeline is ambiguous.
    This will not be supported by -XDuplicateRecordFields in future releases of GHC.
    |
122 | createMediaConcatenationPipeline_sinks = Lens.lens (\CreateMediaConcatenationPipeline' {sinks} -> sinks) (\s@CreateMediaConcatenationPipeline' {} a -> s {sinks = a} :: CreateMediaConcatenationPipeline) Prelude.. Lens.coerced
    |                                                                                                                                                           ^^^^^^^^^

gen/Amazonka/ChimeSdkMediaPipelines/CreateMediaConcatenationPipeline.hs:229:242: warning: [GHC-02256] [-Wambiguous-fields]
    The record update s {mediaConcatenationPipeline = a} with type CreateMediaConcatenationPipelineResponse is ambiguous.
    This will not be supported by -XDuplicateRecordFields in future releases of GHC.
    |
229 | createMediaConcatenationPipelineResponse_mediaConcatenationPipeline = Lens.lens (\CreateMediaConcatenationPipelineResponse' {mediaConcatenationPipeline} -> mediaConcatenationPipeline) (\s@CreateMediaConcatenationPipelineResponse' {} a -> s {mediaConcatenationPipeline = a} :: CreateMediaConcatenationPipelineResponse)
    |                                                                                                                                                                                                                                                  ^^^^^^^^^^^^^^^^^^^^^^^^^^^^^^
[65 of 69] Compiling Amazonka.ChimeSdkMediaPipelines.CreateMediaCapturePipeline

gen/Amazonka/ChimeSdkMediaPipelines/CreateMediaCapturePipeline.hs:133:206: warning: [GHC-02256] [-Wambiguous-fields]
    The record update s {chimeSdkMeetingConfiguration = a} with type CreateMediaCapturePipeline is ambiguous.
    This will not be supported by -XDuplicateRecordFields in future releases of GHC.
    |
133 | createMediaCapturePipeline_chimeSdkMeetingConfiguration = Lens.lens (\CreateMediaCapturePipeline' {chimeSdkMeetingConfiguration} -> chimeSdkMeetingConfiguration) (\s@CreateMediaCapturePipeline' {} a -> s {chimeSdkMeetingConfiguration = a} :: CreateMediaCapturePipeline)
    |                                                                                                                                                                                                              ^^^^^^^^^^^^^^^^^^^^^^^^^^^^^^^^

gen/Amazonka/ChimeSdkMediaPipelines/CreateMediaCapturePipeline.hs:147:152: warning: [GHC-02256] [-Wambiguous-fields]
    The record update s {sourceType = a} with type CreateMediaCapturePipeline is ambiguous.
    This will not be supported by -XDuplicateRecordFields in future releases of GHC.
    |
147 | createMediaCapturePipeline_sourceType = Lens.lens (\CreateMediaCapturePipeline' {sourceType} -> sourceType) (\s@CreateMediaCapturePipeline' {} a -> s {sourceType = a} :: CreateMediaCapturePipeline)
    |                                                                                                                                                        ^^^^^^^^^^^^^^

gen/Amazonka/ChimeSdkMediaPipelines/CreateMediaCapturePipeline.hs:151:149: warning: [GHC-02256] [-Wambiguous-fields]
    The record update s {sourceArn = a} with type CreateMediaCapturePipeline is ambiguous.
    This will not be supported by -XDuplicateRecordFields in future releases of GHC.
    |
151 | createMediaCapturePipeline_sourceArn = Lens.lens (\CreateMediaCapturePipeline' {sourceArn} -> sourceArn) (\s@CreateMediaCapturePipeline' {} a -> s {sourceArn = a} :: CreateMediaCapturePipeline) Prelude.. Data._Sensitive
    |                                                                                                                                                     ^^^^^^^^^^^^^

gen/Amazonka/ChimeSdkMediaPipelines/CreateMediaCapturePipeline.hs:156:146: warning: [GHC-02256] [-Wambiguous-fields]
    The record update s {sinkType = a} with type CreateMediaCapturePipeline is ambiguous.
    This will not be supported by -XDuplicateRecordFields in future releases of GHC.
    |
156 | createMediaCapturePipeline_sinkType = Lens.lens (\CreateMediaCapturePipeline' {sinkType} -> sinkType) (\s@CreateMediaCapturePipeline' {} a -> s {sinkType = a} :: CreateMediaCapturePipeline)
    |                                                                                                                                                  ^^^^^^^^^^^^

gen/Amazonka/ChimeSdkMediaPipelines/CreateMediaCapturePipeline.hs:160:143: warning: [GHC-02256] [-Wambiguous-fields]
    The record update s {sinkArn = a} with type CreateMediaCapturePipeline is ambiguous.
    This will not be supported by -XDuplicateRecordFields in future releases of GHC.
    |
160 | createMediaCapturePipeline_sinkArn = Lens.lens (\CreateMediaCapturePipeline' {sinkArn} -> sinkArn) (\s@CreateMediaCapturePipeline' {} a -> s {sinkArn = a} :: CreateMediaCapturePipeline) Prelude.. Data._Sensitive
    |                                                                                                                                               ^^^^^^^^^^^

gen/Amazonka/ChimeSdkMediaPipelines/CreateMediaCapturePipeline.hs:258:206: warning: [GHC-02256] [-Wambiguous-fields]
    The record update s {mediaCapturePipeline = a} with type CreateMediaCapturePipelineResponse is ambiguous.
    This will not be supported by -XDuplicateRecordFields in future releases of GHC.
    |
258 | createMediaCapturePipelineResponse_mediaCapturePipeline = Lens.lens (\CreateMediaCapturePipelineResponse' {mediaCapturePipeline} -> mediaCapturePipeline) (\s@CreateMediaCapturePipelineResponse' {} a -> s {mediaCapturePipeline = a} :: CreateMediaCapturePipelineResponse)
    |                                                                                                                                                                                                              ^^^^^^^^^^^^^^^^^^^^^^^^
[66 of 69] Compiling Amazonka.ChimeSdkMediaPipelines.UntagResource
[67 of 69] Compiling Amazonka.ChimeSdkMediaPipelines.Lens
[68 of 69] Compiling Amazonka.ChimeSdkMediaPipelines.Waiters
[69 of 69] Compiling Amazonka.ChimeSdkMediaPipelines
Configuring test suite 'amazonka-chime-sdk-media-pipelines-test' for amazonka-chime-sdk-media-pipelines-2.0...
Preprocessing test suite 'amazonka-chime-sdk-media-pipelines-test' for amazonka-chime-sdk-media-pipelines-2.0...
Building test suite 'amazonka-chime-sdk-media-pipelines-test' for amazonka-chime-sdk-media-pipelines-2.0...
[1 of 4] Compiling Test.Amazonka.ChimeSdkMediaPipelines
[2 of 4] Compiling Test.Amazonka.ChimeSdkMediaPipelines.Internal
[3 of 4] Compiling Main
[4 of 4] Compiling Test.Amazonka.Gen.ChimeSdkMediaPipelines
[5 of 5] Linking /tmp/workdir-amazonka-chime-sdk-media-pipelines/amazonka-chime-sdk-media-pipelines-2.0/dist-newstyle/build/x86_64-linux/ghc-9.6.6/amazonka-chime-sdk-media-pipelines-2.0/t/amazonka-chime-sdk-media-pipelines-test/build/amazonka-chime-sdk-media-pipelines-test/amazonka-chime-sdk-media-pipelines-test
