Build profile: -w ghc-9.6.6 -O1
In order, the following will be built (use -v for more details):
 - safe-decimal-0.2.1.0 (lib) (first run)
 - safe-decimal-0.2.1.0 (test:tests) (first run)
 - safe-decimal-0.2.1.0 (test:doctests) (first run)
Configuring library for safe-decimal-0.2.1.0...
Preprocessing library for safe-decimal-0.2.1.0...
Building library for safe-decimal-0.2.1.0...
[1 of 3] Compiling Numeric.Decimal.BoundedArithmetic

src/Numeric/Decimal/BoundedArithmetic.hs:108:3: warning: [-Wnoncanonical-monad-instances]
    Noncanonical ‘return’ definition detected
    in the instance declaration for ‘Monad Arith’.
    ‘return’ will eventually be removed in favour of ‘pure’
    Either remove definition for ‘return’ (recommended) or define as ‘return = pure’
    See also: https://gitlab.haskell.org/ghc/ghc/-/wikis/proposal/monad-of-no-return
    |
108 |   return = Arith
    |   ^^^^^^^^^^^^^^
[2 of 3] Compiling Numeric.Decimal.Internal

src/Numeric/Decimal/Internal.hs:74:1: warning: [-Wunused-imports]
    The import of ‘Control.Applicative’ is redundant
      except perhaps to import instances from ‘Control.Applicative’
    To import instances alone, use: import Control.Applicative()
   |
74 | import Control.Applicative
   | ^^^^^^^^^^^^^^^^^^^^^^^^^^
[3 of 3] Compiling Numeric.Decimal
Configuring test suite 'tests' for safe-decimal-0.2.1.0...
Preprocessing test suite 'tests' for safe-decimal-0.2.1.0...
Building test suite 'tests' for safe-decimal-0.2.1.0...
[1 of 2] Compiling Numeric.DecimalSpec
[2 of 2] Compiling Main
[3 of 3] Linking /tmp/workdir-safe-decimal/safe-decimal-0.2.1.0/dist-newstyle/build/x86_64-linux/ghc-9.6.6/safe-decimal-0.2.1.0/t/tests/build/tests/tests
Configuring test suite 'doctests' for safe-decimal-0.2.1.0...
Preprocessing test suite 'doctests' for safe-decimal-0.2.1.0...
Building test suite 'doctests' for safe-decimal-0.2.1.0...
[1 of 1] Compiling Main
[2 of 2] Linking /tmp/workdir-safe-decimal/safe-decimal-0.2.1.0/dist-newstyle/build/x86_64-linux/ghc-9.6.6/safe-decimal-0.2.1.0/t/doctests/build/doctests/doctests
