Build profile: -w ghc-9.6.6 -O1
In order, the following will be built (use -v for more details):
 - lz4-0.2.3.1 (lib) (first run)
 - lz4-0.2.3.1 (test:properties) (first run)
Configuring library for lz4-0.2.3.1...
Preprocessing library for lz4-0.2.3.1...
Building library for lz4-0.2.3.1...
[1 of 1] Compiling Codec.Compression.LZ4

src/Codec/Compression/LZ4.hsc:47:1: warning: [-Wunused-imports]
    The import of ‘Control.Applicative’ is redundant
      except perhaps to import instances from ‘Control.Applicative’
    To import instances alone, use: import Control.Applicative()
   |
47 | import Control.Applicative
   | ^^^^^^^^^^^^^^^^^^^^^^^^^^
Configuring test suite 'properties' for lz4-0.2.3.1...
Preprocessing test suite 'properties' for lz4-0.2.3.1...
Building test suite 'properties' for lz4-0.2.3.1...
[1 of 1] Compiling Main
[2 of 2] Linking /tmp/workdir-lz4/lz4-0.2.3.1/dist-newstyle/build/x86_64-linux/ghc-9.6.6/lz4-0.2.3.1/t/properties/build/properties/properties
