Build profile: -w ghc-9.6.6 -O1
In order, the following will be built (use -v for more details):
 - hspec-smallcheck-0.5.3 (lib) (first run)
 - hspec-smallcheck-0.5.3 (test:spec) (first run)
 - hspec-smallcheck-0.5.3 (test:example) (first run)
Configuring library for hspec-smallcheck-0.5.3...
Preprocessing library for hspec-smallcheck-0.5.3...
Building library for hspec-smallcheck-0.5.3...
[1 of 4] Compiling Paths_hspec_smallcheck
[2 of 4] Compiling Test.Hspec.SmallCheck.Compat
[3 of 4] Compiling Test.Hspec.SmallCheck.Types
[4 of 4] Compiling Test.Hspec.SmallCheck
Configuring test suite 'spec' for hspec-smallcheck-0.5.3...
Preprocessing test suite 'spec' for hspec-smallcheck-0.5.3...
Building test suite 'spec' for hspec-smallcheck-0.5.3...
[1 of 7] Compiling Paths_hspec_smallcheck
[2 of 7] Compiling Test.Hspec.SmallCheck.Compat
[3 of 7] Compiling Test.Hspec.SmallCheck.Types
[4 of 7] Compiling Test.Hspec.SmallCheck
[5 of 7] Compiling Test.Hspec.SmallCheck.TypesSpec
[6 of 7] Compiling Test.Hspec.SmallCheckSpec

test/Test/Hspec/SmallCheckSpec.hs:65:42: warning: [GHC-58520] [-Wtype-equality-requires-operators]
    The use of ‘~’ without TypeOperators
    will become an error in a future GHC release.
    Suggested fix: Perhaps you intended to use TypeOperators
   |
65 |     evaluateExample :: (Example a, Arg a ~ ()) => a -> IO H.Result
   |                                          ^
[7 of 7] Compiling Main
[8 of 8] Linking /tmp/workdir-hspec-smallcheck/hspec-smallcheck-0.5.3/dist-newstyle/build/x86_64-linux/ghc-9.6.6/hspec-smallcheck-0.5.3/t/spec/build/spec/spec
Configuring test suite 'example' for hspec-smallcheck-0.5.3...
Preprocessing test suite 'example' for hspec-smallcheck-0.5.3...
Building test suite 'example' for hspec-smallcheck-0.5.3...
[1 of 2] Compiling Main
[2 of 2] Compiling Paths_hspec_smallcheck
[3 of 3] Linking /tmp/workdir-hspec-smallcheck/hspec-smallcheck-0.5.3/dist-newstyle/build/x86_64-linux/ghc-9.6.6/hspec-smallcheck-0.5.3/t/example/build/example/example
