Build profile: -w ghc-9.6.6 -O1
In order, the following will be built (use -v for more details):
 - amazonka-support-2.0 (lib) (first run)
 - amazonka-support-2.0 (test:amazonka-support-test) (first run)
Configuring library for amazonka-support-2.0...
Preprocessing library for amazonka-support-2.0...
Building library for amazonka-support-2.0...
[ 1 of 34] Compiling Amazonka.Support.Types.Attachment
[ 2 of 34] Compiling Amazonka.Support.Types.AttachmentDetails
[ 3 of 34] Compiling Amazonka.Support.Types.Category
[ 4 of 34] Compiling Amazonka.Support.Types.Communication
[ 5 of 34] Compiling Amazonka.Support.Types.RecentCaseCommunications
[ 6 of 34] Compiling Amazonka.Support.Types.CaseDetails
[ 7 of 34] Compiling Amazonka.Support.Types.SeverityLevel
[ 8 of 34] Compiling Amazonka.Support.Types.SupportService

gen/Amazonka/Support/Types/SupportService.hs:87:98: warning: [GHC-02256] [-Wambiguous-fields]
    The record update s {code = a} with type SupportService is ambiguous.
    This will not be supported by -XDuplicateRecordFields in future releases of GHC.
   |
87 | supportService_code = Lens.lens (\SupportService' {code} -> code) (\s@SupportService' {} a -> s {code = a} :: SupportService)
   |                                                                                                  ^^^^^^^^

gen/Amazonka/Support/Types/SupportService.hs:92:98: warning: [GHC-02256] [-Wambiguous-fields]
    The record update s {name = a} with type SupportService is ambiguous.
    This will not be supported by -XDuplicateRecordFields in future releases of GHC.
   |
92 | supportService_name = Lens.lens (\SupportService' {name} -> name) (\s@SupportService' {} a -> s {name = a} :: SupportService)
   |                                                                                                  ^^^^^^^^
[ 9 of 34] Compiling Amazonka.Support.Types.TrustedAdvisorCheckDescription
[10 of 34] Compiling Amazonka.Support.Types.TrustedAdvisorCheckRefreshStatus
[11 of 34] Compiling Amazonka.Support.Types.TrustedAdvisorCostOptimizingSummary
[12 of 34] Compiling Amazonka.Support.Types.TrustedAdvisorCategorySpecificSummary
[13 of 34] Compiling Amazonka.Support.Types.TrustedAdvisorResourceDetail
[14 of 34] Compiling Amazonka.Support.Types.TrustedAdvisorResourcesSummary
[15 of 34] Compiling Amazonka.Support.Types.TrustedAdvisorCheckSummary
[16 of 34] Compiling Amazonka.Support.Types.TrustedAdvisorCheckResult

gen/Amazonka/Support/Types/TrustedAdvisorCheckResult.hs:111:137: warning: [GHC-02256] [-Wambiguous-fields]
    The record update s {status = a} with type TrustedAdvisorCheckResult is ambiguous.
    This will not be supported by -XDuplicateRecordFields in future releases of GHC.
    |
111 | trustedAdvisorCheckResult_status = Lens.lens (\TrustedAdvisorCheckResult' {status} -> status) (\s@TrustedAdvisorCheckResult' {} a -> s {status = a} :: TrustedAdvisorCheckResult)
    |                                                                                                                                         ^^^^^^^^^^
[17 of 34] Compiling Amazonka.Support.Types
[18 of 34] Compiling Amazonka.Support.ResolveCase

gen/Amazonka/Support/ResolveCase.hs:90:95: warning: [GHC-02256] [-Wambiguous-fields]
    The record update s {caseId = a} with type ResolveCase is ambiguous.
    This will not be supported by -XDuplicateRecordFields in future releases of GHC.
   |
90 | resolveCase_caseId = Lens.lens (\ResolveCase' {caseId} -> caseId) (\s@ResolveCase' {} a -> s {caseId = a} :: ResolveCase)
   |                                                                                               ^^^^^^^^^^
[19 of 34] Compiling Amazonka.Support.RefreshTrustedAdvisorCheck

gen/Amazonka/Support/RefreshTrustedAdvisorCheck.hs:110:143: warning: [GHC-02256] [-Wambiguous-fields]
    The record update s {checkId = a} with type RefreshTrustedAdvisorCheck is ambiguous.
    This will not be supported by -XDuplicateRecordFields in future releases of GHC.
    |
110 | refreshTrustedAdvisorCheck_checkId = Lens.lens (\RefreshTrustedAdvisorCheck' {checkId} -> checkId) (\s@RefreshTrustedAdvisorCheck' {} a -> s {checkId = a} :: RefreshTrustedAdvisorCheck)
    |                                                                                                                                               ^^^^^^^^^^^

gen/Amazonka/Support/RefreshTrustedAdvisorCheck.hs:208:164: warning: [GHC-02256] [-Wambiguous-fields]
    The record update s {status = a} with type RefreshTrustedAdvisorCheckResponse is ambiguous.
    This will not be supported by -XDuplicateRecordFields in future releases of GHC.
    |
208 | refreshTrustedAdvisorCheckResponse_status = Lens.lens (\RefreshTrustedAdvisorCheckResponse' {status} -> status) (\s@RefreshTrustedAdvisorCheckResponse' {} a -> s {status = a} :: RefreshTrustedAdvisorCheckResponse)
    |                                                                                                                                                                    ^^^^^^^^^^
[20 of 34] Compiling Amazonka.Support.DescribeTrustedAdvisorChecks

gen/Amazonka/Support/DescribeTrustedAdvisorChecks.hs:181:152: warning: [GHC-02256] [-Wambiguous-fields]
    The record update s {language = a} with type DescribeTrustedAdvisorChecks is ambiguous.
    This will not be supported by -XDuplicateRecordFields in future releases of GHC.
    |
181 | describeTrustedAdvisorChecks_language = Lens.lens (\DescribeTrustedAdvisorChecks' {language} -> language) (\s@DescribeTrustedAdvisorChecks' {} a -> s {language = a} :: DescribeTrustedAdvisorChecks)
    |                                                                                                                                                        ^^^^^^^^^^^^
[21 of 34] Compiling Amazonka.Support.DescribeTrustedAdvisorCheckSummaries
[22 of 34] Compiling Amazonka.Support.DescribeTrustedAdvisorCheckResult

gen/Amazonka/Support/DescribeTrustedAdvisorCheckResult.hs:200:167: warning: [GHC-02256] [-Wambiguous-fields]
    The record update s {language = a} with type DescribeTrustedAdvisorCheckResult is ambiguous.
    This will not be supported by -XDuplicateRecordFields in future releases of GHC.
    |
200 | describeTrustedAdvisorCheckResult_language = Lens.lens (\DescribeTrustedAdvisorCheckResult' {language} -> language) (\s@DescribeTrustedAdvisorCheckResult' {} a -> s {language = a} :: DescribeTrustedAdvisorCheckResult)
    |                                                                                                                                                                       ^^^^^^^^^^^^

gen/Amazonka/Support/DescribeTrustedAdvisorCheckResult.hs:204:164: warning: [GHC-02256] [-Wambiguous-fields]
    The record update s {checkId = a} with type DescribeTrustedAdvisorCheckResult is ambiguous.
    This will not be supported by -XDuplicateRecordFields in future releases of GHC.
    |
204 | describeTrustedAdvisorCheckResult_checkId = Lens.lens (\DescribeTrustedAdvisorCheckResult' {checkId} -> checkId) (\s@DescribeTrustedAdvisorCheckResult' {} a -> s {checkId = a} :: DescribeTrustedAdvisorCheckResult)
    |                                                                                                                                                                    ^^^^^^^^^^^
[23 of 34] Compiling Amazonka.Support.DescribeTrustedAdvisorCheckRefreshStatuses
[24 of 34] Compiling Amazonka.Support.DescribeSeverityLevels

gen/Amazonka/Support/DescribeSeverityLevels.hs:93:134: warning: [GHC-02256] [-Wambiguous-fields]
    The record update s {language = a} with type DescribeSeverityLevels is ambiguous.
    This will not be supported by -XDuplicateRecordFields in future releases of GHC.
   |
93 | describeSeverityLevels_language = Lens.lens (\DescribeSeverityLevels' {language} -> language) (\s@DescribeSeverityLevels' {} a -> s {language = a} :: DescribeSeverityLevels)
   |                                                                                                                                      ^^^^^^^^^^^^
[25 of 34] Compiling Amazonka.Support.DescribeServices

gen/Amazonka/Support/DescribeServices.hs:114:116: warning: [GHC-02256] [-Wambiguous-fields]
    The record update s {language = a} with type DescribeServices is ambiguous.
    This will not be supported by -XDuplicateRecordFields in future releases of GHC.
    |
114 | describeServices_language = Lens.lens (\DescribeServices' {language} -> language) (\s@DescribeServices' {} a -> s {language = a} :: DescribeServices)
    |                                                                                                                    ^^^^^^^^^^^^
[26 of 34] Compiling Amazonka.Support.DescribeCommunications

gen/Amazonka/Support/DescribeCommunications.hs:151:137: warning: [GHC-02256] [-Wambiguous-fields]
    The record update s {nextToken = a} with type DescribeCommunications is ambiguous.
    This will not be supported by -XDuplicateRecordFields in future releases of GHC.
    |
151 | describeCommunications_nextToken = Lens.lens (\DescribeCommunications' {nextToken} -> nextToken) (\s@DescribeCommunications' {} a -> s {nextToken = a} :: DescribeCommunications)
    |                                                                                                                                         ^^^^^^^^^^^^^

gen/Amazonka/Support/DescribeCommunications.hs:157:128: warning: [GHC-02256] [-Wambiguous-fields]
    The record update s {caseId = a} with type DescribeCommunications is ambiguous.
    This will not be supported by -XDuplicateRecordFields in future releases of GHC.
    |
157 | describeCommunications_caseId = Lens.lens (\DescribeCommunications' {caseId} -> caseId) (\s@DescribeCommunications' {} a -> s {caseId = a} :: DescribeCommunications)
    |                                                                                                                                ^^^^^^^^^^

gen/Amazonka/Support/DescribeCommunications.hs:286:176: warning: [GHC-02256] [-Wambiguous-fields]
    The record update s {communications = a} with type DescribeCommunicationsResponse is ambiguous.
    This will not be supported by -XDuplicateRecordFields in future releases of GHC.
    |
286 | describeCommunicationsResponse_communications = Lens.lens (\DescribeCommunicationsResponse' {communications} -> communications) (\s@DescribeCommunicationsResponse' {} a -> s {communications = a} :: DescribeCommunicationsResponse) Prelude.. Lens.mapping Lens.coerced
    |                                                                                                                                                                                ^^^^^^^^^^^^^^^^^^

gen/Amazonka/Support/DescribeCommunications.hs:290:161: warning: [GHC-02256] [-Wambiguous-fields]
    The record update s {nextToken = a} with type DescribeCommunicationsResponse is ambiguous.
    This will not be supported by -XDuplicateRecordFields in future releases of GHC.
    |
290 | describeCommunicationsResponse_nextToken = Lens.lens (\DescribeCommunicationsResponse' {nextToken} -> nextToken) (\s@DescribeCommunicationsResponse' {} a -> s {nextToken = a} :: DescribeCommunicationsResponse)
    |                                                                                                                                                                 ^^^^^^^^^^^^^
[27 of 34] Compiling Amazonka.Support.DescribeCases

gen/Amazonka/Support/DescribeCases.hs:188:110: warning: [GHC-02256] [-Wambiguous-fields]
    The record update s {displayId = a} with type DescribeCases is ambiguous.
    This will not be supported by -XDuplicateRecordFields in future releases of GHC.
    |
188 | describeCases_displayId = Lens.lens (\DescribeCases' {displayId} -> displayId) (\s@DescribeCases' {} a -> s {displayId = a} :: DescribeCases)
    |                                                                                                              ^^^^^^^^^^^^^

gen/Amazonka/Support/DescribeCases.hs:205:107: warning: [GHC-02256] [-Wambiguous-fields]
    The record update s {language = a} with type DescribeCases is ambiguous.
    This will not be supported by -XDuplicateRecordFields in future releases of GHC.
    |
205 | describeCases_language = Lens.lens (\DescribeCases' {language} -> language) (\s@DescribeCases' {} a -> s {language = a} :: DescribeCases)
    |                                                                                                           ^^^^^^^^^^^^

gen/Amazonka/Support/DescribeCases.hs:213:110: warning: [GHC-02256] [-Wambiguous-fields]
    The record update s {nextToken = a} with type DescribeCases is ambiguous.
    This will not be supported by -XDuplicateRecordFields in future releases of GHC.
    |
213 | describeCases_nextToken = Lens.lens (\DescribeCases' {nextToken} -> nextToken) (\s@DescribeCases' {} a -> s {nextToken = a} :: DescribeCases)
    |                                                                                                              ^^^^^^^^^^^^^

gen/Amazonka/Support/DescribeCases.hs:362:134: warning: [GHC-02256] [-Wambiguous-fields]
    The record update s {nextToken = a} with type DescribeCasesResponse is ambiguous.
    This will not be supported by -XDuplicateRecordFields in future releases of GHC.
    |
362 | describeCasesResponse_nextToken = Lens.lens (\DescribeCasesResponse' {nextToken} -> nextToken) (\s@DescribeCasesResponse' {} a -> s {nextToken = a} :: DescribeCasesResponse)
    |                                                                                                                                      ^^^^^^^^^^^^^
[28 of 34] Compiling Amazonka.Support.DescribeAttachment

gen/Amazonka/Support/DescribeAttachment.hs:92:134: warning: [GHC-02256] [-Wambiguous-fields]
    The record update s {attachmentId = a} with type DescribeAttachment is ambiguous.
    This will not be supported by -XDuplicateRecordFields in future releases of GHC.
   |
92 | describeAttachment_attachmentId = Lens.lens (\DescribeAttachment' {attachmentId} -> attachmentId) (\s@DescribeAttachment' {} a -> s {attachmentId = a} :: DescribeAttachment)
   |                                                                                                                                      ^^^^^^^^^^^^^^^^
[29 of 34] Compiling Amazonka.Support.CreateCase

gen/Amazonka/Support/CreateCase.hs:225:110: warning: [GHC-02256] [-Wambiguous-fields]
    The record update s {categoryCode = a} with type CreateCase is ambiguous.
    This will not be supported by -XDuplicateRecordFields in future releases of GHC.
    |
225 | createCase_categoryCode = Lens.lens (\CreateCase' {categoryCode} -> categoryCode) (\s@CreateCase' {} a -> s {categoryCode = a} :: CreateCase)
    |                                                                                                              ^^^^^^^^^^^^^^^^

gen/Amazonka/Support/CreateCase.hs:233:122: warning: [GHC-02256] [-Wambiguous-fields]
    The record update s {ccEmailAddresses = a} with type CreateCase is ambiguous.
    This will not be supported by -XDuplicateRecordFields in future releases of GHC.
    |
233 | createCase_ccEmailAddresses = Lens.lens (\CreateCase' {ccEmailAddresses} -> ccEmailAddresses) (\s@CreateCase' {} a -> s {ccEmailAddresses = a} :: CreateCase) Prelude.. Lens.mapping Lens.coerced
    |                                                                                                                          ^^^^^^^^^^^^^^^^^^^^

gen/Amazonka/Support/CreateCase.hs:245:98: warning: [GHC-02256] [-Wambiguous-fields]
    The record update s {language = a} with type CreateCase is ambiguous.
    This will not be supported by -XDuplicateRecordFields in future releases of GHC.
    |
245 | createCase_language = Lens.lens (\CreateCase' {language} -> language) (\s@CreateCase' {} a -> s {language = a} :: CreateCase)
    |                                                                                                  ^^^^^^^^^^^^

gen/Amazonka/Support/CreateCase.hs:250:107: warning: [GHC-02256] [-Wambiguous-fields]
    The record update s {serviceCode = a} with type CreateCase is ambiguous.
    This will not be supported by -XDuplicateRecordFields in future releases of GHC.
    |
250 | createCase_serviceCode = Lens.lens (\CreateCase' {serviceCode} -> serviceCode) (\s@CreateCase' {} a -> s {serviceCode = a} :: CreateCase)
    |                                                                                                           ^^^^^^^^^^^^^^^

gen/Amazonka/Support/CreateCase.hs:264:110: warning: [GHC-02256] [-Wambiguous-fields]
    The record update s {severityCode = a} with type CreateCase is ambiguous.
    This will not be supported by -XDuplicateRecordFields in future releases of GHC.
    |
264 | createCase_severityCode = Lens.lens (\CreateCase' {severityCode} -> severityCode) (\s@CreateCase' {} a -> s {severityCode = a} :: CreateCase)
    |                                                                                                              ^^^^^^^^^^^^^^^^

gen/Amazonka/Support/CreateCase.hs:271:95: warning: [GHC-02256] [-Wambiguous-fields]
    The record update s {subject = a} with type CreateCase is ambiguous.
    This will not be supported by -XDuplicateRecordFields in future releases of GHC.
    |
271 | createCase_subject = Lens.lens (\CreateCase' {subject} -> subject) (\s@CreateCase' {} a -> s {subject = a} :: CreateCase)
    |                                                                                               ^^^^^^^^^^^

gen/Amazonka/Support/CreateCase.hs:398:116: warning: [GHC-02256] [-Wambiguous-fields]
    The record update s {caseId = a} with type CreateCaseResponse is ambiguous.
    This will not be supported by -XDuplicateRecordFields in future releases of GHC.
    |
398 | createCaseResponse_caseId = Lens.lens (\CreateCaseResponse' {caseId} -> caseId) (\s@CreateCaseResponse' {} a -> s {caseId = a} :: CreateCaseResponse)
    |                                                                                                                    ^^^^^^^^^^
[30 of 34] Compiling Amazonka.Support.AddCommunicationToCase

gen/Amazonka/Support/AddCommunicationToCase.hs:124:128: warning: [GHC-02256] [-Wambiguous-fields]
    The record update s {caseId = a} with type AddCommunicationToCase is ambiguous.
    This will not be supported by -XDuplicateRecordFields in future releases of GHC.
    |
124 | addCommunicationToCase_caseId = Lens.lens (\AddCommunicationToCase' {caseId} -> caseId) (\s@AddCommunicationToCase' {} a -> s {caseId = a} :: AddCommunicationToCase)
    |                                                                                                                                ^^^^^^^^^^

gen/Amazonka/Support/AddCommunicationToCase.hs:129:158: warning: [GHC-02256] [-Wambiguous-fields]
    The record update s {ccEmailAddresses = a} with type AddCommunicationToCase is ambiguous.
    This will not be supported by -XDuplicateRecordFields in future releases of GHC.
    |
129 | addCommunicationToCase_ccEmailAddresses = Lens.lens (\AddCommunicationToCase' {ccEmailAddresses} -> ccEmailAddresses) (\s@AddCommunicationToCase' {} a -> s {ccEmailAddresses = a} :: AddCommunicationToCase) Prelude.. Lens.mapping Lens.coerced
    |                                                                                                                                                              ^^^^^^^^^^^^^^^^^^^^
[31 of 34] Compiling Amazonka.Support.AddAttachmentsToSet

gen/Amazonka/Support/AddAttachmentsToSet.hs:120:146: warning: [GHC-02256] [-Wambiguous-fields]
    The record update s {attachmentSetId = a} with type AddAttachmentsToSet is ambiguous.
    This will not be supported by -XDuplicateRecordFields in future releases of GHC.
    |
120 | addAttachmentsToSet_attachmentSetId = Lens.lens (\AddAttachmentsToSet' {attachmentSetId} -> attachmentSetId) (\s@AddAttachmentsToSet' {} a -> s {attachmentSetId = a} :: AddAttachmentsToSet)
    |                                                                                                                                                  ^^^^^^^^^^^^^^^^^^^

gen/Amazonka/Support/AddAttachmentsToSet.hs:240:170: warning: [GHC-02256] [-Wambiguous-fields]
    The record update s {attachmentSetId = a} with type AddAttachmentsToSetResponse is ambiguous.
    This will not be supported by -XDuplicateRecordFields in future releases of GHC.
    |
240 | addAttachmentsToSetResponse_attachmentSetId = Lens.lens (\AddAttachmentsToSetResponse' {attachmentSetId} -> attachmentSetId) (\s@AddAttachmentsToSetResponse' {} a -> s {attachmentSetId = a} :: AddAttachmentsToSetResponse)
    |                                                                                                                                                                          ^^^^^^^^^^^^^^^^^^^
[32 of 34] Compiling Amazonka.Support.Lens
[33 of 34] Compiling Amazonka.Support.Waiters
[34 of 34] Compiling Amazonka.Support
Configuring test suite 'amazonka-support-test' for amazonka-support-2.0...
Preprocessing test suite 'amazonka-support-test' for amazonka-support-2.0...
Building test suite 'amazonka-support-test' for amazonka-support-2.0...
[1 of 4] Compiling Test.Amazonka.Support
[2 of 4] Compiling Test.Amazonka.Support.Internal
[3 of 4] Compiling Test.Amazonka.Gen.Support
[4 of 4] Compiling Main
[5 of 5] Linking /tmp/workdir-amazonka-support/amazonka-support-2.0/dist-newstyle/build/x86_64-linux/ghc-9.6.6/amazonka-support-2.0/t/amazonka-support-test/build/amazonka-support-test/amazonka-support-test
