Build profile: -w ghc-9.6.6 -O1
In order, the following will be built (use -v for more details):
 - synthesizer-midi-0.6.1.2 (lib) (first run)
 - synthesizer-midi-0.6.1.2 (test:test) (first run)
Configuring library for synthesizer-midi-0.6.1.2...
Preprocessing library for synthesizer-midi-0.6.1.2...
Building library for synthesizer-midi-0.6.1.2...
[ 1 of 16] Compiling Synthesizer.MIDI.Dimensional.ValuePlain
[ 2 of 16] Compiling Synthesizer.MIDI.Dimensional.Value
[ 3 of 16] Compiling Synthesizer.MIDI.EventList
[ 4 of 16] Compiling Synthesizer.MIDI.Value
[ 5 of 16] Compiling Synthesizer.MIDI.Generic
[ 6 of 16] Compiling Synthesizer.MIDI.Storable
[ 7 of 16] Compiling Synthesizer.MIDI.Value.BendWheelPressure
[ 8 of 16] Compiling Synthesizer.MIDI.Value.BendModulation
[ 9 of 16] Compiling Synthesizer.MIDI.PiecewiseConstant.ControllerSet
[10 of 16] Compiling Synthesizer.MIDI.PiecewiseConstant
[11 of 16] Compiling Synthesizer.MIDI.Dimensional
[12 of 16] Compiling Synthesizer.MIDI.Dimensional.Example.Instrument
[13 of 16] Compiling Synthesizer.MIDI.CausalIO.Process
[14 of 16] Compiling Synthesizer.MIDI.Example.Instrument
[15 of 16] Compiling Synthesizer.MIDI.CausalIO.ControllerSelection
[16 of 16] Compiling Synthesizer.MIDI.CausalIO.ControllerSet
Configuring test suite 'test' for synthesizer-midi-0.6.1.2...
Preprocessing test suite 'test' for synthesizer-midi-0.6.1.2...
Building test suite 'test' for synthesizer-midi-0.6.1.2...
[1 of 1] Compiling Main
[2 of 2] Linking /tmp/workdir-synthesizer-midi/synthesizer-midi-0.6.1.2/dist-newstyle/build/x86_64-linux/ghc-9.6.6/synthesizer-midi-0.6.1.2/t/test/build/test/test
