Build profile: -w ghc-9.6.6 -O1
In order, the following will be built (use -v for more details):
 - amazonka-mediaconnect-2.0 (lib) (first run)
 - amazonka-mediaconnect-2.0 (test:amazonka-mediaconnect-test) (first run)
Configuring library for amazonka-mediaconnect-2.0...
Preprocessing library for amazonka-mediaconnect-2.0...
Building library for amazonka-mediaconnect-2.0...
[ 1 of 98] Compiling Amazonka.MediaConnect.Types.Algorithm
[ 2 of 98] Compiling Amazonka.MediaConnect.Types.Colorimetry
[ 3 of 98] Compiling Amazonka.MediaConnect.Types.DurationUnits
[ 4 of 98] Compiling Amazonka.MediaConnect.Types.EncoderProfile
[ 5 of 98] Compiling Amazonka.MediaConnect.Types.EncodingName
[ 6 of 98] Compiling Amazonka.MediaConnect.Types.EncodingParameters
[ 7 of 98] Compiling Amazonka.MediaConnect.Types.EncodingParametersRequest
[ 8 of 98] Compiling Amazonka.MediaConnect.Types.EntitlementStatus
[ 9 of 98] Compiling Amazonka.MediaConnect.Types.FailoverMode
[10 of 98] Compiling Amazonka.MediaConnect.Types.Interface
[11 of 98] Compiling Amazonka.MediaConnect.Types.InputConfiguration
[12 of 98] Compiling Amazonka.MediaConnect.Types.DestinationConfiguration
[13 of 98] Compiling Amazonka.MediaConnect.Types.InterfaceRequest
[14 of 98] Compiling Amazonka.MediaConnect.Types.InputConfigurationRequest
[15 of 98] Compiling Amazonka.MediaConnect.Types.DestinationConfigurationRequest
[16 of 98] Compiling Amazonka.MediaConnect.Types.KeyType
[17 of 98] Compiling Amazonka.MediaConnect.Types.Encryption
[18 of 98] Compiling Amazonka.MediaConnect.Types.GrantEntitlementRequest
[19 of 98] Compiling Amazonka.MediaConnect.Types.Entitlement
[20 of 98] Compiling Amazonka.MediaConnect.Types.ListedEntitlement
[21 of 98] Compiling Amazonka.MediaConnect.Types.MaintenanceDay
[22 of 98] Compiling Amazonka.MediaConnect.Types.Maintenance
[23 of 98] Compiling Amazonka.MediaConnect.Types.AddMaintenance
[24 of 98] Compiling Amazonka.MediaConnect.Types.MediaStreamOutputConfiguration
[25 of 98] Compiling Amazonka.MediaConnect.Types.MediaStreamOutputConfigurationRequest
[26 of 98] Compiling Amazonka.MediaConnect.Types.MediaStreamSourceConfiguration
[27 of 98] Compiling Amazonka.MediaConnect.Types.MediaStreamSourceConfigurationRequest
[28 of 98] Compiling Amazonka.MediaConnect.Types.MediaStreamType
[29 of 98] Compiling Amazonka.MediaConnect.Types.Messages
[30 of 98] Compiling Amazonka.MediaConnect.Types.NetworkInterfaceType
[31 of 98] Compiling Amazonka.MediaConnect.Types.PriceUnits
[32 of 98] Compiling Amazonka.MediaConnect.Types.Protocol
[33 of 98] Compiling Amazonka.MediaConnect.Types.Range
[34 of 98] Compiling Amazonka.MediaConnect.Types.ReservationState
[35 of 98] Compiling Amazonka.MediaConnect.Types.ResourceType
[36 of 98] Compiling Amazonka.MediaConnect.Types.ResourceSpecification
[37 of 98] Compiling Amazonka.MediaConnect.Types.Reservation
[38 of 98] Compiling Amazonka.MediaConnect.Types.Offering
[39 of 98] Compiling Amazonka.MediaConnect.Types.ScanMode
[40 of 98] Compiling Amazonka.MediaConnect.Types.SetSourceRequest
[41 of 98] Compiling Amazonka.MediaConnect.Types.SourcePriority
[42 of 98] Compiling Amazonka.MediaConnect.Types.SourceType
[43 of 98] Compiling Amazonka.MediaConnect.Types.State
[44 of 98] Compiling Amazonka.MediaConnect.Types.FailoverConfig
[45 of 98] Compiling Amazonka.MediaConnect.Types.Status
[46 of 98] Compiling Amazonka.MediaConnect.Types.ListedFlow
[47 of 98] Compiling Amazonka.MediaConnect.Types.Tcs
[48 of 98] Compiling Amazonka.MediaConnect.Types.FmtpRequest
[49 of 98] Compiling Amazonka.MediaConnect.Types.MediaStreamAttributesRequest
[50 of 98] Compiling Amazonka.MediaConnect.Types.AddMediaStreamRequest
[51 of 98] Compiling Amazonka.MediaConnect.Types.Fmtp
[52 of 98] Compiling Amazonka.MediaConnect.Types.MediaStreamAttributes
[53 of 98] Compiling Amazonka.MediaConnect.Types.MediaStream
[54 of 98] Compiling Amazonka.MediaConnect.Types.Transport
[55 of 98] Compiling Amazonka.MediaConnect.Types.Source

gen/Amazonka/MediaConnect/Types/Source.hs:182:113: warning: [GHC-02256] [-Wambiguous-fields]
    The record update s {senderControlPort = a} with type Source is ambiguous.
    This will not be supported by -XDuplicateRecordFields in future releases of GHC.
    |
182 | source_senderControlPort = Lens.lens (\Source' {senderControlPort} -> senderControlPort) (\s@Source' {} a -> s {senderControlPort = a} :: Source)
    |                                                                                                                 ^^^^^^^^^^^^^^^^^^^^^

gen/Amazonka/MediaConnect/Types/Source.hs:187:107: warning: [GHC-02256] [-Wambiguous-fields]
    The record update s {senderIpAddress = a} with type Source is ambiguous.
    This will not be supported by -XDuplicateRecordFields in future releases of GHC.
    |
187 | source_senderIpAddress = Lens.lens (\Source' {senderIpAddress} -> senderIpAddress) (\s@Source' {} a -> s {senderIpAddress = a} :: Source)
    |                                                                                                           ^^^^^^^^^^^^^^^^^^^
[56 of 98] Compiling Amazonka.MediaConnect.Types.UpdateEncryption
[57 of 98] Compiling Amazonka.MediaConnect.Types.UpdateFailoverConfig
[58 of 98] Compiling Amazonka.MediaConnect.Types.UpdateMaintenance
[59 of 98] Compiling Amazonka.MediaConnect.Types.VpcInterface
[60 of 98] Compiling Amazonka.MediaConnect.Types.VpcInterfaceAttachment
[61 of 98] Compiling Amazonka.MediaConnect.Types.Output
[62 of 98] Compiling Amazonka.MediaConnect.Types.Flow

gen/Amazonka/MediaConnect/Types/Flow.hs:150:89: warning: [GHC-02256] [-Wambiguous-fields]
    The record update s {description = a} with type Flow is ambiguous.
    This will not be supported by -XDuplicateRecordFields in future releases of GHC.
    |
150 | flow_description = Lens.lens (\Flow' {description} -> description) (\s@Flow' {} a -> s {description = a} :: Flow)
    |                                                                                         ^^^^^^^^^^^^^^^

gen/Amazonka/MediaConnect/Types/Flow.hs:206:68: warning: [GHC-02256] [-Wambiguous-fields]
    The record update s {name = a} with type Flow is ambiguous.
    This will not be supported by -XDuplicateRecordFields in future releases of GHC.
    |
206 | flow_name = Lens.lens (\Flow' {name} -> name) (\s@Flow' {} a -> s {name = a} :: Flow)
    |                                                                    ^^^^^^^^
[63 of 98] Compiling Amazonka.MediaConnect.Types.AddOutputRequest
[64 of 98] Compiling Amazonka.MediaConnect.Types.VpcInterfaceRequest
[65 of 98] Compiling Amazonka.MediaConnect.Types
[66 of 98] Compiling Amazonka.MediaConnect.TagResource
[67 of 98] Compiling Amazonka.MediaConnect.StopFlow

gen/Amazonka/MediaConnect/StopFlow.hs:76:89: warning: [GHC-02256] [-Wambiguous-fields]
    The record update s {flowArn = a} with type StopFlow is ambiguous.
    This will not be supported by -XDuplicateRecordFields in future releases of GHC.
   |
76 | stopFlow_flowArn = Lens.lens (\StopFlow' {flowArn} -> flowArn) (\s@StopFlow' {} a -> s {flowArn = a} :: StopFlow)
   |                                                                                         ^^^^^^^^^^^

gen/Amazonka/MediaConnect/StopFlow.hs:157:113: warning: [GHC-02256] [-Wambiguous-fields]
    The record update s {flowArn = a} with type StopFlowResponse is ambiguous.
    This will not be supported by -XDuplicateRecordFields in future releases of GHC.
    |
157 | stopFlowResponse_flowArn = Lens.lens (\StopFlowResponse' {flowArn} -> flowArn) (\s@StopFlowResponse' {} a -> s {flowArn = a} :: StopFlowResponse)
    |                                                                                                                 ^^^^^^^^^^^

gen/Amazonka/MediaConnect/StopFlow.hs:161:110: warning: [GHC-02256] [-Wambiguous-fields]
    The record update s {status = a} with type StopFlowResponse is ambiguous.
    This will not be supported by -XDuplicateRecordFields in future releases of GHC.
    |
161 | stopFlowResponse_status = Lens.lens (\StopFlowResponse' {status} -> status) (\s@StopFlowResponse' {} a -> s {status = a} :: StopFlowResponse)
    |                                                                                                              ^^^^^^^^^^
[68 of 98] Compiling Amazonka.MediaConnect.StartFlow

gen/Amazonka/MediaConnect/StartFlow.hs:76:92: warning: [GHC-02256] [-Wambiguous-fields]
    The record update s {flowArn = a} with type StartFlow is ambiguous.
    This will not be supported by -XDuplicateRecordFields in future releases of GHC.
   |
76 | startFlow_flowArn = Lens.lens (\StartFlow' {flowArn} -> flowArn) (\s@StartFlow' {} a -> s {flowArn = a} :: StartFlow)
   |                                                                                            ^^^^^^^^^^^

gen/Amazonka/MediaConnect/StartFlow.hs:157:116: warning: [GHC-02256] [-Wambiguous-fields]
    The record update s {flowArn = a} with type StartFlowResponse is ambiguous.
    This will not be supported by -XDuplicateRecordFields in future releases of GHC.
    |
157 | startFlowResponse_flowArn = Lens.lens (\StartFlowResponse' {flowArn} -> flowArn) (\s@StartFlowResponse' {} a -> s {flowArn = a} :: StartFlowResponse)
    |                                                                                                                    ^^^^^^^^^^^

gen/Amazonka/MediaConnect/StartFlow.hs:161:113: warning: [GHC-02256] [-Wambiguous-fields]
    The record update s {status = a} with type StartFlowResponse is ambiguous.
    This will not be supported by -XDuplicateRecordFields in future releases of GHC.
    |
161 | startFlowResponse_status = Lens.lens (\StartFlowResponse' {status} -> status) (\s@StartFlowResponse' {} a -> s {status = a} :: StartFlowResponse)
    |                                                                                                                 ^^^^^^^^^^
[69 of 98] Compiling Amazonka.MediaConnect.RevokeFlowEntitlement

gen/Amazonka/MediaConnect/RevokeFlowEntitlement.hs:88:128: warning: [GHC-02256] [-Wambiguous-fields]
    The record update s {flowArn = a} with type RevokeFlowEntitlement is ambiguous.
    This will not be supported by -XDuplicateRecordFields in future releases of GHC.
   |
88 | revokeFlowEntitlement_flowArn = Lens.lens (\RevokeFlowEntitlement' {flowArn} -> flowArn) (\s@RevokeFlowEntitlement' {} a -> s {flowArn = a} :: RevokeFlowEntitlement)
   |                                                                                                                                ^^^^^^^^^^^

gen/Amazonka/MediaConnect/RevokeFlowEntitlement.hs:92:149: warning: [GHC-02256] [-Wambiguous-fields]
    The record update s {entitlementArn = a} with type RevokeFlowEntitlement is ambiguous.
    This will not be supported by -XDuplicateRecordFields in future releases of GHC.
   |
92 | revokeFlowEntitlement_entitlementArn = Lens.lens (\RevokeFlowEntitlement' {entitlementArn} -> entitlementArn) (\s@RevokeFlowEntitlement' {} a -> s {entitlementArn = a} :: RevokeFlowEntitlement)
   |                                                                                                                                                     ^^^^^^^^^^^^^^^^^^

gen/Amazonka/MediaConnect/RevokeFlowEntitlement.hs:181:173: warning: [GHC-02256] [-Wambiguous-fields]
    The record update s {entitlementArn = a} with type RevokeFlowEntitlementResponse is ambiguous.
    This will not be supported by -XDuplicateRecordFields in future releases of GHC.
    |
181 | revokeFlowEntitlementResponse_entitlementArn = Lens.lens (\RevokeFlowEntitlementResponse' {entitlementArn} -> entitlementArn) (\s@RevokeFlowEntitlementResponse' {} a -> s {entitlementArn = a} :: RevokeFlowEntitlementResponse)
    |                                                                                                                                                                             ^^^^^^^^^^^^^^^^^^

gen/Amazonka/MediaConnect/RevokeFlowEntitlement.hs:185:152: warning: [GHC-02256] [-Wambiguous-fields]
    The record update s {flowArn = a} with type RevokeFlowEntitlementResponse is ambiguous.
    This will not be supported by -XDuplicateRecordFields in future releases of GHC.
    |
185 | revokeFlowEntitlementResponse_flowArn = Lens.lens (\RevokeFlowEntitlementResponse' {flowArn} -> flowArn) (\s@RevokeFlowEntitlementResponse' {} a -> s {flowArn = a} :: RevokeFlowEntitlementResponse)
    |                                                                                                                                                        ^^^^^^^^^^^
[70 of 98] Compiling Amazonka.MediaConnect.RemoveFlowVpcInterface

gen/Amazonka/MediaConnect/RemoveFlowVpcInterface.hs:93:131: warning: [GHC-02256] [-Wambiguous-fields]
    The record update s {flowArn = a} with type RemoveFlowVpcInterface is ambiguous.
    This will not be supported by -XDuplicateRecordFields in future releases of GHC.
   |
93 | removeFlowVpcInterface_flowArn = Lens.lens (\RemoveFlowVpcInterface' {flowArn} -> flowArn) (\s@RemoveFlowVpcInterface' {} a -> s {flowArn = a} :: RemoveFlowVpcInterface)
   |                                                                                                                                   ^^^^^^^^^^^

gen/Amazonka/MediaConnect/RemoveFlowVpcInterface.hs:97:158: warning: [GHC-02256] [-Wambiguous-fields]
    The record update s {vpcInterfaceName = a} with type RemoveFlowVpcInterface is ambiguous.
    This will not be supported by -XDuplicateRecordFields in future releases of GHC.
   |
97 | removeFlowVpcInterface_vpcInterfaceName = Lens.lens (\RemoveFlowVpcInterface' {vpcInterfaceName} -> vpcInterfaceName) (\s@RemoveFlowVpcInterface' {} a -> s {vpcInterfaceName = a} :: RemoveFlowVpcInterface)
   |                                                                                                                                                              ^^^^^^^^^^^^^^^^^^^^

gen/Amazonka/MediaConnect/RemoveFlowVpcInterface.hs:201:155: warning: [GHC-02256] [-Wambiguous-fields]
    The record update s {flowArn = a} with type RemoveFlowVpcInterfaceResponse is ambiguous.
    This will not be supported by -XDuplicateRecordFields in future releases of GHC.
    |
201 | removeFlowVpcInterfaceResponse_flowArn = Lens.lens (\RemoveFlowVpcInterfaceResponse' {flowArn} -> flowArn) (\s@RemoveFlowVpcInterfaceResponse' {} a -> s {flowArn = a} :: RemoveFlowVpcInterfaceResponse)
    |                                                                                                                                                           ^^^^^^^^^^^

gen/Amazonka/MediaConnect/RemoveFlowVpcInterface.hs:210:182: warning: [GHC-02256] [-Wambiguous-fields]
    The record update s {vpcInterfaceName = a} with type RemoveFlowVpcInterfaceResponse is ambiguous.
    This will not be supported by -XDuplicateRecordFields in future releases of GHC.
    |
210 | removeFlowVpcInterfaceResponse_vpcInterfaceName = Lens.lens (\RemoveFlowVpcInterfaceResponse' {vpcInterfaceName} -> vpcInterfaceName) (\s@RemoveFlowVpcInterfaceResponse' {} a -> s {vpcInterfaceName = a} :: RemoveFlowVpcInterfaceResponse)
    |                                                                                                                                                                                      ^^^^^^^^^^^^^^^^^^^^
[71 of 98] Compiling Amazonka.MediaConnect.RemoveFlowSource

gen/Amazonka/MediaConnect/RemoveFlowSource.hs:87:113: warning: [GHC-02256] [-Wambiguous-fields]
    The record update s {flowArn = a} with type RemoveFlowSource is ambiguous.
    This will not be supported by -XDuplicateRecordFields in future releases of GHC.
   |
87 | removeFlowSource_flowArn = Lens.lens (\RemoveFlowSource' {flowArn} -> flowArn) (\s@RemoveFlowSource' {} a -> s {flowArn = a} :: RemoveFlowSource)
   |                                                                                                                 ^^^^^^^^^^^

gen/Amazonka/MediaConnect/RemoveFlowSource.hs:91:119: warning: [GHC-02256] [-Wambiguous-fields]
    The record update s {sourceArn = a} with type RemoveFlowSource is ambiguous.
    This will not be supported by -XDuplicateRecordFields in future releases of GHC.
   |
91 | removeFlowSource_sourceArn = Lens.lens (\RemoveFlowSource' {sourceArn} -> sourceArn) (\s@RemoveFlowSource' {} a -> s {sourceArn = a} :: RemoveFlowSource)
   |                                                                                                                       ^^^^^^^^^^^^^

gen/Amazonka/MediaConnect/RemoveFlowSource.hs:180:137: warning: [GHC-02256] [-Wambiguous-fields]
    The record update s {flowArn = a} with type RemoveFlowSourceResponse is ambiguous.
    This will not be supported by -XDuplicateRecordFields in future releases of GHC.
    |
180 | removeFlowSourceResponse_flowArn = Lens.lens (\RemoveFlowSourceResponse' {flowArn} -> flowArn) (\s@RemoveFlowSourceResponse' {} a -> s {flowArn = a} :: RemoveFlowSourceResponse)
    |                                                                                                                                         ^^^^^^^^^^^

gen/Amazonka/MediaConnect/RemoveFlowSource.hs:184:143: warning: [GHC-02256] [-Wambiguous-fields]
    The record update s {sourceArn = a} with type RemoveFlowSourceResponse is ambiguous.
    This will not be supported by -XDuplicateRecordFields in future releases of GHC.
    |
184 | removeFlowSourceResponse_sourceArn = Lens.lens (\RemoveFlowSourceResponse' {sourceArn} -> sourceArn) (\s@RemoveFlowSourceResponse' {} a -> s {sourceArn = a} :: RemoveFlowSourceResponse)
    |                                                                                                                                               ^^^^^^^^^^^^^
[72 of 98] Compiling Amazonka.MediaConnect.RemoveFlowOutput

gen/Amazonka/MediaConnect/RemoveFlowOutput.hs:90:113: warning: [GHC-02256] [-Wambiguous-fields]
    The record update s {flowArn = a} with type RemoveFlowOutput is ambiguous.
    This will not be supported by -XDuplicateRecordFields in future releases of GHC.
   |
90 | removeFlowOutput_flowArn = Lens.lens (\RemoveFlowOutput' {flowArn} -> flowArn) (\s@RemoveFlowOutput' {} a -> s {flowArn = a} :: RemoveFlowOutput)
   |                                                                                                                 ^^^^^^^^^^^

gen/Amazonka/MediaConnect/RemoveFlowOutput.hs:94:119: warning: [GHC-02256] [-Wambiguous-fields]
    The record update s {outputArn = a} with type RemoveFlowOutput is ambiguous.
    This will not be supported by -XDuplicateRecordFields in future releases of GHC.
   |
94 | removeFlowOutput_outputArn = Lens.lens (\RemoveFlowOutput' {outputArn} -> outputArn) (\s@RemoveFlowOutput' {} a -> s {outputArn = a} :: RemoveFlowOutput)
   |                                                                                                                       ^^^^^^^^^^^^^

gen/Amazonka/MediaConnect/RemoveFlowOutput.hs:183:137: warning: [GHC-02256] [-Wambiguous-fields]
    The record update s {flowArn = a} with type RemoveFlowOutputResponse is ambiguous.
    This will not be supported by -XDuplicateRecordFields in future releases of GHC.
    |
183 | removeFlowOutputResponse_flowArn = Lens.lens (\RemoveFlowOutputResponse' {flowArn} -> flowArn) (\s@RemoveFlowOutputResponse' {} a -> s {flowArn = a} :: RemoveFlowOutputResponse)
    |                                                                                                                                         ^^^^^^^^^^^

gen/Amazonka/MediaConnect/RemoveFlowOutput.hs:187:143: warning: [GHC-02256] [-Wambiguous-fields]
    The record update s {outputArn = a} with type RemoveFlowOutputResponse is ambiguous.
    This will not be supported by -XDuplicateRecordFields in future releases of GHC.
    |
187 | removeFlowOutputResponse_outputArn = Lens.lens (\RemoveFlowOutputResponse' {outputArn} -> outputArn) (\s@RemoveFlowOutputResponse' {} a -> s {outputArn = a} :: RemoveFlowOutputResponse)
    |                                                                                                                                               ^^^^^^^^^^^^^
[73 of 98] Compiling Amazonka.MediaConnect.RemoveFlowMediaStream

gen/Amazonka/MediaConnect/RemoveFlowMediaStream.hs:87:128: warning: [GHC-02256] [-Wambiguous-fields]
    The record update s {flowArn = a} with type RemoveFlowMediaStream is ambiguous.
    This will not be supported by -XDuplicateRecordFields in future releases of GHC.
   |
87 | removeFlowMediaStream_flowArn = Lens.lens (\RemoveFlowMediaStream' {flowArn} -> flowArn) (\s@RemoveFlowMediaStream' {} a -> s {flowArn = a} :: RemoveFlowMediaStream)
   |                                                                                                                                ^^^^^^^^^^^

gen/Amazonka/MediaConnect/RemoveFlowMediaStream.hs:91:152: warning: [GHC-02256] [-Wambiguous-fields]
    The record update s {mediaStreamName = a} with type RemoveFlowMediaStream is ambiguous.
    This will not be supported by -XDuplicateRecordFields in future releases of GHC.
   |
91 | removeFlowMediaStream_mediaStreamName = Lens.lens (\RemoveFlowMediaStream' {mediaStreamName} -> mediaStreamName) (\s@RemoveFlowMediaStream' {} a -> s {mediaStreamName = a} :: RemoveFlowMediaStream)
   |                                                                                                                                                        ^^^^^^^^^^^^^^^^^^^

gen/Amazonka/MediaConnect/RemoveFlowMediaStream.hs:180:152: warning: [GHC-02256] [-Wambiguous-fields]
    The record update s {flowArn = a} with type RemoveFlowMediaStreamResponse is ambiguous.
    This will not be supported by -XDuplicateRecordFields in future releases of GHC.
    |
180 | removeFlowMediaStreamResponse_flowArn = Lens.lens (\RemoveFlowMediaStreamResponse' {flowArn} -> flowArn) (\s@RemoveFlowMediaStreamResponse' {} a -> s {flowArn = a} :: RemoveFlowMediaStreamResponse)
    |                                                                                                                                                        ^^^^^^^^^^^

gen/Amazonka/MediaConnect/RemoveFlowMediaStream.hs:184:176: warning: [GHC-02256] [-Wambiguous-fields]
    The record update s {mediaStreamName = a} with type RemoveFlowMediaStreamResponse is ambiguous.
    This will not be supported by -XDuplicateRecordFields in future releases of GHC.
    |
184 | removeFlowMediaStreamResponse_mediaStreamName = Lens.lens (\RemoveFlowMediaStreamResponse' {mediaStreamName} -> mediaStreamName) (\s@RemoveFlowMediaStreamResponse' {} a -> s {mediaStreamName = a} :: RemoveFlowMediaStreamResponse)
    |                                                                                                                                                                                ^^^^^^^^^^^^^^^^^^^
[74 of 98] Compiling Amazonka.MediaConnect.PurchaseOffering

gen/Amazonka/MediaConnect/PurchaseOffering.hs:111:125: warning: [GHC-02256] [-Wambiguous-fields]
    The record update s {offeringArn = a} with type PurchaseOffering is ambiguous.
    This will not be supported by -XDuplicateRecordFields in future releases of GHC.
    |
111 | purchaseOffering_offeringArn = Lens.lens (\PurchaseOffering' {offeringArn} -> offeringArn) (\s@PurchaseOffering' {} a -> s {offeringArn = a} :: PurchaseOffering)
    |                                                                                                                             ^^^^^^^^^^^^^^^

gen/Amazonka/MediaConnect/PurchaseOffering.hs:121:107: warning: [GHC-02256] [-Wambiguous-fields]
    The record update s {start = a} with type PurchaseOffering is ambiguous.
    This will not be supported by -XDuplicateRecordFields in future releases of GHC.
    |
121 | purchaseOffering_start = Lens.lens (\PurchaseOffering' {start} -> start) (\s@PurchaseOffering' {} a -> s {start = a} :: PurchaseOffering)
    |                                                                                                           ^^^^^^^^^

gen/Amazonka/MediaConnect/PurchaseOffering.hs:125:137: warning: [GHC-02256] [-Wambiguous-fields]
    The record update s {reservationName = a} with type PurchaseOffering is ambiguous.
    This will not be supported by -XDuplicateRecordFields in future releases of GHC.
    |
125 | purchaseOffering_reservationName = Lens.lens (\PurchaseOffering' {reservationName} -> reservationName) (\s@PurchaseOffering' {} a -> s {reservationName = a} :: PurchaseOffering)
    |                                                                                                                                         ^^^^^^^^^^^^^^^^^^^
[75 of 98] Compiling Amazonka.MediaConnect.ListTagsForResource
[76 of 98] Compiling Amazonka.MediaConnect.ListReservations

gen/Amazonka/MediaConnect/ListReservations.hs:123:119: warning: [GHC-02256] [-Wambiguous-fields]
    The record update s {nextToken = a} with type ListReservations is ambiguous.
    This will not be supported by -XDuplicateRecordFields in future releases of GHC.
    |
123 | listReservations_nextToken = Lens.lens (\ListReservations' {nextToken} -> nextToken) (\s@ListReservations' {} a -> s {nextToken = a} :: ListReservations)
    |                                                                                                                       ^^^^^^^^^^^^^

gen/Amazonka/MediaConnect/ListReservations.hs:246:143: warning: [GHC-02256] [-Wambiguous-fields]
    The record update s {nextToken = a} with type ListReservationsResponse is ambiguous.
    This will not be supported by -XDuplicateRecordFields in future releases of GHC.
    |
246 | listReservationsResponse_nextToken = Lens.lens (\ListReservationsResponse' {nextToken} -> nextToken) (\s@ListReservationsResponse' {} a -> s {nextToken = a} :: ListReservationsResponse)
    |                                                                                                                                               ^^^^^^^^^^^^^
[77 of 98] Compiling Amazonka.MediaConnect.ListOfferings

gen/Amazonka/MediaConnect/ListOfferings.hs:124:110: warning: [GHC-02256] [-Wambiguous-fields]
    The record update s {nextToken = a} with type ListOfferings is ambiguous.
    This will not be supported by -XDuplicateRecordFields in future releases of GHC.
    |
124 | listOfferings_nextToken = Lens.lens (\ListOfferings' {nextToken} -> nextToken) (\s@ListOfferings' {} a -> s {nextToken = a} :: ListOfferings)
    |                                                                                                              ^^^^^^^^^^^^^

gen/Amazonka/MediaConnect/ListOfferings.hs:246:134: warning: [GHC-02256] [-Wambiguous-fields]
    The record update s {nextToken = a} with type ListOfferingsResponse is ambiguous.
    This will not be supported by -XDuplicateRecordFields in future releases of GHC.
    |
246 | listOfferingsResponse_nextToken = Lens.lens (\ListOfferingsResponse' {nextToken} -> nextToken) (\s@ListOfferingsResponse' {} a -> s {nextToken = a} :: ListOfferingsResponse)
    |                                                                                                                                      ^^^^^^^^^^^^^
[78 of 98] Compiling Amazonka.MediaConnect.ListFlows

gen/Amazonka/MediaConnect/ListFlows.hs:122:98: warning: [GHC-02256] [-Wambiguous-fields]
    The record update s {nextToken = a} with type ListFlows is ambiguous.
    This will not be supported by -XDuplicateRecordFields in future releases of GHC.
    |
122 | listFlows_nextToken = Lens.lens (\ListFlows' {nextToken} -> nextToken) (\s@ListFlows' {} a -> s {nextToken = a} :: ListFlows)
    |                                                                                                  ^^^^^^^^^^^^^

gen/Amazonka/MediaConnect/ListFlows.hs:244:122: warning: [GHC-02256] [-Wambiguous-fields]
    The record update s {nextToken = a} with type ListFlowsResponse is ambiguous.
    This will not be supported by -XDuplicateRecordFields in future releases of GHC.
    |
244 | listFlowsResponse_nextToken = Lens.lens (\ListFlowsResponse' {nextToken} -> nextToken) (\s@ListFlowsResponse' {} a -> s {nextToken = a} :: ListFlowsResponse)
    |                                                                                                                          ^^^^^^^^^^^^^
[79 of 98] Compiling Amazonka.MediaConnect.ListEntitlements

gen/Amazonka/MediaConnect/ListEntitlements.hs:122:119: warning: [GHC-02256] [-Wambiguous-fields]
    The record update s {nextToken = a} with type ListEntitlements is ambiguous.
    This will not be supported by -XDuplicateRecordFields in future releases of GHC.
    |
122 | listEntitlements_nextToken = Lens.lens (\ListEntitlements' {nextToken} -> nextToken) (\s@ListEntitlements' {} a -> s {nextToken = a} :: ListEntitlements)
    |                                                                                                                       ^^^^^^^^^^^^^

gen/Amazonka/MediaConnect/ListEntitlements.hs:242:152: warning: [GHC-02256] [-Wambiguous-fields]
    The record update s {entitlements = a} with type ListEntitlementsResponse is ambiguous.
    This will not be supported by -XDuplicateRecordFields in future releases of GHC.
    |
242 | listEntitlementsResponse_entitlements = Lens.lens (\ListEntitlementsResponse' {entitlements} -> entitlements) (\s@ListEntitlementsResponse' {} a -> s {entitlements = a} :: ListEntitlementsResponse) Prelude.. Lens.mapping Lens.coerced
    |                                                                                                                                                        ^^^^^^^^^^^^^^^^

gen/Amazonka/MediaConnect/ListEntitlements.hs:250:143: warning: [GHC-02256] [-Wambiguous-fields]
    The record update s {nextToken = a} with type ListEntitlementsResponse is ambiguous.
    This will not be supported by -XDuplicateRecordFields in future releases of GHC.
    |
250 | listEntitlementsResponse_nextToken = Lens.lens (\ListEntitlementsResponse' {nextToken} -> nextToken) (\s@ListEntitlementsResponse' {} a -> s {nextToken = a} :: ListEntitlementsResponse)
    |                                                                                                                                               ^^^^^^^^^^^^^
[80 of 98] Compiling Amazonka.MediaConnect.GrantFlowEntitlements

gen/Amazonka/MediaConnect/GrantFlowEntitlements.hs:86:128: warning: [GHC-02256] [-Wambiguous-fields]
    The record update s {flowArn = a} with type GrantFlowEntitlements is ambiguous.
    This will not be supported by -XDuplicateRecordFields in future releases of GHC.
   |
86 | grantFlowEntitlements_flowArn = Lens.lens (\GrantFlowEntitlements' {flowArn} -> flowArn) (\s@GrantFlowEntitlements' {} a -> s {flowArn = a} :: GrantFlowEntitlements)
   |                                                                                                                                ^^^^^^^^^^^

gen/Amazonka/MediaConnect/GrantFlowEntitlements.hs:90:143: warning: [GHC-02256] [-Wambiguous-fields]
    The record update s {entitlements = a} with type GrantFlowEntitlements is ambiguous.
    This will not be supported by -XDuplicateRecordFields in future releases of GHC.
   |
90 | grantFlowEntitlements_entitlements = Lens.lens (\GrantFlowEntitlements' {entitlements} -> entitlements) (\s@GrantFlowEntitlements' {} a -> s {entitlements = a} :: GrantFlowEntitlements) Prelude.. Lens.coerced
   |                                                                                                                                               ^^^^^^^^^^^^^^^^

gen/Amazonka/MediaConnect/GrantFlowEntitlements.hs:182:167: warning: [GHC-02256] [-Wambiguous-fields]
    The record update s {entitlements = a} with type GrantFlowEntitlementsResponse is ambiguous.
    This will not be supported by -XDuplicateRecordFields in future releases of GHC.
    |
182 | grantFlowEntitlementsResponse_entitlements = Lens.lens (\GrantFlowEntitlementsResponse' {entitlements} -> entitlements) (\s@GrantFlowEntitlementsResponse' {} a -> s {entitlements = a} :: GrantFlowEntitlementsResponse) Prelude.. Lens.mapping Lens.coerced
    |                                                                                                                                                                       ^^^^^^^^^^^^^^^^

gen/Amazonka/MediaConnect/GrantFlowEntitlements.hs:186:152: warning: [GHC-02256] [-Wambiguous-fields]
    The record update s {flowArn = a} with type GrantFlowEntitlementsResponse is ambiguous.
    This will not be supported by -XDuplicateRecordFields in future releases of GHC.
    |
186 | grantFlowEntitlementsResponse_flowArn = Lens.lens (\GrantFlowEntitlementsResponse' {flowArn} -> flowArn) (\s@GrantFlowEntitlementsResponse' {} a -> s {flowArn = a} :: GrantFlowEntitlementsResponse)
    |                                                                                                                                                        ^^^^^^^^^^^
[81 of 98] Compiling Amazonka.MediaConnect.DescribeReservation

gen/Amazonka/MediaConnect/DescribeReservation.hs:81:143: warning: [GHC-02256] [-Wambiguous-fields]
    The record update s {reservationArn = a} with type DescribeReservation is ambiguous.
    This will not be supported by -XDuplicateRecordFields in future releases of GHC.
   |
81 | describeReservation_reservationArn = Lens.lens (\DescribeReservation' {reservationArn} -> reservationArn) (\s@DescribeReservation' {} a -> s {reservationArn = a} :: DescribeReservation)
   |                                                                                                                                               ^^^^^^^^^^^^^^^^^^
[82 of 98] Compiling Amazonka.MediaConnect.DescribeOffering

gen/Amazonka/MediaConnect/DescribeOffering.hs:77:125: warning: [GHC-02256] [-Wambiguous-fields]
    The record update s {offeringArn = a} with type DescribeOffering is ambiguous.
    This will not be supported by -XDuplicateRecordFields in future releases of GHC.
   |
77 | describeOffering_offeringArn = Lens.lens (\DescribeOffering' {offeringArn} -> offeringArn) (\s@DescribeOffering' {} a -> s {offeringArn = a} :: DescribeOffering)
   |                                                                                                                             ^^^^^^^^^^^^^^^
[83 of 98] Compiling Amazonka.MediaConnect.DescribeFlow

gen/Amazonka/MediaConnect/DescribeFlow.hs:78:101: warning: [GHC-02256] [-Wambiguous-fields]
    The record update s {flowArn = a} with type DescribeFlow is ambiguous.
    This will not be supported by -XDuplicateRecordFields in future releases of GHC.
   |
78 | describeFlow_flowArn = Lens.lens (\DescribeFlow' {flowArn} -> flowArn) (\s@DescribeFlow' {} a -> s {flowArn = a} :: DescribeFlow)
   |                                                                                                     ^^^^^^^^^^^
[84 of 98] Compiling Amazonka.MediaConnect.DeleteFlow

gen/Amazonka/MediaConnect/DeleteFlow.hs:76:95: warning: [GHC-02256] [-Wambiguous-fields]
    The record update s {flowArn = a} with type DeleteFlow is ambiguous.
    This will not be supported by -XDuplicateRecordFields in future releases of GHC.
   |
76 | deleteFlow_flowArn = Lens.lens (\DeleteFlow' {flowArn} -> flowArn) (\s@DeleteFlow' {} a -> s {flowArn = a} :: DeleteFlow)
   |                                                                                               ^^^^^^^^^^^

gen/Amazonka/MediaConnect/DeleteFlow.hs:153:119: warning: [GHC-02256] [-Wambiguous-fields]
    The record update s {flowArn = a} with type DeleteFlowResponse is ambiguous.
    This will not be supported by -XDuplicateRecordFields in future releases of GHC.
    |
153 | deleteFlowResponse_flowArn = Lens.lens (\DeleteFlowResponse' {flowArn} -> flowArn) (\s@DeleteFlowResponse' {} a -> s {flowArn = a} :: DeleteFlowResponse)
    |                                                                                                                       ^^^^^^^^^^^

gen/Amazonka/MediaConnect/DeleteFlow.hs:157:116: warning: [GHC-02256] [-Wambiguous-fields]
    The record update s {status = a} with type DeleteFlowResponse is ambiguous.
    This will not be supported by -XDuplicateRecordFields in future releases of GHC.
    |
157 | deleteFlowResponse_status = Lens.lens (\DeleteFlowResponse' {status} -> status) (\s@DeleteFlowResponse' {} a -> s {status = a} :: DeleteFlowResponse)
    |                                                                                                                    ^^^^^^^^^^
[85 of 98] Compiling Amazonka.MediaConnect.CreateFlow

gen/Amazonka/MediaConnect/CreateFlow.hs:136:122: warning: [GHC-02256] [-Wambiguous-fields]
    The record update s {availabilityZone = a} with type CreateFlow is ambiguous.
    This will not be supported by -XDuplicateRecordFields in future releases of GHC.
    |
136 | createFlow_availabilityZone = Lens.lens (\CreateFlow' {availabilityZone} -> availabilityZone) (\s@CreateFlow' {} a -> s {availabilityZone = a} :: CreateFlow)
    |                                                                                                                          ^^^^^^^^^^^^^^^^^^^^

gen/Amazonka/MediaConnect/CreateFlow.hs:140:110: warning: [GHC-02256] [-Wambiguous-fields]
    The record update s {entitlements = a} with type CreateFlow is ambiguous.
    This will not be supported by -XDuplicateRecordFields in future releases of GHC.
    |
140 | createFlow_entitlements = Lens.lens (\CreateFlow' {entitlements} -> entitlements) (\s@CreateFlow' {} a -> s {entitlements = a} :: CreateFlow) Prelude.. Lens.mapping Lens.coerced
    |                                                                                                              ^^^^^^^^^^^^^^^^

gen/Amazonka/MediaConnect/CreateFlow.hs:144:107: warning: [GHC-02256] [-Wambiguous-fields]
    The record update s {maintenance = a} with type CreateFlow is ambiguous.
    This will not be supported by -XDuplicateRecordFields in future releases of GHC.
    |
144 | createFlow_maintenance = Lens.lens (\CreateFlow' {maintenance} -> maintenance) (\s@CreateFlow' {} a -> s {maintenance = a} :: CreateFlow)
    |                                                                                                           ^^^^^^^^^^^^^^^

gen/Amazonka/MediaConnect/CreateFlow.hs:149:110: warning: [GHC-02256] [-Wambiguous-fields]
    The record update s {mediaStreams = a} with type CreateFlow is ambiguous.
    This will not be supported by -XDuplicateRecordFields in future releases of GHC.
    |
149 | createFlow_mediaStreams = Lens.lens (\CreateFlow' {mediaStreams} -> mediaStreams) (\s@CreateFlow' {} a -> s {mediaStreams = a} :: CreateFlow) Prelude.. Lens.mapping Lens.coerced
    |                                                                                                              ^^^^^^^^^^^^^^^^

gen/Amazonka/MediaConnect/CreateFlow.hs:153:95: warning: [GHC-02256] [-Wambiguous-fields]
    The record update s {outputs = a} with type CreateFlow is ambiguous.
    This will not be supported by -XDuplicateRecordFields in future releases of GHC.
    |
153 | createFlow_outputs = Lens.lens (\CreateFlow' {outputs} -> outputs) (\s@CreateFlow' {} a -> s {outputs = a} :: CreateFlow) Prelude.. Lens.mapping Lens.coerced
    |                                                                                               ^^^^^^^^^^^

gen/Amazonka/MediaConnect/CreateFlow.hs:157:92: warning: [GHC-02256] [-Wambiguous-fields]
    The record update s {source = a} with type CreateFlow is ambiguous.
    This will not be supported by -XDuplicateRecordFields in future releases of GHC.
    |
157 | createFlow_source = Lens.lens (\CreateFlow' {source} -> source) (\s@CreateFlow' {} a -> s {source = a} :: CreateFlow)
    |                                                                                            ^^^^^^^^^^

gen/Amazonka/MediaConnect/CreateFlow.hs:161:134: warning: [GHC-02256] [-Wambiguous-fields]
    The record update s {sourceFailoverConfig = a} with type CreateFlow is ambiguous.
    This will not be supported by -XDuplicateRecordFields in future releases of GHC.
    |
161 | createFlow_sourceFailoverConfig = Lens.lens (\CreateFlow' {sourceFailoverConfig} -> sourceFailoverConfig) (\s@CreateFlow' {} a -> s {sourceFailoverConfig = a} :: CreateFlow)
    |                                                                                                                                      ^^^^^^^^^^^^^^^^^^^^^^^^

gen/Amazonka/MediaConnect/CreateFlow.hs:165:95: warning: [GHC-02256] [-Wambiguous-fields]
    The record update s {sources = a} with type CreateFlow is ambiguous.
    This will not be supported by -XDuplicateRecordFields in future releases of GHC.
    |
165 | createFlow_sources = Lens.lens (\CreateFlow' {sources} -> sources) (\s@CreateFlow' {} a -> s {sources = a} :: CreateFlow) Prelude.. Lens.mapping Lens.coerced
    |                                                                                               ^^^^^^^^^^^

gen/Amazonka/MediaConnect/CreateFlow.hs:169:113: warning: [GHC-02256] [-Wambiguous-fields]
    The record update s {vpcInterfaces = a} with type CreateFlow is ambiguous.
    This will not be supported by -XDuplicateRecordFields in future releases of GHC.
    |
169 | createFlow_vpcInterfaces = Lens.lens (\CreateFlow' {vpcInterfaces} -> vpcInterfaces) (\s@CreateFlow' {} a -> s {vpcInterfaces = a} :: CreateFlow) Prelude.. Lens.mapping Lens.coerced
    |                                                                                                                 ^^^^^^^^^^^^^^^^^

gen/Amazonka/MediaConnect/CreateFlow.hs:173:86: warning: [GHC-02256] [-Wambiguous-fields]
    The record update s {name = a} with type CreateFlow is ambiguous.
    This will not be supported by -XDuplicateRecordFields in future releases of GHC.
    |
173 | createFlow_name = Lens.lens (\CreateFlow' {name} -> name) (\s@CreateFlow' {} a -> s {name = a} :: CreateFlow)
    |                                                                                      ^^^^^^^^
[86 of 98] Compiling Amazonka.MediaConnect.AddFlowVpcInterfaces

gen/Amazonka/MediaConnect/AddFlowVpcInterfaces.hs:86:125: warning: [GHC-02256] [-Wambiguous-fields]
    The record update s {flowArn = a} with type AddFlowVpcInterfaces is ambiguous.
    This will not be supported by -XDuplicateRecordFields in future releases of GHC.
   |
86 | addFlowVpcInterfaces_flowArn = Lens.lens (\AddFlowVpcInterfaces' {flowArn} -> flowArn) (\s@AddFlowVpcInterfaces' {} a -> s {flowArn = a} :: AddFlowVpcInterfaces)
   |                                                                                                                             ^^^^^^^^^^^

gen/Amazonka/MediaConnect/AddFlowVpcInterfaces.hs:90:143: warning: [GHC-02256] [-Wambiguous-fields]
    The record update s {vpcInterfaces = a} with type AddFlowVpcInterfaces is ambiguous.
    This will not be supported by -XDuplicateRecordFields in future releases of GHC.
   |
90 | addFlowVpcInterfaces_vpcInterfaces = Lens.lens (\AddFlowVpcInterfaces' {vpcInterfaces} -> vpcInterfaces) (\s@AddFlowVpcInterfaces' {} a -> s {vpcInterfaces = a} :: AddFlowVpcInterfaces) Prelude.. Lens.coerced
   |                                                                                                                                               ^^^^^^^^^^^^^^^^^

gen/Amazonka/MediaConnect/AddFlowVpcInterfaces.hs:184:149: warning: [GHC-02256] [-Wambiguous-fields]
    The record update s {flowArn = a} with type AddFlowVpcInterfacesResponse is ambiguous.
    This will not be supported by -XDuplicateRecordFields in future releases of GHC.
    |
184 | addFlowVpcInterfacesResponse_flowArn = Lens.lens (\AddFlowVpcInterfacesResponse' {flowArn} -> flowArn) (\s@AddFlowVpcInterfacesResponse' {} a -> s {flowArn = a} :: AddFlowVpcInterfacesResponse)
    |                                                                                                                                                     ^^^^^^^^^^^

gen/Amazonka/MediaConnect/AddFlowVpcInterfaces.hs:188:167: warning: [GHC-02256] [-Wambiguous-fields]
    The record update s {vpcInterfaces = a} with type AddFlowVpcInterfacesResponse is ambiguous.
    This will not be supported by -XDuplicateRecordFields in future releases of GHC.
    |
188 | addFlowVpcInterfacesResponse_vpcInterfaces = Lens.lens (\AddFlowVpcInterfacesResponse' {vpcInterfaces} -> vpcInterfaces) (\s@AddFlowVpcInterfacesResponse' {} a -> s {vpcInterfaces = a} :: AddFlowVpcInterfacesResponse) Prelude.. Lens.mapping Lens.coerced
    |                                                                                                                                                                       ^^^^^^^^^^^^^^^^^
[87 of 98] Compiling Amazonka.MediaConnect.AddFlowSources

gen/Amazonka/MediaConnect/AddFlowSources.hs:86:107: warning: [GHC-02256] [-Wambiguous-fields]
    The record update s {flowArn = a} with type AddFlowSources is ambiguous.
    This will not be supported by -XDuplicateRecordFields in future releases of GHC.
   |
86 | addFlowSources_flowArn = Lens.lens (\AddFlowSources' {flowArn} -> flowArn) (\s@AddFlowSources' {} a -> s {flowArn = a} :: AddFlowSources)
   |                                                                                                           ^^^^^^^^^^^

gen/Amazonka/MediaConnect/AddFlowSources.hs:90:107: warning: [GHC-02256] [-Wambiguous-fields]
    The record update s {sources = a} with type AddFlowSources is ambiguous.
    This will not be supported by -XDuplicateRecordFields in future releases of GHC.
   |
90 | addFlowSources_sources = Lens.lens (\AddFlowSources' {sources} -> sources) (\s@AddFlowSources' {} a -> s {sources = a} :: AddFlowSources) Prelude.. Lens.coerced
   |                                                                                                           ^^^^^^^^^^^

gen/Amazonka/MediaConnect/AddFlowSources.hs:181:131: warning: [GHC-02256] [-Wambiguous-fields]
    The record update s {flowArn = a} with type AddFlowSourcesResponse is ambiguous.
    This will not be supported by -XDuplicateRecordFields in future releases of GHC.
    |
181 | addFlowSourcesResponse_flowArn = Lens.lens (\AddFlowSourcesResponse' {flowArn} -> flowArn) (\s@AddFlowSourcesResponse' {} a -> s {flowArn = a} :: AddFlowSourcesResponse)
    |                                                                                                                                   ^^^^^^^^^^^

gen/Amazonka/MediaConnect/AddFlowSources.hs:185:131: warning: [GHC-02256] [-Wambiguous-fields]
    The record update s {sources = a} with type AddFlowSourcesResponse is ambiguous.
    This will not be supported by -XDuplicateRecordFields in future releases of GHC.
    |
185 | addFlowSourcesResponse_sources = Lens.lens (\AddFlowSourcesResponse' {sources} -> sources) (\s@AddFlowSourcesResponse' {} a -> s {sources = a} :: AddFlowSourcesResponse) Prelude.. Lens.mapping Lens.coerced
    |                                                                                                                                   ^^^^^^^^^^^
[88 of 98] Compiling Amazonka.MediaConnect.AddFlowOutputs

gen/Amazonka/MediaConnect/AddFlowOutputs.hs:87:107: warning: [GHC-02256] [-Wambiguous-fields]
    The record update s {flowArn = a} with type AddFlowOutputs is ambiguous.
    This will not be supported by -XDuplicateRecordFields in future releases of GHC.
   |
87 | addFlowOutputs_flowArn = Lens.lens (\AddFlowOutputs' {flowArn} -> flowArn) (\s@AddFlowOutputs' {} a -> s {flowArn = a} :: AddFlowOutputs)
   |                                                                                                           ^^^^^^^^^^^

gen/Amazonka/MediaConnect/AddFlowOutputs.hs:91:107: warning: [GHC-02256] [-Wambiguous-fields]
    The record update s {outputs = a} with type AddFlowOutputs is ambiguous.
    This will not be supported by -XDuplicateRecordFields in future releases of GHC.
   |
91 | addFlowOutputs_outputs = Lens.lens (\AddFlowOutputs' {outputs} -> outputs) (\s@AddFlowOutputs' {} a -> s {outputs = a} :: AddFlowOutputs) Prelude.. Lens.coerced
   |                                                                                                           ^^^^^^^^^^^

gen/Amazonka/MediaConnect/AddFlowOutputs.hs:182:131: warning: [GHC-02256] [-Wambiguous-fields]
    The record update s {flowArn = a} with type AddFlowOutputsResponse is ambiguous.
    This will not be supported by -XDuplicateRecordFields in future releases of GHC.
    |
182 | addFlowOutputsResponse_flowArn = Lens.lens (\AddFlowOutputsResponse' {flowArn} -> flowArn) (\s@AddFlowOutputsResponse' {} a -> s {flowArn = a} :: AddFlowOutputsResponse)
    |                                                                                                                                   ^^^^^^^^^^^

gen/Amazonka/MediaConnect/AddFlowOutputs.hs:186:131: warning: [GHC-02256] [-Wambiguous-fields]
    The record update s {outputs = a} with type AddFlowOutputsResponse is ambiguous.
    This will not be supported by -XDuplicateRecordFields in future releases of GHC.
    |
186 | addFlowOutputsResponse_outputs = Lens.lens (\AddFlowOutputsResponse' {outputs} -> outputs) (\s@AddFlowOutputsResponse' {} a -> s {outputs = a} :: AddFlowOutputsResponse) Prelude.. Lens.mapping Lens.coerced
    |                                                                                                                                   ^^^^^^^^^^^
[89 of 98] Compiling Amazonka.MediaConnect.AddFlowMediaStreams

gen/Amazonka/MediaConnect/AddFlowMediaStreams.hs:88:122: warning: [GHC-02256] [-Wambiguous-fields]
    The record update s {flowArn = a} with type AddFlowMediaStreams is ambiguous.
    This will not be supported by -XDuplicateRecordFields in future releases of GHC.
   |
88 | addFlowMediaStreams_flowArn = Lens.lens (\AddFlowMediaStreams' {flowArn} -> flowArn) (\s@AddFlowMediaStreams' {} a -> s {flowArn = a} :: AddFlowMediaStreams)
   |                                                                                                                          ^^^^^^^^^^^

gen/Amazonka/MediaConnect/AddFlowMediaStreams.hs:92:137: warning: [GHC-02256] [-Wambiguous-fields]
    The record update s {mediaStreams = a} with type AddFlowMediaStreams is ambiguous.
    This will not be supported by -XDuplicateRecordFields in future releases of GHC.
   |
92 | addFlowMediaStreams_mediaStreams = Lens.lens (\AddFlowMediaStreams' {mediaStreams} -> mediaStreams) (\s@AddFlowMediaStreams' {} a -> s {mediaStreams = a} :: AddFlowMediaStreams) Prelude.. Lens.coerced
   |                                                                                                                                         ^^^^^^^^^^^^^^^^

gen/Amazonka/MediaConnect/AddFlowMediaStreams.hs:184:146: warning: [GHC-02256] [-Wambiguous-fields]
    The record update s {flowArn = a} with type AddFlowMediaStreamsResponse is ambiguous.
    This will not be supported by -XDuplicateRecordFields in future releases of GHC.
    |
184 | addFlowMediaStreamsResponse_flowArn = Lens.lens (\AddFlowMediaStreamsResponse' {flowArn} -> flowArn) (\s@AddFlowMediaStreamsResponse' {} a -> s {flowArn = a} :: AddFlowMediaStreamsResponse)
    |                                                                                                                                                  ^^^^^^^^^^^

gen/Amazonka/MediaConnect/AddFlowMediaStreams.hs:188:161: warning: [GHC-02256] [-Wambiguous-fields]
    The record update s {mediaStreams = a} with type AddFlowMediaStreamsResponse is ambiguous.
    This will not be supported by -XDuplicateRecordFields in future releases of GHC.
    |
188 | addFlowMediaStreamsResponse_mediaStreams = Lens.lens (\AddFlowMediaStreamsResponse' {mediaStreams} -> mediaStreams) (\s@AddFlowMediaStreamsResponse' {} a -> s {mediaStreams = a} :: AddFlowMediaStreamsResponse) Prelude.. Lens.mapping Lens.coerced
    |                                                                                                                                                                 ^^^^^^^^^^^^^^^^
[90 of 98] Compiling Amazonka.MediaConnect.UntagResource
[91 of 98] Compiling Amazonka.MediaConnect.UpdateFlow

gen/Amazonka/MediaConnect/UpdateFlow.hs:89:107: warning: [GHC-02256] [-Wambiguous-fields]
    The record update s {maintenance = a} with type UpdateFlow is ambiguous.
    This will not be supported by -XDuplicateRecordFields in future releases of GHC.
   |
89 | updateFlow_maintenance = Lens.lens (\UpdateFlow' {maintenance} -> maintenance) (\s@UpdateFlow' {} a -> s {maintenance = a} :: UpdateFlow)
   |                                                                                                           ^^^^^^^^^^^^^^^

gen/Amazonka/MediaConnect/UpdateFlow.hs:93:134: warning: [GHC-02256] [-Wambiguous-fields]
    The record update s {sourceFailoverConfig = a} with type UpdateFlow is ambiguous.
    This will not be supported by -XDuplicateRecordFields in future releases of GHC.
   |
93 | updateFlow_sourceFailoverConfig = Lens.lens (\UpdateFlow' {sourceFailoverConfig} -> sourceFailoverConfig) (\s@UpdateFlow' {} a -> s {sourceFailoverConfig = a} :: UpdateFlow)
   |                                                                                                                                      ^^^^^^^^^^^^^^^^^^^^^^^^

gen/Amazonka/MediaConnect/UpdateFlow.hs:97:95: warning: [GHC-02256] [-Wambiguous-fields]
    The record update s {flowArn = a} with type UpdateFlow is ambiguous.
    This will not be supported by -XDuplicateRecordFields in future releases of GHC.
   |
97 | updateFlow_flowArn = Lens.lens (\UpdateFlow' {flowArn} -> flowArn) (\s@UpdateFlow' {} a -> s {flowArn = a} :: UpdateFlow)
   |                                                                                               ^^^^^^^^^^^
[92 of 98] Compiling Amazonka.MediaConnect.UpdateFlowEntitlement

gen/Amazonka/MediaConnect/UpdateFlowEntitlement.hs:135:140: warning: [GHC-02256] [-Wambiguous-fields]
    The record update s {description = a} with type UpdateFlowEntitlement is ambiguous.
    This will not be supported by -XDuplicateRecordFields in future releases of GHC.
    |
135 | updateFlowEntitlement_description = Lens.lens (\UpdateFlowEntitlement' {description} -> description) (\s@UpdateFlowEntitlement' {} a -> s {description = a} :: UpdateFlowEntitlement)
    |                                                                                                                                            ^^^^^^^^^^^^^^^

gen/Amazonka/MediaConnect/UpdateFlowEntitlement.hs:140:137: warning: [GHC-02256] [-Wambiguous-fields]
    The record update s {encryption = a} with type UpdateFlowEntitlement is ambiguous.
    This will not be supported by -XDuplicateRecordFields in future releases of GHC.
    |
140 | updateFlowEntitlement_encryption = Lens.lens (\UpdateFlowEntitlement' {encryption} -> encryption) (\s@UpdateFlowEntitlement' {} a -> s {encryption = a} :: UpdateFlowEntitlement)
    |                                                                                                                                         ^^^^^^^^^^^^^^

gen/Amazonka/MediaConnect/UpdateFlowEntitlement.hs:147:158: warning: [GHC-02256] [-Wambiguous-fields]
    The record update s {entitlementStatus = a} with type UpdateFlowEntitlement is ambiguous.
    This will not be supported by -XDuplicateRecordFields in future releases of GHC.
    |
147 | updateFlowEntitlement_entitlementStatus = Lens.lens (\UpdateFlowEntitlement' {entitlementStatus} -> entitlementStatus) (\s@UpdateFlowEntitlement' {} a -> s {entitlementStatus = a} :: UpdateFlowEntitlement)
    |                                                                                                                                                              ^^^^^^^^^^^^^^^^^^^^^

gen/Amazonka/MediaConnect/UpdateFlowEntitlement.hs:153:140: warning: [GHC-02256] [-Wambiguous-fields]
    The record update s {subscribers = a} with type UpdateFlowEntitlement is ambiguous.
    This will not be supported by -XDuplicateRecordFields in future releases of GHC.
    |
153 | updateFlowEntitlement_subscribers = Lens.lens (\UpdateFlowEntitlement' {subscribers} -> subscribers) (\s@UpdateFlowEntitlement' {} a -> s {subscribers = a} :: UpdateFlowEntitlement) Prelude.. Lens.mapping Lens.coerced
    |                                                                                                                                            ^^^^^^^^^^^^^^^

gen/Amazonka/MediaConnect/UpdateFlowEntitlement.hs:158:128: warning: [GHC-02256] [-Wambiguous-fields]
    The record update s {flowArn = a} with type UpdateFlowEntitlement is ambiguous.
    This will not be supported by -XDuplicateRecordFields in future releases of GHC.
    |
158 | updateFlowEntitlement_flowArn = Lens.lens (\UpdateFlowEntitlement' {flowArn} -> flowArn) (\s@UpdateFlowEntitlement' {} a -> s {flowArn = a} :: UpdateFlowEntitlement)
    |                                                                                                                                ^^^^^^^^^^^

gen/Amazonka/MediaConnect/UpdateFlowEntitlement.hs:162:149: warning: [GHC-02256] [-Wambiguous-fields]
    The record update s {entitlementArn = a} with type UpdateFlowEntitlement is ambiguous.
    This will not be supported by -XDuplicateRecordFields in future releases of GHC.
    |
162 | updateFlowEntitlement_entitlementArn = Lens.lens (\UpdateFlowEntitlement' {entitlementArn} -> entitlementArn) (\s@UpdateFlowEntitlement' {} a -> s {entitlementArn = a} :: UpdateFlowEntitlement)
    |                                                                                                                                                     ^^^^^^^^^^^^^^^^^^

gen/Amazonka/MediaConnect/UpdateFlowEntitlement.hs:275:152: warning: [GHC-02256] [-Wambiguous-fields]
    The record update s {flowArn = a} with type UpdateFlowEntitlementResponse is ambiguous.
    This will not be supported by -XDuplicateRecordFields in future releases of GHC.
    |
275 | updateFlowEntitlementResponse_flowArn = Lens.lens (\UpdateFlowEntitlementResponse' {flowArn} -> flowArn) (\s@UpdateFlowEntitlementResponse' {} a -> s {flowArn = a} :: UpdateFlowEntitlementResponse)
    |                                                                                                                                                        ^^^^^^^^^^^
[93 of 98] Compiling Amazonka.MediaConnect.UpdateFlowMediaStream

gen/Amazonka/MediaConnect/UpdateFlowMediaStream.hs:123:137: warning: [GHC-02256] [-Wambiguous-fields]
    The record update s {attributes = a} with type UpdateFlowMediaStream is ambiguous.
    This will not be supported by -XDuplicateRecordFields in future releases of GHC.
    |
123 | updateFlowMediaStream_attributes = Lens.lens (\UpdateFlowMediaStream' {attributes} -> attributes) (\s@UpdateFlowMediaStream' {} a -> s {attributes = a} :: UpdateFlowMediaStream)
    |                                                                                                                                         ^^^^^^^^^^^^^^

gen/Amazonka/MediaConnect/UpdateFlowMediaStream.hs:129:134: warning: [GHC-02256] [-Wambiguous-fields]
    The record update s {clockRate = a} with type UpdateFlowMediaStream is ambiguous.
    This will not be supported by -XDuplicateRecordFields in future releases of GHC.
    |
129 | updateFlowMediaStream_clockRate = Lens.lens (\UpdateFlowMediaStream' {clockRate} -> clockRate) (\s@UpdateFlowMediaStream' {} a -> s {clockRate = a} :: UpdateFlowMediaStream)
    |                                                                                                                                      ^^^^^^^^^^^^^

gen/Amazonka/MediaConnect/UpdateFlowMediaStream.hs:133:140: warning: [GHC-02256] [-Wambiguous-fields]
    The record update s {description = a} with type UpdateFlowMediaStream is ambiguous.
    This will not be supported by -XDuplicateRecordFields in future releases of GHC.
    |
133 | updateFlowMediaStream_description = Lens.lens (\UpdateFlowMediaStream' {description} -> description) (\s@UpdateFlowMediaStream' {} a -> s {description = a} :: UpdateFlowMediaStream)
    |                                                                                                                                            ^^^^^^^^^^^^^^^

gen/Amazonka/MediaConnect/UpdateFlowMediaStream.hs:137:152: warning: [GHC-02256] [-Wambiguous-fields]
    The record update s {mediaStreamType = a} with type UpdateFlowMediaStream is ambiguous.
    This will not be supported by -XDuplicateRecordFields in future releases of GHC.
    |
137 | updateFlowMediaStream_mediaStreamType = Lens.lens (\UpdateFlowMediaStream' {mediaStreamType} -> mediaStreamType) (\s@UpdateFlowMediaStream' {} a -> s {mediaStreamType = a} :: UpdateFlowMediaStream)
    |                                                                                                                                                        ^^^^^^^^^^^^^^^^^^^

gen/Amazonka/MediaConnect/UpdateFlowMediaStream.hs:141:140: warning: [GHC-02256] [-Wambiguous-fields]
    The record update s {videoFormat = a} with type UpdateFlowMediaStream is ambiguous.
    This will not be supported by -XDuplicateRecordFields in future releases of GHC.
    |
141 | updateFlowMediaStream_videoFormat = Lens.lens (\UpdateFlowMediaStream' {videoFormat} -> videoFormat) (\s@UpdateFlowMediaStream' {} a -> s {videoFormat = a} :: UpdateFlowMediaStream)
    |                                                                                                                                            ^^^^^^^^^^^^^^^

gen/Amazonka/MediaConnect/UpdateFlowMediaStream.hs:145:128: warning: [GHC-02256] [-Wambiguous-fields]
    The record update s {flowArn = a} with type UpdateFlowMediaStream is ambiguous.
    This will not be supported by -XDuplicateRecordFields in future releases of GHC.
    |
145 | updateFlowMediaStream_flowArn = Lens.lens (\UpdateFlowMediaStream' {flowArn} -> flowArn) (\s@UpdateFlowMediaStream' {} a -> s {flowArn = a} :: UpdateFlowMediaStream)
    |                                                                                                                                ^^^^^^^^^^^

gen/Amazonka/MediaConnect/UpdateFlowMediaStream.hs:149:152: warning: [GHC-02256] [-Wambiguous-fields]
    The record update s {mediaStreamName = a} with type UpdateFlowMediaStream is ambiguous.
    This will not be supported by -XDuplicateRecordFields in future releases of GHC.
    |
149 | updateFlowMediaStream_mediaStreamName = Lens.lens (\UpdateFlowMediaStream' {mediaStreamName} -> mediaStreamName) (\s@UpdateFlowMediaStream' {} a -> s {mediaStreamName = a} :: UpdateFlowMediaStream)
    |                                                                                                                                                        ^^^^^^^^^^^^^^^^^^^

gen/Amazonka/MediaConnect/UpdateFlowMediaStream.hs:264:152: warning: [GHC-02256] [-Wambiguous-fields]
    The record update s {flowArn = a} with type UpdateFlowMediaStreamResponse is ambiguous.
    This will not be supported by -XDuplicateRecordFields in future releases of GHC.
    |
264 | updateFlowMediaStreamResponse_flowArn = Lens.lens (\UpdateFlowMediaStreamResponse' {flowArn} -> flowArn) (\s@UpdateFlowMediaStreamResponse' {} a -> s {flowArn = a} :: UpdateFlowMediaStreamResponse)
    |                                                                                                                                                        ^^^^^^^^^^^
[94 of 98] Compiling Amazonka.MediaConnect.UpdateFlowOutput

gen/Amazonka/MediaConnect/UpdateFlowOutput.hs:208:131: warning: [GHC-02256] [-Wambiguous-fields]
    The record update s {cidrAllowList = a} with type UpdateFlowOutput is ambiguous.
    This will not be supported by -XDuplicateRecordFields in future releases of GHC.
    |
208 | updateFlowOutput_cidrAllowList = Lens.lens (\UpdateFlowOutput' {cidrAllowList} -> cidrAllowList) (\s@UpdateFlowOutput' {} a -> s {cidrAllowList = a} :: UpdateFlowOutput) Prelude.. Lens.mapping Lens.coerced
    |                                                                                                                                   ^^^^^^^^^^^^^^^^^

gen/Amazonka/MediaConnect/UpdateFlowOutput.hs:213:125: warning: [GHC-02256] [-Wambiguous-fields]
    The record update s {description = a} with type UpdateFlowOutput is ambiguous.
    This will not be supported by -XDuplicateRecordFields in future releases of GHC.
    |
213 | updateFlowOutput_description = Lens.lens (\UpdateFlowOutput' {description} -> description) (\s@UpdateFlowOutput' {} a -> s {description = a} :: UpdateFlowOutput)
    |                                                                                                                             ^^^^^^^^^^^^^^^

gen/Amazonka/MediaConnect/UpdateFlowOutput.hs:217:125: warning: [GHC-02256] [-Wambiguous-fields]
    The record update s {destination = a} with type UpdateFlowOutput is ambiguous.
    This will not be supported by -XDuplicateRecordFields in future releases of GHC.
    |
217 | updateFlowOutput_destination = Lens.lens (\UpdateFlowOutput' {destination} -> destination) (\s@UpdateFlowOutput' {} a -> s {destination = a} :: UpdateFlowOutput)
    |                                                                                                                             ^^^^^^^^^^^^^^^

gen/Amazonka/MediaConnect/UpdateFlowOutput.hs:222:122: warning: [GHC-02256] [-Wambiguous-fields]
    The record update s {encryption = a} with type UpdateFlowOutput is ambiguous.
    This will not be supported by -XDuplicateRecordFields in future releases of GHC.
    |
222 | updateFlowOutput_encryption = Lens.lens (\UpdateFlowOutput' {encryption} -> encryption) (\s@UpdateFlowOutput' {} a -> s {encryption = a} :: UpdateFlowOutput)
    |                                                                                                                          ^^^^^^^^^^^^^^

gen/Amazonka/MediaConnect/UpdateFlowOutput.hs:227:122: warning: [GHC-02256] [-Wambiguous-fields]
    The record update s {maxLatency = a} with type UpdateFlowOutput is ambiguous.
    This will not be supported by -XDuplicateRecordFields in future releases of GHC.
    |
227 | updateFlowOutput_maxLatency = Lens.lens (\UpdateFlowOutput' {maxLatency} -> maxLatency) (\s@UpdateFlowOutput' {} a -> s {maxLatency = a} :: UpdateFlowOutput)
    |                                                                                                                          ^^^^^^^^^^^^^^

gen/Amazonka/MediaConnect/UpdateFlowOutput.hs:232:185: warning: [GHC-02256] [-Wambiguous-fields]
    The record update s {mediaStreamOutputConfigurations = a} with type UpdateFlowOutput is ambiguous.
    This will not be supported by -XDuplicateRecordFields in future releases of GHC.
    |
232 | updateFlowOutput_mediaStreamOutputConfigurations = Lens.lens (\UpdateFlowOutput' {mediaStreamOutputConfigurations} -> mediaStreamOutputConfigurations) (\s@UpdateFlowOutput' {} a -> s {mediaStreamOutputConfigurations = a} :: UpdateFlowOutput) Prelude.. Lens.mapping Lens.coerced
    |                                                                                                                                                                                         ^^^^^^^^^^^^^^^^^^^^^^^^^^^^^^^^^^^

gen/Amazonka/MediaConnect/UpdateFlowOutput.hs:240:122: warning: [GHC-02256] [-Wambiguous-fields]
    The record update s {minLatency = a} with type UpdateFlowOutput is ambiguous.
    This will not be supported by -XDuplicateRecordFields in future releases of GHC.
    |
240 | updateFlowOutput_minLatency = Lens.lens (\UpdateFlowOutput' {minLatency} -> minLatency) (\s@UpdateFlowOutput' {} a -> s {minLatency = a} :: UpdateFlowOutput)
    |                                                                                                                          ^^^^^^^^^^^^^^

gen/Amazonka/MediaConnect/UpdateFlowOutput.hs:244:104: warning: [GHC-02256] [-Wambiguous-fields]
    The record update s {port = a} with type UpdateFlowOutput is ambiguous.
    This will not be supported by -XDuplicateRecordFields in future releases of GHC.
    |
244 | updateFlowOutput_port = Lens.lens (\UpdateFlowOutput' {port} -> port) (\s@UpdateFlowOutput' {} a -> s {port = a} :: UpdateFlowOutput)
    |                                                                                                        ^^^^^^^^

gen/Amazonka/MediaConnect/UpdateFlowOutput.hs:248:116: warning: [GHC-02256] [-Wambiguous-fields]
    The record update s {protocol = a} with type UpdateFlowOutput is ambiguous.
    This will not be supported by -XDuplicateRecordFields in future releases of GHC.
    |
248 | updateFlowOutput_protocol = Lens.lens (\UpdateFlowOutput' {protocol} -> protocol) (\s@UpdateFlowOutput' {} a -> s {protocol = a} :: UpdateFlowOutput)
    |                                                                                                                    ^^^^^^^^^^^^

gen/Amazonka/MediaConnect/UpdateFlowOutput.hs:252:116: warning: [GHC-02256] [-Wambiguous-fields]
    The record update s {remoteId = a} with type UpdateFlowOutput is ambiguous.
    This will not be supported by -XDuplicateRecordFields in future releases of GHC.
    |
252 | updateFlowOutput_remoteId = Lens.lens (\UpdateFlowOutput' {remoteId} -> remoteId) (\s@UpdateFlowOutput' {} a -> s {remoteId = a} :: UpdateFlowOutput)
    |                                                                                                                    ^^^^^^^^^^^^

gen/Amazonka/MediaConnect/UpdateFlowOutput.hs:257:143: warning: [GHC-02256] [-Wambiguous-fields]
    The record update s {senderControlPort = a} with type UpdateFlowOutput is ambiguous.
    This will not be supported by -XDuplicateRecordFields in future releases of GHC.
    |
257 | updateFlowOutput_senderControlPort = Lens.lens (\UpdateFlowOutput' {senderControlPort} -> senderControlPort) (\s@UpdateFlowOutput' {} a -> s {senderControlPort = a} :: UpdateFlowOutput)
    |                                                                                                                                               ^^^^^^^^^^^^^^^^^^^^^

gen/Amazonka/MediaConnect/UpdateFlowOutput.hs:262:137: warning: [GHC-02256] [-Wambiguous-fields]
    The record update s {senderIpAddress = a} with type UpdateFlowOutput is ambiguous.
    This will not be supported by -XDuplicateRecordFields in future releases of GHC.
    |
262 | updateFlowOutput_senderIpAddress = Lens.lens (\UpdateFlowOutput' {senderIpAddress} -> senderIpAddress) (\s@UpdateFlowOutput' {} a -> s {senderIpAddress = a} :: UpdateFlowOutput)
    |                                                                                                                                         ^^^^^^^^^^^^^^^^^^^

gen/Amazonka/MediaConnect/UpdateFlowOutput.hs:267:140: warning: [GHC-02256] [-Wambiguous-fields]
    The record update s {smoothingLatency = a} with type UpdateFlowOutput is ambiguous.
    This will not be supported by -XDuplicateRecordFields in future releases of GHC.
    |
267 | updateFlowOutput_smoothingLatency = Lens.lens (\UpdateFlowOutput' {smoothingLatency} -> smoothingLatency) (\s@UpdateFlowOutput' {} a -> s {smoothingLatency = a} :: UpdateFlowOutput)
    |                                                                                                                                            ^^^^^^^^^^^^^^^^^^^^

gen/Amazonka/MediaConnect/UpdateFlowOutput.hs:272:116: warning: [GHC-02256] [-Wambiguous-fields]
    The record update s {streamId = a} with type UpdateFlowOutput is ambiguous.
    This will not be supported by -XDuplicateRecordFields in future releases of GHC.
    |
272 | updateFlowOutput_streamId = Lens.lens (\UpdateFlowOutput' {streamId} -> streamId) (\s@UpdateFlowOutput' {} a -> s {streamId = a} :: UpdateFlowOutput)
    |                                                                                                                    ^^^^^^^^^^^^

gen/Amazonka/MediaConnect/UpdateFlowOutput.hs:276:158: warning: [GHC-02256] [-Wambiguous-fields]
    The record update s {vpcInterfaceAttachment = a} with type UpdateFlowOutput is ambiguous.
    This will not be supported by -XDuplicateRecordFields in future releases of GHC.
    |
276 | updateFlowOutput_vpcInterfaceAttachment = Lens.lens (\UpdateFlowOutput' {vpcInterfaceAttachment} -> vpcInterfaceAttachment) (\s@UpdateFlowOutput' {} a -> s {vpcInterfaceAttachment = a} :: UpdateFlowOutput)
    |                                                                                                                                                              ^^^^^^^^^^^^^^^^^^^^^^^^^^

gen/Amazonka/MediaConnect/UpdateFlowOutput.hs:280:113: warning: [GHC-02256] [-Wambiguous-fields]
    The record update s {flowArn = a} with type UpdateFlowOutput is ambiguous.
    This will not be supported by -XDuplicateRecordFields in future releases of GHC.
    |
280 | updateFlowOutput_flowArn = Lens.lens (\UpdateFlowOutput' {flowArn} -> flowArn) (\s@UpdateFlowOutput' {} a -> s {flowArn = a} :: UpdateFlowOutput)
    |                                                                                                                 ^^^^^^^^^^^

gen/Amazonka/MediaConnect/UpdateFlowOutput.hs:284:119: warning: [GHC-02256] [-Wambiguous-fields]
    The record update s {outputArn = a} with type UpdateFlowOutput is ambiguous.
    This will not be supported by -XDuplicateRecordFields in future releases of GHC.
    |
284 | updateFlowOutput_outputArn = Lens.lens (\UpdateFlowOutput' {outputArn} -> outputArn) (\s@UpdateFlowOutput' {} a -> s {outputArn = a} :: UpdateFlowOutput)
    |                                                                                                                       ^^^^^^^^^^^^^

gen/Amazonka/MediaConnect/UpdateFlowOutput.hs:430:137: warning: [GHC-02256] [-Wambiguous-fields]
    The record update s {flowArn = a} with type UpdateFlowOutputResponse is ambiguous.
    This will not be supported by -XDuplicateRecordFields in future releases of GHC.
    |
430 | updateFlowOutputResponse_flowArn = Lens.lens (\UpdateFlowOutputResponse' {flowArn} -> flowArn) (\s@UpdateFlowOutputResponse' {} a -> s {flowArn = a} :: UpdateFlowOutputResponse)
    |                                                                                                                                         ^^^^^^^^^^^
[95 of 98] Compiling Amazonka.MediaConnect.UpdateFlowSource

gen/Amazonka/MediaConnect/UpdateFlowSource.hs:220:122: warning: [GHC-02256] [-Wambiguous-fields]
    The record update s {decryption = a} with type UpdateFlowSource is ambiguous.
    This will not be supported by -XDuplicateRecordFields in future releases of GHC.
    |
220 | updateFlowSource_decryption = Lens.lens (\UpdateFlowSource' {decryption} -> decryption) (\s@UpdateFlowSource' {} a -> s {decryption = a} :: UpdateFlowSource)
    |                                                                                                                          ^^^^^^^^^^^^^^

gen/Amazonka/MediaConnect/UpdateFlowSource.hs:225:125: warning: [GHC-02256] [-Wambiguous-fields]
    The record update s {description = a} with type UpdateFlowSource is ambiguous.
    This will not be supported by -XDuplicateRecordFields in future releases of GHC.
    |
225 | updateFlowSource_description = Lens.lens (\UpdateFlowSource' {description} -> description) (\s@UpdateFlowSource' {} a -> s {description = a} :: UpdateFlowSource)
    |                                                                                                                             ^^^^^^^^^^^^^^^

gen/Amazonka/MediaConnect/UpdateFlowSource.hs:231:134: warning: [GHC-02256] [-Wambiguous-fields]
    The record update s {entitlementArn = a} with type UpdateFlowSource is ambiguous.
    This will not be supported by -XDuplicateRecordFields in future releases of GHC.
    |
231 | updateFlowSource_entitlementArn = Lens.lens (\UpdateFlowSource' {entitlementArn} -> entitlementArn) (\s@UpdateFlowSource' {} a -> s {entitlementArn = a} :: UpdateFlowSource)
    |                                                                                                                                      ^^^^^^^^^^^^^^^^^^

gen/Amazonka/MediaConnect/UpdateFlowSource.hs:235:122: warning: [GHC-02256] [-Wambiguous-fields]
    The record update s {ingestPort = a} with type UpdateFlowSource is ambiguous.
    This will not be supported by -XDuplicateRecordFields in future releases of GHC.
    |
235 | updateFlowSource_ingestPort = Lens.lens (\UpdateFlowSource' {ingestPort} -> ingestPort) (\s@UpdateFlowSource' {} a -> s {ingestPort = a} :: UpdateFlowSource)
    |                                                                                                                          ^^^^^^^^^^^^^^

gen/Amazonka/MediaConnect/UpdateFlowSource.hs:239:122: warning: [GHC-02256] [-Wambiguous-fields]
    The record update s {maxBitrate = a} with type UpdateFlowSource is ambiguous.
    This will not be supported by -XDuplicateRecordFields in future releases of GHC.
    |
239 | updateFlowSource_maxBitrate = Lens.lens (\UpdateFlowSource' {maxBitrate} -> maxBitrate) (\s@UpdateFlowSource' {} a -> s {maxBitrate = a} :: UpdateFlowSource)
    |                                                                                                                          ^^^^^^^^^^^^^^

gen/Amazonka/MediaConnect/UpdateFlowSource.hs:244:122: warning: [GHC-02256] [-Wambiguous-fields]
    The record update s {maxLatency = a} with type UpdateFlowSource is ambiguous.
    This will not be supported by -XDuplicateRecordFields in future releases of GHC.
    |
244 | updateFlowSource_maxLatency = Lens.lens (\UpdateFlowSource' {maxLatency} -> maxLatency) (\s@UpdateFlowSource' {} a -> s {maxLatency = a} :: UpdateFlowSource)
    |                                                                                                                          ^^^^^^^^^^^^^^

gen/Amazonka/MediaConnect/UpdateFlowSource.hs:249:131: warning: [GHC-02256] [-Wambiguous-fields]
    The record update s {maxSyncBuffer = a} with type UpdateFlowSource is ambiguous.
    This will not be supported by -XDuplicateRecordFields in future releases of GHC.
    |
249 | updateFlowSource_maxSyncBuffer = Lens.lens (\UpdateFlowSource' {maxSyncBuffer} -> maxSyncBuffer) (\s@UpdateFlowSource' {} a -> s {maxSyncBuffer = a} :: UpdateFlowSource)
    |                                                                                                                                   ^^^^^^^^^^^^^^^^^

gen/Amazonka/MediaConnect/UpdateFlowSource.hs:254:185: warning: [GHC-02256] [-Wambiguous-fields]
    The record update s {mediaStreamSourceConfigurations = a} with type UpdateFlowSource is ambiguous.
    This will not be supported by -XDuplicateRecordFields in future releases of GHC.
    |
254 | updateFlowSource_mediaStreamSourceConfigurations = Lens.lens (\UpdateFlowSource' {mediaStreamSourceConfigurations} -> mediaStreamSourceConfigurations) (\s@UpdateFlowSource' {} a -> s {mediaStreamSourceConfigurations = a} :: UpdateFlowSource) Prelude.. Lens.mapping Lens.coerced
    |                                                                                                                                                                                         ^^^^^^^^^^^^^^^^^^^^^^^^^^^^^^^^^^^

gen/Amazonka/MediaConnect/UpdateFlowSource.hs:262:122: warning: [GHC-02256] [-Wambiguous-fields]
    The record update s {minLatency = a} with type UpdateFlowSource is ambiguous.
    This will not be supported by -XDuplicateRecordFields in future releases of GHC.
    |
262 | updateFlowSource_minLatency = Lens.lens (\UpdateFlowSource' {minLatency} -> minLatency) (\s@UpdateFlowSource' {} a -> s {minLatency = a} :: UpdateFlowSource)
    |                                                                                                                          ^^^^^^^^^^^^^^

gen/Amazonka/MediaConnect/UpdateFlowSource.hs:266:116: warning: [GHC-02256] [-Wambiguous-fields]
    The record update s {protocol = a} with type UpdateFlowSource is ambiguous.
    This will not be supported by -XDuplicateRecordFields in future releases of GHC.
    |
266 | updateFlowSource_protocol = Lens.lens (\UpdateFlowSource' {protocol} -> protocol) (\s@UpdateFlowSource' {} a -> s {protocol = a} :: UpdateFlowSource)
    |                                                                                                                    ^^^^^^^^^^^^

gen/Amazonka/MediaConnect/UpdateFlowSource.hs:271:143: warning: [GHC-02256] [-Wambiguous-fields]
    The record update s {senderControlPort = a} with type UpdateFlowSource is ambiguous.
    This will not be supported by -XDuplicateRecordFields in future releases of GHC.
    |
271 | updateFlowSource_senderControlPort = Lens.lens (\UpdateFlowSource' {senderControlPort} -> senderControlPort) (\s@UpdateFlowSource' {} a -> s {senderControlPort = a} :: UpdateFlowSource)
    |                                                                                                                                               ^^^^^^^^^^^^^^^^^^^^^

gen/Amazonka/MediaConnect/UpdateFlowSource.hs:276:137: warning: [GHC-02256] [-Wambiguous-fields]
    The record update s {senderIpAddress = a} with type UpdateFlowSource is ambiguous.
    This will not be supported by -XDuplicateRecordFields in future releases of GHC.
    |
276 | updateFlowSource_senderIpAddress = Lens.lens (\UpdateFlowSource' {senderIpAddress} -> senderIpAddress) (\s@UpdateFlowSource' {} a -> s {senderIpAddress = a} :: UpdateFlowSource)
    |                                                                                                                                         ^^^^^^^^^^^^^^^^^^^

gen/Amazonka/MediaConnect/UpdateFlowSource.hs:280:155: warning: [GHC-02256] [-Wambiguous-fields]
    The record update s {sourceListenerAddress = a} with type UpdateFlowSource is ambiguous.
    This will not be supported by -XDuplicateRecordFields in future releases of GHC.
    |
280 | updateFlowSource_sourceListenerAddress = Lens.lens (\UpdateFlowSource' {sourceListenerAddress} -> sourceListenerAddress) (\s@UpdateFlowSource' {} a -> s {sourceListenerAddress = a} :: UpdateFlowSource)
    |                                                                                                                                                           ^^^^^^^^^^^^^^^^^^^^^^^^^

gen/Amazonka/MediaConnect/UpdateFlowSource.hs:284:146: warning: [GHC-02256] [-Wambiguous-fields]
    The record update s {sourceListenerPort = a} with type UpdateFlowSource is ambiguous.
    This will not be supported by -XDuplicateRecordFields in future releases of GHC.
    |
284 | updateFlowSource_sourceListenerPort = Lens.lens (\UpdateFlowSource' {sourceListenerPort} -> sourceListenerPort) (\s@UpdateFlowSource' {} a -> s {sourceListenerPort = a} :: UpdateFlowSource)
    |                                                                                                                                                  ^^^^^^^^^^^^^^^^^^^^^^

gen/Amazonka/MediaConnect/UpdateFlowSource.hs:289:116: warning: [GHC-02256] [-Wambiguous-fields]
    The record update s {streamId = a} with type UpdateFlowSource is ambiguous.
    This will not be supported by -XDuplicateRecordFields in future releases of GHC.
    |
289 | updateFlowSource_streamId = Lens.lens (\UpdateFlowSource' {streamId} -> streamId) (\s@UpdateFlowSource' {} a -> s {streamId = a} :: UpdateFlowSource)
    |                                                                                                                    ^^^^^^^^^^^^

gen/Amazonka/MediaConnect/UpdateFlowSource.hs:293:140: warning: [GHC-02256] [-Wambiguous-fields]
    The record update s {vpcInterfaceName = a} with type UpdateFlowSource is ambiguous.
    This will not be supported by -XDuplicateRecordFields in future releases of GHC.
    |
293 | updateFlowSource_vpcInterfaceName = Lens.lens (\UpdateFlowSource' {vpcInterfaceName} -> vpcInterfaceName) (\s@UpdateFlowSource' {} a -> s {vpcInterfaceName = a} :: UpdateFlowSource)
    |                                                                                                                                            ^^^^^^^^^^^^^^^^^^^^

gen/Amazonka/MediaConnect/UpdateFlowSource.hs:299:131: warning: [GHC-02256] [-Wambiguous-fields]
    The record update s {whitelistCidr = a} with type UpdateFlowSource is ambiguous.
    This will not be supported by -XDuplicateRecordFields in future releases of GHC.
    |
299 | updateFlowSource_whitelistCidr = Lens.lens (\UpdateFlowSource' {whitelistCidr} -> whitelistCidr) (\s@UpdateFlowSource' {} a -> s {whitelistCidr = a} :: UpdateFlowSource)
    |                                                                                                                                   ^^^^^^^^^^^^^^^^^

gen/Amazonka/MediaConnect/UpdateFlowSource.hs:303:113: warning: [GHC-02256] [-Wambiguous-fields]
    The record update s {flowArn = a} with type UpdateFlowSource is ambiguous.
    This will not be supported by -XDuplicateRecordFields in future releases of GHC.
    |
303 | updateFlowSource_flowArn = Lens.lens (\UpdateFlowSource' {flowArn} -> flowArn) (\s@UpdateFlowSource' {} a -> s {flowArn = a} :: UpdateFlowSource)
    |                                                                                                                 ^^^^^^^^^^^

gen/Amazonka/MediaConnect/UpdateFlowSource.hs:307:119: warning: [GHC-02256] [-Wambiguous-fields]
    The record update s {sourceArn = a} with type UpdateFlowSource is ambiguous.
    This will not be supported by -XDuplicateRecordFields in future releases of GHC.
    |
307 | updateFlowSource_sourceArn = Lens.lens (\UpdateFlowSource' {sourceArn} -> sourceArn) (\s@UpdateFlowSource' {} a -> s {sourceArn = a} :: UpdateFlowSource)
    |                                                                                                                       ^^^^^^^^^^^^^

gen/Amazonka/MediaConnect/UpdateFlowSource.hs:461:137: warning: [GHC-02256] [-Wambiguous-fields]
    The record update s {flowArn = a} with type UpdateFlowSourceResponse is ambiguous.
    This will not be supported by -XDuplicateRecordFields in future releases of GHC.
    |
461 | updateFlowSourceResponse_flowArn = Lens.lens (\UpdateFlowSourceResponse' {flowArn} -> flowArn) (\s@UpdateFlowSourceResponse' {} a -> s {flowArn = a} :: UpdateFlowSourceResponse)
    |                                                                                                                                         ^^^^^^^^^^^

gen/Amazonka/MediaConnect/UpdateFlowSource.hs:465:134: warning: [GHC-02256] [-Wambiguous-fields]
    The record update s {source = a} with type UpdateFlowSourceResponse is ambiguous.
    This will not be supported by -XDuplicateRecordFields in future releases of GHC.
    |
465 | updateFlowSourceResponse_source = Lens.lens (\UpdateFlowSourceResponse' {source} -> source) (\s@UpdateFlowSourceResponse' {} a -> s {source = a} :: UpdateFlowSourceResponse)
    |                                                                                                                                      ^^^^^^^^^^
[96 of 98] Compiling Amazonka.MediaConnect.Lens
[97 of 98] Compiling Amazonka.MediaConnect.Waiters
[98 of 98] Compiling Amazonka.MediaConnect
Configuring test suite 'amazonka-mediaconnect-test' for amazonka-mediaconnect-2.0...
Preprocessing test suite 'amazonka-mediaconnect-test' for amazonka-mediaconnect-2.0...
Building test suite 'amazonka-mediaconnect-test' for amazonka-mediaconnect-2.0...
[1 of 4] Compiling Test.Amazonka.MediaConnect
[2 of 4] Compiling Test.Amazonka.MediaConnect.Internal
[3 of 4] Compiling Test.Amazonka.Gen.MediaConnect
[4 of 4] Compiling Main
[5 of 5] Linking /tmp/workdir-amazonka-mediaconnect/amazonka-mediaconnect-2.0/dist-newstyle/build/x86_64-linux/ghc-9.6.6/amazonka-mediaconnect-2.0/t/amazonka-mediaconnect-test/build/amazonka-mediaconnect-test/amazonka-mediaconnect-test
