Build profile: -w ghc-9.6.6 -O1
In order, the following will be built (use -v for more details):
 - cereal-0.5.8.3 (lib) (first run)
 - cereal-0.5.8.3 (test:test-cereal) (first run)
Configuring library for cereal-0.5.8.3...
Preprocessing library for cereal-0.5.8.3...
Building library for cereal-0.5.8.3...
[1 of 4] Compiling Data.Serialize.Get
[2 of 4] Compiling Data.Serialize.Put
[3 of 4] Compiling Data.Serialize.IEEE754
[4 of 4] Compiling Data.Serialize

src/Data/Serialize.hs:702:22: warning: [GHC-39567] [-Wstar-is-type]
    Using ‘*’ (or its Unicode variant) to mean ‘Data.Kind.Type’
    relies on the StarIsType extension, which will become
    deprecated in the future.
    Suggested fix: Use ‘Type’ from ‘Data.Kind’ instead.
    |
702 | newtype Tagged (s :: * -> *) b = Tagged {unTagged :: b}
    |                      ^

src/Data/Serialize.hs:702:27: warning: [GHC-39567] [-Wstar-is-type]
    Using ‘*’ (or its Unicode variant) to mean ‘Data.Kind.Type’
    relies on the StarIsType extension, which will become
    deprecated in the future.
    Suggested fix: Use ‘Type’ from ‘Data.Kind’ instead.
    |
702 | newtype Tagged (s :: * -> *) b = Tagged {unTagged :: b}
    |                           ^
Configuring test suite 'test-cereal' for cereal-0.5.8.3...
Preprocessing test suite 'test-cereal' for cereal-0.5.8.3...
Building test suite 'test-cereal' for cereal-0.5.8.3...
[1 of 3] Compiling GetTests
[2 of 3] Compiling RoundTrip
[3 of 3] Compiling Main
[4 of 4] Linking /tmp/workdir-cereal/cereal-0.5.8.3/dist-newstyle/build/x86_64-linux/ghc-9.6.6/cereal-0.5.8.3/t/test-cereal/build/test-cereal/test-cereal
