Build profile: -w ghc-9.6.6 -O1
In order, the following will be built (use -v for more details):
 - htaglib-1.2.1 (lib) (first run)
 - htaglib-1.2.1 (test:tests) (first run)
Configuring library for htaglib-1.2.1...
Preprocessing library for htaglib-1.2.1...
Building library for htaglib-1.2.1...
[1 of 5] Compiling Sound.HTagLib.Type
[2 of 5] Compiling Sound.HTagLib.Internal
[3 of 5] Compiling Sound.HTagLib.Setter
[4 of 5] Compiling Sound.HTagLib.Getter
[5 of 5] Compiling Sound.HTagLib
Configuring test suite 'tests' for htaglib-1.2.1...
Preprocessing test suite 'tests' for htaglib-1.2.1...
Building test suite 'tests' for htaglib-1.2.1...
[1 of 4] Compiling Sound.HTagLib.Test.Util
[2 of 4] Compiling Sound.HTagLib.SetterSpec
[3 of 4] Compiling Sound.HTagLib.GetterSpec
[4 of 4] Compiling Main
[5 of 5] Linking /tmp/workdir-htaglib/htaglib-1.2.1/dist-newstyle/build/x86_64-linux/ghc-9.6.6/htaglib-1.2.1/t/tests/build/tests/tests
