Build profile: -w ghc-9.6.6 -O1
In order, the following will be built (use -v for more details):
 - yaml-unscrambler-0.1.0.19 (lib) (first run)
 - yaml-unscrambler-0.1.0.19 (test:test) (first run)
Configuring library for yaml-unscrambler-0.1.0.19...
Preprocessing library for yaml-unscrambler-0.1.0.19...
Building library for yaml-unscrambler-0.1.0.19...
[ 1 of 15] Compiling YamlUnscrambler.Prelude
[ 2 of 15] Compiling YamlUnscrambler.Model
[ 3 of 15] Compiling YamlUnscrambler.AsciiAtto
[ 4 of 15] Compiling YamlUnscrambler.Util.HashMap
[ 5 of 15] Compiling YamlUnscrambler.Util.List
[ 6 of 15] Compiling YamlUnscrambler.Util.Maybe
[ 7 of 15] Compiling YamlUnscrambler.Expectations
[ 8 of 15] Compiling YamlUnscrambler.Err
[ 9 of 15] Compiling YamlUnscrambler.CompactErrRendering
[10 of 15] Compiling YamlUnscrambler.Util.Text
[11 of 15] Compiling YamlUnscrambler.Util.Vector
[12 of 15] Compiling YamlUnscrambler.Util.Word8
[13 of 15] Compiling YamlUnscrambler.Util.ByteString
[14 of 15] Compiling YamlUnscrambler.Util.Yaml
[15 of 15] Compiling YamlUnscrambler
Configuring test suite 'test' for yaml-unscrambler-0.1.0.19...
Preprocessing test suite 'test' for yaml-unscrambler-0.1.0.19...
Building test suite 'test' for yaml-unscrambler-0.1.0.19...
[1 of 1] Compiling Main
[2 of 2] Linking /tmp/workdir-yaml-unscrambler/yaml-unscrambler-0.1.0.19/dist-newstyle/build/x86_64-linux/ghc-9.6.6/yaml-unscrambler-0.1.0.19/t/test/build/test/test
