Build profile: -w ghc-9.6.6 -O1
In order, the following will be built (use -v for more details):
 - amazonka-ecr-public-2.0 (lib) (first run)
 - amazonka-ecr-public-2.0 (test:amazonka-ecr-public-test) (first run)
Configuring library for amazonka-ecr-public-2.0...
Preprocessing library for amazonka-ecr-public-2.0...
Building library for amazonka-ecr-public-2.0...
[ 1 of 47] Compiling Amazonka.ECRPublic.Types.AuthorizationData
[ 2 of 47] Compiling Amazonka.ECRPublic.Types.ImageDetail
[ 3 of 47] Compiling Amazonka.ECRPublic.Types.ImageFailureCode
[ 4 of 47] Compiling Amazonka.ECRPublic.Types.ImageIdentifier
[ 5 of 47] Compiling Amazonka.ECRPublic.Types.ImageFailure
[ 6 of 47] Compiling Amazonka.ECRPublic.Types.Image
[ 7 of 47] Compiling Amazonka.ECRPublic.Types.LayerAvailability
[ 8 of 47] Compiling Amazonka.ECRPublic.Types.Layer
[ 9 of 47] Compiling Amazonka.ECRPublic.Types.LayerFailureCode
[10 of 47] Compiling Amazonka.ECRPublic.Types.LayerFailure
[11 of 47] Compiling Amazonka.ECRPublic.Types.ReferencedImageDetail
[12 of 47] Compiling Amazonka.ECRPublic.Types.ImageTagDetail
[13 of 47] Compiling Amazonka.ECRPublic.Types.RegistryAliasStatus
[14 of 47] Compiling Amazonka.ECRPublic.Types.RegistryAlias
[15 of 47] Compiling Amazonka.ECRPublic.Types.Registry
[16 of 47] Compiling Amazonka.ECRPublic.Types.RegistryCatalogData
[17 of 47] Compiling Amazonka.ECRPublic.Types.Repository
[18 of 47] Compiling Amazonka.ECRPublic.Types.RepositoryCatalogData
[19 of 47] Compiling Amazonka.ECRPublic.Types.RepositoryCatalogDataInput
[20 of 47] Compiling Amazonka.ECRPublic.Types.Tag
[21 of 47] Compiling Amazonka.ECRPublic.Types
[22 of 47] Compiling Amazonka.ECRPublic.TagResource
[23 of 47] Compiling Amazonka.ECRPublic.SetRepositoryPolicy

gen/Amazonka/ECRPublic/SetRepositoryPolicy.hs:127:131: warning: [GHC-02256] [-Wambiguous-fields]
    The record update s {registryId = a} with type SetRepositoryPolicy is ambiguous.
    This will not be supported by -XDuplicateRecordFields in future releases of GHC.
    |
127 | setRepositoryPolicy_registryId = Lens.lens (\SetRepositoryPolicy' {registryId} -> registryId) (\s@SetRepositoryPolicy' {} a -> s {registryId = a} :: SetRepositoryPolicy)
    |                                                                                                                                   ^^^^^^^^^^^^^^

gen/Amazonka/ECRPublic/SetRepositoryPolicy.hs:131:143: warning: [GHC-02256] [-Wambiguous-fields]
    The record update s {repositoryName = a} with type SetRepositoryPolicy is ambiguous.
    This will not be supported by -XDuplicateRecordFields in future releases of GHC.
    |
131 | setRepositoryPolicy_repositoryName = Lens.lens (\SetRepositoryPolicy' {repositoryName} -> repositoryName) (\s@SetRepositoryPolicy' {} a -> s {repositoryName = a} :: SetRepositoryPolicy)
    |                                                                                                                                               ^^^^^^^^^^^^^^^^^^

gen/Amazonka/ECRPublic/SetRepositoryPolicy.hs:138:131: warning: [GHC-02256] [-Wambiguous-fields]
    The record update s {policyText = a} with type SetRepositoryPolicy is ambiguous.
    This will not be supported by -XDuplicateRecordFields in future releases of GHC.
    |
138 | setRepositoryPolicy_policyText = Lens.lens (\SetRepositoryPolicy' {policyText} -> policyText) (\s@SetRepositoryPolicy' {} a -> s {policyText = a} :: SetRepositoryPolicy)
    |                                                                                                                                   ^^^^^^^^^^^^^^

gen/Amazonka/ECRPublic/SetRepositoryPolicy.hs:247:155: warning: [GHC-02256] [-Wambiguous-fields]
    The record update s {policyText = a} with type SetRepositoryPolicyResponse is ambiguous.
    This will not be supported by -XDuplicateRecordFields in future releases of GHC.
    |
247 | setRepositoryPolicyResponse_policyText = Lens.lens (\SetRepositoryPolicyResponse' {policyText} -> policyText) (\s@SetRepositoryPolicyResponse' {} a -> s {policyText = a} :: SetRepositoryPolicyResponse)
    |                                                                                                                                                           ^^^^^^^^^^^^^^

gen/Amazonka/ECRPublic/SetRepositoryPolicy.hs:251:155: warning: [GHC-02256] [-Wambiguous-fields]
    The record update s {registryId = a} with type SetRepositoryPolicyResponse is ambiguous.
    This will not be supported by -XDuplicateRecordFields in future releases of GHC.
    |
251 | setRepositoryPolicyResponse_registryId = Lens.lens (\SetRepositoryPolicyResponse' {registryId} -> registryId) (\s@SetRepositoryPolicyResponse' {} a -> s {registryId = a} :: SetRepositoryPolicyResponse)
    |                                                                                                                                                           ^^^^^^^^^^^^^^

gen/Amazonka/ECRPublic/SetRepositoryPolicy.hs:255:167: warning: [GHC-02256] [-Wambiguous-fields]
    The record update s {repositoryName = a} with type SetRepositoryPolicyResponse is ambiguous.
    This will not be supported by -XDuplicateRecordFields in future releases of GHC.
    |
255 | setRepositoryPolicyResponse_repositoryName = Lens.lens (\SetRepositoryPolicyResponse' {repositoryName} -> repositoryName) (\s@SetRepositoryPolicyResponse' {} a -> s {repositoryName = a} :: SetRepositoryPolicyResponse)
    |                                                                                                                                                                       ^^^^^^^^^^^^^^^^^^
[24 of 47] Compiling Amazonka.ECRPublic.PutRepositoryCatalogData

gen/Amazonka/ECRPublic/PutRepositoryCatalogData.hs:103:146: warning: [GHC-02256] [-Wambiguous-fields]
    The record update s {registryId = a} with type PutRepositoryCatalogData is ambiguous.
    This will not be supported by -XDuplicateRecordFields in future releases of GHC.
    |
103 | putRepositoryCatalogData_registryId = Lens.lens (\PutRepositoryCatalogData' {registryId} -> registryId) (\s@PutRepositoryCatalogData' {} a -> s {registryId = a} :: PutRepositoryCatalogData)
    |                                                                                                                                                  ^^^^^^^^^^^^^^

gen/Amazonka/ECRPublic/PutRepositoryCatalogData.hs:107:158: warning: [GHC-02256] [-Wambiguous-fields]
    The record update s {repositoryName = a} with type PutRepositoryCatalogData is ambiguous.
    This will not be supported by -XDuplicateRecordFields in future releases of GHC.
    |
107 | putRepositoryCatalogData_repositoryName = Lens.lens (\PutRepositoryCatalogData' {repositoryName} -> repositoryName) (\s@PutRepositoryCatalogData' {} a -> s {repositoryName = a} :: PutRepositoryCatalogData)
    |                                                                                                                                                              ^^^^^^^^^^^^^^^^^^

gen/Amazonka/ECRPublic/PutRepositoryCatalogData.hs:112:149: warning: [GHC-02256] [-Wambiguous-fields]
    The record update s {catalogData = a} with type PutRepositoryCatalogData is ambiguous.
    This will not be supported by -XDuplicateRecordFields in future releases of GHC.
    |
112 | putRepositoryCatalogData_catalogData = Lens.lens (\PutRepositoryCatalogData' {catalogData} -> catalogData) (\s@PutRepositoryCatalogData' {} a -> s {catalogData = a} :: PutRepositoryCatalogData)
    |                                                                                                                                                     ^^^^^^^^^^^^^^^

gen/Amazonka/ECRPublic/PutRepositoryCatalogData.hs:206:173: warning: [GHC-02256] [-Wambiguous-fields]
    The record update s {catalogData = a} with type PutRepositoryCatalogDataResponse is ambiguous.
    This will not be supported by -XDuplicateRecordFields in future releases of GHC.
    |
206 | putRepositoryCatalogDataResponse_catalogData = Lens.lens (\PutRepositoryCatalogDataResponse' {catalogData} -> catalogData) (\s@PutRepositoryCatalogDataResponse' {} a -> s {catalogData = a} :: PutRepositoryCatalogDataResponse)
    |                                                                                                                                                                             ^^^^^^^^^^^^^^^
[25 of 47] Compiling Amazonka.ECRPublic.PutRegistryCatalogData

gen/Amazonka/ECRPublic/PutRegistryCatalogData.hs:88:143: warning: [GHC-02256] [-Wambiguous-fields]
    The record update s {displayName = a} with type PutRegistryCatalogData is ambiguous.
    This will not be supported by -XDuplicateRecordFields in future releases of GHC.
   |
88 | putRegistryCatalogData_displayName = Lens.lens (\PutRegistryCatalogData' {displayName} -> displayName) (\s@PutRegistryCatalogData' {} a -> s {displayName = a} :: PutRegistryCatalogData)
   |                                                                                                                                               ^^^^^^^^^^^^^^^
[26 of 47] Compiling Amazonka.ECRPublic.PutImage

gen/Amazonka/ECRPublic/PutImage.hs:129:101: warning: [GHC-02256] [-Wambiguous-fields]
    The record update s {imageDigest = a} with type PutImage is ambiguous.
    This will not be supported by -XDuplicateRecordFields in future releases of GHC.
    |
129 | putImage_imageDigest = Lens.lens (\PutImage' {imageDigest} -> imageDigest) (\s@PutImage' {} a -> s {imageDigest = a} :: PutImage)
    |                                                                                                     ^^^^^^^^^^^^^^^

gen/Amazonka/ECRPublic/PutImage.hs:135:134: warning: [GHC-02256] [-Wambiguous-fields]
    The record update s {imageManifestMediaType = a} with type PutImage is ambiguous.
    This will not be supported by -XDuplicateRecordFields in future releases of GHC.
    |
135 | putImage_imageManifestMediaType = Lens.lens (\PutImage' {imageManifestMediaType} -> imageManifestMediaType) (\s@PutImage' {} a -> s {imageManifestMediaType = a} :: PutImage)
    |                                                                                                                                      ^^^^^^^^^^^^^^^^^^^^^^^^^^

gen/Amazonka/ECRPublic/PutImage.hs:141:92: warning: [GHC-02256] [-Wambiguous-fields]
    The record update s {imageTag = a} with type PutImage is ambiguous.
    This will not be supported by -XDuplicateRecordFields in future releases of GHC.
    |
141 | putImage_imageTag = Lens.lens (\PutImage' {imageTag} -> imageTag) (\s@PutImage' {} a -> s {imageTag = a} :: PutImage)
    |                                                                                            ^^^^^^^^^^^^

gen/Amazonka/ECRPublic/PutImage.hs:147:98: warning: [GHC-02256] [-Wambiguous-fields]
    The record update s {registryId = a} with type PutImage is ambiguous.
    This will not be supported by -XDuplicateRecordFields in future releases of GHC.
    |
147 | putImage_registryId = Lens.lens (\PutImage' {registryId} -> registryId) (\s@PutImage' {} a -> s {registryId = a} :: PutImage)
    |                                                                                                  ^^^^^^^^^^^^^^

gen/Amazonka/ECRPublic/PutImage.hs:151:110: warning: [GHC-02256] [-Wambiguous-fields]
    The record update s {repositoryName = a} with type PutImage is ambiguous.
    This will not be supported by -XDuplicateRecordFields in future releases of GHC.
    |
151 | putImage_repositoryName = Lens.lens (\PutImage' {repositoryName} -> repositoryName) (\s@PutImage' {} a -> s {repositoryName = a} :: PutImage)
    |                                                                                                              ^^^^^^^^^^^^^^^^^^

gen/Amazonka/ECRPublic/PutImage.hs:155:107: warning: [GHC-02256] [-Wambiguous-fields]
    The record update s {imageManifest = a} with type PutImage is ambiguous.
    This will not be supported by -XDuplicateRecordFields in future releases of GHC.
    |
155 | putImage_imageManifest = Lens.lens (\PutImage' {imageManifest} -> imageManifest) (\s@PutImage' {} a -> s {imageManifest = a} :: PutImage)
    |                                                                                                           ^^^^^^^^^^^^^^^^^
[27 of 47] Compiling Amazonka.ECRPublic.ListTagsForResource
[28 of 47] Compiling Amazonka.ECRPublic.InitiateLayerUpload

gen/Amazonka/ECRPublic/InitiateLayerUpload.hs:99:131: warning: [GHC-02256] [-Wambiguous-fields]
    The record update s {registryId = a} with type InitiateLayerUpload is ambiguous.
    This will not be supported by -XDuplicateRecordFields in future releases of GHC.
   |
99 | initiateLayerUpload_registryId = Lens.lens (\InitiateLayerUpload' {registryId} -> registryId) (\s@InitiateLayerUpload' {} a -> s {registryId = a} :: InitiateLayerUpload)
   |                                                                                                                                   ^^^^^^^^^^^^^^

gen/Amazonka/ECRPublic/InitiateLayerUpload.hs:103:143: warning: [GHC-02256] [-Wambiguous-fields]
    The record update s {repositoryName = a} with type InitiateLayerUpload is ambiguous.
    This will not be supported by -XDuplicateRecordFields in future releases of GHC.
    |
103 | initiateLayerUpload_repositoryName = Lens.lens (\InitiateLayerUpload' {repositoryName} -> repositoryName) (\s@InitiateLayerUpload' {} a -> s {repositoryName = a} :: InitiateLayerUpload)
    |                                                                                                                                               ^^^^^^^^^^^^^^^^^^
[29 of 47] Compiling Amazonka.ECRPublic.GetRepositoryPolicy

gen/Amazonka/ECRPublic/GetRepositoryPolicy.hs:91:131: warning: [GHC-02256] [-Wambiguous-fields]
    The record update s {registryId = a} with type GetRepositoryPolicy is ambiguous.
    This will not be supported by -XDuplicateRecordFields in future releases of GHC.
   |
91 | getRepositoryPolicy_registryId = Lens.lens (\GetRepositoryPolicy' {registryId} -> registryId) (\s@GetRepositoryPolicy' {} a -> s {registryId = a} :: GetRepositoryPolicy)
   |                                                                                                                                   ^^^^^^^^^^^^^^

gen/Amazonka/ECRPublic/GetRepositoryPolicy.hs:95:143: warning: [GHC-02256] [-Wambiguous-fields]
    The record update s {repositoryName = a} with type GetRepositoryPolicy is ambiguous.
    This will not be supported by -XDuplicateRecordFields in future releases of GHC.
   |
95 | getRepositoryPolicy_repositoryName = Lens.lens (\GetRepositoryPolicy' {repositoryName} -> repositoryName) (\s@GetRepositoryPolicy' {} a -> s {repositoryName = a} :: GetRepositoryPolicy)
   |                                                                                                                                               ^^^^^^^^^^^^^^^^^^

gen/Amazonka/ECRPublic/GetRepositoryPolicy.hs:205:155: warning: [GHC-02256] [-Wambiguous-fields]
    The record update s {registryId = a} with type GetRepositoryPolicyResponse is ambiguous.
    This will not be supported by -XDuplicateRecordFields in future releases of GHC.
    |
205 | getRepositoryPolicyResponse_registryId = Lens.lens (\GetRepositoryPolicyResponse' {registryId} -> registryId) (\s@GetRepositoryPolicyResponse' {} a -> s {registryId = a} :: GetRepositoryPolicyResponse)
    |                                                                                                                                                           ^^^^^^^^^^^^^^

gen/Amazonka/ECRPublic/GetRepositoryPolicy.hs:209:167: warning: [GHC-02256] [-Wambiguous-fields]
    The record update s {repositoryName = a} with type GetRepositoryPolicyResponse is ambiguous.
    This will not be supported by -XDuplicateRecordFields in future releases of GHC.
    |
209 | getRepositoryPolicyResponse_repositoryName = Lens.lens (\GetRepositoryPolicyResponse' {repositoryName} -> repositoryName) (\s@GetRepositoryPolicyResponse' {} a -> s {repositoryName = a} :: GetRepositoryPolicyResponse)
    |                                                                                                                                                                       ^^^^^^^^^^^^^^^^^^
[30 of 47] Compiling Amazonka.ECRPublic.GetRepositoryCatalogData

gen/Amazonka/ECRPublic/GetRepositoryCatalogData.hs:91:146: warning: [GHC-02256] [-Wambiguous-fields]
    The record update s {registryId = a} with type GetRepositoryCatalogData is ambiguous.
    This will not be supported by -XDuplicateRecordFields in future releases of GHC.
   |
91 | getRepositoryCatalogData_registryId = Lens.lens (\GetRepositoryCatalogData' {registryId} -> registryId) (\s@GetRepositoryCatalogData' {} a -> s {registryId = a} :: GetRepositoryCatalogData)
   |                                                                                                                                                  ^^^^^^^^^^^^^^

gen/Amazonka/ECRPublic/GetRepositoryCatalogData.hs:95:158: warning: [GHC-02256] [-Wambiguous-fields]
    The record update s {repositoryName = a} with type GetRepositoryCatalogData is ambiguous.
    This will not be supported by -XDuplicateRecordFields in future releases of GHC.
   |
95 | getRepositoryCatalogData_repositoryName = Lens.lens (\GetRepositoryCatalogData' {repositoryName} -> repositoryName) (\s@GetRepositoryCatalogData' {} a -> s {repositoryName = a} :: GetRepositoryCatalogData)
   |                                                                                                                                                              ^^^^^^^^^^^^^^^^^^
[31 of 47] Compiling Amazonka.ECRPublic.GetRegistryCatalogData
[32 of 47] Compiling Amazonka.ECRPublic.GetAuthorizationToken
[33 of 47] Compiling Amazonka.ECRPublic.DescribeRepositories

gen/Amazonka/ECRPublic/DescribeRepositories.hs:163:131: warning: [GHC-02256] [-Wambiguous-fields]
    The record update s {nextToken = a} with type DescribeRepositories is ambiguous.
    This will not be supported by -XDuplicateRecordFields in future releases of GHC.
    |
163 | describeRepositories_nextToken = Lens.lens (\DescribeRepositories' {nextToken} -> nextToken) (\s@DescribeRepositories' {} a -> s {nextToken = a} :: DescribeRepositories)
    |                                                                                                                                   ^^^^^^^^^^^^^

gen/Amazonka/ECRPublic/DescribeRepositories.hs:169:134: warning: [GHC-02256] [-Wambiguous-fields]
    The record update s {registryId = a} with type DescribeRepositories is ambiguous.
    This will not be supported by -XDuplicateRecordFields in future releases of GHC.
    |
169 | describeRepositories_registryId = Lens.lens (\DescribeRepositories' {registryId} -> registryId) (\s@DescribeRepositories' {} a -> s {registryId = a} :: DescribeRepositories)
    |                                                                                                                                      ^^^^^^^^^^^^^^

gen/Amazonka/ECRPublic/DescribeRepositories.hs:308:155: warning: [GHC-02256] [-Wambiguous-fields]
    The record update s {nextToken = a} with type DescribeRepositoriesResponse is ambiguous.
    This will not be supported by -XDuplicateRecordFields in future releases of GHC.
    |
308 | describeRepositoriesResponse_nextToken = Lens.lens (\DescribeRepositoriesResponse' {nextToken} -> nextToken) (\s@DescribeRepositoriesResponse' {} a -> s {nextToken = a} :: DescribeRepositoriesResponse)
    |                                                                                                                                                           ^^^^^^^^^^^^^
[34 of 47] Compiling Amazonka.ECRPublic.DescribeRegistries

gen/Amazonka/ECRPublic/DescribeRegistries.hs:133:125: warning: [GHC-02256] [-Wambiguous-fields]
    The record update s {nextToken = a} with type DescribeRegistries is ambiguous.
    This will not be supported by -XDuplicateRecordFields in future releases of GHC.
    |
133 | describeRegistries_nextToken = Lens.lens (\DescribeRegistries' {nextToken} -> nextToken) (\s@DescribeRegistries' {} a -> s {nextToken = a} :: DescribeRegistries)
    |                                                                                                                             ^^^^^^^^^^^^^

gen/Amazonka/ECRPublic/DescribeRegistries.hs:257:149: warning: [GHC-02256] [-Wambiguous-fields]
    The record update s {nextToken = a} with type DescribeRegistriesResponse is ambiguous.
    This will not be supported by -XDuplicateRecordFields in future releases of GHC.
    |
257 | describeRegistriesResponse_nextToken = Lens.lens (\DescribeRegistriesResponse' {nextToken} -> nextToken) (\s@DescribeRegistriesResponse' {} a -> s {nextToken = a} :: DescribeRegistriesResponse)
    |                                                                                                                                                     ^^^^^^^^^^^^^
[35 of 47] Compiling Amazonka.ECRPublic.DescribeImages

gen/Amazonka/ECRPublic/DescribeImages.hs:161:113: warning: [GHC-02256] [-Wambiguous-fields]
    The record update s {nextToken = a} with type DescribeImages is ambiguous.
    This will not be supported by -XDuplicateRecordFields in future releases of GHC.
    |
161 | describeImages_nextToken = Lens.lens (\DescribeImages' {nextToken} -> nextToken) (\s@DescribeImages' {} a -> s {nextToken = a} :: DescribeImages)
    |                                                                                                                 ^^^^^^^^^^^^^

gen/Amazonka/ECRPublic/DescribeImages.hs:167:116: warning: [GHC-02256] [-Wambiguous-fields]
    The record update s {registryId = a} with type DescribeImages is ambiguous.
    This will not be supported by -XDuplicateRecordFields in future releases of GHC.
    |
167 | describeImages_registryId = Lens.lens (\DescribeImages' {registryId} -> registryId) (\s@DescribeImages' {} a -> s {registryId = a} :: DescribeImages)
    |                                                                                                                    ^^^^^^^^^^^^^^

gen/Amazonka/ECRPublic/DescribeImages.hs:171:128: warning: [GHC-02256] [-Wambiguous-fields]
    The record update s {repositoryName = a} with type DescribeImages is ambiguous.
    This will not be supported by -XDuplicateRecordFields in future releases of GHC.
    |
171 | describeImages_repositoryName = Lens.lens (\DescribeImages' {repositoryName} -> repositoryName) (\s@DescribeImages' {} a -> s {repositoryName = a} :: DescribeImages)
    |                                                                                                                                ^^^^^^^^^^^^^^^^^^

gen/Amazonka/ECRPublic/DescribeImages.hs:312:137: warning: [GHC-02256] [-Wambiguous-fields]
    The record update s {nextToken = a} with type DescribeImagesResponse is ambiguous.
    This will not be supported by -XDuplicateRecordFields in future releases of GHC.
    |
312 | describeImagesResponse_nextToken = Lens.lens (\DescribeImagesResponse' {nextToken} -> nextToken) (\s@DescribeImagesResponse' {} a -> s {nextToken = a} :: DescribeImagesResponse)
    |                                                                                                                                         ^^^^^^^^^^^^^
[36 of 47] Compiling Amazonka.ECRPublic.DescribeImageTags

gen/Amazonka/ECRPublic/DescribeImageTags.hs:147:122: warning: [GHC-02256] [-Wambiguous-fields]
    The record update s {nextToken = a} with type DescribeImageTags is ambiguous.
    This will not be supported by -XDuplicateRecordFields in future releases of GHC.
    |
147 | describeImageTags_nextToken = Lens.lens (\DescribeImageTags' {nextToken} -> nextToken) (\s@DescribeImageTags' {} a -> s {nextToken = a} :: DescribeImageTags)
    |                                                                                                                          ^^^^^^^^^^^^^

gen/Amazonka/ECRPublic/DescribeImageTags.hs:153:125: warning: [GHC-02256] [-Wambiguous-fields]
    The record update s {registryId = a} with type DescribeImageTags is ambiguous.
    This will not be supported by -XDuplicateRecordFields in future releases of GHC.
    |
153 | describeImageTags_registryId = Lens.lens (\DescribeImageTags' {registryId} -> registryId) (\s@DescribeImageTags' {} a -> s {registryId = a} :: DescribeImageTags)
    |                                                                                                                             ^^^^^^^^^^^^^^

gen/Amazonka/ECRPublic/DescribeImageTags.hs:158:137: warning: [GHC-02256] [-Wambiguous-fields]
    The record update s {repositoryName = a} with type DescribeImageTags is ambiguous.
    This will not be supported by -XDuplicateRecordFields in future releases of GHC.
    |
158 | describeImageTags_repositoryName = Lens.lens (\DescribeImageTags' {repositoryName} -> repositoryName) (\s@DescribeImageTags' {} a -> s {repositoryName = a} :: DescribeImageTags)
    |                                                                                                                                         ^^^^^^^^^^^^^^^^^^

gen/Amazonka/ECRPublic/DescribeImageTags.hs:299:146: warning: [GHC-02256] [-Wambiguous-fields]
    The record update s {nextToken = a} with type DescribeImageTagsResponse is ambiguous.
    This will not be supported by -XDuplicateRecordFields in future releases of GHC.
    |
299 | describeImageTagsResponse_nextToken = Lens.lens (\DescribeImageTagsResponse' {nextToken} -> nextToken) (\s@DescribeImageTagsResponse' {} a -> s {nextToken = a} :: DescribeImageTagsResponse)
    |                                                                                                                                                  ^^^^^^^^^^^^^
[37 of 47] Compiling Amazonka.ECRPublic.DeleteRepositoryPolicy

gen/Amazonka/ECRPublic/DeleteRepositoryPolicy.hs:94:140: warning: [GHC-02256] [-Wambiguous-fields]
    The record update s {registryId = a} with type DeleteRepositoryPolicy is ambiguous.
    This will not be supported by -XDuplicateRecordFields in future releases of GHC.
   |
94 | deleteRepositoryPolicy_registryId = Lens.lens (\DeleteRepositoryPolicy' {registryId} -> registryId) (\s@DeleteRepositoryPolicy' {} a -> s {registryId = a} :: DeleteRepositoryPolicy)
   |                                                                                                                                            ^^^^^^^^^^^^^^

gen/Amazonka/ECRPublic/DeleteRepositoryPolicy.hs:99:152: warning: [GHC-02256] [-Wambiguous-fields]
    The record update s {repositoryName = a} with type DeleteRepositoryPolicy is ambiguous.
    This will not be supported by -XDuplicateRecordFields in future releases of GHC.
   |
99 | deleteRepositoryPolicy_repositoryName = Lens.lens (\DeleteRepositoryPolicy' {repositoryName} -> repositoryName) (\s@DeleteRepositoryPolicy' {} a -> s {repositoryName = a} :: DeleteRepositoryPolicy)
   |                                                                                                                                                        ^^^^^^^^^^^^^^^^^^

gen/Amazonka/ECRPublic/DeleteRepositoryPolicy.hs:206:164: warning: [GHC-02256] [-Wambiguous-fields]
    The record update s {registryId = a} with type DeleteRepositoryPolicyResponse is ambiguous.
    This will not be supported by -XDuplicateRecordFields in future releases of GHC.
    |
206 | deleteRepositoryPolicyResponse_registryId = Lens.lens (\DeleteRepositoryPolicyResponse' {registryId} -> registryId) (\s@DeleteRepositoryPolicyResponse' {} a -> s {registryId = a} :: DeleteRepositoryPolicyResponse)
    |                                                                                                                                                                    ^^^^^^^^^^^^^^

gen/Amazonka/ECRPublic/DeleteRepositoryPolicy.hs:210:176: warning: [GHC-02256] [-Wambiguous-fields]
    The record update s {repositoryName = a} with type DeleteRepositoryPolicyResponse is ambiguous.
    This will not be supported by -XDuplicateRecordFields in future releases of GHC.
    |
210 | deleteRepositoryPolicyResponse_repositoryName = Lens.lens (\DeleteRepositoryPolicyResponse' {repositoryName} -> repositoryName) (\s@DeleteRepositoryPolicyResponse' {} a -> s {repositoryName = a} :: DeleteRepositoryPolicyResponse)
    |                                                                                                                                                                                ^^^^^^^^^^^^^^^^^^
[38 of 47] Compiling Amazonka.ECRPublic.DeleteRepository

gen/Amazonka/ECRPublic/DeleteRepository.hs:102:122: warning: [GHC-02256] [-Wambiguous-fields]
    The record update s {registryId = a} with type DeleteRepository is ambiguous.
    This will not be supported by -XDuplicateRecordFields in future releases of GHC.
    |
102 | deleteRepository_registryId = Lens.lens (\DeleteRepository' {registryId} -> registryId) (\s@DeleteRepository' {} a -> s {registryId = a} :: DeleteRepository)
    |                                                                                                                          ^^^^^^^^^^^^^^

gen/Amazonka/ECRPublic/DeleteRepository.hs:106:134: warning: [GHC-02256] [-Wambiguous-fields]
    The record update s {repositoryName = a} with type DeleteRepository is ambiguous.
    This will not be supported by -XDuplicateRecordFields in future releases of GHC.
    |
106 | deleteRepository_repositoryName = Lens.lens (\DeleteRepository' {repositoryName} -> repositoryName) (\s@DeleteRepository' {} a -> s {repositoryName = a} :: DeleteRepository)
    |                                                                                                                                      ^^^^^^^^^^^^^^^^^^
[39 of 47] Compiling Amazonka.ECRPublic.CreateRepository

gen/Amazonka/ECRPublic/CreateRepository.hs:109:125: warning: [GHC-02256] [-Wambiguous-fields]
    The record update s {catalogData = a} with type CreateRepository is ambiguous.
    This will not be supported by -XDuplicateRecordFields in future releases of GHC.
    |
109 | createRepository_catalogData = Lens.lens (\CreateRepository' {catalogData} -> catalogData) (\s@CreateRepository' {} a -> s {catalogData = a} :: CreateRepository)
    |                                                                                                                             ^^^^^^^^^^^^^^^

gen/Amazonka/ECRPublic/CreateRepository.hs:124:134: warning: [GHC-02256] [-Wambiguous-fields]
    The record update s {repositoryName = a} with type CreateRepository is ambiguous.
    This will not be supported by -XDuplicateRecordFields in future releases of GHC.
    |
124 | createRepository_repositoryName = Lens.lens (\CreateRepository' {repositoryName} -> repositoryName) (\s@CreateRepository' {} a -> s {repositoryName = a} :: CreateRepository)
    |                                                                                                                                      ^^^^^^^^^^^^^^^^^^

gen/Amazonka/ECRPublic/CreateRepository.hs:223:149: warning: [GHC-02256] [-Wambiguous-fields]
    The record update s {catalogData = a} with type CreateRepositoryResponse is ambiguous.
    This will not be supported by -XDuplicateRecordFields in future releases of GHC.
    |
223 | createRepositoryResponse_catalogData = Lens.lens (\CreateRepositoryResponse' {catalogData} -> catalogData) (\s@CreateRepositoryResponse' {} a -> s {catalogData = a} :: CreateRepositoryResponse)
    |                                                                                                                                                     ^^^^^^^^^^^^^^^
[40 of 47] Compiling Amazonka.ECRPublic.CompleteLayerUpload

gen/Amazonka/ECRPublic/CompleteLayerUpload.hs:125:131: warning: [GHC-02256] [-Wambiguous-fields]
    The record update s {registryId = a} with type CompleteLayerUpload is ambiguous.
    This will not be supported by -XDuplicateRecordFields in future releases of GHC.
    |
125 | completeLayerUpload_registryId = Lens.lens (\CompleteLayerUpload' {registryId} -> registryId) (\s@CompleteLayerUpload' {} a -> s {registryId = a} :: CompleteLayerUpload)
    |                                                                                                                                   ^^^^^^^^^^^^^^

gen/Amazonka/ECRPublic/CompleteLayerUpload.hs:130:143: warning: [GHC-02256] [-Wambiguous-fields]
    The record update s {repositoryName = a} with type CompleteLayerUpload is ambiguous.
    This will not be supported by -XDuplicateRecordFields in future releases of GHC.
    |
130 | completeLayerUpload_repositoryName = Lens.lens (\CompleteLayerUpload' {repositoryName} -> repositoryName) (\s@CompleteLayerUpload' {} a -> s {repositoryName = a} :: CompleteLayerUpload)
    |                                                                                                                                               ^^^^^^^^^^^^^^^^^^

gen/Amazonka/ECRPublic/CompleteLayerUpload.hs:135:125: warning: [GHC-02256] [-Wambiguous-fields]
    The record update s {uploadId = a} with type CompleteLayerUpload is ambiguous.
    This will not be supported by -XDuplicateRecordFields in future releases of GHC.
    |
135 | completeLayerUpload_uploadId = Lens.lens (\CompleteLayerUpload' {uploadId} -> uploadId) (\s@CompleteLayerUpload' {} a -> s {uploadId = a} :: CompleteLayerUpload)
    |                                                                                                                             ^^^^^^^^^^^^

gen/Amazonka/ECRPublic/CompleteLayerUpload.hs:254:158: warning: [GHC-02256] [-Wambiguous-fields]
    The record update s {layerDigest = a} with type CompleteLayerUploadResponse is ambiguous.
    This will not be supported by -XDuplicateRecordFields in future releases of GHC.
    |
254 | completeLayerUploadResponse_layerDigest = Lens.lens (\CompleteLayerUploadResponse' {layerDigest} -> layerDigest) (\s@CompleteLayerUploadResponse' {} a -> s {layerDigest = a} :: CompleteLayerUploadResponse)
    |                                                                                                                                                              ^^^^^^^^^^^^^^^

gen/Amazonka/ECRPublic/CompleteLayerUpload.hs:258:155: warning: [GHC-02256] [-Wambiguous-fields]
    The record update s {registryId = a} with type CompleteLayerUploadResponse is ambiguous.
    This will not be supported by -XDuplicateRecordFields in future releases of GHC.
    |
258 | completeLayerUploadResponse_registryId = Lens.lens (\CompleteLayerUploadResponse' {registryId} -> registryId) (\s@CompleteLayerUploadResponse' {} a -> s {registryId = a} :: CompleteLayerUploadResponse)
    |                                                                                                                                                           ^^^^^^^^^^^^^^

gen/Amazonka/ECRPublic/CompleteLayerUpload.hs:262:167: warning: [GHC-02256] [-Wambiguous-fields]
    The record update s {repositoryName = a} with type CompleteLayerUploadResponse is ambiguous.
    This will not be supported by -XDuplicateRecordFields in future releases of GHC.
    |
262 | completeLayerUploadResponse_repositoryName = Lens.lens (\CompleteLayerUploadResponse' {repositoryName} -> repositoryName) (\s@CompleteLayerUploadResponse' {} a -> s {repositoryName = a} :: CompleteLayerUploadResponse)
    |                                                                                                                                                                       ^^^^^^^^^^^^^^^^^^

gen/Amazonka/ECRPublic/CompleteLayerUpload.hs:266:149: warning: [GHC-02256] [-Wambiguous-fields]
    The record update s {uploadId = a} with type CompleteLayerUploadResponse is ambiguous.
    This will not be supported by -XDuplicateRecordFields in future releases of GHC.
    |
266 | completeLayerUploadResponse_uploadId = Lens.lens (\CompleteLayerUploadResponse' {uploadId} -> uploadId) (\s@CompleteLayerUploadResponse' {} a -> s {uploadId = a} :: CompleteLayerUploadResponse)
    |                                                                                                                                                     ^^^^^^^^^^^^
[41 of 47] Compiling Amazonka.ECRPublic.BatchDeleteImage

gen/Amazonka/ECRPublic/BatchDeleteImage.hs:111:122: warning: [GHC-02256] [-Wambiguous-fields]
    The record update s {registryId = a} with type BatchDeleteImage is ambiguous.
    This will not be supported by -XDuplicateRecordFields in future releases of GHC.
    |
111 | batchDeleteImage_registryId = Lens.lens (\BatchDeleteImage' {registryId} -> registryId) (\s@BatchDeleteImage' {} a -> s {registryId = a} :: BatchDeleteImage)
    |                                                                                                                          ^^^^^^^^^^^^^^

gen/Amazonka/ECRPublic/BatchDeleteImage.hs:115:134: warning: [GHC-02256] [-Wambiguous-fields]
    The record update s {repositoryName = a} with type BatchDeleteImage is ambiguous.
    This will not be supported by -XDuplicateRecordFields in future releases of GHC.
    |
115 | batchDeleteImage_repositoryName = Lens.lens (\BatchDeleteImage' {repositoryName} -> repositoryName) (\s@BatchDeleteImage' {} a -> s {repositoryName = a} :: BatchDeleteImage)
    |                                                                                                                                      ^^^^^^^^^^^^^^^^^^

gen/Amazonka/ECRPublic/BatchDeleteImage.hs:121:116: warning: [GHC-02256] [-Wambiguous-fields]
    The record update s {imageIds = a} with type BatchDeleteImage is ambiguous.
    This will not be supported by -XDuplicateRecordFields in future releases of GHC.
    |
121 | batchDeleteImage_imageIds = Lens.lens (\BatchDeleteImage' {imageIds} -> imageIds) (\s@BatchDeleteImage' {} a -> s {imageIds = a} :: BatchDeleteImage) Prelude.. Lens.coerced
    |                                                                                                                    ^^^^^^^^^^^^

gen/Amazonka/ECRPublic/BatchDeleteImage.hs:225:140: warning: [GHC-02256] [-Wambiguous-fields]
    The record update s {imageIds = a} with type BatchDeleteImageResponse is ambiguous.
    This will not be supported by -XDuplicateRecordFields in future releases of GHC.
    |
225 | batchDeleteImageResponse_imageIds = Lens.lens (\BatchDeleteImageResponse' {imageIds} -> imageIds) (\s@BatchDeleteImageResponse' {} a -> s {imageIds = a} :: BatchDeleteImageResponse) Prelude.. Lens.mapping Lens.coerced
    |                                                                                                                                            ^^^^^^^^^^^^
[42 of 47] Compiling Amazonka.ECRPublic.BatchCheckLayerAvailability

gen/Amazonka/ECRPublic/BatchCheckLayerAvailability.hs:111:155: warning: [GHC-02256] [-Wambiguous-fields]
    The record update s {registryId = a} with type BatchCheckLayerAvailability is ambiguous.
    This will not be supported by -XDuplicateRecordFields in future releases of GHC.
    |
111 | batchCheckLayerAvailability_registryId = Lens.lens (\BatchCheckLayerAvailability' {registryId} -> registryId) (\s@BatchCheckLayerAvailability' {} a -> s {registryId = a} :: BatchCheckLayerAvailability)
    |                                                                                                                                                           ^^^^^^^^^^^^^^

gen/Amazonka/ECRPublic/BatchCheckLayerAvailability.hs:116:167: warning: [GHC-02256] [-Wambiguous-fields]
    The record update s {repositoryName = a} with type BatchCheckLayerAvailability is ambiguous.
    This will not be supported by -XDuplicateRecordFields in future releases of GHC.
    |
116 | batchCheckLayerAvailability_repositoryName = Lens.lens (\BatchCheckLayerAvailability' {repositoryName} -> repositoryName) (\s@BatchCheckLayerAvailability' {} a -> s {repositoryName = a} :: BatchCheckLayerAvailability)
    |                                                                                                                                                                       ^^^^^^^^^^^^^^^^^^
[43 of 47] Compiling Amazonka.ECRPublic.UntagResource
[44 of 47] Compiling Amazonka.ECRPublic.UploadLayerPart

gen/Amazonka/ECRPublic/UploadLayerPart.hs:148:119: warning: [GHC-02256] [-Wambiguous-fields]
    The record update s {registryId = a} with type UploadLayerPart is ambiguous.
    This will not be supported by -XDuplicateRecordFields in future releases of GHC.
    |
148 | uploadLayerPart_registryId = Lens.lens (\UploadLayerPart' {registryId} -> registryId) (\s@UploadLayerPart' {} a -> s {registryId = a} :: UploadLayerPart)
    |                                                                                                                       ^^^^^^^^^^^^^^

gen/Amazonka/ECRPublic/UploadLayerPart.hs:152:131: warning: [GHC-02256] [-Wambiguous-fields]
    The record update s {repositoryName = a} with type UploadLayerPart is ambiguous.
    This will not be supported by -XDuplicateRecordFields in future releases of GHC.
    |
152 | uploadLayerPart_repositoryName = Lens.lens (\UploadLayerPart' {repositoryName} -> repositoryName) (\s@UploadLayerPart' {} a -> s {repositoryName = a} :: UploadLayerPart)
    |                                                                                                                                   ^^^^^^^^^^^^^^^^^^

gen/Amazonka/ECRPublic/UploadLayerPart.hs:157:113: warning: [GHC-02256] [-Wambiguous-fields]
    The record update s {uploadId = a} with type UploadLayerPart is ambiguous.
    This will not be supported by -XDuplicateRecordFields in future releases of GHC.
    |
157 | uploadLayerPart_uploadId = Lens.lens (\UploadLayerPart' {uploadId} -> uploadId) (\s@UploadLayerPart' {} a -> s {uploadId = a} :: UploadLayerPart)
    |                                                                                                                 ^^^^^^^^^^^^

gen/Amazonka/ECRPublic/UploadLayerPart.hs:301:143: warning: [GHC-02256] [-Wambiguous-fields]
    The record update s {registryId = a} with type UploadLayerPartResponse is ambiguous.
    This will not be supported by -XDuplicateRecordFields in future releases of GHC.
    |
301 | uploadLayerPartResponse_registryId = Lens.lens (\UploadLayerPartResponse' {registryId} -> registryId) (\s@UploadLayerPartResponse' {} a -> s {registryId = a} :: UploadLayerPartResponse)
    |                                                                                                                                               ^^^^^^^^^^^^^^

gen/Amazonka/ECRPublic/UploadLayerPart.hs:305:155: warning: [GHC-02256] [-Wambiguous-fields]
    The record update s {repositoryName = a} with type UploadLayerPartResponse is ambiguous.
    This will not be supported by -XDuplicateRecordFields in future releases of GHC.
    |
305 | uploadLayerPartResponse_repositoryName = Lens.lens (\UploadLayerPartResponse' {repositoryName} -> repositoryName) (\s@UploadLayerPartResponse' {} a -> s {repositoryName = a} :: UploadLayerPartResponse)
    |                                                                                                                                                           ^^^^^^^^^^^^^^^^^^

gen/Amazonka/ECRPublic/UploadLayerPart.hs:309:137: warning: [GHC-02256] [-Wambiguous-fields]
    The record update s {uploadId = a} with type UploadLayerPartResponse is ambiguous.
    This will not be supported by -XDuplicateRecordFields in future releases of GHC.
    |
309 | uploadLayerPartResponse_uploadId = Lens.lens (\UploadLayerPartResponse' {uploadId} -> uploadId) (\s@UploadLayerPartResponse' {} a -> s {uploadId = a} :: UploadLayerPartResponse)
    |                                                                                                                                         ^^^^^^^^^^^^
[45 of 47] Compiling Amazonka.ECRPublic.Lens
[46 of 47] Compiling Amazonka.ECRPublic.Waiters
[47 of 47] Compiling Amazonka.ECRPublic
Configuring test suite 'amazonka-ecr-public-test' for amazonka-ecr-public-2.0...
Preprocessing test suite 'amazonka-ecr-public-test' for amazonka-ecr-public-2.0...
Building test suite 'amazonka-ecr-public-test' for amazonka-ecr-public-2.0...
[1 of 4] Compiling Test.Amazonka.ECRPublic
[2 of 4] Compiling Test.Amazonka.ECRPublic.Internal
[3 of 4] Compiling Main
[4 of 4] Compiling Test.Amazonka.Gen.ECRPublic
[5 of 5] Linking /tmp/workdir-amazonka-ecr-public/amazonka-ecr-public-2.0/dist-newstyle/build/x86_64-linux/ghc-9.6.6/amazonka-ecr-public-2.0/t/amazonka-ecr-public-test/build/amazonka-ecr-public-test/amazonka-ecr-public-test
