Build profile: -w ghc-9.6.6 -O1
In order, the following will be built (use -v for more details):
 - exomizer-1.0.0 (lib) (first run)
Configuring library for exomizer-1.0.0...
Preprocessing library for exomizer-1.0.0...
/tmp/workdir-exomizer/exomizer-1.0.0/dist-newstyle/build/x86_64-linux/ghc-9.6.6/exomizer-1.0.0/build/Exomizer/Extern/Args.chs.h:2:2: warning: #import is a deprecated GCC extension [-Wdeprecated]
    2 | #import "exo_helper.h"
      |  ^~~~~~
/tmp/workdir-exomizer/exomizer-1.0.0/dist-newstyle/build/x86_64-linux/ghc-9.6.6/exomizer-1.0.0/build/Exomizer/Extern/Membuf.chs.h:2:2: warning: #import is a deprecated GCC extension [-Wdeprecated]
    2 | #import "membuf.h"
      |  ^~~~~~
Building library for exomizer-1.0.0...
[1 of 9] Compiling Exomizer.Data.Args
[2 of 9] Compiling Exomizer.Data.Direction
[3 of 9] Compiling Exomizer.Extern.Args
[4 of 9] Compiling Exomizer.Extern.Membuf
[5 of 9] Compiling Exomizer.Extern.Crunch
[6 of 9] Compiling Exomizer.Mem
[7 of 9] Compiling Exomizer.Raw
[8 of 9] Compiling Exomizer
[9 of 9] Compiling Paths_exomizer
