Build profile: -w ghc-9.6.6 -O1
In order, the following will be built (use -v for more details):
 - yesod-1.6.2.1 (lib) (first run)
Configuring library for yesod-1.6.2.1...
Preprocessing library for yesod-1.6.2.1...
Building library for yesod-1.6.2.1...
[1 of 6] Compiling Yesod
[2 of 6] Compiling Yesod.Default.Config

Yesod/Default/Config.hs:197:14: warning: [GHC-68441] [-Wdeprecations]
    In the use of ‘parseMonad’ (imported from Data.Yaml):
    Deprecated: "With the MonadFail split, this function is going to be removed in the future. Please migrate to parseEither."
    |
197 |     mport <- parseMonad (\x -> x .: "port") m
    |              ^^^^^^^^^^

Yesod/Default/Config.hs:210:14: warning: [GHC-68441] [-Wdeprecations]
    In the use of ‘parseMonad’ (imported from Data.Yaml):
    Deprecated: "With the MonadFail split, this function is going to be removed in the future. Please migrate to parseEither."
    |
210 |     extra <- parseMonad (parseExtra env) m
    |              ^^^^^^^^^^

Yesod/Default/Config.hs:246:65: warning: [GHC-68441] [-Wdeprecations]
    In the use of ‘parseMonad’ (imported from Data.Yaml):
    Deprecated: "With the MonadFail split, this function is going to be removed in the future. Please migrate to parseEither."
    |
246 |             | Just v <- M.lookup (fromString $ show env) obj -> parseMonad f v
    |                                                                 ^^^^^^^^^^
[3 of 6] Compiling Yesod.Default.Config2

Yesod/Default/Config2.hs:31:1: warning: [-Wunused-imports]
    The import of ‘Data.Semigroup’ is redundant
      except perhaps to import instances from ‘Data.Semigroup’
    To import instances alone, use: import Data.Semigroup()
   |
31 | import Data.Semigroup
   | ^^^^^^^^^^^^^^^^^^^^^
[4 of 6] Compiling Yesod.Default.Handlers
[5 of 6] Compiling Yesod.Default.Main
[6 of 6] Compiling Yesod.Default.Util
