Build profile: -w ghc-9.6.6 -O1
In order, the following will be built (use -v for more details):
 - curl-1.3.8 (lib:curl) (first run)
Warning: curl.cabal:44:32: version operators used. To use version operators
the package needs to specify at least 'cabal-version: >= 1.8'.
Configuring curl-1.3.8...
checking for gcc... /usr/bin/gcc
checking for C compiler default output file name... a.out
checking whether the C compiler works... yes
checking whether we are cross compiling... no
checking for suffix of executables... 
checking for suffix of object files... o
checking whether we are using the GNU C compiler... yes
checking whether /usr/bin/gcc accepts -g... yes
checking for /usr/bin/gcc option to accept ANSI C... none needed
checking how to run the C preprocessor... /usr/bin/gcc -E
configure: creating ./config.status
config.status: creating curl.buildinfo
Preprocessing library for curl-1.3.8...
Building library for curl-1.3.8...
[1 of 8] Compiling Network.Curl.Code
[2 of 8] Compiling Network.Curl.Debug
[3 of 8] Compiling Network.Curl.Types
[4 of 8] Compiling Network.Curl.Post
[5 of 8] Compiling Network.Curl.Opts
[6 of 8] Compiling Network.Curl.Info
[7 of 8] Compiling Network.Curl.Easy

Network/Curl/Easy.hs:27:1: warning: [GHC-94817] [-Wtabs]
    Tab character found here, and in two further locations.
    Suggested fix: Please use spaces instead.
   |
27 |         
   | ^^^^^^^^
[8 of 8] Compiling Network.Curl

Network/Curl.hs:278:1: warning: [GHC-94817] [-Wtabs]
    Tab character found here, and in 8 further locations.
    Suggested fix: Please use spaces instead.
    |
278 |                       -> IO (CurlResponse_ hdrTy bufTy)
    | ^^^^^^^^
Warning: /tmp/workdir-curl/curl-1.3.8/curl.cabal:44:32: version operators
used. To use version operators the package needs to specify at least
'cabal-version: >= 1.8'.
