Build profile: -w ghc-9.6.6 -O1
In order, the following will be built (use -v for more details):
 - tar-conduit-0.4.1 (lib) (first run)
 - tar-conduit-0.4.1 (test:tests) (first run)
 - tar-conduit-0.4.1 (test:space) (first run)
Configuring library for tar-conduit-0.4.1...
Preprocessing library for tar-conduit-0.4.1...
Building library for tar-conduit-0.4.1...
[1 of 3] Compiling Data.Conduit.Tar.Types
[2 of 3] Compiling Data.Conduit.Tar.Unix
[3 of 3] Compiling Data.Conduit.Tar
Configuring test suite 'tests' for tar-conduit-0.4.1...
Preprocessing test suite 'tests' for tar-conduit-0.4.1...
Building test suite 'tests' for tar-conduit-0.4.1...
[1 of 1] Compiling Main
[2 of 2] Linking /tmp/workdir-tar-conduit/tar-conduit-0.4.1/dist-newstyle/build/x86_64-linux/ghc-9.6.6/tar-conduit-0.4.1/t/tests/build/tests/tests
Configuring test suite 'space' for tar-conduit-0.4.1...
Preprocessing test suite 'space' for tar-conduit-0.4.1...
Building test suite 'space' for tar-conduit-0.4.1...
[1 of 1] Compiling Main
[2 of 2] Linking /tmp/workdir-tar-conduit/tar-conduit-0.4.1/dist-newstyle/build/x86_64-linux/ghc-9.6.6/tar-conduit-0.4.1/t/space/build/space/space
