Build profile: -w ghc-9.6.6 -O1
In order, the following will be built (use -v for more details):
 - yesod-persistent-1.6.0.8 (lib) (first run)
 - yesod-persistent-1.6.0.8 (test:test) (first run)
Configuring library for yesod-persistent-1.6.0.8...
Preprocessing library for yesod-persistent-1.6.0.8...
Building library for yesod-persistent-1.6.0.8...
[1 of 2] Compiling Yesod.Persist.Core

Yesod/Persist/Core.hs:41:1: warning: [-Wunused-imports]
    The import of ‘Database.Persist.Class.PersistEntity’ is redundant
      except perhaps to import instances from ‘Database.Persist.Class.PersistEntity’
    To import instances alone, use: import Database.Persist.Class.PersistEntity()
   |
41 | import Database.Persist.Class.PersistEntity
   | ^^^^^^^^^^^^^^^^^^^^^^^^^^^^^^^^^^^^^^^^^^^

Yesod/Persist/Core.hs:103:75: warning: [GHC-58520] [-Wtype-equality-requires-operators]
    The use of ‘~’ without TypeOperators
    will become an error in a future GHC release.
    Suggested fix: Perhaps you intended to use TypeOperators
    |
103 | defaultGetDBRunner :: (SQL.IsSqlBackend backend, YesodPersistBackend site ~ backend)
    |                                                                           ^
[2 of 2] Compiling Yesod.Persist
Configuring test suite 'test' for yesod-persistent-1.6.0.8...
Preprocessing test suite 'test' for yesod-persistent-1.6.0.8...
Building test suite 'test' for yesod-persistent-1.6.0.8...
[1 of 2] Compiling Yesod.PersistSpec

test/Yesod/PersistSpec.hs:22:1: warning: [GHC-58520] [-Wtype-equality-requires-operators]
    The use of ‘~’ without TypeOperators
    will become an error in a future GHC release.
    Suggested fix: Perhaps you intended to use TypeOperators
   |
22 | share [mkPersist sqlSettings, mkMigrate "migrateAll"] [persistLowerCase|
   | ^^^^^^^^^^^^^^^^^^^^^^^^^^^^^^^^^^^^^^^^^^^^^^^^^^^^^^^^^^^^^^^^^^^^^^^^...

test/Yesod/PersistSpec.hs:22:1: warning: [GHC-58520] [-Wtype-equality-requires-operators]
    The use of ‘~’ without TypeOperators
    will become an error in a future GHC release.
    Suggested fix: Perhaps you intended to use TypeOperators
   |
22 | share [mkPersist sqlSettings, mkMigrate "migrateAll"] [persistLowerCase|
   | ^^^^^^^^^^^^^^^^^^^^^^^^^^^^^^^^^^^^^^^^^^^^^^^^^^^^^^^^^^^^^^^^^^^^^^^^...
[2 of 2] Compiling Main
[3 of 3] Linking /tmp/workdir-yesod-persistent/yesod-persistent-1.6.0.8/dist-newstyle/build/x86_64-linux/ghc-9.6.6/yesod-persistent-1.6.0.8/t/test/build/test/test
