Build profile: -w ghc-9.6.6 -O1
In order, the following will be built (use -v for more details):
 - language-glsl-0.3.0 (lib) (first run)
 - language-glsl-0.3.0 (test:tests) (first run)
 - language-glsl-0.3.0 (exe:glsl-pprint) (first run)
Configuring library for language-glsl-0.3.0...
Preprocessing library for language-glsl-0.3.0...
Building library for language-glsl-0.3.0...
[1 of 4] Compiling Language.GLSL.Syntax
[2 of 4] Compiling Language.GLSL.Pretty
[3 of 4] Compiling Language.GLSL.Parser

Language/GLSL/Parser.hs:202:3: warning: [-Wunused-matches]
    Defined but not used: ‘m’
    |
202 |   m <- optionMaybe $ oneOf "Uu" -- TODO
    |   ^

Language/GLSL/Parser.hs:209:3: warning: [-Wunused-matches]
    Defined but not used: ‘m’
    |
209 |   m <- optionMaybe $ oneOf "Uu" -- TODO
    |   ^

Language/GLSL/Parser.hs:219:3: warning: [-Wunused-matches]
    Defined but not used: ‘m’
    |
219 |   m <- optionMaybe $ oneOf "Uu" -- TODO
    |   ^

Language/GLSL/Parser.hs:226:3: warning: [-Wunused-matches]
    Defined but not used: ‘m’
    |
226 |   m <- optionMaybe $ oneOf "Ff" -- TODO
    |   ^

Language/GLSL/Parser.hs:236:3: warning: [-Wunused-matches]
    Defined but not used: ‘m’
    |
236 |   m <- optionMaybe $ oneOf "Ff" -- TODO
    |   ^

Language/GLSL/Parser.hs:244:3: warning: [-Wunused-matches]
    Defined but not used: ‘m’
    |
244 |   m <- optionMaybe $ oneOf "Ff"
    |   ^
[4 of 4] Compiling Language.GLSL
Configuring test suite 'tests' for language-glsl-0.3.0...
Preprocessing test suite 'tests' for language-glsl-0.3.0...
Building test suite 'tests' for language-glsl-0.3.0...
[1 of 1] Compiling Main
[2 of 2] Linking /tmp/workdir-language-glsl/language-glsl-0.3.0/dist-newstyle/build/x86_64-linux/ghc-9.6.6/language-glsl-0.3.0/t/tests/build/tests/tests
Configuring executable 'glsl-pprint' for language-glsl-0.3.0...
Preprocessing executable 'glsl-pprint' for language-glsl-0.3.0...
Building executable 'glsl-pprint' for language-glsl-0.3.0...
[1 of 1] Compiling Main
[2 of 2] Linking /tmp/workdir-language-glsl/language-glsl-0.3.0/dist-newstyle/build/x86_64-linux/ghc-9.6.6/language-glsl-0.3.0/x/glsl-pprint/build/glsl-pprint/glsl-pprint
