Build profile: -w ghc-9.6.6 -O1
In order, the following will be built (use -v for more details):
 - amazonka-codepipeline-2.0 (lib) (first run)
 - amazonka-codepipeline-2.0 (test:amazonka-codepipeline-test) (first run)
Configuring library for amazonka-codepipeline-2.0...
Preprocessing library for amazonka-codepipeline-2.0...
Building library for amazonka-codepipeline-2.0...
[  1 of 129] Compiling Amazonka.CodePipeline.Types.AWSSessionCredentials
[  2 of 129] Compiling Amazonka.CodePipeline.Types.ActionCategory
[  3 of 129] Compiling Amazonka.CodePipeline.Types.ActionConfiguration
[  4 of 129] Compiling Amazonka.CodePipeline.Types.ActionConfigurationPropertyType
[  5 of 129] Compiling Amazonka.CodePipeline.Types.ActionConfigurationProperty
[  6 of 129] Compiling Amazonka.CodePipeline.Types.ActionContext
[  7 of 129] Compiling Amazonka.CodePipeline.Types.ActionExecutionFilter
[  8 of 129] Compiling Amazonka.CodePipeline.Types.ActionExecutionResult
[  9 of 129] Compiling Amazonka.CodePipeline.Types.ActionExecutionStatus
[ 10 of 129] Compiling Amazonka.CodePipeline.Types.ActionOwner
[ 11 of 129] Compiling Amazonka.CodePipeline.Types.ActionRevision
[ 12 of 129] Compiling Amazonka.CodePipeline.Types.ActionTypeArtifactDetails
[ 13 of 129] Compiling Amazonka.CodePipeline.Types.ActionTypeId
[ 14 of 129] Compiling Amazonka.CodePipeline.Types.ActionTypeIdentifier
[ 15 of 129] Compiling Amazonka.CodePipeline.Types.ActionTypePermissions
[ 16 of 129] Compiling Amazonka.CodePipeline.Types.ActionTypeProperty
[ 17 of 129] Compiling Amazonka.CodePipeline.Types.ActionTypeSettings
[ 18 of 129] Compiling Amazonka.CodePipeline.Types.ActionTypeUrls
[ 19 of 129] Compiling Amazonka.CodePipeline.Types.ApprovalStatus
[ 20 of 129] Compiling Amazonka.CodePipeline.Types.ApprovalResult
[ 21 of 129] Compiling Amazonka.CodePipeline.Types.ArtifactDetails
[ 22 of 129] Compiling Amazonka.CodePipeline.Types.ActionType
[ 23 of 129] Compiling Amazonka.CodePipeline.Types.ArtifactLocationType
[ 24 of 129] Compiling Amazonka.CodePipeline.Types.ArtifactRevision
[ 25 of 129] Compiling Amazonka.CodePipeline.Types.ArtifactStoreType
[ 26 of 129] Compiling Amazonka.CodePipeline.Types.BlockerType
[ 27 of 129] Compiling Amazonka.CodePipeline.Types.BlockerDeclaration
[ 28 of 129] Compiling Amazonka.CodePipeline.Types.CurrentRevision
[ 29 of 129] Compiling Amazonka.CodePipeline.Types.EncryptionKeyType
[ 30 of 129] Compiling Amazonka.CodePipeline.Types.EncryptionKey
[ 31 of 129] Compiling Amazonka.CodePipeline.Types.ArtifactStore

gen/Amazonka/CodePipeline/Types/ArtifactStore.hs:92:97: warning: [GHC-02256] [-Wambiguous-fields]
    The record update s {type' = a} with type ArtifactStore is ambiguous.
    This will not be supported by -XDuplicateRecordFields in future releases of GHC.
   |
92 | artifactStore_type = Lens.lens (\ArtifactStore' {type'} -> type') (\s@ArtifactStore' {} a -> s {type' = a} :: ArtifactStore)
   |                                                                                                 ^^^^^^^^^
[ 32 of 129] Compiling Amazonka.CodePipeline.Types.ErrorDetails
[ 33 of 129] Compiling Amazonka.CodePipeline.Types.ActionExecution
[ 34 of 129] Compiling Amazonka.CodePipeline.Types.ActionState
[ 35 of 129] Compiling Amazonka.CodePipeline.Types.ExecutionDetails
[ 36 of 129] Compiling Amazonka.CodePipeline.Types.ExecutorType
[ 37 of 129] Compiling Amazonka.CodePipeline.Types.FailureType
[ 38 of 129] Compiling Amazonka.CodePipeline.Types.FailureDetails
[ 39 of 129] Compiling Amazonka.CodePipeline.Types.InputArtifact
[ 40 of 129] Compiling Amazonka.CodePipeline.Types.JobStatus
[ 41 of 129] Compiling Amazonka.CodePipeline.Types.JobWorkerExecutorConfiguration
[ 42 of 129] Compiling Amazonka.CodePipeline.Types.LambdaExecutorConfiguration
[ 43 of 129] Compiling Amazonka.CodePipeline.Types.ExecutorConfiguration
[ 44 of 129] Compiling Amazonka.CodePipeline.Types.ActionTypeExecutor
[ 45 of 129] Compiling Amazonka.CodePipeline.Types.ActionTypeDeclaration

gen/Amazonka/CodePipeline/Types/ActionTypeDeclaration.hs:123:140: warning: [GHC-02256] [-Wambiguous-fields]
    The record update s {description = a} with type ActionTypeDeclaration is ambiguous.
    This will not be supported by -XDuplicateRecordFields in future releases of GHC.
    |
123 | actionTypeDeclaration_description = Lens.lens (\ActionTypeDeclaration' {description} -> description) (\s@ActionTypeDeclaration' {} a -> s {description = a} :: ActionTypeDeclaration)
    |                                                                                                                                            ^^^^^^^^^^^^^^^
[ 46 of 129] Compiling Amazonka.CodePipeline.Types.OutputArtifact
[ 47 of 129] Compiling Amazonka.CodePipeline.Types.ActionDeclaration

gen/Amazonka/CodePipeline/Types/ActionDeclaration.hs:189:107: warning: [GHC-02256] [-Wambiguous-fields]
    The record update s {name = a} with type ActionDeclaration is ambiguous.
    This will not be supported by -XDuplicateRecordFields in future releases of GHC.
    |
189 | actionDeclaration_name = Lens.lens (\ActionDeclaration' {name} -> name) (\s@ActionDeclaration' {} a -> s {name = a} :: ActionDeclaration)
    |                                                                                                           ^^^^^^^^
[ 48 of 129] Compiling Amazonka.CodePipeline.Types.PipelineExecutionStatus
[ 49 of 129] Compiling Amazonka.CodePipeline.Types.PipelineExecution
[ 50 of 129] Compiling Amazonka.CodePipeline.Types.PipelineMetadata
[ 51 of 129] Compiling Amazonka.CodePipeline.Types.PipelineSummary
[ 52 of 129] Compiling Amazonka.CodePipeline.Types.S3ArtifactLocation
[ 53 of 129] Compiling Amazonka.CodePipeline.Types.ArtifactLocation
[ 54 of 129] Compiling Amazonka.CodePipeline.Types.Artifact
[ 55 of 129] Compiling Amazonka.CodePipeline.Types.S3Location
[ 56 of 129] Compiling Amazonka.CodePipeline.Types.ArtifactDetail
[ 57 of 129] Compiling Amazonka.CodePipeline.Types.ActionExecutionOutput
[ 58 of 129] Compiling Amazonka.CodePipeline.Types.ActionExecutionInput
[ 59 of 129] Compiling Amazonka.CodePipeline.Types.ActionExecutionDetail
[ 60 of 129] Compiling Amazonka.CodePipeline.Types.SourceRevision
[ 61 of 129] Compiling Amazonka.CodePipeline.Types.StageContext
[ 62 of 129] Compiling Amazonka.CodePipeline.Types.PipelineContext
[ 63 of 129] Compiling Amazonka.CodePipeline.Types.JobData
[ 64 of 129] Compiling Amazonka.CodePipeline.Types.JobDetails
[ 65 of 129] Compiling Amazonka.CodePipeline.Types.Job
[ 66 of 129] Compiling Amazonka.CodePipeline.Types.StageDeclaration

gen/Amazonka/CodePipeline/Types/StageDeclaration.hs:72:104: warning: [GHC-02256] [-Wambiguous-fields]
    The record update s {name = a} with type StageDeclaration is ambiguous.
    This will not be supported by -XDuplicateRecordFields in future releases of GHC.
   |
72 | stageDeclaration_name = Lens.lens (\StageDeclaration' {name} -> name) (\s@StageDeclaration' {} a -> s {name = a} :: StageDeclaration)
   |                                                                                                        ^^^^^^^^
[ 67 of 129] Compiling Amazonka.CodePipeline.Types.PipelineDeclaration

gen/Amazonka/CodePipeline/Types/PipelineDeclaration.hs:139:113: warning: [GHC-02256] [-Wambiguous-fields]
    The record update s {name = a} with type PipelineDeclaration is ambiguous.
    This will not be supported by -XDuplicateRecordFields in future releases of GHC.
    |
139 | pipelineDeclaration_name = Lens.lens (\PipelineDeclaration' {name} -> name) (\s@PipelineDeclaration' {} a -> s {name = a} :: PipelineDeclaration)
    |                                                                                                                 ^^^^^^^^
[ 68 of 129] Compiling Amazonka.CodePipeline.Types.StageExecutionStatus
[ 69 of 129] Compiling Amazonka.CodePipeline.Types.StageExecution
[ 70 of 129] Compiling Amazonka.CodePipeline.Types.StageRetryMode
[ 71 of 129] Compiling Amazonka.CodePipeline.Types.StageTransitionType
[ 72 of 129] Compiling Amazonka.CodePipeline.Types.StopExecutionTrigger
[ 73 of 129] Compiling Amazonka.CodePipeline.Types.Tag
[ 74 of 129] Compiling Amazonka.CodePipeline.Types.ThirdPartyJob
[ 75 of 129] Compiling Amazonka.CodePipeline.Types.ThirdPartyJobData
[ 76 of 129] Compiling Amazonka.CodePipeline.Types.ThirdPartyJobDetails
[ 77 of 129] Compiling Amazonka.CodePipeline.Types.TransitionState
[ 78 of 129] Compiling Amazonka.CodePipeline.Types.StageState

gen/Amazonka/CodePipeline/Types/StageState.hs:94:119: warning: [GHC-02256] [-Wambiguous-fields]
    The record update s {latestExecution = a} with type StageState is ambiguous.
    This will not be supported by -XDuplicateRecordFields in future releases of GHC.
   |
94 | stageState_latestExecution = Lens.lens (\StageState' {latestExecution} -> latestExecution) (\s@StageState' {} a -> s {latestExecution = a} :: StageState)
   |                                                                                                                       ^^^^^^^^^^^^^^^^^^^
[ 79 of 129] Compiling Amazonka.CodePipeline.Types.TriggerType
[ 80 of 129] Compiling Amazonka.CodePipeline.Types.ExecutionTrigger
[ 81 of 129] Compiling Amazonka.CodePipeline.Types.PipelineExecutionSummary
[ 82 of 129] Compiling Amazonka.CodePipeline.Types.WebhookAuthConfiguration
[ 83 of 129] Compiling Amazonka.CodePipeline.Types.WebhookAuthenticationType
[ 84 of 129] Compiling Amazonka.CodePipeline.Types.WebhookFilterRule
[ 85 of 129] Compiling Amazonka.CodePipeline.Types.WebhookDefinition
[ 86 of 129] Compiling Amazonka.CodePipeline.Types.ListWebhookItem
[ 87 of 129] Compiling Amazonka.CodePipeline.Types
[ 88 of 129] Compiling Amazonka.CodePipeline.TagResource

gen/Amazonka/CodePipeline/TagResource.hs:87:89: warning: [GHC-02256] [-Wambiguous-fields]
    The record update s {tags = a} with type TagResource is ambiguous.
    This will not be supported by -XDuplicateRecordFields in future releases of GHC.
   |
87 | tagResource_tags = Lens.lens (\TagResource' {tags} -> tags) (\s@TagResource' {} a -> s {tags = a} :: TagResource) Prelude.. Lens.coerced
   |                                                                                         ^^^^^^^^
[ 89 of 129] Compiling Amazonka.CodePipeline.StopPipelineExecution

gen/Amazonka/CodePipeline/StopPipelineExecution.hs:124:125: warning: [GHC-02256] [-Wambiguous-fields]
    The record update s {reason = a} with type StopPipelineExecution is ambiguous.
    This will not be supported by -XDuplicateRecordFields in future releases of GHC.
    |
124 | stopPipelineExecution_reason = Lens.lens (\StopPipelineExecution' {reason} -> reason) (\s@StopPipelineExecution' {} a -> s {reason = a} :: StopPipelineExecution)
    |                                                                                                                             ^^^^^^^^^^

gen/Amazonka/CodePipeline/StopPipelineExecution.hs:128:143: warning: [GHC-02256] [-Wambiguous-fields]
    The record update s {pipelineName = a} with type StopPipelineExecution is ambiguous.
    This will not be supported by -XDuplicateRecordFields in future releases of GHC.
    |
128 | stopPipelineExecution_pipelineName = Lens.lens (\StopPipelineExecution' {pipelineName} -> pipelineName) (\s@StopPipelineExecution' {} a -> s {pipelineName = a} :: StopPipelineExecution)
    |                                                                                                                                               ^^^^^^^^^^^^^^^^

gen/Amazonka/CodePipeline/StopPipelineExecution.hs:134:164: warning: [GHC-02256] [-Wambiguous-fields]
    The record update s {pipelineExecutionId = a} with type StopPipelineExecution is ambiguous.
    This will not be supported by -XDuplicateRecordFields in future releases of GHC.
    |
134 | stopPipelineExecution_pipelineExecutionId = Lens.lens (\StopPipelineExecution' {pipelineExecutionId} -> pipelineExecutionId) (\s@StopPipelineExecution' {} a -> s {pipelineExecutionId = a} :: StopPipelineExecution)
    |                                                                                                                                                                    ^^^^^^^^^^^^^^^^^^^^^^^

gen/Amazonka/CodePipeline/StopPipelineExecution.hs:234:188: warning: [GHC-02256] [-Wambiguous-fields]
    The record update s {pipelineExecutionId = a} with type StopPipelineExecutionResponse is ambiguous.
    This will not be supported by -XDuplicateRecordFields in future releases of GHC.
    |
234 | stopPipelineExecutionResponse_pipelineExecutionId = Lens.lens (\StopPipelineExecutionResponse' {pipelineExecutionId} -> pipelineExecutionId) (\s@StopPipelineExecutionResponse' {} a -> s {pipelineExecutionId = a} :: StopPipelineExecutionResponse)
    |                                                                                                                                                                                            ^^^^^^^^^^^^^^^^^^^^^^^
[ 90 of 129] Compiling Amazonka.CodePipeline.StartPipelineExecution

gen/Amazonka/CodePipeline/StartPipelineExecution.hs:94:122: warning: [GHC-02256] [-Wambiguous-fields]
    The record update s {name = a} with type StartPipelineExecution is ambiguous.
    This will not be supported by -XDuplicateRecordFields in future releases of GHC.
   |
94 | startPipelineExecution_name = Lens.lens (\StartPipelineExecution' {name} -> name) (\s@StartPipelineExecution' {} a -> s {name = a} :: StartPipelineExecution)
   |                                                                                                                          ^^^^^^^^

gen/Amazonka/CodePipeline/StartPipelineExecution.hs:190:191: warning: [GHC-02256] [-Wambiguous-fields]
    The record update s {pipelineExecutionId = a} with type StartPipelineExecutionResponse is ambiguous.
    This will not be supported by -XDuplicateRecordFields in future releases of GHC.
    |
190 | startPipelineExecutionResponse_pipelineExecutionId = Lens.lens (\StartPipelineExecutionResponse' {pipelineExecutionId} -> pipelineExecutionId) (\s@StartPipelineExecutionResponse' {} a -> s {pipelineExecutionId = a} :: StartPipelineExecutionResponse)
    |                                                                                                                                                                                               ^^^^^^^^^^^^^^^^^^^^^^^
[ 91 of 129] Compiling Amazonka.CodePipeline.RetryStageExecution

gen/Amazonka/CodePipeline/RetryStageExecution.hs:116:137: warning: [GHC-02256] [-Wambiguous-fields]
    The record update s {pipelineName = a} with type RetryStageExecution is ambiguous.
    This will not be supported by -XDuplicateRecordFields in future releases of GHC.
    |
116 | retryStageExecution_pipelineName = Lens.lens (\RetryStageExecution' {pipelineName} -> pipelineName) (\s@RetryStageExecution' {} a -> s {pipelineName = a} :: RetryStageExecution)
    |                                                                                                                                         ^^^^^^^^^^^^^^^^

gen/Amazonka/CodePipeline/RetryStageExecution.hs:120:128: warning: [GHC-02256] [-Wambiguous-fields]
    The record update s {stageName = a} with type RetryStageExecution is ambiguous.
    This will not be supported by -XDuplicateRecordFields in future releases of GHC.
    |
120 | retryStageExecution_stageName = Lens.lens (\RetryStageExecution' {stageName} -> stageName) (\s@RetryStageExecution' {} a -> s {stageName = a} :: RetryStageExecution)
    |                                                                                                                                ^^^^^^^^^^^^^

gen/Amazonka/CodePipeline/RetryStageExecution.hs:126:158: warning: [GHC-02256] [-Wambiguous-fields]
    The record update s {pipelineExecutionId = a} with type RetryStageExecution is ambiguous.
    This will not be supported by -XDuplicateRecordFields in future releases of GHC.
    |
126 | retryStageExecution_pipelineExecutionId = Lens.lens (\RetryStageExecution' {pipelineExecutionId} -> pipelineExecutionId) (\s@RetryStageExecution' {} a -> s {pipelineExecutionId = a} :: RetryStageExecution)
    |                                                                                                                                                              ^^^^^^^^^^^^^^^^^^^^^^^

gen/Amazonka/CodePipeline/RetryStageExecution.hs:230:182: warning: [GHC-02256] [-Wambiguous-fields]
    The record update s {pipelineExecutionId = a} with type RetryStageExecutionResponse is ambiguous.
    This will not be supported by -XDuplicateRecordFields in future releases of GHC.
    |
230 | retryStageExecutionResponse_pipelineExecutionId = Lens.lens (\RetryStageExecutionResponse' {pipelineExecutionId} -> pipelineExecutionId) (\s@RetryStageExecutionResponse' {} a -> s {pipelineExecutionId = a} :: RetryStageExecutionResponse)
    |                                                                                                                                                                                      ^^^^^^^^^^^^^^^^^^^^^^^
[ 92 of 129] Compiling Amazonka.CodePipeline.RegisterWebhookWithThirdParty
[ 93 of 129] Compiling Amazonka.CodePipeline.PutWebhook

gen/Amazonka/CodePipeline/PutWebhook.hs:99:86: warning: [GHC-02256] [-Wambiguous-fields]
    The record update s {tags = a} with type PutWebhook is ambiguous.
    This will not be supported by -XDuplicateRecordFields in future releases of GHC.
   |
99 | putWebhook_tags = Lens.lens (\PutWebhook' {tags} -> tags) (\s@PutWebhook' {} a -> s {tags = a} :: PutWebhook) Prelude.. Lens.mapping Lens.coerced
   |                                                                                      ^^^^^^^^

gen/Amazonka/CodePipeline/PutWebhook.hs:107:95: warning: [GHC-02256] [-Wambiguous-fields]
    The record update s {webhook = a} with type PutWebhook is ambiguous.
    This will not be supported by -XDuplicateRecordFields in future releases of GHC.
    |
107 | putWebhook_webhook = Lens.lens (\PutWebhook' {webhook} -> webhook) (\s@PutWebhook' {} a -> s {webhook = a} :: PutWebhook)
    |                                                                                               ^^^^^^^^^^^

gen/Amazonka/CodePipeline/PutWebhook.hs:196:119: warning: [GHC-02256] [-Wambiguous-fields]
    The record update s {webhook = a} with type PutWebhookResponse is ambiguous.
    This will not be supported by -XDuplicateRecordFields in future releases of GHC.
    |
196 | putWebhookResponse_webhook = Lens.lens (\PutWebhookResponse' {webhook} -> webhook) (\s@PutWebhookResponse' {} a -> s {webhook = a} :: PutWebhookResponse)
    |                                                                                                                       ^^^^^^^^^^^
[ 94 of 129] Compiling Amazonka.CodePipeline.PutThirdPartyJobSuccessResult

gen/Amazonka/CodePipeline/PutThirdPartyJobSuccessResult.hs:128:182: warning: [GHC-02256] [-Wambiguous-fields]
    The record update s {continuationToken = a} with type PutThirdPartyJobSuccessResult is ambiguous.
    This will not be supported by -XDuplicateRecordFields in future releases of GHC.
    |
128 | putThirdPartyJobSuccessResult_continuationToken = Lens.lens (\PutThirdPartyJobSuccessResult' {continuationToken} -> continuationToken) (\s@PutThirdPartyJobSuccessResult' {} a -> s {continuationToken = a} :: PutThirdPartyJobSuccessResult)
    |                                                                                                                                                                                      ^^^^^^^^^^^^^^^^^^^^^

gen/Amazonka/CodePipeline/PutThirdPartyJobSuccessResult.hs:132:176: warning: [GHC-02256] [-Wambiguous-fields]
    The record update s {currentRevision = a} with type PutThirdPartyJobSuccessResult is ambiguous.
    This will not be supported by -XDuplicateRecordFields in future releases of GHC.
    |
132 | putThirdPartyJobSuccessResult_currentRevision = Lens.lens (\PutThirdPartyJobSuccessResult' {currentRevision} -> currentRevision) (\s@PutThirdPartyJobSuccessResult' {} a -> s {currentRevision = a} :: PutThirdPartyJobSuccessResult)
    |                                                                                                                                                                                ^^^^^^^^^^^^^^^^^^^

gen/Amazonka/CodePipeline/PutThirdPartyJobSuccessResult.hs:142:146: warning: [GHC-02256] [-Wambiguous-fields]
    The record update s {jobId = a} with type PutThirdPartyJobSuccessResult is ambiguous.
    This will not be supported by -XDuplicateRecordFields in future releases of GHC.
    |
142 | putThirdPartyJobSuccessResult_jobId = Lens.lens (\PutThirdPartyJobSuccessResult' {jobId} -> jobId) (\s@PutThirdPartyJobSuccessResult' {} a -> s {jobId = a} :: PutThirdPartyJobSuccessResult)
    |                                                                                                                                                  ^^^^^^^^^
[ 95 of 129] Compiling Amazonka.CodePipeline.PutThirdPartyJobFailureResult

gen/Amazonka/CodePipeline/PutThirdPartyJobFailureResult.hs:102:146: warning: [GHC-02256] [-Wambiguous-fields]
    The record update s {jobId = a} with type PutThirdPartyJobFailureResult is ambiguous.
    This will not be supported by -XDuplicateRecordFields in future releases of GHC.
    |
102 | putThirdPartyJobFailureResult_jobId = Lens.lens (\PutThirdPartyJobFailureResult' {jobId} -> jobId) (\s@PutThirdPartyJobFailureResult' {} a -> s {jobId = a} :: PutThirdPartyJobFailureResult)
    |                                                                                                                                                  ^^^^^^^^^
[ 96 of 129] Compiling Amazonka.CodePipeline.PutJobSuccessResult

gen/Amazonka/CodePipeline/PutJobSuccessResult.hs:126:152: warning: [GHC-02256] [-Wambiguous-fields]
    The record update s {continuationToken = a} with type PutJobSuccessResult is ambiguous.
    This will not be supported by -XDuplicateRecordFields in future releases of GHC.
    |
126 | putJobSuccessResult_continuationToken = Lens.lens (\PutJobSuccessResult' {continuationToken} -> continuationToken) (\s@PutJobSuccessResult' {} a -> s {continuationToken = a} :: PutJobSuccessResult)
    |                                                                                                                                                        ^^^^^^^^^^^^^^^^^^^^^

gen/Amazonka/CodePipeline/PutJobSuccessResult.hs:131:146: warning: [GHC-02256] [-Wambiguous-fields]
    The record update s {currentRevision = a} with type PutJobSuccessResult is ambiguous.
    This will not be supported by -XDuplicateRecordFields in future releases of GHC.
    |
131 | putJobSuccessResult_currentRevision = Lens.lens (\PutJobSuccessResult' {currentRevision} -> currentRevision) (\s@PutJobSuccessResult' {} a -> s {currentRevision = a} :: PutJobSuccessResult)
    |                                                                                                                                                  ^^^^^^^^^^^^^^^^^^^

gen/Amazonka/CodePipeline/PutJobSuccessResult.hs:142:146: warning: [GHC-02256] [-Wambiguous-fields]
    The record update s {outputVariables = a} with type PutJobSuccessResult is ambiguous.
    This will not be supported by -XDuplicateRecordFields in future releases of GHC.
    |
142 | putJobSuccessResult_outputVariables = Lens.lens (\PutJobSuccessResult' {outputVariables} -> outputVariables) (\s@PutJobSuccessResult' {} a -> s {outputVariables = a} :: PutJobSuccessResult) Prelude.. Lens.mapping Lens.coerced
    |                                                                                                                                                  ^^^^^^^^^^^^^^^^^^^

gen/Amazonka/CodePipeline/PutJobSuccessResult.hs:147:116: warning: [GHC-02256] [-Wambiguous-fields]
    The record update s {jobId = a} with type PutJobSuccessResult is ambiguous.
    This will not be supported by -XDuplicateRecordFields in future releases of GHC.
    |
147 | putJobSuccessResult_jobId = Lens.lens (\PutJobSuccessResult' {jobId} -> jobId) (\s@PutJobSuccessResult' {} a -> s {jobId = a} :: PutJobSuccessResult)
    |                                                                                                                    ^^^^^^^^^
[ 97 of 129] Compiling Amazonka.CodePipeline.PutJobFailureResult

gen/Amazonka/CodePipeline/PutJobFailureResult.hs:87:116: warning: [GHC-02256] [-Wambiguous-fields]
    The record update s {jobId = a} with type PutJobFailureResult is ambiguous.
    This will not be supported by -XDuplicateRecordFields in future releases of GHC.
   |
87 | putJobFailureResult_jobId = Lens.lens (\PutJobFailureResult' {jobId} -> jobId) (\s@PutJobFailureResult' {} a -> s {jobId = a} :: PutJobFailureResult)
   |                                                                                                                    ^^^^^^^^^
[ 98 of 129] Compiling Amazonka.CodePipeline.PutApprovalResult

gen/Amazonka/CodePipeline/PutApprovalResult.hs:123:131: warning: [GHC-02256] [-Wambiguous-fields]
    The record update s {pipelineName = a} with type PutApprovalResult is ambiguous.
    This will not be supported by -XDuplicateRecordFields in future releases of GHC.
    |
123 | putApprovalResult_pipelineName = Lens.lens (\PutApprovalResult' {pipelineName} -> pipelineName) (\s@PutApprovalResult' {} a -> s {pipelineName = a} :: PutApprovalResult)
    |                                                                                                                                   ^^^^^^^^^^^^^^^^

gen/Amazonka/CodePipeline/PutApprovalResult.hs:127:122: warning: [GHC-02256] [-Wambiguous-fields]
    The record update s {stageName = a} with type PutApprovalResult is ambiguous.
    This will not be supported by -XDuplicateRecordFields in future releases of GHC.
    |
127 | putApprovalResult_stageName = Lens.lens (\PutApprovalResult' {stageName} -> stageName) (\s@PutApprovalResult' {} a -> s {stageName = a} :: PutApprovalResult)
    |                                                                                                                          ^^^^^^^^^^^^^

gen/Amazonka/CodePipeline/PutApprovalResult.hs:131:125: warning: [GHC-02256] [-Wambiguous-fields]
    The record update s {actionName = a} with type PutApprovalResult is ambiguous.
    This will not be supported by -XDuplicateRecordFields in future releases of GHC.
    |
131 | putApprovalResult_actionName = Lens.lens (\PutApprovalResult' {actionName} -> actionName) (\s@PutApprovalResult' {} a -> s {actionName = a} :: PutApprovalResult)
    |                                                                                                                             ^^^^^^^^^^^^^^

gen/Amazonka/CodePipeline/PutApprovalResult.hs:142:110: warning: [GHC-02256] [-Wambiguous-fields]
    The record update s {token = a} with type PutApprovalResult is ambiguous.
    This will not be supported by -XDuplicateRecordFields in future releases of GHC.
    |
142 | putApprovalResult_token = Lens.lens (\PutApprovalResult' {token} -> token) (\s@PutApprovalResult' {} a -> s {token = a} :: PutApprovalResult)
    |                                                                                                              ^^^^^^^^^
[ 99 of 129] Compiling Amazonka.CodePipeline.PutActionRevision

gen/Amazonka/CodePipeline/PutActionRevision.hs:114:131: warning: [GHC-02256] [-Wambiguous-fields]
    The record update s {pipelineName = a} with type PutActionRevision is ambiguous.
    This will not be supported by -XDuplicateRecordFields in future releases of GHC.
    |
114 | putActionRevision_pipelineName = Lens.lens (\PutActionRevision' {pipelineName} -> pipelineName) (\s@PutActionRevision' {} a -> s {pipelineName = a} :: PutActionRevision)
    |                                                                                                                                   ^^^^^^^^^^^^^^^^

gen/Amazonka/CodePipeline/PutActionRevision.hs:119:122: warning: [GHC-02256] [-Wambiguous-fields]
    The record update s {stageName = a} with type PutActionRevision is ambiguous.
    This will not be supported by -XDuplicateRecordFields in future releases of GHC.
    |
119 | putActionRevision_stageName = Lens.lens (\PutActionRevision' {stageName} -> stageName) (\s@PutActionRevision' {} a -> s {stageName = a} :: PutActionRevision)
    |                                                                                                                          ^^^^^^^^^^^^^

gen/Amazonka/CodePipeline/PutActionRevision.hs:123:125: warning: [GHC-02256] [-Wambiguous-fields]
    The record update s {actionName = a} with type PutActionRevision is ambiguous.
    This will not be supported by -XDuplicateRecordFields in future releases of GHC.
    |
123 | putActionRevision_actionName = Lens.lens (\PutActionRevision' {actionName} -> actionName) (\s@PutActionRevision' {} a -> s {actionName = a} :: PutActionRevision)
    |                                                                                                                             ^^^^^^^^^^^^^^

gen/Amazonka/CodePipeline/PutActionRevision.hs:239:176: warning: [GHC-02256] [-Wambiguous-fields]
    The record update s {pipelineExecutionId = a} with type PutActionRevisionResponse is ambiguous.
    This will not be supported by -XDuplicateRecordFields in future releases of GHC.
    |
239 | putActionRevisionResponse_pipelineExecutionId = Lens.lens (\PutActionRevisionResponse' {pipelineExecutionId} -> pipelineExecutionId) (\s@PutActionRevisionResponse' {} a -> s {pipelineExecutionId = a} :: PutActionRevisionResponse)
    |                                                                                                                                                                                ^^^^^^^^^^^^^^^^^^^^^^^
[100 of 129] Compiling Amazonka.CodePipeline.PollForThirdPartyJobs

gen/Amazonka/CodePipeline/PollForThirdPartyJobs.hs:95:143: warning: [GHC-02256] [-Wambiguous-fields]
    The record update s {actionTypeId = a} with type PollForThirdPartyJobs is ambiguous.
    This will not be supported by -XDuplicateRecordFields in future releases of GHC.
   |
95 | pollForThirdPartyJobs_actionTypeId = Lens.lens (\PollForThirdPartyJobs' {actionTypeId} -> actionTypeId) (\s@PollForThirdPartyJobs' {} a -> s {actionTypeId = a} :: PollForThirdPartyJobs)
   |                                                                                                                                               ^^^^^^^^^^^^^^^^
[101 of 129] Compiling Amazonka.CodePipeline.PollForJobs

gen/Amazonka/CodePipeline/PollForJobs.hs:119:113: warning: [GHC-02256] [-Wambiguous-fields]
    The record update s {actionTypeId = a} with type PollForJobs is ambiguous.
    This will not be supported by -XDuplicateRecordFields in future releases of GHC.
    |
119 | pollForJobs_actionTypeId = Lens.lens (\PollForJobs' {actionTypeId} -> actionTypeId) (\s@PollForJobs' {} a -> s {actionTypeId = a} :: PollForJobs)
    |                                                                                                                 ^^^^^^^^^^^^^^^^
[102 of 129] Compiling Amazonka.CodePipeline.ListWebhooks

gen/Amazonka/CodePipeline/ListWebhooks.hs:99:107: warning: [GHC-02256] [-Wambiguous-fields]
    The record update s {nextToken = a} with type ListWebhooks is ambiguous.
    This will not be supported by -XDuplicateRecordFields in future releases of GHC.
   |
99 | listWebhooks_nextToken = Lens.lens (\ListWebhooks' {nextToken} -> nextToken) (\s@ListWebhooks' {} a -> s {nextToken = a} :: ListWebhooks)
   |                                                                                                           ^^^^^^^^^^^^^

gen/Amazonka/CodePipeline/ListWebhooks.hs:222:131: warning: [GHC-02256] [-Wambiguous-fields]
    The record update s {nextToken = a} with type ListWebhooksResponse is ambiguous.
    This will not be supported by -XDuplicateRecordFields in future releases of GHC.
    |
222 | listWebhooksResponse_nextToken = Lens.lens (\ListWebhooksResponse' {nextToken} -> nextToken) (\s@ListWebhooksResponse' {} a -> s {nextToken = a} :: ListWebhooksResponse)
    |                                                                                                                                   ^^^^^^^^^^^^^
[103 of 129] Compiling Amazonka.CodePipeline.ListTagsForResource

gen/Amazonka/CodePipeline/ListTagsForResource.hs:103:128: warning: [GHC-02256] [-Wambiguous-fields]
    The record update s {nextToken = a} with type ListTagsForResource is ambiguous.
    This will not be supported by -XDuplicateRecordFields in future releases of GHC.
    |
103 | listTagsForResource_nextToken = Lens.lens (\ListTagsForResource' {nextToken} -> nextToken) (\s@ListTagsForResource' {} a -> s {nextToken = a} :: ListTagsForResource)
    |                                                                                                                                ^^^^^^^^^^^^^

gen/Amazonka/CodePipeline/ListTagsForResource.hs:237:152: warning: [GHC-02256] [-Wambiguous-fields]
    The record update s {nextToken = a} with type ListTagsForResourceResponse is ambiguous.
    This will not be supported by -XDuplicateRecordFields in future releases of GHC.
    |
237 | listTagsForResourceResponse_nextToken = Lens.lens (\ListTagsForResourceResponse' {nextToken} -> nextToken) (\s@ListTagsForResourceResponse' {} a -> s {nextToken = a} :: ListTagsForResourceResponse)
    |                                                                                                                                                        ^^^^^^^^^^^^^

gen/Amazonka/CodePipeline/ListTagsForResource.hs:241:137: warning: [GHC-02256] [-Wambiguous-fields]
    The record update s {tags = a} with type ListTagsForResourceResponse is ambiguous.
    This will not be supported by -XDuplicateRecordFields in future releases of GHC.
    |
241 | listTagsForResourceResponse_tags = Lens.lens (\ListTagsForResourceResponse' {tags} -> tags) (\s@ListTagsForResourceResponse' {} a -> s {tags = a} :: ListTagsForResourceResponse) Prelude.. Lens.mapping Lens.coerced
    |                                                                                                                                         ^^^^^^^^
[104 of 129] Compiling Amazonka.CodePipeline.ListPipelines

gen/Amazonka/CodePipeline/ListPipelines.hs:102:110: warning: [GHC-02256] [-Wambiguous-fields]
    The record update s {nextToken = a} with type ListPipelines is ambiguous.
    This will not be supported by -XDuplicateRecordFields in future releases of GHC.
    |
102 | listPipelines_nextToken = Lens.lens (\ListPipelines' {nextToken} -> nextToken) (\s@ListPipelines' {} a -> s {nextToken = a} :: ListPipelines)
    |                                                                                                              ^^^^^^^^^^^^^

gen/Amazonka/CodePipeline/ListPipelines.hs:227:134: warning: [GHC-02256] [-Wambiguous-fields]
    The record update s {nextToken = a} with type ListPipelinesResponse is ambiguous.
    This will not be supported by -XDuplicateRecordFields in future releases of GHC.
    |
227 | listPipelinesResponse_nextToken = Lens.lens (\ListPipelinesResponse' {nextToken} -> nextToken) (\s@ListPipelinesResponse' {} a -> s {nextToken = a} :: ListPipelinesResponse)
    |                                                                                                                                      ^^^^^^^^^^^^^
[105 of 129] Compiling Amazonka.CodePipeline.ListPipelineExecutions

gen/Amazonka/CodePipeline/ListPipelineExecutions.hs:116:137: warning: [GHC-02256] [-Wambiguous-fields]
    The record update s {nextToken = a} with type ListPipelineExecutions is ambiguous.
    This will not be supported by -XDuplicateRecordFields in future releases of GHC.
    |
116 | listPipelineExecutions_nextToken = Lens.lens (\ListPipelineExecutions' {nextToken} -> nextToken) (\s@ListPipelineExecutions' {} a -> s {nextToken = a} :: ListPipelineExecutions)
    |                                                                                                                                         ^^^^^^^^^^^^^

gen/Amazonka/CodePipeline/ListPipelineExecutions.hs:121:146: warning: [GHC-02256] [-Wambiguous-fields]
    The record update s {pipelineName = a} with type ListPipelineExecutions is ambiguous.
    This will not be supported by -XDuplicateRecordFields in future releases of GHC.
    |
121 | listPipelineExecutions_pipelineName = Lens.lens (\ListPipelineExecutions' {pipelineName} -> pipelineName) (\s@ListPipelineExecutions' {} a -> s {pipelineName = a} :: ListPipelineExecutions)
    |                                                                                                                                                  ^^^^^^^^^^^^^^^^

gen/Amazonka/CodePipeline/ListPipelineExecutions.hs:254:161: warning: [GHC-02256] [-Wambiguous-fields]
    The record update s {nextToken = a} with type ListPipelineExecutionsResponse is ambiguous.
    This will not be supported by -XDuplicateRecordFields in future releases of GHC.
    |
254 | listPipelineExecutionsResponse_nextToken = Lens.lens (\ListPipelineExecutionsResponse' {nextToken} -> nextToken) (\s@ListPipelineExecutionsResponse' {} a -> s {nextToken = a} :: ListPipelineExecutionsResponse)
    |                                                                                                                                                                 ^^^^^^^^^^^^^
[106 of 129] Compiling Amazonka.CodePipeline.ListActionTypes

gen/Amazonka/CodePipeline/ListActionTypes.hs:104:116: warning: [GHC-02256] [-Wambiguous-fields]
    The record update s {nextToken = a} with type ListActionTypes is ambiguous.
    This will not be supported by -XDuplicateRecordFields in future releases of GHC.
    |
104 | listActionTypes_nextToken = Lens.lens (\ListActionTypes' {nextToken} -> nextToken) (\s@ListActionTypes' {} a -> s {nextToken = a} :: ListActionTypes)
    |                                                                                                                    ^^^^^^^^^^^^^

gen/Amazonka/CodePipeline/ListActionTypes.hs:235:140: warning: [GHC-02256] [-Wambiguous-fields]
    The record update s {nextToken = a} with type ListActionTypesResponse is ambiguous.
    This will not be supported by -XDuplicateRecordFields in future releases of GHC.
    |
235 | listActionTypesResponse_nextToken = Lens.lens (\ListActionTypesResponse' {nextToken} -> nextToken) (\s@ListActionTypesResponse' {} a -> s {nextToken = a} :: ListActionTypesResponse)
    |                                                                                                                                            ^^^^^^^^^^^^^
[107 of 129] Compiling Amazonka.CodePipeline.ListActionExecutions

gen/Amazonka/CodePipeline/ListActionExecutions.hs:132:131: warning: [GHC-02256] [-Wambiguous-fields]
    The record update s {nextToken = a} with type ListActionExecutions is ambiguous.
    This will not be supported by -XDuplicateRecordFields in future releases of GHC.
    |
132 | listActionExecutions_nextToken = Lens.lens (\ListActionExecutions' {nextToken} -> nextToken) (\s@ListActionExecutions' {} a -> s {nextToken = a} :: ListActionExecutions)
    |                                                                                                                                   ^^^^^^^^^^^^^

gen/Amazonka/CodePipeline/ListActionExecutions.hs:137:140: warning: [GHC-02256] [-Wambiguous-fields]
    The record update s {pipelineName = a} with type ListActionExecutions is ambiguous.
    This will not be supported by -XDuplicateRecordFields in future releases of GHC.
    |
137 | listActionExecutions_pipelineName = Lens.lens (\ListActionExecutions' {pipelineName} -> pipelineName) (\s@ListActionExecutions' {} a -> s {pipelineName = a} :: ListActionExecutions)
    |                                                                                                                                            ^^^^^^^^^^^^^^^^

gen/Amazonka/CodePipeline/ListActionExecutions.hs:280:155: warning: [GHC-02256] [-Wambiguous-fields]
    The record update s {nextToken = a} with type ListActionExecutionsResponse is ambiguous.
    This will not be supported by -XDuplicateRecordFields in future releases of GHC.
    |
280 | listActionExecutionsResponse_nextToken = Lens.lens (\ListActionExecutionsResponse' {nextToken} -> nextToken) (\s@ListActionExecutionsResponse' {} a -> s {nextToken = a} :: ListActionExecutionsResponse)
    |                                                                                                                                                           ^^^^^^^^^^^^^
[108 of 129] Compiling Amazonka.CodePipeline.GetThirdPartyJobDetails

gen/Amazonka/CodePipeline/GetThirdPartyJobDetails.hs:97:128: warning: [GHC-02256] [-Wambiguous-fields]
    The record update s {jobId = a} with type GetThirdPartyJobDetails is ambiguous.
    This will not be supported by -XDuplicateRecordFields in future releases of GHC.
   |
97 | getThirdPartyJobDetails_jobId = Lens.lens (\GetThirdPartyJobDetails' {jobId} -> jobId) (\s@GetThirdPartyJobDetails' {} a -> s {jobId = a} :: GetThirdPartyJobDetails)
   |                                                                                                                                ^^^^^^^^^
[109 of 129] Compiling Amazonka.CodePipeline.GetPipelineState

gen/Amazonka/CodePipeline/GetPipelineState.hs:86:104: warning: [GHC-02256] [-Wambiguous-fields]
    The record update s {name = a} with type GetPipelineState is ambiguous.
    This will not be supported by -XDuplicateRecordFields in future releases of GHC.
   |
86 | getPipelineState_name = Lens.lens (\GetPipelineState' {name} -> name) (\s@GetPipelineState' {} a -> s {name = a} :: GetPipelineState)
   |                                                                                                        ^^^^^^^^

gen/Amazonka/CodePipeline/GetPipelineState.hs:204:137: warning: [GHC-02256] [-Wambiguous-fields]
    The record update s {created = a} with type GetPipelineStateResponse is ambiguous.
    This will not be supported by -XDuplicateRecordFields in future releases of GHC.
    |
204 | getPipelineStateResponse_created = Lens.lens (\GetPipelineStateResponse' {created} -> created) (\s@GetPipelineStateResponse' {} a -> s {created = a} :: GetPipelineStateResponse) Prelude.. Lens.mapping Data._Time
    |                                                                                                                                         ^^^^^^^^^^^

gen/Amazonka/CodePipeline/GetPipelineState.hs:208:152: warning: [GHC-02256] [-Wambiguous-fields]
    The record update s {pipelineName = a} with type GetPipelineStateResponse is ambiguous.
    This will not be supported by -XDuplicateRecordFields in future releases of GHC.
    |
208 | getPipelineStateResponse_pipelineName = Lens.lens (\GetPipelineStateResponse' {pipelineName} -> pipelineName) (\s@GetPipelineStateResponse' {} a -> s {pipelineName = a} :: GetPipelineStateResponse)
    |                                                                                                                                                        ^^^^^^^^^^^^^^^^

gen/Amazonka/CodePipeline/GetPipelineState.hs:214:161: warning: [GHC-02256] [-Wambiguous-fields]
    The record update s {pipelineVersion = a} with type GetPipelineStateResponse is ambiguous.
    This will not be supported by -XDuplicateRecordFields in future releases of GHC.
    |
214 | getPipelineStateResponse_pipelineVersion = Lens.lens (\GetPipelineStateResponse' {pipelineVersion} -> pipelineVersion) (\s@GetPipelineStateResponse' {} a -> s {pipelineVersion = a} :: GetPipelineStateResponse)
    |                                                                                                                                                                 ^^^^^^^^^^^^^^^^^^^

gen/Amazonka/CodePipeline/GetPipelineState.hs:224:137: warning: [GHC-02256] [-Wambiguous-fields]
    The record update s {updated = a} with type GetPipelineStateResponse is ambiguous.
    This will not be supported by -XDuplicateRecordFields in future releases of GHC.
    |
224 | getPipelineStateResponse_updated = Lens.lens (\GetPipelineStateResponse' {updated} -> updated) (\s@GetPipelineStateResponse' {} a -> s {updated = a} :: GetPipelineStateResponse) Prelude.. Lens.mapping Data._Time
    |                                                                                                                                         ^^^^^^^^^^^
[110 of 129] Compiling Amazonka.CodePipeline.GetPipelineExecution

gen/Amazonka/CodePipeline/GetPipelineExecution.hs:94:140: warning: [GHC-02256] [-Wambiguous-fields]
    The record update s {pipelineName = a} with type GetPipelineExecution is ambiguous.
    This will not be supported by -XDuplicateRecordFields in future releases of GHC.
   |
94 | getPipelineExecution_pipelineName = Lens.lens (\GetPipelineExecution' {pipelineName} -> pipelineName) (\s@GetPipelineExecution' {} a -> s {pipelineName = a} :: GetPipelineExecution)
   |                                                                                                                                            ^^^^^^^^^^^^^^^^

gen/Amazonka/CodePipeline/GetPipelineExecution.hs:99:161: warning: [GHC-02256] [-Wambiguous-fields]
    The record update s {pipelineExecutionId = a} with type GetPipelineExecution is ambiguous.
    This will not be supported by -XDuplicateRecordFields in future releases of GHC.
   |
99 | getPipelineExecution_pipelineExecutionId = Lens.lens (\GetPipelineExecution' {pipelineExecutionId} -> pipelineExecutionId) (\s@GetPipelineExecution' {} a -> s {pipelineExecutionId = a} :: GetPipelineExecution)
   |                                                                                                                                                                 ^^^^^^^^^^^^^^^^^^^^^^^
[111 of 129] Compiling Amazonka.CodePipeline.GetPipeline

gen/Amazonka/CodePipeline/GetPipeline.hs:94:98: warning: [GHC-02256] [-Wambiguous-fields]
    The record update s {version = a} with type GetPipeline is ambiguous.
    This will not be supported by -XDuplicateRecordFields in future releases of GHC.
   |
94 | getPipeline_version = Lens.lens (\GetPipeline' {version} -> version) (\s@GetPipeline' {} a -> s {version = a} :: GetPipeline)
   |                                                                                                  ^^^^^^^^^^^

gen/Amazonka/CodePipeline/GetPipeline.hs:99:89: warning: [GHC-02256] [-Wambiguous-fields]
    The record update s {name = a} with type GetPipeline is ambiguous.
    This will not be supported by -XDuplicateRecordFields in future releases of GHC.
   |
99 | getPipeline_name = Lens.lens (\GetPipeline' {name} -> name) (\s@GetPipeline' {} a -> s {name = a} :: GetPipeline)
   |                                                                                         ^^^^^^^^
[112 of 129] Compiling Amazonka.CodePipeline.GetJobDetails

gen/Amazonka/CodePipeline/GetJobDetails.hs:82:98: warning: [GHC-02256] [-Wambiguous-fields]
    The record update s {jobId = a} with type GetJobDetails is ambiguous.
    This will not be supported by -XDuplicateRecordFields in future releases of GHC.
   |
82 | getJobDetails_jobId = Lens.lens (\GetJobDetails' {jobId} -> jobId) (\s@GetJobDetails' {} a -> s {jobId = a} :: GetJobDetails)
   |                                                                                                  ^^^^^^^^^
[113 of 129] Compiling Amazonka.CodePipeline.GetActionType

gen/Amazonka/CodePipeline/GetActionType.hs:151:107: warning: [GHC-02256] [-Wambiguous-fields]
    The record update s {category = a} with type GetActionType is ambiguous.
    This will not be supported by -XDuplicateRecordFields in future releases of GHC.
    |
151 | getActionType_category = Lens.lens (\GetActionType' {category} -> category) (\s@GetActionType' {} a -> s {category = a} :: GetActionType)
    |                                                                                                           ^^^^^^^^^^^^

gen/Amazonka/CodePipeline/GetActionType.hs:156:98: warning: [GHC-02256] [-Wambiguous-fields]
    The record update s {owner = a} with type GetActionType is ambiguous.
    This will not be supported by -XDuplicateRecordFields in future releases of GHC.
    |
156 | getActionType_owner = Lens.lens (\GetActionType' {owner} -> owner) (\s@GetActionType' {} a -> s {owner = a} :: GetActionType)
    |                                                                                                  ^^^^^^^^^

gen/Amazonka/CodePipeline/GetActionType.hs:161:107: warning: [GHC-02256] [-Wambiguous-fields]
    The record update s {provider = a} with type GetActionType is ambiguous.
    This will not be supported by -XDuplicateRecordFields in future releases of GHC.
    |
161 | getActionType_provider = Lens.lens (\GetActionType' {provider} -> provider) (\s@GetActionType' {} a -> s {provider = a} :: GetActionType)
    |                                                                                                           ^^^^^^^^^^^^

gen/Amazonka/CodePipeline/GetActionType.hs:165:104: warning: [GHC-02256] [-Wambiguous-fields]
    The record update s {version = a} with type GetActionType is ambiguous.
    This will not be supported by -XDuplicateRecordFields in future releases of GHC.
    |
165 | getActionType_version = Lens.lens (\GetActionType' {version} -> version) (\s@GetActionType' {} a -> s {version = a} :: GetActionType)
    |                                                                                                        ^^^^^^^^^^^
[114 of 129] Compiling Amazonka.CodePipeline.EnableStageTransition

gen/Amazonka/CodePipeline/EnableStageTransition.hs:108:143: warning: [GHC-02256] [-Wambiguous-fields]
    The record update s {pipelineName = a} with type EnableStageTransition is ambiguous.
    This will not be supported by -XDuplicateRecordFields in future releases of GHC.
    |
108 | enableStageTransition_pipelineName = Lens.lens (\EnableStageTransition' {pipelineName} -> pipelineName) (\s@EnableStageTransition' {} a -> s {pipelineName = a} :: EnableStageTransition)
    |                                                                                                                                               ^^^^^^^^^^^^^^^^

gen/Amazonka/CodePipeline/EnableStageTransition.hs:114:134: warning: [GHC-02256] [-Wambiguous-fields]
    The record update s {stageName = a} with type EnableStageTransition is ambiguous.
    This will not be supported by -XDuplicateRecordFields in future releases of GHC.
    |
114 | enableStageTransition_stageName = Lens.lens (\EnableStageTransition' {stageName} -> stageName) (\s@EnableStageTransition' {} a -> s {stageName = a} :: EnableStageTransition)
    |                                                                                                                                      ^^^^^^^^^^^^^
[115 of 129] Compiling Amazonka.CodePipeline.DisableStageTransition

gen/Amazonka/CodePipeline/DisableStageTransition.hs:120:146: warning: [GHC-02256] [-Wambiguous-fields]
    The record update s {pipelineName = a} with type DisableStageTransition is ambiguous.
    This will not be supported by -XDuplicateRecordFields in future releases of GHC.
    |
120 | disableStageTransition_pipelineName = Lens.lens (\DisableStageTransition' {pipelineName} -> pipelineName) (\s@DisableStageTransition' {} a -> s {pipelineName = a} :: DisableStageTransition)
    |                                                                                                                                                  ^^^^^^^^^^^^^^^^

gen/Amazonka/CodePipeline/DisableStageTransition.hs:125:137: warning: [GHC-02256] [-Wambiguous-fields]
    The record update s {stageName = a} with type DisableStageTransition is ambiguous.
    This will not be supported by -XDuplicateRecordFields in future releases of GHC.
    |
125 | disableStageTransition_stageName = Lens.lens (\DisableStageTransition' {stageName} -> stageName) (\s@DisableStageTransition' {} a -> s {stageName = a} :: DisableStageTransition)
    |                                                                                                                                         ^^^^^^^^^^^^^

gen/Amazonka/CodePipeline/DisableStageTransition.hs:138:128: warning: [GHC-02256] [-Wambiguous-fields]
    The record update s {reason = a} with type DisableStageTransition is ambiguous.
    This will not be supported by -XDuplicateRecordFields in future releases of GHC.
    |
138 | disableStageTransition_reason = Lens.lens (\DisableStageTransition' {reason} -> reason) (\s@DisableStageTransition' {} a -> s {reason = a} :: DisableStageTransition)
    |                                                                                                                                ^^^^^^^^^^
[116 of 129] Compiling Amazonka.CodePipeline.DeregisterWebhookWithThirdParty
[117 of 129] Compiling Amazonka.CodePipeline.DeleteWebhook

gen/Amazonka/CodePipeline/DeleteWebhook.hs:78:95: warning: [GHC-02256] [-Wambiguous-fields]
    The record update s {name = a} with type DeleteWebhook is ambiguous.
    This will not be supported by -XDuplicateRecordFields in future releases of GHC.
   |
78 | deleteWebhook_name = Lens.lens (\DeleteWebhook' {name} -> name) (\s@DeleteWebhook' {} a -> s {name = a} :: DeleteWebhook)
   |                                                                                               ^^^^^^^^
[118 of 129] Compiling Amazonka.CodePipeline.DeletePipeline

gen/Amazonka/CodePipeline/DeletePipeline.hs:73:98: warning: [GHC-02256] [-Wambiguous-fields]
    The record update s {name = a} with type DeletePipeline is ambiguous.
    This will not be supported by -XDuplicateRecordFields in future releases of GHC.
   |
73 | deletePipeline_name = Lens.lens (\DeletePipeline' {name} -> name) (\s@DeletePipeline' {} a -> s {name = a} :: DeletePipeline)
   |                                                                                                  ^^^^^^^^
[119 of 129] Compiling Amazonka.CodePipeline.DeleteCustomActionType

gen/Amazonka/CodePipeline/DeleteCustomActionType.hs:108:134: warning: [GHC-02256] [-Wambiguous-fields]
    The record update s {category = a} with type DeleteCustomActionType is ambiguous.
    This will not be supported by -XDuplicateRecordFields in future releases of GHC.
    |
108 | deleteCustomActionType_category = Lens.lens (\DeleteCustomActionType' {category} -> category) (\s@DeleteCustomActionType' {} a -> s {category = a} :: DeleteCustomActionType)
    |                                                                                                                                      ^^^^^^^^^^^^

gen/Amazonka/CodePipeline/DeleteCustomActionType.hs:113:134: warning: [GHC-02256] [-Wambiguous-fields]
    The record update s {provider = a} with type DeleteCustomActionType is ambiguous.
    This will not be supported by -XDuplicateRecordFields in future releases of GHC.
    |
113 | deleteCustomActionType_provider = Lens.lens (\DeleteCustomActionType' {provider} -> provider) (\s@DeleteCustomActionType' {} a -> s {provider = a} :: DeleteCustomActionType)
    |                                                                                                                                      ^^^^^^^^^^^^

gen/Amazonka/CodePipeline/DeleteCustomActionType.hs:117:131: warning: [GHC-02256] [-Wambiguous-fields]
    The record update s {version = a} with type DeleteCustomActionType is ambiguous.
    This will not be supported by -XDuplicateRecordFields in future releases of GHC.
    |
117 | deleteCustomActionType_version = Lens.lens (\DeleteCustomActionType' {version} -> version) (\s@DeleteCustomActionType' {} a -> s {version = a} :: DeleteCustomActionType)
    |                                                                                                                                   ^^^^^^^^^^^
[120 of 129] Compiling Amazonka.CodePipeline.CreatePipeline

gen/Amazonka/CodePipeline/CreatePipeline.hs:93:98: warning: [GHC-02256] [-Wambiguous-fields]
    The record update s {tags = a} with type CreatePipeline is ambiguous.
    This will not be supported by -XDuplicateRecordFields in future releases of GHC.
   |
93 | createPipeline_tags = Lens.lens (\CreatePipeline' {tags} -> tags) (\s@CreatePipeline' {} a -> s {tags = a} :: CreatePipeline) Prelude.. Lens.mapping Lens.coerced
   |                                                                                                  ^^^^^^^^

gen/Amazonka/CodePipeline/CreatePipeline.hs:98:110: warning: [GHC-02256] [-Wambiguous-fields]
    The record update s {pipeline = a} with type CreatePipeline is ambiguous.
    This will not be supported by -XDuplicateRecordFields in future releases of GHC.
   |
98 | createPipeline_pipeline = Lens.lens (\CreatePipeline' {pipeline} -> pipeline) (\s@CreatePipeline' {} a -> s {pipeline = a} :: CreatePipeline)
   |                                                                                                              ^^^^^^^^^^^^

gen/Amazonka/CodePipeline/CreatePipeline.hs:197:134: warning: [GHC-02256] [-Wambiguous-fields]
    The record update s {pipeline = a} with type CreatePipelineResponse is ambiguous.
    This will not be supported by -XDuplicateRecordFields in future releases of GHC.
    |
197 | createPipelineResponse_pipeline = Lens.lens (\CreatePipelineResponse' {pipeline} -> pipeline) (\s@CreatePipelineResponse' {} a -> s {pipeline = a} :: CreatePipelineResponse)
    |                                                                                                                                      ^^^^^^^^^^^^

gen/Amazonka/CodePipeline/CreatePipeline.hs:201:122: warning: [GHC-02256] [-Wambiguous-fields]
    The record update s {tags = a} with type CreatePipelineResponse is ambiguous.
    This will not be supported by -XDuplicateRecordFields in future releases of GHC.
    |
201 | createPipelineResponse_tags = Lens.lens (\CreatePipelineResponse' {tags} -> tags) (\s@CreatePipelineResponse' {} a -> s {tags = a} :: CreatePipelineResponse) Prelude.. Lens.mapping Lens.coerced
    |                                                                                                                          ^^^^^^^^
[121 of 129] Compiling Amazonka.CodePipeline.CreateCustomActionType

gen/Amazonka/CodePipeline/CreateCustomActionType.hs:163:134: warning: [GHC-02256] [-Wambiguous-fields]
    The record update s {settings = a} with type CreateCustomActionType is ambiguous.
    This will not be supported by -XDuplicateRecordFields in future releases of GHC.
    |
163 | createCustomActionType_settings = Lens.lens (\CreateCustomActionType' {settings} -> settings) (\s@CreateCustomActionType' {} a -> s {settings = a} :: CreateCustomActionType)
    |                                                                                                                                      ^^^^^^^^^^^^

gen/Amazonka/CodePipeline/CreateCustomActionType.hs:167:122: warning: [GHC-02256] [-Wambiguous-fields]
    The record update s {tags = a} with type CreateCustomActionType is ambiguous.
    This will not be supported by -XDuplicateRecordFields in future releases of GHC.
    |
167 | createCustomActionType_tags = Lens.lens (\CreateCustomActionType' {tags} -> tags) (\s@CreateCustomActionType' {} a -> s {tags = a} :: CreateCustomActionType) Prelude.. Lens.mapping Lens.coerced
    |                                                                                                                          ^^^^^^^^

gen/Amazonka/CodePipeline/CreateCustomActionType.hs:172:134: warning: [GHC-02256] [-Wambiguous-fields]
    The record update s {category = a} with type CreateCustomActionType is ambiguous.
    This will not be supported by -XDuplicateRecordFields in future releases of GHC.
    |
172 | createCustomActionType_category = Lens.lens (\CreateCustomActionType' {category} -> category) (\s@CreateCustomActionType' {} a -> s {category = a} :: CreateCustomActionType)
    |                                                                                                                                      ^^^^^^^^^^^^

gen/Amazonka/CodePipeline/CreateCustomActionType.hs:177:134: warning: [GHC-02256] [-Wambiguous-fields]
    The record update s {provider = a} with type CreateCustomActionType is ambiguous.
    This will not be supported by -XDuplicateRecordFields in future releases of GHC.
    |
177 | createCustomActionType_provider = Lens.lens (\CreateCustomActionType' {provider} -> provider) (\s@CreateCustomActionType' {} a -> s {provider = a} :: CreateCustomActionType)
    |                                                                                                                                      ^^^^^^^^^^^^

gen/Amazonka/CodePipeline/CreateCustomActionType.hs:181:131: warning: [GHC-02256] [-Wambiguous-fields]
    The record update s {version = a} with type CreateCustomActionType is ambiguous.
    This will not be supported by -XDuplicateRecordFields in future releases of GHC.
    |
181 | createCustomActionType_version = Lens.lens (\CreateCustomActionType' {version} -> version) (\s@CreateCustomActionType' {} a -> s {version = a} :: CreateCustomActionType)
    |                                                                                                                                   ^^^^^^^^^^^

gen/Amazonka/CodePipeline/CreateCustomActionType.hs:185:170: warning: [GHC-02256] [-Wambiguous-fields]
    The record update s {inputArtifactDetails = a} with type CreateCustomActionType is ambiguous.
    This will not be supported by -XDuplicateRecordFields in future releases of GHC.
    |
185 | createCustomActionType_inputArtifactDetails = Lens.lens (\CreateCustomActionType' {inputArtifactDetails} -> inputArtifactDetails) (\s@CreateCustomActionType' {} a -> s {inputArtifactDetails = a} :: CreateCustomActionType)
    |                                                                                                                                                                          ^^^^^^^^^^^^^^^^^^^^^^^^

gen/Amazonka/CodePipeline/CreateCustomActionType.hs:189:173: warning: [GHC-02256] [-Wambiguous-fields]
    The record update s {outputArtifactDetails = a} with type CreateCustomActionType is ambiguous.
    This will not be supported by -XDuplicateRecordFields in future releases of GHC.
    |
189 | createCustomActionType_outputArtifactDetails = Lens.lens (\CreateCustomActionType' {outputArtifactDetails} -> outputArtifactDetails) (\s@CreateCustomActionType' {} a -> s {outputArtifactDetails = a} :: CreateCustomActionType)
    |                                                                                                                                                                             ^^^^^^^^^^^^^^^^^^^^^^^^^

gen/Amazonka/CodePipeline/CreateCustomActionType.hs:316:146: warning: [GHC-02256] [-Wambiguous-fields]
    The record update s {tags = a} with type CreateCustomActionTypeResponse is ambiguous.
    This will not be supported by -XDuplicateRecordFields in future releases of GHC.
    |
316 | createCustomActionTypeResponse_tags = Lens.lens (\CreateCustomActionTypeResponse' {tags} -> tags) (\s@CreateCustomActionTypeResponse' {} a -> s {tags = a} :: CreateCustomActionTypeResponse) Prelude.. Lens.mapping Lens.coerced
    |                                                                                                                                                  ^^^^^^^^
[122 of 129] Compiling Amazonka.CodePipeline.AcknowledgeThirdPartyJob

gen/Amazonka/CodePipeline/AcknowledgeThirdPartyJob.hs:107:131: warning: [GHC-02256] [-Wambiguous-fields]
    The record update s {jobId = a} with type AcknowledgeThirdPartyJob is ambiguous.
    This will not be supported by -XDuplicateRecordFields in future releases of GHC.
    |
107 | acknowledgeThirdPartyJob_jobId = Lens.lens (\AcknowledgeThirdPartyJob' {jobId} -> jobId) (\s@AcknowledgeThirdPartyJob' {} a -> s {jobId = a} :: AcknowledgeThirdPartyJob)
    |                                                                                                                                   ^^^^^^^^^

gen/Amazonka/CodePipeline/AcknowledgeThirdPartyJob.hs:113:131: warning: [GHC-02256] [-Wambiguous-fields]
    The record update s {nonce = a} with type AcknowledgeThirdPartyJob is ambiguous.
    This will not be supported by -XDuplicateRecordFields in future releases of GHC.
    |
113 | acknowledgeThirdPartyJob_nonce = Lens.lens (\AcknowledgeThirdPartyJob' {nonce} -> nonce) (\s@AcknowledgeThirdPartyJob' {} a -> s {nonce = a} :: AcknowledgeThirdPartyJob)
    |                                                                                                                                   ^^^^^^^^^

gen/Amazonka/CodePipeline/AcknowledgeThirdPartyJob.hs:214:158: warning: [GHC-02256] [-Wambiguous-fields]
    The record update s {status = a} with type AcknowledgeThirdPartyJobResponse is ambiguous.
    This will not be supported by -XDuplicateRecordFields in future releases of GHC.
    |
214 | acknowledgeThirdPartyJobResponse_status = Lens.lens (\AcknowledgeThirdPartyJobResponse' {status} -> status) (\s@AcknowledgeThirdPartyJobResponse' {} a -> s {status = a} :: AcknowledgeThirdPartyJobResponse)
    |                                                                                                                                                              ^^^^^^^^^^
[123 of 129] Compiling Amazonka.CodePipeline.AcknowledgeJob

gen/Amazonka/CodePipeline/AcknowledgeJob.hs:92:101: warning: [GHC-02256] [-Wambiguous-fields]
    The record update s {jobId = a} with type AcknowledgeJob is ambiguous.
    This will not be supported by -XDuplicateRecordFields in future releases of GHC.
   |
92 | acknowledgeJob_jobId = Lens.lens (\AcknowledgeJob' {jobId} -> jobId) (\s@AcknowledgeJob' {} a -> s {jobId = a} :: AcknowledgeJob)
   |                                                                                                     ^^^^^^^^^

gen/Amazonka/CodePipeline/AcknowledgeJob.hs:98:101: warning: [GHC-02256] [-Wambiguous-fields]
    The record update s {nonce = a} with type AcknowledgeJob is ambiguous.
    This will not be supported by -XDuplicateRecordFields in future releases of GHC.
   |
98 | acknowledgeJob_nonce = Lens.lens (\AcknowledgeJob' {nonce} -> nonce) (\s@AcknowledgeJob' {} a -> s {nonce = a} :: AcknowledgeJob)
   |                                                                                                     ^^^^^^^^^

gen/Amazonka/CodePipeline/AcknowledgeJob.hs:188:128: warning: [GHC-02256] [-Wambiguous-fields]
    The record update s {status = a} with type AcknowledgeJobResponse is ambiguous.
    This will not be supported by -XDuplicateRecordFields in future releases of GHC.
    |
188 | acknowledgeJobResponse_status = Lens.lens (\AcknowledgeJobResponse' {status} -> status) (\s@AcknowledgeJobResponse' {} a -> s {status = a} :: AcknowledgeJobResponse)
    |                                                                                                                                ^^^^^^^^^^
[124 of 129] Compiling Amazonka.CodePipeline.UntagResource
[125 of 129] Compiling Amazonka.CodePipeline.UpdateActionType
[126 of 129] Compiling Amazonka.CodePipeline.UpdatePipeline

gen/Amazonka/CodePipeline/UpdatePipeline.hs:80:110: warning: [GHC-02256] [-Wambiguous-fields]
    The record update s {pipeline = a} with type UpdatePipeline is ambiguous.
    This will not be supported by -XDuplicateRecordFields in future releases of GHC.
   |
80 | updatePipeline_pipeline = Lens.lens (\UpdatePipeline' {pipeline} -> pipeline) (\s@UpdatePipeline' {} a -> s {pipeline = a} :: UpdatePipeline)
   |                                                                                                              ^^^^^^^^^^^^

gen/Amazonka/CodePipeline/UpdatePipeline.hs:165:134: warning: [GHC-02256] [-Wambiguous-fields]
    The record update s {pipeline = a} with type UpdatePipelineResponse is ambiguous.
    This will not be supported by -XDuplicateRecordFields in future releases of GHC.
    |
165 | updatePipelineResponse_pipeline = Lens.lens (\UpdatePipelineResponse' {pipeline} -> pipeline) (\s@UpdatePipelineResponse' {} a -> s {pipeline = a} :: UpdatePipelineResponse)
    |                                                                                                                                      ^^^^^^^^^^^^
[127 of 129] Compiling Amazonka.CodePipeline.Lens
[128 of 129] Compiling Amazonka.CodePipeline.Waiters
[129 of 129] Compiling Amazonka.CodePipeline
Configuring test suite 'amazonka-codepipeline-test' for amazonka-codepipeline-2.0...
Preprocessing test suite 'amazonka-codepipeline-test' for amazonka-codepipeline-2.0...
Building test suite 'amazonka-codepipeline-test' for amazonka-codepipeline-2.0...
[1 of 4] Compiling Test.Amazonka.CodePipeline
[2 of 4] Compiling Test.Amazonka.CodePipeline.Internal
[3 of 4] Compiling Main
[4 of 4] Compiling Test.Amazonka.Gen.CodePipeline
[5 of 5] Linking /tmp/workdir-amazonka-codepipeline/amazonka-codepipeline-2.0/dist-newstyle/build/x86_64-linux/ghc-9.6.6/amazonka-codepipeline-2.0/t/amazonka-codepipeline-test/build/amazonka-codepipeline-test/amazonka-codepipeline-test
