Build profile: -w ghc-9.6.6 -O1
In order, the following will be built (use -v for more details):
 - amazonka-finspace-data-2.0 (lib) (first run)
 - amazonka-finspace-data-2.0 (test:amazonka-finspace-data-test) (first run)
Configuring library for amazonka-finspace-data-2.0...
Preprocessing library for amazonka-finspace-data-2.0...
Building library for amazonka-finspace-data-2.0...
[ 1 of 68] Compiling Amazonka.FinSpaceData.Types.ApiAccess
[ 2 of 68] Compiling Amazonka.FinSpaceData.Types.ApplicationPermission
[ 3 of 68] Compiling Amazonka.FinSpaceData.Types.AwsCredentials
[ 4 of 68] Compiling Amazonka.FinSpaceData.Types.ChangeType
[ 5 of 68] Compiling Amazonka.FinSpaceData.Types.ColumnDataType
[ 6 of 68] Compiling Amazonka.FinSpaceData.Types.ColumnDefinition
[ 7 of 68] Compiling Amazonka.FinSpaceData.Types.Credentials
[ 8 of 68] Compiling Amazonka.FinSpaceData.Types.DataViewStatus
[ 9 of 68] Compiling Amazonka.FinSpaceData.Types.DatasetKind
[10 of 68] Compiling Amazonka.FinSpaceData.Types.DatasetOwnerInfo
[11 of 68] Compiling Amazonka.FinSpaceData.Types.DatasetStatus
[12 of 68] Compiling Amazonka.FinSpaceData.Types.ErrorCategory
[13 of 68] Compiling Amazonka.FinSpaceData.Types.DataViewErrorInfo
[14 of 68] Compiling Amazonka.FinSpaceData.Types.ChangesetErrorInfo
[15 of 68] Compiling Amazonka.FinSpaceData.Types.ExportFileFormat
[16 of 68] Compiling Amazonka.FinSpaceData.Types.DataViewDestinationTypeParams
[17 of 68] Compiling Amazonka.FinSpaceData.Types.DataViewSummary
[18 of 68] Compiling Amazonka.FinSpaceData.Types.IngestionStatus
[19 of 68] Compiling Amazonka.FinSpaceData.Types.ChangesetSummary
[20 of 68] Compiling Amazonka.FinSpaceData.Types.LocationType
[21 of 68] Compiling Amazonka.FinSpaceData.Types.PermissionGroupMembershipStatus
[22 of 68] Compiling Amazonka.FinSpaceData.Types.PermissionGroupByUser
[23 of 68] Compiling Amazonka.FinSpaceData.Types.PermissionGroup
[24 of 68] Compiling Amazonka.FinSpaceData.Types.ResourcePermission
[25 of 68] Compiling Amazonka.FinSpaceData.Types.PermissionGroupParams
[26 of 68] Compiling Amazonka.FinSpaceData.Types.S3Location
[27 of 68] Compiling Amazonka.FinSpaceData.Types.SchemaDefinition
[28 of 68] Compiling Amazonka.FinSpaceData.Types.SchemaUnion
[29 of 68] Compiling Amazonka.FinSpaceData.Types.Dataset
[30 of 68] Compiling Amazonka.FinSpaceData.Types.UserStatus
[31 of 68] Compiling Amazonka.FinSpaceData.Types.UserType
[32 of 68] Compiling Amazonka.FinSpaceData.Types.UserByPermissionGroup
[33 of 68] Compiling Amazonka.FinSpaceData.Types.User
[34 of 68] Compiling Amazonka.FinSpaceData.Types
[35 of 68] Compiling Amazonka.FinSpaceData.ResetUserPassword

gen/Amazonka/FinSpaceData/ResetUserPassword.hs:94:113: warning: [GHC-02256] [-Wambiguous-fields]
    The record update s {userId = a} with type ResetUserPassword is ambiguous.
    This will not be supported by -XDuplicateRecordFields in future releases of GHC.
   |
94 | resetUserPassword_userId = Lens.lens (\ResetUserPassword' {userId} -> userId) (\s@ResetUserPassword' {} a -> s {userId = a} :: ResetUserPassword)
   |                                                                                                                 ^^^^^^^^^^

gen/Amazonka/FinSpaceData/ResetUserPassword.hs:193:137: warning: [GHC-02256] [-Wambiguous-fields]
    The record update s {userId = a} with type ResetUserPasswordResponse is ambiguous.
    This will not be supported by -XDuplicateRecordFields in future releases of GHC.
    |
193 | resetUserPasswordResponse_userId = Lens.lens (\ResetUserPasswordResponse' {userId} -> userId) (\s@ResetUserPasswordResponse' {} a -> s {userId = a} :: ResetUserPasswordResponse)
    |                                                                                                                                         ^^^^^^^^^^
[36 of 68] Compiling Amazonka.FinSpaceData.ListUsersByPermissionGroup

gen/Amazonka/FinSpaceData/ListUsersByPermissionGroup.hs:95:149: warning: [GHC-02256] [-Wambiguous-fields]
    The record update s {nextToken = a} with type ListUsersByPermissionGroup is ambiguous.
    This will not be supported by -XDuplicateRecordFields in future releases of GHC.
   |
95 | listUsersByPermissionGroup_nextToken = Lens.lens (\ListUsersByPermissionGroup' {nextToken} -> nextToken) (\s@ListUsersByPermissionGroup' {} a -> s {nextToken = a} :: ListUsersByPermissionGroup)
   |                                                                                                                                                     ^^^^^^^^^^^^^

gen/Amazonka/FinSpaceData/ListUsersByPermissionGroup.hs:99:173: warning: [GHC-02256] [-Wambiguous-fields]
    The record update s {permissionGroupId = a} with type ListUsersByPermissionGroup is ambiguous.
    This will not be supported by -XDuplicateRecordFields in future releases of GHC.
   |
99 | listUsersByPermissionGroup_permissionGroupId = Lens.lens (\ListUsersByPermissionGroup' {permissionGroupId} -> permissionGroupId) (\s@ListUsersByPermissionGroup' {} a -> s {permissionGroupId = a} :: ListUsersByPermissionGroup)
   |                                                                                                                                                                             ^^^^^^^^^^^^^^^^^^^^^

gen/Amazonka/FinSpaceData/ListUsersByPermissionGroup.hs:197:173: warning: [GHC-02256] [-Wambiguous-fields]
    The record update s {nextToken = a} with type ListUsersByPermissionGroupResponse is ambiguous.
    This will not be supported by -XDuplicateRecordFields in future releases of GHC.
    |
197 | listUsersByPermissionGroupResponse_nextToken = Lens.lens (\ListUsersByPermissionGroupResponse' {nextToken} -> nextToken) (\s@ListUsersByPermissionGroupResponse' {} a -> s {nextToken = a} :: ListUsersByPermissionGroupResponse)
    |                                                                                                                                                                             ^^^^^^^^^^^^^
[37 of 68] Compiling Amazonka.FinSpaceData.ListUsers

gen/Amazonka/FinSpaceData/ListUsers.hs:86:98: warning: [GHC-02256] [-Wambiguous-fields]
    The record update s {nextToken = a} with type ListUsers is ambiguous.
    This will not be supported by -XDuplicateRecordFields in future releases of GHC.
   |
86 | listUsers_nextToken = Lens.lens (\ListUsers' {nextToken} -> nextToken) (\s@ListUsers' {} a -> s {nextToken = a} :: ListUsers)
   |                                                                                                  ^^^^^^^^^^^^^

gen/Amazonka/FinSpaceData/ListUsers.hs:196:122: warning: [GHC-02256] [-Wambiguous-fields]
    The record update s {nextToken = a} with type ListUsersResponse is ambiguous.
    This will not be supported by -XDuplicateRecordFields in future releases of GHC.
    |
196 | listUsersResponse_nextToken = Lens.lens (\ListUsersResponse' {nextToken} -> nextToken) (\s@ListUsersResponse' {} a -> s {nextToken = a} :: ListUsersResponse)
    |                                                                                                                          ^^^^^^^^^^^^^
[38 of 68] Compiling Amazonka.FinSpaceData.ListPermissionGroupsByUser

gen/Amazonka/FinSpaceData/ListPermissionGroupsByUser.hs:94:149: warning: [GHC-02256] [-Wambiguous-fields]
    The record update s {nextToken = a} with type ListPermissionGroupsByUser is ambiguous.
    This will not be supported by -XDuplicateRecordFields in future releases of GHC.
   |
94 | listPermissionGroupsByUser_nextToken = Lens.lens (\ListPermissionGroupsByUser' {nextToken} -> nextToken) (\s@ListPermissionGroupsByUser' {} a -> s {nextToken = a} :: ListPermissionGroupsByUser)
   |                                                                                                                                                     ^^^^^^^^^^^^^

gen/Amazonka/FinSpaceData/ListPermissionGroupsByUser.hs:98:140: warning: [GHC-02256] [-Wambiguous-fields]
    The record update s {userId = a} with type ListPermissionGroupsByUser is ambiguous.
    This will not be supported by -XDuplicateRecordFields in future releases of GHC.
   |
98 | listPermissionGroupsByUser_userId = Lens.lens (\ListPermissionGroupsByUser' {userId} -> userId) (\s@ListPermissionGroupsByUser' {} a -> s {userId = a} :: ListPermissionGroupsByUser)
   |                                                                                                                                            ^^^^^^^^^^

gen/Amazonka/FinSpaceData/ListPermissionGroupsByUser.hs:196:173: warning: [GHC-02256] [-Wambiguous-fields]
    The record update s {nextToken = a} with type ListPermissionGroupsByUserResponse is ambiguous.
    This will not be supported by -XDuplicateRecordFields in future releases of GHC.
    |
196 | listPermissionGroupsByUserResponse_nextToken = Lens.lens (\ListPermissionGroupsByUserResponse' {nextToken} -> nextToken) (\s@ListPermissionGroupsByUserResponse' {} a -> s {nextToken = a} :: ListPermissionGroupsByUserResponse)
    |                                                                                                                                                                             ^^^^^^^^^^^^^
[39 of 68] Compiling Amazonka.FinSpaceData.ListPermissionGroups

gen/Amazonka/FinSpaceData/ListPermissionGroups.hs:86:131: warning: [GHC-02256] [-Wambiguous-fields]
    The record update s {nextToken = a} with type ListPermissionGroups is ambiguous.
    This will not be supported by -XDuplicateRecordFields in future releases of GHC.
   |
86 | listPermissionGroups_nextToken = Lens.lens (\ListPermissionGroups' {nextToken} -> nextToken) (\s@ListPermissionGroups' {} a -> s {nextToken = a} :: ListPermissionGroups)
   |                                                                                                                                   ^^^^^^^^^^^^^

gen/Amazonka/FinSpaceData/ListPermissionGroups.hs:202:155: warning: [GHC-02256] [-Wambiguous-fields]
    The record update s {nextToken = a} with type ListPermissionGroupsResponse is ambiguous.
    This will not be supported by -XDuplicateRecordFields in future releases of GHC.
    |
202 | listPermissionGroupsResponse_nextToken = Lens.lens (\ListPermissionGroupsResponse' {nextToken} -> nextToken) (\s@ListPermissionGroupsResponse' {} a -> s {nextToken = a} :: ListPermissionGroupsResponse)
    |                                                                                                                                                           ^^^^^^^^^^^^^
[40 of 68] Compiling Amazonka.FinSpaceData.ListDatasets

gen/Amazonka/FinSpaceData/ListDatasets.hs:90:107: warning: [GHC-02256] [-Wambiguous-fields]
    The record update s {nextToken = a} with type ListDatasets is ambiguous.
    This will not be supported by -XDuplicateRecordFields in future releases of GHC.
   |
90 | listDatasets_nextToken = Lens.lens (\ListDatasets' {nextToken} -> nextToken) (\s@ListDatasets' {} a -> s {nextToken = a} :: ListDatasets)
   |                                                                                                           ^^^^^^^^^^^^^

gen/Amazonka/FinSpaceData/ListDatasets.hs:202:131: warning: [GHC-02256] [-Wambiguous-fields]
    The record update s {nextToken = a} with type ListDatasetsResponse is ambiguous.
    This will not be supported by -XDuplicateRecordFields in future releases of GHC.
    |
202 | listDatasetsResponse_nextToken = Lens.lens (\ListDatasetsResponse' {nextToken} -> nextToken) (\s@ListDatasetsResponse' {} a -> s {nextToken = a} :: ListDatasetsResponse)
    |                                                                                                                                   ^^^^^^^^^^^^^
[41 of 68] Compiling Amazonka.FinSpaceData.ListDataViews

gen/Amazonka/FinSpaceData/ListDataViews.hs:98:110: warning: [GHC-02256] [-Wambiguous-fields]
    The record update s {nextToken = a} with type ListDataViews is ambiguous.
    This will not be supported by -XDuplicateRecordFields in future releases of GHC.
   |
98 | listDataViews_nextToken = Lens.lens (\ListDataViews' {nextToken} -> nextToken) (\s@ListDataViews' {} a -> s {nextToken = a} :: ListDataViews)
   |                                                                                                              ^^^^^^^^^^^^^

gen/Amazonka/FinSpaceData/ListDataViews.hs:102:110: warning: [GHC-02256] [-Wambiguous-fields]
    The record update s {datasetId = a} with type ListDataViews is ambiguous.
    This will not be supported by -XDuplicateRecordFields in future releases of GHC.
    |
102 | listDataViews_datasetId = Lens.lens (\ListDataViews' {datasetId} -> datasetId) (\s@ListDataViews' {} a -> s {datasetId = a} :: ListDataViews)
    |                                                                                                              ^^^^^^^^^^^^^

gen/Amazonka/FinSpaceData/ListDataViews.hs:218:134: warning: [GHC-02256] [-Wambiguous-fields]
    The record update s {nextToken = a} with type ListDataViewsResponse is ambiguous.
    This will not be supported by -XDuplicateRecordFields in future releases of GHC.
    |
218 | listDataViewsResponse_nextToken = Lens.lens (\ListDataViewsResponse' {nextToken} -> nextToken) (\s@ListDataViewsResponse' {} a -> s {nextToken = a} :: ListDataViewsResponse)
    |                                                                                                                                      ^^^^^^^^^^^^^
[42 of 68] Compiling Amazonka.FinSpaceData.ListChangesets

gen/Amazonka/FinSpaceData/ListChangesets.hs:100:113: warning: [GHC-02256] [-Wambiguous-fields]
    The record update s {nextToken = a} with type ListChangesets is ambiguous.
    This will not be supported by -XDuplicateRecordFields in future releases of GHC.
    |
100 | listChangesets_nextToken = Lens.lens (\ListChangesets' {nextToken} -> nextToken) (\s@ListChangesets' {} a -> s {nextToken = a} :: ListChangesets)
    |                                                                                                                 ^^^^^^^^^^^^^

gen/Amazonka/FinSpaceData/ListChangesets.hs:105:113: warning: [GHC-02256] [-Wambiguous-fields]
    The record update s {datasetId = a} with type ListChangesets is ambiguous.
    This will not be supported by -XDuplicateRecordFields in future releases of GHC.
    |
105 | listChangesets_datasetId = Lens.lens (\ListChangesets' {datasetId} -> datasetId) (\s@ListChangesets' {} a -> s {datasetId = a} :: ListChangesets)
    |                                                                                                                 ^^^^^^^^^^^^^

gen/Amazonka/FinSpaceData/ListChangesets.hs:225:137: warning: [GHC-02256] [-Wambiguous-fields]
    The record update s {nextToken = a} with type ListChangesetsResponse is ambiguous.
    This will not be supported by -XDuplicateRecordFields in future releases of GHC.
    |
225 | listChangesetsResponse_nextToken = Lens.lens (\ListChangesetsResponse' {nextToken} -> nextToken) (\s@ListChangesetsResponse' {} a -> s {nextToken = a} :: ListChangesetsResponse)
    |                                                                                                                                         ^^^^^^^^^^^^^
[43 of 68] Compiling Amazonka.FinSpaceData.GetWorkingLocation
[44 of 68] Compiling Amazonka.FinSpaceData.GetUser

gen/Amazonka/FinSpaceData/GetUser.hs:86:83: warning: [GHC-02256] [-Wambiguous-fields]
    The record update s {userId = a} with type GetUser is ambiguous.
    This will not be supported by -XDuplicateRecordFields in future releases of GHC.
   |
86 | getUser_userId = Lens.lens (\GetUser' {userId} -> userId) (\s@GetUser' {} a -> s {userId = a} :: GetUser)
   |                                                                                   ^^^^^^^^^^

gen/Amazonka/FinSpaceData/GetUser.hs:287:116: warning: [GHC-02256] [-Wambiguous-fields]
    The record update s {apiAccess = a} with type GetUserResponse is ambiguous.
    This will not be supported by -XDuplicateRecordFields in future releases of GHC.
    |
287 | getUserResponse_apiAccess = Lens.lens (\GetUserResponse' {apiAccess} -> apiAccess) (\s@GetUserResponse' {} a -> s {apiAccess = a} :: GetUserResponse)
    |                                                                                                                    ^^^^^^^^^^^^^

gen/Amazonka/FinSpaceData/GetUser.hs:294:152: warning: [GHC-02256] [-Wambiguous-fields]
    The record update s {apiAccessPrincipalArn = a} with type GetUserResponse is ambiguous.
    This will not be supported by -XDuplicateRecordFields in future releases of GHC.
    |
294 | getUserResponse_apiAccessPrincipalArn = Lens.lens (\GetUserResponse' {apiAccessPrincipalArn} -> apiAccessPrincipalArn) (\s@GetUserResponse' {} a -> s {apiAccessPrincipalArn = a} :: GetUserResponse)
    |                                                                                                                                                        ^^^^^^^^^^^^^^^^^^^^^^^^^

gen/Amazonka/FinSpaceData/GetUser.hs:299:119: warning: [GHC-02256] [-Wambiguous-fields]
    The record update s {createTime = a} with type GetUserResponse is ambiguous.
    This will not be supported by -XDuplicateRecordFields in future releases of GHC.
    |
299 | getUserResponse_createTime = Lens.lens (\GetUserResponse' {createTime} -> createTime) (\s@GetUserResponse' {} a -> s {createTime = a} :: GetUserResponse)
    |                                                                                                                       ^^^^^^^^^^^^^^

gen/Amazonka/FinSpaceData/GetUser.hs:303:125: warning: [GHC-02256] [-Wambiguous-fields]
    The record update s {emailAddress = a} with type GetUserResponse is ambiguous.
    This will not be supported by -XDuplicateRecordFields in future releases of GHC.
    |
303 | getUserResponse_emailAddress = Lens.lens (\GetUserResponse' {emailAddress} -> emailAddress) (\s@GetUserResponse' {} a -> s {emailAddress = a} :: GetUserResponse) Prelude.. Lens.mapping Data._Sensitive
    |                                                                                                                             ^^^^^^^^^^^^^^^^

gen/Amazonka/FinSpaceData/GetUser.hs:307:116: warning: [GHC-02256] [-Wambiguous-fields]
    The record update s {firstName = a} with type GetUserResponse is ambiguous.
    This will not be supported by -XDuplicateRecordFields in future releases of GHC.
    |
307 | getUserResponse_firstName = Lens.lens (\GetUserResponse' {firstName} -> firstName) (\s@GetUserResponse' {} a -> s {firstName = a} :: GetUserResponse) Prelude.. Lens.mapping Data._Sensitive
    |                                                                                                                    ^^^^^^^^^^^^^

gen/Amazonka/FinSpaceData/GetUser.hs:312:137: warning: [GHC-02256] [-Wambiguous-fields]
    The record update s {lastDisabledTime = a} with type GetUserResponse is ambiguous.
    This will not be supported by -XDuplicateRecordFields in future releases of GHC.
    |
312 | getUserResponse_lastDisabledTime = Lens.lens (\GetUserResponse' {lastDisabledTime} -> lastDisabledTime) (\s@GetUserResponse' {} a -> s {lastDisabledTime = a} :: GetUserResponse)
    |                                                                                                                                         ^^^^^^^^^^^^^^^^^^^^

gen/Amazonka/FinSpaceData/GetUser.hs:317:134: warning: [GHC-02256] [-Wambiguous-fields]
    The record update s {lastEnabledTime = a} with type GetUserResponse is ambiguous.
    This will not be supported by -XDuplicateRecordFields in future releases of GHC.
    |
317 | getUserResponse_lastEnabledTime = Lens.lens (\GetUserResponse' {lastEnabledTime} -> lastEnabledTime) (\s@GetUserResponse' {} a -> s {lastEnabledTime = a} :: GetUserResponse)
    |                                                                                                                                      ^^^^^^^^^^^^^^^^^^^

gen/Amazonka/FinSpaceData/GetUser.hs:322:128: warning: [GHC-02256] [-Wambiguous-fields]
    The record update s {lastLoginTime = a} with type GetUserResponse is ambiguous.
    This will not be supported by -XDuplicateRecordFields in future releases of GHC.
    |
322 | getUserResponse_lastLoginTime = Lens.lens (\GetUserResponse' {lastLoginTime} -> lastLoginTime) (\s@GetUserResponse' {} a -> s {lastLoginTime = a} :: GetUserResponse)
    |                                                                                                                                ^^^^^^^^^^^^^^^^^

gen/Amazonka/FinSpaceData/GetUser.hs:327:137: warning: [GHC-02256] [-Wambiguous-fields]
    The record update s {lastModifiedTime = a} with type GetUserResponse is ambiguous.
    This will not be supported by -XDuplicateRecordFields in future releases of GHC.
    |
327 | getUserResponse_lastModifiedTime = Lens.lens (\GetUserResponse' {lastModifiedTime} -> lastModifiedTime) (\s@GetUserResponse' {} a -> s {lastModifiedTime = a} :: GetUserResponse)
    |                                                                                                                                         ^^^^^^^^^^^^^^^^^^^^

gen/Amazonka/FinSpaceData/GetUser.hs:331:113: warning: [GHC-02256] [-Wambiguous-fields]
    The record update s {lastName = a} with type GetUserResponse is ambiguous.
    This will not be supported by -XDuplicateRecordFields in future releases of GHC.
    |
331 | getUserResponse_lastName = Lens.lens (\GetUserResponse' {lastName} -> lastName) (\s@GetUserResponse' {} a -> s {lastName = a} :: GetUserResponse) Prelude.. Lens.mapping Data._Sensitive
    |                                                                                                                 ^^^^^^^^^^^^

gen/Amazonka/FinSpaceData/GetUser.hs:341:107: warning: [GHC-02256] [-Wambiguous-fields]
    The record update s {status = a} with type GetUserResponse is ambiguous.
    This will not be supported by -XDuplicateRecordFields in future releases of GHC.
    |
341 | getUserResponse_status = Lens.lens (\GetUserResponse' {status} -> status) (\s@GetUserResponse' {} a -> s {status = a} :: GetUserResponse)
    |                                                                                                           ^^^^^^^^^^

gen/Amazonka/FinSpaceData/GetUser.hs:351:103: warning: [GHC-02256] [-Wambiguous-fields]
    The record update s {type' = a} with type GetUserResponse is ambiguous.
    This will not be supported by -XDuplicateRecordFields in future releases of GHC.
    |
351 | getUserResponse_type = Lens.lens (\GetUserResponse' {type'} -> type') (\s@GetUserResponse' {} a -> s {type' = a} :: GetUserResponse)
    |                                                                                                       ^^^^^^^^^

gen/Amazonka/FinSpaceData/GetUser.hs:355:107: warning: [GHC-02256] [-Wambiguous-fields]
    The record update s {userId = a} with type GetUserResponse is ambiguous.
    This will not be supported by -XDuplicateRecordFields in future releases of GHC.
    |
355 | getUserResponse_userId = Lens.lens (\GetUserResponse' {userId} -> userId) (\s@GetUserResponse' {} a -> s {userId = a} :: GetUserResponse)
    |                                                                                                           ^^^^^^^^^^
[45 of 68] Compiling Amazonka.FinSpaceData.GetProgrammaticAccessCredentials

gen/Amazonka/FinSpaceData/GetProgrammaticAccessCredentials.hs:87:191: warning: [GHC-02256] [-Wambiguous-fields]
    The record update s {durationInMinutes = a} with type GetProgrammaticAccessCredentials is ambiguous.
    This will not be supported by -XDuplicateRecordFields in future releases of GHC.
   |
87 | getProgrammaticAccessCredentials_durationInMinutes = Lens.lens (\GetProgrammaticAccessCredentials' {durationInMinutes} -> durationInMinutes) (\s@GetProgrammaticAccessCredentials' {} a -> s {durationInMinutes = a} :: GetProgrammaticAccessCredentials)
   |                                                                                                                                                                                               ^^^^^^^^^^^^^^^^^^^^^

gen/Amazonka/FinSpaceData/GetProgrammaticAccessCredentials.hs:203:215: warning: [GHC-02256] [-Wambiguous-fields]
    The record update s {durationInMinutes = a} with type GetProgrammaticAccessCredentialsResponse is ambiguous.
    This will not be supported by -XDuplicateRecordFields in future releases of GHC.
    |
203 | getProgrammaticAccessCredentialsResponse_durationInMinutes = Lens.lens (\GetProgrammaticAccessCredentialsResponse' {durationInMinutes} -> durationInMinutes) (\s@GetProgrammaticAccessCredentialsResponse' {} a -> s {durationInMinutes = a} :: GetProgrammaticAccessCredentialsResponse)
    |                                                                                                                                                                                                                       ^^^^^^^^^^^^^^^^^^^^^
[46 of 68] Compiling Amazonka.FinSpaceData.GetPermissionGroup

gen/Amazonka/FinSpaceData/GetPermissionGroup.hs:78:149: warning: [GHC-02256] [-Wambiguous-fields]
    The record update s {permissionGroupId = a} with type GetPermissionGroup is ambiguous.
    This will not be supported by -XDuplicateRecordFields in future releases of GHC.
   |
78 | getPermissionGroup_permissionGroupId = Lens.lens (\GetPermissionGroup' {permissionGroupId} -> permissionGroupId) (\s@GetPermissionGroup' {} a -> s {permissionGroupId = a} :: GetPermissionGroup)
   |                                                                                                                                                     ^^^^^^^^^^^^^^^^^^^^^
[47 of 68] Compiling Amazonka.FinSpaceData.GetExternalDataViewAccessDetails

gen/Amazonka/FinSpaceData/GetExternalDataViewAccessDetails.hs:95:170: warning: [GHC-02256] [-Wambiguous-fields]
    The record update s {dataViewId = a} with type GetExternalDataViewAccessDetails is ambiguous.
    This will not be supported by -XDuplicateRecordFields in future releases of GHC.
   |
95 | getExternalDataViewAccessDetails_dataViewId = Lens.lens (\GetExternalDataViewAccessDetails' {dataViewId} -> dataViewId) (\s@GetExternalDataViewAccessDetails' {} a -> s {dataViewId = a} :: GetExternalDataViewAccessDetails)
   |                                                                                                                                                                          ^^^^^^^^^^^^^^

gen/Amazonka/FinSpaceData/GetExternalDataViewAccessDetails.hs:99:167: warning: [GHC-02256] [-Wambiguous-fields]
    The record update s {datasetId = a} with type GetExternalDataViewAccessDetails is ambiguous.
    This will not be supported by -XDuplicateRecordFields in future releases of GHC.
   |
99 | getExternalDataViewAccessDetails_datasetId = Lens.lens (\GetExternalDataViewAccessDetails' {datasetId} -> datasetId) (\s@GetExternalDataViewAccessDetails' {} a -> s {datasetId = a} :: GetExternalDataViewAccessDetails)
   |                                                                                                                                                                       ^^^^^^^^^^^^^
[48 of 68] Compiling Amazonka.FinSpaceData.GetDataset

gen/Amazonka/FinSpaceData/GetDataset.hs:86:101: warning: [GHC-02256] [-Wambiguous-fields]
    The record update s {datasetId = a} with type GetDataset is ambiguous.
    This will not be supported by -XDuplicateRecordFields in future releases of GHC.
   |
86 | getDataset_datasetId = Lens.lens (\GetDataset' {datasetId} -> datasetId) (\s@GetDataset' {} a -> s {datasetId = a} :: GetDataset)
   |                                                                                                     ^^^^^^^^^^^^^

gen/Amazonka/FinSpaceData/GetDataset.hs:246:113: warning: [GHC-02256] [-Wambiguous-fields]
    The record update s {alias = a} with type GetDatasetResponse is ambiguous.
    This will not be supported by -XDuplicateRecordFields in future releases of GHC.
    |
246 | getDatasetResponse_alias = Lens.lens (\GetDatasetResponse' {alias} -> alias) (\s@GetDatasetResponse' {} a -> s {alias = a} :: GetDatasetResponse)
    |                                                                                                                 ^^^^^^^^^

gen/Amazonka/FinSpaceData/GetDataset.hs:252:128: warning: [GHC-02256] [-Wambiguous-fields]
    The record update s {createTime = a} with type GetDatasetResponse is ambiguous.
    This will not be supported by -XDuplicateRecordFields in future releases of GHC.
    |
252 | getDatasetResponse_createTime = Lens.lens (\GetDatasetResponse' {createTime} -> createTime) (\s@GetDatasetResponse' {} a -> s {createTime = a} :: GetDatasetResponse)
    |                                                                                                                                ^^^^^^^^^^^^^^

gen/Amazonka/FinSpaceData/GetDataset.hs:256:128: warning: [GHC-02256] [-Wambiguous-fields]
    The record update s {datasetArn = a} with type GetDatasetResponse is ambiguous.
    This will not be supported by -XDuplicateRecordFields in future releases of GHC.
    |
256 | getDatasetResponse_datasetArn = Lens.lens (\GetDatasetResponse' {datasetArn} -> datasetArn) (\s@GetDatasetResponse' {} a -> s {datasetArn = a} :: GetDatasetResponse)
    |                                                                                                                                ^^^^^^^^^^^^^^

gen/Amazonka/FinSpaceData/GetDataset.hs:260:152: warning: [GHC-02256] [-Wambiguous-fields]
    The record update s {datasetDescription = a} with type GetDatasetResponse is ambiguous.
    This will not be supported by -XDuplicateRecordFields in future releases of GHC.
    |
260 | getDatasetResponse_datasetDescription = Lens.lens (\GetDatasetResponse' {datasetDescription} -> datasetDescription) (\s@GetDatasetResponse' {} a -> s {datasetDescription = a} :: GetDatasetResponse)
    |                                                                                                                                                        ^^^^^^^^^^^^^^^^^^^^^^

gen/Amazonka/FinSpaceData/GetDataset.hs:264:125: warning: [GHC-02256] [-Wambiguous-fields]
    The record update s {datasetId = a} with type GetDatasetResponse is ambiguous.
    This will not be supported by -XDuplicateRecordFields in future releases of GHC.
    |
264 | getDatasetResponse_datasetId = Lens.lens (\GetDatasetResponse' {datasetId} -> datasetId) (\s@GetDatasetResponse' {} a -> s {datasetId = a} :: GetDatasetResponse)
    |                                                                                                                             ^^^^^^^^^^^^^

gen/Amazonka/FinSpaceData/GetDataset.hs:268:134: warning: [GHC-02256] [-Wambiguous-fields]
    The record update s {datasetTitle = a} with type GetDatasetResponse is ambiguous.
    This will not be supported by -XDuplicateRecordFields in future releases of GHC.
    |
268 | getDatasetResponse_datasetTitle = Lens.lens (\GetDatasetResponse' {datasetTitle} -> datasetTitle) (\s@GetDatasetResponse' {} a -> s {datasetTitle = a} :: GetDatasetResponse)
    |                                                                                                                                      ^^^^^^^^^^^^^^^^

gen/Amazonka/FinSpaceData/GetDataset.hs:276:110: warning: [GHC-02256] [-Wambiguous-fields]
    The record update s {kind = a} with type GetDatasetResponse is ambiguous.
    This will not be supported by -XDuplicateRecordFields in future releases of GHC.
    |
276 | getDatasetResponse_kind = Lens.lens (\GetDatasetResponse' {kind} -> kind) (\s@GetDatasetResponse' {} a -> s {kind = a} :: GetDatasetResponse)
    |                                                                                                              ^^^^^^^^

gen/Amazonka/FinSpaceData/GetDataset.hs:282:146: warning: [GHC-02256] [-Wambiguous-fields]
    The record update s {lastModifiedTime = a} with type GetDatasetResponse is ambiguous.
    This will not be supported by -XDuplicateRecordFields in future releases of GHC.
    |
282 | getDatasetResponse_lastModifiedTime = Lens.lens (\GetDatasetResponse' {lastModifiedTime} -> lastModifiedTime) (\s@GetDatasetResponse' {} a -> s {lastModifiedTime = a} :: GetDatasetResponse)
    |                                                                                                                                                  ^^^^^^^^^^^^^^^^^^^^

gen/Amazonka/FinSpaceData/GetDataset.hs:286:146: warning: [GHC-02256] [-Wambiguous-fields]
    The record update s {schemaDefinition = a} with type GetDatasetResponse is ambiguous.
    This will not be supported by -XDuplicateRecordFields in future releases of GHC.
    |
286 | getDatasetResponse_schemaDefinition = Lens.lens (\GetDatasetResponse' {schemaDefinition} -> schemaDefinition) (\s@GetDatasetResponse' {} a -> s {schemaDefinition = a} :: GetDatasetResponse)
    |                                                                                                                                                  ^^^^^^^^^^^^^^^^^^^^

gen/Amazonka/FinSpaceData/GetDataset.hs:298:116: warning: [GHC-02256] [-Wambiguous-fields]
    The record update s {status = a} with type GetDatasetResponse is ambiguous.
    This will not be supported by -XDuplicateRecordFields in future releases of GHC.
    |
298 | getDatasetResponse_status = Lens.lens (\GetDatasetResponse' {status} -> status) (\s@GetDatasetResponse' {} a -> s {status = a} :: GetDatasetResponse)
    |                                                                                                                    ^^^^^^^^^^
[49 of 68] Compiling Amazonka.FinSpaceData.GetDataView

gen/Amazonka/FinSpaceData/GetDataView.hs:99:107: warning: [GHC-02256] [-Wambiguous-fields]
    The record update s {dataViewId = a} with type GetDataView is ambiguous.
    This will not be supported by -XDuplicateRecordFields in future releases of GHC.
   |
99 | getDataView_dataViewId = Lens.lens (\GetDataView' {dataViewId} -> dataViewId) (\s@GetDataView' {} a -> s {dataViewId = a} :: GetDataView)
   |                                                                                                           ^^^^^^^^^^^^^^

gen/Amazonka/FinSpaceData/GetDataView.hs:103:104: warning: [GHC-02256] [-Wambiguous-fields]
    The record update s {datasetId = a} with type GetDataView is ambiguous.
    This will not be supported by -XDuplicateRecordFields in future releases of GHC.
    |
103 | getDataView_datasetId = Lens.lens (\GetDataView' {datasetId} -> datasetId) (\s@GetDataView' {} a -> s {datasetId = a} :: GetDataView)
    |                                                                                                        ^^^^^^^^^^^^^

gen/Amazonka/FinSpaceData/GetDataView.hs:304:140: warning: [GHC-02256] [-Wambiguous-fields]
    The record update s {asOfTimestamp = a} with type GetDataViewResponse is ambiguous.
    This will not be supported by -XDuplicateRecordFields in future releases of GHC.
    |
304 | getDataViewResponse_asOfTimestamp = Lens.lens (\GetDataViewResponse' {asOfTimestamp} -> asOfTimestamp) (\s@GetDataViewResponse' {} a -> s {asOfTimestamp = a} :: GetDataViewResponse)
    |                                                                                                                                            ^^^^^^^^^^^^^^^^^

gen/Amazonka/FinSpaceData/GetDataView.hs:308:131: warning: [GHC-02256] [-Wambiguous-fields]
    The record update s {autoUpdate = a} with type GetDataViewResponse is ambiguous.
    This will not be supported by -XDuplicateRecordFields in future releases of GHC.
    |
308 | getDataViewResponse_autoUpdate = Lens.lens (\GetDataViewResponse' {autoUpdate} -> autoUpdate) (\s@GetDataViewResponse' {} a -> s {autoUpdate = a} :: GetDataViewResponse)
    |                                                                                                                                   ^^^^^^^^^^^^^^

gen/Amazonka/FinSpaceData/GetDataView.hs:314:131: warning: [GHC-02256] [-Wambiguous-fields]
    The record update s {createTime = a} with type GetDataViewResponse is ambiguous.
    This will not be supported by -XDuplicateRecordFields in future releases of GHC.
    |
314 | getDataViewResponse_createTime = Lens.lens (\GetDataViewResponse' {createTime} -> createTime) (\s@GetDataViewResponse' {} a -> s {createTime = a} :: GetDataViewResponse)
    |                                                                                                                                   ^^^^^^^^^^^^^^

gen/Amazonka/FinSpaceData/GetDataView.hs:318:134: warning: [GHC-02256] [-Wambiguous-fields]
    The record update s {dataViewArn = a} with type GetDataViewResponse is ambiguous.
    This will not be supported by -XDuplicateRecordFields in future releases of GHC.
    |
318 | getDataViewResponse_dataViewArn = Lens.lens (\GetDataViewResponse' {dataViewArn} -> dataViewArn) (\s@GetDataViewResponse' {} a -> s {dataViewArn = a} :: GetDataViewResponse)
    |                                                                                                                                      ^^^^^^^^^^^^^^^

gen/Amazonka/FinSpaceData/GetDataView.hs:322:131: warning: [GHC-02256] [-Wambiguous-fields]
    The record update s {dataViewId = a} with type GetDataViewResponse is ambiguous.
    This will not be supported by -XDuplicateRecordFields in future releases of GHC.
    |
322 | getDataViewResponse_dataViewId = Lens.lens (\GetDataViewResponse' {dataViewId} -> dataViewId) (\s@GetDataViewResponse' {} a -> s {dataViewId = a} :: GetDataViewResponse)
    |                                                                                                                                   ^^^^^^^^^^^^^^

gen/Amazonka/FinSpaceData/GetDataView.hs:326:128: warning: [GHC-02256] [-Wambiguous-fields]
    The record update s {datasetId = a} with type GetDataViewResponse is ambiguous.
    This will not be supported by -XDuplicateRecordFields in future releases of GHC.
    |
326 | getDataViewResponse_datasetId = Lens.lens (\GetDataViewResponse' {datasetId} -> datasetId) (\s@GetDataViewResponse' {} a -> s {datasetId = a} :: GetDataViewResponse)
    |                                                                                                                                ^^^^^^^^^^^^^

gen/Amazonka/FinSpaceData/GetDataView.hs:334:128: warning: [GHC-02256] [-Wambiguous-fields]
    The record update s {errorInfo = a} with type GetDataViewResponse is ambiguous.
    This will not be supported by -XDuplicateRecordFields in future releases of GHC.
    |
334 | getDataViewResponse_errorInfo = Lens.lens (\GetDataViewResponse' {errorInfo} -> errorInfo) (\s@GetDataViewResponse' {} a -> s {errorInfo = a} :: GetDataViewResponse)
    |                                                                                                                                ^^^^^^^^^^^^^

gen/Amazonka/FinSpaceData/GetDataView.hs:340:149: warning: [GHC-02256] [-Wambiguous-fields]
    The record update s {lastModifiedTime = a} with type GetDataViewResponse is ambiguous.
    This will not be supported by -XDuplicateRecordFields in future releases of GHC.
    |
340 | getDataViewResponse_lastModifiedTime = Lens.lens (\GetDataViewResponse' {lastModifiedTime} -> lastModifiedTime) (\s@GetDataViewResponse' {} a -> s {lastModifiedTime = a} :: GetDataViewResponse)
    |                                                                                                                                                     ^^^^^^^^^^^^^^^^^^^^

gen/Amazonka/FinSpaceData/GetDataView.hs:344:149: warning: [GHC-02256] [-Wambiguous-fields]
    The record update s {partitionColumns = a} with type GetDataViewResponse is ambiguous.
    This will not be supported by -XDuplicateRecordFields in future releases of GHC.
    |
344 | getDataViewResponse_partitionColumns = Lens.lens (\GetDataViewResponse' {partitionColumns} -> partitionColumns) (\s@GetDataViewResponse' {} a -> s {partitionColumns = a} :: GetDataViewResponse) Prelude.. Lens.mapping Lens.coerced
    |                                                                                                                                                     ^^^^^^^^^^^^^^^^^^^^

gen/Amazonka/FinSpaceData/GetDataView.hs:348:134: warning: [GHC-02256] [-Wambiguous-fields]
    The record update s {sortColumns = a} with type GetDataViewResponse is ambiguous.
    This will not be supported by -XDuplicateRecordFields in future releases of GHC.
    |
348 | getDataViewResponse_sortColumns = Lens.lens (\GetDataViewResponse' {sortColumns} -> sortColumns) (\s@GetDataViewResponse' {} a -> s {sortColumns = a} :: GetDataViewResponse) Prelude.. Lens.mapping Lens.coerced
    |                                                                                                                                      ^^^^^^^^^^^^^^^

gen/Amazonka/FinSpaceData/GetDataView.hs:369:119: warning: [GHC-02256] [-Wambiguous-fields]
    The record update s {status = a} with type GetDataViewResponse is ambiguous.
    This will not be supported by -XDuplicateRecordFields in future releases of GHC.
    |
369 | getDataViewResponse_status = Lens.lens (\GetDataViewResponse' {status} -> status) (\s@GetDataViewResponse' {} a -> s {status = a} :: GetDataViewResponse)
    |                                                                                                                       ^^^^^^^^^^
[50 of 68] Compiling Amazonka.FinSpaceData.GetChangeset

gen/Amazonka/FinSpaceData/GetChangeset.hs:102:107: warning: [GHC-02256] [-Wambiguous-fields]
    The record update s {datasetId = a} with type GetChangeset is ambiguous.
    This will not be supported by -XDuplicateRecordFields in future releases of GHC.
    |
102 | getChangeset_datasetId = Lens.lens (\GetChangeset' {datasetId} -> datasetId) (\s@GetChangeset' {} a -> s {datasetId = a} :: GetChangeset)
    |                                                                                                           ^^^^^^^^^^^^^

gen/Amazonka/FinSpaceData/GetChangeset.hs:106:113: warning: [GHC-02256] [-Wambiguous-fields]
    The record update s {changesetId = a} with type GetChangeset is ambiguous.
    This will not be supported by -XDuplicateRecordFields in future releases of GHC.
    |
106 | getChangeset_changesetId = Lens.lens (\GetChangeset' {changesetId} -> changesetId) (\s@GetChangeset' {} a -> s {changesetId = a} :: GetChangeset)
    |                                                                                                                 ^^^^^^^^^^^^^^^

gen/Amazonka/FinSpaceData/GetChangeset.hs:295:161: warning: [GHC-02256] [-Wambiguous-fields]
    The record update s {activeFromTimestamp = a} with type GetChangesetResponse is ambiguous.
    This will not be supported by -XDuplicateRecordFields in future releases of GHC.
    |
295 | getChangesetResponse_activeFromTimestamp = Lens.lens (\GetChangesetResponse' {activeFromTimestamp} -> activeFromTimestamp) (\s@GetChangesetResponse' {} a -> s {activeFromTimestamp = a} :: GetChangesetResponse)
    |                                                                                                                                                                 ^^^^^^^^^^^^^^^^^^^^^^^

gen/Amazonka/FinSpaceData/GetChangeset.hs:301:164: warning: [GHC-02256] [-Wambiguous-fields]
    The record update s {activeUntilTimestamp = a} with type GetChangesetResponse is ambiguous.
    This will not be supported by -XDuplicateRecordFields in future releases of GHC.
    |
301 | getChangesetResponse_activeUntilTimestamp = Lens.lens (\GetChangesetResponse' {activeUntilTimestamp} -> activeUntilTimestamp) (\s@GetChangesetResponse' {} a -> s {activeUntilTimestamp = a} :: GetChangesetResponse)
    |                                                                                                                                                                    ^^^^^^^^^^^^^^^^^^^^^^^^

gen/Amazonka/FinSpaceData/GetChangeset.hs:314:134: warning: [GHC-02256] [-Wambiguous-fields]
    The record update s {changeType = a} with type GetChangesetResponse is ambiguous.
    This will not be supported by -XDuplicateRecordFields in future releases of GHC.
    |
314 | getChangesetResponse_changeType = Lens.lens (\GetChangesetResponse' {changeType} -> changeType) (\s@GetChangesetResponse' {} a -> s {changeType = a} :: GetChangesetResponse)
    |                                                                                                                                      ^^^^^^^^^^^^^^

gen/Amazonka/FinSpaceData/GetChangeset.hs:318:140: warning: [GHC-02256] [-Wambiguous-fields]
    The record update s {changesetArn = a} with type GetChangesetResponse is ambiguous.
    This will not be supported by -XDuplicateRecordFields in future releases of GHC.
    |
318 | getChangesetResponse_changesetArn = Lens.lens (\GetChangesetResponse' {changesetArn} -> changesetArn) (\s@GetChangesetResponse' {} a -> s {changesetArn = a} :: GetChangesetResponse)
    |                                                                                                                                            ^^^^^^^^^^^^^^^^

gen/Amazonka/FinSpaceData/GetChangeset.hs:322:137: warning: [GHC-02256] [-Wambiguous-fields]
    The record update s {changesetId = a} with type GetChangesetResponse is ambiguous.
    This will not be supported by -XDuplicateRecordFields in future releases of GHC.
    |
322 | getChangesetResponse_changesetId = Lens.lens (\GetChangesetResponse' {changesetId} -> changesetId) (\s@GetChangesetResponse' {} a -> s {changesetId = a} :: GetChangesetResponse)
    |                                                                                                                                         ^^^^^^^^^^^^^^^

gen/Amazonka/FinSpaceData/GetChangeset.hs:328:134: warning: [GHC-02256] [-Wambiguous-fields]
    The record update s {createTime = a} with type GetChangesetResponse is ambiguous.
    This will not be supported by -XDuplicateRecordFields in future releases of GHC.
    |
328 | getChangesetResponse_createTime = Lens.lens (\GetChangesetResponse' {createTime} -> createTime) (\s@GetChangesetResponse' {} a -> s {createTime = a} :: GetChangesetResponse)
    |                                                                                                                                      ^^^^^^^^^^^^^^

gen/Amazonka/FinSpaceData/GetChangeset.hs:333:131: warning: [GHC-02256] [-Wambiguous-fields]
    The record update s {datasetId = a} with type GetChangesetResponse is ambiguous.
    This will not be supported by -XDuplicateRecordFields in future releases of GHC.
    |
333 | getChangesetResponse_datasetId = Lens.lens (\GetChangesetResponse' {datasetId} -> datasetId) (\s@GetChangesetResponse' {} a -> s {datasetId = a} :: GetChangesetResponse)
    |                                                                                                                                   ^^^^^^^^^^^^^

gen/Amazonka/FinSpaceData/GetChangeset.hs:337:131: warning: [GHC-02256] [-Wambiguous-fields]
    The record update s {errorInfo = a} with type GetChangesetResponse is ambiguous.
    This will not be supported by -XDuplicateRecordFields in future releases of GHC.
    |
337 | getChangesetResponse_errorInfo = Lens.lens (\GetChangesetResponse' {errorInfo} -> errorInfo) (\s@GetChangesetResponse' {} a -> s {errorInfo = a} :: GetChangesetResponse)
    |                                                                                                                                   ^^^^^^^^^^^^^

gen/Amazonka/FinSpaceData/GetChangeset.hs:341:140: warning: [GHC-02256] [-Wambiguous-fields]
    The record update s {formatParams = a} with type GetChangesetResponse is ambiguous.
    This will not be supported by -XDuplicateRecordFields in future releases of GHC.
    |
341 | getChangesetResponse_formatParams = Lens.lens (\GetChangesetResponse' {formatParams} -> formatParams) (\s@GetChangesetResponse' {} a -> s {formatParams = a} :: GetChangesetResponse) Prelude.. Lens.mapping Lens.coerced
    |                                                                                                                                            ^^^^^^^^^^^^^^^^

gen/Amazonka/FinSpaceData/GetChangeset.hs:345:140: warning: [GHC-02256] [-Wambiguous-fields]
    The record update s {sourceParams = a} with type GetChangesetResponse is ambiguous.
    This will not be supported by -XDuplicateRecordFields in future releases of GHC.
    |
345 | getChangesetResponse_sourceParams = Lens.lens (\GetChangesetResponse' {sourceParams} -> sourceParams) (\s@GetChangesetResponse' {} a -> s {sourceParams = a} :: GetChangesetResponse) Prelude.. Lens.mapping Lens.coerced
    |                                                                                                                                            ^^^^^^^^^^^^^^^^

gen/Amazonka/FinSpaceData/GetChangeset.hs:349:122: warning: [GHC-02256] [-Wambiguous-fields]
    The record update s {status = a} with type GetChangesetResponse is ambiguous.
    This will not be supported by -XDuplicateRecordFields in future releases of GHC.
    |
349 | getChangesetResponse_status = Lens.lens (\GetChangesetResponse' {status} -> status) (\s@GetChangesetResponse' {} a -> s {status = a} :: GetChangesetResponse)
    |                                                                                                                          ^^^^^^^^^^

gen/Amazonka/FinSpaceData/GetChangeset.hs:353:164: warning: [GHC-02256] [-Wambiguous-fields]
    The record update s {updatedByChangesetId = a} with type GetChangesetResponse is ambiguous.
    This will not be supported by -XDuplicateRecordFields in future releases of GHC.
    |
353 | getChangesetResponse_updatedByChangesetId = Lens.lens (\GetChangesetResponse' {updatedByChangesetId} -> updatedByChangesetId) (\s@GetChangesetResponse' {} a -> s {updatedByChangesetId = a} :: GetChangesetResponse)
    |                                                                                                                                                                    ^^^^^^^^^^^^^^^^^^^^^^^^

gen/Amazonka/FinSpaceData/GetChangeset.hs:357:158: warning: [GHC-02256] [-Wambiguous-fields]
    The record update s {updatesChangesetId = a} with type GetChangesetResponse is ambiguous.
    This will not be supported by -XDuplicateRecordFields in future releases of GHC.
    |
357 | getChangesetResponse_updatesChangesetId = Lens.lens (\GetChangesetResponse' {updatesChangesetId} -> updatesChangesetId) (\s@GetChangesetResponse' {} a -> s {updatesChangesetId = a} :: GetChangesetResponse)
    |                                                                                                                                                              ^^^^^^^^^^^^^^^^^^^^^^
[51 of 68] Compiling Amazonka.FinSpaceData.EnableUser

gen/Amazonka/FinSpaceData/EnableUser.hs:88:92: warning: [GHC-02256] [-Wambiguous-fields]
    The record update s {userId = a} with type EnableUser is ambiguous.
    This will not be supported by -XDuplicateRecordFields in future releases of GHC.
   |
88 | enableUser_userId = Lens.lens (\EnableUser' {userId} -> userId) (\s@EnableUser' {} a -> s {userId = a} :: EnableUser)
   |                                                                                            ^^^^^^^^^^

gen/Amazonka/FinSpaceData/EnableUser.hs:171:116: warning: [GHC-02256] [-Wambiguous-fields]
    The record update s {userId = a} with type EnableUserResponse is ambiguous.
    This will not be supported by -XDuplicateRecordFields in future releases of GHC.
    |
171 | enableUserResponse_userId = Lens.lens (\EnableUserResponse' {userId} -> userId) (\s@EnableUserResponse' {} a -> s {userId = a} :: EnableUserResponse)
    |                                                                                                                    ^^^^^^^^^^
[52 of 68] Compiling Amazonka.FinSpaceData.DisassociateUserFromPermissionGroup

gen/Amazonka/FinSpaceData/DisassociateUserFromPermissionGroup.hs:98:200: warning: [GHC-02256] [-Wambiguous-fields]
    The record update s {permissionGroupId = a} with type DisassociateUserFromPermissionGroup is ambiguous.
    This will not be supported by -XDuplicateRecordFields in future releases of GHC.
   |
98 | disassociateUserFromPermissionGroup_permissionGroupId = Lens.lens (\DisassociateUserFromPermissionGroup' {permissionGroupId} -> permissionGroupId) (\s@DisassociateUserFromPermissionGroup' {} a -> s {permissionGroupId = a} :: DisassociateUserFromPermissionGroup)
   |                                                                                                                                                                                                        ^^^^^^^^^^^^^^^^^^^^^

gen/Amazonka/FinSpaceData/DisassociateUserFromPermissionGroup.hs:102:167: warning: [GHC-02256] [-Wambiguous-fields]
    The record update s {userId = a} with type DisassociateUserFromPermissionGroup is ambiguous.
    This will not be supported by -XDuplicateRecordFields in future releases of GHC.
    |
102 | disassociateUserFromPermissionGroup_userId = Lens.lens (\DisassociateUserFromPermissionGroup' {userId} -> userId) (\s@DisassociateUserFromPermissionGroup' {} a -> s {userId = a} :: DisassociateUserFromPermissionGroup)
    |                                                                                                                                                                       ^^^^^^^^^^
[53 of 68] Compiling Amazonka.FinSpaceData.DisableUser

gen/Amazonka/FinSpaceData/DisableUser.hs:88:95: warning: [GHC-02256] [-Wambiguous-fields]
    The record update s {userId = a} with type DisableUser is ambiguous.
    This will not be supported by -XDuplicateRecordFields in future releases of GHC.
   |
88 | disableUser_userId = Lens.lens (\DisableUser' {userId} -> userId) (\s@DisableUser' {} a -> s {userId = a} :: DisableUser)
   |                                                                                               ^^^^^^^^^^

gen/Amazonka/FinSpaceData/DisableUser.hs:171:119: warning: [GHC-02256] [-Wambiguous-fields]
    The record update s {userId = a} with type DisableUserResponse is ambiguous.
    This will not be supported by -XDuplicateRecordFields in future releases of GHC.
    |
171 | disableUserResponse_userId = Lens.lens (\DisableUserResponse' {userId} -> userId) (\s@DisableUserResponse' {} a -> s {userId = a} :: DisableUserResponse)
    |                                                                                                                       ^^^^^^^^^^
[54 of 68] Compiling Amazonka.FinSpaceData.DeletePermissionGroup

gen/Amazonka/FinSpaceData/DeletePermissionGroup.hs:88:158: warning: [GHC-02256] [-Wambiguous-fields]
    The record update s {permissionGroupId = a} with type DeletePermissionGroup is ambiguous.
    This will not be supported by -XDuplicateRecordFields in future releases of GHC.
   |
88 | deletePermissionGroup_permissionGroupId = Lens.lens (\DeletePermissionGroup' {permissionGroupId} -> permissionGroupId) (\s@DeletePermissionGroup' {} a -> s {permissionGroupId = a} :: DeletePermissionGroup)
   |                                                                                                                                                              ^^^^^^^^^^^^^^^^^^^^^

gen/Amazonka/FinSpaceData/DeletePermissionGroup.hs:168:182: warning: [GHC-02256] [-Wambiguous-fields]
    The record update s {permissionGroupId = a} with type DeletePermissionGroupResponse is ambiguous.
    This will not be supported by -XDuplicateRecordFields in future releases of GHC.
    |
168 | deletePermissionGroupResponse_permissionGroupId = Lens.lens (\DeletePermissionGroupResponse' {permissionGroupId} -> permissionGroupId) (\s@DeletePermissionGroupResponse' {} a -> s {permissionGroupId = a} :: DeletePermissionGroupResponse)
    |                                                                                                                                                                                      ^^^^^^^^^^^^^^^^^^^^^
[55 of 68] Compiling Amazonka.FinSpaceData.DeleteDataset

gen/Amazonka/FinSpaceData/DeleteDataset.hs:89:110: warning: [GHC-02256] [-Wambiguous-fields]
    The record update s {datasetId = a} with type DeleteDataset is ambiguous.
    This will not be supported by -XDuplicateRecordFields in future releases of GHC.
   |
89 | deleteDataset_datasetId = Lens.lens (\DeleteDataset' {datasetId} -> datasetId) (\s@DeleteDataset' {} a -> s {datasetId = a} :: DeleteDataset)
   |                                                                                                              ^^^^^^^^^^^^^

gen/Amazonka/FinSpaceData/DeleteDataset.hs:170:134: warning: [GHC-02256] [-Wambiguous-fields]
    The record update s {datasetId = a} with type DeleteDatasetResponse is ambiguous.
    This will not be supported by -XDuplicateRecordFields in future releases of GHC.
    |
170 | deleteDatasetResponse_datasetId = Lens.lens (\DeleteDatasetResponse' {datasetId} -> datasetId) (\s@DeleteDatasetResponse' {} a -> s {datasetId = a} :: DeleteDatasetResponse)
    |                                                                                                                                      ^^^^^^^^^^^^^
[56 of 68] Compiling Amazonka.FinSpaceData.CreateUser

gen/Amazonka/FinSpaceData/CreateUser.hs:157:101: warning: [GHC-02256] [-Wambiguous-fields]
    The record update s {apiAccess = a} with type CreateUser is ambiguous.
    This will not be supported by -XDuplicateRecordFields in future releases of GHC.
    |
157 | createUser_apiAccess = Lens.lens (\CreateUser' {apiAccess} -> apiAccess) (\s@CreateUser' {} a -> s {apiAccess = a} :: CreateUser)
    |                                                                                                     ^^^^^^^^^^^^^

gen/Amazonka/FinSpaceData/CreateUser.hs:164:137: warning: [GHC-02256] [-Wambiguous-fields]
    The record update s {apiAccessPrincipalArn = a} with type CreateUser is ambiguous.
    This will not be supported by -XDuplicateRecordFields in future releases of GHC.
    |
164 | createUser_apiAccessPrincipalArn = Lens.lens (\CreateUser' {apiAccessPrincipalArn} -> apiAccessPrincipalArn) (\s@CreateUser' {} a -> s {apiAccessPrincipalArn = a} :: CreateUser)
    |                                                                                                                                         ^^^^^^^^^^^^^^^^^^^^^^^^^

gen/Amazonka/FinSpaceData/CreateUser.hs:172:101: warning: [GHC-02256] [-Wambiguous-fields]
    The record update s {firstName = a} with type CreateUser is ambiguous.
    This will not be supported by -XDuplicateRecordFields in future releases of GHC.
    |
172 | createUser_firstName = Lens.lens (\CreateUser' {firstName} -> firstName) (\s@CreateUser' {} a -> s {firstName = a} :: CreateUser) Prelude.. Lens.mapping Data._Sensitive
    |                                                                                                     ^^^^^^^^^^^^^

gen/Amazonka/FinSpaceData/CreateUser.hs:176:98: warning: [GHC-02256] [-Wambiguous-fields]
    The record update s {lastName = a} with type CreateUser is ambiguous.
    This will not be supported by -XDuplicateRecordFields in future releases of GHC.
    |
176 | createUser_lastName = Lens.lens (\CreateUser' {lastName} -> lastName) (\s@CreateUser' {} a -> s {lastName = a} :: CreateUser) Prelude.. Lens.mapping Data._Sensitive
    |                                                                                                  ^^^^^^^^^^^^

gen/Amazonka/FinSpaceData/CreateUser.hs:182:110: warning: [GHC-02256] [-Wambiguous-fields]
    The record update s {emailAddress = a} with type CreateUser is ambiguous.
    This will not be supported by -XDuplicateRecordFields in future releases of GHC.
    |
182 | createUser_emailAddress = Lens.lens (\CreateUser' {emailAddress} -> emailAddress) (\s@CreateUser' {} a -> s {emailAddress = a} :: CreateUser) Prelude.. Data._Sensitive
    |                                                                                                              ^^^^^^^^^^^^^^^^

gen/Amazonka/FinSpaceData/CreateUser.hs:193:88: warning: [GHC-02256] [-Wambiguous-fields]
    The record update s {type' = a} with type CreateUser is ambiguous.
    This will not be supported by -XDuplicateRecordFields in future releases of GHC.
    |
193 | createUser_type = Lens.lens (\CreateUser' {type'} -> type') (\s@CreateUser' {} a -> s {type' = a} :: CreateUser)
    |                                                                                        ^^^^^^^^^

gen/Amazonka/FinSpaceData/CreateUser.hs:292:116: warning: [GHC-02256] [-Wambiguous-fields]
    The record update s {userId = a} with type CreateUserResponse is ambiguous.
    This will not be supported by -XDuplicateRecordFields in future releases of GHC.
    |
292 | createUserResponse_userId = Lens.lens (\CreateUserResponse' {userId} -> userId) (\s@CreateUserResponse' {} a -> s {userId = a} :: CreateUserResponse)
    |                                                                                                                    ^^^^^^^^^^
[57 of 68] Compiling Amazonka.FinSpaceData.CreatePermissionGroup

gen/Amazonka/FinSpaceData/CreatePermissionGroup.hs:153:140: warning: [GHC-02256] [-Wambiguous-fields]
    The record update s {description = a} with type CreatePermissionGroup is ambiguous.
    This will not be supported by -XDuplicateRecordFields in future releases of GHC.
    |
153 | createPermissionGroup_description = Lens.lens (\CreatePermissionGroup' {description} -> description) (\s@CreatePermissionGroup' {} a -> s {description = a} :: CreatePermissionGroup) Prelude.. Lens.mapping Data._Sensitive
    |                                                                                                                                            ^^^^^^^^^^^^^^^

gen/Amazonka/FinSpaceData/CreatePermissionGroup.hs:157:119: warning: [GHC-02256] [-Wambiguous-fields]
    The record update s {name = a} with type CreatePermissionGroup is ambiguous.
    This will not be supported by -XDuplicateRecordFields in future releases of GHC.
    |
157 | createPermissionGroup_name = Lens.lens (\CreatePermissionGroup' {name} -> name) (\s@CreatePermissionGroup' {} a -> s {name = a} :: CreatePermissionGroup) Prelude.. Data._Sensitive
    |                                                                                                                       ^^^^^^^^

gen/Amazonka/FinSpaceData/CreatePermissionGroup.hs:187:173: warning: [GHC-02256] [-Wambiguous-fields]
    The record update s {applicationPermissions = a} with type CreatePermissionGroup is ambiguous.
    This will not be supported by -XDuplicateRecordFields in future releases of GHC.
    |
187 | createPermissionGroup_applicationPermissions = Lens.lens (\CreatePermissionGroup' {applicationPermissions} -> applicationPermissions) (\s@CreatePermissionGroup' {} a -> s {applicationPermissions = a} :: CreatePermissionGroup) Prelude.. Lens.coerced
    |                                                                                                                                                                             ^^^^^^^^^^^^^^^^^^^^^^^^^^

gen/Amazonka/FinSpaceData/CreatePermissionGroup.hs:282:182: warning: [GHC-02256] [-Wambiguous-fields]
    The record update s {permissionGroupId = a} with type CreatePermissionGroupResponse is ambiguous.
    This will not be supported by -XDuplicateRecordFields in future releases of GHC.
    |
282 | createPermissionGroupResponse_permissionGroupId = Lens.lens (\CreatePermissionGroupResponse' {permissionGroupId} -> permissionGroupId) (\s@CreatePermissionGroupResponse' {} a -> s {permissionGroupId = a} :: CreatePermissionGroupResponse)
    |                                                                                                                                                                                      ^^^^^^^^^^^^^^^^^^^^^
[58 of 68] Compiling Amazonka.FinSpaceData.CreateDataset

gen/Amazonka/FinSpaceData/CreateDataset.hs:136:98: warning: [GHC-02256] [-Wambiguous-fields]
    The record update s {alias = a} with type CreateDataset is ambiguous.
    This will not be supported by -XDuplicateRecordFields in future releases of GHC.
    |
136 | createDataset_alias = Lens.lens (\CreateDataset' {alias} -> alias) (\s@CreateDataset' {} a -> s {alias = a} :: CreateDataset)
    |                                                                                                  ^^^^^^^^^

gen/Amazonka/FinSpaceData/CreateDataset.hs:144:137: warning: [GHC-02256] [-Wambiguous-fields]
    The record update s {datasetDescription = a} with type CreateDataset is ambiguous.
    This will not be supported by -XDuplicateRecordFields in future releases of GHC.
    |
144 | createDataset_datasetDescription = Lens.lens (\CreateDataset' {datasetDescription} -> datasetDescription) (\s@CreateDataset' {} a -> s {datasetDescription = a} :: CreateDataset)
    |                                                                                                                                         ^^^^^^^^^^^^^^^^^^^^^^

gen/Amazonka/FinSpaceData/CreateDataset.hs:148:110: warning: [GHC-02256] [-Wambiguous-fields]
    The record update s {ownerInfo = a} with type CreateDataset is ambiguous.
    This will not be supported by -XDuplicateRecordFields in future releases of GHC.
    |
148 | createDataset_ownerInfo = Lens.lens (\CreateDataset' {ownerInfo} -> ownerInfo) (\s@CreateDataset' {} a -> s {ownerInfo = a} :: CreateDataset)
    |                                                                                                              ^^^^^^^^^^^^^

gen/Amazonka/FinSpaceData/CreateDataset.hs:152:131: warning: [GHC-02256] [-Wambiguous-fields]
    The record update s {schemaDefinition = a} with type CreateDataset is ambiguous.
    This will not be supported by -XDuplicateRecordFields in future releases of GHC.
    |
152 | createDataset_schemaDefinition = Lens.lens (\CreateDataset' {schemaDefinition} -> schemaDefinition) (\s@CreateDataset' {} a -> s {schemaDefinition = a} :: CreateDataset)
    |                                                                                                                                   ^^^^^^^^^^^^^^^^^^^^

gen/Amazonka/FinSpaceData/CreateDataset.hs:156:119: warning: [GHC-02256] [-Wambiguous-fields]
    The record update s {datasetTitle = a} with type CreateDataset is ambiguous.
    This will not be supported by -XDuplicateRecordFields in future releases of GHC.
    |
156 | createDataset_datasetTitle = Lens.lens (\CreateDataset' {datasetTitle} -> datasetTitle) (\s@CreateDataset' {} a -> s {datasetTitle = a} :: CreateDataset)
    |                                                                                                                       ^^^^^^^^^^^^^^^^

gen/Amazonka/FinSpaceData/CreateDataset.hs:164:95: warning: [GHC-02256] [-Wambiguous-fields]
    The record update s {kind = a} with type CreateDataset is ambiguous.
    This will not be supported by -XDuplicateRecordFields in future releases of GHC.
    |
164 | createDataset_kind = Lens.lens (\CreateDataset' {kind} -> kind) (\s@CreateDataset' {} a -> s {kind = a} :: CreateDataset)
    |                                                                                               ^^^^^^^^

gen/Amazonka/FinSpaceData/CreateDataset.hs:278:134: warning: [GHC-02256] [-Wambiguous-fields]
    The record update s {datasetId = a} with type CreateDatasetResponse is ambiguous.
    This will not be supported by -XDuplicateRecordFields in future releases of GHC.
    |
278 | createDatasetResponse_datasetId = Lens.lens (\CreateDatasetResponse' {datasetId} -> datasetId) (\s@CreateDatasetResponse' {} a -> s {datasetId = a} :: CreateDatasetResponse)
    |                                                                                                                                      ^^^^^^^^^^^^^
[59 of 68] Compiling Amazonka.FinSpaceData.CreateDataView

gen/Amazonka/FinSpaceData/CreateDataView.hs:124:125: warning: [GHC-02256] [-Wambiguous-fields]
    The record update s {asOfTimestamp = a} with type CreateDataView is ambiguous.
    This will not be supported by -XDuplicateRecordFields in future releases of GHC.
    |
124 | createDataView_asOfTimestamp = Lens.lens (\CreateDataView' {asOfTimestamp} -> asOfTimestamp) (\s@CreateDataView' {} a -> s {asOfTimestamp = a} :: CreateDataView)
    |                                                                                                                             ^^^^^^^^^^^^^^^^^

gen/Amazonka/FinSpaceData/CreateDataView.hs:128:116: warning: [GHC-02256] [-Wambiguous-fields]
    The record update s {autoUpdate = a} with type CreateDataView is ambiguous.
    This will not be supported by -XDuplicateRecordFields in future releases of GHC.
    |
128 | createDataView_autoUpdate = Lens.lens (\CreateDataView' {autoUpdate} -> autoUpdate) (\s@CreateDataView' {} a -> s {autoUpdate = a} :: CreateDataView)
    |                                                                                                                    ^^^^^^^^^^^^^^

gen/Amazonka/FinSpaceData/CreateDataView.hs:136:134: warning: [GHC-02256] [-Wambiguous-fields]
    The record update s {partitionColumns = a} with type CreateDataView is ambiguous.
    This will not be supported by -XDuplicateRecordFields in future releases of GHC.
    |
136 | createDataView_partitionColumns = Lens.lens (\CreateDataView' {partitionColumns} -> partitionColumns) (\s@CreateDataView' {} a -> s {partitionColumns = a} :: CreateDataView) Prelude.. Lens.mapping Lens.coerced
    |                                                                                                                                      ^^^^^^^^^^^^^^^^^^^^

gen/Amazonka/FinSpaceData/CreateDataView.hs:140:119: warning: [GHC-02256] [-Wambiguous-fields]
    The record update s {sortColumns = a} with type CreateDataView is ambiguous.
    This will not be supported by -XDuplicateRecordFields in future releases of GHC.
    |
140 | createDataView_sortColumns = Lens.lens (\CreateDataView' {sortColumns} -> sortColumns) (\s@CreateDataView' {} a -> s {sortColumns = a} :: CreateDataView) Prelude.. Lens.mapping Lens.coerced
    |                                                                                                                       ^^^^^^^^^^^^^^^

gen/Amazonka/FinSpaceData/CreateDataView.hs:144:113: warning: [GHC-02256] [-Wambiguous-fields]
    The record update s {datasetId = a} with type CreateDataView is ambiguous.
    This will not be supported by -XDuplicateRecordFields in future releases of GHC.
    |
144 | createDataView_datasetId = Lens.lens (\CreateDataView' {datasetId} -> datasetId) (\s@CreateDataView' {} a -> s {datasetId = a} :: CreateDataView)
    |                                                                                                                 ^^^^^^^^^^^^^

gen/Amazonka/FinSpaceData/CreateDataView.hs:262:140: warning: [GHC-02256] [-Wambiguous-fields]
    The record update s {dataViewId = a} with type CreateDataViewResponse is ambiguous.
    This will not be supported by -XDuplicateRecordFields in future releases of GHC.
    |
262 | createDataViewResponse_dataViewId = Lens.lens (\CreateDataViewResponse' {dataViewId} -> dataViewId) (\s@CreateDataViewResponse' {} a -> s {dataViewId = a} :: CreateDataViewResponse)
    |                                                                                                                                            ^^^^^^^^^^^^^^

gen/Amazonka/FinSpaceData/CreateDataView.hs:266:137: warning: [GHC-02256] [-Wambiguous-fields]
    The record update s {datasetId = a} with type CreateDataViewResponse is ambiguous.
    This will not be supported by -XDuplicateRecordFields in future releases of GHC.
    |
266 | createDataViewResponse_datasetId = Lens.lens (\CreateDataViewResponse' {datasetId} -> datasetId) (\s@CreateDataViewResponse' {} a -> s {datasetId = a} :: CreateDataViewResponse)
    |                                                                                                                                         ^^^^^^^^^^^^^
[60 of 68] Compiling Amazonka.FinSpaceData.CreateChangeset

gen/Amazonka/FinSpaceData/CreateChangeset.hs:207:116: warning: [GHC-02256] [-Wambiguous-fields]
    The record update s {datasetId = a} with type CreateChangeset is ambiguous.
    This will not be supported by -XDuplicateRecordFields in future releases of GHC.
    |
207 | createChangeset_datasetId = Lens.lens (\CreateChangeset' {datasetId} -> datasetId) (\s@CreateChangeset' {} a -> s {datasetId = a} :: CreateChangeset)
    |                                                                                                                    ^^^^^^^^^^^^^

gen/Amazonka/FinSpaceData/CreateChangeset.hs:220:119: warning: [GHC-02256] [-Wambiguous-fields]
    The record update s {changeType = a} with type CreateChangeset is ambiguous.
    This will not be supported by -XDuplicateRecordFields in future releases of GHC.
    |
220 | createChangeset_changeType = Lens.lens (\CreateChangeset' {changeType} -> changeType) (\s@CreateChangeset' {} a -> s {changeType = a} :: CreateChangeset)
    |                                                                                                                       ^^^^^^^^^^^^^^

gen/Amazonka/FinSpaceData/CreateChangeset.hs:237:125: warning: [GHC-02256] [-Wambiguous-fields]
    The record update s {sourceParams = a} with type CreateChangeset is ambiguous.
    This will not be supported by -XDuplicateRecordFields in future releases of GHC.
    |
237 | createChangeset_sourceParams = Lens.lens (\CreateChangeset' {sourceParams} -> sourceParams) (\s@CreateChangeset' {} a -> s {sourceParams = a} :: CreateChangeset) Prelude.. Lens.coerced
    |                                                                                                                             ^^^^^^^^^^^^^^^^

gen/Amazonka/FinSpaceData/CreateChangeset.hs:266:125: warning: [GHC-02256] [-Wambiguous-fields]
    The record update s {formatParams = a} with type CreateChangeset is ambiguous.
    This will not be supported by -XDuplicateRecordFields in future releases of GHC.
    |
266 | createChangeset_formatParams = Lens.lens (\CreateChangeset' {formatParams} -> formatParams) (\s@CreateChangeset' {} a -> s {formatParams = a} :: CreateChangeset) Prelude.. Lens.coerced
    |                                                                                                                             ^^^^^^^^^^^^^^^^

gen/Amazonka/FinSpaceData/CreateChangeset.hs:372:146: warning: [GHC-02256] [-Wambiguous-fields]
    The record update s {changesetId = a} with type CreateChangesetResponse is ambiguous.
    This will not be supported by -XDuplicateRecordFields in future releases of GHC.
    |
372 | createChangesetResponse_changesetId = Lens.lens (\CreateChangesetResponse' {changesetId} -> changesetId) (\s@CreateChangesetResponse' {} a -> s {changesetId = a} :: CreateChangesetResponse)
    |                                                                                                                                                  ^^^^^^^^^^^^^^^

gen/Amazonka/FinSpaceData/CreateChangeset.hs:377:140: warning: [GHC-02256] [-Wambiguous-fields]
    The record update s {datasetId = a} with type CreateChangesetResponse is ambiguous.
    This will not be supported by -XDuplicateRecordFields in future releases of GHC.
    |
377 | createChangesetResponse_datasetId = Lens.lens (\CreateChangesetResponse' {datasetId} -> datasetId) (\s@CreateChangesetResponse' {} a -> s {datasetId = a} :: CreateChangesetResponse)
    |                                                                                                                                            ^^^^^^^^^^^^^
[61 of 68] Compiling Amazonka.FinSpaceData.AssociateUserToPermissionGroup

gen/Amazonka/FinSpaceData/AssociateUserToPermissionGroup.hs:98:185: warning: [GHC-02256] [-Wambiguous-fields]
    The record update s {permissionGroupId = a} with type AssociateUserToPermissionGroup is ambiguous.
    This will not be supported by -XDuplicateRecordFields in future releases of GHC.
   |
98 | associateUserToPermissionGroup_permissionGroupId = Lens.lens (\AssociateUserToPermissionGroup' {permissionGroupId} -> permissionGroupId) (\s@AssociateUserToPermissionGroup' {} a -> s {permissionGroupId = a} :: AssociateUserToPermissionGroup)
   |                                                                                                                                                                                         ^^^^^^^^^^^^^^^^^^^^^

gen/Amazonka/FinSpaceData/AssociateUserToPermissionGroup.hs:102:152: warning: [GHC-02256] [-Wambiguous-fields]
    The record update s {userId = a} with type AssociateUserToPermissionGroup is ambiguous.
    This will not be supported by -XDuplicateRecordFields in future releases of GHC.
    |
102 | associateUserToPermissionGroup_userId = Lens.lens (\AssociateUserToPermissionGroup' {userId} -> userId) (\s@AssociateUserToPermissionGroup' {} a -> s {userId = a} :: AssociateUserToPermissionGroup)
    |                                                                                                                                                        ^^^^^^^^^^
[62 of 68] Compiling Amazonka.FinSpaceData.UpdateChangeset

gen/Amazonka/FinSpaceData/UpdateChangeset.hs:187:116: warning: [GHC-02256] [-Wambiguous-fields]
    The record update s {datasetId = a} with type UpdateChangeset is ambiguous.
    This will not be supported by -XDuplicateRecordFields in future releases of GHC.
    |
187 | updateChangeset_datasetId = Lens.lens (\UpdateChangeset' {datasetId} -> datasetId) (\s@UpdateChangeset' {} a -> s {datasetId = a} :: UpdateChangeset)
    |                                                                                                                    ^^^^^^^^^^^^^

gen/Amazonka/FinSpaceData/UpdateChangeset.hs:191:122: warning: [GHC-02256] [-Wambiguous-fields]
    The record update s {changesetId = a} with type UpdateChangeset is ambiguous.
    This will not be supported by -XDuplicateRecordFields in future releases of GHC.
    |
191 | updateChangeset_changesetId = Lens.lens (\UpdateChangeset' {changesetId} -> changesetId) (\s@UpdateChangeset' {} a -> s {changesetId = a} :: UpdateChangeset)
    |                                                                                                                          ^^^^^^^^^^^^^^^

gen/Amazonka/FinSpaceData/UpdateChangeset.hs:207:125: warning: [GHC-02256] [-Wambiguous-fields]
    The record update s {sourceParams = a} with type UpdateChangeset is ambiguous.
    This will not be supported by -XDuplicateRecordFields in future releases of GHC.
    |
207 | updateChangeset_sourceParams = Lens.lens (\UpdateChangeset' {sourceParams} -> sourceParams) (\s@UpdateChangeset' {} a -> s {sourceParams = a} :: UpdateChangeset) Prelude.. Lens.coerced
    |                                                                                                                             ^^^^^^^^^^^^^^^^

gen/Amazonka/FinSpaceData/UpdateChangeset.hs:236:125: warning: [GHC-02256] [-Wambiguous-fields]
    The record update s {formatParams = a} with type UpdateChangeset is ambiguous.
    This will not be supported by -XDuplicateRecordFields in future releases of GHC.
    |
236 | updateChangeset_formatParams = Lens.lens (\UpdateChangeset' {formatParams} -> formatParams) (\s@UpdateChangeset' {} a -> s {formatParams = a} :: UpdateChangeset) Prelude.. Lens.coerced
    |                                                                                                                             ^^^^^^^^^^^^^^^^

gen/Amazonka/FinSpaceData/UpdateChangeset.hs:345:146: warning: [GHC-02256] [-Wambiguous-fields]
    The record update s {changesetId = a} with type UpdateChangesetResponse is ambiguous.
    This will not be supported by -XDuplicateRecordFields in future releases of GHC.
    |
345 | updateChangesetResponse_changesetId = Lens.lens (\UpdateChangesetResponse' {changesetId} -> changesetId) (\s@UpdateChangesetResponse' {} a -> s {changesetId = a} :: UpdateChangesetResponse)
    |                                                                                                                                                  ^^^^^^^^^^^^^^^

gen/Amazonka/FinSpaceData/UpdateChangeset.hs:350:140: warning: [GHC-02256] [-Wambiguous-fields]
    The record update s {datasetId = a} with type UpdateChangesetResponse is ambiguous.
    This will not be supported by -XDuplicateRecordFields in future releases of GHC.
    |
350 | updateChangesetResponse_datasetId = Lens.lens (\UpdateChangesetResponse' {datasetId} -> datasetId) (\s@UpdateChangesetResponse' {} a -> s {datasetId = a} :: UpdateChangesetResponse)
    |                                                                                                                                            ^^^^^^^^^^^^^
[63 of 68] Compiling Amazonka.FinSpaceData.UpdateDataset

gen/Amazonka/FinSpaceData/UpdateDataset.hs:127:98: warning: [GHC-02256] [-Wambiguous-fields]
    The record update s {alias = a} with type UpdateDataset is ambiguous.
    This will not be supported by -XDuplicateRecordFields in future releases of GHC.
    |
127 | updateDataset_alias = Lens.lens (\UpdateDataset' {alias} -> alias) (\s@UpdateDataset' {} a -> s {alias = a} :: UpdateDataset)
    |                                                                                                  ^^^^^^^^^

gen/Amazonka/FinSpaceData/UpdateDataset.hs:135:137: warning: [GHC-02256] [-Wambiguous-fields]
    The record update s {datasetDescription = a} with type UpdateDataset is ambiguous.
    This will not be supported by -XDuplicateRecordFields in future releases of GHC.
    |
135 | updateDataset_datasetDescription = Lens.lens (\UpdateDataset' {datasetDescription} -> datasetDescription) (\s@UpdateDataset' {} a -> s {datasetDescription = a} :: UpdateDataset)
    |                                                                                                                                         ^^^^^^^^^^^^^^^^^^^^^^

gen/Amazonka/FinSpaceData/UpdateDataset.hs:139:131: warning: [GHC-02256] [-Wambiguous-fields]
    The record update s {schemaDefinition = a} with type UpdateDataset is ambiguous.
    This will not be supported by -XDuplicateRecordFields in future releases of GHC.
    |
139 | updateDataset_schemaDefinition = Lens.lens (\UpdateDataset' {schemaDefinition} -> schemaDefinition) (\s@UpdateDataset' {} a -> s {schemaDefinition = a} :: UpdateDataset)
    |                                                                                                                                   ^^^^^^^^^^^^^^^^^^^^

gen/Amazonka/FinSpaceData/UpdateDataset.hs:143:110: warning: [GHC-02256] [-Wambiguous-fields]
    The record update s {datasetId = a} with type UpdateDataset is ambiguous.
    This will not be supported by -XDuplicateRecordFields in future releases of GHC.
    |
143 | updateDataset_datasetId = Lens.lens (\UpdateDataset' {datasetId} -> datasetId) (\s@UpdateDataset' {} a -> s {datasetId = a} :: UpdateDataset)
    |                                                                                                              ^^^^^^^^^^^^^

gen/Amazonka/FinSpaceData/UpdateDataset.hs:147:119: warning: [GHC-02256] [-Wambiguous-fields]
    The record update s {datasetTitle = a} with type UpdateDataset is ambiguous.
    This will not be supported by -XDuplicateRecordFields in future releases of GHC.
    |
147 | updateDataset_datasetTitle = Lens.lens (\UpdateDataset' {datasetTitle} -> datasetTitle) (\s@UpdateDataset' {} a -> s {datasetTitle = a} :: UpdateDataset)
    |                                                                                                                       ^^^^^^^^^^^^^^^^

gen/Amazonka/FinSpaceData/UpdateDataset.hs:155:95: warning: [GHC-02256] [-Wambiguous-fields]
    The record update s {kind = a} with type UpdateDataset is ambiguous.
    This will not be supported by -XDuplicateRecordFields in future releases of GHC.
    |
155 | updateDataset_kind = Lens.lens (\UpdateDataset' {kind} -> kind) (\s@UpdateDataset' {} a -> s {kind = a} :: UpdateDataset)
    |                                                                                               ^^^^^^^^

gen/Amazonka/FinSpaceData/UpdateDataset.hs:260:134: warning: [GHC-02256] [-Wambiguous-fields]
    The record update s {datasetId = a} with type UpdateDatasetResponse is ambiguous.
    This will not be supported by -XDuplicateRecordFields in future releases of GHC.
    |
260 | updateDatasetResponse_datasetId = Lens.lens (\UpdateDatasetResponse' {datasetId} -> datasetId) (\s@UpdateDatasetResponse' {} a -> s {datasetId = a} :: UpdateDatasetResponse)
    |                                                                                                                                      ^^^^^^^^^^^^^
[64 of 68] Compiling Amazonka.FinSpaceData.UpdatePermissionGroup

gen/Amazonka/FinSpaceData/UpdatePermissionGroup.hs:181:173: warning: [GHC-02256] [-Wambiguous-fields]
    The record update s {applicationPermissions = a} with type UpdatePermissionGroup is ambiguous.
    This will not be supported by -XDuplicateRecordFields in future releases of GHC.
    |
181 | updatePermissionGroup_applicationPermissions = Lens.lens (\UpdatePermissionGroup' {applicationPermissions} -> applicationPermissions) (\s@UpdatePermissionGroup' {} a -> s {applicationPermissions = a} :: UpdatePermissionGroup) Prelude.. Lens.mapping Lens.coerced
    |                                                                                                                                                                             ^^^^^^^^^^^^^^^^^^^^^^^^^^

gen/Amazonka/FinSpaceData/UpdatePermissionGroup.hs:189:140: warning: [GHC-02256] [-Wambiguous-fields]
    The record update s {description = a} with type UpdatePermissionGroup is ambiguous.
    This will not be supported by -XDuplicateRecordFields in future releases of GHC.
    |
189 | updatePermissionGroup_description = Lens.lens (\UpdatePermissionGroup' {description} -> description) (\s@UpdatePermissionGroup' {} a -> s {description = a} :: UpdatePermissionGroup) Prelude.. Lens.mapping Data._Sensitive
    |                                                                                                                                            ^^^^^^^^^^^^^^^

gen/Amazonka/FinSpaceData/UpdatePermissionGroup.hs:193:119: warning: [GHC-02256] [-Wambiguous-fields]
    The record update s {name = a} with type UpdatePermissionGroup is ambiguous.
    This will not be supported by -XDuplicateRecordFields in future releases of GHC.
    |
193 | updatePermissionGroup_name = Lens.lens (\UpdatePermissionGroup' {name} -> name) (\s@UpdatePermissionGroup' {} a -> s {name = a} :: UpdatePermissionGroup) Prelude.. Lens.mapping Data._Sensitive
    |                                                                                                                       ^^^^^^^^

gen/Amazonka/FinSpaceData/UpdatePermissionGroup.hs:197:158: warning: [GHC-02256] [-Wambiguous-fields]
    The record update s {permissionGroupId = a} with type UpdatePermissionGroup is ambiguous.
    This will not be supported by -XDuplicateRecordFields in future releases of GHC.
    |
197 | updatePermissionGroup_permissionGroupId = Lens.lens (\UpdatePermissionGroup' {permissionGroupId} -> permissionGroupId) (\s@UpdatePermissionGroup' {} a -> s {permissionGroupId = a} :: UpdatePermissionGroup)
    |                                                                                                                                                              ^^^^^^^^^^^^^^^^^^^^^

gen/Amazonka/FinSpaceData/UpdatePermissionGroup.hs:294:182: warning: [GHC-02256] [-Wambiguous-fields]
    The record update s {permissionGroupId = a} with type UpdatePermissionGroupResponse is ambiguous.
    This will not be supported by -XDuplicateRecordFields in future releases of GHC.
    |
294 | updatePermissionGroupResponse_permissionGroupId = Lens.lens (\UpdatePermissionGroupResponse' {permissionGroupId} -> permissionGroupId) (\s@UpdatePermissionGroupResponse' {} a -> s {permissionGroupId = a} :: UpdatePermissionGroupResponse)
    |                                                                                                                                                                                      ^^^^^^^^^^^^^^^^^^^^^
[65 of 68] Compiling Amazonka.FinSpaceData.UpdateUser

gen/Amazonka/FinSpaceData/UpdateUser.hs:150:101: warning: [GHC-02256] [-Wambiguous-fields]
    The record update s {apiAccess = a} with type UpdateUser is ambiguous.
    This will not be supported by -XDuplicateRecordFields in future releases of GHC.
    |
150 | updateUser_apiAccess = Lens.lens (\UpdateUser' {apiAccess} -> apiAccess) (\s@UpdateUser' {} a -> s {apiAccess = a} :: UpdateUser)
    |                                                                                                     ^^^^^^^^^^^^^

gen/Amazonka/FinSpaceData/UpdateUser.hs:157:137: warning: [GHC-02256] [-Wambiguous-fields]
    The record update s {apiAccessPrincipalArn = a} with type UpdateUser is ambiguous.
    This will not be supported by -XDuplicateRecordFields in future releases of GHC.
    |
157 | updateUser_apiAccessPrincipalArn = Lens.lens (\UpdateUser' {apiAccessPrincipalArn} -> apiAccessPrincipalArn) (\s@UpdateUser' {} a -> s {apiAccessPrincipalArn = a} :: UpdateUser)
    |                                                                                                                                         ^^^^^^^^^^^^^^^^^^^^^^^^^

gen/Amazonka/FinSpaceData/UpdateUser.hs:165:101: warning: [GHC-02256] [-Wambiguous-fields]
    The record update s {firstName = a} with type UpdateUser is ambiguous.
    This will not be supported by -XDuplicateRecordFields in future releases of GHC.
    |
165 | updateUser_firstName = Lens.lens (\UpdateUser' {firstName} -> firstName) (\s@UpdateUser' {} a -> s {firstName = a} :: UpdateUser) Prelude.. Lens.mapping Data._Sensitive
    |                                                                                                     ^^^^^^^^^^^^^

gen/Amazonka/FinSpaceData/UpdateUser.hs:169:98: warning: [GHC-02256] [-Wambiguous-fields]
    The record update s {lastName = a} with type UpdateUser is ambiguous.
    This will not be supported by -XDuplicateRecordFields in future releases of GHC.
    |
169 | updateUser_lastName = Lens.lens (\UpdateUser' {lastName} -> lastName) (\s@UpdateUser' {} a -> s {lastName = a} :: UpdateUser) Prelude.. Lens.mapping Data._Sensitive
    |                                                                                                  ^^^^^^^^^^^^

gen/Amazonka/FinSpaceData/UpdateUser.hs:179:88: warning: [GHC-02256] [-Wambiguous-fields]
    The record update s {type' = a} with type UpdateUser is ambiguous.
    This will not be supported by -XDuplicateRecordFields in future releases of GHC.
    |
179 | updateUser_type = Lens.lens (\UpdateUser' {type'} -> type') (\s@UpdateUser' {} a -> s {type' = a} :: UpdateUser)
    |                                                                                        ^^^^^^^^^

gen/Amazonka/FinSpaceData/UpdateUser.hs:183:92: warning: [GHC-02256] [-Wambiguous-fields]
    The record update s {userId = a} with type UpdateUser is ambiguous.
    This will not be supported by -XDuplicateRecordFields in future releases of GHC.
    |
183 | updateUser_userId = Lens.lens (\UpdateUser' {userId} -> userId) (\s@UpdateUser' {} a -> s {userId = a} :: UpdateUser)
    |                                                                                            ^^^^^^^^^^

gen/Amazonka/FinSpaceData/UpdateUser.hs:282:116: warning: [GHC-02256] [-Wambiguous-fields]
    The record update s {userId = a} with type UpdateUserResponse is ambiguous.
    This will not be supported by -XDuplicateRecordFields in future releases of GHC.
    |
282 | updateUserResponse_userId = Lens.lens (\UpdateUserResponse' {userId} -> userId) (\s@UpdateUserResponse' {} a -> s {userId = a} :: UpdateUserResponse)
    |                                                                                                                    ^^^^^^^^^^
[66 of 68] Compiling Amazonka.FinSpaceData.Lens
[67 of 68] Compiling Amazonka.FinSpaceData.Waiters
[68 of 68] Compiling Amazonka.FinSpaceData
Configuring test suite 'amazonka-finspace-data-test' for amazonka-finspace-data-2.0...
Preprocessing test suite 'amazonka-finspace-data-test' for amazonka-finspace-data-2.0...
Building test suite 'amazonka-finspace-data-test' for amazonka-finspace-data-2.0...
[1 of 4] Compiling Test.Amazonka.FinSpaceData
[2 of 4] Compiling Test.Amazonka.FinSpaceData.Internal
[3 of 4] Compiling Main
[4 of 4] Compiling Test.Amazonka.Gen.FinSpaceData
[5 of 5] Linking /tmp/workdir-amazonka-finspace-data/amazonka-finspace-data-2.0/dist-newstyle/build/x86_64-linux/ghc-9.6.6/amazonka-finspace-data-2.0/t/amazonka-finspace-data-test/build/amazonka-finspace-data-test/amazonka-finspace-data-test
