Build profile: -w ghc-9.6.6 -O1
In order, the following will be built (use -v for more details):
 - store-0.7.18 (lib) (first run)
 - store-0.7.18 (test:store-test) (first run)
Configuring library for store-0.7.18...
Preprocessing library for store-0.7.18...
Building library for store-0.7.18...
[1 of 9] Compiling Data.Store.Impl

src/Data/Store/Impl.hs:198:28: warning: [GHC-39567] [-Wstar-is-type]
    Using ‘*’ (or its Unicode variant) to mean ‘Data.Kind.Type’
    relies on the StarIsType extension, which will become
    deprecated in the future.
    Suggested fix: Use ‘Type’ from ‘Data.Kind’ instead.
    |
198 | type family SumArity (a :: * -> *) :: Nat where
    |                            ^

src/Data/Store/Impl.hs:198:33: warning: [GHC-39567] [-Wstar-is-type]
    Using ‘*’ (or its Unicode variant) to mean ‘Data.Kind.Type’
    relies on the StarIsType extension, which will become
    deprecated in the future.
    Suggested fix: Use ‘Type’ from ‘Data.Kind’ instead.
    |
198 | type family SumArity (a :: * -> *) :: Nat where
    |                                 ^

src/Data/Store/Impl.hs:300:52: warning: [GHC-39567] [-Wstar-is-type]
    Using ‘*’ (or its Unicode variant) to mean ‘Data.Kind.Type’
    relies on the StarIsType extension, which will become
    deprecated in the future.
    Suggested fix: Use ‘Type’ from ‘Data.Kind’ instead.
    |
300 | class KnownNat n => GStoreSizeSum (n :: Nat) (f :: * -> *) where gsizeSum :: f a -> Proxy n -> Int
    |                                                    ^

src/Data/Store/Impl.hs:300:57: warning: [GHC-39567] [-Wstar-is-type]
    Using ‘*’ (or its Unicode variant) to mean ‘Data.Kind.Type’
    relies on the StarIsType extension, which will become
    deprecated in the future.
    Suggested fix: Use ‘Type’ from ‘Data.Kind’ instead.
    |
300 | class KnownNat n => GStoreSizeSum (n :: Nat) (f :: * -> *) where gsizeSum :: f a -> Proxy n -> Int
    |                                                         ^

src/Data/Store/Impl.hs:301:52: warning: [GHC-39567] [-Wstar-is-type]
    Using ‘*’ (or its Unicode variant) to mean ‘Data.Kind.Type’
    relies on the StarIsType extension, which will become
    deprecated in the future.
    Suggested fix: Use ‘Type’ from ‘Data.Kind’ instead.
    |
301 | class KnownNat n => GStorePokeSum (n :: Nat) (f :: * -> *) where gpokeSum :: f p -> Proxy n -> Poke ()
    |                                                    ^

src/Data/Store/Impl.hs:301:57: warning: [GHC-39567] [-Wstar-is-type]
    Using ‘*’ (or its Unicode variant) to mean ‘Data.Kind.Type’
    relies on the StarIsType extension, which will become
    deprecated in the future.
    Suggested fix: Use ‘Type’ from ‘Data.Kind’ instead.
    |
301 | class KnownNat n => GStorePokeSum (n :: Nat) (f :: * -> *) where gpokeSum :: f p -> Proxy n -> Poke ()
    |                                                         ^

src/Data/Store/Impl.hs:302:52: warning: [GHC-39567] [-Wstar-is-type]
    Using ‘*’ (or its Unicode variant) to mean ‘Data.Kind.Type’
    relies on the StarIsType extension, which will become
    deprecated in the future.
    Suggested fix: Use ‘Type’ from ‘Data.Kind’ instead.
    |
302 | class KnownNat n => GStorePeekSum (n :: Nat) (f :: * -> *) where gpeekSum :: Word8 -> Proxy n -> Peek (f p)
    |                                                    ^

src/Data/Store/Impl.hs:302:57: warning: [GHC-39567] [-Wstar-is-type]
    Using ‘*’ (or its Unicode variant) to mean ‘Data.Kind.Type’
    relies on the StarIsType extension, which will become
    deprecated in the future.
    Suggested fix: Use ‘Type’ from ‘Data.Kind’ instead.
    |
302 | class KnownNat n => GStorePeekSum (n :: Nat) (f :: * -> *) where gpeekSum :: Word8 -> Proxy n -> Peek (f p)
    |                                                         ^
[2 of 9] Compiling Data.Store.TH.Internal
[3 of 9] Compiling Data.Store.TH
[4 of 9] Compiling Data.Store.Internal

src/Data/Store/Internal.hs:133:1: warning: [-Wunused-imports]
    The import of ‘Numeric.Natural’ is redundant
      except perhaps to import instances from ‘Numeric.Natural’
    To import instances alone, use: import Numeric.Natural()
    |
133 | import           Numeric.Natural (Natural)
    | ^^^^^^^^^^^^^^^^^^^^^^^^^^^^^^^^^^^^^^^^^^

src/Data/Store/Internal.hs:209:59: warning: [GHC-58520] [-Wtype-equality-requires-operators]
    The use of ‘~’ without TypeOperators
    will become an error in a future GHC release.
    Suggested fix: Perhaps you intended to use TypeOperators
    |
209 | peekSequence :: (IsSequence t, Store (Element t), Index t ~ Int) => Peek t
    |                                                           ^

src/Data/Store/Internal.hs:619:13: warning: [GHC-68441] [-Wdeprecations]
    In the use of data constructor ‘S#’
    (imported from GHC.Integer.GMP.Internals):
    Deprecated: "Use IS constructor instead"
    |
619 |             I.S# _ -> sizeOf (undefined :: Int)
    |             ^^^^

src/Data/Store/Internal.hs:620:13: warning: [GHC-68441] [-Wdeprecations]
    In the use of data constructor ‘Jp#’
    (imported from GHC.Integer.GMP.Internals):
    Deprecated: "Use IP constructor instead"
    |
620 |             I.Jp# (I.BN# arr) -> sizeOf (undefined :: Int) + I# (sizeofByteArray# arr)
    |             ^^^^^

src/Data/Store/Internal.hs:621:13: warning: [GHC-68441] [-Wdeprecations]
    In the use of data constructor ‘Jn#’
    (imported from GHC.Integer.GMP.Internals):
    Deprecated: "Use IN constructor instead"
    |
621 |             I.Jn# (I.BN# arr) -> sizeOf (undefined :: Int) + I# (sizeofByteArray# arr)
    |             ^^^^^

src/Data/Store/Internal.hs:622:11: warning: [GHC-68441] [-Wdeprecations]
    In the use of data constructor ‘S#’
    (imported from GHC.Integer.GMP.Internals):
    Deprecated: "Use IS constructor instead"
    |
622 |     poke (I.S# x) = poke (0 :: Word8) >> poke (I# x)
    |           ^^^^

src/Data/Store/Internal.hs:623:11: warning: [GHC-68441] [-Wdeprecations]
    In the use of data constructor ‘Jp#’
    (imported from GHC.Integer.GMP.Internals):
    Deprecated: "Use IP constructor instead"
    |
623 |     poke (I.Jp# (I.BN# arr)) = do
    |           ^^^^^

src/Data/Store/Internal.hs:628:11: warning: [GHC-68441] [-Wdeprecations]
    In the use of data constructor ‘Jn#’
    (imported from GHC.Integer.GMP.Internals):
    Deprecated: "Use IN constructor instead"
    |
628 |     poke (I.Jn# (I.BN# arr)) = do
    |           ^^^^^

src/Data/Store/Internal.hs:637:18: warning: [GHC-68441] [-Wdeprecations]
    In the use of data constructor ‘Jp#’
    (imported from GHC.Integer.GMP.Internals):
    Deprecated: "Use IP constructor instead"
    |
637 |             1 -> I.Jp# <$> peekBN
    |                  ^^^^^

src/Data/Store/Internal.hs:638:18: warning: [GHC-68441] [-Wdeprecations]
    In the use of data constructor ‘Jn#’
    (imported from GHC.Integer.GMP.Internals):
    Deprecated: "Use IN constructor instead"
    |
638 |             2 -> I.Jn# <$> peekBN
    |                  ^^^^^
[5 of 9] Compiling Data.Store
[6 of 9] Compiling Data.Store.TypeHash.Internal

src/Data/Store/TypeHash/Internal.hs:22:1: warning: [-Wunused-imports]
    The import of ‘Data.Monoid’ is redundant
      except perhaps to import instances from ‘Data.Monoid’
    To import instances alone, use: import Data.Monoid()
   |
22 | import           Data.Monoid ((<>))
   | ^^^^^^^^^^^^^^^^^^^^^^^^^^^^^^^^^^^
[7 of 9] Compiling Data.Store.TypeHash
[8 of 9] Compiling Data.Store.Version
[9 of 9] Compiling System.IO.ByteBuffer
Configuring test suite 'store-test' for store-0.7.18...
Preprocessing test suite 'store-test' for store-0.7.18...
Building test suite 'store-test' for store-0.7.18...
[1 of 5] Compiling Data.Store.UntrustedSpec
[2 of 5] Compiling Data.StoreSpec.TH
[3 of 5] Compiling Data.StoreSpec

test/Data/StoreSpec.hs:19:1: warning: [-Wunused-imports]
    The import of ‘Control.Monad.Fail’ is redundant
      except perhaps to import instances from ‘Control.Monad.Fail’
    To import instances alone, use: import Control.Monad.Fail()
   |
19 | import           Control.Monad.Fail (MonadFail)
   | ^^^^^^^^^^^^^^^^^^^^^^^^^^^^^^^^^^^^^^^^^^^^^^^

test/Data/StoreSpec.hs:26:1: warning: [-Wunused-imports]
    The import of ‘Data.Fixed’ is redundant
      except perhaps to import instances from ‘Data.Fixed’
    To import instances alone, use: import Data.Fixed()
   |
26 | import           Data.Fixed (Pico)
   | ^^^^^^^^^^^^^^^^^^^^^^^^^^^^^^^^^^
[4 of 5] Compiling System.IO.ByteBufferSpec
[5 of 5] Compiling Main
[6 of 6] Linking /tmp/workdir-store/store-0.7.18/dist-newstyle/build/x86_64-linux/ghc-9.6.6/store-0.7.18/t/store-test/build/store-test/store-test
