Build profile: -w ghc-9.6.6 -O1
In order, the following will be built (use -v for more details):
 - HStringTemplate-0.8.8 (lib) (first run)
 - HStringTemplate-0.8.8 (test:test) (first run)
Configuring library for HStringTemplate-0.8.8...
Preprocessing library for HStringTemplate-0.8.8...
Building library for HStringTemplate-0.8.8...

Text/StringTemplate/GenericStandard.hs:1:33: warning: [-Wdeprecated-flags]
    -XOverlappingInstances is deprecated: instead use per-instance pragmas OVERLAPPING/OVERLAPPABLE/OVERLAPS
  |
1 | {-# LANGUAGE FlexibleInstances, OverlappingInstances, UndecidableInstances, Rank2Types, ScopedTypeVariables #-}
  |                                 ^^^^^^^^^^^^^^^^^^^^

Text/StringTemplate/Instances.hs:1:38: warning: [-Wdeprecated-flags]
    -XOverlappingInstances is deprecated: instead use per-instance pragmas OVERLAPPING/OVERLAPPABLE/OVERLAPS
  |
1 | {-# LANGUAGE CPP, FlexibleInstances, OverlappingInstances #-}
  |                                      ^^^^^^^^^^^^^^^^^^^^
[1 of 8] Compiling Text.StringTemplate.Classes
[2 of 8] Compiling Text.StringTemplate.Instances
[3 of 8] Compiling Text.StringTemplate.GenericStandard
[4 of 8] Compiling Text.StringTemplate.Base

Text/StringTemplate/Base.hs:17:1: warning: [-Wunused-imports]
    The import of ‘Control.Applicative’ is redundant
      except perhaps to import instances from ‘Control.Applicative’
    To import instances alone, use: import Control.Applicative()
   |
17 | import Control.Applicative hiding ((<|>),many,optional)
   | ^^^^^^^^^^^^^^^^^^^^^^^^^^^^^^^^^^^^^^^^^^^^^^^^^^^^^^^

Text/StringTemplate/Base.hs:23:1: warning: [-Wunused-imports]
    The import of ‘Data.Monoid’ is redundant
      except perhaps to import instances from ‘Data.Monoid’
    To import instances alone, use: import Data.Monoid()
   |
23 | import Data.Monoid
   | ^^^^^^^^^^^^^^^^^^
[5 of 8] Compiling Text.StringTemplate.Group

Text/StringTemplate/Group.hs:12:1: warning: [-Wunused-imports]
    The import of ‘Control.Applicative’ is redundant
      except perhaps to import instances from ‘Control.Applicative’
    To import instances alone, use: import Control.Applicative()
   |
12 | import Control.Applicative
   | ^^^^^^^^^^^^^^^^^^^^^^^^^^

Text/StringTemplate/Group.hs:16:1: warning: [-Wunused-imports]
    The import of ‘Data.Monoid’ is redundant
      except perhaps to import instances from ‘Data.Monoid’
    To import instances alone, use: import Data.Monoid()
   |
16 | import Data.Monoid
   | ^^^^^^^^^^^^^^^^^^
[6 of 8] Compiling Text.StringTemplate.QQ

Text/StringTemplate/QQ.hs:28:8: warning: [GHC-20125] [-Wmissing-fields]
    • Fields of ‘QuasiQuoter’ not initialised:
        quoteType :: String -> TH.Q TH.Type
        quoteDec :: String -> TH.Q [TH.Dec]
    • In the expression:
        QuasiQuoter {quoteExp = quoteTmplExp, quotePat = quoteTmplPat}
      In an equation for ‘stmp’:
          stmp
            = QuasiQuoter {quoteExp = quoteTmplExp, quotePat = quoteTmplPat}
   |
28 | stmp = QuasiQuoter {quoteExp = quoteTmplExp, quotePat = quoteTmplPat}
   |        ^^^^^^^^^^^^^^^^^^^^^^^^^^^^^^^^^^^^^^^^^^^^^^^^^^^^^^^^^^^^^^
[7 of 8] Compiling Text.StringTemplate.Renderf
[8 of 8] Compiling Text.StringTemplate
Configuring test suite 'test' for HStringTemplate-0.8.8...
Preprocessing test suite 'test' for HStringTemplate-0.8.8...
Building test suite 'test' for HStringTemplate-0.8.8...

tests/Properties.hs:1:17: warning: [-Wdeprecated-flags]
    -fglasgow-exts is deprecated: Use individual extensions instead
  |
1 | {-# OPTIONS -O2 -fglasgow-exts #-}
  |                 ^^^^^^^^^^^^^^

tests/Units.hs:1:17: warning: [-Wdeprecated-flags]
    -fglasgow-exts is deprecated: Use individual extensions instead
  |
1 | {-# OPTIONS -O2 -fglasgow-exts #-}
  |                 ^^^^^^^^^^^^^^
[1 of 3] Compiling Properties
[2 of 3] Compiling Units
[3 of 3] Compiling Main

tests/Properties.hs:1:17: warning: [-Wdeprecated-flags]
    -fglasgow-exts is deprecated: Use individual extensions instead
  |
1 | {-# OPTIONS -O2 -fglasgow-exts #-}
  |                 ^^^^^^^^^^^^^^

tests/Units.hs:1:17: warning: [-Wdeprecated-flags]
    -fglasgow-exts is deprecated: Use individual extensions instead
  |
1 | {-# OPTIONS -O2 -fglasgow-exts #-}
  |                 ^^^^^^^^^^^^^^
[4 of 4] Linking /tmp/workdir-HStringTemplate/HStringTemplate-0.8.8/dist-newstyle/build/x86_64-linux/ghc-9.6.6/HStringTemplate-0.8.8/t/test/build/test/test
