Build profile: -w ghc-9.6.6 -O1
In order, the following will be built (use -v for more details):
 - constraints-0.14.2 (lib) (first run)
 - constraints-0.14.2 (test:spec) (first run)
Configuring library for constraints-0.14.2...
Preprocessing library for constraints-0.14.2...
Building library for constraints-0.14.2...
[1 of 8] Compiling Data.Constraint
[2 of 8] Compiling Data.Constraint.Deferrable
[3 of 8] Compiling Data.Constraint.Forall
[4 of 8] Compiling Data.Constraint.Lifting
[5 of 8] Compiling Data.Constraint.Unsafe
[6 of 8] Compiling Data.Constraint.Nat
[7 of 8] Compiling Data.Constraint.Symbol
[8 of 8] Compiling Data.Constraint.Char
Configuring test suite 'spec' for constraints-0.14.2...
Preprocessing test suite 'spec' for constraints-0.14.2...
Building test suite 'spec' for constraints-0.14.2...
[1 of 3] Compiling GH117Spec
[2 of 3] Compiling GH55Spec
[3 of 3] Compiling Main
[4 of 4] Linking /tmp/workdir-constraints/constraints-0.14.2/dist-newstyle/build/x86_64-linux/ghc-9.6.6/constraints-0.14.2/t/spec/build/spec/spec
