Build profile: -w ghc-9.6.6 -O1
In order, the following will be built (use -v for more details):
 - apportionment-0.0.0.4 (lib) (first run)
 - apportionment-0.0.0.4 (test:apportionment-test) (first run)
Configuring library for apportionment-0.0.0.4...
Preprocessing library for apportionment-0.0.0.4...
Building library for apportionment-0.0.0.4...
[1 of 1] Compiling Math.Apportionment
Configuring test suite 'apportionment-test' for apportionment-0.0.0.4...
Preprocessing test suite 'apportionment-test' for apportionment-0.0.0.4...
Building test suite 'apportionment-test' for apportionment-0.0.0.4...
[1 of 2] Compiling Test.Math.Apportionment

src/Math/Apportionment.hs:22:1: warning: [-Wunused-imports]
    The import of ‘Control.Applicative’ is redundant
      except perhaps to import instances from ‘Control.Applicative’
    To import instances alone, use: import Control.Applicative()
   |
22 | >>> import Control.Applicative ((<$>))
   | ^^^^^^^^^^^^^^^^^^^^^^^^^^^^^^^^^^^^^^
[2 of 2] Compiling Main
[3 of 3] Linking /tmp/workdir-apportionment/apportionment-0.0.0.4/dist-newstyle/build/x86_64-linux/ghc-9.6.6/apportionment-0.0.0.4/t/apportionment-test/build/apportionment-test/apportionment-test
