Build profile: -w ghc-9.6.6 -O1
In order, the following will be built (use -v for more details):
 - cpphs-1.20.9.1 (lib) (first run)
 - cpphs-1.20.9.1 (exe:cpphs) (first run)
Configuring library for cpphs-1.20.9.1...
Preprocessing library for cpphs-1.20.9.1...
Building library for cpphs-1.20.9.1...
[ 1 of 12] Compiling Language.Preprocessor.Cpphs.HashDefine
[ 2 of 12] Compiling Language.Preprocessor.Cpphs.Options
[ 3 of 12] Compiling Language.Preprocessor.Cpphs.Position
[ 4 of 12] Compiling Language.Preprocessor.Cpphs.ReadFirst
[ 5 of 12] Compiling Language.Preprocessor.Cpphs.SymTab
[ 6 of 12] Compiling Language.Preprocessor.Cpphs.Tokenise
[ 7 of 12] Compiling Language.Preprocessor.Unlit
[ 8 of 12] Compiling TimeCompat
[ 9 of 12] Compiling Language.Preprocessor.Cpphs.MacroPass
[10 of 12] Compiling Language.Preprocessor.Cpphs.CppIfdef
[11 of 12] Compiling Language.Preprocessor.Cpphs.RunCpphs
[12 of 12] Compiling Language.Preprocessor.Cpphs
Configuring executable 'cpphs' for cpphs-1.20.9.1...
Preprocessing executable 'cpphs' for cpphs-1.20.9.1...
Building executable 'cpphs' for cpphs-1.20.9.1...
[ 1 of 13] Compiling Language.Preprocessor.Cpphs.HashDefine
[ 2 of 13] Compiling Language.Preprocessor.Cpphs.Options
[ 3 of 13] Compiling Language.Preprocessor.Cpphs.Position
[ 4 of 13] Compiling Language.Preprocessor.Cpphs.ReadFirst
[ 5 of 13] Compiling Language.Preprocessor.Cpphs.SymTab
[ 6 of 13] Compiling Language.Preprocessor.Cpphs.Tokenise
[ 7 of 13] Compiling Language.Preprocessor.Unlit
[ 8 of 13] Compiling TimeCompat
[ 9 of 13] Compiling Language.Preprocessor.Cpphs.MacroPass
[10 of 13] Compiling Language.Preprocessor.Cpphs.CppIfdef
[11 of 13] Compiling Language.Preprocessor.Cpphs.RunCpphs
[12 of 13] Compiling Language.Preprocessor.Cpphs
[13 of 13] Compiling Main
[14 of 14] Linking /tmp/workdir-cpphs/cpphs-1.20.9.1/dist-newstyle/build/x86_64-linux/ghc-9.6.6/cpphs-1.20.9.1/x/cpphs/build/cpphs/cpphs
