Build profile: -w ghc-9.6.6 -O1
In order, the following will be built (use -v for more details):
 - gi-harfbuzz-0.0.10 (lib:gi-harfbuzz) (first run)
[1 of 2] Compiling Main             ( /tmp/workdir-gi-harfbuzz/gi-harfbuzz-0.0.10/dist-newstyle/build/x86_64-linux/ghc-9.6.6/gi-harfbuzz-0.0.10/setup/setup.hs, /tmp/workdir-gi-harfbuzz/gi-harfbuzz-0.0.10/dist-newstyle/build/x86_64-linux/ghc-9.6.6/gi-harfbuzz-0.0.10/setup/Main.o )
[2 of 2] Linking /tmp/workdir-gi-harfbuzz/gi-harfbuzz-0.0.10/dist-newstyle/build/x86_64-linux/ghc-9.6.6/gi-harfbuzz-0.0.10/setup/setup
Configuring gi-harfbuzz-0.0.10...
Preprocessing library for gi-harfbuzz-0.0.10..
Building library for gi-harfbuzz-0.0.10..
[ 1 of 61] Compiling GI.HarfBuzz.Config
[ 2 of 61] Compiling GI.HarfBuzz.Constants

GI/HarfBuzz/Constants.hs:102:32: warning: [GHC-97441] [-Woverflowed-literals]
    Literal 4294967295 is out of the Int32 range -2147483648..2147483647
    |
102 | pattern OT_VAR_NO_AXIS_INDEX = 4294967295 :: Int32
    |                                ^^^^^^^^^^^^^^^^^^^

GI/HarfBuzz/Constants.hs:115:41: warning: [GHC-97441] [-Woverflowed-literals]
    Literal 4294967295 is out of the Int32 range -2147483648..2147483647
    |
115 | pattern OT_LAYOUT_NO_VARIATIONS_INDEX = 4294967295 :: Int32
    |                                         ^^^^^^^^^^^^^^^^^^^
[ 3 of 61] Compiling GI.HarfBuzz.Enums[boot]
[ 4 of 61] Compiling GI.HarfBuzz.Enums
[ 5 of 61] Compiling GI.HarfBuzz.Flags[boot]
[ 6 of 61] Compiling GI.HarfBuzz.Flags
[ 7 of 61] Compiling GI.HarfBuzz.Structs.BlobT[boot]
[ 8 of 61] Compiling GI.HarfBuzz.Structs.BlobT
[ 9 of 61] Compiling GI.HarfBuzz.Structs.BufferT[boot]
[10 of 61] Compiling GI.HarfBuzz.Structs.BufferT
[11 of 61] Compiling GI.HarfBuzz.Structs.FaceT[boot]
[12 of 61] Compiling GI.HarfBuzz.Structs.FaceT
[13 of 61] Compiling GI.HarfBuzz.Structs.FeatureT[boot]
[14 of 61] Compiling GI.HarfBuzz.Structs.FeatureT
[15 of 61] Compiling GI.HarfBuzz.Structs.FontExtentsT[boot]
[16 of 61] Compiling GI.HarfBuzz.Structs.FontExtentsT
[17 of 61] Compiling GI.HarfBuzz.Structs.FontFuncsT[boot]
[18 of 61] Compiling GI.HarfBuzz.Structs.FontFuncsT
[19 of 61] Compiling GI.HarfBuzz.Structs.FontT[boot]
[20 of 61] Compiling GI.HarfBuzz.Structs.FontT
[21 of 61] Compiling GI.HarfBuzz.Structs.GlyphExtentsT[boot]
[22 of 61] Compiling GI.HarfBuzz.Structs.GlyphExtentsT
[23 of 61] Compiling GI.HarfBuzz.Structs.GlyphInfoT[boot]
[24 of 61] Compiling GI.HarfBuzz.Structs.GlyphInfoT
[25 of 61] Compiling GI.HarfBuzz.Structs.GlyphPositionT[boot]
[26 of 61] Compiling GI.HarfBuzz.Structs.GlyphPositionT
[27 of 61] Compiling GI.HarfBuzz.Structs.LanguageT[boot]
[28 of 61] Compiling GI.HarfBuzz.Structs.LanguageT
[29 of 61] Compiling GI.HarfBuzz.Structs.MapT[boot]
[30 of 61] Compiling GI.HarfBuzz.Structs.MapT
[31 of 61] Compiling GI.HarfBuzz.Structs.OtColorLayerT[boot]
[32 of 61] Compiling GI.HarfBuzz.Structs.OtColorLayerT
[33 of 61] Compiling GI.HarfBuzz.Structs.OtMathGlyphPartT[boot]
[34 of 61] Compiling GI.HarfBuzz.Structs.OtMathGlyphPartT
[35 of 61] Compiling GI.HarfBuzz.Structs.OtMathGlyphVariantT[boot]
[36 of 61] Compiling GI.HarfBuzz.Structs.OtMathGlyphVariantT
[37 of 61] Compiling GI.HarfBuzz.Structs.OtNameEntryT[boot]
[38 of 61] Compiling GI.HarfBuzz.Structs.OtNameEntryT
[39 of 61] Compiling GI.HarfBuzz.Structs.OtVarAxisInfoT[boot]
[40 of 61] Compiling GI.HarfBuzz.Structs.OtVarAxisInfoT
[41 of 61] Compiling GI.HarfBuzz.Structs.OtVarAxisT[boot]
[42 of 61] Compiling GI.HarfBuzz.Structs.OtVarAxisT
[43 of 61] Compiling GI.HarfBuzz.Structs.SegmentPropertiesT[boot]
[44 of 61] Compiling GI.HarfBuzz.Structs.SegmentPropertiesT
[45 of 61] Compiling GI.HarfBuzz.Structs.SetT[boot]
[46 of 61] Compiling GI.HarfBuzz.Structs.SetT
[47 of 61] Compiling GI.HarfBuzz.Structs.ShapePlanT[boot]
[48 of 61] Compiling GI.HarfBuzz.Structs.ShapePlanT
[49 of 61] Compiling GI.HarfBuzz.Structs.UnicodeFuncsT[boot]
[50 of 61] Compiling GI.HarfBuzz.Structs.UnicodeFuncsT
[51 of 61] Compiling GI.HarfBuzz.Callbacks
[52 of 61] Compiling GI.HarfBuzz.Structs.UserDataKeyT[boot]
[53 of 61] Compiling GI.HarfBuzz.Structs.UserDataKeyT
[54 of 61] Compiling GI.HarfBuzz.Structs.VariationT[boot]
[55 of 61] Compiling GI.HarfBuzz.Structs.VariationT
[56 of 61] Compiling GI.HarfBuzz.Structs
[57 of 61] Compiling GI.HarfBuzz.Functions
[58 of 61] Compiling GI.HarfBuzz.Unions.VarIntT[boot]
[59 of 61] Compiling GI.HarfBuzz.Unions.VarIntT
[60 of 61] Compiling GI.HarfBuzz.Unions
[61 of 61] Compiling GI.HarfBuzz
