Build profile: -w ghc-9.6.6 -O1
In order, the following will be built (use -v for more details):
 - multi-containers-0.2 (lib) (first run)
 - multi-containers-0.2 (test:hspec) (first run)
Configuring library for multi-containers-0.2...
Preprocessing library for multi-containers-0.2...
Building library for multi-containers-0.2...
[1 of 8] Compiling Data.Multimap.Internal
[2 of 8] Compiling Data.Multimap.Set.Internal
[3 of 8] Compiling Data.Multimap.Conversions
[4 of 8] Compiling Data.Multimap.Set
[5 of 8] Compiling Data.Multimap
[6 of 8] Compiling Data.Multimap.Table.Internal
[7 of 8] Compiling Data.Multimap.Table
[8 of 8] Compiling Paths_multi_containers
Configuring test suite 'hspec' for multi-containers-0.2...
Preprocessing test suite 'hspec' for multi-containers-0.2...
Building test suite 'hspec' for multi-containers-0.2...
[1 of 8] Compiling Data.Multimap.ConversionsSpec
[2 of 8] Compiling Data.Multimap.InternalSpec
[3 of 8] Compiling Data.Multimap.Set.InternalSpec
[4 of 8] Compiling Data.Multimap.SetSpec
[5 of 8] Compiling Data.Multimap.Table.InternalSpec
[6 of 8] Compiling Data.MultimapSpec
[7 of 8] Compiling Main
[8 of 8] Compiling Paths_multi_containers
[9 of 9] Linking /tmp/workdir-multi-containers/multi-containers-0.2/dist-newstyle/build/x86_64-linux/ghc-9.6.6/multi-containers-0.2/t/hspec/build/hspec/hspec
