Build profile: -w ghc-9.6.6 -O1
In order, the following will be built (use -v for more details):
 - openpgp-asciiarmor-0.1.2 (lib) (first run)
 - openpgp-asciiarmor-0.1.2 (test:tests) (first run)
Configuring library for openpgp-asciiarmor-0.1.2...
Preprocessing library for openpgp-asciiarmor-0.1.2...
Building library for openpgp-asciiarmor-0.1.2...
[1 of 7] Compiling Codec.Encryption.OpenPGP.ASCIIArmor.Types
[2 of 7] Compiling Codec.Encryption.OpenPGP.ASCIIArmor.Multipart
[3 of 7] Compiling Codec.Encryption.OpenPGP.ASCIIArmor.Utils
[4 of 7] Compiling Data.Digest.CRC24
[5 of 7] Compiling Codec.Encryption.OpenPGP.ASCIIArmor.Encode
[6 of 7] Compiling Codec.Encryption.OpenPGP.ASCIIArmor.Decode

Codec/Encryption/OpenPGP/ASCIIArmor/Decode.hs:15:1: warning: [-Wunused-imports]
    The import of ‘*>, <$>, <*, <*>’
    from module ‘Control.Applicative’ is redundant
   |
15 | import Control.Applicative (many, (<|>), (<$>), (<*), (<*>), (*>), optional)
   | ^^^^^^^^^^^^^^^^^^^^^^^^^^^^^^^^^^^^^^^^^^^^^^^^^^^^^^^^^^^^^^^^^^^^^^^^^^^^
[7 of 7] Compiling Codec.Encryption.OpenPGP.ASCIIArmor
Configuring test suite 'tests' for openpgp-asciiarmor-0.1.2...
Preprocessing test suite 'tests' for openpgp-asciiarmor-0.1.2...
Building test suite 'tests' for openpgp-asciiarmor-0.1.2...

<no location info>: warning: [GHC-32850] [-Wmissing-home-modules]
    These modules are needed for compilation but not listed in your .cabal file's other-modules for ‘openpgp-asciiarmor-0.1.2-inplace-tests’ :
        Codec.Encryption.OpenPGP.ASCIIArmor
        Codec.Encryption.OpenPGP.ASCIIArmor.Decode
        Codec.Encryption.OpenPGP.ASCIIArmor.Encode
        Codec.Encryption.OpenPGP.ASCIIArmor.Multipart
        Codec.Encryption.OpenPGP.ASCIIArmor.Types
        Codec.Encryption.OpenPGP.ASCIIArmor.Utils
        Data.Digest.CRC24
[1 of 8] Compiling Codec.Encryption.OpenPGP.ASCIIArmor.Types
[2 of 8] Compiling Codec.Encryption.OpenPGP.ASCIIArmor.Multipart
[3 of 8] Compiling Codec.Encryption.OpenPGP.ASCIIArmor.Utils
[4 of 8] Compiling Data.Digest.CRC24
[5 of 8] Compiling Codec.Encryption.OpenPGP.ASCIIArmor.Encode
[6 of 8] Compiling Codec.Encryption.OpenPGP.ASCIIArmor.Decode

Codec/Encryption/OpenPGP/ASCIIArmor/Decode.hs:15:1: warning: [-Wunused-imports]
    The import of ‘*>, <$>, <*, <*>’
    from module ‘Control.Applicative’ is redundant
   |
15 | import Control.Applicative (many, (<|>), (<$>), (<*), (<*>), (*>), optional)
   | ^^^^^^^^^^^^^^^^^^^^^^^^^^^^^^^^^^^^^^^^^^^^^^^^^^^^^^^^^^^^^^^^^^^^^^^^^^^^
[7 of 8] Compiling Codec.Encryption.OpenPGP.ASCIIArmor
[8 of 8] Compiling Main

<no location info>: warning: [GHC-32850] [-Wmissing-home-modules]
    These modules are needed for compilation but not listed in your .cabal file's other-modules for ‘openpgp-asciiarmor-0.1.2-inplace-tests’ :
        Codec.Encryption.OpenPGP.ASCIIArmor
        Codec.Encryption.OpenPGP.ASCIIArmor.Decode
        Codec.Encryption.OpenPGP.ASCIIArmor.Encode
        Codec.Encryption.OpenPGP.ASCIIArmor.Multipart
        Codec.Encryption.OpenPGP.ASCIIArmor.Types
        Codec.Encryption.OpenPGP.ASCIIArmor.Utils
        Data.Digest.CRC24
[9 of 9] Linking /tmp/workdir-openpgp-asciiarmor/openpgp-asciiarmor-0.1.2/dist-newstyle/build/x86_64-linux/ghc-9.6.6/openpgp-asciiarmor-0.1.2/t/tests/build/tests/tests
