Build profile: -w ghc-9.6.6 -O1
In order, the following will be built (use -v for more details):
 - sdl2-mixer-1.2.0.0 (lib) (first run)
 - sdl2-mixer-1.2.0.0 (exe:sdl2-mixer-music) (first run)
 - sdl2-mixer-1.2.0.0 (exe:sdl2-mixer-effect) (first run)
 - sdl2-mixer-1.2.0.0 (exe:sdl2-mixer-basic-raw) (first run)
 - sdl2-mixer-1.2.0.0 (exe:sdl2-mixer-basic-jumbled) (first run)
 - sdl2-mixer-1.2.0.0 (exe:sdl2-mixer-basic) (first run)
Configuring library for sdl2-mixer-1.2.0.0...
Preprocessing library for sdl2-mixer-1.2.0.0...
Building library for sdl2-mixer-1.2.0.0...
[1 of 4] Compiling Paths_sdl2_mixer
[2 of 4] Compiling SDL.Raw.Helper
[3 of 4] Compiling SDL.Raw.Mixer

src/SDL/Raw/Mixer.hsc:185:1: warning: [GHC-38417] [-Wmissing-exported-pattern-synonym-signatures]
    Pattern synonym with no type signature:
      pattern SDL_MIXER_MAJOR_VERSION :: forall {a}. (Eq a, Num a) => a
    |
185 | pattern SDL_MIXER_MAJOR_VERSION = (#const SDL_MIXER_MAJOR_VERSION)
    | ^^^^^^^^^^^^^^^^^^^^^^^^^^^^^^^^^^^^^

src/SDL/Raw/Mixer.hsc:186:1: warning: [GHC-38417] [-Wmissing-exported-pattern-synonym-signatures]
    Pattern synonym with no type signature:
      pattern SDL_MIXER_MINOR_VERSION :: forall {a}. (Eq a, Num a) => a
    |
186 | pattern SDL_MIXER_MINOR_VERSION = (#const SDL_MIXER_MINOR_VERSION)
    | ^^^^^^^^^^^^^^^^^^^^^^^^^^^^^^^^^^^^^

src/SDL/Raw/Mixer.hsc:187:1: warning: [GHC-38417] [-Wmissing-exported-pattern-synonym-signatures]
    Pattern synonym with no type signature:
      pattern SDL_MIXER_PATCHLEVEL :: forall {a}. (Eq a, Num a) => a
    |
187 | pattern SDL_MIXER_PATCHLEVEL    = (#const SDL_MIXER_PATCHLEVEL)
    | ^^^^^^^^^^^^^^^^^^^^^^^^^^^^^^^^^^^^^

src/SDL/Raw/Mixer.hsc:189:1: warning: [GHC-38417] [-Wmissing-kind-signatures]
    Top-level type constructor with no standalone kind signature or CUSK:
      type InitFlag :: *
    |
189 | type InitFlag = CInt
    | ^^^^^^^^^^^^^^^^^^^^

src/SDL/Raw/Mixer.hsc:194:1: warning: [GHC-38417] [-Wmissing-exported-pattern-synonym-signatures]
    Pattern synonym with no type signature:
      pattern INIT_FLAC :: forall {a}. (Eq a, Num a) => a
    |
194 | pattern INIT_FLAC       = (#const MIX_INIT_FLAC)
    | ^^^^^^^^^^^^^^^^^^^^^^^^^^^^^

src/SDL/Raw/Mixer.hsc:195:1: warning: [GHC-38417] [-Wmissing-exported-pattern-synonym-signatures]
    Pattern synonym with no type signature:
      pattern INIT_MOD :: forall {a}. (Eq a, Num a) => a
    |
195 | pattern INIT_MOD        = (#const MIX_INIT_MOD)
    | ^^^^^^^^^^^^^^^^^^^^^^^^^^^^^

src/SDL/Raw/Mixer.hsc:196:1: warning: [GHC-38417] [-Wmissing-exported-pattern-synonym-signatures]
    Pattern synonym with no type signature:
      pattern INIT_MP3 :: forall {a}. (Eq a, Num a) => a
    |
196 | pattern INIT_MP3        = (#const MIX_INIT_MP3)
    | ^^^^^^^^^^^^^^^^^^^^^^^^^^^^^

src/SDL/Raw/Mixer.hsc:197:1: warning: [GHC-38417] [-Wmissing-exported-pattern-synonym-signatures]
    Pattern synonym with no type signature:
      pattern INIT_OGG :: forall {a}. (Eq a, Num a) => a
    |
197 | pattern INIT_OGG        = (#const MIX_INIT_OGG)
    | ^^^^^^^^^^^^^^^^^^^^^^^^^^^^^^

src/SDL/Raw/Mixer.hsc:202:1: warning: [GHC-38417] [-Wmissing-kind-signatures]
    Top-level type constructor with no standalone kind signature or CUSK:
      type Format :: *
    |
202 | type Format = Word16
    | ^^^^^^^^^^^^^^^^^^^^

src/SDL/Raw/Mixer.hsc:204:1: warning: [GHC-38417] [-Wmissing-exported-pattern-synonym-signatures]
    Pattern synonym with no type signature:
      pattern DEFAULT_FREQUENCY :: forall {a}. (Eq a, Num a) => a
    |
204 | pattern DEFAULT_FREQUENCY = (#const MIX_DEFAULT_FREQUENCY)
    | ^^^^^^^^^^^^^^^^^^^^^^^^^^^^^^^^^^^

src/SDL/Raw/Mixer.hsc:205:1: warning: [GHC-38417] [-Wmissing-exported-pattern-synonym-signatures]
    Pattern synonym with no type signature:
      pattern DEFAULT_CHANNELS :: forall {a}. (Eq a, Num a) => a
    |
205 | pattern DEFAULT_CHANNELS  = (#const MIX_DEFAULT_CHANNELS)
    | ^^^^^^^^^^^^^^^^^^^^^^^^^^^^^^^

src/SDL/Raw/Mixer.hsc:210:1: warning: [GHC-38417] [-Wmissing-exported-pattern-synonym-signatures]
    Pattern synonym with no type signature:
      pattern AUDIO_U8 :: forall {a}. (Eq a, Num a) => a
    |
210 | pattern AUDIO_U8       = (#const AUDIO_U8)
    | ^^^^^^^^^^^^^^^^^^^^^^^^^^^^

src/SDL/Raw/Mixer.hsc:211:1: warning: [GHC-38417] [-Wmissing-exported-pattern-synonym-signatures]
    Pattern synonym with no type signature:
      pattern AUDIO_S8 :: forall {a}. (Eq a, Num a) => a
    |
211 | pattern AUDIO_S8       = (#const AUDIO_S8)
    | ^^^^^^^^^^^^^^^^^^^^^^^^^^^^^^^^

src/SDL/Raw/Mixer.hsc:212:1: warning: [GHC-38417] [-Wmissing-exported-pattern-synonym-signatures]
    Pattern synonym with no type signature:
      pattern AUDIO_U16LSB :: forall {a}. (Eq a, Num a) => a
    |
212 | pattern AUDIO_U16LSB   = (#const AUDIO_U16LSB)
    | ^^^^^^^^^^^^^^^^^^^^^^^^^^^^^

src/SDL/Raw/Mixer.hsc:213:1: warning: [GHC-38417] [-Wmissing-exported-pattern-synonym-signatures]
    Pattern synonym with no type signature:
      pattern AUDIO_S16LSB :: forall {a}. (Eq a, Num a) => a
    |
213 | pattern AUDIO_S16LSB   = (#const AUDIO_S16LSB)
    | ^^^^^^^^^^^^^^^^^^^^^^^^^^^^^^^^

src/SDL/Raw/Mixer.hsc:214:1: warning: [GHC-38417] [-Wmissing-exported-pattern-synonym-signatures]
    Pattern synonym with no type signature:
      pattern AUDIO_U16MSB :: forall {a}. (Eq a, Num a) => a
    |
214 | pattern AUDIO_U16MSB   = (#const AUDIO_U16MSB)
    | ^^^^^^^^^^^^^^^^^^^^^^^^^^^^^^^

src/SDL/Raw/Mixer.hsc:215:1: warning: [GHC-38417] [-Wmissing-exported-pattern-synonym-signatures]
    Pattern synonym with no type signature:
      pattern AUDIO_S16MSB :: forall {a}. (Eq a, Num a) => a
    |
215 | pattern AUDIO_S16MSB   = (#const AUDIO_S16MSB)
    | ^^^^^^^^^^^^^^^^^^^^^^^^^^^^^^^^

src/SDL/Raw/Mixer.hsc:216:1: warning: [GHC-38417] [-Wmissing-exported-pattern-synonym-signatures]
    Pattern synonym with no type signature:
      pattern AUDIO_U16 :: forall {a}. (Eq a, Num a) => a
    |
216 | pattern AUDIO_U16      = (#const AUDIO_U16)
    | ^^^^^^^^^^^^^^^^^^^^^^^^^^^^^

src/SDL/Raw/Mixer.hsc:217:1: warning: [GHC-38417] [-Wmissing-exported-pattern-synonym-signatures]
    Pattern synonym with no type signature:
      pattern AUDIO_S16 :: forall {a}. (Eq a, Num a) => a
    |
217 | pattern AUDIO_S16      = (#const AUDIO_S16)
    | ^^^^^^^^^^^^^^^^^^^^^^^^^^^^^^^^

src/SDL/Raw/Mixer.hsc:218:1: warning: [GHC-38417] [-Wmissing-exported-pattern-synonym-signatures]
    Pattern synonym with no type signature:
      pattern AUDIO_U16SYS :: forall {a}. (Eq a, Num a) => a
    |
218 | pattern AUDIO_U16SYS   = (#const AUDIO_U16SYS)
    | ^^^^^^^^^^^^^^^^^^^^^^^^^^^^^

src/SDL/Raw/Mixer.hsc:219:1: warning: [GHC-38417] [-Wmissing-exported-pattern-synonym-signatures]
    Pattern synonym with no type signature:
      pattern AUDIO_S16SYS :: forall {a}. (Eq a, Num a) => a
    |
219 | pattern AUDIO_S16SYS   = (#const AUDIO_S16SYS)
    | ^^^^^^^^^^^^^^^^^^^^^^^^^^^^^^^^

src/SDL/Raw/Mixer.hsc:220:1: warning: [GHC-38417] [-Wmissing-exported-pattern-synonym-signatures]
    Pattern synonym with no type signature:
      pattern DEFAULT_FORMAT :: forall {a}. (Eq a, Num a) => a
    |
220 | pattern DEFAULT_FORMAT = (#const MIX_DEFAULT_FORMAT)
    | ^^^^^^^^^^^^^^^^^^^^^^^^^^^^^^^^

src/SDL/Raw/Mixer.hsc:236:1: warning: [GHC-38417] [-Wmissing-kind-signatures]
    Top-level type constructor with no standalone kind signature or CUSK:
      type Chunk :: *
    |
236 | data Chunk = Chunk
    | ^^^^^^^^^^^^^^^^^^...

src/SDL/Raw/Mixer.hsc:272:1: warning: [GHC-38417] [-Wmissing-exported-pattern-synonym-signatures]
    Pattern synonym with no type signature:
      pattern MAX_VOLUME :: forall {a}. (Eq a, Num a) => a
    |
272 | pattern MAX_VOLUME = (#const MIX_MAX_VOLUME)
    | ^^^^^^^^^^^^^^^^^^^^^^^^^^

src/SDL/Raw/Mixer.hsc:285:1: warning: [GHC-38417] [-Wmissing-exported-pattern-synonym-signatures]
    Pattern synonym with no type signature:
      pattern CHANNELS :: forall {a}. (Eq a, Num a) => a
    |
285 | pattern CHANNELS = (#const MIX_CHANNELS)
    | ^^^^^^^^^^^^^^^^^^^^^^

src/SDL/Raw/Mixer.hsc:287:1: warning: [GHC-38417] [-Wmissing-kind-signatures]
    Top-level type constructor with no standalone kind signature or CUSK:
      type Channel :: *
    |
287 | type Channel = CInt
    | ^^^^^^^^^^^^^^^^^^^

src/SDL/Raw/Mixer.hsc:331:1: warning: [GHC-38417] [-Wmissing-kind-signatures]
    Top-level type constructor with no standalone kind signature or CUSK:
      type Fading :: *
    |
331 | type Fading = (#type Mix_Fading)
    | ^^^^^^^^^^^^^^^^^^^^^^

src/SDL/Raw/Mixer.hsc:333:1: warning: [GHC-38417] [-Wmissing-exported-pattern-synonym-signatures]
    Pattern synonym with no type signature:
      pattern NO_FADING :: forall {a}. (Eq a, Num a) => a
    |
333 | pattern NO_FADING  = (#const MIX_NO_FADING)
    | ^^^^^^^^^^^^^^^^^^^^^^^^

src/SDL/Raw/Mixer.hsc:334:1: warning: [GHC-38417] [-Wmissing-exported-pattern-synonym-signatures]
    Pattern synonym with no type signature:
      pattern FADING_IN :: forall {a}. (Eq a, Num a) => a
    |
334 | pattern FADING_IN  = (#const MIX_FADING_IN)
    | ^^^^^^^^^^^^^^^^^^^^^^^^

src/SDL/Raw/Mixer.hsc:335:1: warning: [GHC-38417] [-Wmissing-exported-pattern-synonym-signatures]
    Pattern synonym with no type signature:
      pattern FADING_OUT :: forall {a}. (Eq a, Num a) => a
    |
335 | pattern FADING_OUT = (#const MIX_FADING_OUT)
    | ^^^^^^^^^^^^^^^^^^^^^^^^

src/SDL/Raw/Mixer.hsc:348:1: warning: [GHC-38417] [-Wmissing-kind-signatures]
    Top-level type constructor with no standalone kind signature or CUSK:
      type Tag :: *
    |
348 | type Tag = CInt
    | ^^^^^^^^^^^^^^^

src/SDL/Raw/Mixer.hsc:382:1: warning: [GHC-38417] [-Wmissing-kind-signatures]
    Top-level type constructor with no standalone kind signature or CUSK:
      type Music :: *
    |
382 | data Music
    | ^^^^^^^^^^

src/SDL/Raw/Mixer.hsc:390:1: warning: [GHC-38417] [-Wmissing-kind-signatures]
    Top-level type constructor with no standalone kind signature or CUSK:
      type MusicType :: *
    |
390 | type MusicType = (#type Mix_MusicType)
    | ^^^^^^^^^^^^^^^^^^^^^^^^^

src/SDL/Raw/Mixer.hsc:395:1: warning: [GHC-38417] [-Wmissing-exported-pattern-synonym-signatures]
    Pattern synonym with no type signature:
      pattern MUS_NONE :: forall {a}. (Eq a, Num a) => a
    |
395 | pattern MUS_NONE    = (#const MUS_NONE)
    | ^^^^^^^^^^^^^^^^^^^^^^^^^

src/SDL/Raw/Mixer.hsc:396:1: warning: [GHC-38417] [-Wmissing-exported-pattern-synonym-signatures]
    Pattern synonym with no type signature:
      pattern MUS_CMD :: forall {a}. (Eq a, Num a) => a
    |
396 | pattern MUS_CMD     = (#const MUS_CMD)
    | ^^^^^^^^^^^^^^^^^^^^^^^^^

src/SDL/Raw/Mixer.hsc:397:1: warning: [GHC-38417] [-Wmissing-exported-pattern-synonym-signatures]
    Pattern synonym with no type signature:
      pattern MUS_WAV :: forall {a}. (Eq a, Num a) => a
    |
397 | pattern MUS_WAV     = (#const MUS_WAV)
    | ^^^^^^^^^^^^^^^^^^^^^^^^^

src/SDL/Raw/Mixer.hsc:398:1: warning: [GHC-38417] [-Wmissing-exported-pattern-synonym-signatures]
    Pattern synonym with no type signature:
      pattern MUS_MOD :: forall {a}. (Eq a, Num a) => a
    |
398 | pattern MUS_MOD     = (#const MUS_MOD)
    | ^^^^^^^^^^^^^^^^^^^^^^^^^

src/SDL/Raw/Mixer.hsc:399:1: warning: [GHC-38417] [-Wmissing-exported-pattern-synonym-signatures]
    Pattern synonym with no type signature:
      pattern MUS_MID :: forall {a}. (Eq a, Num a) => a
    |
399 | pattern MUS_MID     = (#const MUS_MID)
    | ^^^^^^^^^^^^^^^^^^^^^^^^^

src/SDL/Raw/Mixer.hsc:400:1: warning: [GHC-38417] [-Wmissing-exported-pattern-synonym-signatures]
    Pattern synonym with no type signature:
      pattern MUS_OGG :: forall {a}. (Eq a, Num a) => a
    |
400 | pattern MUS_OGG     = (#const MUS_OGG)
    | ^^^^^^^^^^^^^^^^^^^^^^^^^

src/SDL/Raw/Mixer.hsc:401:1: warning: [GHC-38417] [-Wmissing-exported-pattern-synonym-signatures]
    Pattern synonym with no type signature:
      pattern MUS_MP3 :: forall {a}. (Eq a, Num a) => a
    |
401 | pattern MUS_MP3     = (#const MUS_MP3)
    | ^^^^^^^^^^^^^^^^^^^^^^^^^

src/SDL/Raw/Mixer.hsc:402:1: warning: [GHC-38417] [-Wmissing-exported-pattern-synonym-signatures]
    Pattern synonym with no type signature:
      pattern MUS_FLAC :: forall {a}. (Eq a, Num a) => a
    |
402 | pattern MUS_FLAC    = (#const MUS_FLAC)
    | ^^^^^^^^^^^^^^^^^^^^^^^^^

src/SDL/Raw/Mixer.hsc:466:1: warning: [GHC-38417] [-Wmissing-exported-pattern-synonym-signatures]
    Pattern synonym with no type signature:
      pattern CHANNEL_POST :: forall {a}. (Eq a, Num a) => a
    |
466 | pattern CHANNEL_POST = (#const MIX_CHANNEL_POST)
    | ^^^^^^^^^^^^^^^^^^^^^^^^^^^

src/SDL/Raw/Mixer.hsc:468:1: warning: [GHC-38417] [-Wmissing-kind-signatures]
    Top-level type constructor with no standalone kind signature or CUSK:
      type Effect :: *
    |
468 | type Effect = Channel -> Ptr () -> CInt -> Ptr() -> IO ()
    | ^^^^^^^^^^^^^^^^^^^^^^^^^^^^^^^^^^^^^^^^^^^^^^^^^^^^^^^^^

src/SDL/Raw/Mixer.hsc:473:1: warning: [GHC-38417] [-Wmissing-kind-signatures]
    Top-level type constructor with no standalone kind signature or CUSK:
      type EffectFinished :: *
    |
473 | type EffectFinished = Channel -> Ptr () -> IO ()
    | ^^^^^^^^^^^^^^^^^^^^^^^^^^^^^^^^^^^^^^^^^^^^^^^^
[4 of 4] Compiling SDL.Mixer

src/SDL/Mixer.hs:223:1: warning: [GHC-38417] [-Wmissing-kind-signatures]
    Top-level type constructor with no standalone kind signature or CUSK:
      type InitFlag :: *
    |
223 | data InitFlag
    | ^^^^^^^^^^^^^...

src/SDL/Mixer.hs:274:1: warning: [GHC-38417] [-Wmissing-kind-signatures]
    Top-level type constructor with no standalone kind signature or CUSK:
      type Audio :: *
    |
274 | data Audio = Audio
    | ^^^^^^^^^^^^^^^^^^...

src/SDL/Mixer.hs:306:1: warning: [GHC-38417] [-Wmissing-kind-signatures]
    Top-level type constructor with no standalone kind signature or CUSK:
      type ChunkSize :: *
    |
306 | type ChunkSize = Int
    | ^^^^^^^^^^^^^^^^^^^^

src/SDL/Mixer.hs:309:1: warning: [GHC-38417] [-Wmissing-kind-signatures]
    Top-level type constructor with no standalone kind signature or CUSK:
      type Format :: *
    |
309 | data Format
    | ^^^^^^^^^^^...

src/SDL/Mixer.hs:352:1: warning: [GHC-38417] [-Wmissing-kind-signatures]
    Top-level type constructor with no standalone kind signature or CUSK:
      type Output :: *
    |
352 | data Output = Mono | Stereo
    | ^^^^^^^^^^^^^^^^^^^^^^^^^^^...

src/SDL/Mixer.hs:397:1: warning: [GHC-38417] [-Wmissing-kind-signatures]
    Top-level type constructor with no standalone kind signature or CUSK:
      type Loadable :: * -> Constraint
    |
397 | class Loadable a where
    | ^^^^^^^^^^^^^^^^^^^^^^...

src/SDL/Mixer.hs:414:1: warning: [GHC-38417] [-Wmissing-kind-signatures]
    Top-level type constructor with no standalone kind signature or CUSK:
      type Volume :: *
    |
414 | type Volume = Int
    | ^^^^^^^^^^^^^^^^^

src/SDL/Mixer.hs:420:1: warning: [GHC-38417] [-Wmissing-kind-signatures]
    Top-level type constructor with no standalone kind signature or CUSK:
      type HasVolume :: * -> Constraint
    |
420 | class HasVolume a where
    | ^^^^^^^^^^^^^^^^^^^^^^^...

src/SDL/Mixer.hs:451:1: warning: [GHC-38417] [-Wmissing-kind-signatures]
    Top-level type constructor with no standalone kind signature or CUSK:
      type Chunk :: *
    |
451 | newtype Chunk = Chunk (Ptr SDL.Raw.Mixer.Chunk)
    | ^^^^^^^^^^^^^^^^^^^^^^^^^^^^^^^^^^^^^^^^^^^^^^^...

src/SDL/Mixer.hs:478:1: warning: [GHC-38417] [-Wmissing-kind-signatures]
    Top-level type constructor with no standalone kind signature or CUSK:
      type Channel :: *
    |
478 | newtype Channel = Channel CInt
    | ^^^^^^^^^^^^^^^^^^^^^^^^^^^^^^...

src/SDL/Mixer.hs:551:1: warning: [GHC-38417] [-Wmissing-kind-signatures]
    Top-level type constructor with no standalone kind signature or CUSK:
      type Times :: *
    |
551 | newtype Times = Times CInt
    | ^^^^^^^^^^^^^^^^^^^^^^^^^^...

src/SDL/Mixer.hs:574:1: warning: [GHC-38417] [-Wmissing-kind-signatures]
    Top-level type constructor with no standalone kind signature or CUSK:
      type Milliseconds :: *
    |
574 | type Milliseconds = Int
    | ^^^^^^^^^^^^^^^^^^^^^^^

src/SDL/Mixer.hs:577:1: warning: [GHC-38417] [-Wmissing-kind-signatures]
    Top-level type constructor with no standalone kind signature or CUSK:
      type Limit :: *
    |
577 | type Limit = Milliseconds
    | ^^^^^^^^^^^^^^^^^^^^^^^^^

src/SDL/Mixer.hs:743:1: warning: [GHC-38417] [-Wmissing-kind-signatures]
    Top-level type constructor with no standalone kind signature or CUSK:
      type Fading :: *
    |
743 | data Fading = NoFading | FadingIn | FadingOut
    | ^^^^^^^^^^^^^^^^^^^^^^^^^^^^^^^^^^^^^^^^^^^^^...

src/SDL/Mixer.hs:767:1: warning: [GHC-38417] [-Wmissing-kind-signatures]
    Top-level type constructor with no standalone kind signature or CUSK:
      type Group :: *
    |
767 | newtype Group = Group CInt
    | ^^^^^^^^^^^^^^^^^^^^^^^^^^...

src/SDL/Mixer.hs:868:1: warning: [GHC-38417] [-Wmissing-kind-signatures]
    Top-level type constructor with no standalone kind signature or CUSK:
      type Music :: *
    |
868 | newtype Music = Music (Ptr SDL.Raw.Mixer.Music)
    | ^^^^^^^^^^^^^^^^^^^^^^^^^^^^^^^^^^^^^^^^^^^^^^^...

src/SDL/Mixer.hs:954:1: warning: [GHC-38417] [-Wmissing-kind-signatures]
    Top-level type constructor with no standalone kind signature or CUSK:
      type Position :: *
    |
954 | type Position = Milliseconds
    | ^^^^^^^^^^^^^^^^^^^^^^^^^^^^

src/SDL/Mixer.hs:1020:1: warning: [GHC-38417] [-Wmissing-kind-signatures]
    Top-level type constructor with no standalone kind signature or CUSK:
      type MusicType :: *
     |
1020 | data MusicType
     | ^^^^^^^^^^^^^^...

src/SDL/Mixer.hs:1072:1: warning: [GHC-38417] [-Wmissing-kind-signatures]
    Top-level type constructor with no standalone kind signature or CUSK:
      type Effect :: *
     |
1072 | type Effect = Channel -> IOVector Word8 -> IO () -- TODO: Don't hardcode Word8.
     | ^^^^^^^^^^^^^^^^^^^^^^^^^^^^^^^^^^^^^^^^^^^^^^^^

src/SDL/Mixer.hs:1077:1: warning: [GHC-38417] [-Wmissing-kind-signatures]
    Top-level type constructor with no standalone kind signature or CUSK:
      type EffectFinished :: *
     |
1077 | type EffectFinished = Channel -> IO ()
     | ^^^^^^^^^^^^^^^^^^^^^^^^^^^^^^^^^^^^^^
Configuring executable 'sdl2-mixer-music' for sdl2-mixer-1.2.0.0...
Preprocessing executable 'sdl2-mixer-music' for sdl2-mixer-1.2.0.0...
Building executable 'sdl2-mixer-music' for sdl2-mixer-1.2.0.0...
[1 of 2] Compiling Main
[2 of 2] Compiling Paths_sdl2_mixer
[3 of 3] Linking /tmp/workdir-sdl2-mixer/sdl2-mixer-1.2.0.0/dist-newstyle/build/x86_64-linux/ghc-9.6.6/sdl2-mixer-1.2.0.0/x/sdl2-mixer-music/build/sdl2-mixer-music/sdl2-mixer-music
Configuring executable 'sdl2-mixer-effect' for sdl2-mixer-1.2.0.0...
Preprocessing executable 'sdl2-mixer-effect' for sdl2-mixer-1.2.0.0...
Building executable 'sdl2-mixer-effect' for sdl2-mixer-1.2.0.0...
[1 of 2] Compiling Main
[2 of 2] Compiling Paths_sdl2_mixer
[3 of 3] Linking /tmp/workdir-sdl2-mixer/sdl2-mixer-1.2.0.0/dist-newstyle/build/x86_64-linux/ghc-9.6.6/sdl2-mixer-1.2.0.0/x/sdl2-mixer-effect/build/sdl2-mixer-effect/sdl2-mixer-effect
Configuring executable 'sdl2-mixer-basic-raw' for sdl2-mixer-1.2.0.0...
Preprocessing executable 'sdl2-mixer-basic-raw' for sdl2-mixer-1.2.0.0...
Building executable 'sdl2-mixer-basic-raw' for sdl2-mixer-1.2.0.0...
[1 of 2] Compiling Main
[2 of 2] Compiling Paths_sdl2_mixer
[3 of 3] Linking /tmp/workdir-sdl2-mixer/sdl2-mixer-1.2.0.0/dist-newstyle/build/x86_64-linux/ghc-9.6.6/sdl2-mixer-1.2.0.0/x/sdl2-mixer-basic-raw/build/sdl2-mixer-basic-raw/sdl2-mixer-basic-raw
Configuring executable 'sdl2-mixer-basic-jumbled' for sdl2-mixer-1.2.0.0...
Preprocessing executable 'sdl2-mixer-basic-jumbled' for sdl2-mixer-1.2.0.0...
Building executable 'sdl2-mixer-basic-jumbled' for sdl2-mixer-1.2.0.0...
[1 of 2] Compiling Main
[2 of 2] Compiling Paths_sdl2_mixer
[3 of 3] Linking /tmp/workdir-sdl2-mixer/sdl2-mixer-1.2.0.0/dist-newstyle/build/x86_64-linux/ghc-9.6.6/sdl2-mixer-1.2.0.0/x/sdl2-mixer-basic-jumbled/build/sdl2-mixer-basic-jumbled/sdl2-mixer-basic-jumbled
Configuring executable 'sdl2-mixer-basic' for sdl2-mixer-1.2.0.0...
Preprocessing executable 'sdl2-mixer-basic' for sdl2-mixer-1.2.0.0...
Building executable 'sdl2-mixer-basic' for sdl2-mixer-1.2.0.0...
[1 of 2] Compiling Main
[2 of 2] Compiling Paths_sdl2_mixer
[3 of 3] Linking /tmp/workdir-sdl2-mixer/sdl2-mixer-1.2.0.0/dist-newstyle/build/x86_64-linux/ghc-9.6.6/sdl2-mixer-1.2.0.0/x/sdl2-mixer-basic/build/sdl2-mixer-basic/sdl2-mixer-basic
