Build profile: -w ghc-9.6.6 -O1
In order, the following will be built (use -v for more details):
 - amazonka-textract-2.0 (lib) (first run)
 - amazonka-textract-2.0 (test:amazonka-textract-test) (first run)
Configuring library for amazonka-textract-2.0...
Preprocessing library for amazonka-textract-2.0...
Building library for amazonka-textract-2.0...
[ 1 of 68] Compiling Amazonka.Textract.Types.BlockType
[ 2 of 68] Compiling Amazonka.Textract.Types.BoundingBox
[ 3 of 68] Compiling Amazonka.Textract.Types.ContentClassifier
[ 4 of 68] Compiling Amazonka.Textract.Types.DetectedSignature
[ 5 of 68] Compiling Amazonka.Textract.Types.DocumentMetadata
[ 6 of 68] Compiling Amazonka.Textract.Types.EntityType
[ 7 of 68] Compiling Amazonka.Textract.Types.ExpenseCurrency
[ 8 of 68] Compiling Amazonka.Textract.Types.ExpenseGroupProperty
[ 9 of 68] Compiling Amazonka.Textract.Types.ExpenseType
[10 of 68] Compiling Amazonka.Textract.Types.FeatureType
[11 of 68] Compiling Amazonka.Textract.Types.HumanLoopActivationOutput
[12 of 68] Compiling Amazonka.Textract.Types.HumanLoopDataAttributes
[13 of 68] Compiling Amazonka.Textract.Types.HumanLoopConfig
[14 of 68] Compiling Amazonka.Textract.Types.JobStatus
[15 of 68] Compiling Amazonka.Textract.Types.NotificationChannel
[16 of 68] Compiling Amazonka.Textract.Types.OutputConfig
[17 of 68] Compiling Amazonka.Textract.Types.Point
[18 of 68] Compiling Amazonka.Textract.Types.Geometry
[19 of 68] Compiling Amazonka.Textract.Types.ExpenseDetection
[20 of 68] Compiling Amazonka.Textract.Types.ExpenseField
[21 of 68] Compiling Amazonka.Textract.Types.LineItemFields
[22 of 68] Compiling Amazonka.Textract.Types.LineItemGroup
[23 of 68] Compiling Amazonka.Textract.Types.Prediction
[24 of 68] Compiling Amazonka.Textract.Types.PageClassification
[25 of 68] Compiling Amazonka.Textract.Types.Query
[26 of 68] Compiling Amazonka.Textract.Types.QueriesConfig
[27 of 68] Compiling Amazonka.Textract.Types.RelationshipType
[28 of 68] Compiling Amazonka.Textract.Types.Relationship
[29 of 68] Compiling Amazonka.Textract.Types.S3Object
[30 of 68] Compiling Amazonka.Textract.Types.DocumentLocation
[31 of 68] Compiling Amazonka.Textract.Types.Document
[32 of 68] Compiling Amazonka.Textract.Types.SelectionStatus
[33 of 68] Compiling Amazonka.Textract.Types.LendingDetection
[34 of 68] Compiling Amazonka.Textract.Types.LendingField
[35 of 68] Compiling Amazonka.Textract.Types.SignatureDetection
[36 of 68] Compiling Amazonka.Textract.Types.LendingDocument
[37 of 68] Compiling Amazonka.Textract.Types.SplitDocument
[38 of 68] Compiling Amazonka.Textract.Types.TextType
[39 of 68] Compiling Amazonka.Textract.Types.Block

gen/Amazonka/Textract/Types/Block.hs:465:71: warning: [GHC-02256] [-Wambiguous-fields]
    The record update s {text = a} with type Block is ambiguous.
    This will not be supported by -XDuplicateRecordFields in future releases of GHC.
    |
465 | block_text = Lens.lens (\Block' {text} -> text) (\s@Block' {} a -> s {text = a} :: Block)
    |                                                                       ^^^^^^^^
[40 of 68] Compiling Amazonka.Textract.Types.ExpenseDocument
[41 of 68] Compiling Amazonka.Textract.Types.UndetectedSignature
[42 of 68] Compiling Amazonka.Textract.Types.DocumentGroup
[43 of 68] Compiling Amazonka.Textract.Types.LendingSummary
[44 of 68] Compiling Amazonka.Textract.Types.ValueType
[45 of 68] Compiling Amazonka.Textract.Types.NormalizedValue
[46 of 68] Compiling Amazonka.Textract.Types.AnalyzeIDDetections
[47 of 68] Compiling Amazonka.Textract.Types.IdentityDocumentField
[48 of 68] Compiling Amazonka.Textract.Types.IdentityDocument
[49 of 68] Compiling Amazonka.Textract.Types.Extraction
[50 of 68] Compiling Amazonka.Textract.Types.LendingResult
[51 of 68] Compiling Amazonka.Textract.Types.Warning
[52 of 68] Compiling Amazonka.Textract.Types
[53 of 68] Compiling Amazonka.Textract.StartLendingAnalysis
[54 of 68] Compiling Amazonka.Textract.StartExpenseAnalysis
[55 of 68] Compiling Amazonka.Textract.StartDocumentTextDetection
[56 of 68] Compiling Amazonka.Textract.StartDocumentAnalysis
[57 of 68] Compiling Amazonka.Textract.GetLendingAnalysisSummary
[58 of 68] Compiling Amazonka.Textract.GetLendingAnalysis

gen/Amazonka/Textract/GetLendingAnalysis.hs:127:125: warning: [GHC-02256] [-Wambiguous-fields]
    The record update s {nextToken = a} with type GetLendingAnalysis is ambiguous.
    This will not be supported by -XDuplicateRecordFields in future releases of GHC.
    |
127 | getLendingAnalysis_nextToken = Lens.lens (\GetLendingAnalysis' {nextToken} -> nextToken) (\s@GetLendingAnalysis' {} a -> s {nextToken = a} :: GetLendingAnalysis)
    |                                                                                                                             ^^^^^^^^^^^^^

gen/Amazonka/Textract/GetLendingAnalysis.hs:283:149: warning: [GHC-02256] [-Wambiguous-fields]
    The record update s {nextToken = a} with type GetLendingAnalysisResponse is ambiguous.
    This will not be supported by -XDuplicateRecordFields in future releases of GHC.
    |
283 | getLendingAnalysisResponse_nextToken = Lens.lens (\GetLendingAnalysisResponse' {nextToken} -> nextToken) (\s@GetLendingAnalysisResponse' {} a -> s {nextToken = a} :: GetLendingAnalysisResponse)
    |                                                                                                                                                     ^^^^^^^^^^^^^
[59 of 68] Compiling Amazonka.Textract.GetExpenseAnalysis

gen/Amazonka/Textract/GetExpenseAnalysis.hs:141:125: warning: [GHC-02256] [-Wambiguous-fields]
    The record update s {nextToken = a} with type GetExpenseAnalysis is ambiguous.
    This will not be supported by -XDuplicateRecordFields in future releases of GHC.
    |
141 | getExpenseAnalysis_nextToken = Lens.lens (\GetExpenseAnalysis' {nextToken} -> nextToken) (\s@GetExpenseAnalysis' {} a -> s {nextToken = a} :: GetExpenseAnalysis)
    |                                                                                                                             ^^^^^^^^^^^^^

gen/Amazonka/Textract/GetExpenseAnalysis.hs:310:149: warning: [GHC-02256] [-Wambiguous-fields]
    The record update s {nextToken = a} with type GetExpenseAnalysisResponse is ambiguous.
    This will not be supported by -XDuplicateRecordFields in future releases of GHC.
    |
310 | getExpenseAnalysisResponse_nextToken = Lens.lens (\GetExpenseAnalysisResponse' {nextToken} -> nextToken) (\s@GetExpenseAnalysisResponse' {} a -> s {nextToken = a} :: GetExpenseAnalysisResponse)
    |                                                                                                                                                     ^^^^^^^^^^^^^
[60 of 68] Compiling Amazonka.Textract.GetDocumentTextDetection

gen/Amazonka/Textract/GetDocumentTextDetection.hs:154:143: warning: [GHC-02256] [-Wambiguous-fields]
    The record update s {nextToken = a} with type GetDocumentTextDetection is ambiguous.
    This will not be supported by -XDuplicateRecordFields in future releases of GHC.
    |
154 | getDocumentTextDetection_nextToken = Lens.lens (\GetDocumentTextDetection' {nextToken} -> nextToken) (\s@GetDocumentTextDetection' {} a -> s {nextToken = a} :: GetDocumentTextDetection)
    |                                                                                                                                               ^^^^^^^^^^^^^

gen/Amazonka/Textract/GetDocumentTextDetection.hs:301:158: warning: [GHC-02256] [-Wambiguous-fields]
    The record update s {blocks = a} with type GetDocumentTextDetectionResponse is ambiguous.
    This will not be supported by -XDuplicateRecordFields in future releases of GHC.
    |
301 | getDocumentTextDetectionResponse_blocks = Lens.lens (\GetDocumentTextDetectionResponse' {blocks} -> blocks) (\s@GetDocumentTextDetectionResponse' {} a -> s {blocks = a} :: GetDocumentTextDetectionResponse) Prelude.. Lens.mapping Lens.coerced
    |                                                                                                                                                              ^^^^^^^^^^

gen/Amazonka/Textract/GetDocumentTextDetection.hs:320:167: warning: [GHC-02256] [-Wambiguous-fields]
    The record update s {nextToken = a} with type GetDocumentTextDetectionResponse is ambiguous.
    This will not be supported by -XDuplicateRecordFields in future releases of GHC.
    |
320 | getDocumentTextDetectionResponse_nextToken = Lens.lens (\GetDocumentTextDetectionResponse' {nextToken} -> nextToken) (\s@GetDocumentTextDetectionResponse' {} a -> s {nextToken = a} :: GetDocumentTextDetectionResponse)
    |                                                                                                                                                                       ^^^^^^^^^^^^^
[61 of 68] Compiling Amazonka.Textract.GetDocumentAnalysis

gen/Amazonka/Textract/GetDocumentAnalysis.hs:177:128: warning: [GHC-02256] [-Wambiguous-fields]
    The record update s {nextToken = a} with type GetDocumentAnalysis is ambiguous.
    This will not be supported by -XDuplicateRecordFields in future releases of GHC.
    |
177 | getDocumentAnalysis_nextToken = Lens.lens (\GetDocumentAnalysis' {nextToken} -> nextToken) (\s@GetDocumentAnalysis' {} a -> s {nextToken = a} :: GetDocumentAnalysis)
    |                                                                                                                                ^^^^^^^^^^^^^

gen/Amazonka/Textract/GetDocumentAnalysis.hs:323:143: warning: [GHC-02256] [-Wambiguous-fields]
    The record update s {blocks = a} with type GetDocumentAnalysisResponse is ambiguous.
    This will not be supported by -XDuplicateRecordFields in future releases of GHC.
    |
323 | getDocumentAnalysisResponse_blocks = Lens.lens (\GetDocumentAnalysisResponse' {blocks} -> blocks) (\s@GetDocumentAnalysisResponse' {} a -> s {blocks = a} :: GetDocumentAnalysisResponse) Prelude.. Lens.mapping Lens.coerced
    |                                                                                                                                               ^^^^^^^^^^

gen/Amazonka/Textract/GetDocumentAnalysis.hs:339:152: warning: [GHC-02256] [-Wambiguous-fields]
    The record update s {nextToken = a} with type GetDocumentAnalysisResponse is ambiguous.
    This will not be supported by -XDuplicateRecordFields in future releases of GHC.
    |
339 | getDocumentAnalysisResponse_nextToken = Lens.lens (\GetDocumentAnalysisResponse' {nextToken} -> nextToken) (\s@GetDocumentAnalysisResponse' {} a -> s {nextToken = a} :: GetDocumentAnalysisResponse)
    |                                                                                                                                                        ^^^^^^^^^^^^^
[62 of 68] Compiling Amazonka.Textract.DetectDocumentText

gen/Amazonka/Textract/DetectDocumentText.hs:209:140: warning: [GHC-02256] [-Wambiguous-fields]
    The record update s {blocks = a} with type DetectDocumentTextResponse is ambiguous.
    This will not be supported by -XDuplicateRecordFields in future releases of GHC.
    |
209 | detectDocumentTextResponse_blocks = Lens.lens (\DetectDocumentTextResponse' {blocks} -> blocks) (\s@DetectDocumentTextResponse' {} a -> s {blocks = a} :: DetectDocumentTextResponse) Prelude.. Lens.mapping Lens.coerced
    |                                                                                                                                            ^^^^^^^^^^
[63 of 68] Compiling Amazonka.Textract.AnalyzeID
[64 of 68] Compiling Amazonka.Textract.AnalyzeExpense
[65 of 68] Compiling Amazonka.Textract.AnalyzeDocument

gen/Amazonka/Textract/AnalyzeDocument.hs:320:131: warning: [GHC-02256] [-Wambiguous-fields]
    The record update s {blocks = a} with type AnalyzeDocumentResponse is ambiguous.
    This will not be supported by -XDuplicateRecordFields in future releases of GHC.
    |
320 | analyzeDocumentResponse_blocks = Lens.lens (\AnalyzeDocumentResponse' {blocks} -> blocks) (\s@AnalyzeDocumentResponse' {} a -> s {blocks = a} :: AnalyzeDocumentResponse) Prelude.. Lens.mapping Lens.coerced
    |                                                                                                                                   ^^^^^^^^^^
[66 of 68] Compiling Amazonka.Textract.Lens
[67 of 68] Compiling Amazonka.Textract.Waiters
[68 of 68] Compiling Amazonka.Textract
Configuring test suite 'amazonka-textract-test' for amazonka-textract-2.0...
Preprocessing test suite 'amazonka-textract-test' for amazonka-textract-2.0...
Building test suite 'amazonka-textract-test' for amazonka-textract-2.0...
[1 of 4] Compiling Test.Amazonka.Textract
[2 of 4] Compiling Test.Amazonka.Textract.Internal
[3 of 4] Compiling Test.Amazonka.Gen.Textract
[4 of 4] Compiling Main
[5 of 5] Linking /tmp/workdir-amazonka-textract/amazonka-textract-2.0/dist-newstyle/build/x86_64-linux/ghc-9.6.6/amazonka-textract-2.0/t/amazonka-textract-test/build/amazonka-textract-test/amazonka-textract-test
