Build profile: -w ghc-9.6.6 -O1
In order, the following will be built (use -v for more details):
 - safeio-0.0.6.0 (lib) (first run)
 - safeio-0.0.6.0 (test:safeiotest) (first run)
Configuring library for safeio-0.0.6.0...
Preprocessing library for safeio-0.0.6.0...
Building library for safeio-0.0.6.0...
[1 of 2] Compiling System.IO.SafeWrite
[2 of 2] Compiling Data.Conduit.SafeWrite
Configuring test suite 'safeiotest' for safeio-0.0.6.0...
Preprocessing test suite 'safeiotest' for safeio-0.0.6.0...
Building test suite 'safeiotest' for safeio-0.0.6.0...
[1 of 4] Compiling Paths_safeio
[2 of 4] Compiling System.IO.SafeWrite
[3 of 4] Compiling Data.Conduit.SafeWrite
[4 of 4] Compiling Main

System/IO/SafeWrite/Tests.hs:37:1: warning: [GHC-38417] [-Wmissing-signatures]
    Top-level binding with no type signature:
      case_create_output :: IO ()
   |
37 | case_create_output = do
   | ^^^^^^^^^^^^^^^^^^

System/IO/SafeWrite/Tests.hs:42:1: warning: [GHC-38417] [-Wmissing-signatures]
    Top-level binding with no type signature:
      case_not_create_on_exception :: IO ()
   |
42 | case_not_create_on_exception = do
   | ^^^^^^^^^^^^^^^^^^^^^^^^^^^^

System/IO/SafeWrite/Tests.hs:48:1: warning: [GHC-38417] [-Wmissing-signatures]
    Top-level binding with no type signature:
      case_no_intermediate_output :: IO ()
   |
48 | case_no_intermediate_output = do
   | ^^^^^^^^^^^^^^^^^^^^^^^^^^^

System/IO/SafeWrite/Tests.hs:57:1: warning: [GHC-38417] [-Wmissing-signatures]
    Top-level binding with no type signature:
      case_in_subdirectory :: IO ()
   |
57 | case_in_subdirectory = do
   | ^^^^^^^^^^^^^^^^^^^^

System/IO/SafeWrite/Tests.hs:67:1: warning: [GHC-38417] [-Wmissing-signatures]
    Top-level binding with no type signature:
      case_conduit_create_output :: IO ()
   |
67 | case_conduit_create_output = do
   | ^^^^^^^^^^^^^^^^^^^^^^^^^^

System/IO/SafeWrite/Tests.hs:73:1: warning: [GHC-38417] [-Wmissing-signatures]
    Top-level binding with no type signature:
      case_conduit_create_output_pass :: IO ()
   |
73 | case_conduit_create_output_pass = do
   | ^^^^^^^^^^^^^^^^^^^^^^^^^^^^^^^

System/IO/SafeWrite/Tests.hs:85:1: warning: [GHC-38417] [-Wmissing-signatures]
    Top-level binding with no type signature:
      case_conduit_not_create_on_exception :: IO ()
   |
85 | case_conduit_not_create_on_exception = do
   | ^^^^^^^^^^^^^^^^^^^^^^^^^^^^^^^^^^^^

System/IO/SafeWrite/Tests.hs:95:1: warning: [GHC-38417] [-Wmissing-signatures]
    Top-level binding with no type signature:
      case_conduit_no_intermediate_output :: IO ()
   |
95 | case_conduit_no_intermediate_output = do
   | ^^^^^^^^^^^^^^^^^^^^^^^^^^^^^^^^^^^

System/IO/SafeWrite/Tests.hs:106:1: warning: [GHC-38417] [-Wmissing-signatures]
    Top-level binding with no type signature:
      case_conduit_in_subdirectory :: IO ()
    |
106 | case_conduit_in_subdirectory = do
    | ^^^^^^^^^^^^^^^^^^^^^^^^^^^^
[5 of 5] Linking /tmp/workdir-safeio/safeio-0.0.6.0/dist-newstyle/build/x86_64-linux/ghc-9.6.6/safeio-0.0.6.0/t/safeiotest/build/safeiotest/safeiotest
