Build profile: -w ghc-9.6.6 -O1
In order, the following will be built (use -v for more details):
 - amazonka-connectcampaigns-2.0 (lib) (first run)
 - amazonka-connectcampaigns-2.0 (test:amazonka-connectcampaigns-test) (first run)
Configuring library for amazonka-connectcampaigns-2.0...
Preprocessing library for amazonka-connectcampaigns-2.0...
Building library for amazonka-connectcampaigns-2.0...
[ 1 of 50] Compiling Amazonka.ConnectCampaigns.Types.AnswerMachineDetectionConfig
[ 2 of 50] Compiling Amazonka.ConnectCampaigns.Types.CampaignState
[ 3 of 50] Compiling Amazonka.ConnectCampaigns.Types.CampaignSummary
[ 4 of 50] Compiling Amazonka.ConnectCampaigns.Types.DialRequest
[ 5 of 50] Compiling Amazonka.ConnectCampaigns.Types.EncryptionType
[ 6 of 50] Compiling Amazonka.ConnectCampaigns.Types.EncryptionConfig
[ 7 of 50] Compiling Amazonka.ConnectCampaigns.Types.FailureCode
[ 8 of 50] Compiling Amazonka.ConnectCampaigns.Types.FailedRequest
[ 9 of 50] Compiling Amazonka.ConnectCampaigns.Types.GetCampaignStateBatchFailureCode
[10 of 50] Compiling Amazonka.ConnectCampaigns.Types.FailedCampaignStateResponse
[11 of 50] Compiling Amazonka.ConnectCampaigns.Types.InstanceConfig
[12 of 50] Compiling Amazonka.ConnectCampaigns.Types.InstanceIdFilterOperator
[13 of 50] Compiling Amazonka.ConnectCampaigns.Types.InstanceIdFilter
[14 of 50] Compiling Amazonka.ConnectCampaigns.Types.CampaignFilters
[15 of 50] Compiling Amazonka.ConnectCampaigns.Types.InstanceOnboardingJobFailureCode
[16 of 50] Compiling Amazonka.ConnectCampaigns.Types.InstanceOnboardingJobStatusCode
[17 of 50] Compiling Amazonka.ConnectCampaigns.Types.InstanceOnboardingJobStatus
[18 of 50] Compiling Amazonka.ConnectCampaigns.Types.OutboundCallConfig
[19 of 50] Compiling Amazonka.ConnectCampaigns.Types.PredictiveDialerConfig
[20 of 50] Compiling Amazonka.ConnectCampaigns.Types.ProgressiveDialerConfig
[21 of 50] Compiling Amazonka.ConnectCampaigns.Types.DialerConfig
[22 of 50] Compiling Amazonka.ConnectCampaigns.Types.Campaign
[23 of 50] Compiling Amazonka.ConnectCampaigns.Types.SuccessfulCampaignStateResponse
[24 of 50] Compiling Amazonka.ConnectCampaigns.Types.SuccessfulRequest
[25 of 50] Compiling Amazonka.ConnectCampaigns.Types
[26 of 50] Compiling Amazonka.ConnectCampaigns.TagResource

gen/Amazonka/ConnectCampaigns/TagResource.hs:76:86: warning: [GHC-02256] [-Wambiguous-fields]
    The record update s {arn = a} with type TagResource is ambiguous.
    This will not be supported by -XDuplicateRecordFields in future releases of GHC.
   |
76 | tagResource_arn = Lens.lens (\TagResource' {arn} -> arn) (\s@TagResource' {} a -> s {arn = a} :: TagResource)
   |                                                                                      ^^^^^^^

gen/Amazonka/ConnectCampaigns/TagResource.hs:80:89: warning: [GHC-02256] [-Wambiguous-fields]
    The record update s {tags = a} with type TagResource is ambiguous.
    This will not be supported by -XDuplicateRecordFields in future releases of GHC.
   |
80 | tagResource_tags = Lens.lens (\TagResource' {tags} -> tags) (\s@TagResource' {} a -> s {tags = a} :: TagResource) Prelude.. Lens.coerced
   |                                                                                         ^^^^^^^^
[27 of 50] Compiling Amazonka.ConnectCampaigns.StopCampaign

gen/Amazonka/ConnectCampaigns/StopCampaign.hs:71:86: warning: [GHC-02256] [-Wambiguous-fields]
    The record update s {id = a} with type StopCampaign is ambiguous.
    This will not be supported by -XDuplicateRecordFields in future releases of GHC.
   |
71 | stopCampaign_id = Lens.lens (\StopCampaign' {id} -> id) (\s@StopCampaign' {} a -> s {id = a} :: StopCampaign)
   |                                                                                      ^^^^^^
[28 of 50] Compiling Amazonka.ConnectCampaigns.StartInstanceOnboardingJob

gen/Amazonka/ConnectCampaigns/StartInstanceOnboardingJob.hs:88:173: warning: [GHC-02256] [-Wambiguous-fields]
    The record update s {connectInstanceId = a} with type StartInstanceOnboardingJob is ambiguous.
    This will not be supported by -XDuplicateRecordFields in future releases of GHC.
   |
88 | startInstanceOnboardingJob_connectInstanceId = Lens.lens (\StartInstanceOnboardingJob' {connectInstanceId} -> connectInstanceId) (\s@StartInstanceOnboardingJob' {} a -> s {connectInstanceId = a} :: StartInstanceOnboardingJob)
   |                                                                                                                                                                             ^^^^^^^^^^^^^^^^^^^^^

gen/Amazonka/ConnectCampaigns/StartInstanceOnboardingJob.hs:92:170: warning: [GHC-02256] [-Wambiguous-fields]
    The record update s {encryptionConfig = a} with type StartInstanceOnboardingJob is ambiguous.
    This will not be supported by -XDuplicateRecordFields in future releases of GHC.
   |
92 | startInstanceOnboardingJob_encryptionConfig = Lens.lens (\StartInstanceOnboardingJob' {encryptionConfig} -> encryptionConfig) (\s@StartInstanceOnboardingJob' {} a -> s {encryptionConfig = a} :: StartInstanceOnboardingJob)
   |                                                                                                                                                                          ^^^^^^^^^^^^^^^^^^^^
[29 of 50] Compiling Amazonka.ConnectCampaigns.StartCampaign

gen/Amazonka/ConnectCampaigns/StartCampaign.hs:71:89: warning: [GHC-02256] [-Wambiguous-fields]
    The record update s {id = a} with type StartCampaign is ambiguous.
    This will not be supported by -XDuplicateRecordFields in future releases of GHC.
   |
71 | startCampaign_id = Lens.lens (\StartCampaign' {id} -> id) (\s@StartCampaign' {} a -> s {id = a} :: StartCampaign)
   |                                                                                         ^^^^^^
[30 of 50] Compiling Amazonka.ConnectCampaigns.ResumeCampaign

gen/Amazonka/ConnectCampaigns/ResumeCampaign.hs:71:92: warning: [GHC-02256] [-Wambiguous-fields]
    The record update s {id = a} with type ResumeCampaign is ambiguous.
    This will not be supported by -XDuplicateRecordFields in future releases of GHC.
   |
71 | resumeCampaign_id = Lens.lens (\ResumeCampaign' {id} -> id) (\s@ResumeCampaign' {} a -> s {id = a} :: ResumeCampaign)
   |                                                                                            ^^^^^^
[31 of 50] Compiling Amazonka.ConnectCampaigns.PutDialRequestBatch

gen/Amazonka/ConnectCampaigns/PutDialRequestBatch.hs:92:107: warning: [GHC-02256] [-Wambiguous-fields]
    The record update s {id = a} with type PutDialRequestBatch is ambiguous.
    This will not be supported by -XDuplicateRecordFields in future releases of GHC.
   |
92 | putDialRequestBatch_id = Lens.lens (\PutDialRequestBatch' {id} -> id) (\s@PutDialRequestBatch' {} a -> s {id = a} :: PutDialRequestBatch)
   |                                                                                                           ^^^^^^
[32 of 50] Compiling Amazonka.ConnectCampaigns.PauseCampaign

gen/Amazonka/ConnectCampaigns/PauseCampaign.hs:71:89: warning: [GHC-02256] [-Wambiguous-fields]
    The record update s {id = a} with type PauseCampaign is ambiguous.
    This will not be supported by -XDuplicateRecordFields in future releases of GHC.
   |
71 | pauseCampaign_id = Lens.lens (\PauseCampaign' {id} -> id) (\s@PauseCampaign' {} a -> s {id = a} :: PauseCampaign)
   |                                                                                         ^^^^^^
[33 of 50] Compiling Amazonka.ConnectCampaigns.ListTagsForResource

gen/Amazonka/ConnectCampaigns/ListTagsForResource.hs:76:110: warning: [GHC-02256] [-Wambiguous-fields]
    The record update s {arn = a} with type ListTagsForResource is ambiguous.
    This will not be supported by -XDuplicateRecordFields in future releases of GHC.
   |
76 | listTagsForResource_arn = Lens.lens (\ListTagsForResource' {arn} -> arn) (\s@ListTagsForResource' {} a -> s {arn = a} :: ListTagsForResource)
   |                                                                                                              ^^^^^^^

gen/Amazonka/ConnectCampaigns/ListTagsForResource.hs:151:137: warning: [GHC-02256] [-Wambiguous-fields]
    The record update s {tags = a} with type ListTagsForResourceResponse is ambiguous.
    This will not be supported by -XDuplicateRecordFields in future releases of GHC.
    |
151 | listTagsForResourceResponse_tags = Lens.lens (\ListTagsForResourceResponse' {tags} -> tags) (\s@ListTagsForResourceResponse' {} a -> s {tags = a} :: ListTagsForResourceResponse) Prelude.. Lens.mapping Lens.coerced
    |                                                                                                                                         ^^^^^^^^
[34 of 50] Compiling Amazonka.ConnectCampaigns.ListCampaigns

gen/Amazonka/ConnectCampaigns/ListCampaigns.hs:98:110: warning: [GHC-02256] [-Wambiguous-fields]
    The record update s {nextToken = a} with type ListCampaigns is ambiguous.
    This will not be supported by -XDuplicateRecordFields in future releases of GHC.
   |
98 | listCampaigns_nextToken = Lens.lens (\ListCampaigns' {nextToken} -> nextToken) (\s@ListCampaigns' {} a -> s {nextToken = a} :: ListCampaigns)
   |                                                                                                              ^^^^^^^^^^^^^

gen/Amazonka/ConnectCampaigns/ListCampaigns.hs:222:134: warning: [GHC-02256] [-Wambiguous-fields]
    The record update s {nextToken = a} with type ListCampaignsResponse is ambiguous.
    This will not be supported by -XDuplicateRecordFields in future releases of GHC.
    |
222 | listCampaignsResponse_nextToken = Lens.lens (\ListCampaignsResponse' {nextToken} -> nextToken) (\s@ListCampaignsResponse' {} a -> s {nextToken = a} :: ListCampaignsResponse)
    |                                                                                                                                      ^^^^^^^^^^^^^
[35 of 50] Compiling Amazonka.ConnectCampaigns.GetInstanceOnboardingJobStatus

gen/Amazonka/ConnectCampaigns/GetInstanceOnboardingJobStatus.hs:79:185: warning: [GHC-02256] [-Wambiguous-fields]
    The record update s {connectInstanceId = a} with type GetInstanceOnboardingJobStatus is ambiguous.
    This will not be supported by -XDuplicateRecordFields in future releases of GHC.
   |
79 | getInstanceOnboardingJobStatus_connectInstanceId = Lens.lens (\GetInstanceOnboardingJobStatus' {connectInstanceId} -> connectInstanceId) (\s@GetInstanceOnboardingJobStatus' {} a -> s {connectInstanceId = a} :: GetInstanceOnboardingJobStatus)
   |                                                                                                                                                                                         ^^^^^^^^^^^^^^^^^^^^^
[36 of 50] Compiling Amazonka.ConnectCampaigns.GetConnectInstanceConfig

gen/Amazonka/ConnectCampaigns/GetConnectInstanceConfig.hs:79:167: warning: [GHC-02256] [-Wambiguous-fields]
    The record update s {connectInstanceId = a} with type GetConnectInstanceConfig is ambiguous.
    This will not be supported by -XDuplicateRecordFields in future releases of GHC.
   |
79 | getConnectInstanceConfig_connectInstanceId = Lens.lens (\GetConnectInstanceConfig' {connectInstanceId} -> connectInstanceId) (\s@GetConnectInstanceConfig' {} a -> s {connectInstanceId = a} :: GetConnectInstanceConfig)
   |                                                                                                                                                                       ^^^^^^^^^^^^^^^^^^^^^
[37 of 50] Compiling Amazonka.ConnectCampaigns.GetCampaignStateBatch
[38 of 50] Compiling Amazonka.ConnectCampaigns.GetCampaignState

gen/Amazonka/ConnectCampaigns/GetCampaignState.hs:76:98: warning: [GHC-02256] [-Wambiguous-fields]
    The record update s {id = a} with type GetCampaignState is ambiguous.
    This will not be supported by -XDuplicateRecordFields in future releases of GHC.
   |
76 | getCampaignState_id = Lens.lens (\GetCampaignState' {id} -> id) (\s@GetCampaignState' {} a -> s {id = a} :: GetCampaignState)
   |                                                                                                  ^^^^^^

gen/Amazonka/ConnectCampaigns/GetCampaignState.hs:151:131: warning: [GHC-02256] [-Wambiguous-fields]
    The record update s {state = a} with type GetCampaignStateResponse is ambiguous.
    This will not be supported by -XDuplicateRecordFields in future releases of GHC.
    |
151 | getCampaignStateResponse_state = Lens.lens (\GetCampaignStateResponse' {state} -> state) (\s@GetCampaignStateResponse' {} a -> s {state = a} :: GetCampaignStateResponse)
    |                                                                                                                                   ^^^^^^^^^
[39 of 50] Compiling Amazonka.ConnectCampaigns.DescribeCampaign

gen/Amazonka/ConnectCampaigns/DescribeCampaign.hs:76:98: warning: [GHC-02256] [-Wambiguous-fields]
    The record update s {id = a} with type DescribeCampaign is ambiguous.
    This will not be supported by -XDuplicateRecordFields in future releases of GHC.
   |
76 | describeCampaign_id = Lens.lens (\DescribeCampaign' {id} -> id) (\s@DescribeCampaign' {} a -> s {id = a} :: DescribeCampaign)
   |                                                                                                  ^^^^^^
[40 of 50] Compiling Amazonka.ConnectCampaigns.DeleteInstanceOnboardingJob

gen/Amazonka/ConnectCampaigns/DeleteInstanceOnboardingJob.hs:76:176: warning: [GHC-02256] [-Wambiguous-fields]
    The record update s {connectInstanceId = a} with type DeleteInstanceOnboardingJob is ambiguous.
    This will not be supported by -XDuplicateRecordFields in future releases of GHC.
   |
76 | deleteInstanceOnboardingJob_connectInstanceId = Lens.lens (\DeleteInstanceOnboardingJob' {connectInstanceId} -> connectInstanceId) (\s@DeleteInstanceOnboardingJob' {} a -> s {connectInstanceId = a} :: DeleteInstanceOnboardingJob)
   |                                                                                                                                                                                ^^^^^^^^^^^^^^^^^^^^^
[41 of 50] Compiling Amazonka.ConnectCampaigns.DeleteConnectInstanceConfig

gen/Amazonka/ConnectCampaigns/DeleteConnectInstanceConfig.hs:75:176: warning: [GHC-02256] [-Wambiguous-fields]
    The record update s {connectInstanceId = a} with type DeleteConnectInstanceConfig is ambiguous.
    This will not be supported by -XDuplicateRecordFields in future releases of GHC.
   |
75 | deleteConnectInstanceConfig_connectInstanceId = Lens.lens (\DeleteConnectInstanceConfig' {connectInstanceId} -> connectInstanceId) (\s@DeleteConnectInstanceConfig' {} a -> s {connectInstanceId = a} :: DeleteConnectInstanceConfig)
   |                                                                                                                                                                                ^^^^^^^^^^^^^^^^^^^^^
[42 of 50] Compiling Amazonka.ConnectCampaigns.DeleteCampaign

gen/Amazonka/ConnectCampaigns/DeleteCampaign.hs:71:92: warning: [GHC-02256] [-Wambiguous-fields]
    The record update s {id = a} with type DeleteCampaign is ambiguous.
    This will not be supported by -XDuplicateRecordFields in future releases of GHC.
   |
71 | deleteCampaign_id = Lens.lens (\DeleteCampaign' {id} -> id) (\s@DeleteCampaign' {} a -> s {id = a} :: DeleteCampaign)
   |                                                                                            ^^^^^^
[43 of 50] Compiling Amazonka.ConnectCampaigns.CreateCampaign

gen/Amazonka/ConnectCampaigns/CreateCampaign.hs:111:98: warning: [GHC-02256] [-Wambiguous-fields]
    The record update s {tags = a} with type CreateCampaign is ambiguous.
    This will not be supported by -XDuplicateRecordFields in future releases of GHC.
    |
111 | createCampaign_tags = Lens.lens (\CreateCampaign' {tags} -> tags) (\s@CreateCampaign' {} a -> s {tags = a} :: CreateCampaign) Prelude.. Lens.mapping Lens.coerced
    |                                                                                                  ^^^^^^^^

gen/Amazonka/ConnectCampaigns/CreateCampaign.hs:115:137: warning: [GHC-02256] [-Wambiguous-fields]
    The record update s {connectInstanceId = a} with type CreateCampaign is ambiguous.
    This will not be supported by -XDuplicateRecordFields in future releases of GHC.
    |
115 | createCampaign_connectInstanceId = Lens.lens (\CreateCampaign' {connectInstanceId} -> connectInstanceId) (\s@CreateCampaign' {} a -> s {connectInstanceId = a} :: CreateCampaign)
    |                                                                                                                                         ^^^^^^^^^^^^^^^^^^^^^

gen/Amazonka/ConnectCampaigns/CreateCampaign.hs:119:122: warning: [GHC-02256] [-Wambiguous-fields]
    The record update s {dialerConfig = a} with type CreateCampaign is ambiguous.
    This will not be supported by -XDuplicateRecordFields in future releases of GHC.
    |
119 | createCampaign_dialerConfig = Lens.lens (\CreateCampaign' {dialerConfig} -> dialerConfig) (\s@CreateCampaign' {} a -> s {dialerConfig = a} :: CreateCampaign)
    |                                                                                                                          ^^^^^^^^^^^^^^^^

gen/Amazonka/ConnectCampaigns/CreateCampaign.hs:123:98: warning: [GHC-02256] [-Wambiguous-fields]
    The record update s {name = a} with type CreateCampaign is ambiguous.
    This will not be supported by -XDuplicateRecordFields in future releases of GHC.
    |
123 | createCampaign_name = Lens.lens (\CreateCampaign' {name} -> name) (\s@CreateCampaign' {} a -> s {name = a} :: CreateCampaign)
    |                                                                                                  ^^^^^^^^

gen/Amazonka/ConnectCampaigns/CreateCampaign.hs:127:140: warning: [GHC-02256] [-Wambiguous-fields]
    The record update s {outboundCallConfig = a} with type CreateCampaign is ambiguous.
    This will not be supported by -XDuplicateRecordFields in future releases of GHC.
    |
127 | createCampaign_outboundCallConfig = Lens.lens (\CreateCampaign' {outboundCallConfig} -> outboundCallConfig) (\s@CreateCampaign' {} a -> s {outboundCallConfig = a} :: CreateCampaign)
    |                                                                                                                                            ^^^^^^^^^^^^^^^^^^^^^^

gen/Amazonka/ConnectCampaigns/CreateCampaign.hs:234:119: warning: [GHC-02256] [-Wambiguous-fields]
    The record update s {arn = a} with type CreateCampaignResponse is ambiguous.
    This will not be supported by -XDuplicateRecordFields in future releases of GHC.
    |
234 | createCampaignResponse_arn = Lens.lens (\CreateCampaignResponse' {arn} -> arn) (\s@CreateCampaignResponse' {} a -> s {arn = a} :: CreateCampaignResponse)
    |                                                                                                                       ^^^^^^^

gen/Amazonka/ConnectCampaigns/CreateCampaign.hs:238:116: warning: [GHC-02256] [-Wambiguous-fields]
    The record update s {id = a} with type CreateCampaignResponse is ambiguous.
    This will not be supported by -XDuplicateRecordFields in future releases of GHC.
    |
238 | createCampaignResponse_id = Lens.lens (\CreateCampaignResponse' {id} -> id) (\s@CreateCampaignResponse' {} a -> s {id = a} :: CreateCampaignResponse)
    |                                                                                                                    ^^^^^^

gen/Amazonka/ConnectCampaigns/CreateCampaign.hs:242:122: warning: [GHC-02256] [-Wambiguous-fields]
    The record update s {tags = a} with type CreateCampaignResponse is ambiguous.
    This will not be supported by -XDuplicateRecordFields in future releases of GHC.
    |
242 | createCampaignResponse_tags = Lens.lens (\CreateCampaignResponse' {tags} -> tags) (\s@CreateCampaignResponse' {} a -> s {tags = a} :: CreateCampaignResponse) Prelude.. Lens.mapping Lens.coerced
    |                                                                                                                          ^^^^^^^^
[44 of 50] Compiling Amazonka.ConnectCampaigns.UntagResource

gen/Amazonka/ConnectCampaigns/UntagResource.hs:79:92: warning: [GHC-02256] [-Wambiguous-fields]
    The record update s {arn = a} with type UntagResource is ambiguous.
    This will not be supported by -XDuplicateRecordFields in future releases of GHC.
   |
79 | untagResource_arn = Lens.lens (\UntagResource' {arn} -> arn) (\s@UntagResource' {} a -> s {arn = a} :: UntagResource)
   |                                                                                            ^^^^^^^
[45 of 50] Compiling Amazonka.ConnectCampaigns.UpdateCampaignDialerConfig

gen/Amazonka/ConnectCampaigns/UpdateCampaignDialerConfig.hs:82:158: warning: [GHC-02256] [-Wambiguous-fields]
    The record update s {dialerConfig = a} with type UpdateCampaignDialerConfig is ambiguous.
    This will not be supported by -XDuplicateRecordFields in future releases of GHC.
   |
82 | updateCampaignDialerConfig_dialerConfig = Lens.lens (\UpdateCampaignDialerConfig' {dialerConfig} -> dialerConfig) (\s@UpdateCampaignDialerConfig' {} a -> s {dialerConfig = a} :: UpdateCampaignDialerConfig)
   |                                                                                                                                                              ^^^^^^^^^^^^^^^^

gen/Amazonka/ConnectCampaigns/UpdateCampaignDialerConfig.hs:86:128: warning: [GHC-02256] [-Wambiguous-fields]
    The record update s {id = a} with type UpdateCampaignDialerConfig is ambiguous.
    This will not be supported by -XDuplicateRecordFields in future releases of GHC.
   |
86 | updateCampaignDialerConfig_id = Lens.lens (\UpdateCampaignDialerConfig' {id} -> id) (\s@UpdateCampaignDialerConfig' {} a -> s {id = a} :: UpdateCampaignDialerConfig)
   |                                                                                                                                ^^^^^^
[46 of 50] Compiling Amazonka.ConnectCampaigns.UpdateCampaignName

gen/Amazonka/ConnectCampaigns/UpdateCampaignName.hs:78:104: warning: [GHC-02256] [-Wambiguous-fields]
    The record update s {id = a} with type UpdateCampaignName is ambiguous.
    This will not be supported by -XDuplicateRecordFields in future releases of GHC.
   |
78 | updateCampaignName_id = Lens.lens (\UpdateCampaignName' {id} -> id) (\s@UpdateCampaignName' {} a -> s {id = a} :: UpdateCampaignName)
   |                                                                                                        ^^^^^^

gen/Amazonka/ConnectCampaigns/UpdateCampaignName.hs:82:110: warning: [GHC-02256] [-Wambiguous-fields]
    The record update s {name = a} with type UpdateCampaignName is ambiguous.
    This will not be supported by -XDuplicateRecordFields in future releases of GHC.
   |
82 | updateCampaignName_name = Lens.lens (\UpdateCampaignName' {name} -> name) (\s@UpdateCampaignName' {} a -> s {name = a} :: UpdateCampaignName)
   |                                                                                                              ^^^^^^^^
[47 of 50] Compiling Amazonka.ConnectCampaigns.UpdateCampaignOutboundCallConfig

gen/Amazonka/ConnectCampaigns/UpdateCampaignOutboundCallConfig.hs:91:224: warning: [GHC-02256] [-Wambiguous-fields]
    The record update s {answerMachineDetectionConfig = a} with type UpdateCampaignOutboundCallConfig is ambiguous.
    This will not be supported by -XDuplicateRecordFields in future releases of GHC.
   |
91 | updateCampaignOutboundCallConfig_answerMachineDetectionConfig = Lens.lens (\UpdateCampaignOutboundCallConfig' {answerMachineDetectionConfig} -> answerMachineDetectionConfig) (\s@UpdateCampaignOutboundCallConfig' {} a -> s {answerMachineDetectionConfig = a} :: UpdateCampaignOutboundCallConfig)
   |                                                                                                                                                                                                                                ^^^^^^^^^^^^^^^^^^^^^^^^^^^^^^^^

gen/Amazonka/ConnectCampaigns/UpdateCampaignOutboundCallConfig.hs:95:200: warning: [GHC-02256] [-Wambiguous-fields]
    The record update s {connectContactFlowId = a} with type UpdateCampaignOutboundCallConfig is ambiguous.
    This will not be supported by -XDuplicateRecordFields in future releases of GHC.
   |
95 | updateCampaignOutboundCallConfig_connectContactFlowId = Lens.lens (\UpdateCampaignOutboundCallConfig' {connectContactFlowId} -> connectContactFlowId) (\s@UpdateCampaignOutboundCallConfig' {} a -> s {connectContactFlowId = a} :: UpdateCampaignOutboundCallConfig)
   |                                                                                                                                                                                                        ^^^^^^^^^^^^^^^^^^^^^^^^

gen/Amazonka/ConnectCampaigns/UpdateCampaignOutboundCallConfig.hs:99:212: warning: [GHC-02256] [-Wambiguous-fields]
    The record update s {connectSourcePhoneNumber = a} with type UpdateCampaignOutboundCallConfig is ambiguous.
    This will not be supported by -XDuplicateRecordFields in future releases of GHC.
   |
99 | updateCampaignOutboundCallConfig_connectSourcePhoneNumber = Lens.lens (\UpdateCampaignOutboundCallConfig' {connectSourcePhoneNumber} -> connectSourcePhoneNumber) (\s@UpdateCampaignOutboundCallConfig' {} a -> s {connectSourcePhoneNumber = a} :: UpdateCampaignOutboundCallConfig)
   |                                                                                                                                                                                                                    ^^^^^^^^^^^^^^^^^^^^^^^^^^^^

gen/Amazonka/ConnectCampaigns/UpdateCampaignOutboundCallConfig.hs:103:146: warning: [GHC-02256] [-Wambiguous-fields]
    The record update s {id = a} with type UpdateCampaignOutboundCallConfig is ambiguous.
    This will not be supported by -XDuplicateRecordFields in future releases of GHC.
    |
103 | updateCampaignOutboundCallConfig_id = Lens.lens (\UpdateCampaignOutboundCallConfig' {id} -> id) (\s@UpdateCampaignOutboundCallConfig' {} a -> s {id = a} :: UpdateCampaignOutboundCallConfig)
    |                                                                                                                                                  ^^^^^^
[48 of 50] Compiling Amazonka.ConnectCampaigns.Lens
[49 of 50] Compiling Amazonka.ConnectCampaigns.Waiters
[50 of 50] Compiling Amazonka.ConnectCampaigns
Configuring test suite 'amazonka-connectcampaigns-test' for amazonka-connectcampaigns-2.0...
Preprocessing test suite 'amazonka-connectcampaigns-test' for amazonka-connectcampaigns-2.0...
Building test suite 'amazonka-connectcampaigns-test' for amazonka-connectcampaigns-2.0...
[1 of 4] Compiling Test.Amazonka.ConnectCampaigns
[2 of 4] Compiling Test.Amazonka.ConnectCampaigns.Internal
[3 of 4] Compiling Main
[4 of 4] Compiling Test.Amazonka.Gen.ConnectCampaigns
[5 of 5] Linking /tmp/workdir-amazonka-connectcampaigns/amazonka-connectcampaigns-2.0/dist-newstyle/build/x86_64-linux/ghc-9.6.6/amazonka-connectcampaigns-2.0/t/amazonka-connectcampaigns-test/build/amazonka-connectcampaigns-test/amazonka-connectcampaigns-test
