Build profile: -w ghc-9.6.6 -O1
In order, the following will be built (use -v for more details):
 - servant-foreign-0.16.1 (lib) (first run)
 - servant-foreign-0.16.1 (test:spec) (first run)
Configuring library for servant-foreign-0.16.1...
Preprocessing library for servant-foreign-0.16.1...
Building library for servant-foreign-0.16.1...
[1 of 3] Compiling Servant.Foreign.Internal
[2 of 3] Compiling Servant.Foreign.Inflections
[3 of 3] Compiling Servant.Foreign
Configuring test suite 'spec' for servant-foreign-0.16.1...
Preprocessing test suite 'spec' for servant-foreign-0.16.1...
Building test suite 'spec' for servant-foreign-0.16.1...
[1 of 2] Compiling Servant.ForeignSpec

test/Servant/ForeignSpec.hs:85:7: warning: [GHC-62161] [-Wincomplete-uni-patterns]
    Pattern match(es) are non-exhaustive
    In a pattern binding:
        Patterns of type ‘[Req String]’ not matched:
            []
            [_]
            [_, _]
            [_, _, _]
            ...
   |
85 |   let [getReq, postReq, putReq, deleteReq, captureAllReq] = testApi
   |       ^^^^^^^^^^^^^^^^^^^^^^^^^^^^^^^^^^^^^^^^^^^^^^^^^^^^^^^^^^^^^
[2 of 2] Compiling Main
[3 of 3] Linking /tmp/workdir-servant-foreign/servant-foreign-0.16.1/dist-newstyle/build/x86_64-linux/ghc-9.6.6/servant-foreign-0.16.1/t/spec/build/spec/spec
