Build profile: -w ghc-9.6.6 -O1
In order, the following will be built (use -v for more details):
 - amazonka-budgets-2.0 (lib) (first run)
 - amazonka-budgets-2.0 (test:amazonka-budgets-test) (first run)
Configuring library for amazonka-budgets-2.0...
Preprocessing library for amazonka-budgets-2.0...
Building library for amazonka-budgets-2.0...
[ 1 of 62] Compiling Amazonka.Budgets.Types.ActionStatus
[ 2 of 62] Compiling Amazonka.Budgets.Types.ActionSubType
[ 3 of 62] Compiling Amazonka.Budgets.Types.ActionType
[ 4 of 62] Compiling Amazonka.Budgets.Types.ApprovalModel
[ 5 of 62] Compiling Amazonka.Budgets.Types.AutoAdjustType
[ 6 of 62] Compiling Amazonka.Budgets.Types.BudgetType
[ 7 of 62] Compiling Amazonka.Budgets.Types.ComparisonOperator
[ 8 of 62] Compiling Amazonka.Budgets.Types.CostTypes
[ 9 of 62] Compiling Amazonka.Budgets.Types.EventType
[10 of 62] Compiling Amazonka.Budgets.Types.ExecutionType
[11 of 62] Compiling Amazonka.Budgets.Types.HistoricalOptions
[12 of 62] Compiling Amazonka.Budgets.Types.AutoAdjustData
[13 of 62] Compiling Amazonka.Budgets.Types.IamActionDefinition
[14 of 62] Compiling Amazonka.Budgets.Types.NotificationState
[15 of 62] Compiling Amazonka.Budgets.Types.NotificationType
[16 of 62] Compiling Amazonka.Budgets.Types.ScpActionDefinition
[17 of 62] Compiling Amazonka.Budgets.Types.Spend
[18 of 62] Compiling Amazonka.Budgets.Types.CalculatedSpend
[19 of 62] Compiling Amazonka.Budgets.Types.SsmActionDefinition
[20 of 62] Compiling Amazonka.Budgets.Types.Definition
[21 of 62] Compiling Amazonka.Budgets.Types.SubscriptionType
[22 of 62] Compiling Amazonka.Budgets.Types.Subscriber
[23 of 62] Compiling Amazonka.Budgets.Types.ThresholdType
[24 of 62] Compiling Amazonka.Budgets.Types.Notification
[25 of 62] Compiling Amazonka.Budgets.Types.NotificationWithSubscribers
[26 of 62] Compiling Amazonka.Budgets.Types.BudgetNotificationsForAccount
[27 of 62] Compiling Amazonka.Budgets.Types.ActionThreshold
[28 of 62] Compiling Amazonka.Budgets.Types.Action
[29 of 62] Compiling Amazonka.Budgets.Types.ActionHistoryDetails
[30 of 62] Compiling Amazonka.Budgets.Types.ActionHistory
[31 of 62] Compiling Amazonka.Budgets.Types.TimePeriod
[32 of 62] Compiling Amazonka.Budgets.Types.BudgetedAndActualAmounts
[33 of 62] Compiling Amazonka.Budgets.Types.TimeUnit
[34 of 62] Compiling Amazonka.Budgets.Types.BudgetPerformanceHistory
[35 of 62] Compiling Amazonka.Budgets.Types.Budget
[36 of 62] Compiling Amazonka.Budgets.Types
[37 of 62] Compiling Amazonka.Budgets.ExecuteBudgetAction

gen/Amazonka/Budgets/ExecuteBudgetAction.hs:106:128: warning: [GHC-02256] [-Wambiguous-fields]
    The record update s {accountId = a} with type ExecuteBudgetAction is ambiguous.
    This will not be supported by -XDuplicateRecordFields in future releases of GHC.
    |
106 | executeBudgetAction_accountId = Lens.lens (\ExecuteBudgetAction' {accountId} -> accountId) (\s@ExecuteBudgetAction' {} a -> s {accountId = a} :: ExecuteBudgetAction)
    |                                                                                                                                ^^^^^^^^^^^^^

gen/Amazonka/Budgets/ExecuteBudgetAction.hs:110:131: warning: [GHC-02256] [-Wambiguous-fields]
    The record update s {budgetName = a} with type ExecuteBudgetAction is ambiguous.
    This will not be supported by -XDuplicateRecordFields in future releases of GHC.
    |
110 | executeBudgetAction_budgetName = Lens.lens (\ExecuteBudgetAction' {budgetName} -> budgetName) (\s@ExecuteBudgetAction' {} a -> s {budgetName = a} :: ExecuteBudgetAction)
    |                                                                                                                                   ^^^^^^^^^^^^^^

gen/Amazonka/Budgets/ExecuteBudgetAction.hs:114:125: warning: [GHC-02256] [-Wambiguous-fields]
    The record update s {actionId = a} with type ExecuteBudgetAction is ambiguous.
    This will not be supported by -XDuplicateRecordFields in future releases of GHC.
    |
114 | executeBudgetAction_actionId = Lens.lens (\ExecuteBudgetAction' {actionId} -> actionId) (\s@ExecuteBudgetAction' {} a -> s {actionId = a} :: ExecuteBudgetAction)
    |                                                                                                                             ^^^^^^^^^^^^

gen/Amazonka/Budgets/ExecuteBudgetAction.hs:118:140: warning: [GHC-02256] [-Wambiguous-fields]
    The record update s {executionType = a} with type ExecuteBudgetAction is ambiguous.
    This will not be supported by -XDuplicateRecordFields in future releases of GHC.
    |
118 | executeBudgetAction_executionType = Lens.lens (\ExecuteBudgetAction' {executionType} -> executionType) (\s@ExecuteBudgetAction' {} a -> s {executionType = a} :: ExecuteBudgetAction)
    |                                                                                                                                            ^^^^^^^^^^^^^^^^^

gen/Amazonka/Budgets/ExecuteBudgetAction.hs:248:152: warning: [GHC-02256] [-Wambiguous-fields]
    The record update s {accountId = a} with type ExecuteBudgetActionResponse is ambiguous.
    This will not be supported by -XDuplicateRecordFields in future releases of GHC.
    |
248 | executeBudgetActionResponse_accountId = Lens.lens (\ExecuteBudgetActionResponse' {accountId} -> accountId) (\s@ExecuteBudgetActionResponse' {} a -> s {accountId = a} :: ExecuteBudgetActionResponse)
    |                                                                                                                                                        ^^^^^^^^^^^^^

gen/Amazonka/Budgets/ExecuteBudgetAction.hs:252:155: warning: [GHC-02256] [-Wambiguous-fields]
    The record update s {budgetName = a} with type ExecuteBudgetActionResponse is ambiguous.
    This will not be supported by -XDuplicateRecordFields in future releases of GHC.
    |
252 | executeBudgetActionResponse_budgetName = Lens.lens (\ExecuteBudgetActionResponse' {budgetName} -> budgetName) (\s@ExecuteBudgetActionResponse' {} a -> s {budgetName = a} :: ExecuteBudgetActionResponse)
    |                                                                                                                                                           ^^^^^^^^^^^^^^

gen/Amazonka/Budgets/ExecuteBudgetAction.hs:256:149: warning: [GHC-02256] [-Wambiguous-fields]
    The record update s {actionId = a} with type ExecuteBudgetActionResponse is ambiguous.
    This will not be supported by -XDuplicateRecordFields in future releases of GHC.
    |
256 | executeBudgetActionResponse_actionId = Lens.lens (\ExecuteBudgetActionResponse' {actionId} -> actionId) (\s@ExecuteBudgetActionResponse' {} a -> s {actionId = a} :: ExecuteBudgetActionResponse)
    |                                                                                                                                                     ^^^^^^^^^^^^

gen/Amazonka/Budgets/ExecuteBudgetAction.hs:260:164: warning: [GHC-02256] [-Wambiguous-fields]
    The record update s {executionType = a} with type ExecuteBudgetActionResponse is ambiguous.
    This will not be supported by -XDuplicateRecordFields in future releases of GHC.
    |
260 | executeBudgetActionResponse_executionType = Lens.lens (\ExecuteBudgetActionResponse' {executionType} -> executionType) (\s@ExecuteBudgetActionResponse' {} a -> s {executionType = a} :: ExecuteBudgetActionResponse)
    |                                                                                                                                                                    ^^^^^^^^^^^^^^^^^
[38 of 62] Compiling Amazonka.Budgets.DescribeSubscribersForNotification

gen/Amazonka/Budgets/DescribeSubscribersForNotification.hs:126:173: warning: [GHC-02256] [-Wambiguous-fields]
    The record update s {nextToken = a} with type DescribeSubscribersForNotification is ambiguous.
    This will not be supported by -XDuplicateRecordFields in future releases of GHC.
    |
126 | describeSubscribersForNotification_nextToken = Lens.lens (\DescribeSubscribersForNotification' {nextToken} -> nextToken) (\s@DescribeSubscribersForNotification' {} a -> s {nextToken = a} :: DescribeSubscribersForNotification)
    |                                                                                                                                                                             ^^^^^^^^^^^^^

gen/Amazonka/Budgets/DescribeSubscribersForNotification.hs:135:176: warning: [GHC-02256] [-Wambiguous-fields]
    The record update s {budgetName = a} with type DescribeSubscribersForNotification is ambiguous.
    This will not be supported by -XDuplicateRecordFields in future releases of GHC.
    |
135 | describeSubscribersForNotification_budgetName = Lens.lens (\DescribeSubscribersForNotification' {budgetName} -> budgetName) (\s@DescribeSubscribersForNotification' {} a -> s {budgetName = a} :: DescribeSubscribersForNotification)
    |                                                                                                                                                                                ^^^^^^^^^^^^^^

gen/Amazonka/Budgets/DescribeSubscribersForNotification.hs:139:182: warning: [GHC-02256] [-Wambiguous-fields]
    The record update s {notification = a} with type DescribeSubscribersForNotification is ambiguous.
    This will not be supported by -XDuplicateRecordFields in future releases of GHC.
    |
139 | describeSubscribersForNotification_notification = Lens.lens (\DescribeSubscribersForNotification' {notification} -> notification) (\s@DescribeSubscribersForNotification' {} a -> s {notification = a} :: DescribeSubscribersForNotification)
    |                                                                                                                                                                                      ^^^^^^^^^^^^^^^^

gen/Amazonka/Budgets/DescribeSubscribersForNotification.hs:299:197: warning: [GHC-02256] [-Wambiguous-fields]
    The record update s {nextToken = a} with type DescribeSubscribersForNotificationResponse is ambiguous.
    This will not be supported by -XDuplicateRecordFields in future releases of GHC.
    |
299 | describeSubscribersForNotificationResponse_nextToken = Lens.lens (\DescribeSubscribersForNotificationResponse' {nextToken} -> nextToken) (\s@DescribeSubscribersForNotificationResponse' {} a -> s {nextToken = a} :: DescribeSubscribersForNotificationResponse)
    |                                                                                                                                                                                                     ^^^^^^^^^^^^^

gen/Amazonka/Budgets/DescribeSubscribersForNotification.hs:303:203: warning: [GHC-02256] [-Wambiguous-fields]
    The record update s {subscribers = a} with type DescribeSubscribersForNotificationResponse is ambiguous.
    This will not be supported by -XDuplicateRecordFields in future releases of GHC.
    |
303 | describeSubscribersForNotificationResponse_subscribers = Lens.lens (\DescribeSubscribersForNotificationResponse' {subscribers} -> subscribers) (\s@DescribeSubscribersForNotificationResponse' {} a -> s {subscribers = a} :: DescribeSubscribersForNotificationResponse) Prelude.. Lens.mapping Lens.coerced
    |                                                                                                                                                                                                           ^^^^^^^^^^^^^^^
[39 of 62] Compiling Amazonka.Budgets.DescribeNotificationsForBudget

gen/Amazonka/Budgets/DescribeNotificationsForBudget.hs:117:161: warning: [GHC-02256] [-Wambiguous-fields]
    The record update s {nextToken = a} with type DescribeNotificationsForBudget is ambiguous.
    This will not be supported by -XDuplicateRecordFields in future releases of GHC.
    |
117 | describeNotificationsForBudget_nextToken = Lens.lens (\DescribeNotificationsForBudget' {nextToken} -> nextToken) (\s@DescribeNotificationsForBudget' {} a -> s {nextToken = a} :: DescribeNotificationsForBudget)
    |                                                                                                                                                                 ^^^^^^^^^^^^^

gen/Amazonka/Budgets/DescribeNotificationsForBudget.hs:126:164: warning: [GHC-02256] [-Wambiguous-fields]
    The record update s {budgetName = a} with type DescribeNotificationsForBudget is ambiguous.
    This will not be supported by -XDuplicateRecordFields in future releases of GHC.
    |
126 | describeNotificationsForBudget_budgetName = Lens.lens (\DescribeNotificationsForBudget' {budgetName} -> budgetName) (\s@DescribeNotificationsForBudget' {} a -> s {budgetName = a} :: DescribeNotificationsForBudget)
    |                                                                                                                                                                    ^^^^^^^^^^^^^^

gen/Amazonka/Budgets/DescribeNotificationsForBudget.hs:270:185: warning: [GHC-02256] [-Wambiguous-fields]
    The record update s {nextToken = a} with type DescribeNotificationsForBudgetResponse is ambiguous.
    This will not be supported by -XDuplicateRecordFields in future releases of GHC.
    |
270 | describeNotificationsForBudgetResponse_nextToken = Lens.lens (\DescribeNotificationsForBudgetResponse' {nextToken} -> nextToken) (\s@DescribeNotificationsForBudgetResponse' {} a -> s {nextToken = a} :: DescribeNotificationsForBudgetResponse)
    |                                                                                                                                                                                         ^^^^^^^^^^^^^

gen/Amazonka/Budgets/DescribeNotificationsForBudget.hs:274:197: warning: [GHC-02256] [-Wambiguous-fields]
    The record update s {notifications = a} with type DescribeNotificationsForBudgetResponse is ambiguous.
    This will not be supported by -XDuplicateRecordFields in future releases of GHC.
    |
274 | describeNotificationsForBudgetResponse_notifications = Lens.lens (\DescribeNotificationsForBudgetResponse' {notifications} -> notifications) (\s@DescribeNotificationsForBudgetResponse' {} a -> s {notifications = a} :: DescribeNotificationsForBudgetResponse) Prelude.. Lens.mapping Lens.coerced
    |                                                                                                                                                                                                     ^^^^^^^^^^^^^^^^^
[40 of 62] Compiling Amazonka.Budgets.DescribeBudgets

gen/Amazonka/Budgets/DescribeBudgets.hs:111:116: warning: [GHC-02256] [-Wambiguous-fields]
    The record update s {nextToken = a} with type DescribeBudgets is ambiguous.
    This will not be supported by -XDuplicateRecordFields in future releases of GHC.
    |
111 | describeBudgets_nextToken = Lens.lens (\DescribeBudgets' {nextToken} -> nextToken) (\s@DescribeBudgets' {} a -> s {nextToken = a} :: DescribeBudgets)
    |                                                                                                                    ^^^^^^^^^^^^^

gen/Amazonka/Budgets/DescribeBudgets.hs:245:140: warning: [GHC-02256] [-Wambiguous-fields]
    The record update s {nextToken = a} with type DescribeBudgetsResponse is ambiguous.
    This will not be supported by -XDuplicateRecordFields in future releases of GHC.
    |
245 | describeBudgetsResponse_nextToken = Lens.lens (\DescribeBudgetsResponse' {nextToken} -> nextToken) (\s@DescribeBudgetsResponse' {} a -> s {nextToken = a} :: DescribeBudgetsResponse)
    |                                                                                                                                            ^^^^^^^^^^^^^
[41 of 62] Compiling Amazonka.Budgets.DescribeBudgetPerformanceHistory

gen/Amazonka/Budgets/DescribeBudgetPerformanceHistory.hs:112:167: warning: [GHC-02256] [-Wambiguous-fields]
    The record update s {nextToken = a} with type DescribeBudgetPerformanceHistory is ambiguous.
    This will not be supported by -XDuplicateRecordFields in future releases of GHC.
    |
112 | describeBudgetPerformanceHistory_nextToken = Lens.lens (\DescribeBudgetPerformanceHistory' {nextToken} -> nextToken) (\s@DescribeBudgetPerformanceHistory' {} a -> s {nextToken = a} :: DescribeBudgetPerformanceHistory)
    |                                                                                                                                                                       ^^^^^^^^^^^^^

gen/Amazonka/Budgets/DescribeBudgetPerformanceHistory.hs:117:170: warning: [GHC-02256] [-Wambiguous-fields]
    The record update s {timePeriod = a} with type DescribeBudgetPerformanceHistory is ambiguous.
    This will not be supported by -XDuplicateRecordFields in future releases of GHC.
    |
117 | describeBudgetPerformanceHistory_timePeriod = Lens.lens (\DescribeBudgetPerformanceHistory' {timePeriod} -> timePeriod) (\s@DescribeBudgetPerformanceHistory' {} a -> s {timePeriod = a} :: DescribeBudgetPerformanceHistory)
    |                                                                                                                                                                          ^^^^^^^^^^^^^^

gen/Amazonka/Budgets/DescribeBudgetPerformanceHistory.hs:125:170: warning: [GHC-02256] [-Wambiguous-fields]
    The record update s {budgetName = a} with type DescribeBudgetPerformanceHistory is ambiguous.
    This will not be supported by -XDuplicateRecordFields in future releases of GHC.
    |
125 | describeBudgetPerformanceHistory_budgetName = Lens.lens (\DescribeBudgetPerformanceHistory' {budgetName} -> budgetName) (\s@DescribeBudgetPerformanceHistory' {} a -> s {budgetName = a} :: DescribeBudgetPerformanceHistory)
    |                                                                                                                                                                          ^^^^^^^^^^^^^^

gen/Amazonka/Budgets/DescribeBudgetPerformanceHistory.hs:294:191: warning: [GHC-02256] [-Wambiguous-fields]
    The record update s {nextToken = a} with type DescribeBudgetPerformanceHistoryResponse is ambiguous.
    This will not be supported by -XDuplicateRecordFields in future releases of GHC.
    |
294 | describeBudgetPerformanceHistoryResponse_nextToken = Lens.lens (\DescribeBudgetPerformanceHistoryResponse' {nextToken} -> nextToken) (\s@DescribeBudgetPerformanceHistoryResponse' {} a -> s {nextToken = a} :: DescribeBudgetPerformanceHistoryResponse)
    |                                                                                                                                                                                               ^^^^^^^^^^^^^
[42 of 62] Compiling Amazonka.Budgets.DescribeBudgetNotificationsForAccount

gen/Amazonka/Budgets/DescribeBudgetNotificationsForAccount.hs:99:182: warning: [GHC-02256] [-Wambiguous-fields]
    The record update s {nextToken = a} with type DescribeBudgetNotificationsForAccount is ambiguous.
    This will not be supported by -XDuplicateRecordFields in future releases of GHC.
   |
99 | describeBudgetNotificationsForAccount_nextToken = Lens.lens (\DescribeBudgetNotificationsForAccount' {nextToken} -> nextToken) (\s@DescribeBudgetNotificationsForAccount' {} a -> s {nextToken = a} :: DescribeBudgetNotificationsForAccount)
   |                                                                                                                                                                                      ^^^^^^^^^^^^^

gen/Amazonka/Budgets/DescribeBudgetNotificationsForAccount.hs:258:206: warning: [GHC-02256] [-Wambiguous-fields]
    The record update s {nextToken = a} with type DescribeBudgetNotificationsForAccountResponse is ambiguous.
    This will not be supported by -XDuplicateRecordFields in future releases of GHC.
    |
258 | describeBudgetNotificationsForAccountResponse_nextToken = Lens.lens (\DescribeBudgetNotificationsForAccountResponse' {nextToken} -> nextToken) (\s@DescribeBudgetNotificationsForAccountResponse' {} a -> s {nextToken = a} :: DescribeBudgetNotificationsForAccountResponse)
    |                                                                                                                                                                                                              ^^^^^^^^^^^^^
[43 of 62] Compiling Amazonka.Budgets.DescribeBudgetActionsForBudget

gen/Amazonka/Budgets/DescribeBudgetActionsForBudget.hs:103:161: warning: [GHC-02256] [-Wambiguous-fields]
    The record update s {nextToken = a} with type DescribeBudgetActionsForBudget is ambiguous.
    This will not be supported by -XDuplicateRecordFields in future releases of GHC.
    |
103 | describeBudgetActionsForBudget_nextToken = Lens.lens (\DescribeBudgetActionsForBudget' {nextToken} -> nextToken) (\s@DescribeBudgetActionsForBudget' {} a -> s {nextToken = a} :: DescribeBudgetActionsForBudget)
    |                                                                                                                                                                 ^^^^^^^^^^^^^

gen/Amazonka/Budgets/DescribeBudgetActionsForBudget.hs:111:164: warning: [GHC-02256] [-Wambiguous-fields]
    The record update s {budgetName = a} with type DescribeBudgetActionsForBudget is ambiguous.
    This will not be supported by -XDuplicateRecordFields in future releases of GHC.
    |
111 | describeBudgetActionsForBudget_budgetName = Lens.lens (\DescribeBudgetActionsForBudget' {budgetName} -> budgetName) (\s@DescribeBudgetActionsForBudget' {} a -> s {budgetName = a} :: DescribeBudgetActionsForBudget)
    |                                                                                                                                                                    ^^^^^^^^^^^^^^

gen/Amazonka/Budgets/DescribeBudgetActionsForBudget.hs:248:185: warning: [GHC-02256] [-Wambiguous-fields]
    The record update s {nextToken = a} with type DescribeBudgetActionsForBudgetResponse is ambiguous.
    This will not be supported by -XDuplicateRecordFields in future releases of GHC.
    |
248 | describeBudgetActionsForBudgetResponse_nextToken = Lens.lens (\DescribeBudgetActionsForBudgetResponse' {nextToken} -> nextToken) (\s@DescribeBudgetActionsForBudgetResponse' {} a -> s {nextToken = a} :: DescribeBudgetActionsForBudgetResponse)
    |                                                                                                                                                                                         ^^^^^^^^^^^^^
[44 of 62] Compiling Amazonka.Budgets.DescribeBudgetActionsForAccount

gen/Amazonka/Budgets/DescribeBudgetActionsForAccount.hs:94:164: warning: [GHC-02256] [-Wambiguous-fields]
    The record update s {nextToken = a} with type DescribeBudgetActionsForAccount is ambiguous.
    This will not be supported by -XDuplicateRecordFields in future releases of GHC.
   |
94 | describeBudgetActionsForAccount_nextToken = Lens.lens (\DescribeBudgetActionsForAccount' {nextToken} -> nextToken) (\s@DescribeBudgetActionsForAccount' {} a -> s {nextToken = a} :: DescribeBudgetActionsForAccount)
   |                                                                                                                                                                    ^^^^^^^^^^^^^

gen/Amazonka/Budgets/DescribeBudgetActionsForAccount.hs:235:188: warning: [GHC-02256] [-Wambiguous-fields]
    The record update s {nextToken = a} with type DescribeBudgetActionsForAccountResponse is ambiguous.
    This will not be supported by -XDuplicateRecordFields in future releases of GHC.
    |
235 | describeBudgetActionsForAccountResponse_nextToken = Lens.lens (\DescribeBudgetActionsForAccountResponse' {nextToken} -> nextToken) (\s@DescribeBudgetActionsForAccountResponse' {} a -> s {nextToken = a} :: DescribeBudgetActionsForAccountResponse)
    |                                                                                                                                                                                            ^^^^^^^^^^^^^
[45 of 62] Compiling Amazonka.Budgets.DescribeBudgetActionHistories

gen/Amazonka/Budgets/DescribeBudgetActionHistories.hs:117:158: warning: [GHC-02256] [-Wambiguous-fields]
    The record update s {nextToken = a} with type DescribeBudgetActionHistories is ambiguous.
    This will not be supported by -XDuplicateRecordFields in future releases of GHC.
    |
117 | describeBudgetActionHistories_nextToken = Lens.lens (\DescribeBudgetActionHistories' {nextToken} -> nextToken) (\s@DescribeBudgetActionHistories' {} a -> s {nextToken = a} :: DescribeBudgetActionHistories)
    |                                                                                                                                                              ^^^^^^^^^^^^^

gen/Amazonka/Budgets/DescribeBudgetActionHistories.hs:121:161: warning: [GHC-02256] [-Wambiguous-fields]
    The record update s {timePeriod = a} with type DescribeBudgetActionHistories is ambiguous.
    This will not be supported by -XDuplicateRecordFields in future releases of GHC.
    |
121 | describeBudgetActionHistories_timePeriod = Lens.lens (\DescribeBudgetActionHistories' {timePeriod} -> timePeriod) (\s@DescribeBudgetActionHistories' {} a -> s {timePeriod = a} :: DescribeBudgetActionHistories)
    |                                                                                                                                                                 ^^^^^^^^^^^^^^

gen/Amazonka/Budgets/DescribeBudgetActionHistories.hs:129:161: warning: [GHC-02256] [-Wambiguous-fields]
    The record update s {budgetName = a} with type DescribeBudgetActionHistories is ambiguous.
    This will not be supported by -XDuplicateRecordFields in future releases of GHC.
    |
129 | describeBudgetActionHistories_budgetName = Lens.lens (\DescribeBudgetActionHistories' {budgetName} -> budgetName) (\s@DescribeBudgetActionHistories' {} a -> s {budgetName = a} :: DescribeBudgetActionHistories)
    |                                                                                                                                                                 ^^^^^^^^^^^^^^

gen/Amazonka/Budgets/DescribeBudgetActionHistories.hs:133:155: warning: [GHC-02256] [-Wambiguous-fields]
    The record update s {actionId = a} with type DescribeBudgetActionHistories is ambiguous.
    This will not be supported by -XDuplicateRecordFields in future releases of GHC.
    |
133 | describeBudgetActionHistories_actionId = Lens.lens (\DescribeBudgetActionHistories' {actionId} -> actionId) (\s@DescribeBudgetActionHistories' {} a -> s {actionId = a} :: DescribeBudgetActionHistories)
    |                                                                                                                                                           ^^^^^^^^^^^^

gen/Amazonka/Budgets/DescribeBudgetActionHistories.hs:270:182: warning: [GHC-02256] [-Wambiguous-fields]
    The record update s {nextToken = a} with type DescribeBudgetActionHistoriesResponse is ambiguous.
    This will not be supported by -XDuplicateRecordFields in future releases of GHC.
    |
270 | describeBudgetActionHistoriesResponse_nextToken = Lens.lens (\DescribeBudgetActionHistoriesResponse' {nextToken} -> nextToken) (\s@DescribeBudgetActionHistoriesResponse' {} a -> s {nextToken = a} :: DescribeBudgetActionHistoriesResponse)
    |                                                                                                                                                                                      ^^^^^^^^^^^^^
[46 of 62] Compiling Amazonka.Budgets.DescribeBudgetAction

gen/Amazonka/Budgets/DescribeBudgetAction.hs:96:131: warning: [GHC-02256] [-Wambiguous-fields]
    The record update s {accountId = a} with type DescribeBudgetAction is ambiguous.
    This will not be supported by -XDuplicateRecordFields in future releases of GHC.
   |
96 | describeBudgetAction_accountId = Lens.lens (\DescribeBudgetAction' {accountId} -> accountId) (\s@DescribeBudgetAction' {} a -> s {accountId = a} :: DescribeBudgetAction)
   |                                                                                                                                   ^^^^^^^^^^^^^

gen/Amazonka/Budgets/DescribeBudgetAction.hs:100:134: warning: [GHC-02256] [-Wambiguous-fields]
    The record update s {budgetName = a} with type DescribeBudgetAction is ambiguous.
    This will not be supported by -XDuplicateRecordFields in future releases of GHC.
    |
100 | describeBudgetAction_budgetName = Lens.lens (\DescribeBudgetAction' {budgetName} -> budgetName) (\s@DescribeBudgetAction' {} a -> s {budgetName = a} :: DescribeBudgetAction)
    |                                                                                                                                      ^^^^^^^^^^^^^^

gen/Amazonka/Budgets/DescribeBudgetAction.hs:104:128: warning: [GHC-02256] [-Wambiguous-fields]
    The record update s {actionId = a} with type DescribeBudgetAction is ambiguous.
    This will not be supported by -XDuplicateRecordFields in future releases of GHC.
    |
104 | describeBudgetAction_actionId = Lens.lens (\DescribeBudgetAction' {actionId} -> actionId) (\s@DescribeBudgetAction' {} a -> s {actionId = a} :: DescribeBudgetAction)
    |                                                                                                                                ^^^^^^^^^^^^

gen/Amazonka/Budgets/DescribeBudgetAction.hs:221:155: warning: [GHC-02256] [-Wambiguous-fields]
    The record update s {accountId = a} with type DescribeBudgetActionResponse is ambiguous.
    This will not be supported by -XDuplicateRecordFields in future releases of GHC.
    |
221 | describeBudgetActionResponse_accountId = Lens.lens (\DescribeBudgetActionResponse' {accountId} -> accountId) (\s@DescribeBudgetActionResponse' {} a -> s {accountId = a} :: DescribeBudgetActionResponse)
    |                                                                                                                                                           ^^^^^^^^^^^^^

gen/Amazonka/Budgets/DescribeBudgetAction.hs:225:158: warning: [GHC-02256] [-Wambiguous-fields]
    The record update s {budgetName = a} with type DescribeBudgetActionResponse is ambiguous.
    This will not be supported by -XDuplicateRecordFields in future releases of GHC.
    |
225 | describeBudgetActionResponse_budgetName = Lens.lens (\DescribeBudgetActionResponse' {budgetName} -> budgetName) (\s@DescribeBudgetActionResponse' {} a -> s {budgetName = a} :: DescribeBudgetActionResponse)
    |                                                                                                                                                              ^^^^^^^^^^^^^^

gen/Amazonka/Budgets/DescribeBudgetAction.hs:229:146: warning: [GHC-02256] [-Wambiguous-fields]
    The record update s {action = a} with type DescribeBudgetActionResponse is ambiguous.
    This will not be supported by -XDuplicateRecordFields in future releases of GHC.
    |
229 | describeBudgetActionResponse_action = Lens.lens (\DescribeBudgetActionResponse' {action} -> action) (\s@DescribeBudgetActionResponse' {} a -> s {action = a} :: DescribeBudgetActionResponse)
    |                                                                                                                                                  ^^^^^^^^^^
[47 of 62] Compiling Amazonka.Budgets.DescribeBudget

gen/Amazonka/Budgets/DescribeBudget.hs:99:116: warning: [GHC-02256] [-Wambiguous-fields]
    The record update s {budgetName = a} with type DescribeBudget is ambiguous.
    This will not be supported by -XDuplicateRecordFields in future releases of GHC.
   |
99 | describeBudget_budgetName = Lens.lens (\DescribeBudget' {budgetName} -> budgetName) (\s@DescribeBudget' {} a -> s {budgetName = a} :: DescribeBudget)
   |                                                                                                                    ^^^^^^^^^^^^^^
[48 of 62] Compiling Amazonka.Budgets.DeleteSubscriber

gen/Amazonka/Budgets/DeleteSubscriber.hs:116:122: warning: [GHC-02256] [-Wambiguous-fields]
    The record update s {budgetName = a} with type DeleteSubscriber is ambiguous.
    This will not be supported by -XDuplicateRecordFields in future releases of GHC.
    |
116 | deleteSubscriber_budgetName = Lens.lens (\DeleteSubscriber' {budgetName} -> budgetName) (\s@DeleteSubscriber' {} a -> s {budgetName = a} :: DeleteSubscriber)
    |                                                                                                                          ^^^^^^^^^^^^^^

gen/Amazonka/Budgets/DeleteSubscriber.hs:120:128: warning: [GHC-02256] [-Wambiguous-fields]
    The record update s {notification = a} with type DeleteSubscriber is ambiguous.
    This will not be supported by -XDuplicateRecordFields in future releases of GHC.
    |
120 | deleteSubscriber_notification = Lens.lens (\DeleteSubscriber' {notification} -> notification) (\s@DeleteSubscriber' {} a -> s {notification = a} :: DeleteSubscriber)
    |                                                                                                                                ^^^^^^^^^^^^^^^^
[49 of 62] Compiling Amazonka.Budgets.DeleteNotification

gen/Amazonka/Budgets/DeleteNotification.hs:107:128: warning: [GHC-02256] [-Wambiguous-fields]
    The record update s {budgetName = a} with type DeleteNotification is ambiguous.
    This will not be supported by -XDuplicateRecordFields in future releases of GHC.
    |
107 | deleteNotification_budgetName = Lens.lens (\DeleteNotification' {budgetName} -> budgetName) (\s@DeleteNotification' {} a -> s {budgetName = a} :: DeleteNotification)
    |                                                                                                                                ^^^^^^^^^^^^^^

gen/Amazonka/Budgets/DeleteNotification.hs:111:134: warning: [GHC-02256] [-Wambiguous-fields]
    The record update s {notification = a} with type DeleteNotification is ambiguous.
    This will not be supported by -XDuplicateRecordFields in future releases of GHC.
    |
111 | deleteNotification_notification = Lens.lens (\DeleteNotification' {notification} -> notification) (\s@DeleteNotification' {} a -> s {notification = a} :: DeleteNotification)
    |                                                                                                                                      ^^^^^^^^^^^^^^^^
[50 of 62] Compiling Amazonka.Budgets.DeleteBudgetAction

gen/Amazonka/Budgets/DeleteBudgetAction.hs:96:125: warning: [GHC-02256] [-Wambiguous-fields]
    The record update s {accountId = a} with type DeleteBudgetAction is ambiguous.
    This will not be supported by -XDuplicateRecordFields in future releases of GHC.
   |
96 | deleteBudgetAction_accountId = Lens.lens (\DeleteBudgetAction' {accountId} -> accountId) (\s@DeleteBudgetAction' {} a -> s {accountId = a} :: DeleteBudgetAction)
   |                                                                                                                             ^^^^^^^^^^^^^

gen/Amazonka/Budgets/DeleteBudgetAction.hs:100:128: warning: [GHC-02256] [-Wambiguous-fields]
    The record update s {budgetName = a} with type DeleteBudgetAction is ambiguous.
    This will not be supported by -XDuplicateRecordFields in future releases of GHC.
    |
100 | deleteBudgetAction_budgetName = Lens.lens (\DeleteBudgetAction' {budgetName} -> budgetName) (\s@DeleteBudgetAction' {} a -> s {budgetName = a} :: DeleteBudgetAction)
    |                                                                                                                                ^^^^^^^^^^^^^^

gen/Amazonka/Budgets/DeleteBudgetAction.hs:104:122: warning: [GHC-02256] [-Wambiguous-fields]
    The record update s {actionId = a} with type DeleteBudgetAction is ambiguous.
    This will not be supported by -XDuplicateRecordFields in future releases of GHC.
    |
104 | deleteBudgetAction_actionId = Lens.lens (\DeleteBudgetAction' {actionId} -> actionId) (\s@DeleteBudgetAction' {} a -> s {actionId = a} :: DeleteBudgetAction)
    |                                                                                                                          ^^^^^^^^^^^^

gen/Amazonka/Budgets/DeleteBudgetAction.hs:220:149: warning: [GHC-02256] [-Wambiguous-fields]
    The record update s {accountId = a} with type DeleteBudgetActionResponse is ambiguous.
    This will not be supported by -XDuplicateRecordFields in future releases of GHC.
    |
220 | deleteBudgetActionResponse_accountId = Lens.lens (\DeleteBudgetActionResponse' {accountId} -> accountId) (\s@DeleteBudgetActionResponse' {} a -> s {accountId = a} :: DeleteBudgetActionResponse)
    |                                                                                                                                                     ^^^^^^^^^^^^^

gen/Amazonka/Budgets/DeleteBudgetAction.hs:224:152: warning: [GHC-02256] [-Wambiguous-fields]
    The record update s {budgetName = a} with type DeleteBudgetActionResponse is ambiguous.
    This will not be supported by -XDuplicateRecordFields in future releases of GHC.
    |
224 | deleteBudgetActionResponse_budgetName = Lens.lens (\DeleteBudgetActionResponse' {budgetName} -> budgetName) (\s@DeleteBudgetActionResponse' {} a -> s {budgetName = a} :: DeleteBudgetActionResponse)
    |                                                                                                                                                        ^^^^^^^^^^^^^^

gen/Amazonka/Budgets/DeleteBudgetAction.hs:228:140: warning: [GHC-02256] [-Wambiguous-fields]
    The record update s {action = a} with type DeleteBudgetActionResponse is ambiguous.
    This will not be supported by -XDuplicateRecordFields in future releases of GHC.
    |
228 | deleteBudgetActionResponse_action = Lens.lens (\DeleteBudgetActionResponse' {action} -> action) (\s@DeleteBudgetActionResponse' {} a -> s {action = a} :: DeleteBudgetActionResponse)
    |                                                                                                                                            ^^^^^^^^^^
[51 of 62] Compiling Amazonka.Budgets.DeleteBudget

gen/Amazonka/Budgets/DeleteBudget.hs:96:110: warning: [GHC-02256] [-Wambiguous-fields]
    The record update s {budgetName = a} with type DeleteBudget is ambiguous.
    This will not be supported by -XDuplicateRecordFields in future releases of GHC.
   |
96 | deleteBudget_budgetName = Lens.lens (\DeleteBudget' {budgetName} -> budgetName) (\s@DeleteBudget' {} a -> s {budgetName = a} :: DeleteBudget)
   |                                                                                                              ^^^^^^^^^^^^^^
[52 of 62] Compiling Amazonka.Budgets.CreateSubscriber

gen/Amazonka/Budgets/CreateSubscriber.hs:117:122: warning: [GHC-02256] [-Wambiguous-fields]
    The record update s {budgetName = a} with type CreateSubscriber is ambiguous.
    This will not be supported by -XDuplicateRecordFields in future releases of GHC.
    |
117 | createSubscriber_budgetName = Lens.lens (\CreateSubscriber' {budgetName} -> budgetName) (\s@CreateSubscriber' {} a -> s {budgetName = a} :: CreateSubscriber)
    |                                                                                                                          ^^^^^^^^^^^^^^

gen/Amazonka/Budgets/CreateSubscriber.hs:121:128: warning: [GHC-02256] [-Wambiguous-fields]
    The record update s {notification = a} with type CreateSubscriber is ambiguous.
    This will not be supported by -XDuplicateRecordFields in future releases of GHC.
    |
121 | createSubscriber_notification = Lens.lens (\CreateSubscriber' {notification} -> notification) (\s@CreateSubscriber' {} a -> s {notification = a} :: CreateSubscriber)
    |                                                                                                                                ^^^^^^^^^^^^^^^^
[53 of 62] Compiling Amazonka.Budgets.CreateNotification

gen/Amazonka/Budgets/CreateNotification.hs:121:128: warning: [GHC-02256] [-Wambiguous-fields]
    The record update s {budgetName = a} with type CreateNotification is ambiguous.
    This will not be supported by -XDuplicateRecordFields in future releases of GHC.
    |
121 | createNotification_budgetName = Lens.lens (\CreateNotification' {budgetName} -> budgetName) (\s@CreateNotification' {} a -> s {budgetName = a} :: CreateNotification)
    |                                                                                                                                ^^^^^^^^^^^^^^

gen/Amazonka/Budgets/CreateNotification.hs:125:134: warning: [GHC-02256] [-Wambiguous-fields]
    The record update s {notification = a} with type CreateNotification is ambiguous.
    This will not be supported by -XDuplicateRecordFields in future releases of GHC.
    |
125 | createNotification_notification = Lens.lens (\CreateNotification' {notification} -> notification) (\s@CreateNotification' {} a -> s {notification = a} :: CreateNotification)
    |                                                                                                                                      ^^^^^^^^^^^^^^^^

gen/Amazonka/Budgets/CreateNotification.hs:131:131: warning: [GHC-02256] [-Wambiguous-fields]
    The record update s {subscribers = a} with type CreateNotification is ambiguous.
    This will not be supported by -XDuplicateRecordFields in future releases of GHC.
    |
131 | createNotification_subscribers = Lens.lens (\CreateNotification' {subscribers} -> subscribers) (\s@CreateNotification' {} a -> s {subscribers = a} :: CreateNotification) Prelude.. Lens.coerced
    |                                                                                                                                   ^^^^^^^^^^^^^^^
[54 of 62] Compiling Amazonka.Budgets.CreateBudgetAction

gen/Amazonka/Budgets/CreateBudgetAction.hs:152:125: warning: [GHC-02256] [-Wambiguous-fields]
    The record update s {accountId = a} with type CreateBudgetAction is ambiguous.
    This will not be supported by -XDuplicateRecordFields in future releases of GHC.
    |
152 | createBudgetAction_accountId = Lens.lens (\CreateBudgetAction' {accountId} -> accountId) (\s@CreateBudgetAction' {} a -> s {accountId = a} :: CreateBudgetAction)
    |                                                                                                                             ^^^^^^^^^^^^^

gen/Amazonka/Budgets/CreateBudgetAction.hs:156:128: warning: [GHC-02256] [-Wambiguous-fields]
    The record update s {budgetName = a} with type CreateBudgetAction is ambiguous.
    This will not be supported by -XDuplicateRecordFields in future releases of GHC.
    |
156 | createBudgetAction_budgetName = Lens.lens (\CreateBudgetAction' {budgetName} -> budgetName) (\s@CreateBudgetAction' {} a -> s {budgetName = a} :: CreateBudgetAction)
    |                                                                                                                                ^^^^^^^^^^^^^^

gen/Amazonka/Budgets/CreateBudgetAction.hs:160:146: warning: [GHC-02256] [-Wambiguous-fields]
    The record update s {notificationType = a} with type CreateBudgetAction is ambiguous.
    This will not be supported by -XDuplicateRecordFields in future releases of GHC.
    |
160 | createBudgetAction_notificationType = Lens.lens (\CreateBudgetAction' {notificationType} -> notificationType) (\s@CreateBudgetAction' {} a -> s {notificationType = a} :: CreateBudgetAction)
    |                                                                                                                                                  ^^^^^^^^^^^^^^^^^^^^

gen/Amazonka/Budgets/CreateBudgetAction.hs:166:128: warning: [GHC-02256] [-Wambiguous-fields]
    The record update s {actionType = a} with type CreateBudgetAction is ambiguous.
    This will not be supported by -XDuplicateRecordFields in future releases of GHC.
    |
166 | createBudgetAction_actionType = Lens.lens (\CreateBudgetAction' {actionType} -> actionType) (\s@CreateBudgetAction' {} a -> s {actionType = a} :: CreateBudgetAction)
    |                                                                                                                                ^^^^^^^^^^^^^^

gen/Amazonka/Budgets/CreateBudgetAction.hs:170:143: warning: [GHC-02256] [-Wambiguous-fields]
    The record update s {actionThreshold = a} with type CreateBudgetAction is ambiguous.
    This will not be supported by -XDuplicateRecordFields in future releases of GHC.
    |
170 | createBudgetAction_actionThreshold = Lens.lens (\CreateBudgetAction' {actionThreshold} -> actionThreshold) (\s@CreateBudgetAction' {} a -> s {actionThreshold = a} :: CreateBudgetAction)
    |                                                                                                                                               ^^^^^^^^^^^^^^^^^^^

gen/Amazonka/Budgets/CreateBudgetAction.hs:174:128: warning: [GHC-02256] [-Wambiguous-fields]
    The record update s {definition = a} with type CreateBudgetAction is ambiguous.
    This will not be supported by -XDuplicateRecordFields in future releases of GHC.
    |
174 | createBudgetAction_definition = Lens.lens (\CreateBudgetAction' {definition} -> definition) (\s@CreateBudgetAction' {} a -> s {definition = a} :: CreateBudgetAction)
    |                                                                                                                                ^^^^^^^^^^^^^^

gen/Amazonka/Budgets/CreateBudgetAction.hs:179:146: warning: [GHC-02256] [-Wambiguous-fields]
    The record update s {executionRoleArn = a} with type CreateBudgetAction is ambiguous.
    This will not be supported by -XDuplicateRecordFields in future releases of GHC.
    |
179 | createBudgetAction_executionRoleArn = Lens.lens (\CreateBudgetAction' {executionRoleArn} -> executionRoleArn) (\s@CreateBudgetAction' {} a -> s {executionRoleArn = a} :: CreateBudgetAction)
    |                                                                                                                                                  ^^^^^^^^^^^^^^^^^^^^

gen/Amazonka/Budgets/CreateBudgetAction.hs:183:137: warning: [GHC-02256] [-Wambiguous-fields]
    The record update s {approvalModel = a} with type CreateBudgetAction is ambiguous.
    This will not be supported by -XDuplicateRecordFields in future releases of GHC.
    |
183 | createBudgetAction_approvalModel = Lens.lens (\CreateBudgetAction' {approvalModel} -> approvalModel) (\s@CreateBudgetAction' {} a -> s {approvalModel = a} :: CreateBudgetAction)
    |                                                                                                                                         ^^^^^^^^^^^^^^^^^

gen/Amazonka/Budgets/CreateBudgetAction.hs:187:131: warning: [GHC-02256] [-Wambiguous-fields]
    The record update s {subscribers = a} with type CreateBudgetAction is ambiguous.
    This will not be supported by -XDuplicateRecordFields in future releases of GHC.
    |
187 | createBudgetAction_subscribers = Lens.lens (\CreateBudgetAction' {subscribers} -> subscribers) (\s@CreateBudgetAction' {} a -> s {subscribers = a} :: CreateBudgetAction) Prelude.. Lens.coerced
    |                                                                                                                                   ^^^^^^^^^^^^^^^

gen/Amazonka/Budgets/CreateBudgetAction.hs:325:149: warning: [GHC-02256] [-Wambiguous-fields]
    The record update s {accountId = a} with type CreateBudgetActionResponse is ambiguous.
    This will not be supported by -XDuplicateRecordFields in future releases of GHC.
    |
325 | createBudgetActionResponse_accountId = Lens.lens (\CreateBudgetActionResponse' {accountId} -> accountId) (\s@CreateBudgetActionResponse' {} a -> s {accountId = a} :: CreateBudgetActionResponse)
    |                                                                                                                                                     ^^^^^^^^^^^^^

gen/Amazonka/Budgets/CreateBudgetAction.hs:329:152: warning: [GHC-02256] [-Wambiguous-fields]
    The record update s {budgetName = a} with type CreateBudgetActionResponse is ambiguous.
    This will not be supported by -XDuplicateRecordFields in future releases of GHC.
    |
329 | createBudgetActionResponse_budgetName = Lens.lens (\CreateBudgetActionResponse' {budgetName} -> budgetName) (\s@CreateBudgetActionResponse' {} a -> s {budgetName = a} :: CreateBudgetActionResponse)
    |                                                                                                                                                        ^^^^^^^^^^^^^^

gen/Amazonka/Budgets/CreateBudgetAction.hs:333:146: warning: [GHC-02256] [-Wambiguous-fields]
    The record update s {actionId = a} with type CreateBudgetActionResponse is ambiguous.
    This will not be supported by -XDuplicateRecordFields in future releases of GHC.
    |
333 | createBudgetActionResponse_actionId = Lens.lens (\CreateBudgetActionResponse' {actionId} -> actionId) (\s@CreateBudgetActionResponse' {} a -> s {actionId = a} :: CreateBudgetActionResponse)
    |                                                                                                                                                  ^^^^^^^^^^^^
[55 of 62] Compiling Amazonka.Budgets.CreateBudget
[56 of 62] Compiling Amazonka.Budgets.UpdateBudget
[57 of 62] Compiling Amazonka.Budgets.UpdateBudgetAction

gen/Amazonka/Budgets/UpdateBudgetAction.hs:132:143: warning: [GHC-02256] [-Wambiguous-fields]
    The record update s {actionThreshold = a} with type UpdateBudgetAction is ambiguous.
    This will not be supported by -XDuplicateRecordFields in future releases of GHC.
    |
132 | updateBudgetAction_actionThreshold = Lens.lens (\UpdateBudgetAction' {actionThreshold} -> actionThreshold) (\s@UpdateBudgetAction' {} a -> s {actionThreshold = a} :: UpdateBudgetAction)
    |                                                                                                                                               ^^^^^^^^^^^^^^^^^^^

gen/Amazonka/Budgets/UpdateBudgetAction.hs:136:137: warning: [GHC-02256] [-Wambiguous-fields]
    The record update s {approvalModel = a} with type UpdateBudgetAction is ambiguous.
    This will not be supported by -XDuplicateRecordFields in future releases of GHC.
    |
136 | updateBudgetAction_approvalModel = Lens.lens (\UpdateBudgetAction' {approvalModel} -> approvalModel) (\s@UpdateBudgetAction' {} a -> s {approvalModel = a} :: UpdateBudgetAction)
    |                                                                                                                                         ^^^^^^^^^^^^^^^^^

gen/Amazonka/Budgets/UpdateBudgetAction.hs:140:128: warning: [GHC-02256] [-Wambiguous-fields]
    The record update s {definition = a} with type UpdateBudgetAction is ambiguous.
    This will not be supported by -XDuplicateRecordFields in future releases of GHC.
    |
140 | updateBudgetAction_definition = Lens.lens (\UpdateBudgetAction' {definition} -> definition) (\s@UpdateBudgetAction' {} a -> s {definition = a} :: UpdateBudgetAction)
    |                                                                                                                                ^^^^^^^^^^^^^^

gen/Amazonka/Budgets/UpdateBudgetAction.hs:145:146: warning: [GHC-02256] [-Wambiguous-fields]
    The record update s {executionRoleArn = a} with type UpdateBudgetAction is ambiguous.
    This will not be supported by -XDuplicateRecordFields in future releases of GHC.
    |
145 | updateBudgetAction_executionRoleArn = Lens.lens (\UpdateBudgetAction' {executionRoleArn} -> executionRoleArn) (\s@UpdateBudgetAction' {} a -> s {executionRoleArn = a} :: UpdateBudgetAction)
    |                                                                                                                                                  ^^^^^^^^^^^^^^^^^^^^

gen/Amazonka/Budgets/UpdateBudgetAction.hs:149:146: warning: [GHC-02256] [-Wambiguous-fields]
    The record update s {notificationType = a} with type UpdateBudgetAction is ambiguous.
    This will not be supported by -XDuplicateRecordFields in future releases of GHC.
    |
149 | updateBudgetAction_notificationType = Lens.lens (\UpdateBudgetAction' {notificationType} -> notificationType) (\s@UpdateBudgetAction' {} a -> s {notificationType = a} :: UpdateBudgetAction)
    |                                                                                                                                                  ^^^^^^^^^^^^^^^^^^^^

gen/Amazonka/Budgets/UpdateBudgetAction.hs:153:131: warning: [GHC-02256] [-Wambiguous-fields]
    The record update s {subscribers = a} with type UpdateBudgetAction is ambiguous.
    This will not be supported by -XDuplicateRecordFields in future releases of GHC.
    |
153 | updateBudgetAction_subscribers = Lens.lens (\UpdateBudgetAction' {subscribers} -> subscribers) (\s@UpdateBudgetAction' {} a -> s {subscribers = a} :: UpdateBudgetAction) Prelude.. Lens.mapping Lens.coerced
    |                                                                                                                                   ^^^^^^^^^^^^^^^

gen/Amazonka/Budgets/UpdateBudgetAction.hs:157:125: warning: [GHC-02256] [-Wambiguous-fields]
    The record update s {accountId = a} with type UpdateBudgetAction is ambiguous.
    This will not be supported by -XDuplicateRecordFields in future releases of GHC.
    |
157 | updateBudgetAction_accountId = Lens.lens (\UpdateBudgetAction' {accountId} -> accountId) (\s@UpdateBudgetAction' {} a -> s {accountId = a} :: UpdateBudgetAction)
    |                                                                                                                             ^^^^^^^^^^^^^

gen/Amazonka/Budgets/UpdateBudgetAction.hs:161:128: warning: [GHC-02256] [-Wambiguous-fields]
    The record update s {budgetName = a} with type UpdateBudgetAction is ambiguous.
    This will not be supported by -XDuplicateRecordFields in future releases of GHC.
    |
161 | updateBudgetAction_budgetName = Lens.lens (\UpdateBudgetAction' {budgetName} -> budgetName) (\s@UpdateBudgetAction' {} a -> s {budgetName = a} :: UpdateBudgetAction)
    |                                                                                                                                ^^^^^^^^^^^^^^

gen/Amazonka/Budgets/UpdateBudgetAction.hs:165:122: warning: [GHC-02256] [-Wambiguous-fields]
    The record update s {actionId = a} with type UpdateBudgetAction is ambiguous.
    This will not be supported by -XDuplicateRecordFields in future releases of GHC.
    |
165 | updateBudgetAction_actionId = Lens.lens (\UpdateBudgetAction' {actionId} -> actionId) (\s@UpdateBudgetAction' {} a -> s {actionId = a} :: UpdateBudgetAction)
    |                                                                                                                          ^^^^^^^^^^^^

gen/Amazonka/Budgets/UpdateBudgetAction.hs:312:149: warning: [GHC-02256] [-Wambiguous-fields]
    The record update s {accountId = a} with type UpdateBudgetActionResponse is ambiguous.
    This will not be supported by -XDuplicateRecordFields in future releases of GHC.
    |
312 | updateBudgetActionResponse_accountId = Lens.lens (\UpdateBudgetActionResponse' {accountId} -> accountId) (\s@UpdateBudgetActionResponse' {} a -> s {accountId = a} :: UpdateBudgetActionResponse)
    |                                                                                                                                                     ^^^^^^^^^^^^^

gen/Amazonka/Budgets/UpdateBudgetAction.hs:316:152: warning: [GHC-02256] [-Wambiguous-fields]
    The record update s {budgetName = a} with type UpdateBudgetActionResponse is ambiguous.
    This will not be supported by -XDuplicateRecordFields in future releases of GHC.
    |
316 | updateBudgetActionResponse_budgetName = Lens.lens (\UpdateBudgetActionResponse' {budgetName} -> budgetName) (\s@UpdateBudgetActionResponse' {} a -> s {budgetName = a} :: UpdateBudgetActionResponse)
    |                                                                                                                                                        ^^^^^^^^^^^^^^
[58 of 62] Compiling Amazonka.Budgets.UpdateNotification

gen/Amazonka/Budgets/UpdateNotification.hs:113:128: warning: [GHC-02256] [-Wambiguous-fields]
    The record update s {budgetName = a} with type UpdateNotification is ambiguous.
    This will not be supported by -XDuplicateRecordFields in future releases of GHC.
    |
113 | updateNotification_budgetName = Lens.lens (\UpdateNotification' {budgetName} -> budgetName) (\s@UpdateNotification' {} a -> s {budgetName = a} :: UpdateNotification)
    |                                                                                                                                ^^^^^^^^^^^^^^
[59 of 62] Compiling Amazonka.Budgets.UpdateSubscriber

gen/Amazonka/Budgets/UpdateSubscriber.hs:122:122: warning: [GHC-02256] [-Wambiguous-fields]
    The record update s {budgetName = a} with type UpdateSubscriber is ambiguous.
    This will not be supported by -XDuplicateRecordFields in future releases of GHC.
    |
122 | updateSubscriber_budgetName = Lens.lens (\UpdateSubscriber' {budgetName} -> budgetName) (\s@UpdateSubscriber' {} a -> s {budgetName = a} :: UpdateSubscriber)
    |                                                                                                                          ^^^^^^^^^^^^^^

gen/Amazonka/Budgets/UpdateSubscriber.hs:126:128: warning: [GHC-02256] [-Wambiguous-fields]
    The record update s {notification = a} with type UpdateSubscriber is ambiguous.
    This will not be supported by -XDuplicateRecordFields in future releases of GHC.
    |
126 | updateSubscriber_notification = Lens.lens (\UpdateSubscriber' {notification} -> notification) (\s@UpdateSubscriber' {} a -> s {notification = a} :: UpdateSubscriber)
    |                                                                                                                                ^^^^^^^^^^^^^^^^
[60 of 62] Compiling Amazonka.Budgets.Lens
[61 of 62] Compiling Amazonka.Budgets.Waiters
[62 of 62] Compiling Amazonka.Budgets
Configuring test suite 'amazonka-budgets-test' for amazonka-budgets-2.0...
Preprocessing test suite 'amazonka-budgets-test' for amazonka-budgets-2.0...
Building test suite 'amazonka-budgets-test' for amazonka-budgets-2.0...
[1 of 4] Compiling Test.Amazonka.Budgets
[2 of 4] Compiling Test.Amazonka.Budgets.Internal
[3 of 4] Compiling Main
[4 of 4] Compiling Test.Amazonka.Gen.Budgets
[5 of 5] Linking /tmp/workdir-amazonka-budgets/amazonka-budgets-2.0/dist-newstyle/build/x86_64-linux/ghc-9.6.6/amazonka-budgets-2.0/t/amazonka-budgets-test/build/amazonka-budgets-test/amazonka-budgets-test
