Build profile: -w ghc-9.6.6 -O1
In order, the following will be built (use -v for more details):
 - amazonka-backupstorage-2.0 (lib) (first run)
 - amazonka-backupstorage-2.0 (test:amazonka-backupstorage-test) (first run)
Configuring library for amazonka-backupstorage-2.0...
Preprocessing library for amazonka-backupstorage-2.0...
Building library for amazonka-backupstorage-2.0...
[ 1 of 17] Compiling Amazonka.BackupStorage.Types.DataChecksumAlgorithm
[ 2 of 17] Compiling Amazonka.BackupStorage.Types.Chunk
[ 3 of 17] Compiling Amazonka.BackupStorage.Types.SummaryChecksumAlgorithm
[ 4 of 17] Compiling Amazonka.BackupStorage.Types.BackupObject
[ 5 of 17] Compiling Amazonka.BackupStorage.Types
[ 6 of 17] Compiling Amazonka.BackupStorage.StartObject
[ 7 of 17] Compiling Amazonka.BackupStorage.PutObject

gen/Amazonka/BackupStorage/PutObject.hs:141:128: warning: [GHC-02256] [-Wambiguous-fields]
    The record update s {inlineChunkChecksum = a} with type PutObject is ambiguous.
    This will not be supported by -XDuplicateRecordFields in future releases of GHC.
    |
141 | putObject_inlineChunkChecksum = Lens.lens (\PutObject' {inlineChunkChecksum} -> inlineChunkChecksum) (\s@PutObject' {} a -> s {inlineChunkChecksum = a} :: PutObject)
    |                                                                                                                                ^^^^^^^^^^^^^^^^^^^^^^^

gen/Amazonka/BackupStorage/PutObject.hs:145:155: warning: [GHC-02256] [-Wambiguous-fields]
    The record update s {inlineChunkChecksumAlgorithm = a} with type PutObject is ambiguous.
    This will not be supported by -XDuplicateRecordFields in future releases of GHC.
    |
145 | putObject_inlineChunkChecksumAlgorithm = Lens.lens (\PutObject' {inlineChunkChecksumAlgorithm} -> inlineChunkChecksumAlgorithm) (\s@PutObject' {} a -> s {inlineChunkChecksumAlgorithm = a} :: PutObject)
    |                                                                                                                                                           ^^^^^^^^^^^^^^^^^^^^^^^^^^^^^^^^

gen/Amazonka/BackupStorage/PutObject.hs:154:113: warning: [GHC-02256] [-Wambiguous-fields]
    The record update s {metadataString = a} with type PutObject is ambiguous.
    This will not be supported by -XDuplicateRecordFields in future releases of GHC.
    |
154 | putObject_metadataString = Lens.lens (\PutObject' {metadataString} -> metadataString) (\s@PutObject' {} a -> s {metadataString = a} :: PutObject)
    |                                                                                                                 ^^^^^^^^^^^^^^^^^^

gen/Amazonka/BackupStorage/PutObject.hs:158:113: warning: [GHC-02256] [-Wambiguous-fields]
    The record update s {objectChecksum = a} with type PutObject is ambiguous.
    This will not be supported by -XDuplicateRecordFields in future releases of GHC.
    |
158 | putObject_objectChecksum = Lens.lens (\PutObject' {objectChecksum} -> objectChecksum) (\s@PutObject' {} a -> s {objectChecksum = a} :: PutObject)
    |                                                                                                                 ^^^^^^^^^^^^^^^^^^

gen/Amazonka/BackupStorage/PutObject.hs:162:140: warning: [GHC-02256] [-Wambiguous-fields]
    The record update s {objectChecksumAlgorithm = a} with type PutObject is ambiguous.
    This will not be supported by -XDuplicateRecordFields in future releases of GHC.
    |
162 | putObject_objectChecksumAlgorithm = Lens.lens (\PutObject' {objectChecksumAlgorithm} -> objectChecksumAlgorithm) (\s@PutObject' {} a -> s {objectChecksumAlgorithm = a} :: PutObject)
    |                                                                                                                                            ^^^^^^^^^^^^^^^^^^^^^^^^^^^

gen/Amazonka/BackupStorage/PutObject.hs:298:152: warning: [GHC-02256] [-Wambiguous-fields]
    The record update s {inlineChunkChecksum = a} with type PutObjectResponse is ambiguous.
    This will not be supported by -XDuplicateRecordFields in future releases of GHC.
    |
298 | putObjectResponse_inlineChunkChecksum = Lens.lens (\PutObjectResponse' {inlineChunkChecksum} -> inlineChunkChecksum) (\s@PutObjectResponse' {} a -> s {inlineChunkChecksum = a} :: PutObjectResponse)
    |                                                                                                                                                        ^^^^^^^^^^^^^^^^^^^^^^^

gen/Amazonka/BackupStorage/PutObject.hs:302:179: warning: [GHC-02256] [-Wambiguous-fields]
    The record update s {inlineChunkChecksumAlgorithm = a} with type PutObjectResponse is ambiguous.
    This will not be supported by -XDuplicateRecordFields in future releases of GHC.
    |
302 | putObjectResponse_inlineChunkChecksumAlgorithm = Lens.lens (\PutObjectResponse' {inlineChunkChecksumAlgorithm} -> inlineChunkChecksumAlgorithm) (\s@PutObjectResponse' {} a -> s {inlineChunkChecksumAlgorithm = a} :: PutObjectResponse)
    |                                                                                                                                                                                   ^^^^^^^^^^^^^^^^^^^^^^^^^^^^^^^^

gen/Amazonka/BackupStorage/PutObject.hs:306:137: warning: [GHC-02256] [-Wambiguous-fields]
    The record update s {objectChecksum = a} with type PutObjectResponse is ambiguous.
    This will not be supported by -XDuplicateRecordFields in future releases of GHC.
    |
306 | putObjectResponse_objectChecksum = Lens.lens (\PutObjectResponse' {objectChecksum} -> objectChecksum) (\s@PutObjectResponse' {} a -> s {objectChecksum = a} :: PutObjectResponse)
    |                                                                                                                                         ^^^^^^^^^^^^^^^^^^

gen/Amazonka/BackupStorage/PutObject.hs:310:164: warning: [GHC-02256] [-Wambiguous-fields]
    The record update s {objectChecksumAlgorithm = a} with type PutObjectResponse is ambiguous.
    This will not be supported by -XDuplicateRecordFields in future releases of GHC.
    |
310 | putObjectResponse_objectChecksumAlgorithm = Lens.lens (\PutObjectResponse' {objectChecksumAlgorithm} -> objectChecksumAlgorithm) (\s@PutObjectResponse' {} a -> s {objectChecksumAlgorithm = a} :: PutObjectResponse)
    |                                                                                                                                                                    ^^^^^^^^^^^^^^^^^^^^^^^^^^^
[ 8 of 17] Compiling Amazonka.BackupStorage.PutChunk

gen/Amazonka/BackupStorage/PutChunk.hs:145:86: warning: [GHC-02256] [-Wambiguous-fields]
    The record update s {length = a} with type PutChunk is ambiguous.
    This will not be supported by -XDuplicateRecordFields in future releases of GHC.
    |
145 | putChunk_length = Lens.lens (\PutChunk' {length} -> length) (\s@PutChunk' {} a -> s {length = a} :: PutChunk)
    |                                                                                      ^^^^^^^^^^

gen/Amazonka/BackupStorage/PutChunk.hs:149:92: warning: [GHC-02256] [-Wambiguous-fields]
    The record update s {checksum = a} with type PutChunk is ambiguous.
    This will not be supported by -XDuplicateRecordFields in future releases of GHC.
    |
149 | putChunk_checksum = Lens.lens (\PutChunk' {checksum} -> checksum) (\s@PutChunk' {} a -> s {checksum = a} :: PutChunk)
    |                                                                                            ^^^^^^^^^^^^

gen/Amazonka/BackupStorage/PutChunk.hs:153:119: warning: [GHC-02256] [-Wambiguous-fields]
    The record update s {checksumAlgorithm = a} with type PutChunk is ambiguous.
    This will not be supported by -XDuplicateRecordFields in future releases of GHC.
    |
153 | putChunk_checksumAlgorithm = Lens.lens (\PutChunk' {checksumAlgorithm} -> checksumAlgorithm) (\s@PutChunk' {} a -> s {checksumAlgorithm = a} :: PutChunk)
    |                                                                                                                       ^^^^^^^^^^^^^^^^^^^^^
[ 9 of 17] Compiling Amazonka.BackupStorage.NotifyObjectComplete

gen/Amazonka/BackupStorage/NotifyObjectComplete.hs:155:146: warning: [GHC-02256] [-Wambiguous-fields]
    The record update s {metadataString = a} with type NotifyObjectComplete is ambiguous.
    This will not be supported by -XDuplicateRecordFields in future releases of GHC.
    |
155 | notifyObjectComplete_metadataString = Lens.lens (\NotifyObjectComplete' {metadataString} -> metadataString) (\s@NotifyObjectComplete' {} a -> s {metadataString = a} :: NotifyObjectComplete)
    |                                                                                                                                                  ^^^^^^^^^^^^^^^^^^

gen/Amazonka/BackupStorage/NotifyObjectComplete.hs:167:146: warning: [GHC-02256] [-Wambiguous-fields]
    The record update s {objectChecksum = a} with type NotifyObjectComplete is ambiguous.
    This will not be supported by -XDuplicateRecordFields in future releases of GHC.
    |
167 | notifyObjectComplete_objectChecksum = Lens.lens (\NotifyObjectComplete' {objectChecksum} -> objectChecksum) (\s@NotifyObjectComplete' {} a -> s {objectChecksum = a} :: NotifyObjectComplete)
    |                                                                                                                                                  ^^^^^^^^^^^^^^^^^^

gen/Amazonka/BackupStorage/NotifyObjectComplete.hs:171:173: warning: [GHC-02256] [-Wambiguous-fields]
    The record update s {objectChecksumAlgorithm = a} with type NotifyObjectComplete is ambiguous.
    This will not be supported by -XDuplicateRecordFields in future releases of GHC.
    |
171 | notifyObjectComplete_objectChecksumAlgorithm = Lens.lens (\NotifyObjectComplete' {objectChecksumAlgorithm} -> objectChecksumAlgorithm) (\s@NotifyObjectComplete' {} a -> s {objectChecksumAlgorithm = a} :: NotifyObjectComplete)
    |                                                                                                                                                                             ^^^^^^^^^^^^^^^^^^^^^^^^^^^

gen/Amazonka/BackupStorage/NotifyObjectComplete.hs:279:170: warning: [GHC-02256] [-Wambiguous-fields]
    The record update s {objectChecksum = a} with type NotifyObjectCompleteResponse is ambiguous.
    This will not be supported by -XDuplicateRecordFields in future releases of GHC.
    |
279 | notifyObjectCompleteResponse_objectChecksum = Lens.lens (\NotifyObjectCompleteResponse' {objectChecksum} -> objectChecksum) (\s@NotifyObjectCompleteResponse' {} a -> s {objectChecksum = a} :: NotifyObjectCompleteResponse)
    |                                                                                                                                                                          ^^^^^^^^^^^^^^^^^^

gen/Amazonka/BackupStorage/NotifyObjectComplete.hs:283:197: warning: [GHC-02256] [-Wambiguous-fields]
    The record update s {objectChecksumAlgorithm = a} with type NotifyObjectCompleteResponse is ambiguous.
    This will not be supported by -XDuplicateRecordFields in future releases of GHC.
    |
283 | notifyObjectCompleteResponse_objectChecksumAlgorithm = Lens.lens (\NotifyObjectCompleteResponse' {objectChecksumAlgorithm} -> objectChecksumAlgorithm) (\s@NotifyObjectCompleteResponse' {} a -> s {objectChecksumAlgorithm = a} :: NotifyObjectCompleteResponse)
    |                                                                                                                                                                                                     ^^^^^^^^^^^^^^^^^^^^^^^^^^^
[10 of 17] Compiling Amazonka.BackupStorage.ListObjects

gen/Amazonka/BackupStorage/ListObjects.hs:130:104: warning: [GHC-02256] [-Wambiguous-fields]
    The record update s {nextToken = a} with type ListObjects is ambiguous.
    This will not be supported by -XDuplicateRecordFields in future releases of GHC.
    |
130 | listObjects_nextToken = Lens.lens (\ListObjects' {nextToken} -> nextToken) (\s@ListObjects' {} a -> s {nextToken = a} :: ListObjects)
    |                                                                                                        ^^^^^^^^^^^^^

gen/Amazonka/BackupStorage/ListObjects.hs:248:128: warning: [GHC-02256] [-Wambiguous-fields]
    The record update s {nextToken = a} with type ListObjectsResponse is ambiguous.
    This will not be supported by -XDuplicateRecordFields in future releases of GHC.
    |
248 | listObjectsResponse_nextToken = Lens.lens (\ListObjectsResponse' {nextToken} -> nextToken) (\s@ListObjectsResponse' {} a -> s {nextToken = a} :: ListObjectsResponse)
    |                                                                                                                                ^^^^^^^^^^^^^
[11 of 17] Compiling Amazonka.BackupStorage.ListChunks

gen/Amazonka/BackupStorage/ListChunks.hs:102:101: warning: [GHC-02256] [-Wambiguous-fields]
    The record update s {nextToken = a} with type ListChunks is ambiguous.
    This will not be supported by -XDuplicateRecordFields in future releases of GHC.
    |
102 | listChunks_nextToken = Lens.lens (\ListChunks' {nextToken} -> nextToken) (\s@ListChunks' {} a -> s {nextToken = a} :: ListChunks)
    |                                                                                                     ^^^^^^^^^^^^^

gen/Amazonka/BackupStorage/ListChunks.hs:110:107: warning: [GHC-02256] [-Wambiguous-fields]
    The record update s {objectToken = a} with type ListChunks is ambiguous.
    This will not be supported by -XDuplicateRecordFields in future releases of GHC.
    |
110 | listChunks_objectToken = Lens.lens (\ListChunks' {objectToken} -> objectToken) (\s@ListChunks' {} a -> s {objectToken = a} :: ListChunks)
    |                                                                                                           ^^^^^^^^^^^^^^^

gen/Amazonka/BackupStorage/ListChunks.hs:205:125: warning: [GHC-02256] [-Wambiguous-fields]
    The record update s {nextToken = a} with type ListChunksResponse is ambiguous.
    This will not be supported by -XDuplicateRecordFields in future releases of GHC.
    |
205 | listChunksResponse_nextToken = Lens.lens (\ListChunksResponse' {nextToken} -> nextToken) (\s@ListChunksResponse' {} a -> s {nextToken = a} :: ListChunksResponse)
    |                                                                                                                             ^^^^^^^^^^^^^
[12 of 17] Compiling Amazonka.BackupStorage.GetObjectMetadata

gen/Amazonka/BackupStorage/GetObjectMetadata.hs:93:128: warning: [GHC-02256] [-Wambiguous-fields]
    The record update s {objectToken = a} with type GetObjectMetadata is ambiguous.
    This will not be supported by -XDuplicateRecordFields in future releases of GHC.
   |
93 | getObjectMetadata_objectToken = Lens.lens (\GetObjectMetadata' {objectToken} -> objectToken) (\s@GetObjectMetadata' {} a -> s {objectToken = a} :: GetObjectMetadata)
   |                                                                                                                                ^^^^^^^^^^^^^^^

gen/Amazonka/BackupStorage/GetObjectMetadata.hs:217:161: warning: [GHC-02256] [-Wambiguous-fields]
    The record update s {metadataString = a} with type GetObjectMetadataResponse is ambiguous.
    This will not be supported by -XDuplicateRecordFields in future releases of GHC.
    |
217 | getObjectMetadataResponse_metadataString = Lens.lens (\GetObjectMetadataResponse' {metadataString} -> metadataString) (\s@GetObjectMetadataResponse' {} a -> s {metadataString = a} :: GetObjectMetadataResponse)
    |                                                                                                                                                                 ^^^^^^^^^^^^^^^^^^
[13 of 17] Compiling Amazonka.BackupStorage.GetChunk

gen/Amazonka/BackupStorage/GetChunk.hs:92:98: warning: [GHC-02256] [-Wambiguous-fields]
    The record update s {chunkToken = a} with type GetChunk is ambiguous.
    This will not be supported by -XDuplicateRecordFields in future releases of GHC.
   |
92 | getChunk_chunkToken = Lens.lens (\GetChunk' {chunkToken} -> chunkToken) (\s@GetChunk' {} a -> s {chunkToken = a} :: GetChunk)
   |                                                                                                  ^^^^^^^^^^^^^^

gen/Amazonka/BackupStorage/GetChunk.hs:207:110: warning: [GHC-02256] [-Wambiguous-fields]
    The record update s {length = a} with type GetChunkResponse is ambiguous.
    This will not be supported by -XDuplicateRecordFields in future releases of GHC.
    |
207 | getChunkResponse_length = Lens.lens (\GetChunkResponse' {length} -> length) (\s@GetChunkResponse' {} a -> s {length = a} :: GetChunkResponse)
    |                                                                                                              ^^^^^^^^^^

gen/Amazonka/BackupStorage/GetChunk.hs:211:116: warning: [GHC-02256] [-Wambiguous-fields]
    The record update s {checksum = a} with type GetChunkResponse is ambiguous.
    This will not be supported by -XDuplicateRecordFields in future releases of GHC.
    |
211 | getChunkResponse_checksum = Lens.lens (\GetChunkResponse' {checksum} -> checksum) (\s@GetChunkResponse' {} a -> s {checksum = a} :: GetChunkResponse)
    |                                                                                                                    ^^^^^^^^^^^^

gen/Amazonka/BackupStorage/GetChunk.hs:215:143: warning: [GHC-02256] [-Wambiguous-fields]
    The record update s {checksumAlgorithm = a} with type GetChunkResponse is ambiguous.
    This will not be supported by -XDuplicateRecordFields in future releases of GHC.
    |
215 | getChunkResponse_checksumAlgorithm = Lens.lens (\GetChunkResponse' {checksumAlgorithm} -> checksumAlgorithm) (\s@GetChunkResponse' {} a -> s {checksumAlgorithm = a} :: GetChunkResponse)
    |                                                                                                                                               ^^^^^^^^^^^^^^^^^^^^^
[14 of 17] Compiling Amazonka.BackupStorage.DeleteObject
[15 of 17] Compiling Amazonka.BackupStorage.Lens
[16 of 17] Compiling Amazonka.BackupStorage.Waiters
[17 of 17] Compiling Amazonka.BackupStorage
Configuring test suite 'amazonka-backupstorage-test' for amazonka-backupstorage-2.0...
Preprocessing test suite 'amazonka-backupstorage-test' for amazonka-backupstorage-2.0...
Building test suite 'amazonka-backupstorage-test' for amazonka-backupstorage-2.0...
[1 of 4] Compiling Test.Amazonka.BackupStorage
[2 of 4] Compiling Test.Amazonka.BackupStorage.Internal
[3 of 4] Compiling Main
[4 of 4] Compiling Test.Amazonka.Gen.BackupStorage
[5 of 5] Linking /tmp/workdir-amazonka-backupstorage/amazonka-backupstorage-2.0/dist-newstyle/build/x86_64-linux/ghc-9.6.6/amazonka-backupstorage-2.0/t/amazonka-backupstorage-test/build/amazonka-backupstorage-test/amazonka-backupstorage-test
