Build profile: -w ghc-9.6.6 -O1
In order, the following will be built (use -v for more details):
 - nix-derivation-1.1.3 (lib) (first run)
 - nix-derivation-1.1.3 (test:property) (first run)
 - nix-derivation-1.1.3 (exe:pretty-derivation) (first run)
 - nix-derivation-1.1.3 (test:example) (first run)
Configuring library for nix-derivation-1.1.3...
Preprocessing library for nix-derivation-1.1.3...
Building library for nix-derivation-1.1.3...
[1 of 4] Compiling Nix.Derivation.Types
[2 of 4] Compiling Nix.Derivation.Parser
[3 of 4] Compiling Nix.Derivation.Builder
[4 of 4] Compiling Nix.Derivation
Configuring test suite 'property' for nix-derivation-1.1.3...
Preprocessing test suite 'property' for nix-derivation-1.1.3...
Building test suite 'property' for nix-derivation-1.1.3...
[1 of 1] Compiling Main
[2 of 2] Linking /tmp/workdir-nix-derivation/nix-derivation-1.1.3/dist-newstyle/build/x86_64-linux/ghc-9.6.6/nix-derivation-1.1.3/t/property/build/property/property
Configuring executable 'pretty-derivation' for nix-derivation-1.1.3...
Preprocessing executable 'pretty-derivation' for nix-derivation-1.1.3...
Building executable 'pretty-derivation' for nix-derivation-1.1.3...
[1 of 1] Compiling Main
[2 of 2] Linking /tmp/workdir-nix-derivation/nix-derivation-1.1.3/dist-newstyle/build/x86_64-linux/ghc-9.6.6/nix-derivation-1.1.3/x/pretty-derivation/build/pretty-derivation/pretty-derivation
Configuring test suite 'example' for nix-derivation-1.1.3...
Preprocessing test suite 'example' for nix-derivation-1.1.3...
Building test suite 'example' for nix-derivation-1.1.3...
[1 of 1] Compiling Main
[2 of 2] Linking /tmp/workdir-nix-derivation/nix-derivation-1.1.3/dist-newstyle/build/x86_64-linux/ghc-9.6.6/nix-derivation-1.1.3/t/example/build/example/example
