Build profile: -w ghc-9.6.6 -O1
In order, the following will be built (use -v for more details):
 - hpqtypes-extras-1.16.4.4 (lib) (first run)
 - hpqtypes-extras-1.16.4.4 (test:hpqtypes-extras-tests) (first run)
Configuring library for hpqtypes-extras-1.16.4.4...
Preprocessing library for hpqtypes-extras-1.16.4.4...
Building library for hpqtypes-extras-1.16.4.4...
[ 1 of 20] Compiling Database.PostgreSQL.PQTypes.Deriving
[ 2 of 20] Compiling Database.PostgreSQL.PQTypes.ExtrasOptions
[ 3 of 20] Compiling Database.PostgreSQL.PQTypes.Model.Check
[ 4 of 20] Compiling Database.PostgreSQL.PQTypes.Model.ColumnType
[ 5 of 20] Compiling Database.PostgreSQL.PQTypes.Model.Domain
[ 6 of 20] Compiling Database.PostgreSQL.PQTypes.Model.Extension
[ 7 of 20] Compiling Database.PostgreSQL.PQTypes.Model.ForeignKey
[ 8 of 20] Compiling Database.PostgreSQL.PQTypes.Model.Index
[ 9 of 20] Compiling Database.PostgreSQL.PQTypes.SQL.Builder
[10 of 20] Compiling Database.PostgreSQL.PQTypes.Model.Trigger
[11 of 20] Compiling Database.PostgreSQL.PQTypes.Model.CompositeType
[12 of 20] Compiling Database.PostgreSQL.PQTypes.Utils.NubList
[13 of 20] Compiling Database.PostgreSQL.PQTypes.Model.PrimaryKey
[14 of 20] Compiling Database.PostgreSQL.PQTypes.Model.Table
[15 of 20] Compiling Database.PostgreSQL.PQTypes.Model.Migration
[16 of 20] Compiling Database.PostgreSQL.PQTypes.Model
[17 of 20] Compiling Database.PostgreSQL.PQTypes.Checks.Util
[18 of 20] Compiling Database.PostgreSQL.PQTypes.Migrate
[19 of 20] Compiling Database.PostgreSQL.PQTypes.Versions
[20 of 20] Compiling Database.PostgreSQL.PQTypes.Checks
Configuring test suite 'hpqtypes-extras-tests' for hpqtypes-extras-1.16.4.4...
Preprocessing test suite 'hpqtypes-extras-tests' for hpqtypes-extras-1.16.4.4...
Building test suite 'hpqtypes-extras-tests' for hpqtypes-extras-1.16.4.4...
[1 of 1] Compiling Main
[2 of 2] Linking /tmp/workdir-hpqtypes-extras/hpqtypes-extras-1.16.4.4/dist-newstyle/build/x86_64-linux/ghc-9.6.6/hpqtypes-extras-1.16.4.4/t/hpqtypes-extras-tests/build/hpqtypes-extras-tests/hpqtypes-extras-tests
