Build profile: -w ghc-9.6.6 -O1
In order, the following will be built (use -v for more details):
 - elm-export-0.6.0.1 (lib) (first run)
 - elm-export-0.6.0.1 (test:elm-export-test) (first run)
Configuring library for elm-export-0.6.0.1...
Preprocessing library for elm-export-0.6.0.1...
Building library for elm-export-0.6.0.1...
[1 of 7] Compiling Elm.Common

src/Elm/Common.hs:5:1: warning: [-Wdodgy-imports]
    Module ‘Text.PrettyPrint.Leijen.Text’ does not export ‘(<>)’
  |
5 | import Text.PrettyPrint.Leijen.Text hiding ((<$>), (<>))
  | ^^^^^^^^^^^^^^^^^^^^^^^^^^^^^^^^^^^^^^^^^^^^^^^^^^^^^^^^

src/Elm/Common.hs:6:1: warning: [-Wunused-imports]
    The import of ‘Data.Monoid’ is redundant
      except perhaps to import instances from ‘Data.Monoid’
    To import instances alone, use: import Data.Monoid()
  |
6 | import Data.Monoid
  | ^^^^^^^^^^^^^^^^^^
[2 of 7] Compiling Elm.File

src/Elm/File.hs:9:1: warning: [-Wunused-imports]
    The import of ‘Data.Monoid’ is redundant
      except perhaps to import instances from ‘Data.Monoid’
    To import instances alone, use: import Data.Monoid()
  |
9 | import           Data.Monoid
  | ^^^^^^^^^^^^^^^^^^^^^^^^^^^^
[3 of 7] Compiling Elm.Type
[4 of 7] Compiling Elm.Record

src/Elm/Record.hs:11:1: warning: [-Wunused-imports]
    The import of ‘Data.Monoid’ is redundant
      except perhaps to import instances from ‘Data.Monoid’
    To import instances alone, use: import Data.Monoid()
   |
11 | import Data.Monoid
   | ^^^^^^^^^^^^^^^^^^

src/Elm/Record.hs:15:1: warning: [-Wdodgy-imports]
    Module ‘Text.PrettyPrint.Leijen.Text’ does not export ‘(<>)’
   |
15 | import Text.PrettyPrint.Leijen.Text hiding ((<$>), (<>))
   | ^^^^^^^^^^^^^^^^^^^^^^^^^^^^^^^^^^^^^^^^^^^^^^^^^^^^^^^^
[5 of 7] Compiling Elm.Encoder

src/Elm/Encoder.hs:11:1: warning: [-Wunused-imports]
    The import of ‘Data.Monoid’ is redundant
      except perhaps to import instances from ‘Data.Monoid’
    To import instances alone, use: import Data.Monoid()
   |
11 | import Data.Monoid
   | ^^^^^^^^^^^^^^^^^^

src/Elm/Encoder.hs:15:1: warning: [-Wdodgy-imports]
    Module ‘Text.PrettyPrint.Leijen.Text’ does not export ‘(<>)’
   |
15 | import Text.PrettyPrint.Leijen.Text hiding ((<$>), (<>))
   | ^^^^^^^^^^^^^^^^^^^^^^^^^^^^^^^^^^^^^^^^^^^^^^^^^^^^^^^^

src/Elm/Encoder.hs:37:3: warning: [GHC-62161] [-Wincomplete-patterns]
    Pattern match(es) are non-exhaustive
    In an equation for ‘render’:
        Patterns of type ‘ElmConstructor’ not matched:
            NamedConstructor _ _
            MultipleConstructors _
   |
37 |   render (RecordConstructor _ value) = do
   |   ^^^^^^^^^^^^^^^^^^^^^^^^^^^^^^^^^^^^^^^...

src/Elm/Encoder.hs:42:3: warning: [GHC-62161] [-Wincomplete-patterns]
    Pattern match(es) are non-exhaustive
    In an equation for ‘render’:
        Patterns of type ‘ElmValue’ not matched: ElmEmpty
   |
42 |   render (ElmField name value) = do
   |   ^^^^^^^^^^^^^^^^^^^^^^^^^^^^^^^^^...
[6 of 7] Compiling Elm.Decoder

src/Elm/Decoder.hs:14:1: warning: [-Wunused-imports]
    The import of ‘Data.Monoid’ is redundant
      except perhaps to import instances from ‘Data.Monoid’
    To import instances alone, use: import Data.Monoid()
   |
14 | import Data.Monoid
   | ^^^^^^^^^^^^^^^^^^

src/Elm/Decoder.hs:18:1: warning: [-Wdodgy-imports]
    Module ‘Text.PrettyPrint.Leijen.Text’ does not export ‘(<>)’
   |
18 | import Text.PrettyPrint.Leijen.Text hiding ((<$>), (<>))
   | ^^^^^^^^^^^^^^^^^^^^^^^^^^^^^^^^^^^^^^^^^^^^^^^^^^^^^^^^

src/Elm/Decoder.hs:40:3: warning: [GHC-62161] [-Wincomplete-patterns]
    Pattern match(es) are non-exhaustive
    In an equation for ‘render’:
        Patterns of type ‘ElmConstructor’ not matched:
            MultipleConstructors _
   |
40 |   render (NamedConstructor name value) = do
   |   ^^^^^^^^^^^^^^^^^^^^^^^^^^^^^^^^^^^^^^^^^...

src/Elm/Decoder.hs:48:3: warning: [GHC-62161] [-Wincomplete-patterns]
    Pattern match(es) are non-exhaustive
    In an equation for ‘render’:
        Patterns of type ‘ElmValue’ not matched: ElmEmpty
   |
48 |   render (ElmRef name) = pure $ "decode" <> stext name
   |   ^^^^^^^^^^^^^^^^^^^^^^^^^^^^^^^^^^^^^^^^^^^^^^^^^^^^...
[7 of 7] Compiling Elm
Configuring test suite 'elm-export-test' for elm-export-0.6.0.1...
Preprocessing test suite 'elm-export-test' for elm-export-0.6.0.1...
Building test suite 'elm-export-test' for elm-export-0.6.0.1...
[1 of 3] Compiling ExportSpec

test/ExportSpec.hs:13:1: warning: [-Wunused-imports]
    The import of ‘Data.Monoid’ is redundant
      except perhaps to import instances from ‘Data.Monoid’
    To import instances alone, use: import Data.Monoid()
   |
13 | import           Data.Monoid
   | ^^^^^^^^^^^^^^^^^^^^^^^^^^^^
[2 of 3] Compiling TypesSpec
[3 of 3] Compiling Main
[4 of 4] Linking /tmp/workdir-elm-export/elm-export-0.6.0.1/dist-newstyle/build/x86_64-linux/ghc-9.6.6/elm-export-0.6.0.1/t/elm-export-test/build/elm-export-test/elm-export-test
