Build profile: -w ghc-9.6.6 -O1
In order, the following will be built (use -v for more details):
 - HaTeX-3.22.4.2 (lib) (first run)
 - HaTeX-3.22.4.2 (test:parser-tests) (first run)
 - HaTeX-3.22.4.2 (test:hatex-test) (first run)
Configuring library for HaTeX-3.22.4.2...
Preprocessing library for HaTeX-3.22.4.2...
Building library for HaTeX-3.22.4.2...
[ 1 of 43] Compiling Paths_HaTeX
[ 2 of 43] Compiling Text.LaTeX.Base.Syntax

Text/LaTeX/Base/Syntax.hs:40:1: warning: [-Wunused-imports]
    The import of ‘Control.Applicative’ is redundant
      except perhaps to import instances from ‘Control.Applicative’
    To import instances alone, use: import Control.Applicative()
   |
40 | import Control.Applicative (liftA2)
   | ^^^^^^^^^^^^^^^^^^^^^^^^^^^^^^^^^^^
[ 3 of 43] Compiling Text.LaTeX.Base.Class
[ 4 of 43] Compiling Text.LaTeX.Base.Render
[ 5 of 43] Compiling Text.LaTeX.Base.Pretty
[ 6 of 43] Compiling Text.LaTeX.Base.Parser
[ 7 of 43] Compiling Text.LaTeX.Base.Texy
[ 8 of 43] Compiling Text.LaTeX.Base.Types
[ 9 of 43] Compiling Text.LaTeX.Base.Warnings
[10 of 43] Compiling Text.LaTeX.Base.Writer

Text/LaTeX/Base/Writer.hs:58:1: warning: [-Wunused-imports]
    The import of ‘Control.Applicative’ is redundant
      except perhaps to import instances from ‘Control.Applicative’
    To import instances alone, use: import Control.Applicative()
   |
58 | import Control.Applicative (liftA2)
   | ^^^^^^^^^^^^^^^^^^^^^^^^^^^^^^^^^^^
[11 of 43] Compiling Text.LaTeX.Base.Math

Text/LaTeX/Base/Math.hs:927:1: warning: [GHC-64088] [-Wforall-identifier]
    The use of ‘forall’ as an identifier
    will become an error in a future GHC release.
    Suggested fix:
      Consider using another name, such as
      ‘forAll’, ‘for_all’, or ‘forall_’.
    |
927 | forall = comm0 "forall"
    | ^^^^^^
[12 of 43] Compiling Text.LaTeX.Base.Commands
[13 of 43] Compiling Text.LaTeX.Base
[14 of 43] Compiling Text.LaTeX
[15 of 43] Compiling Text.LaTeX.Packages.AMSFonts
[16 of 43] Compiling Text.LaTeX.Packages.AMSMath
[17 of 43] Compiling Text.LaTeX.Packages.AMSSymb
[18 of 43] Compiling Text.LaTeX.Packages.AMSThm
[19 of 43] Compiling Text.LaTeX.Packages.Acronym
[20 of 43] Compiling Text.LaTeX.Packages.Babel
[21 of 43] Compiling Text.LaTeX.Packages.Beamer
[22 of 43] Compiling Text.LaTeX.Packages.BibLaTeX

Text/LaTeX/Packages/BibLaTeX.hs:44:1: warning: [-Wunused-imports]
    The import of ‘Control.Applicative’ is redundant
      except perhaps to import instances from ‘Control.Applicative’
    To import instances alone, use: import Control.Applicative()
   |
44 | import Control.Applicative (liftA2)
   | ^^^^^^^^^^^^^^^^^^^^^^^^^^^^^^^^^^^
[23 of 43] Compiling Text.LaTeX.Packages.Bigstrut
[24 of 43] Compiling Text.LaTeX.Packages.Color
[25 of 43] Compiling Text.LaTeX.Packages.Fancyhdr
[26 of 43] Compiling Text.LaTeX.Packages.Fontenc
[27 of 43] Compiling Text.LaTeX.Packages.Geometry
[28 of 43] Compiling Text.LaTeX.Packages.Graphicx
[29 of 43] Compiling Text.LaTeX.Packages.Hyperref
[30 of 43] Compiling Text.LaTeX.Packages.Inputenc
[31 of 43] Compiling Text.LaTeX.Packages.LongTable
[32 of 43] Compiling Text.LaTeX.Packages.Lscape
[33 of 43] Compiling Text.LaTeX.Packages.Multirow
[34 of 43] Compiling Text.LaTeX.Packages.QRCode
[35 of 43] Compiling Text.LaTeX.Packages.Relsize
[36 of 43] Compiling Text.LaTeX.Packages.TabularX
[37 of 43] Compiling Text.LaTeX.Packages.LTableX
[38 of 43] Compiling Text.LaTeX.Packages.TikZ.Syntax
[39 of 43] Compiling Text.LaTeX.Packages.TikZ.PathBuilder
[40 of 43] Compiling Text.LaTeX.Packages.TikZ
[41 of 43] Compiling Text.LaTeX.Packages.TikZ.Simple
[42 of 43] Compiling Text.LaTeX.Packages.Trees

Text/LaTeX/Packages/Trees.hs:8:1: warning: [-Wunused-imports]
    The import of ‘Control.Applicative’ is redundant
      except perhaps to import instances from ‘Control.Applicative’
    To import instances alone, use: import Control.Applicative()
  |
8 | import Control.Applicative (liftA2)
  | ^^^^^^^^^^^^^^^^^^^^^^^^^^^^^^^^^^^
[43 of 43] Compiling Text.LaTeX.Packages.Trees.Qtree
Configuring test suite 'parser-tests' for HaTeX-3.22.4.2...
Preprocessing test suite 'parser-tests' for HaTeX-3.22.4.2...
Building test suite 'parser-tests' for HaTeX-3.22.4.2...
[1 of 1] Compiling Main
[2 of 2] Linking /tmp/workdir-HaTeX/HaTeX-3.22.4.2/dist-newstyle/build/x86_64-linux/ghc-9.6.6/HaTeX-3.22.4.2/t/parser-tests/build/parser-tests/parser-tests
Configuring test suite 'hatex-test' for HaTeX-3.22.4.2...
Preprocessing test suite 'hatex-test' for HaTeX-3.22.4.2...
Building test suite 'hatex-test' for HaTeX-3.22.4.2...
[1 of 1] Compiling Main
[2 of 2] Linking /tmp/workdir-HaTeX/HaTeX-3.22.4.2/dist-newstyle/build/x86_64-linux/ghc-9.6.6/HaTeX-3.22.4.2/t/hatex-test/build/hatex-test/hatex-test
