Build profile: -w ghc-9.6.6 -O1
In order, the following will be built (use -v for more details):
 - crypton-x509-system-1.6.7 (lib) (first run)
Configuring library for crypton-x509-system-1.6.7...
Preprocessing library for crypton-x509-system-1.6.7...
Building library for crypton-x509-system-1.6.7...
[1 of 3] Compiling System.X509.MacOS

System/X509/MacOS.hs:8:1: warning: [-Wunused-imports]
    The import of ‘Control.Applicative’ is redundant
      except perhaps to import instances from ‘Control.Applicative’
    To import instances alone, use: import Control.Applicative()
  |
8 | import Control.Applicative
  | ^^^^^^^^^^^^^^^^^^^^^^^^^^
[2 of 3] Compiling System.X509.Unix

System/X509/Unix.hs:22:1: warning: [-Wunused-imports]
    The import of ‘Control.Applicative’ is redundant
      except perhaps to import instances from ‘Control.Applicative’
    To import instances alone, use: import Control.Applicative()
   |
22 | import Control.Applicative ((<$>))
   | ^^^^^^^^^^^^^^^^^^^^^^^^^^^^^^^^^^

System/X509/Unix.hs:26:1: warning: [-Wunused-imports]
    The import of ‘Data.Monoid’ is redundant
      except perhaps to import instances from ‘Data.Monoid’
    To import instances alone, use: import Data.Monoid()
   |
26 | import Data.Monoid (mconcat)
   | ^^^^^^^^^^^^^^^^^^^^^^^^^^^^
[3 of 3] Compiling System.X509
