Build profile: -w ghc-9.6.6 -O1
In order, the following will be built (use -v for more details):
 - shellwords-0.1.3.1 (lib) (first run)
 - shellwords-0.1.3.1 (test:hspec) (first run)
Configuring library for shellwords-0.1.3.1...
Preprocessing library for shellwords-0.1.3.1...
Building library for shellwords-0.1.3.1...
[1 of 3] Compiling Paths_shellwords
[2 of 3] Compiling Text.Megaparsec.Compat
[3 of 3] Compiling ShellWords

src/ShellWords.hs: warning: [-Wall-missed-specialisations]
    Could not specialise imported function ‘Text.Megaparsec.Error.$fOrdErrorItem’
    Probable fix: add INLINABLE pragma on ‘Text.Megaparsec.Error.$fOrdErrorItem’

src/ShellWords.hs: warning: [-Wmissed-specialisations]
    Could not specialise imported function ‘Text.Megaparsec.Error.$fOrdErrorItem_$ccompare’
      when specialising ‘containers-0.6.7:Data.Set.Internal.$wsplitS’
      when specialising ‘containers-0.6.7:Data.Set.Internal.splitS’
      when specialising ‘containers-0.6.7:Data.Set.Internal.union’
    Probable fix: add INLINABLE pragma on ‘Text.Megaparsec.Error.$fOrdErrorItem_$ccompare’

src/ShellWords.hs: warning: [-Wmissed-specialisations]
    Could not specialise imported function ‘Text.Megaparsec.Error.$fOrdErrorFancy_$ccompare’
      when specialising ‘containers-0.6.7:Data.Set.Internal.$wsplitS’
      when specialising ‘containers-0.6.7:Data.Set.Internal.splitS’
      when specialising ‘containers-0.6.7:Data.Set.Internal.union’
    Probable fix: add INLINABLE pragma on ‘Text.Megaparsec.Error.$fOrdErrorFancy_$ccompare’

src/ShellWords.hs: warning: [-Wmissed-specialisations]
    Could not specialise imported function ‘Text.Megaparsec.Error.$fOrdErrorFancy_$ccompare’
      when specialising ‘containers-0.6.7:Data.Set.Internal.insert’
      when specialising ‘containers-0.6.7:Data.Set.Internal.union’
    Probable fix: add INLINABLE pragma on ‘Text.Megaparsec.Error.$fOrdErrorFancy_$ccompare’

src/ShellWords.hs: warning: [-Wmissed-specialisations]
    Could not specialise imported function ‘Text.Megaparsec.Error.$fOrdErrorItem_$ccompare’
      when specialising ‘containers-0.6.7:Data.Set.Internal.insert’
      when specialising ‘containers-0.6.7:Data.Set.Internal.union’
    Probable fix: add INLINABLE pragma on ‘Text.Megaparsec.Error.$fOrdErrorItem_$ccompare’

src/ShellWords.hs: warning: [-Wmissed-specialisations]
    Could not specialise imported function ‘Text.Megaparsec.Error.$fOrdErrorFancy_$ccompare’
      when specialising ‘containers-0.6.7:Data.Set.Internal.insertR’
      when specialising ‘containers-0.6.7:Data.Set.Internal.union’
    Probable fix: add INLINABLE pragma on ‘Text.Megaparsec.Error.$fOrdErrorFancy_$ccompare’

src/ShellWords.hs: warning: [-Wmissed-specialisations]
    Could not specialise imported function ‘Text.Megaparsec.Error.$fOrdErrorItem_$ccompare’
      when specialising ‘containers-0.6.7:Data.Set.Internal.insertR’
      when specialising ‘containers-0.6.7:Data.Set.Internal.union’
    Probable fix: add INLINABLE pragma on ‘Text.Megaparsec.Error.$fOrdErrorItem_$ccompare’

src/ShellWords.hs: warning: [-Wall-missed-specialisations]
    Could not specialise imported function ‘Text.Megaparsec.Error.$fOrdErrorItem_$c<’
    Probable fix: add INLINABLE pragma on ‘Text.Megaparsec.Error.$fOrdErrorItem_$c<’

src/ShellWords.hs: warning: [-Wall-missed-specialisations]
    Could not specialise imported function ‘Text.Megaparsec.Error.$fOrdErrorFancy’
    Probable fix: add INLINABLE pragma on ‘Text.Megaparsec.Error.$fOrdErrorFancy’

src/ShellWords.hs: warning: [-Wmissed-specialisations]
    Could not specialise imported function ‘Text.Megaparsec.Error.$fOrdErrorItem’
      when specialising ‘Text.Megaparsec.Internal.accHints’
    Probable fix: add INLINABLE pragma on ‘Text.Megaparsec.Error.$fOrdErrorItem’

src/ShellWords.hs: warning: [-Wall-missed-specialisations]
    Could not specialise imported function ‘Text.Megaparsec.Internal.$fApplicativeParsecT2’
    Probable fix: add INLINABLE pragma on ‘Text.Megaparsec.Internal.$fApplicativeParsecT2’

src/ShellWords.hs: warning: [-Wall-missed-specialisations]
    Could not specialise imported function ‘Text.Megaparsec.Stream.$fStreamList_$ctakeN_’
    Probable fix: add INLINABLE pragma on ‘Text.Megaparsec.Stream.$fStreamList_$ctakeN_’

src/ShellWords.hs: warning: [-Wall-missed-specialisations]
    Could not specialise imported function ‘GHC.List.elem’
    Probable fix: add INLINABLE pragma on ‘GHC.List.elem’

src/ShellWords.hs: warning: [-Wall-missed-specialisations]
    Could not specialise imported function ‘errorBundlePretty’
    Probable fix: add INLINABLE pragma on ‘errorBundlePretty’
Configuring test suite 'hspec' for shellwords-0.1.3.1...
Preprocessing test suite 'hspec' for shellwords-0.1.3.1...
Building test suite 'hspec' for shellwords-0.1.3.1...
[1 of 3] Compiling Paths_shellwords
[2 of 3] Compiling ShellWordsSpec

test/ShellWordsSpec.hs: warning: [-Wall-missed-specialisations]
    Could not specialise imported function ‘hspec-core-2.11.9-1fa8a015e35608a0d186d199fcbdfada3dfb1cdef33b66dd73a5317423f0dea7:Test.Hspec.Core.Tree.$wspecItem’
    Probable fix: add INLINABLE pragma on ‘hspec-core-2.11.9-1fa8a015e35608a0d186d199fcbdfada3dfb1cdef33b66dd73a5317423f0dea7:Test.Hspec.Core.Tree.$wspecItem’

test/ShellWordsSpec.hs: warning: [-Wall-missed-specialisations]
    Could not specialise imported function ‘Text.Megaparsec.Stream.$fStreamList_$ctakeN_’
    Probable fix: add INLINABLE pragma on ‘Text.Megaparsec.Stream.$fStreamList_$ctakeN_’

test/ShellWordsSpec.hs: warning: [-Wall-missed-specialisations]
    Could not specialise imported function ‘Text.Megaparsec.Internal.$fApplicativeParsecT2’
    Probable fix: add INLINABLE pragma on ‘Text.Megaparsec.Internal.$fApplicativeParsecT2’

test/ShellWordsSpec.hs: warning: [-Wall-missed-specialisations]
    Could not specialise imported function ‘Text.Megaparsec.Internal.$fApplicativeParsecT1’
    Probable fix: add INLINABLE pragma on ‘Text.Megaparsec.Internal.$fApplicativeParsecT1’

test/ShellWordsSpec.hs: warning: [-Wall-missed-specialisations]
    Could not specialise imported function ‘HUnit-1.6.2.0-45f34226951fc0d0c8863615e1ebdc401535f33135896e4cd5b13ae4f86a7357:Test.HUnit.Lang.$wassertEqual’
    Probable fix: add INLINABLE pragma on ‘HUnit-1.6.2.0-45f34226951fc0d0c8863615e1ebdc401535f33135896e4cd5b13ae4f86a7357:Test.HUnit.Lang.$wassertEqual’
[3 of 3] Compiling Main
[4 of 4] Linking /tmp/workdir-shellwords/shellwords-0.1.3.1/dist-newstyle/build/x86_64-linux/ghc-9.6.6/shellwords-0.1.3.1/t/hspec/build/hspec/hspec
