Build profile: -w ghc-9.6.6 -O1
In order, the following will be built (use -v for more details):
 - tmapmvar-0.0.4 (lib) (first run)
 - tmapmvar-0.0.4 (test:tmapmvar-test) (first run)
Configuring library for tmapmvar-0.0.4...
Preprocessing library for tmapmvar-0.0.4...
Building library for tmapmvar-0.0.4...
[1 of 3] Compiling Control.Concurrent.STM.TMapMVar
[2 of 3] Compiling Control.Concurrent.STM.TMapMVar.Hash
[3 of 3] Compiling Paths_tmapmvar
Configuring test suite 'tmapmvar-test' for tmapmvar-0.0.4...
Preprocessing test suite 'tmapmvar-test' for tmapmvar-0.0.4...
Building test suite 'tmapmvar-test' for tmapmvar-0.0.4...
[1 of 2] Compiling Main

test/Spec.hs:8:1: warning: [-Wunused-imports]
    The import of ‘Data.Map.Strict’ is redundant
      except perhaps to import instances from ‘Data.Map.Strict’
    To import instances alone, use: import Data.Map.Strict()
  |
8 | import Data.Map.Strict as Map
  | ^^^^^^^^^^^^^^^^^^^^^^^^^^^^^

test/Spec.hs:9:1: warning: [-Wunused-imports]
    The import of ‘Control.Monad’ is redundant
      except perhaps to import instances from ‘Control.Monad’
    To import instances alone, use: import Control.Monad()
  |
9 | import Control.Monad (forM_)
  | ^^^^^^^^^^^^^^^^^^^^^^^^^^^^

test/Spec.hs:13:1: warning: [-Wunused-imports]
    The import of ‘Control.Concurrent.STM.TVar’ is redundant
      except perhaps to import instances from ‘Control.Concurrent.STM.TVar’
    To import instances alone, use: import Control.Concurrent.STM.TVar()
   |
13 | import Control.Concurrent.STM.TVar (readTVar, newTVarIO, writeTVar, modifyTVar')
   | ^^^^^^^^^^^^^^^^^^^^^^^^^^^^^^^^^^^^^^^^^^^^^^^^^^^^^^^^^^^^^^^^^^^^^^^^^^^^^^^^

test/Spec.hs:14:1: warning: [-Wunused-imports]
    The import of ‘Control.Concurrent.STM.TMVar’ is redundant
      except perhaps to import instances from ‘Control.Concurrent.STM.TMVar’
    To import instances alone, use: import Control.Concurrent.STM.TMVar()
   |
14 | import Control.Concurrent.STM.TMVar (tryReadTMVar)
   | ^^^^^^^^^^^^^^^^^^^^^^^^^^^^^^^^^^^^^^^^^^^^^^^^^^

test/Spec.hs:15:44: warning: [-Wunused-imports]
    The import of ‘STM’
    from module ‘Control.Concurrent.STM’ is redundant
   |
15 | import Control.Concurrent.STM (atomically, STM)
   |                                            ^^^

test/Spec.hs:18:25: warning: [-Wunused-imports]
    The import of ‘Arbitrary’
    from module ‘Test.QuickCheck’ is redundant
   |
18 | import Test.QuickCheck (Arbitrary (..), Property, ioProperty)
   |                         ^^^^^^^^^^^^^^

test/Spec.hs:19:1: warning: [-Wunused-imports]
    The import of ‘System.IO.Unsafe’ is redundant
      except perhaps to import instances from ‘System.IO.Unsafe’
    To import instances alone, use: import System.IO.Unsafe()
   |
19 | import System.IO.Unsafe (unsafePerformIO)
   | ^^^^^^^^^^^^^^^^^^^^^^^^^^^^^^^^^^^^^^^^^

test/Spec.hs:50:3: warning: [GHC-81995] [-Wunused-do-bind]
    A do-notation statement discarded a result of type
      ‘Control.Concurrent.Async.Internal.Async ()’
    Suggested fix:
      Suppress this warning by saying
        ‘_ <- async
                $ do threadDelay 10
                     atomically $ TMapMVar.delete var k’
   |
50 |   async $ do
   |   ^^^^^^^^^^...

test/Spec.hs:93:3: warning: [GHC-81995] [-Wunused-do-bind]
    A do-notation statement discarded a result of type
      ‘Control.Concurrent.Async.Internal.Async ()’
    Suggested fix:
      Suppress this warning by saying
        ‘_ <- async
                $ do threadDelay 10
                     atomically $ TMapMVar.insert var k v’
   |
93 |   async $ do
   |   ^^^^^^^^^^...
[2 of 2] Compiling Paths_tmapmvar
[3 of 3] Linking /tmp/workdir-tmapmvar/tmapmvar-0.0.4/dist-newstyle/build/x86_64-linux/ghc-9.6.6/tmapmvar-0.0.4/t/tmapmvar-test/build/tmapmvar-test/tmapmvar-test
