Build profile: -w ghc-9.6.6 -O1
In order, the following will be built (use -v for more details):
 - amazonka-oam-2.0 (lib) (first run)
 - amazonka-oam-2.0 (test:amazonka-oam-test) (first run)
Configuring library for amazonka-oam-2.0...
Preprocessing library for amazonka-oam-2.0...
Building library for amazonka-oam-2.0...
[ 1 of 23] Compiling Amazonka.OAM.Types.ListAttachedLinksItem
[ 2 of 23] Compiling Amazonka.OAM.Types.ListLinksItem
[ 3 of 23] Compiling Amazonka.OAM.Types.ListSinksItem
[ 4 of 23] Compiling Amazonka.OAM.Types.ResourceType
[ 5 of 23] Compiling Amazonka.OAM.Types
[ 6 of 23] Compiling Amazonka.OAM.TagResource
[ 7 of 23] Compiling Amazonka.OAM.PutSinkPolicy

gen/Amazonka/OAM/PutSinkPolicy.hs:127:101: warning: [GHC-02256] [-Wambiguous-fields]
    The record update s {policy = a} with type PutSinkPolicy is ambiguous.
    This will not be supported by -XDuplicateRecordFields in future releases of GHC.
    |
127 | putSinkPolicy_policy = Lens.lens (\PutSinkPolicy' {policy} -> policy) (\s@PutSinkPolicy' {} a -> s {policy = a} :: PutSinkPolicy)
    |                                                                                                     ^^^^^^^^^^

gen/Amazonka/OAM/PutSinkPolicy.hs:227:125: warning: [GHC-02256] [-Wambiguous-fields]
    The record update s {policy = a} with type PutSinkPolicyResponse is ambiguous.
    This will not be supported by -XDuplicateRecordFields in future releases of GHC.
    |
227 | putSinkPolicyResponse_policy = Lens.lens (\PutSinkPolicyResponse' {policy} -> policy) (\s@PutSinkPolicyResponse' {} a -> s {policy = a} :: PutSinkPolicyResponse)
    |                                                                                                                             ^^^^^^^^^^

gen/Amazonka/OAM/PutSinkPolicy.hs:231:128: warning: [GHC-02256] [-Wambiguous-fields]
    The record update s {sinkArn = a} with type PutSinkPolicyResponse is ambiguous.
    This will not be supported by -XDuplicateRecordFields in future releases of GHC.
    |
231 | putSinkPolicyResponse_sinkArn = Lens.lens (\PutSinkPolicyResponse' {sinkArn} -> sinkArn) (\s@PutSinkPolicyResponse' {} a -> s {sinkArn = a} :: PutSinkPolicyResponse)
    |                                                                                                                                ^^^^^^^^^^^
[ 8 of 23] Compiling Amazonka.OAM.ListTagsForResource
[ 9 of 23] Compiling Amazonka.OAM.ListSinks

gen/Amazonka/OAM/ListSinks.hs:92:98: warning: [GHC-02256] [-Wambiguous-fields]
    The record update s {nextToken = a} with type ListSinks is ambiguous.
    This will not be supported by -XDuplicateRecordFields in future releases of GHC.
   |
92 | listSinks_nextToken = Lens.lens (\ListSinks' {nextToken} -> nextToken) (\s@ListSinks' {} a -> s {nextToken = a} :: ListSinks)
   |                                                                                                  ^^^^^^^^^^^^^

gen/Amazonka/OAM/ListSinks.hs:201:122: warning: [GHC-02256] [-Wambiguous-fields]
    The record update s {nextToken = a} with type ListSinksResponse is ambiguous.
    This will not be supported by -XDuplicateRecordFields in future releases of GHC.
    |
201 | listSinksResponse_nextToken = Lens.lens (\ListSinksResponse' {nextToken} -> nextToken) (\s@ListSinksResponse' {} a -> s {nextToken = a} :: ListSinksResponse)
    |                                                                                                                          ^^^^^^^^^^^^^
[10 of 23] Compiling Amazonka.OAM.ListLinks

gen/Amazonka/OAM/ListLinks.hs:96:98: warning: [GHC-02256] [-Wambiguous-fields]
    The record update s {nextToken = a} with type ListLinks is ambiguous.
    This will not be supported by -XDuplicateRecordFields in future releases of GHC.
   |
96 | listLinks_nextToken = Lens.lens (\ListLinks' {nextToken} -> nextToken) (\s@ListLinks' {} a -> s {nextToken = a} :: ListLinks)
   |                                                                                                  ^^^^^^^^^^^^^

gen/Amazonka/OAM/ListLinks.hs:205:122: warning: [GHC-02256] [-Wambiguous-fields]
    The record update s {nextToken = a} with type ListLinksResponse is ambiguous.
    This will not be supported by -XDuplicateRecordFields in future releases of GHC.
    |
205 | listLinksResponse_nextToken = Lens.lens (\ListLinksResponse' {nextToken} -> nextToken) (\s@ListLinksResponse' {} a -> s {nextToken = a} :: ListLinksResponse)
    |                                                                                                                          ^^^^^^^^^^^^^
[11 of 23] Compiling Amazonka.OAM.ListAttachedLinks

gen/Amazonka/OAM/ListAttachedLinks.hs:107:122: warning: [GHC-02256] [-Wambiguous-fields]
    The record update s {nextToken = a} with type ListAttachedLinks is ambiguous.
    This will not be supported by -XDuplicateRecordFields in future releases of GHC.
    |
107 | listAttachedLinks_nextToken = Lens.lens (\ListAttachedLinks' {nextToken} -> nextToken) (\s@ListAttachedLinks' {} a -> s {nextToken = a} :: ListAttachedLinks)
    |                                                                                                                          ^^^^^^^^^^^^^

gen/Amazonka/OAM/ListAttachedLinks.hs:228:146: warning: [GHC-02256] [-Wambiguous-fields]
    The record update s {nextToken = a} with type ListAttachedLinksResponse is ambiguous.
    This will not be supported by -XDuplicateRecordFields in future releases of GHC.
    |
228 | listAttachedLinksResponse_nextToken = Lens.lens (\ListAttachedLinksResponse' {nextToken} -> nextToken) (\s@ListAttachedLinksResponse' {} a -> s {nextToken = a} :: ListAttachedLinksResponse)
    |                                                                                                                                                  ^^^^^^^^^^^^^
[12 of 23] Compiling Amazonka.OAM.GetSinkPolicy

gen/Amazonka/OAM/GetSinkPolicy.hs:178:128: warning: [GHC-02256] [-Wambiguous-fields]
    The record update s {sinkArn = a} with type GetSinkPolicyResponse is ambiguous.
    This will not be supported by -XDuplicateRecordFields in future releases of GHC.
    |
178 | getSinkPolicyResponse_sinkArn = Lens.lens (\GetSinkPolicyResponse' {sinkArn} -> sinkArn) (\s@GetSinkPolicyResponse' {} a -> s {sinkArn = a} :: GetSinkPolicyResponse)
    |                                                                                                                                ^^^^^^^^^^^
[13 of 23] Compiling Amazonka.OAM.GetSink

gen/Amazonka/OAM/GetSink.hs:179:98: warning: [GHC-02256] [-Wambiguous-fields]
    The record update s {arn = a} with type GetSinkResponse is ambiguous.
    This will not be supported by -XDuplicateRecordFields in future releases of GHC.
    |
179 | getSinkResponse_arn = Lens.lens (\GetSinkResponse' {arn} -> arn) (\s@GetSinkResponse' {} a -> s {arn = a} :: GetSinkResponse)
    |                                                                                                  ^^^^^^^

gen/Amazonka/OAM/GetSink.hs:184:95: warning: [GHC-02256] [-Wambiguous-fields]
    The record update s {id = a} with type GetSinkResponse is ambiguous.
    This will not be supported by -XDuplicateRecordFields in future releases of GHC.
    |
184 | getSinkResponse_id = Lens.lens (\GetSinkResponse' {id} -> id) (\s@GetSinkResponse' {} a -> s {id = a} :: GetSinkResponse)
    |                                                                                               ^^^^^^

gen/Amazonka/OAM/GetSink.hs:188:101: warning: [GHC-02256] [-Wambiguous-fields]
    The record update s {name = a} with type GetSinkResponse is ambiguous.
    This will not be supported by -XDuplicateRecordFields in future releases of GHC.
    |
188 | getSinkResponse_name = Lens.lens (\GetSinkResponse' {name} -> name) (\s@GetSinkResponse' {} a -> s {name = a} :: GetSinkResponse)
    |                                                                                                     ^^^^^^^^
[14 of 23] Compiling Amazonka.OAM.GetLink

gen/Amazonka/OAM/GetLink.hs:204:98: warning: [GHC-02256] [-Wambiguous-fields]
    The record update s {arn = a} with type GetLinkResponse is ambiguous.
    This will not be supported by -XDuplicateRecordFields in future releases of GHC.
    |
204 | getLinkResponse_arn = Lens.lens (\GetLinkResponse' {arn} -> arn) (\s@GetLinkResponse' {} a -> s {arn = a} :: GetLinkResponse)
    |                                                                                                  ^^^^^^^

gen/Amazonka/OAM/GetLink.hs:209:95: warning: [GHC-02256] [-Wambiguous-fields]
    The record update s {id = a} with type GetLinkResponse is ambiguous.
    This will not be supported by -XDuplicateRecordFields in future releases of GHC.
    |
209 | getLinkResponse_id = Lens.lens (\GetLinkResponse' {id} -> id) (\s@GetLinkResponse' {} a -> s {id = a} :: GetLinkResponse)
    |                                                                                               ^^^^^^

gen/Amazonka/OAM/GetLink.hs:214:104: warning: [GHC-02256] [-Wambiguous-fields]
    The record update s {label = a} with type GetLinkResponse is ambiguous.
    This will not be supported by -XDuplicateRecordFields in future releases of GHC.
    |
214 | getLinkResponse_label = Lens.lens (\GetLinkResponse' {label} -> label) (\s@GetLinkResponse' {} a -> s {label = a} :: GetLinkResponse)
    |                                                                                                        ^^^^^^^^^

gen/Amazonka/OAM/GetLink.hs:223:128: warning: [GHC-02256] [-Wambiguous-fields]
    The record update s {resourceTypes = a} with type GetLinkResponse is ambiguous.
    This will not be supported by -XDuplicateRecordFields in future releases of GHC.
    |
223 | getLinkResponse_resourceTypes = Lens.lens (\GetLinkResponse' {resourceTypes} -> resourceTypes) (\s@GetLinkResponse' {} a -> s {resourceTypes = a} :: GetLinkResponse) Prelude.. Lens.mapping Lens.coerced
    |                                                                                                                                ^^^^^^^^^^^^^^^^^

gen/Amazonka/OAM/GetLink.hs:227:110: warning: [GHC-02256] [-Wambiguous-fields]
    The record update s {sinkArn = a} with type GetLinkResponse is ambiguous.
    This will not be supported by -XDuplicateRecordFields in future releases of GHC.
    |
227 | getLinkResponse_sinkArn = Lens.lens (\GetLinkResponse' {sinkArn} -> sinkArn) (\s@GetLinkResponse' {} a -> s {sinkArn = a} :: GetLinkResponse)
    |                                                                                                              ^^^^^^^^^^^
[15 of 23] Compiling Amazonka.OAM.DeleteSink
[16 of 23] Compiling Amazonka.OAM.DeleteLink
[17 of 23] Compiling Amazonka.OAM.CreateSink

gen/Amazonka/OAM/CreateSink.hs:115:86: warning: [GHC-02256] [-Wambiguous-fields]
    The record update s {tags = a} with type CreateSink is ambiguous.
    This will not be supported by -XDuplicateRecordFields in future releases of GHC.
    |
115 | createSink_tags = Lens.lens (\CreateSink' {tags} -> tags) (\s@CreateSink' {} a -> s {tags = a} :: CreateSink) Prelude.. Lens.mapping Lens.coerced
    |                                                                                      ^^^^^^^^

gen/Amazonka/OAM/CreateSink.hs:119:86: warning: [GHC-02256] [-Wambiguous-fields]
    The record update s {name = a} with type CreateSink is ambiguous.
    This will not be supported by -XDuplicateRecordFields in future releases of GHC.
    |
119 | createSink_name = Lens.lens (\CreateSink' {name} -> name) (\s@CreateSink' {} a -> s {name = a} :: CreateSink)
    |                                                                                      ^^^^^^^^

gen/Amazonka/OAM/CreateSink.hs:221:107: warning: [GHC-02256] [-Wambiguous-fields]
    The record update s {arn = a} with type CreateSinkResponse is ambiguous.
    This will not be supported by -XDuplicateRecordFields in future releases of GHC.
    |
221 | createSinkResponse_arn = Lens.lens (\CreateSinkResponse' {arn} -> arn) (\s@CreateSinkResponse' {} a -> s {arn = a} :: CreateSinkResponse)
    |                                                                                                           ^^^^^^^

gen/Amazonka/OAM/CreateSink.hs:226:104: warning: [GHC-02256] [-Wambiguous-fields]
    The record update s {id = a} with type CreateSinkResponse is ambiguous.
    This will not be supported by -XDuplicateRecordFields in future releases of GHC.
    |
226 | createSinkResponse_id = Lens.lens (\CreateSinkResponse' {id} -> id) (\s@CreateSinkResponse' {} a -> s {id = a} :: CreateSinkResponse)
    |                                                                                                        ^^^^^^

gen/Amazonka/OAM/CreateSink.hs:230:110: warning: [GHC-02256] [-Wambiguous-fields]
    The record update s {name = a} with type CreateSinkResponse is ambiguous.
    This will not be supported by -XDuplicateRecordFields in future releases of GHC.
    |
230 | createSinkResponse_name = Lens.lens (\CreateSinkResponse' {name} -> name) (\s@CreateSinkResponse' {} a -> s {name = a} :: CreateSinkResponse)
    |                                                                                                              ^^^^^^^^

gen/Amazonka/OAM/CreateSink.hs:234:110: warning: [GHC-02256] [-Wambiguous-fields]
    The record update s {tags = a} with type CreateSinkResponse is ambiguous.
    This will not be supported by -XDuplicateRecordFields in future releases of GHC.
    |
234 | createSinkResponse_tags = Lens.lens (\CreateSinkResponse' {tags} -> tags) (\s@CreateSinkResponse' {} a -> s {tags = a} :: CreateSinkResponse) Prelude.. Lens.mapping Lens.coerced
    |                                                                                                              ^^^^^^^^
[18 of 23] Compiling Amazonka.OAM.CreateLink

gen/Amazonka/OAM/CreateLink.hs:179:86: warning: [GHC-02256] [-Wambiguous-fields]
    The record update s {tags = a} with type CreateLink is ambiguous.
    This will not be supported by -XDuplicateRecordFields in future releases of GHC.
    |
179 | createLink_tags = Lens.lens (\CreateLink' {tags} -> tags) (\s@CreateLink' {} a -> s {tags = a} :: CreateLink) Prelude.. Lens.mapping Lens.coerced
    |                                                                                      ^^^^^^^^

gen/Amazonka/OAM/CreateLink.hs:193:113: warning: [GHC-02256] [-Wambiguous-fields]
    The record update s {labelTemplate = a} with type CreateLink is ambiguous.
    This will not be supported by -XDuplicateRecordFields in future releases of GHC.
    |
193 | createLink_labelTemplate = Lens.lens (\CreateLink' {labelTemplate} -> labelTemplate) (\s@CreateLink' {} a -> s {labelTemplate = a} :: CreateLink)
    |                                                                                                                 ^^^^^^^^^^^^^^^^^

gen/Amazonka/OAM/CreateLink.hs:198:113: warning: [GHC-02256] [-Wambiguous-fields]
    The record update s {resourceTypes = a} with type CreateLink is ambiguous.
    This will not be supported by -XDuplicateRecordFields in future releases of GHC.
    |
198 | createLink_resourceTypes = Lens.lens (\CreateLink' {resourceTypes} -> resourceTypes) (\s@CreateLink' {} a -> s {resourceTypes = a} :: CreateLink) Prelude.. Lens.coerced
    |                                                                                                                 ^^^^^^^^^^^^^^^^^

gen/Amazonka/OAM/CreateLink.hs:341:107: warning: [GHC-02256] [-Wambiguous-fields]
    The record update s {arn = a} with type CreateLinkResponse is ambiguous.
    This will not be supported by -XDuplicateRecordFields in future releases of GHC.
    |
341 | createLinkResponse_arn = Lens.lens (\CreateLinkResponse' {arn} -> arn) (\s@CreateLinkResponse' {} a -> s {arn = a} :: CreateLinkResponse)
    |                                                                                                           ^^^^^^^

gen/Amazonka/OAM/CreateLink.hs:346:104: warning: [GHC-02256] [-Wambiguous-fields]
    The record update s {id = a} with type CreateLinkResponse is ambiguous.
    This will not be supported by -XDuplicateRecordFields in future releases of GHC.
    |
346 | createLinkResponse_id = Lens.lens (\CreateLinkResponse' {id} -> id) (\s@CreateLinkResponse' {} a -> s {id = a} :: CreateLinkResponse)
    |                                                                                                        ^^^^^^

gen/Amazonka/OAM/CreateLink.hs:352:113: warning: [GHC-02256] [-Wambiguous-fields]
    The record update s {label = a} with type CreateLinkResponse is ambiguous.
    This will not be supported by -XDuplicateRecordFields in future releases of GHC.
    |
352 | createLinkResponse_label = Lens.lens (\CreateLinkResponse' {label} -> label) (\s@CreateLinkResponse' {} a -> s {label = a} :: CreateLinkResponse)
    |                                                                                                                 ^^^^^^^^^

gen/Amazonka/OAM/CreateLink.hs:357:137: warning: [GHC-02256] [-Wambiguous-fields]
    The record update s {labelTemplate = a} with type CreateLinkResponse is ambiguous.
    This will not be supported by -XDuplicateRecordFields in future releases of GHC.
    |
357 | createLinkResponse_labelTemplate = Lens.lens (\CreateLinkResponse' {labelTemplate} -> labelTemplate) (\s@CreateLinkResponse' {} a -> s {labelTemplate = a} :: CreateLinkResponse)
    |                                                                                                                                         ^^^^^^^^^^^^^^^^^

gen/Amazonka/OAM/CreateLink.hs:361:137: warning: [GHC-02256] [-Wambiguous-fields]
    The record update s {resourceTypes = a} with type CreateLinkResponse is ambiguous.
    This will not be supported by -XDuplicateRecordFields in future releases of GHC.
    |
361 | createLinkResponse_resourceTypes = Lens.lens (\CreateLinkResponse' {resourceTypes} -> resourceTypes) (\s@CreateLinkResponse' {} a -> s {resourceTypes = a} :: CreateLinkResponse) Prelude.. Lens.mapping Lens.coerced
    |                                                                                                                                         ^^^^^^^^^^^^^^^^^

gen/Amazonka/OAM/CreateLink.hs:365:119: warning: [GHC-02256] [-Wambiguous-fields]
    The record update s {sinkArn = a} with type CreateLinkResponse is ambiguous.
    This will not be supported by -XDuplicateRecordFields in future releases of GHC.
    |
365 | createLinkResponse_sinkArn = Lens.lens (\CreateLinkResponse' {sinkArn} -> sinkArn) (\s@CreateLinkResponse' {} a -> s {sinkArn = a} :: CreateLinkResponse)
    |                                                                                                                       ^^^^^^^^^^^

gen/Amazonka/OAM/CreateLink.hs:369:110: warning: [GHC-02256] [-Wambiguous-fields]
    The record update s {tags = a} with type CreateLinkResponse is ambiguous.
    This will not be supported by -XDuplicateRecordFields in future releases of GHC.
    |
369 | createLinkResponse_tags = Lens.lens (\CreateLinkResponse' {tags} -> tags) (\s@CreateLinkResponse' {} a -> s {tags = a} :: CreateLinkResponse) Prelude.. Lens.mapping Lens.coerced
    |                                                                                                              ^^^^^^^^
[19 of 23] Compiling Amazonka.OAM.UntagResource
[20 of 23] Compiling Amazonka.OAM.UpdateLink

gen/Amazonka/OAM/UpdateLink.hs:109:113: warning: [GHC-02256] [-Wambiguous-fields]
    The record update s {resourceTypes = a} with type UpdateLink is ambiguous.
    This will not be supported by -XDuplicateRecordFields in future releases of GHC.
    |
109 | updateLink_resourceTypes = Lens.lens (\UpdateLink' {resourceTypes} -> resourceTypes) (\s@UpdateLink' {} a -> s {resourceTypes = a} :: UpdateLink) Prelude.. Lens.coerced
    |                                                                                                                 ^^^^^^^^^^^^^^^^^

gen/Amazonka/OAM/UpdateLink.hs:235:107: warning: [GHC-02256] [-Wambiguous-fields]
    The record update s {arn = a} with type UpdateLinkResponse is ambiguous.
    This will not be supported by -XDuplicateRecordFields in future releases of GHC.
    |
235 | updateLinkResponse_arn = Lens.lens (\UpdateLinkResponse' {arn} -> arn) (\s@UpdateLinkResponse' {} a -> s {arn = a} :: UpdateLinkResponse)
    |                                                                                                           ^^^^^^^

gen/Amazonka/OAM/UpdateLink.hs:240:104: warning: [GHC-02256] [-Wambiguous-fields]
    The record update s {id = a} with type UpdateLinkResponse is ambiguous.
    This will not be supported by -XDuplicateRecordFields in future releases of GHC.
    |
240 | updateLinkResponse_id = Lens.lens (\UpdateLinkResponse' {id} -> id) (\s@UpdateLinkResponse' {} a -> s {id = a} :: UpdateLinkResponse)
    |                                                                                                        ^^^^^^

gen/Amazonka/OAM/UpdateLink.hs:245:113: warning: [GHC-02256] [-Wambiguous-fields]
    The record update s {label = a} with type UpdateLinkResponse is ambiguous.
    This will not be supported by -XDuplicateRecordFields in future releases of GHC.
    |
245 | updateLinkResponse_label = Lens.lens (\UpdateLinkResponse' {label} -> label) (\s@UpdateLinkResponse' {} a -> s {label = a} :: UpdateLinkResponse)
    |                                                                                                                 ^^^^^^^^^

gen/Amazonka/OAM/UpdateLink.hs:254:137: warning: [GHC-02256] [-Wambiguous-fields]
    The record update s {resourceTypes = a} with type UpdateLinkResponse is ambiguous.
    This will not be supported by -XDuplicateRecordFields in future releases of GHC.
    |
254 | updateLinkResponse_resourceTypes = Lens.lens (\UpdateLinkResponse' {resourceTypes} -> resourceTypes) (\s@UpdateLinkResponse' {} a -> s {resourceTypes = a} :: UpdateLinkResponse) Prelude.. Lens.mapping Lens.coerced
    |                                                                                                                                         ^^^^^^^^^^^^^^^^^

gen/Amazonka/OAM/UpdateLink.hs:258:119: warning: [GHC-02256] [-Wambiguous-fields]
    The record update s {sinkArn = a} with type UpdateLinkResponse is ambiguous.
    This will not be supported by -XDuplicateRecordFields in future releases of GHC.
    |
258 | updateLinkResponse_sinkArn = Lens.lens (\UpdateLinkResponse' {sinkArn} -> sinkArn) (\s@UpdateLinkResponse' {} a -> s {sinkArn = a} :: UpdateLinkResponse)
    |                                                                                                                       ^^^^^^^^^^^
[21 of 23] Compiling Amazonka.OAM.Lens
[22 of 23] Compiling Amazonka.OAM.Waiters
[23 of 23] Compiling Amazonka.OAM
Configuring test suite 'amazonka-oam-test' for amazonka-oam-2.0...
Preprocessing test suite 'amazonka-oam-test' for amazonka-oam-2.0...
Building test suite 'amazonka-oam-test' for amazonka-oam-2.0...
[1 of 4] Compiling Test.Amazonka.OAM
[2 of 4] Compiling Test.Amazonka.OAM.Internal
[3 of 4] Compiling Test.Amazonka.Gen.OAM
[4 of 4] Compiling Main
[5 of 5] Linking /tmp/workdir-amazonka-oam/amazonka-oam-2.0/dist-newstyle/build/x86_64-linux/ghc-9.6.6/amazonka-oam-2.0/t/amazonka-oam-test/build/amazonka-oam-test/amazonka-oam-test
