Build profile: -w ghc-9.6.6 -O1
In order, the following will be built (use -v for more details):
 - unix-compat-0.7.2 (lib) (first run)
 - unix-compat-0.7.2 (test:unix-compat-testsuite) (first run)
Configuring library for unix-compat-0.7.2...
Preprocessing library for unix-compat-0.7.2...
Building library for unix-compat-0.7.2...
[1 of 8] Compiling System.PosixCompat.Files
[2 of 8] Compiling System.PosixCompat.Process
[3 of 8] Compiling System.PosixCompat.Temp
[4 of 8] Compiling System.PosixCompat.Time
[5 of 8] Compiling System.PosixCompat.Types
[6 of 8] Compiling System.PosixCompat.Extensions
[7 of 8] Compiling System.PosixCompat.Unistd
[8 of 8] Compiling System.PosixCompat
Configuring test suite 'unix-compat-testsuite' for unix-compat-0.7.2...
Preprocessing test suite 'unix-compat-testsuite' for unix-compat-0.7.2...
Building test suite 'unix-compat-testsuite' for unix-compat-0.7.2...
[1 of 4] Compiling LinksSpec
[2 of 4] Compiling MkstempSpec
[3 of 4] Compiling ProcessSpec
[4 of 4] Compiling Main
[5 of 5] Linking /tmp/workdir-unix-compat/unix-compat-0.7.2/dist-newstyle/build/x86_64-linux/ghc-9.6.6/unix-compat-0.7.2/t/unix-compat-testsuite/build/unix-compat-testsuite/unix-compat-testsuite
