Build profile: -w ghc-9.6.6 -O1
In order, the following will be built (use -v for more details):
 - texmath-0.12.8.7 (lib) (first run)
 - texmath-0.12.8.7 (test:test-texmath) (first run)
Configuring library for texmath-0.12.8.7...
Preprocessing library for texmath-0.12.8.7...
Building library for texmath-0.12.8.7...
[ 1 of 21] Compiling Paths_texmath
[ 2 of 21] Compiling Text.TeXMath.Readers.MathML.EntityMap
[ 3 of 21] Compiling Text.TeXMath.Readers.TeX.Macros
[ 4 of 21] Compiling Text.TeXMath.TeX
[ 5 of 21] Compiling Text.TeXMath.Types
[ 6 of 21] Compiling Text.TeXMath.Shared
[ 7 of 21] Compiling Text.TeXMath.Readers.MathML.MMLDict
[ 8 of 21] Compiling Text.TeXMath.Unicode.Fonts
[ 9 of 21] Compiling Text.TeXMath.Unicode.ToUnicode
[10 of 21] Compiling Text.TeXMath.Unicode.ToTeX
[11 of 21] Compiling Text.TeXMath.Readers.TeX.Commands
[12 of 21] Compiling Text.TeXMath.Readers.OMML
[13 of 21] Compiling Text.TeXMath.Readers.TeX
[14 of 21] Compiling Text.TeXMath.Readers.MathML
[15 of 21] Compiling Text.TeXMath.Writers.Eqn
[16 of 21] Compiling Text.TeXMath.Writers.MathML
[17 of 21] Compiling Text.TeXMath.Writers.OMML
[18 of 21] Compiling Text.TeXMath.Writers.Pandoc
[19 of 21] Compiling Text.TeXMath.Writers.TeX
[20 of 21] Compiling Text.TeXMath.Writers.Typst
[21 of 21] Compiling Text.TeXMath
Configuring test suite 'test-texmath' for texmath-0.12.8.7...
Preprocessing test suite 'test-texmath' for texmath-0.12.8.7...
Building test suite 'test-texmath' for texmath-0.12.8.7...
[1 of 1] Compiling Main
[2 of 2] Linking /tmp/workdir-texmath/texmath-0.12.8.7/dist-newstyle/build/x86_64-linux/ghc-9.6.6/texmath-0.12.8.7/t/test-texmath/build/test-texmath/test-texmath
