Build profile: -w ghc-9.6.6 -O1
In order, the following will be built (use -v for more details):
 - hopenssl-2.2.5 (lib) (first run)
 - hopenssl-2.2.5 (test:check-low-level-digest-api) (first run)
 - hopenssl-2.2.5 (test:check-high-level-digest-api) (first run)
Configuring library for hopenssl-2.2.5...
Preprocessing library for hopenssl-2.2.5...
Building library for hopenssl-2.2.5...
[1 of 8] Compiling OpenSSL.EVP.Digest.Error
[2 of 8] Compiling OpenSSL.EVP.Digest.Context
[3 of 8] Compiling OpenSSL.EVP.Digest.Initialization
[4 of 8] Compiling OpenSSL.EVP.Digest.Algorithm
[5 of 8] Compiling OpenSSL.EVP.Digest.Digest
[6 of 8] Compiling OpenSSL.EVP.Digest
[7 of 8] Compiling OpenSSL.Util
[8 of 8] Compiling OpenSSL.Digest
Configuring test suite 'check-low-level-digest-api' for hopenssl-2.2.5...
Preprocessing test suite 'check-low-level-digest-api' for hopenssl-2.2.5...
Building test suite 'check-low-level-digest-api' for hopenssl-2.2.5...
[1 of 2] Compiling OpenSesame
[2 of 2] Compiling Main
[3 of 3] Linking /tmp/workdir-hopenssl/hopenssl-2.2.5/dist-newstyle/build/x86_64-linux/ghc-9.6.6/hopenssl-2.2.5/t/check-low-level-digest-api/build/check-low-level-digest-api/check-low-level-digest-api
Configuring test suite 'check-high-level-digest-api' for hopenssl-2.2.5...
Preprocessing test suite 'check-high-level-digest-api' for hopenssl-2.2.5...
Building test suite 'check-high-level-digest-api' for hopenssl-2.2.5...
[1 of 2] Compiling OpenSesame
[2 of 2] Compiling Main
[3 of 3] Linking /tmp/workdir-hopenssl/hopenssl-2.2.5/dist-newstyle/build/x86_64-linux/ghc-9.6.6/hopenssl-2.2.5/t/check-high-level-digest-api/build/check-high-level-digest-api/check-high-level-digest-api
