Build profile: -w ghc-9.6.6 -O1
In order, the following will be built (use -v for more details):
 - map-syntax-0.3 (lib) (first run)
 - map-syntax-0.3 (test:testsuite) (first run)
Configuring library for map-syntax-0.3...
Preprocessing library for map-syntax-0.3...
Building library for map-syntax-0.3...

on the commandline: warning: [-Wdeprecated-flags]
    -Wnoncanonical-monadfail-instances is deprecated: fail is no longer a method of Monad
[1 of 1] Compiling Data.Map.Syntax
Configuring test suite 'testsuite' for map-syntax-0.3...
Preprocessing test suite 'testsuite' for map-syntax-0.3...
Building test suite 'testsuite' for map-syntax-0.3...

on the commandline: warning: [-Wdeprecated-flags]
    -Wnoncanonical-monadfail-instances is deprecated: fail is no longer a method of Monad
[1 of 4] Compiling Data.Map.Syntax
[2 of 4] Compiling Data.Map.Syntax.Util
[3 of 4] Compiling Data.Map.Syntax.Tests

test/Data/Map/Syntax/Tests.hs:10:1: warning: [-Wunused-imports]
    The import of ‘Data.Monoid’ is redundant
      except perhaps to import instances from ‘Data.Monoid’
    To import instances alone, use: import Data.Monoid()
   |
10 | import           Data.Monoid (mempty, mappend)
   | ^^^^^^^^^^^^^^^^^^^^^^^^^^^^^^^^^^^^^^^^^^^^^^
[4 of 4] Compiling Main

on the commandline: warning: [-Wdeprecated-flags]
    -Wnoncanonical-monadfail-instances is deprecated: fail is no longer a method of Monad
[5 of 5] Linking /tmp/workdir-map-syntax/map-syntax-0.3/dist-newstyle/build/x86_64-linux/ghc-9.6.6/map-syntax-0.3/t/testsuite/build/testsuite/testsuite
