Build profile: -w ghc-9.6.6 -O1
In order, the following will be built (use -v for more details):
 - hsc2hs-0.68.10 (exe:hsc2hs) (first run)
 - hsc2hs-0.68.10 (test:spec) (first run)
Configuring executable 'hsc2hs' for hsc2hs-0.68.10...
Preprocessing executable 'hsc2hs' for hsc2hs-0.68.10...
Building executable 'hsc2hs' for hsc2hs-0.68.10...
[ 1 of 12] Compiling ATTParser
[ 2 of 12] Compiling Compat.ResponseFile
[ 3 of 12] Compiling Compat.TempFile
[ 4 of 12] Compiling Common
[ 5 of 12] Compiling Flags
[ 6 of 12] Compiling HSCParser
[ 7 of 12] Compiling C
[ 8 of 12] Compiling CrossCodegen
[ 9 of 12] Compiling Paths_hsc2hs
[10 of 12] Compiling UtilsCodegen
[11 of 12] Compiling DirectCodegen
[12 of 12] Compiling Main
[13 of 13] Linking /tmp/workdir-hsc2hs/hsc2hs-0.68.10/dist-newstyle/build/x86_64-linux/ghc-9.6.6/hsc2hs-0.68.10/x/hsc2hs/build/hsc2hs/hsc2hs
Configuring test suite 'spec' for hsc2hs-0.68.10...
Preprocessing test suite 'spec' for hsc2hs-0.68.10...
Building test suite 'spec' for hsc2hs-0.68.10...
[1 of 4] Compiling ATTParser
[2 of 4] Compiling BDD

test/BDD.hs:37:5: warning: [-Wnoncanonical-monad-instances]
    Noncanonical ‘pure = return’ definition detected
    in the instance declaration for ‘Applicative TestM’.
    Move definition from ‘return’ to ‘pure’
    See also: https://gitlab.haskell.org/ghc/ghc/-/wikis/proposal/monad-of-no-return
   |
37 |     pure = return
   |     ^^^^^^^^^^^^^

test/BDD.hs:41:5: warning: [-Wnoncanonical-monad-instances]
    Noncanonical ‘return’ definition detected
    in the instance declaration for ‘Monad TestM’.
    ‘return’ will eventually be removed in favour of ‘pure’
    Either remove definition for ‘return’ (recommended) or define as ‘return = pure’
    See also: https://gitlab.haskell.org/ghc/ghc/-/wikis/proposal/monad-of-no-return
   |
41 |     return x = TestM $ \xs -> return (xs, x)
   |     ^^^^^^^^^^^^^^^^^^^^^^^^^^^^^^^^^^^^^^^^
[3 of 4] Compiling Flags
[4 of 4] Compiling Main
[5 of 5] Linking /tmp/workdir-hsc2hs/hsc2hs-0.68.10/dist-newstyle/build/x86_64-linux/ghc-9.6.6/hsc2hs-0.68.10/t/spec/build/spec/spec
