Build profile: -w ghc-9.6.6 -O1
In order, the following will be built (use -v for more details):
 - fitspec-0.4.10 (lib) (first run)
 - fitspec-0.4.10 (test:utils) (first run)
 - fitspec-0.4.10 (test:showmutable) (first run)
 - fitspec-0.4.10 (test:mutate) (first run)
 - fitspec-0.4.10 (test:derive) (first run)
Configuring library for fitspec-0.4.10...
Preprocessing library for fitspec-0.4.10...
Building library for fitspec-0.4.10...
[ 1 of 13] Compiling Test.FitSpec.Mutable
[ 2 of 13] Compiling Test.FitSpec.Mutable.Tuples
[ 3 of 13] Compiling Test.FitSpec.PrettyPrint
[ 4 of 13] Compiling Test.FitSpec.ShowMutable
[ 5 of 13] Compiling Test.FitSpec.Derive
[ 6 of 13] Compiling Test.FitSpec.ShowMutable.Tuples
[ 7 of 13] Compiling Test.FitSpec.TestTypes
[ 8 of 13] Compiling Test.FitSpec.Utils
[ 9 of 13] Compiling Test.FitSpec.Engine
[10 of 13] Compiling Test.FitSpec.Report
[11 of 13] Compiling Test.FitSpec.Main
[12 of 13] Compiling Test.FitSpec
[13 of 13] Compiling Test.FitSpec.Dot
Configuring test suite 'utils' for fitspec-0.4.10...
Preprocessing test suite 'utils' for fitspec-0.4.10...
Building test suite 'utils' for fitspec-0.4.10...
[1 of 1] Compiling Main
[2 of 2] Linking /tmp/workdir-fitspec/fitspec-0.4.10/dist-newstyle/build/x86_64-linux/ghc-9.6.6/fitspec-0.4.10/t/utils/build/utils/utils
Configuring test suite 'showmutable' for fitspec-0.4.10...
Preprocessing test suite 'showmutable' for fitspec-0.4.10...
Building test suite 'showmutable' for fitspec-0.4.10...
[1 of 1] Compiling Main
[2 of 2] Linking /tmp/workdir-fitspec/fitspec-0.4.10/dist-newstyle/build/x86_64-linux/ghc-9.6.6/fitspec-0.4.10/t/showmutable/build/showmutable/showmutable
Configuring test suite 'mutate' for fitspec-0.4.10...
Preprocessing test suite 'mutate' for fitspec-0.4.10...
Building test suite 'mutate' for fitspec-0.4.10...
[1 of 1] Compiling Main
[2 of 2] Linking /tmp/workdir-fitspec/fitspec-0.4.10/dist-newstyle/build/x86_64-linux/ghc-9.6.6/fitspec-0.4.10/t/mutate/build/mutate/mutate
Configuring test suite 'derive' for fitspec-0.4.10...
Preprocessing test suite 'derive' for fitspec-0.4.10...
Building test suite 'derive' for fitspec-0.4.10...
[1 of 1] Compiling Main
[2 of 2] Linking /tmp/workdir-fitspec/fitspec-0.4.10/dist-newstyle/build/x86_64-linux/ghc-9.6.6/fitspec-0.4.10/t/derive/build/derive/derive
