Build profile: -w ghc-9.6.6 -O1
In order, the following will be built (use -v for more details):
 - amazonka-kinesis-firehose-2.0 (lib) (first run)
 - amazonka-kinesis-firehose-2.0 (test:amazonka-kinesis-firehose-test) (first run)
Configuring library for amazonka-kinesis-firehose-2.0...
Preprocessing library for amazonka-kinesis-firehose-2.0...
Building library for amazonka-kinesis-firehose-2.0...
[  1 of 111] Compiling Amazonka.Firehose.Types.AmazonOpenSearchServerlessBufferingHints
[  2 of 111] Compiling Amazonka.Firehose.Types.AmazonOpenSearchServerlessRetryOptions
[  3 of 111] Compiling Amazonka.Firehose.Types.AmazonOpenSearchServerlessS3BackupMode
[  4 of 111] Compiling Amazonka.Firehose.Types.AmazonopensearchserviceBufferingHints
[  5 of 111] Compiling Amazonka.Firehose.Types.AmazonopensearchserviceIndexRotationPeriod
[  6 of 111] Compiling Amazonka.Firehose.Types.AmazonopensearchserviceRetryOptions
[  7 of 111] Compiling Amazonka.Firehose.Types.AmazonopensearchserviceS3BackupMode
[  8 of 111] Compiling Amazonka.Firehose.Types.BufferingHints
[  9 of 111] Compiling Amazonka.Firehose.Types.CloudWatchLoggingOptions
[ 10 of 111] Compiling Amazonka.Firehose.Types.CompressionFormat
[ 11 of 111] Compiling Amazonka.Firehose.Types.ContentEncoding
[ 12 of 111] Compiling Amazonka.Firehose.Types.CopyCommand
[ 13 of 111] Compiling Amazonka.Firehose.Types.DeliveryStreamEncryptionStatus
[ 14 of 111] Compiling Amazonka.Firehose.Types.DeliveryStreamFailureType
[ 15 of 111] Compiling Amazonka.Firehose.Types.DeliveryStreamStatus
[ 16 of 111] Compiling Amazonka.Firehose.Types.DeliveryStreamType
[ 17 of 111] Compiling Amazonka.Firehose.Types.ElasticsearchBufferingHints
[ 18 of 111] Compiling Amazonka.Firehose.Types.ElasticsearchIndexRotationPeriod
[ 19 of 111] Compiling Amazonka.Firehose.Types.ElasticsearchRetryOptions
[ 20 of 111] Compiling Amazonka.Firehose.Types.ElasticsearchS3BackupMode
[ 21 of 111] Compiling Amazonka.Firehose.Types.FailureDescription
[ 22 of 111] Compiling Amazonka.Firehose.Types.HECEndpointType
[ 23 of 111] Compiling Amazonka.Firehose.Types.HiveJsonSerDe
[ 24 of 111] Compiling Amazonka.Firehose.Types.HttpEndpointBufferingHints
[ 25 of 111] Compiling Amazonka.Firehose.Types.HttpEndpointCommonAttribute
[ 26 of 111] Compiling Amazonka.Firehose.Types.HttpEndpointConfiguration
[ 27 of 111] Compiling Amazonka.Firehose.Types.HttpEndpointDescription
[ 28 of 111] Compiling Amazonka.Firehose.Types.HttpEndpointRequestConfiguration
[ 29 of 111] Compiling Amazonka.Firehose.Types.HttpEndpointRetryOptions
[ 30 of 111] Compiling Amazonka.Firehose.Types.HttpEndpointS3BackupMode
[ 31 of 111] Compiling Amazonka.Firehose.Types.KMSEncryptionConfig
[ 32 of 111] Compiling Amazonka.Firehose.Types.KeyType
[ 33 of 111] Compiling Amazonka.Firehose.Types.DeliveryStreamEncryptionConfigurationInput
[ 34 of 111] Compiling Amazonka.Firehose.Types.DeliveryStreamEncryptionConfiguration
[ 35 of 111] Compiling Amazonka.Firehose.Types.KinesisStreamSourceConfiguration
[ 36 of 111] Compiling Amazonka.Firehose.Types.KinesisStreamSourceDescription
[ 37 of 111] Compiling Amazonka.Firehose.Types.NoEncryptionConfig
[ 38 of 111] Compiling Amazonka.Firehose.Types.EncryptionConfiguration
[ 39 of 111] Compiling Amazonka.Firehose.Types.OpenXJsonSerDe
[ 40 of 111] Compiling Amazonka.Firehose.Types.Deserializer
[ 41 of 111] Compiling Amazonka.Firehose.Types.InputFormatConfiguration
[ 42 of 111] Compiling Amazonka.Firehose.Types.OrcCompression
[ 43 of 111] Compiling Amazonka.Firehose.Types.OrcFormatVersion
[ 44 of 111] Compiling Amazonka.Firehose.Types.OrcSerDe
[ 45 of 111] Compiling Amazonka.Firehose.Types.ParquetCompression
[ 46 of 111] Compiling Amazonka.Firehose.Types.ParquetWriterVersion
[ 47 of 111] Compiling Amazonka.Firehose.Types.ParquetSerDe
[ 48 of 111] Compiling Amazonka.Firehose.Types.ProcessorParameterName
[ 49 of 111] Compiling Amazonka.Firehose.Types.ProcessorParameter
[ 50 of 111] Compiling Amazonka.Firehose.Types.ProcessorType
[ 51 of 111] Compiling Amazonka.Firehose.Types.Processor
[ 52 of 111] Compiling Amazonka.Firehose.Types.ProcessingConfiguration
[ 53 of 111] Compiling Amazonka.Firehose.Types.PutRecordBatchResponseEntry
[ 54 of 111] Compiling Amazonka.Firehose.Types.Record
[ 55 of 111] Compiling Amazonka.Firehose.Types.RedshiftRetryOptions
[ 56 of 111] Compiling Amazonka.Firehose.Types.RedshiftS3BackupMode
[ 57 of 111] Compiling Amazonka.Firehose.Types.RetryOptions
[ 58 of 111] Compiling Amazonka.Firehose.Types.DynamicPartitioningConfiguration
[ 59 of 111] Compiling Amazonka.Firehose.Types.S3BackupMode
[ 60 of 111] Compiling Amazonka.Firehose.Types.S3DestinationConfiguration
[ 61 of 111] Compiling Amazonka.Firehose.Types.RedshiftDestinationConfiguration

gen/Amazonka/Firehose/Types/RedshiftDestinationConfiguration.hs:155:212: warning: [GHC-02256] [-Wambiguous-fields]
    The record update s {cloudWatchLoggingOptions = a} with type RedshiftDestinationConfiguration is ambiguous.
    This will not be supported by -XDuplicateRecordFields in future releases of GHC.
    |
155 | redshiftDestinationConfiguration_cloudWatchLoggingOptions = Lens.lens (\RedshiftDestinationConfiguration' {cloudWatchLoggingOptions} -> cloudWatchLoggingOptions) (\s@RedshiftDestinationConfiguration' {} a -> s {cloudWatchLoggingOptions = a} :: RedshiftDestinationConfiguration)
    |                                                                                                                                                                                                                    ^^^^^^^^^^^^^^^^^^^^^^^^^^^^

gen/Amazonka/Firehose/Types/RedshiftDestinationConfiguration.hs:180:161: warning: [GHC-02256] [-Wambiguous-fields]
    The record update s {roleARN = a} with type RedshiftDestinationConfiguration is ambiguous.
    This will not be supported by -XDuplicateRecordFields in future releases of GHC.
    |
180 | redshiftDestinationConfiguration_roleARN = Lens.lens (\RedshiftDestinationConfiguration' {roleARN} -> roleARN) (\s@RedshiftDestinationConfiguration' {} a -> s {roleARN = a} :: RedshiftDestinationConfiguration)
    |                                                                                                                                                                 ^^^^^^^^^^^
[ 62 of 111] Compiling Amazonka.Firehose.Types.HttpEndpointDestinationConfiguration

gen/Amazonka/Firehose/Types/HttpEndpointDestinationConfiguration.hs:140:194: warning: [GHC-02256] [-Wambiguous-fields]
    The record update s {bufferingHints = a} with type HttpEndpointDestinationConfiguration is ambiguous.
    This will not be supported by -XDuplicateRecordFields in future releases of GHC.
    |
140 | httpEndpointDestinationConfiguration_bufferingHints = Lens.lens (\HttpEndpointDestinationConfiguration' {bufferingHints} -> bufferingHints) (\s@HttpEndpointDestinationConfiguration' {} a -> s {bufferingHints = a} :: HttpEndpointDestinationConfiguration)
    |                                                                                                                                                                                                  ^^^^^^^^^^^^^^^^^^

gen/Amazonka/Firehose/Types/HttpEndpointDestinationConfiguration.hs:144:224: warning: [GHC-02256] [-Wambiguous-fields]
    The record update s {cloudWatchLoggingOptions = a} with type HttpEndpointDestinationConfiguration is ambiguous.
    This will not be supported by -XDuplicateRecordFields in future releases of GHC.
    |
144 | httpEndpointDestinationConfiguration_cloudWatchLoggingOptions = Lens.lens (\HttpEndpointDestinationConfiguration' {cloudWatchLoggingOptions} -> cloudWatchLoggingOptions) (\s@HttpEndpointDestinationConfiguration' {} a -> s {cloudWatchLoggingOptions = a} :: HttpEndpointDestinationConfiguration)
    |                                                                                                                                                                                                                                ^^^^^^^^^^^^^^^^^^^^^^^^^^^^

gen/Amazonka/Firehose/Types/HttpEndpointDestinationConfiguration.hs:165:173: warning: [GHC-02256] [-Wambiguous-fields]
    The record update s {roleARN = a} with type HttpEndpointDestinationConfiguration is ambiguous.
    This will not be supported by -XDuplicateRecordFields in future releases of GHC.
    |
165 | httpEndpointDestinationConfiguration_roleARN = Lens.lens (\HttpEndpointDestinationConfiguration' {roleARN} -> roleARN) (\s@HttpEndpointDestinationConfiguration' {} a -> s {roleARN = a} :: HttpEndpointDestinationConfiguration)
    |                                                                                                                                                                             ^^^^^^^^^^^
[ 63 of 111] Compiling Amazonka.Firehose.Types.S3DestinationDescription
[ 64 of 111] Compiling Amazonka.Firehose.Types.RedshiftDestinationDescription

gen/Amazonka/Firehose/Types/RedshiftDestinationDescription.hs:129:206: warning: [GHC-02256] [-Wambiguous-fields]
    The record update s {cloudWatchLoggingOptions = a} with type RedshiftDestinationDescription is ambiguous.
    This will not be supported by -XDuplicateRecordFields in future releases of GHC.
    |
129 | redshiftDestinationDescription_cloudWatchLoggingOptions = Lens.lens (\RedshiftDestinationDescription' {cloudWatchLoggingOptions} -> cloudWatchLoggingOptions) (\s@RedshiftDestinationDescription' {} a -> s {cloudWatchLoggingOptions = a} :: RedshiftDestinationDescription)
    |                                                                                                                                                                                                              ^^^^^^^^^^^^^^^^^^^^^^^^^^^^

gen/Amazonka/Firehose/Types/RedshiftDestinationDescription.hs:152:155: warning: [GHC-02256] [-Wambiguous-fields]
    The record update s {roleARN = a} with type RedshiftDestinationDescription is ambiguous.
    This will not be supported by -XDuplicateRecordFields in future releases of GHC.
    |
152 | redshiftDestinationDescription_roleARN = Lens.lens (\RedshiftDestinationDescription' {roleARN} -> roleARN) (\s@RedshiftDestinationDescription' {} a -> s {roleARN = a} :: RedshiftDestinationDescription)
    |                                                                                                                                                           ^^^^^^^^^^^
[ 65 of 111] Compiling Amazonka.Firehose.Types.HttpEndpointDestinationDescription

gen/Amazonka/Firehose/Types/HttpEndpointDestinationDescription.hs:136:188: warning: [GHC-02256] [-Wambiguous-fields]
    The record update s {bufferingHints = a} with type HttpEndpointDestinationDescription is ambiguous.
    This will not be supported by -XDuplicateRecordFields in future releases of GHC.
    |
136 | httpEndpointDestinationDescription_bufferingHints = Lens.lens (\HttpEndpointDestinationDescription' {bufferingHints} -> bufferingHints) (\s@HttpEndpointDestinationDescription' {} a -> s {bufferingHints = a} :: HttpEndpointDestinationDescription)
    |                                                                                                                                                                                            ^^^^^^^^^^^^^^^^^^

gen/Amazonka/Firehose/Types/HttpEndpointDestinationDescription.hs:140:218: warning: [GHC-02256] [-Wambiguous-fields]
    The record update s {cloudWatchLoggingOptions = a} with type HttpEndpointDestinationDescription is ambiguous.
    This will not be supported by -XDuplicateRecordFields in future releases of GHC.
    |
140 | httpEndpointDestinationDescription_cloudWatchLoggingOptions = Lens.lens (\HttpEndpointDestinationDescription' {cloudWatchLoggingOptions} -> cloudWatchLoggingOptions) (\s@HttpEndpointDestinationDescription' {} a -> s {cloudWatchLoggingOptions = a} :: HttpEndpointDestinationDescription)
    |                                                                                                                                                                                                                          ^^^^^^^^^^^^^^^^^^^^^^^^^^^^

gen/Amazonka/Firehose/Types/HttpEndpointDestinationDescription.hs:165:167: warning: [GHC-02256] [-Wambiguous-fields]
    The record update s {roleARN = a} with type HttpEndpointDestinationDescription is ambiguous.
    This will not be supported by -XDuplicateRecordFields in future releases of GHC.
    |
165 | httpEndpointDestinationDescription_roleARN = Lens.lens (\HttpEndpointDestinationDescription' {roleARN} -> roleARN) (\s@HttpEndpointDestinationDescription' {} a -> s {roleARN = a} :: HttpEndpointDestinationDescription)
    |                                                                                                                                                                       ^^^^^^^^^^^
[ 66 of 111] Compiling Amazonka.Firehose.Types.S3DestinationUpdate
[ 67 of 111] Compiling Amazonka.Firehose.Types.RedshiftDestinationUpdate

gen/Amazonka/Firehose/Types/RedshiftDestinationUpdate.hs:131:191: warning: [GHC-02256] [-Wambiguous-fields]
    The record update s {cloudWatchLoggingOptions = a} with type RedshiftDestinationUpdate is ambiguous.
    This will not be supported by -XDuplicateRecordFields in future releases of GHC.
    |
131 | redshiftDestinationUpdate_cloudWatchLoggingOptions = Lens.lens (\RedshiftDestinationUpdate' {cloudWatchLoggingOptions} -> cloudWatchLoggingOptions) (\s@RedshiftDestinationUpdate' {} a -> s {cloudWatchLoggingOptions = a} :: RedshiftDestinationUpdate)
    |                                                                                                                                                                                               ^^^^^^^^^^^^^^^^^^^^^^^^^^^^

gen/Amazonka/Firehose/Types/RedshiftDestinationUpdate.hs:158:140: warning: [GHC-02256] [-Wambiguous-fields]
    The record update s {roleARN = a} with type RedshiftDestinationUpdate is ambiguous.
    This will not be supported by -XDuplicateRecordFields in future releases of GHC.
    |
158 | redshiftDestinationUpdate_roleARN = Lens.lens (\RedshiftDestinationUpdate' {roleARN} -> roleARN) (\s@RedshiftDestinationUpdate' {} a -> s {roleARN = a} :: RedshiftDestinationUpdate)
    |                                                                                                                                            ^^^^^^^^^^^
[ 68 of 111] Compiling Amazonka.Firehose.Types.HttpEndpointDestinationUpdate

gen/Amazonka/Firehose/Types/HttpEndpointDestinationUpdate.hs:133:173: warning: [GHC-02256] [-Wambiguous-fields]
    The record update s {bufferingHints = a} with type HttpEndpointDestinationUpdate is ambiguous.
    This will not be supported by -XDuplicateRecordFields in future releases of GHC.
    |
133 | httpEndpointDestinationUpdate_bufferingHints = Lens.lens (\HttpEndpointDestinationUpdate' {bufferingHints} -> bufferingHints) (\s@HttpEndpointDestinationUpdate' {} a -> s {bufferingHints = a} :: HttpEndpointDestinationUpdate)
    |                                                                                                                                                                             ^^^^^^^^^^^^^^^^^^

gen/Amazonka/Firehose/Types/HttpEndpointDestinationUpdate.hs:137:203: warning: [GHC-02256] [-Wambiguous-fields]
    The record update s {cloudWatchLoggingOptions = a} with type HttpEndpointDestinationUpdate is ambiguous.
    This will not be supported by -XDuplicateRecordFields in future releases of GHC.
    |
137 | httpEndpointDestinationUpdate_cloudWatchLoggingOptions = Lens.lens (\HttpEndpointDestinationUpdate' {cloudWatchLoggingOptions} -> cloudWatchLoggingOptions) (\s@HttpEndpointDestinationUpdate' {} a -> s {cloudWatchLoggingOptions = a} :: HttpEndpointDestinationUpdate)
    |                                                                                                                                                                                                           ^^^^^^^^^^^^^^^^^^^^^^^^^^^^

gen/Amazonka/Firehose/Types/HttpEndpointDestinationUpdate.hs:162:152: warning: [GHC-02256] [-Wambiguous-fields]
    The record update s {roleARN = a} with type HttpEndpointDestinationUpdate is ambiguous.
    This will not be supported by -XDuplicateRecordFields in future releases of GHC.
    |
162 | httpEndpointDestinationUpdate_roleARN = Lens.lens (\HttpEndpointDestinationUpdate' {roleARN} -> roleARN) (\s@HttpEndpointDestinationUpdate' {} a -> s {roleARN = a} :: HttpEndpointDestinationUpdate)
    |                                                                                                                                                        ^^^^^^^^^^^
[ 69 of 111] Compiling Amazonka.Firehose.Types.ElasticsearchDestinationUpdate

gen/Amazonka/Firehose/Types/ElasticsearchDestinationUpdate.hs:166:176: warning: [GHC-02256] [-Wambiguous-fields]
    The record update s {bufferingHints = a} with type ElasticsearchDestinationUpdate is ambiguous.
    This will not be supported by -XDuplicateRecordFields in future releases of GHC.
    |
166 | elasticsearchDestinationUpdate_bufferingHints = Lens.lens (\ElasticsearchDestinationUpdate' {bufferingHints} -> bufferingHints) (\s@ElasticsearchDestinationUpdate' {} a -> s {bufferingHints = a} :: ElasticsearchDestinationUpdate)
    |                                                                                                                                                                                ^^^^^^^^^^^^^^^^^^

gen/Amazonka/Firehose/Types/ElasticsearchDestinationUpdate.hs:170:206: warning: [GHC-02256] [-Wambiguous-fields]
    The record update s {cloudWatchLoggingOptions = a} with type ElasticsearchDestinationUpdate is ambiguous.
    This will not be supported by -XDuplicateRecordFields in future releases of GHC.
    |
170 | elasticsearchDestinationUpdate_cloudWatchLoggingOptions = Lens.lens (\ElasticsearchDestinationUpdate' {cloudWatchLoggingOptions} -> cloudWatchLoggingOptions) (\s@ElasticsearchDestinationUpdate' {} a -> s {cloudWatchLoggingOptions = a} :: ElasticsearchDestinationUpdate)
    |                                                                                                                                                                                                              ^^^^^^^^^^^^^^^^^^^^^^^^^^^^

gen/Amazonka/Firehose/Types/ElasticsearchDestinationUpdate.hs:215:155: warning: [GHC-02256] [-Wambiguous-fields]
    The record update s {roleARN = a} with type ElasticsearchDestinationUpdate is ambiguous.
    This will not be supported by -XDuplicateRecordFields in future releases of GHC.
    |
215 | elasticsearchDestinationUpdate_roleARN = Lens.lens (\ElasticsearchDestinationUpdate' {roleARN} -> roleARN) (\s@ElasticsearchDestinationUpdate' {} a -> s {roleARN = a} :: ElasticsearchDestinationUpdate)
    |                                                                                                                                                           ^^^^^^^^^^^
[ 70 of 111] Compiling Amazonka.Firehose.Types.AmazonopensearchserviceDestinationUpdate

gen/Amazonka/Firehose/Types/AmazonopensearchserviceDestinationUpdate.hs:150:206: warning: [GHC-02256] [-Wambiguous-fields]
    The record update s {bufferingHints = a} with type AmazonopensearchserviceDestinationUpdate is ambiguous.
    This will not be supported by -XDuplicateRecordFields in future releases of GHC.
    |
150 | amazonopensearchserviceDestinationUpdate_bufferingHints = Lens.lens (\AmazonopensearchserviceDestinationUpdate' {bufferingHints} -> bufferingHints) (\s@AmazonopensearchserviceDestinationUpdate' {} a -> s {bufferingHints = a} :: AmazonopensearchserviceDestinationUpdate)
    |                                                                                                                                                                                                              ^^^^^^^^^^^^^^^^^^

gen/Amazonka/Firehose/Types/AmazonopensearchserviceDestinationUpdate.hs:154:236: warning: [GHC-02256] [-Wambiguous-fields]
    The record update s {cloudWatchLoggingOptions = a} with type AmazonopensearchserviceDestinationUpdate is ambiguous.
    This will not be supported by -XDuplicateRecordFields in future releases of GHC.
    |
154 | amazonopensearchserviceDestinationUpdate_cloudWatchLoggingOptions = Lens.lens (\AmazonopensearchserviceDestinationUpdate' {cloudWatchLoggingOptions} -> cloudWatchLoggingOptions) (\s@AmazonopensearchserviceDestinationUpdate' {} a -> s {cloudWatchLoggingOptions = a} :: AmazonopensearchserviceDestinationUpdate)
    |                                                                                                                                                                                                                                            ^^^^^^^^^^^^^^^^^^^^^^^^^^^^

gen/Amazonka/Firehose/Types/AmazonopensearchserviceDestinationUpdate.hs:191:185: warning: [GHC-02256] [-Wambiguous-fields]
    The record update s {roleARN = a} with type AmazonopensearchserviceDestinationUpdate is ambiguous.
    This will not be supported by -XDuplicateRecordFields in future releases of GHC.
    |
191 | amazonopensearchserviceDestinationUpdate_roleARN = Lens.lens (\AmazonopensearchserviceDestinationUpdate' {roleARN} -> roleARN) (\s@AmazonopensearchserviceDestinationUpdate' {} a -> s {roleARN = a} :: AmazonopensearchserviceDestinationUpdate)
    |                                                                                                                                                                                         ^^^^^^^^^^^
[ 71 of 111] Compiling Amazonka.Firehose.Types.AmazonOpenSearchServerlessDestinationUpdate

gen/Amazonka/Firehose/Types/AmazonOpenSearchServerlessDestinationUpdate.hs:109:215: warning: [GHC-02256] [-Wambiguous-fields]
    The record update s {bufferingHints = a} with type AmazonOpenSearchServerlessDestinationUpdate is ambiguous.
    This will not be supported by -XDuplicateRecordFields in future releases of GHC.
    |
109 | amazonOpenSearchServerlessDestinationUpdate_bufferingHints = Lens.lens (\AmazonOpenSearchServerlessDestinationUpdate' {bufferingHints} -> bufferingHints) (\s@AmazonOpenSearchServerlessDestinationUpdate' {} a -> s {bufferingHints = a} :: AmazonOpenSearchServerlessDestinationUpdate)
    |                                                                                                                                                                                                                       ^^^^^^^^^^^^^^^^^^

gen/Amazonka/Firehose/Types/AmazonOpenSearchServerlessDestinationUpdate.hs:113:245: warning: [GHC-02256] [-Wambiguous-fields]
    The record update s {cloudWatchLoggingOptions = a} with type AmazonOpenSearchServerlessDestinationUpdate is ambiguous.
    This will not be supported by -XDuplicateRecordFields in future releases of GHC.
    |
113 | amazonOpenSearchServerlessDestinationUpdate_cloudWatchLoggingOptions = Lens.lens (\AmazonOpenSearchServerlessDestinationUpdate' {cloudWatchLoggingOptions} -> cloudWatchLoggingOptions) (\s@AmazonOpenSearchServerlessDestinationUpdate' {} a -> s {cloudWatchLoggingOptions = a} :: AmazonOpenSearchServerlessDestinationUpdate)
    |                                                                                                                                                                                                                                                     ^^^^^^^^^^^^^^^^^^^^^^^^^^^^

gen/Amazonka/Firehose/Types/AmazonOpenSearchServerlessDestinationUpdate.hs:138:194: warning: [GHC-02256] [-Wambiguous-fields]
    The record update s {roleARN = a} with type AmazonOpenSearchServerlessDestinationUpdate is ambiguous.
    This will not be supported by -XDuplicateRecordFields in future releases of GHC.
    |
138 | amazonOpenSearchServerlessDestinationUpdate_roleARN = Lens.lens (\AmazonOpenSearchServerlessDestinationUpdate' {roleARN} -> roleARN) (\s@AmazonOpenSearchServerlessDestinationUpdate' {} a -> s {roleARN = a} :: AmazonOpenSearchServerlessDestinationUpdate)
    |                                                                                                                                                                                                  ^^^^^^^^^^^
[ 72 of 111] Compiling Amazonka.Firehose.Types.SchemaConfiguration
[ 73 of 111] Compiling Amazonka.Firehose.Types.Serializer
[ 74 of 111] Compiling Amazonka.Firehose.Types.OutputFormatConfiguration
[ 75 of 111] Compiling Amazonka.Firehose.Types.DataFormatConversionConfiguration
[ 76 of 111] Compiling Amazonka.Firehose.Types.ExtendedS3DestinationUpdate

gen/Amazonka/Firehose/Types/ExtendedS3DestinationUpdate.hs:161:152: warning: [GHC-02256] [-Wambiguous-fields]
    The record update s {bucketARN = a} with type ExtendedS3DestinationUpdate is ambiguous.
    This will not be supported by -XDuplicateRecordFields in future releases of GHC.
    |
161 | extendedS3DestinationUpdate_bucketARN = Lens.lens (\ExtendedS3DestinationUpdate' {bucketARN} -> bucketARN) (\s@ExtendedS3DestinationUpdate' {} a -> s {bucketARN = a} :: ExtendedS3DestinationUpdate)
    |                                                                                                                                                        ^^^^^^^^^^^^^

gen/Amazonka/Firehose/Types/ExtendedS3DestinationUpdate.hs:165:167: warning: [GHC-02256] [-Wambiguous-fields]
    The record update s {bufferingHints = a} with type ExtendedS3DestinationUpdate is ambiguous.
    This will not be supported by -XDuplicateRecordFields in future releases of GHC.
    |
165 | extendedS3DestinationUpdate_bufferingHints = Lens.lens (\ExtendedS3DestinationUpdate' {bufferingHints} -> bufferingHints) (\s@ExtendedS3DestinationUpdate' {} a -> s {bufferingHints = a} :: ExtendedS3DestinationUpdate)
    |                                                                                                                                                                       ^^^^^^^^^^^^^^^^^^

gen/Amazonka/Firehose/Types/ExtendedS3DestinationUpdate.hs:169:197: warning: [GHC-02256] [-Wambiguous-fields]
    The record update s {cloudWatchLoggingOptions = a} with type ExtendedS3DestinationUpdate is ambiguous.
    This will not be supported by -XDuplicateRecordFields in future releases of GHC.
    |
169 | extendedS3DestinationUpdate_cloudWatchLoggingOptions = Lens.lens (\ExtendedS3DestinationUpdate' {cloudWatchLoggingOptions} -> cloudWatchLoggingOptions) (\s@ExtendedS3DestinationUpdate' {} a -> s {cloudWatchLoggingOptions = a} :: ExtendedS3DestinationUpdate)
    |                                                                                                                                                                                                     ^^^^^^^^^^^^^^^^^^^^^^^^^^^^

gen/Amazonka/Firehose/Types/ExtendedS3DestinationUpdate.hs:174:176: warning: [GHC-02256] [-Wambiguous-fields]
    The record update s {compressionFormat = a} with type ExtendedS3DestinationUpdate is ambiguous.
    This will not be supported by -XDuplicateRecordFields in future releases of GHC.
    |
174 | extendedS3DestinationUpdate_compressionFormat = Lens.lens (\ExtendedS3DestinationUpdate' {compressionFormat} -> compressionFormat) (\s@ExtendedS3DestinationUpdate' {} a -> s {compressionFormat = a} :: ExtendedS3DestinationUpdate)
    |                                                                                                                                                                                ^^^^^^^^^^^^^^^^^^^^^

gen/Amazonka/Firehose/Types/ExtendedS3DestinationUpdate.hs:191:194: warning: [GHC-02256] [-Wambiguous-fields]
    The record update s {encryptionConfiguration = a} with type ExtendedS3DestinationUpdate is ambiguous.
    This will not be supported by -XDuplicateRecordFields in future releases of GHC.
    |
191 | extendedS3DestinationUpdate_encryptionConfiguration = Lens.lens (\ExtendedS3DestinationUpdate' {encryptionConfiguration} -> encryptionConfiguration) (\s@ExtendedS3DestinationUpdate' {} a -> s {encryptionConfiguration = a} :: ExtendedS3DestinationUpdate)
    |                                                                                                                                                                                                  ^^^^^^^^^^^^^^^^^^^^^^^^^^^

gen/Amazonka/Firehose/Types/ExtendedS3DestinationUpdate.hs:198:176: warning: [GHC-02256] [-Wambiguous-fields]
    The record update s {errorOutputPrefix = a} with type ExtendedS3DestinationUpdate is ambiguous.
    This will not be supported by -XDuplicateRecordFields in future releases of GHC.
    |
198 | extendedS3DestinationUpdate_errorOutputPrefix = Lens.lens (\ExtendedS3DestinationUpdate' {errorOutputPrefix} -> errorOutputPrefix) (\s@ExtendedS3DestinationUpdate' {} a -> s {errorOutputPrefix = a} :: ExtendedS3DestinationUpdate)
    |                                                                                                                                                                                ^^^^^^^^^^^^^^^^^^^^^

gen/Amazonka/Firehose/Types/ExtendedS3DestinationUpdate.hs:205:143: warning: [GHC-02256] [-Wambiguous-fields]
    The record update s {prefix = a} with type ExtendedS3DestinationUpdate is ambiguous.
    This will not be supported by -XDuplicateRecordFields in future releases of GHC.
    |
205 | extendedS3DestinationUpdate_prefix = Lens.lens (\ExtendedS3DestinationUpdate' {prefix} -> prefix) (\s@ExtendedS3DestinationUpdate' {} a -> s {prefix = a} :: ExtendedS3DestinationUpdate)
    |                                                                                                                                               ^^^^^^^^^^

gen/Amazonka/Firehose/Types/ExtendedS3DestinationUpdate.hs:215:146: warning: [GHC-02256] [-Wambiguous-fields]
    The record update s {roleARN = a} with type ExtendedS3DestinationUpdate is ambiguous.
    This will not be supported by -XDuplicateRecordFields in future releases of GHC.
    |
215 | extendedS3DestinationUpdate_roleARN = Lens.lens (\ExtendedS3DestinationUpdate' {roleARN} -> roleARN) (\s@ExtendedS3DestinationUpdate' {} a -> s {roleARN = a} :: ExtendedS3DestinationUpdate)
    |                                                                                                                                                  ^^^^^^^^^^^
[ 77 of 111] Compiling Amazonka.Firehose.Types.ExtendedS3DestinationDescription

gen/Amazonka/Firehose/Types/ExtendedS3DestinationDescription.hs:172:212: warning: [GHC-02256] [-Wambiguous-fields]
    The record update s {cloudWatchLoggingOptions = a} with type ExtendedS3DestinationDescription is ambiguous.
    This will not be supported by -XDuplicateRecordFields in future releases of GHC.
    |
172 | extendedS3DestinationDescription_cloudWatchLoggingOptions = Lens.lens (\ExtendedS3DestinationDescription' {cloudWatchLoggingOptions} -> cloudWatchLoggingOptions) (\s@ExtendedS3DestinationDescription' {} a -> s {cloudWatchLoggingOptions = a} :: ExtendedS3DestinationDescription)
    |                                                                                                                                                                                                                    ^^^^^^^^^^^^^^^^^^^^^^^^^^^^

gen/Amazonka/Firehose/Types/ExtendedS3DestinationDescription.hs:191:191: warning: [GHC-02256] [-Wambiguous-fields]
    The record update s {errorOutputPrefix = a} with type ExtendedS3DestinationDescription is ambiguous.
    This will not be supported by -XDuplicateRecordFields in future releases of GHC.
    |
191 | extendedS3DestinationDescription_errorOutputPrefix = Lens.lens (\ExtendedS3DestinationDescription' {errorOutputPrefix} -> errorOutputPrefix) (\s@ExtendedS3DestinationDescription' {} a -> s {errorOutputPrefix = a} :: ExtendedS3DestinationDescription)
    |                                                                                                                                                                                               ^^^^^^^^^^^^^^^^^^^^^

gen/Amazonka/Firehose/Types/ExtendedS3DestinationDescription.hs:198:158: warning: [GHC-02256] [-Wambiguous-fields]
    The record update s {prefix = a} with type ExtendedS3DestinationDescription is ambiguous.
    This will not be supported by -XDuplicateRecordFields in future releases of GHC.
    |
198 | extendedS3DestinationDescription_prefix = Lens.lens (\ExtendedS3DestinationDescription' {prefix} -> prefix) (\s@ExtendedS3DestinationDescription' {} a -> s {prefix = a} :: ExtendedS3DestinationDescription)
    |                                                                                                                                                              ^^^^^^^^^^

gen/Amazonka/Firehose/Types/ExtendedS3DestinationDescription.hs:216:161: warning: [GHC-02256] [-Wambiguous-fields]
    The record update s {roleARN = a} with type ExtendedS3DestinationDescription is ambiguous.
    This will not be supported by -XDuplicateRecordFields in future releases of GHC.
    |
216 | extendedS3DestinationDescription_roleARN = Lens.lens (\ExtendedS3DestinationDescription' {roleARN} -> roleARN) (\s@ExtendedS3DestinationDescription' {} a -> s {roleARN = a} :: ExtendedS3DestinationDescription)
    |                                                                                                                                                                 ^^^^^^^^^^^

gen/Amazonka/Firehose/Types/ExtendedS3DestinationDescription.hs:221:167: warning: [GHC-02256] [-Wambiguous-fields]
    The record update s {bucketARN = a} with type ExtendedS3DestinationDescription is ambiguous.
    This will not be supported by -XDuplicateRecordFields in future releases of GHC.
    |
221 | extendedS3DestinationDescription_bucketARN = Lens.lens (\ExtendedS3DestinationDescription' {bucketARN} -> bucketARN) (\s@ExtendedS3DestinationDescription' {} a -> s {bucketARN = a} :: ExtendedS3DestinationDescription)
    |                                                                                                                                                                       ^^^^^^^^^^^^^

gen/Amazonka/Firehose/Types/ExtendedS3DestinationDescription.hs:225:182: warning: [GHC-02256] [-Wambiguous-fields]
    The record update s {bufferingHints = a} with type ExtendedS3DestinationDescription is ambiguous.
    This will not be supported by -XDuplicateRecordFields in future releases of GHC.
    |
225 | extendedS3DestinationDescription_bufferingHints = Lens.lens (\ExtendedS3DestinationDescription' {bufferingHints} -> bufferingHints) (\s@ExtendedS3DestinationDescription' {} a -> s {bufferingHints = a} :: ExtendedS3DestinationDescription)
    |                                                                                                                                                                                      ^^^^^^^^^^^^^^^^^^

gen/Amazonka/Firehose/Types/ExtendedS3DestinationDescription.hs:230:191: warning: [GHC-02256] [-Wambiguous-fields]
    The record update s {compressionFormat = a} with type ExtendedS3DestinationDescription is ambiguous.
    This will not be supported by -XDuplicateRecordFields in future releases of GHC.
    |
230 | extendedS3DestinationDescription_compressionFormat = Lens.lens (\ExtendedS3DestinationDescription' {compressionFormat} -> compressionFormat) (\s@ExtendedS3DestinationDescription' {} a -> s {compressionFormat = a} :: ExtendedS3DestinationDescription)
    |                                                                                                                                                                                               ^^^^^^^^^^^^^^^^^^^^^

gen/Amazonka/Firehose/Types/ExtendedS3DestinationDescription.hs:235:209: warning: [GHC-02256] [-Wambiguous-fields]
    The record update s {encryptionConfiguration = a} with type ExtendedS3DestinationDescription is ambiguous.
    This will not be supported by -XDuplicateRecordFields in future releases of GHC.
    |
235 | extendedS3DestinationDescription_encryptionConfiguration = Lens.lens (\ExtendedS3DestinationDescription' {encryptionConfiguration} -> encryptionConfiguration) (\s@ExtendedS3DestinationDescription' {} a -> s {encryptionConfiguration = a} :: ExtendedS3DestinationDescription)
    |                                                                                                                                                                                                                 ^^^^^^^^^^^^^^^^^^^^^^^^^^^
[ 78 of 111] Compiling Amazonka.Firehose.Types.ExtendedS3DestinationConfiguration

gen/Amazonka/Firehose/Types/ExtendedS3DestinationConfiguration.hs:169:188: warning: [GHC-02256] [-Wambiguous-fields]
    The record update s {bufferingHints = a} with type ExtendedS3DestinationConfiguration is ambiguous.
    This will not be supported by -XDuplicateRecordFields in future releases of GHC.
    |
169 | extendedS3DestinationConfiguration_bufferingHints = Lens.lens (\ExtendedS3DestinationConfiguration' {bufferingHints} -> bufferingHints) (\s@ExtendedS3DestinationConfiguration' {} a -> s {bufferingHints = a} :: ExtendedS3DestinationConfiguration)
    |                                                                                                                                                                                            ^^^^^^^^^^^^^^^^^^

gen/Amazonka/Firehose/Types/ExtendedS3DestinationConfiguration.hs:173:218: warning: [GHC-02256] [-Wambiguous-fields]
    The record update s {cloudWatchLoggingOptions = a} with type ExtendedS3DestinationConfiguration is ambiguous.
    This will not be supported by -XDuplicateRecordFields in future releases of GHC.
    |
173 | extendedS3DestinationConfiguration_cloudWatchLoggingOptions = Lens.lens (\ExtendedS3DestinationConfiguration' {cloudWatchLoggingOptions} -> cloudWatchLoggingOptions) (\s@ExtendedS3DestinationConfiguration' {} a -> s {cloudWatchLoggingOptions = a} :: ExtendedS3DestinationConfiguration)
    |                                                                                                                                                                                                                          ^^^^^^^^^^^^^^^^^^^^^^^^^^^^

gen/Amazonka/Firehose/Types/ExtendedS3DestinationConfiguration.hs:178:197: warning: [GHC-02256] [-Wambiguous-fields]
    The record update s {compressionFormat = a} with type ExtendedS3DestinationConfiguration is ambiguous.
    This will not be supported by -XDuplicateRecordFields in future releases of GHC.
    |
178 | extendedS3DestinationConfiguration_compressionFormat = Lens.lens (\ExtendedS3DestinationConfiguration' {compressionFormat} -> compressionFormat) (\s@ExtendedS3DestinationConfiguration' {} a -> s {compressionFormat = a} :: ExtendedS3DestinationConfiguration)
    |                                                                                                                                                                                                     ^^^^^^^^^^^^^^^^^^^^^

gen/Amazonka/Firehose/Types/ExtendedS3DestinationConfiguration.hs:195:215: warning: [GHC-02256] [-Wambiguous-fields]
    The record update s {encryptionConfiguration = a} with type ExtendedS3DestinationConfiguration is ambiguous.
    This will not be supported by -XDuplicateRecordFields in future releases of GHC.
    |
195 | extendedS3DestinationConfiguration_encryptionConfiguration = Lens.lens (\ExtendedS3DestinationConfiguration' {encryptionConfiguration} -> encryptionConfiguration) (\s@ExtendedS3DestinationConfiguration' {} a -> s {encryptionConfiguration = a} :: ExtendedS3DestinationConfiguration)
    |                                                                                                                                                                                                                       ^^^^^^^^^^^^^^^^^^^^^^^^^^^

gen/Amazonka/Firehose/Types/ExtendedS3DestinationConfiguration.hs:202:197: warning: [GHC-02256] [-Wambiguous-fields]
    The record update s {errorOutputPrefix = a} with type ExtendedS3DestinationConfiguration is ambiguous.
    This will not be supported by -XDuplicateRecordFields in future releases of GHC.
    |
202 | extendedS3DestinationConfiguration_errorOutputPrefix = Lens.lens (\ExtendedS3DestinationConfiguration' {errorOutputPrefix} -> errorOutputPrefix) (\s@ExtendedS3DestinationConfiguration' {} a -> s {errorOutputPrefix = a} :: ExtendedS3DestinationConfiguration)
    |                                                                                                                                                                                                     ^^^^^^^^^^^^^^^^^^^^^

gen/Amazonka/Firehose/Types/ExtendedS3DestinationConfiguration.hs:209:164: warning: [GHC-02256] [-Wambiguous-fields]
    The record update s {prefix = a} with type ExtendedS3DestinationConfiguration is ambiguous.
    This will not be supported by -XDuplicateRecordFields in future releases of GHC.
    |
209 | extendedS3DestinationConfiguration_prefix = Lens.lens (\ExtendedS3DestinationConfiguration' {prefix} -> prefix) (\s@ExtendedS3DestinationConfiguration' {} a -> s {prefix = a} :: ExtendedS3DestinationConfiguration)
    |                                                                                                                                                                    ^^^^^^^^^^

gen/Amazonka/Firehose/Types/ExtendedS3DestinationConfiguration.hs:229:167: warning: [GHC-02256] [-Wambiguous-fields]
    The record update s {roleARN = a} with type ExtendedS3DestinationConfiguration is ambiguous.
    This will not be supported by -XDuplicateRecordFields in future releases of GHC.
    |
229 | extendedS3DestinationConfiguration_roleARN = Lens.lens (\ExtendedS3DestinationConfiguration' {roleARN} -> roleARN) (\s@ExtendedS3DestinationConfiguration' {} a -> s {roleARN = a} :: ExtendedS3DestinationConfiguration)
    |                                                                                                                                                                       ^^^^^^^^^^^

gen/Amazonka/Firehose/Types/ExtendedS3DestinationConfiguration.hs:234:173: warning: [GHC-02256] [-Wambiguous-fields]
    The record update s {bucketARN = a} with type ExtendedS3DestinationConfiguration is ambiguous.
    This will not be supported by -XDuplicateRecordFields in future releases of GHC.
    |
234 | extendedS3DestinationConfiguration_bucketARN = Lens.lens (\ExtendedS3DestinationConfiguration' {bucketARN} -> bucketARN) (\s@ExtendedS3DestinationConfiguration' {} a -> s {bucketARN = a} :: ExtendedS3DestinationConfiguration)
    |                                                                                                                                                                             ^^^^^^^^^^^^^
[ 79 of 111] Compiling Amazonka.Firehose.Types.SourceDescription
[ 80 of 111] Compiling Amazonka.Firehose.Types.SplunkRetryOptions
[ 81 of 111] Compiling Amazonka.Firehose.Types.SplunkS3BackupMode
[ 82 of 111] Compiling Amazonka.Firehose.Types.SplunkDestinationUpdate

gen/Amazonka/Firehose/Types/SplunkDestinationUpdate.hs:132:185: warning: [GHC-02256] [-Wambiguous-fields]
    The record update s {cloudWatchLoggingOptions = a} with type SplunkDestinationUpdate is ambiguous.
    This will not be supported by -XDuplicateRecordFields in future releases of GHC.
    |
132 | splunkDestinationUpdate_cloudWatchLoggingOptions = Lens.lens (\SplunkDestinationUpdate' {cloudWatchLoggingOptions} -> cloudWatchLoggingOptions) (\s@SplunkDestinationUpdate' {} a -> s {cloudWatchLoggingOptions = a} :: SplunkDestinationUpdate)
    |                                                                                                                                                                                         ^^^^^^^^^^^^^^^^^^^^^^^^^^^^
[ 83 of 111] Compiling Amazonka.Firehose.Types.SplunkDestinationDescription

gen/Amazonka/Firehose/Types/SplunkDestinationDescription.hs:126:200: warning: [GHC-02256] [-Wambiguous-fields]
    The record update s {cloudWatchLoggingOptions = a} with type SplunkDestinationDescription is ambiguous.
    This will not be supported by -XDuplicateRecordFields in future releases of GHC.
    |
126 | splunkDestinationDescription_cloudWatchLoggingOptions = Lens.lens (\SplunkDestinationDescription' {cloudWatchLoggingOptions} -> cloudWatchLoggingOptions) (\s@SplunkDestinationDescription' {} a -> s {cloudWatchLoggingOptions = a} :: SplunkDestinationDescription)
    |                                                                                                                                                                                                        ^^^^^^^^^^^^^^^^^^^^^^^^^^^^
[ 84 of 111] Compiling Amazonka.Firehose.Types.SplunkDestinationConfiguration

gen/Amazonka/Firehose/Types/SplunkDestinationConfiguration.hs:144:206: warning: [GHC-02256] [-Wambiguous-fields]
    The record update s {cloudWatchLoggingOptions = a} with type SplunkDestinationConfiguration is ambiguous.
    This will not be supported by -XDuplicateRecordFields in future releases of GHC.
    |
144 | splunkDestinationConfiguration_cloudWatchLoggingOptions = Lens.lens (\SplunkDestinationConfiguration' {cloudWatchLoggingOptions} -> cloudWatchLoggingOptions) (\s@SplunkDestinationConfiguration' {} a -> s {cloudWatchLoggingOptions = a} :: SplunkDestinationConfiguration)
    |                                                                                                                                                                                                              ^^^^^^^^^^^^^^^^^^^^^^^^^^^^
[ 85 of 111] Compiling Amazonka.Firehose.Types.Tag
[ 86 of 111] Compiling Amazonka.Firehose.Types.VpcConfiguration
[ 87 of 111] Compiling Amazonka.Firehose.Types.ElasticsearchDestinationConfiguration

gen/Amazonka/Firehose/Types/ElasticsearchDestinationConfiguration.hs:204:197: warning: [GHC-02256] [-Wambiguous-fields]
    The record update s {bufferingHints = a} with type ElasticsearchDestinationConfiguration is ambiguous.
    This will not be supported by -XDuplicateRecordFields in future releases of GHC.
    |
204 | elasticsearchDestinationConfiguration_bufferingHints = Lens.lens (\ElasticsearchDestinationConfiguration' {bufferingHints} -> bufferingHints) (\s@ElasticsearchDestinationConfiguration' {} a -> s {bufferingHints = a} :: ElasticsearchDestinationConfiguration)
    |                                                                                                                                                                                                     ^^^^^^^^^^^^^^^^^^

gen/Amazonka/Firehose/Types/ElasticsearchDestinationConfiguration.hs:208:227: warning: [GHC-02256] [-Wambiguous-fields]
    The record update s {cloudWatchLoggingOptions = a} with type ElasticsearchDestinationConfiguration is ambiguous.
    This will not be supported by -XDuplicateRecordFields in future releases of GHC.
    |
208 | elasticsearchDestinationConfiguration_cloudWatchLoggingOptions = Lens.lens (\ElasticsearchDestinationConfiguration' {cloudWatchLoggingOptions} -> cloudWatchLoggingOptions) (\s@ElasticsearchDestinationConfiguration' {} a -> s {cloudWatchLoggingOptions = a} :: ElasticsearchDestinationConfiguration)
    |                                                                                                                                                                                                                                   ^^^^^^^^^^^^^^^^^^^^^^^^^^^^

gen/Amazonka/Firehose/Types/ElasticsearchDestinationConfiguration.hs:277:176: warning: [GHC-02256] [-Wambiguous-fields]
    The record update s {roleARN = a} with type ElasticsearchDestinationConfiguration is ambiguous.
    This will not be supported by -XDuplicateRecordFields in future releases of GHC.
    |
277 | elasticsearchDestinationConfiguration_roleARN = Lens.lens (\ElasticsearchDestinationConfiguration' {roleARN} -> roleARN) (\s@ElasticsearchDestinationConfiguration' {} a -> s {roleARN = a} :: ElasticsearchDestinationConfiguration)
    |                                                                                                                                                                                ^^^^^^^^^^^
[ 88 of 111] Compiling Amazonka.Firehose.Types.AmazonopensearchserviceDestinationConfiguration

gen/Amazonka/Firehose/Types/AmazonopensearchserviceDestinationConfiguration.hs:179:227: warning: [GHC-02256] [-Wambiguous-fields]
    The record update s {bufferingHints = a} with type AmazonopensearchserviceDestinationConfiguration is ambiguous.
    This will not be supported by -XDuplicateRecordFields in future releases of GHC.
    |
179 | amazonopensearchserviceDestinationConfiguration_bufferingHints = Lens.lens (\AmazonopensearchserviceDestinationConfiguration' {bufferingHints} -> bufferingHints) (\s@AmazonopensearchserviceDestinationConfiguration' {} a -> s {bufferingHints = a} :: AmazonopensearchserviceDestinationConfiguration)
    |                                                                                                                                                                                                                                   ^^^^^^^^^^^^^^^^^^

gen/Amazonka/Firehose/Types/AmazonopensearchserviceDestinationConfiguration.hs:183:257: warning: [GHC-02256] [-Wambiguous-fields]
    The record update s {cloudWatchLoggingOptions = a} with type AmazonopensearchserviceDestinationConfiguration is ambiguous.
    This will not be supported by -XDuplicateRecordFields in future releases of GHC.
    |
183 | amazonopensearchserviceDestinationConfiguration_cloudWatchLoggingOptions = Lens.lens (\AmazonopensearchserviceDestinationConfiguration' {cloudWatchLoggingOptions} -> cloudWatchLoggingOptions) (\s@AmazonopensearchserviceDestinationConfiguration' {} a -> s {cloudWatchLoggingOptions = a} :: AmazonopensearchserviceDestinationConfiguration)
    |                                                                                                                                                                                                                                                                 ^^^^^^^^^^^^^^^^^^^^^^^^^^^^

gen/Amazonka/Firehose/Types/AmazonopensearchserviceDestinationConfiguration.hs:238:206: warning: [GHC-02256] [-Wambiguous-fields]
    The record update s {roleARN = a} with type AmazonopensearchserviceDestinationConfiguration is ambiguous.
    This will not be supported by -XDuplicateRecordFields in future releases of GHC.
    |
238 | amazonopensearchserviceDestinationConfiguration_roleARN = Lens.lens (\AmazonopensearchserviceDestinationConfiguration' {roleARN} -> roleARN) (\s@AmazonopensearchserviceDestinationConfiguration' {} a -> s {roleARN = a} :: AmazonopensearchserviceDestinationConfiguration)
    |                                                                                                                                                                                                              ^^^^^^^^^^^
[ 89 of 111] Compiling Amazonka.Firehose.Types.AmazonOpenSearchServerlessDestinationConfiguration

gen/Amazonka/Firehose/Types/AmazonOpenSearchServerlessDestinationConfiguration.hs:145:236: warning: [GHC-02256] [-Wambiguous-fields]
    The record update s {bufferingHints = a} with type AmazonOpenSearchServerlessDestinationConfiguration is ambiguous.
    This will not be supported by -XDuplicateRecordFields in future releases of GHC.
    |
145 | amazonOpenSearchServerlessDestinationConfiguration_bufferingHints = Lens.lens (\AmazonOpenSearchServerlessDestinationConfiguration' {bufferingHints} -> bufferingHints) (\s@AmazonOpenSearchServerlessDestinationConfiguration' {} a -> s {bufferingHints = a} :: AmazonOpenSearchServerlessDestinationConfiguration)
    |                                                                                                                                                                                                                                            ^^^^^^^^^^^^^^^^^^

gen/Amazonka/Firehose/Types/AmazonOpenSearchServerlessDestinationConfiguration.hs:149:266: warning: [GHC-02256] [-Wambiguous-fields]
    The record update s {cloudWatchLoggingOptions = a} with type AmazonOpenSearchServerlessDestinationConfiguration is ambiguous.
    This will not be supported by -XDuplicateRecordFields in future releases of GHC.
    |
149 | amazonOpenSearchServerlessDestinationConfiguration_cloudWatchLoggingOptions = Lens.lens (\AmazonOpenSearchServerlessDestinationConfiguration' {cloudWatchLoggingOptions} -> cloudWatchLoggingOptions) (\s@AmazonOpenSearchServerlessDestinationConfiguration' {} a -> s {cloudWatchLoggingOptions = a} :: AmazonOpenSearchServerlessDestinationConfiguration)
    |                                                                                                                                                                                                                                                                          ^^^^^^^^^^^^^^^^^^^^^^^^^^^^

gen/Amazonka/Firehose/Types/AmazonOpenSearchServerlessDestinationConfiguration.hs:184:215: warning: [GHC-02256] [-Wambiguous-fields]
    The record update s {roleARN = a} with type AmazonOpenSearchServerlessDestinationConfiguration is ambiguous.
    This will not be supported by -XDuplicateRecordFields in future releases of GHC.
    |
184 | amazonOpenSearchServerlessDestinationConfiguration_roleARN = Lens.lens (\AmazonOpenSearchServerlessDestinationConfiguration' {roleARN} -> roleARN) (\s@AmazonOpenSearchServerlessDestinationConfiguration' {} a -> s {roleARN = a} :: AmazonOpenSearchServerlessDestinationConfiguration)
    |                                                                                                                                                                                                                       ^^^^^^^^^^^
[ 90 of 111] Compiling Amazonka.Firehose.Types.VpcConfigurationDescription
[ 91 of 111] Compiling Amazonka.Firehose.Types.ElasticsearchDestinationDescription

gen/Amazonka/Firehose/Types/ElasticsearchDestinationDescription.hs:147:191: warning: [GHC-02256] [-Wambiguous-fields]
    The record update s {bufferingHints = a} with type ElasticsearchDestinationDescription is ambiguous.
    This will not be supported by -XDuplicateRecordFields in future releases of GHC.
    |
147 | elasticsearchDestinationDescription_bufferingHints = Lens.lens (\ElasticsearchDestinationDescription' {bufferingHints} -> bufferingHints) (\s@ElasticsearchDestinationDescription' {} a -> s {bufferingHints = a} :: ElasticsearchDestinationDescription)
    |                                                                                                                                                                                               ^^^^^^^^^^^^^^^^^^

gen/Amazonka/Firehose/Types/ElasticsearchDestinationDescription.hs:151:221: warning: [GHC-02256] [-Wambiguous-fields]
    The record update s {cloudWatchLoggingOptions = a} with type ElasticsearchDestinationDescription is ambiguous.
    This will not be supported by -XDuplicateRecordFields in future releases of GHC.
    |
151 | elasticsearchDestinationDescription_cloudWatchLoggingOptions = Lens.lens (\ElasticsearchDestinationDescription' {cloudWatchLoggingOptions} -> cloudWatchLoggingOptions) (\s@ElasticsearchDestinationDescription' {} a -> s {cloudWatchLoggingOptions = a} :: ElasticsearchDestinationDescription)
    |                                                                                                                                                                                                                             ^^^^^^^^^^^^^^^^^^^^^^^^^^^^

gen/Amazonka/Firehose/Types/ElasticsearchDestinationDescription.hs:187:170: warning: [GHC-02256] [-Wambiguous-fields]
    The record update s {roleARN = a} with type ElasticsearchDestinationDescription is ambiguous.
    This will not be supported by -XDuplicateRecordFields in future releases of GHC.
    |
187 | elasticsearchDestinationDescription_roleARN = Lens.lens (\ElasticsearchDestinationDescription' {roleARN} -> roleARN) (\s@ElasticsearchDestinationDescription' {} a -> s {roleARN = a} :: ElasticsearchDestinationDescription)
    |                                                                                                                                                                          ^^^^^^^^^^^
[ 92 of 111] Compiling Amazonka.Firehose.Types.AmazonopensearchserviceDestinationDescription

gen/Amazonka/Firehose/Types/AmazonopensearchserviceDestinationDescription.hs:135:221: warning: [GHC-02256] [-Wambiguous-fields]
    The record update s {bufferingHints = a} with type AmazonopensearchserviceDestinationDescription is ambiguous.
    This will not be supported by -XDuplicateRecordFields in future releases of GHC.
    |
135 | amazonopensearchserviceDestinationDescription_bufferingHints = Lens.lens (\AmazonopensearchserviceDestinationDescription' {bufferingHints} -> bufferingHints) (\s@AmazonopensearchserviceDestinationDescription' {} a -> s {bufferingHints = a} :: AmazonopensearchserviceDestinationDescription)
    |                                                                                                                                                                                                                             ^^^^^^^^^^^^^^^^^^

gen/Amazonka/Firehose/Types/AmazonopensearchserviceDestinationDescription.hs:139:251: warning: [GHC-02256] [-Wambiguous-fields]
    The record update s {cloudWatchLoggingOptions = a} with type AmazonopensearchserviceDestinationDescription is ambiguous.
    This will not be supported by -XDuplicateRecordFields in future releases of GHC.
    |
139 | amazonopensearchserviceDestinationDescription_cloudWatchLoggingOptions = Lens.lens (\AmazonopensearchserviceDestinationDescription' {cloudWatchLoggingOptions} -> cloudWatchLoggingOptions) (\s@AmazonopensearchserviceDestinationDescription' {} a -> s {cloudWatchLoggingOptions = a} :: AmazonopensearchserviceDestinationDescription)
    |                                                                                                                                                                                                                                                           ^^^^^^^^^^^^^^^^^^^^^^^^^^^^

gen/Amazonka/Firehose/Types/AmazonopensearchserviceDestinationDescription.hs:169:200: warning: [GHC-02256] [-Wambiguous-fields]
    The record update s {roleARN = a} with type AmazonopensearchserviceDestinationDescription is ambiguous.
    This will not be supported by -XDuplicateRecordFields in future releases of GHC.
    |
169 | amazonopensearchserviceDestinationDescription_roleARN = Lens.lens (\AmazonopensearchserviceDestinationDescription' {roleARN} -> roleARN) (\s@AmazonopensearchserviceDestinationDescription' {} a -> s {roleARN = a} :: AmazonopensearchserviceDestinationDescription)
    |                                                                                                                                                                                                        ^^^^^^^^^^^
[ 93 of 111] Compiling Amazonka.Firehose.Types.AmazonOpenSearchServerlessDestinationDescription

gen/Amazonka/Firehose/Types/AmazonOpenSearchServerlessDestinationDescription.hs:114:230: warning: [GHC-02256] [-Wambiguous-fields]
    The record update s {bufferingHints = a} with type AmazonOpenSearchServerlessDestinationDescription is ambiguous.
    This will not be supported by -XDuplicateRecordFields in future releases of GHC.
    |
114 | amazonOpenSearchServerlessDestinationDescription_bufferingHints = Lens.lens (\AmazonOpenSearchServerlessDestinationDescription' {bufferingHints} -> bufferingHints) (\s@AmazonOpenSearchServerlessDestinationDescription' {} a -> s {bufferingHints = a} :: AmazonOpenSearchServerlessDestinationDescription)
    |                                                                                                                                                                                                                                      ^^^^^^^^^^^^^^^^^^

gen/Amazonka/Firehose/Types/AmazonOpenSearchServerlessDestinationDescription.hs:118:260: warning: [GHC-02256] [-Wambiguous-fields]
    The record update s {cloudWatchLoggingOptions = a} with type AmazonOpenSearchServerlessDestinationDescription is ambiguous.
    This will not be supported by -XDuplicateRecordFields in future releases of GHC.
    |
118 | amazonOpenSearchServerlessDestinationDescription_cloudWatchLoggingOptions = Lens.lens (\AmazonOpenSearchServerlessDestinationDescription' {cloudWatchLoggingOptions} -> cloudWatchLoggingOptions) (\s@AmazonOpenSearchServerlessDestinationDescription' {} a -> s {cloudWatchLoggingOptions = a} :: AmazonOpenSearchServerlessDestinationDescription)
    |                                                                                                                                                                                                                                                                    ^^^^^^^^^^^^^^^^^^^^^^^^^^^^

gen/Amazonka/Firehose/Types/AmazonOpenSearchServerlessDestinationDescription.hs:139:209: warning: [GHC-02256] [-Wambiguous-fields]
    The record update s {roleARN = a} with type AmazonOpenSearchServerlessDestinationDescription is ambiguous.
    This will not be supported by -XDuplicateRecordFields in future releases of GHC.
    |
139 | amazonOpenSearchServerlessDestinationDescription_roleARN = Lens.lens (\AmazonOpenSearchServerlessDestinationDescription' {roleARN} -> roleARN) (\s@AmazonOpenSearchServerlessDestinationDescription' {} a -> s {roleARN = a} :: AmazonOpenSearchServerlessDestinationDescription)
    |                                                                                                                                                                                                                 ^^^^^^^^^^^
[ 94 of 111] Compiling Amazonka.Firehose.Types.DestinationDescription

gen/Amazonka/Firehose/Types/DestinationDescription.hs:135:182: warning: [GHC-02256] [-Wambiguous-fields]
    The record update s {s3DestinationDescription = a} with type DestinationDescription is ambiguous.
    This will not be supported by -XDuplicateRecordFields in future releases of GHC.
    |
135 | destinationDescription_s3DestinationDescription = Lens.lens (\DestinationDescription' {s3DestinationDescription} -> s3DestinationDescription) (\s@DestinationDescription' {} a -> s {s3DestinationDescription = a} :: DestinationDescription)
    |                                                                                                                                                                                      ^^^^^^^^^^^^^^^^^^^^^^^^^^^^
[ 95 of 111] Compiling Amazonka.Firehose.Types.DeliveryStreamDescription

gen/Amazonka/Firehose/Types/DeliveryStreamDescription.hs:182:173: warning: [GHC-02256] [-Wambiguous-fields]
    The record update s {failureDescription = a} with type DeliveryStreamDescription is ambiguous.
    This will not be supported by -XDuplicateRecordFields in future releases of GHC.
    |
182 | deliveryStreamDescription_failureDescription = Lens.lens (\DeliveryStreamDescription' {failureDescription} -> failureDescription) (\s@DeliveryStreamDescription' {} a -> s {failureDescription = a} :: DeliveryStreamDescription)
    |                                                                                                                                                                             ^^^^^^^^^^^^^^^^^^^^^^
[ 96 of 111] Compiling Amazonka.Firehose.Types
[ 97 of 111] Compiling Amazonka.Firehose.TagDeliveryStream

gen/Amazonka/Firehose/TagDeliveryStream.hs:97:149: warning: [GHC-02256] [-Wambiguous-fields]
    The record update s {deliveryStreamName = a} with type TagDeliveryStream is ambiguous.
    This will not be supported by -XDuplicateRecordFields in future releases of GHC.
   |
97 | tagDeliveryStream_deliveryStreamName = Lens.lens (\TagDeliveryStream' {deliveryStreamName} -> deliveryStreamName) (\s@TagDeliveryStream' {} a -> s {deliveryStreamName = a} :: TagDeliveryStream)
   |                                                                                                                                                     ^^^^^^^^^^^^^^^^^^^^^^
[ 98 of 111] Compiling Amazonka.Firehose.StopDeliveryStreamEncryption

gen/Amazonka/Firehose/StopDeliveryStreamEncryption.hs:105:182: warning: [GHC-02256] [-Wambiguous-fields]
    The record update s {deliveryStreamName = a} with type StopDeliveryStreamEncryption is ambiguous.
    This will not be supported by -XDuplicateRecordFields in future releases of GHC.
    |
105 | stopDeliveryStreamEncryption_deliveryStreamName = Lens.lens (\StopDeliveryStreamEncryption' {deliveryStreamName} -> deliveryStreamName) (\s@StopDeliveryStreamEncryption' {} a -> s {deliveryStreamName = a} :: StopDeliveryStreamEncryption)
    |                                                                                                                                                                                      ^^^^^^^^^^^^^^^^^^^^^^
[ 99 of 111] Compiling Amazonka.Firehose.StartDeliveryStreamEncryption

gen/Amazonka/Firehose/StartDeliveryStreamEncryption.hs:140:185: warning: [GHC-02256] [-Wambiguous-fields]
    The record update s {deliveryStreamName = a} with type StartDeliveryStreamEncryption is ambiguous.
    This will not be supported by -XDuplicateRecordFields in future releases of GHC.
    |
140 | startDeliveryStreamEncryption_deliveryStreamName = Lens.lens (\StartDeliveryStreamEncryption' {deliveryStreamName} -> deliveryStreamName) (\s@StartDeliveryStreamEncryption' {} a -> s {deliveryStreamName = a} :: StartDeliveryStreamEncryption)
    |                                                                                                                                                                                         ^^^^^^^^^^^^^^^^^^^^^^
[100 of 111] Compiling Amazonka.Firehose.PutRecordBatch

gen/Amazonka/Firehose/PutRecordBatch.hs:152:140: warning: [GHC-02256] [-Wambiguous-fields]
    The record update s {deliveryStreamName = a} with type PutRecordBatch is ambiguous.
    This will not be supported by -XDuplicateRecordFields in future releases of GHC.
    |
152 | putRecordBatch_deliveryStreamName = Lens.lens (\PutRecordBatch' {deliveryStreamName} -> deliveryStreamName) (\s@PutRecordBatch' {} a -> s {deliveryStreamName = a} :: PutRecordBatch)
    |                                                                                                                                            ^^^^^^^^^^^^^^^^^^^^^^
[101 of 111] Compiling Amazonka.Firehose.PutRecord

gen/Amazonka/Firehose/PutRecord.hs:127:125: warning: [GHC-02256] [-Wambiguous-fields]
    The record update s {deliveryStreamName = a} with type PutRecord is ambiguous.
    This will not be supported by -XDuplicateRecordFields in future releases of GHC.
    |
127 | putRecord_deliveryStreamName = Lens.lens (\PutRecord' {deliveryStreamName} -> deliveryStreamName) (\s@PutRecord' {} a -> s {deliveryStreamName = a} :: PutRecord)
    |                                                                                                                             ^^^^^^^^^^^^^^^^^^^^^^

gen/Amazonka/Firehose/PutRecord.hs:238:119: warning: [GHC-02256] [-Wambiguous-fields]
    The record update s {recordId = a} with type PutRecordResponse is ambiguous.
    This will not be supported by -XDuplicateRecordFields in future releases of GHC.
    |
238 | putRecordResponse_recordId = Lens.lens (\PutRecordResponse' {recordId} -> recordId) (\s@PutRecordResponse' {} a -> s {recordId = a} :: PutRecordResponse)
    |                                                                                                                       ^^^^^^^^^^^^
[102 of 111] Compiling Amazonka.Firehose.ListTagsForDeliveryStream

gen/Amazonka/Firehose/ListTagsForDeliveryStream.hs:115:173: warning: [GHC-02256] [-Wambiguous-fields]
    The record update s {deliveryStreamName = a} with type ListTagsForDeliveryStream is ambiguous.
    This will not be supported by -XDuplicateRecordFields in future releases of GHC.
    |
115 | listTagsForDeliveryStream_deliveryStreamName = Lens.lens (\ListTagsForDeliveryStream' {deliveryStreamName} -> deliveryStreamName) (\s@ListTagsForDeliveryStream' {} a -> s {deliveryStreamName = a} :: ListTagsForDeliveryStream)
    |                                                                                                                                                                             ^^^^^^^^^^^^^^^^^^^^^^
[103 of 111] Compiling Amazonka.Firehose.ListDeliveryStreams

gen/Amazonka/Firehose/ListDeliveryStreams.hs:131:155: warning: [GHC-02256] [-Wambiguous-fields]
    The record update s {deliveryStreamType = a} with type ListDeliveryStreams is ambiguous.
    This will not be supported by -XDuplicateRecordFields in future releases of GHC.
    |
131 | listDeliveryStreams_deliveryStreamType = Lens.lens (\ListDeliveryStreams' {deliveryStreamType} -> deliveryStreamType) (\s@ListDeliveryStreams' {} a -> s {deliveryStreamType = a} :: ListDeliveryStreams)
    |                                                                                                                                                           ^^^^^^^^^^^^^^^^^^^^^^
[104 of 111] Compiling Amazonka.Firehose.DescribeDeliveryStream

gen/Amazonka/Firehose/DescribeDeliveryStream.hs:117:164: warning: [GHC-02256] [-Wambiguous-fields]
    The record update s {deliveryStreamName = a} with type DescribeDeliveryStream is ambiguous.
    This will not be supported by -XDuplicateRecordFields in future releases of GHC.
    |
117 | describeDeliveryStream_deliveryStreamName = Lens.lens (\DescribeDeliveryStream' {deliveryStreamName} -> deliveryStreamName) (\s@DescribeDeliveryStream' {} a -> s {deliveryStreamName = a} :: DescribeDeliveryStream)
    |                                                                                                                                                                    ^^^^^^^^^^^^^^^^^^^^^^
[105 of 111] Compiling Amazonka.Firehose.DeleteDeliveryStream

gen/Amazonka/Firehose/DeleteDeliveryStream.hs:130:158: warning: [GHC-02256] [-Wambiguous-fields]
    The record update s {deliveryStreamName = a} with type DeleteDeliveryStream is ambiguous.
    This will not be supported by -XDuplicateRecordFields in future releases of GHC.
    |
130 | deleteDeliveryStream_deliveryStreamName = Lens.lens (\DeleteDeliveryStream' {deliveryStreamName} -> deliveryStreamName) (\s@DeleteDeliveryStream' {} a -> s {deliveryStreamName = a} :: DeleteDeliveryStream)
    |                                                                                                                                                              ^^^^^^^^^^^^^^^^^^^^^^
[106 of 111] Compiling Amazonka.Firehose.CreateDeliveryStream

gen/Amazonka/Firehose/CreateDeliveryStream.hs:302:158: warning: [GHC-02256] [-Wambiguous-fields]
    The record update s {deliveryStreamType = a} with type CreateDeliveryStream is ambiguous.
    This will not be supported by -XDuplicateRecordFields in future releases of GHC.
    |
302 | createDeliveryStream_deliveryStreamType = Lens.lens (\CreateDeliveryStream' {deliveryStreamType} -> deliveryStreamType) (\s@CreateDeliveryStream' {} a -> s {deliveryStreamType = a} :: CreateDeliveryStream)
    |                                                                                                                                                              ^^^^^^^^^^^^^^^^^^^^^^

gen/Amazonka/Firehose/CreateDeliveryStream.hs:355:158: warning: [GHC-02256] [-Wambiguous-fields]
    The record update s {deliveryStreamName = a} with type CreateDeliveryStream is ambiguous.
    This will not be supported by -XDuplicateRecordFields in future releases of GHC.
    |
355 | createDeliveryStream_deliveryStreamName = Lens.lens (\CreateDeliveryStream' {deliveryStreamName} -> deliveryStreamName) (\s@CreateDeliveryStream' {} a -> s {deliveryStreamName = a} :: CreateDeliveryStream)
    |                                                                                                                                                              ^^^^^^^^^^^^^^^^^^^^^^

gen/Amazonka/Firehose/CreateDeliveryStream.hs:499:179: warning: [GHC-02256] [-Wambiguous-fields]
    The record update s {deliveryStreamARN = a} with type CreateDeliveryStreamResponse is ambiguous.
    This will not be supported by -XDuplicateRecordFields in future releases of GHC.
    |
499 | createDeliveryStreamResponse_deliveryStreamARN = Lens.lens (\CreateDeliveryStreamResponse' {deliveryStreamARN} -> deliveryStreamARN) (\s@CreateDeliveryStreamResponse' {} a -> s {deliveryStreamARN = a} :: CreateDeliveryStreamResponse)
    |                                                                                                                                                                                   ^^^^^^^^^^^^^^^^^^^^^
[107 of 111] Compiling Amazonka.Firehose.UntagDeliveryStream

gen/Amazonka/Firehose/UntagDeliveryStream.hs:93:155: warning: [GHC-02256] [-Wambiguous-fields]
    The record update s {deliveryStreamName = a} with type UntagDeliveryStream is ambiguous.
    This will not be supported by -XDuplicateRecordFields in future releases of GHC.
   |
93 | untagDeliveryStream_deliveryStreamName = Lens.lens (\UntagDeliveryStream' {deliveryStreamName} -> deliveryStreamName) (\s@UntagDeliveryStream' {} a -> s {deliveryStreamName = a} :: UntagDeliveryStream)
   |                                                                                                                                                           ^^^^^^^^^^^^^^^^^^^^^^
[108 of 111] Compiling Amazonka.Firehose.UpdateDestination

gen/Amazonka/Firehose/UpdateDestination.hs:227:149: warning: [GHC-02256] [-Wambiguous-fields]
    The record update s {deliveryStreamName = a} with type UpdateDestination is ambiguous.
    This will not be supported by -XDuplicateRecordFields in future releases of GHC.
    |
227 | updateDestination_deliveryStreamName = Lens.lens (\UpdateDestination' {deliveryStreamName} -> deliveryStreamName) (\s@UpdateDestination' {} a -> s {deliveryStreamName = a} :: UpdateDestination)
    |                                                                                                                                                     ^^^^^^^^^^^^^^^^^^^^^^

gen/Amazonka/Firehose/UpdateDestination.hs:241:134: warning: [GHC-02256] [-Wambiguous-fields]
    The record update s {destinationId = a} with type UpdateDestination is ambiguous.
    This will not be supported by -XDuplicateRecordFields in future releases of GHC.
    |
241 | updateDestination_destinationId = Lens.lens (\UpdateDestination' {destinationId} -> destinationId) (\s@UpdateDestination' {} a -> s {destinationId = a} :: UpdateDestination)
    |                                                                                                                                      ^^^^^^^^^^^^^^^^^
[109 of 111] Compiling Amazonka.Firehose.Lens
[110 of 111] Compiling Amazonka.Firehose.Waiters
[111 of 111] Compiling Amazonka.Firehose
Configuring test suite 'amazonka-kinesis-firehose-test' for amazonka-kinesis-firehose-2.0...
Preprocessing test suite 'amazonka-kinesis-firehose-test' for amazonka-kinesis-firehose-2.0...
Building test suite 'amazonka-kinesis-firehose-test' for amazonka-kinesis-firehose-2.0...
[1 of 4] Compiling Test.Amazonka.Firehose
[2 of 4] Compiling Test.Amazonka.Firehose.Internal
[3 of 4] Compiling Main
[4 of 4] Compiling Test.Amazonka.Gen.Firehose
[5 of 5] Linking /tmp/workdir-amazonka-kinesis-firehose/amazonka-kinesis-firehose-2.0/dist-newstyle/build/x86_64-linux/ghc-9.6.6/amazonka-kinesis-firehose-2.0/t/amazonka-kinesis-firehose-test/build/amazonka-kinesis-firehose-test/amazonka-kinesis-firehose-test
