Build profile: -w ghc-9.6.6 -O1
In order, the following will be built (use -v for more details):
 - slynx-0.7.2.2 (lib) (first run)
 - slynx-0.7.2.2 (exe:slynx) (first run)
Configuring library for slynx-0.7.2.2...
Preprocessing library for slynx-0.7.2.2...
Building library for slynx-0.7.2.2...
[ 1 of 17] Compiling Paths_slynx
[ 2 of 17] Compiling SLynx.Simulate.Options
[ 3 of 17] Compiling SLynx.Simulate.PhyloModel
[ 4 of 17] Compiling SLynx.Simulate.Simulate
[ 5 of 17] Compiling SLynx.Tools
[ 6 of 17] Compiling SLynx.SubSample.Options
[ 7 of 17] Compiling SLynx.SubSample.SubSample
[ 8 of 17] Compiling SLynx.Filter.Options
[ 9 of 17] Compiling SLynx.Filter.Filter
[10 of 17] Compiling SLynx.Examine.Options
[11 of 17] Compiling SLynx.Examine.Examine
[12 of 17] Compiling SLynx.Concatenate.Options
[13 of 17] Compiling SLynx.Concatenate.Concatenate
[14 of 17] Compiling SLynx.Translate.Options
[15 of 17] Compiling SLynx.Options
[16 of 17] Compiling SLynx.Translate.Translate
[17 of 17] Compiling SLynx.SLynx
Configuring executable 'slynx' for slynx-0.7.2.2...
Preprocessing executable 'slynx' for slynx-0.7.2.2...
Building executable 'slynx' for slynx-0.7.2.2...
[1 of 2] Compiling Main
[2 of 2] Compiling Paths_slynx
[3 of 3] Linking /tmp/workdir-slynx/slynx-0.7.2.2/dist-newstyle/build/x86_64-linux/ghc-9.6.6/slynx-0.7.2.2/x/slynx/build/slynx/slynx
