Build profile: -w ghc-9.6.6 -O1
In order, the following will be built (use -v for more details):
 - wl-pprint-text-1.2.0.2 (lib) (first run)
Configuring library for wl-pprint-text-1.2.0.2...
Preprocessing library for wl-pprint-text-1.2.0.2...
Building library for wl-pprint-text-1.2.0.2...
[1 of 2] Compiling Text.PrettyPrint.Leijen.Text

Text/PrettyPrint/Leijen/Text.hs:785:5: warning: [-Wnoncanonical-monoid-instances]
    Noncanonical ‘mappend’ definition detected
    in the instance declaration for ‘Monoid Doc’.
    ‘mappend’ will eventually be removed in favour of ‘(<>)’
    Either remove definition for ‘mappend’ (recommended) or define as ‘mappend = (<>)’
    See also: https://gitlab.haskell.org/ghc/ghc/-/wikis/proposal/semigroup-monoid
    |
785 |     mappend = beside
    |     ^^^^^^^^^^^^^^^^
[2 of 2] Compiling Text.PrettyPrint.Leijen.Text.Monadic

Text/PrettyPrint/Leijen/Text/Monadic.hs:83:39: warning: [-Wunused-imports]
    The import of ‘liftA2’
    from module ‘Control.Applicative’ is redundant
   |
83 | import           Control.Applicative (liftA2, liftA3)
   |                                       ^^^^^^
