Build profile: -w ghc-9.6.6 -O1
In order, the following will be built (use -v for more details):
 - rss-conduit-0.6.0.1 (lib) (first run)
 - rss-conduit-0.6.0.1 (test:tests) (first run)
 - rss-conduit-0.6.0.1 (test:quickcheck-tests) (first run)
Configuring library for rss-conduit-0.6.0.1...
Preprocessing library for rss-conduit-0.6.0.1...
Building library for rss-conduit-0.6.0.1...
[ 1 of 12] Compiling Text.RSS.Lens.Rules
[ 2 of 12] Compiling Text.RSS.Types

src/Text/RSS/Types.hs:279:49: warning: [GHC-39567] [-Wstar-is-type]
    Using ‘*’ (or its Unicode variant) to mean ‘Data.Kind.Type’
    relies on the StarIsType extension, which will become
    deprecated in the future.
    Suggested fix: Use ‘Type’ from ‘Data.Kind’ instead.
    |
279 | data family RssChannelExtension extensionTag :: *
    |                                                 ^

src/Text/RSS/Types.hs:282:46: warning: [GHC-39567] [-Wstar-is-type]
    Using ‘*’ (or its Unicode variant) to mean ‘Data.Kind.Type’
    relies on the StarIsType extension, which will become
    deprecated in the future.
    Suggested fix: Use ‘Type’ from ‘Data.Kind’ instead.
    |
282 | data family RssItemExtension extensionTag :: *
    |                                              ^
[ 3 of 12] Compiling Text.RSS.Lens
[ 4 of 12] Compiling Text.RSS.Extensions
[ 5 of 12] Compiling Text.RSS.Extensions.Syndication
[ 6 of 12] Compiling Text.RSS.Extensions.DublinCore
[ 7 of 12] Compiling Text.RSS.Extensions.Content
[ 8 of 12] Compiling Text.RSS.Extensions.Atom
[ 9 of 12] Compiling Text.RSS.Conduit.Render
[10 of 12] Compiling Text.RSS.Conduit.Parse
[11 of 12] Compiling Text.RSS.Conduit.Parse.Simple
[12 of 12] Compiling Text.RSS1.Conduit.Parse
Configuring test suite 'tests' for rss-conduit-0.6.0.1...
Preprocessing test suite 'tests' for rss-conduit-0.6.0.1...
Building test suite 'tests' for rss-conduit-0.6.0.1...
[1 of 1] Compiling Main
[2 of 2] Linking /tmp/workdir-rss-conduit/rss-conduit-0.6.0.1/dist-newstyle/build/x86_64-linux/ghc-9.6.6/rss-conduit-0.6.0.1/t/tests/build/tests/tests
Configuring test suite 'quickcheck-tests' for rss-conduit-0.6.0.1...
Preprocessing test suite 'quickcheck-tests' for rss-conduit-0.6.0.1...
Building test suite 'quickcheck-tests' for rss-conduit-0.6.0.1...
[1 of 2] Compiling Arbitrary
[2 of 2] Compiling Main
[3 of 3] Linking /tmp/workdir-rss-conduit/rss-conduit-0.6.0.1/dist-newstyle/build/x86_64-linux/ghc-9.6.6/rss-conduit-0.6.0.1/t/quickcheck-tests/build/quickcheck-tests/quickcheck-tests
