Build profile: -w ghc-9.6.6 -O1
In order, the following will be built (use -v for more details):
 - youtube-0.2.1.1 (exe:youtube-auth, exe:youtube-upload) (first run)
Warning: youtube.cabal:89:24: version operators used. To use version operators
the package needs to specify at least 'cabal-version: >= 1.8'.
Warning: youtube.cabal:90:21: version operators used. To use version operators
the package needs to specify at least 'cabal-version: >= 1.8'.
Warning: youtube.cabal:91:18: version operators used. To use version operators
the package needs to specify at least 'cabal-version: >= 1.8'.
Warning: youtube.cabal:75:24: version operators used. To use version operators
the package needs to specify at least 'cabal-version: >= 1.8'.
Warning: youtube.cabal:77:21: version operators used. To use version operators
the package needs to specify at least 'cabal-version: >= 1.8'.
Warning: youtube.cabal:78:26: version operators used. To use version operators
the package needs to specify at least 'cabal-version: >= 1.8'.
Warning: youtube.cabal:79:18: version operators used. To use version operators
the package needs to specify at least 'cabal-version: >= 1.8'.
Configuring youtube-0.2.1.1...
Preprocessing executable 'youtube-upload' for youtube-0.2.1.1...
Building executable 'youtube-upload' for youtube-0.2.1.1...
[1 of 3] Compiling Utility
[2 of 3] Compiling YouTube
[3 of 3] Compiling Main
[4 of 4] Linking /tmp/workdir-youtube/youtube-0.2.1.1/dist-newstyle/build/x86_64-linux/ghc-9.6.6/youtube-0.2.1.1/build/youtube-upload/youtube-upload
Preprocessing executable 'youtube-auth' for youtube-0.2.1.1...
Building executable 'youtube-auth' for youtube-0.2.1.1...
[1 of 3] Compiling Utility
[2 of 3] Compiling YouTube
[3 of 3] Compiling Main
[4 of 4] Linking /tmp/workdir-youtube/youtube-0.2.1.1/dist-newstyle/build/x86_64-linux/ghc-9.6.6/youtube-0.2.1.1/build/youtube-auth/youtube-auth
