Resolving dependencies...
Build profile: -w ghc-9.6.6 -O1
In order, the following will be built (use -v for more details):
 - lua-2.3.3 (lib) (requires build)
 - lua-arbitrary-1.0.1.1 (lib) (requires build)
 - hslua-core-2.3.2 (lib) (requires build)
 - tasty-hslua-1.1.1 (lib) (requires build)
 - hslua-marshalling-2.3.1 (lib) (requires build)
 - hslua-typing-0.1.1 (lib) (requires build)
 - hslua-classes-2.3.1 (lib) (requires build)
 - hslua-aeson-2.3.1.1 (lib) (requires build)
 - hslua-objectorientation-2.3.1 (lib) (requires build)
 - hslua-packaging-2.3.1 (lib) (requires build)
Starting     lua-2.3.3 (lib)
Building     lua-2.3.3 (lib)
Installing   lua-2.3.3 (lib)
Completed    lua-2.3.3 (lib)
Starting     lua-arbitrary-1.0.1.1 (lib)
Starting     hslua-core-2.3.2 (lib)
Building     hslua-core-2.3.2 (lib)
Building     lua-arbitrary-1.0.1.1 (lib)
Installing   lua-arbitrary-1.0.1.1 (lib)
Completed    lua-arbitrary-1.0.1.1 (lib)
Installing   hslua-core-2.3.2 (lib)
Completed    hslua-core-2.3.2 (lib)
Starting     tasty-hslua-1.1.1 (lib)
Starting     hslua-marshalling-2.3.1 (lib)
Building     hslua-marshalling-2.3.1 (lib)
Building     tasty-hslua-1.1.1 (lib)
Installing   tasty-hslua-1.1.1 (lib)
Completed    tasty-hslua-1.1.1 (lib)
Installing   hslua-marshalling-2.3.1 (lib)
Completed    hslua-marshalling-2.3.1 (lib)
Starting     hslua-typing-0.1.1 (lib)
Starting     hslua-aeson-2.3.1.1 (lib)
Starting     hslua-classes-2.3.1 (lib)
Building     hslua-aeson-2.3.1.1 (lib)
Building     hslua-typing-0.1.1 (lib)
Building     hslua-classes-2.3.1 (lib)
Installing   hslua-classes-2.3.1 (lib)
Installing   hslua-aeson-2.3.1.1 (lib)
Completed    hslua-classes-2.3.1 (lib)
Installing   hslua-typing-0.1.1 (lib)
Completed    hslua-aeson-2.3.1.1 (lib)
Completed    hslua-typing-0.1.1 (lib)
Starting     hslua-objectorientation-2.3.1 (lib)
Building     hslua-objectorientation-2.3.1 (lib)
Installing   hslua-objectorientation-2.3.1 (lib)
Completed    hslua-objectorientation-2.3.1 (lib)
Starting     hslua-packaging-2.3.1 (lib)
Building     hslua-packaging-2.3.1 (lib)
Installing   hslua-packaging-2.3.1 (lib)
Completed    hslua-packaging-2.3.1 (lib)
