Build profile: -w ghc-9.6.6 -O1
In order, the following will be built (use -v for more details):
 - concurrent-extra-0.7.0.12 (lib) (first run)
 - concurrent-extra-0.7.0.12 (test:test-concurrent-extra) (first run)
Configuring library for concurrent-extra-0.7.0.12...
Preprocessing library for concurrent-extra-0.7.0.12...
Building library for concurrent-extra-0.7.0.12...
[1 of 8] Compiling Utils
[2 of 8] Compiling Control.Concurrent.STM.Lock
[3 of 8] Compiling Control.Concurrent.Lock
[4 of 8] Compiling Control.Concurrent.ReadWriteLock
[5 of 8] Compiling Control.Concurrent.ReadWriteVar
[6 of 8] Compiling Control.Concurrent.RLock
[7 of 8] Compiling Control.Concurrent.Broadcast
[8 of 8] Compiling Control.Concurrent.Event
Configuring test suite 'test-concurrent-extra' for concurrent-extra-0.7.0.12...
Preprocessing test suite 'test-concurrent-extra' for concurrent-extra-0.7.0.12...
Building test suite 'test-concurrent-extra' for concurrent-extra-0.7.0.12...

<no location info>: warning: [GHC-32850] [-Wmissing-home-modules]
    These modules are needed for compilation but not listed in your .cabal file's other-modules for ‘concurrent-extra-0.7.0.12-inplace-test-concurrent-extra’ :
        Control.Concurrent.Broadcast
        Control.Concurrent.Event
        Control.Concurrent.Lock
        Control.Concurrent.RLock
        Control.Concurrent.ReadWriteLock
        Control.Concurrent.ReadWriteVar
        Control.Concurrent.STM.Lock
        Utils
[ 1 of 17] Compiling TestUtils
[ 2 of 17] Compiling Utils
[ 3 of 17] Compiling Control.Concurrent.STM.Lock
[ 4 of 17] Compiling Control.Concurrent.STM.Lock.Test
[ 5 of 17] Compiling Control.Concurrent.Lock
[ 6 of 17] Compiling Control.Concurrent.ReadWriteLock
[ 7 of 17] Compiling Control.Concurrent.ReadWriteVar
[ 8 of 17] Compiling Control.Concurrent.ReadWriteVar.Test
[ 9 of 17] Compiling Control.Concurrent.ReadWriteLock.Test
[10 of 17] Compiling Control.Concurrent.RLock
[11 of 17] Compiling Control.Concurrent.Lock.Test
[12 of 17] Compiling Control.Concurrent.Broadcast
[13 of 17] Compiling Control.Concurrent.Event
[14 of 17] Compiling Control.Concurrent.RLock.Test
[15 of 17] Compiling Control.Concurrent.Event.Test
[16 of 17] Compiling Control.Concurrent.Broadcast.Test
[17 of 17] Compiling Main

<no location info>: warning: [GHC-32850] [-Wmissing-home-modules]
    These modules are needed for compilation but not listed in your .cabal file's other-modules for ‘concurrent-extra-0.7.0.12-inplace-test-concurrent-extra’ :
        Control.Concurrent.Broadcast
        Control.Concurrent.Event
        Control.Concurrent.Lock
        Control.Concurrent.RLock
        Control.Concurrent.ReadWriteLock
        Control.Concurrent.ReadWriteVar
        Control.Concurrent.STM.Lock
        Utils
[18 of 18] Linking /tmp/workdir-concurrent-extra/concurrent-extra-0.7.0.12/dist-newstyle/build/x86_64-linux/ghc-9.6.6/concurrent-extra-0.7.0.12/t/test-concurrent-extra/build/test-concurrent-extra/test-concurrent-extra
