Build profile: -w ghc-9.6.6 -O1
In order, the following will be built (use -v for more details):
 - lucid-extras-0.2.2 (lib) (first run)
 - lucid-extras-0.2.2 (test:site-gen) (first run)
Configuring library for lucid-extras-0.2.2...
Preprocessing library for lucid-extras-0.2.2...
Building library for lucid-extras-0.2.2...
[1 of 7] Compiling Lucid.PreEscaped

lib/Lucid/PreEscaped.hs:10:1: warning: [-Wunused-imports]
    The import of ‘Data.Monoid’ is redundant
      except perhaps to import instances from ‘Data.Monoid’
    To import instances alone, use: import Data.Monoid()
   |
10 | import Data.Monoid ((<>))
   | ^^^^^^^^^^^^^^^^^^^^^^^^^
[2 of 7] Compiling Lucid.Leaflet

lib/Lucid/Leaflet.hs:30:1: warning: [-Wunused-imports]
    The import of ‘Data.Monoid’ is redundant
      except perhaps to import instances from ‘Data.Monoid’
    To import instances alone, use: import Data.Monoid()
   |
30 | import Data.Monoid
   | ^^^^^^^^^^^^^^^^^^
[3 of 7] Compiling Lucid.DataTables

lib/Lucid/DataTables.hs:11:1: warning: [-Wunused-imports]
    The import of ‘Data.Monoid’ is redundant
      except perhaps to import instances from ‘Data.Monoid’
    To import instances alone, use: import Data.Monoid()
   |
11 | import Data.Monoid
   | ^^^^^^^^^^^^^^^^^^
[4 of 7] Compiling Lucid.Bootstrap3
[5 of 7] Compiling Lucid.Rdash

lib/Lucid/Rdash.hs:30:1: warning: [-Wunused-imports]
    The import of ‘Control.Applicative’ is redundant
      except perhaps to import instances from ‘Control.Applicative’
    To import instances alone, use: import Control.Applicative()
   |
30 | import Control.Applicative ((<$>))
   | ^^^^^^^^^^^^^^^^^^^^^^^^^^^^^^^^^^

lib/Lucid/Rdash.hs:38:1: warning: [-Wunused-imports]
    The import of ‘Data.Monoid’ is redundant
      except perhaps to import instances from ‘Data.Monoid’
    To import instances alone, use: import Data.Monoid()
   |
38 | import Data.Monoid ((<>), mempty)
   | ^^^^^^^^^^^^^^^^^^^^^^^^^^^^^^^^^
[6 of 7] Compiling Lucid.Tables

lib/Lucid/Tables.hs:15:1: warning: [-Wunused-imports]
    The import of ‘Data.Monoid’ is redundant
      except perhaps to import instances from ‘Data.Monoid’
    To import instances alone, use: import Data.Monoid()
   |
15 | import Data.Monoid
   | ^^^^^^^^^^^^^^^^^^
[7 of 7] Compiling Lucid.VegaLite

lib/Lucid/VegaLite.hs:31:1: warning: [-Wunused-imports]
    The import of ‘Data.Monoid’ is redundant
      except perhaps to import instances from ‘Data.Monoid’
    To import instances alone, use: import Data.Monoid()
   |
31 | import Data.Monoid
   | ^^^^^^^^^^^^^^^^^^
Configuring test suite 'site-gen' for lucid-extras-0.2.2...
Preprocessing test suite 'site-gen' for lucid-extras-0.2.2...
Building test suite 'site-gen' for lucid-extras-0.2.2...
[1 of 2] Compiling DevelMain
[2 of 2] Compiling Main
[3 of 3] Linking /tmp/workdir-lucid-extras/lucid-extras-0.2.2/dist-newstyle/build/x86_64-linux/ghc-9.6.6/lucid-extras-0.2.2/t/site-gen/build/site-gen/site-gen
