Build profile: -w ghc-9.6.6 -O1
In order, the following will be built (use -v for more details):
 - ihaskell-0.10.4.0 (lib) (first run)
 - ihaskell-0.10.4.0 (exe:ihaskell) (first run)
 - ihaskell-0.10.4.0 (test:hspec) (first run)
Configuring library for ihaskell-0.10.4.0...
Preprocessing library for ihaskell-0.10.4.0...
Building library for ihaskell-0.10.4.0...
[ 1 of 25] Compiling IHaskellPrelude
[ 2 of 25] Compiling IHaskell.Types

src/IHaskell/Types.hs:48:1: warning: [-Wunused-imports]
    The import of ‘Data.Function’ is redundant
      except perhaps to import instances from ‘Data.Function’
    To import instances alone, use: import Data.Function()
   |
48 | import           Data.Function (on)
   | ^^^^^^^^^^^^^^^^^^^^^^^^^^^^^^^^^^^
[ 3 of 25] Compiling IHaskell.IPython.Stdin

src/IHaskell/IPython/Stdin.hs:31:1: warning: [-Wunused-imports]
    The import of ‘Control.Applicative’ is redundant
      except perhaps to import instances from ‘Control.Applicative’
    To import instances alone, use: import Control.Applicative()
   |
31 | import           Control.Applicative ((<$>))
   | ^^^^^^^^^^^^^^^^^^^^^^^^^^^^^^^^^^^^^^^^^^^^

src/IHaskell/IPython/Stdin.hs:75:11: warning: [GHC-62161] [-Wincomplete-uni-patterns]
    Pattern match(es) are non-exhaustive
    In a pattern binding:
        Patterns of type ‘Handle’ not matched: DuplexHandle _ _ _
   |
75 |       let FileHandle _ mvar = stdin
   |           ^^^^^^^^^^^^^^^^^^^^^^^^^
[ 4 of 25] Compiling IHaskell.Flags

src/IHaskell/Flags.hs:81:11: warning: [GHC-62161] [-Wincomplete-uni-patterns]
    Pattern match(es) are non-exhaustive
    In a pattern binding:
        Patterns of type ‘([String], [String])’ not matched: (_, [])
   |
81 |       let (start, first:end) = splitAt idx flags
   |           ^^^^^^^^^^^^^^^^^^^^^^^^^^^^^^^^^^^^^^
[ 5 of 25] Compiling IHaskell.Eval.ParseShell
[ 6 of 25] Compiling IHaskell.Convert.LhsToIpynb

src/IHaskell/Convert/LhsToIpynb.hs:7:1: warning: [-Wunused-imports]
    The qualified import of ‘Data.Text’ is redundant
      except perhaps to import instances from ‘Data.Text’
    To import instances alone, use: import Data.Text()
  |
7 | import qualified Data.Text as T
  | ^^^^^^^^^^^^^^^^^^^^^^^^^^^^^^^

src/IHaskell/Convert/LhsToIpynb.hs:19:1: warning: [-Wunused-imports]
    The qualified import of ‘Data.Aeson.KeyMap’ is redundant
      except perhaps to import instances from ‘Data.Aeson.KeyMap’
    To import instances alone, use: import Data.Aeson.KeyMap()
   |
19 | import qualified Data.Aeson.KeyMap as KeyMap
   | ^^^^^^^^^^^^^^^^^^^^^^^^^^^^^^^^^^^^^^^^^^^^
[ 7 of 25] Compiling IHaskell.Convert.IpynbToLhs

src/IHaskell/Convert/IpynbToLhs.hs:33:58: warning: [GHC-62161] [-Wincomplete-uni-patterns]
    Pattern match(es) are non-exhaustive
    In a lambda abstraction:
        Patterns of type ‘Value’ not matched:
            Array _
            String _
            aeson-2.1.2.1-553ff46f7eb9e1a40a79402398f98b9f307fea9f9ab88a1cebea97434f5847c1:Data.Aeson.Types.Internal.Number
            _
            aeson-2.1.2.1-553ff46f7eb9e1a40a79402398f98b9f307fea9f9ab88a1cebea97434f5847c1:Data.Aeson.Types.Internal.Bool
            _
            ...
   |
33 |       LTIO.writeFile to $ LT.unlines $ V.toList $ V.map (\(Object y) -> convCell sty y) cells
   |                                                          ^^^^^^^^^^^^^^^^^^^^^^^^^^^^^

src/IHaskell/Convert/IpynbToLhs.hs:48:1: warning: [GHC-62161] [-Wincomplete-uni-patterns]
    Pattern match(es) are non-exhaustive
    In a pattern binding:
        Patterns of type ‘Maybe LT.Text’ not matched:
            Nothing
            Nothing
            Nothing
            Nothing
            ...
   |
48 | convCell _sty object
   | ^^^^^^^^^^^^^^^^^^^^...

src/IHaskell/Convert/IpynbToLhs.hs:48:1: warning: [GHC-62161] [-Wincomplete-uni-patterns]
    Pattern match(es) are non-exhaustive
    In a pattern binding:
        Patterns of type ‘Maybe LT.Text’ not matched: Nothing
   |
48 | convCell _sty object
   | ^^^^^^^^^^^^^^^^^^^^...
[ 8 of 25] Compiling IHaskell.Convert.Args
[ 9 of 25] Compiling IHaskell.Convert
[10 of 25] Compiling IHaskell.CSS
[11 of 25] Compiling IHaskell.BrokenPackages
[12 of 25] Compiling Paths_ihaskell
[13 of 25] Compiling StringUtils

src/StringUtils.hs:34:3: warning: [GHC-62161] [-Wincomplete-uni-patterns]
    Pattern match(es) are non-exhaustive
    In a pattern binding:
        Patterns of type ‘[[Char]]’ not matched:
            []
            [_]
   |
34 |   (head:_:tail) = Split.split (Split.onSublist delim) str
   |   ^^^^^^^^^^^^^^^^^^^^^^^^^^^^^^^^^^^^^^^^^^^^^^^^^^^^^^^
[14 of 25] Compiling IHaskell.IPython
[15 of 25] Compiling IHaskell.Eval.Util

src/IHaskell/Eval/Util.hs:54:1: warning: [-Wunused-imports]
    The import of ‘GHC.Runtime.Loader’ is redundant
      except perhaps to import instances from ‘GHC.Runtime.Loader’
    To import instances alone, use: import GHC.Runtime.Loader()
   |
54 | import           GHC.Runtime.Loader
   | ^^^^^^^^^^^^^^^^^^^^^^^^^^^^^^^^^^^
[16 of 25] Compiling IHaskell.Eval.Parser

src/IHaskell/Eval/Parser.hs:265:13: warning: [GHC-62161] [-Wincomplete-uni-patterns]
    Pattern match(es) are non-exhaustive
    In a pattern binding:
        Patterns of type ‘[String]’ not matched:
            []
            []
    |
265 |             _:restLine = words directive
    |             ^^^^^^^^^^^^^^^^^^^^^^^^^^^^
[17 of 25] Compiling IHaskell.Eval.Hoogle

src/IHaskell/Eval/Hoogle.hs:195:11: warning: [GHC-62161] [-Wincomplete-uni-patterns]
    Pattern match(es) are non-exhaustive
    In a pattern binding:
        Patterns of type ‘[String]’ not matched:
            []
            [_]
            (_:_:_:_)
    |
195 |       let [name, args] = splitFirst "::" string
    |           ^^^^^^^^^^^^^^^^^^^^^^^^^^^^^^^^^^^^^
[18 of 25] Compiling IHaskell.Display
[19 of 25] Compiling IHaskell.Publish
[20 of 25] Compiling IHaskell.Eval.Widgets
[21 of 25] Compiling IHaskell.Eval.Lint

src/IHaskell/Eval/Lint.hs:8:1: warning: [-Wunused-imports]
    The import of ‘Data.Maybe’ is redundant
      except perhaps to import instances from ‘Data.Maybe’
    To import instances alone, use: import Data.Maybe()
  |
8 | import           Data.Maybe (mapMaybe)
  | ^^^^^^^^^^^^^^^^^^^^^^^^^^^^^^^^^^^^^^
[22 of 25] Compiling IHaskell.Eval.Evaluate

src/IHaskell/Eval/Evaluate.hs:737:7: warning: [GHC-62161] [-Wincomplete-uni-patterns]
    Pattern match(es) are non-exhaustive
    In a pattern binding: Patterns of type ‘String’ not matched: []
    |
737 |   let stripped@(firstChar:remainder) = mods
    |       ^^^^^^^^^^^^^^^^^^^^^^^^^^^^^^^^^^^^^

src/IHaskell/Eval/Evaluate.hs:1121:9: warning: [GHC-62161] [-Wincomplete-uni-patterns]
    Pattern match(es) are non-exhaustive
    In a pattern binding:
        Patterns of type ‘Display’ not matched: ManyDisplay _
     |
1121 |         Display disps = evalResult evalOut
     |         ^^^^^^^^^^^^^^^^^^^^^^^^^^^^^^^^^^
[23 of 25] Compiling IHaskell.Eval.Inspect
[24 of 25] Compiling IHaskell.Eval.Info
[25 of 25] Compiling IHaskell.Eval.Completion
Configuring executable 'ihaskell' for ihaskell-0.10.4.0...
Preprocessing executable 'ihaskell' for ihaskell-0.10.4.0...
Building executable 'ihaskell' for ihaskell-0.10.4.0...
[1 of 2] Compiling Paths_ihaskell
[2 of 2] Compiling Main
[3 of 3] Linking /tmp/workdir-ihaskell/ihaskell-0.10.4.0/dist-newstyle/build/x86_64-linux/ghc-9.6.6/ihaskell-0.10.4.0/x/ihaskell/build/ihaskell/ihaskell
Configuring test suite 'hspec' for ihaskell-0.10.4.0...
Preprocessing test suite 'hspec' for ihaskell-0.10.4.0...
Building test suite 'hspec' for ihaskell-0.10.4.0...
[1 of 6] Compiling IHaskell.Test.Hoogle

src/tests/IHaskell/Test/Hoogle.hs:52:9: warning: [GHC-62161] [-Wincomplete-uni-patterns]
    Pattern match(es) are non-exhaustive
    In a pattern binding:
        Patterns of type ‘HoogleResult’ not matched:
            DocResult _
            NoResult _
   |
52 |     let (SearchResult (HoogleResponse loc signature _docUrl)) = head results
   |         ^^^^^^^^^^^^^^^^^^^^^^^^^^^^^^^^^^^^^^^^^^^^^^^^^^^^^^^^^^^^^^^^^^^^

src/tests/IHaskell/Test/Hoogle.hs:58:9: warning: [GHC-62161] [-Wincomplete-uni-patterns]
    Pattern match(es) are non-exhaustive
    In a pattern binding:
        Patterns of type ‘HoogleResult’ not matched:
            DocResult _
            NoResult _
   |
58 |     let (SearchResult (HoogleResponse _loc signature _docUrl)) = head results
   |         ^^^^^^^^^^^^^^^^^^^^^^^^^^^^^^^^^^^^^^^^^^^^^^^^^^^^^^^^^^^^^^^^^^^^^
[2 of 6] Compiling IHaskell.Test.Util
[3 of 6] Compiling IHaskell.Test.Parser
[4 of 6] Compiling IHaskell.Test.Eval

src/tests/IHaskell/Test/Eval.hs:52:38: warning: [GHC-62161] [-Wincomplete-uni-patterns]
    Pattern match(es) are non-exhaustive
    In a lambda abstraction:
        Patterns of type ‘(Display, String)’ not matched:
            ((Display _), _)
            ((ManyDisplay []), _)
            ((ManyDisplay ((ManyDisplay _):_)), _)
            ((ManyDisplay ((Display _):_:_)), _)
   |
52 |       forM_ (zip results expected) $ \(ManyDisplay [Display result], expect) -> case extractPlain result of
   |                                      ^^^^^^^^^^^^^^^^^^^^^^^^^^^^^^^^^^^^^^^^^^^^^^^^^^^^^^^^^^^^^^^^^^^^^^...
[5 of 6] Compiling IHaskell.Test.Completion

src/tests/IHaskell/Test/Completion.hs:18:1: warning: [GHC-99623] [-Wdodgy-imports]
    The import item ‘Backend(..)’ suggests that
    ‘Backend’ has (in-scope) constructors or class methods,
    but it has none
   |
18 | import           GHC (getSessionDynFlags, setSessionDynFlags, DynFlags(..), GhcLink(..), setContext,
   | ^^^^^^^^^^^^^^^^^^^^^^^^^^^^^^^^^^^^^^^^^^^^^^^^^^^^^^^^^^^^^^^^^^^^^^^^^^^^^^^^^^^^^^^^^^^^^^^^^^^^...

src/tests/IHaskell/Test/Completion.hs:19:60: warning: [-Wunused-imports]
    The import of ‘Backend’ from module ‘GHC’ is redundant
   |
19 |                       parseImportDecl, interpreterBackend, Backend(..), InteractiveImport(..))
   |                                                            ^^^^^^^^^^^
[6 of 6] Compiling Main
[7 of 7] Linking /tmp/workdir-ihaskell/ihaskell-0.10.4.0/dist-newstyle/build/x86_64-linux/ghc-9.6.6/ihaskell-0.10.4.0/t/hspec/build/hspec/hspec
