Build profile: -w ghc-9.6.6 -O1
In order, the following will be built (use -v for more details):
 - basement-0.0.16 (lib) (first run)
Configuring library for basement-0.0.16...
Preprocessing library for basement-0.0.16...
Building library for basement-0.0.16...

Basement/Error.hs:7:14: warning: [-Wdeprecated-flags]
    -XTypeInType is deprecated: use -XDataKinds and -XPolyKinds instead
  |
7 | {-# LANGUAGE TypeInType #-}
  |              ^^^^^^^^^^
[ 1 of 84] Compiling Basement.Compat.Bifunctor
[ 2 of 84] Compiling Basement.Compat.C.Types
[ 3 of 84] Compiling Basement.Compat.CallStack
[ 4 of 84] Compiling Basement.Compat.Identity
[ 5 of 84] Compiling Basement.Compat.IsList
[ 6 of 84] Compiling Basement.Compat.Natural
[ 7 of 84] Compiling Basement.Compat.NumLiteral
[ 8 of 84] Compiling Basement.Compat.PrimTypes
[ 9 of 84] Compiling Basement.Compat.Primitive
[10 of 84] Compiling Basement.Compat.Semigroup
[11 of 84] Compiling Basement.Compat.Typeable
[12 of 84] Compiling Basement.Compat.Base
[13 of 84] Compiling Basement.Compat.MonadTrans
[14 of 84] Compiling Basement.Compat.AMP
[15 of 84] Compiling Basement.Endianness
[16 of 84] Compiling Basement.Floating
[17 of 84] Compiling Basement.Monad

Basement/Monad.hs:47:23: warning: [GHC-39567] [-Wstar-is-type]
    Using ‘*’ (or its Unicode variant) to mean ‘Data.Kind.Type’
    relies on the StarIsType extension, which will become
    deprecated in the future.
    Suggested fix: Use ‘Type’ from ‘Data.Kind’ instead.
   |
47 |     type PrimVar m :: * -> *
   |                       ^

Basement/Monad.hs:47:28: warning: [GHC-39567] [-Wstar-is-type]
    Using ‘*’ (or its Unicode variant) to mean ‘Data.Kind.Type’
    relies on the StarIsType extension, which will become
    deprecated in the future.
    Suggested fix: Use ‘Type’ from ‘Data.Kind’ instead.
   |
47 |     type PrimVar m :: * -> *
   |                            ^
[18 of 84] Compiling Basement.FinalPtr
[19 of 84] Compiling Basement.Numerical.Conversion
[20 of 84] Compiling Basement.Numerical.Number
[21 of 84] Compiling Basement.IntegralConv
[22 of 84] Compiling Basement.Types.Char7
[23 of 84] Compiling Basement.Base16
[24 of 84] Compiling Basement.Types.Word128
[25 of 84] Compiling Basement.Types.Word256
[26 of 84] Compiling Basement.Nat
[27 of 84] Compiling Basement.Bounded
[28 of 84] Compiling Basement.Numerical.Subtractive
[29 of 84] Compiling Basement.Numerical.Additive
[30 of 84] Compiling Basement.Numerical.Multiplicative
[31 of 84] Compiling Basement.Types.OffsetSize
[32 of 84] Compiling Basement.Types.Ptr
[33 of 84] Compiling Basement.Terminal.Size
[34 of 84] Compiling Basement.Terminal
[35 of 84] Compiling Basement.Runtime
[36 of 84] Compiling Basement.PrimType
[37 of 84] Compiling Basement.MutableBuilder
[38 of 84] Compiling Basement.Exception
[39 of 84] Compiling Basement.NonEmpty
[40 of 84] Compiling Basement.Bindings.Memory
[41 of 84] Compiling Basement.Alg.Class
[42 of 84] Compiling Basement.Compat.ExtList
[43 of 84] Compiling Basement.Alg.XorShift
[44 of 84] Compiling Basement.Alg.PrimArray
[45 of 84] Compiling Basement.Alg.Mutable
[46 of 84] Compiling Basement.NormalForm
[47 of 84] Compiling Basement.These
[48 of 84] Compiling Basement.Sized.List
[49 of 84] Compiling Basement.Block.Base
[50 of 84] Compiling Basement.Cast
[51 of 84] Compiling Basement.Block.Mutable
[52 of 84] Compiling Basement.Block
[53 of 84] Compiling Basement.Sized.Block
[54 of 84] Compiling Basement.BlockN
[55 of 84] Compiling Basement.Bits
[56 of 84] Compiling Basement.UArray.Base
[57 of 84] Compiling Basement.BoxedArray
[58 of 84] Compiling Basement.Sized.Vect
[59 of 84] Compiling Basement.UArray.Mutable
[60 of 84] Compiling Basement.UArray
[61 of 84] Compiling Basement.Types.AsciiString
[62 of 84] Compiling Basement.String.Encoding.Encoding
[63 of 84] Compiling Basement.String.Encoding.UTF32
[64 of 84] Compiling Basement.String.Encoding.UTF16
[65 of 84] Compiling Basement.String.Encoding.ISO_8859_1
[66 of 84] Compiling Basement.String.Encoding.ASCII7
[67 of 84] Compiling Basement.Sized.UVect
[68 of 84] Compiling Basement.UTF8.Types
[69 of 84] Compiling Basement.UTF8.Table
[70 of 84] Compiling Basement.UTF8.Helper
[71 of 84] Compiling Basement.Types.CharUTF8
[72 of 84] Compiling Basement.String.CaseMapping
[73 of 84] Compiling Basement.Alg.UTF8
[74 of 84] Compiling Basement.UTF8.Base
[75 of 84] Compiling Basement.Show
[76 of 84] Compiling Basement.Error
[77 of 84] Compiling Basement.Imports
[78 of 84] Compiling Basement.Environment
[79 of 84] Compiling Basement.Alg.String
[80 of 84] Compiling Basement.String
[81 of 84] Compiling Basement.Terminal.ANSI
[82 of 84] Compiling Basement.From
[83 of 84] Compiling Basement.Block.Builder
[84 of 84] Compiling Basement.String.Builder
