Build profile: -w ghc-9.6.6 -O1
In order, the following will be built (use -v for more details):
 - optparse-text-0.1.1.0 (lib) (first run)
 - optparse-text-0.1.1.0 (test:spec) (first run)
Configuring library for optparse-text-0.1.1.0...
Preprocessing library for optparse-text-0.1.1.0...
Building library for optparse-text-0.1.1.0...
[1 of 2] Compiling Options.Applicative.Text

src/Options/Applicative/Text.hs:8:1: warning: [-Wunused-imports]
    The import of ‘Control.Applicative’ is redundant
      except perhaps to import instances from ‘Control.Applicative’
    To import instances alone, use: import Control.Applicative()
  |
8 | import           Control.Applicative       ((<$>))
  | ^^^^^^^^^^^^^^^^^^^^^^^^^^^^^^^^^^^^^^^^^^^^^^^^^^
[2 of 2] Compiling Paths_optparse_text
Configuring test suite 'spec' for optparse-text-0.1.1.0...
Preprocessing test suite 'spec' for optparse-text-0.1.1.0...
Building test suite 'spec' for optparse-text-0.1.1.0...
[1 of 1] Compiling Main

test/Spec.hs:4:1: warning: [-Wunused-imports]
    The import of ‘Control.Applicative’ is redundant
      except perhaps to import instances from ‘Control.Applicative’
    To import instances alone, use: import Control.Applicative()
  |
4 | import           Control.Applicative       ((<$>), (<*>))
  | ^^^^^^^^^^^^^^^^^^^^^^^^^^^^^^^^^^^^^^^^^^^^^^^^^^^^^^^^^

test/Spec.hs:5:1: warning: [-Wunused-imports]
    The import of ‘Data.Monoid’ is redundant
      except perhaps to import instances from ‘Data.Monoid’
    To import instances alone, use: import Data.Monoid()
  |
5 | import           Data.Monoid               (mempty)
  | ^^^^^^^^^^^^^^^^^^^^^^^^^^^^^^^^^^^^^^^^^^^^^^^^^^^
[2 of 2] Linking /tmp/workdir-optparse-text/optparse-text-0.1.1.0/dist-newstyle/build/x86_64-linux/ghc-9.6.6/optparse-text-0.1.1.0/t/spec/build/spec/spec
