Build profile: -w ghc-9.6.6 -O1
In order, the following will be built (use -v for more details):
 - hw-bits-0.7.2.2 (lib) (first run)
 - hw-bits-0.7.2.2 (test:hw-bits-test) (first run)
 - hw-bits-0.7.2.2 (test:doctest) (first run)
Configuring library for hw-bits-0.7.2.2...
Preprocessing library for hw-bits-0.7.2.2...
Building library for hw-bits-0.7.2.2...
[ 1 of 30] Compiling HaskellWorks.Data.Bits.BitLength
[ 2 of 30] Compiling HaskellWorks.Data.Bits.BitWise
[ 3 of 30] Compiling HaskellWorks.Data.Bits.BitParse
[ 4 of 30] Compiling HaskellWorks.Data.Bits.BitRead
[ 5 of 30] Compiling HaskellWorks.Data.Bits.Broadword.Type
[ 6 of 30] Compiling HaskellWorks.Data.Bits.Broadword.Word16
[ 7 of 30] Compiling HaskellWorks.Data.Bits.Broadword.Word32
[ 8 of 30] Compiling HaskellWorks.Data.Bits.Broadword.Word64
[ 9 of 30] Compiling HaskellWorks.Data.Bits.Broadword.Word8
[10 of 30] Compiling HaskellWorks.Data.Bits.ElemFixedBitSize
[11 of 30] Compiling HaskellWorks.Data.Bits.FixedBitSize
[12 of 30] Compiling HaskellWorks.Data.Bits.LoBitsSized
[13 of 30] Compiling HaskellWorks.Data.Bits.Log2
[14 of 30] Compiling HaskellWorks.Data.Bits.Types.Broadword
[15 of 30] Compiling HaskellWorks.Data.Bits.Types.Builtin
[16 of 30] Compiling HaskellWorks.Data.Bits.PopCount.PopCount1
[17 of 30] Compiling HaskellWorks.Data.Bits.PopCount.PopCount0
[18 of 30] Compiling HaskellWorks.Data.Bits.PopCount
[19 of 30] Compiling HaskellWorks.Data.Bits.AllExcess.AllExcess1
[20 of 30] Compiling HaskellWorks.Data.Bits.AllExcess.AllExcess0
[21 of 30] Compiling HaskellWorks.Data.Bits.AllExcess
[22 of 30] Compiling HaskellWorks.Data.Bits.Word
[23 of 30] Compiling HaskellWorks.Data.Bits.BitShow
[24 of 30] Compiling HaskellWorks.Data.Bits.BitShown
[25 of 30] Compiling HaskellWorks.Data.Bits
[26 of 30] Compiling HaskellWorks.Data.Bits.FromBitTextByteString
[27 of 30] Compiling HaskellWorks.Data.Bits.Word64
[28 of 30] Compiling HaskellWorks.Data.Bits.Broadword
[29 of 30] Compiling HaskellWorks.Data.Bits.Writer.Storable
[30 of 30] Compiling Paths_hw_bits
Configuring test suite 'hw-bits-test' for hw-bits-0.7.2.2...
Preprocessing test suite 'hw-bits-test' for hw-bits-0.7.2.2...
Building test suite 'hw-bits-test' for hw-bits-0.7.2.2...
[ 1 of 10] Compiling HaskellWorks.Data.Bits.BitReadSpec
[ 2 of 10] Compiling HaskellWorks.Data.Bits.BitWiseSpec
[ 3 of 10] Compiling HaskellWorks.Data.Bits.Broadword.Word16Spec
[ 4 of 10] Compiling HaskellWorks.Data.Bits.Broadword.Word32Spec
[ 5 of 10] Compiling HaskellWorks.Data.Bits.Broadword.Word64Spec
[ 6 of 10] Compiling HaskellWorks.Data.Bits.Broadword.Word8Spec
[ 7 of 10] Compiling HaskellWorks.Data.Bits.FromBitTextByteStringSpec
[ 8 of 10] Compiling HaskellWorks.Data.Bits.Log2Spec
[ 9 of 10] Compiling HaskellWorks.Data.Bits.Writer.StorableSpec
[10 of 10] Compiling Main
[11 of 11] Linking /tmp/workdir-hw-bits/hw-bits-0.7.2.2/dist-newstyle/build/x86_64-linux/ghc-9.6.6/hw-bits-0.7.2.2/t/hw-bits-test/build/hw-bits-test/hw-bits-test
Configuring test suite 'doctest' for hw-bits-0.7.2.2...
Preprocessing test suite 'doctest' for hw-bits-0.7.2.2...
Building test suite 'doctest' for hw-bits-0.7.2.2...
[1 of 1] Compiling Main
[2 of 2] Linking /tmp/workdir-hw-bits/hw-bits-0.7.2.2/dist-newstyle/build/x86_64-linux/ghc-9.6.6/hw-bits-0.7.2.2/t/doctest/build/doctest/doctest
