Build profile: -w ghc-9.6.6 -O1
In order, the following will be built (use -v for more details):
 - strict-0.5 (lib) (first run)
Configuring library for strict-0.5...
Preprocessing library for strict-0.5...
Building library for strict-0.5...
[1 of 7] Compiling Data.Strict.Either
[2 of 7] Compiling Data.Strict.Maybe
[3 of 7] Compiling Data.Strict.These
[4 of 7] Compiling Data.Strict.Tuple

src/Data/Strict/Tuple.hs:171:3: warning: [-Wnoncanonical-monoid-instances]
    Noncanonical ‘mappend’ definition detected
    in the instance declaration for ‘Monoid (Pair a b)’.
    ‘mappend’ will eventually be removed in favour of ‘(<>)’
    Either remove definition for ‘mappend’ (recommended) or define as ‘mappend = (<>)’
    See also: https://gitlab.haskell.org/ghc/ghc/-/wikis/proposal/semigroup-monoid
    |
171 |   (x1 :!: y1) `mappend` (x2 :!: y2) = (x1 `mappend` x2) :!: (y1 `mappend` y2)
    |   ^^^^^^^^^^^^^^^^^^^^^^^^^^^^^^^^^^^^^^^^^^^^^^^^^^^^^^^^^^^^^^^^^^^^^^^^^^^
[5 of 7] Compiling Data.Strict.Classes
[6 of 7] Compiling Data.Strict
[7 of 7] Compiling System.IO.Strict
