Build profile: -w ghc-9.6.6 -O1
In order, the following will be built (use -v for more details):
 - base-compat-batteries-0.13.1 (lib) (first run)
 - base-compat-batteries-0.13.1 (test:spec) (first run)
Configuring library for base-compat-batteries-0.13.1...
Preprocessing library for base-compat-batteries-0.13.1...
Building library for base-compat-batteries-0.13.1...
[  1 of 130] Compiling Control.Concurrent.Compat
[  2 of 130] Compiling Control.Concurrent.Compat.Repl.Batteries
[  3 of 130] Compiling Control.Concurrent.MVar.Compat
[  4 of 130] Compiling Control.Concurrent.MVar.Compat.Repl.Batteries
[  5 of 130] Compiling Control.Exception.Compat
[  6 of 130] Compiling Control.Exception.Compat.Repl.Batteries
[  7 of 130] Compiling Control.Monad.Compat
[  8 of 130] Compiling Control.Monad.Compat.Repl.Batteries
[  9 of 130] Compiling Control.Monad.Fail.Compat
[ 10 of 130] Compiling Control.Monad.Fail.Compat.Repl.Batteries
[ 11 of 130] Compiling Control.Monad.IO.Class.Compat
[ 12 of 130] Compiling Control.Monad.IO.Class.Compat.Repl.Batteries
[ 13 of 130] Compiling Control.Monad.ST.Lazy.Unsafe.Compat
[ 14 of 130] Compiling Control.Monad.ST.Lazy.Unsafe.Compat.Repl.Batteries
[ 15 of 130] Compiling Control.Monad.ST.Unsafe.Compat
[ 16 of 130] Compiling Control.Monad.ST.Unsafe.Compat.Repl.Batteries
[ 17 of 130] Compiling Data.Bifoldable.Compat
[ 18 of 130] Compiling Data.Bifoldable.Compat.Repl.Batteries
[ 19 of 130] Compiling Data.Bifoldable1.Compat
[ 20 of 130] Compiling Data.Bifoldable1.Compat.Repl.Batteries
[ 21 of 130] Compiling Data.Bifunctor.Compat
[ 22 of 130] Compiling Data.Bifunctor.Compat.Repl.Batteries
[ 23 of 130] Compiling Data.Bitraversable.Compat
[ 24 of 130] Compiling Data.Bitraversable.Compat.Repl.Batteries
[ 25 of 130] Compiling Data.Bits.Compat
[ 26 of 130] Compiling Data.Bits.Compat.Repl.Batteries
[ 27 of 130] Compiling Data.Bool.Compat
[ 28 of 130] Compiling Data.Bool.Compat.Repl.Batteries
[ 29 of 130] Compiling Data.Complex.Compat
[ 30 of 130] Compiling Data.Complex.Compat.Repl.Batteries
[ 31 of 130] Compiling Data.Either.Compat
[ 32 of 130] Compiling Data.Either.Compat.Repl.Batteries
[ 33 of 130] Compiling Data.Foldable.Compat
[ 34 of 130] Compiling Data.Foldable.Compat.Repl.Batteries
[ 35 of 130] Compiling Data.Foldable1.Compat
[ 36 of 130] Compiling Data.Foldable1.Compat.Repl.Batteries
[ 37 of 130] Compiling Data.Function.Compat
[ 38 of 130] Compiling Data.Function.Compat.Repl.Batteries
[ 39 of 130] Compiling Data.Functor.Compat
[ 40 of 130] Compiling Data.Functor.Compat.Repl.Batteries
[ 41 of 130] Compiling Data.Functor.Compose.Compat
[ 42 of 130] Compiling Data.Functor.Compose.Compat.Repl.Batteries
[ 43 of 130] Compiling Data.Functor.Const.Compat
[ 44 of 130] Compiling Data.Functor.Const.Compat.Repl.Batteries
[ 45 of 130] Compiling Data.Functor.Contravariant.Compat
[ 46 of 130] Compiling Data.Functor.Contravariant.Compat.Repl.Batteries
[ 47 of 130] Compiling Data.Functor.Identity.Compat
[ 48 of 130] Compiling Data.Functor.Identity.Compat.Repl.Batteries
[ 49 of 130] Compiling Data.Functor.Product.Compat
[ 50 of 130] Compiling Data.Functor.Product.Compat.Repl.Batteries
[ 51 of 130] Compiling Data.Functor.Sum.Compat
[ 52 of 130] Compiling Data.Functor.Sum.Compat.Repl.Batteries
[ 53 of 130] Compiling Data.IORef.Compat
[ 54 of 130] Compiling Data.IORef.Compat.Repl.Batteries
[ 55 of 130] Compiling Data.List.Compat
[ 56 of 130] Compiling Data.List.Compat.Repl.Batteries
[ 57 of 130] Compiling Data.List.NonEmpty.Compat
[ 58 of 130] Compiling Data.List.NonEmpty.Compat.Repl.Batteries
[ 59 of 130] Compiling Data.Monoid.Compat
[ 60 of 130] Compiling Data.Monoid.Compat.Repl.Batteries
[ 61 of 130] Compiling Data.Proxy.Compat
[ 62 of 130] Compiling Data.Proxy.Compat.Repl.Batteries
[ 63 of 130] Compiling Data.Ratio.Compat
[ 64 of 130] Compiling Data.Ratio.Compat.Repl.Batteries
[ 65 of 130] Compiling Data.STRef.Compat
[ 66 of 130] Compiling Data.STRef.Compat.Repl.Batteries
[ 67 of 130] Compiling Data.Semigroup.Compat
[ 68 of 130] Compiling Data.Semigroup.Compat.Repl.Batteries
[ 69 of 130] Compiling Data.String.Compat
[ 70 of 130] Compiling Data.String.Compat.Repl.Batteries
[ 71 of 130] Compiling Data.Traversable.Compat
[ 72 of 130] Compiling Data.Traversable.Compat.Repl.Batteries
[ 73 of 130] Compiling Data.Tuple.Compat
[ 74 of 130] Compiling Data.Tuple.Compat.Repl.Batteries
[ 75 of 130] Compiling Data.Type.Coercion.Compat
[ 76 of 130] Compiling Data.Type.Coercion.Compat.Repl.Batteries
[ 77 of 130] Compiling Data.Type.Equality.Compat
[ 78 of 130] Compiling Data.Type.Equality.Compat.Repl.Batteries
[ 79 of 130] Compiling Data.Typeable.Compat
[ 80 of 130] Compiling Data.Typeable.Compat.Repl.Batteries
[ 81 of 130] Compiling Data.Version.Compat
[ 82 of 130] Compiling Data.Version.Compat.Repl.Batteries
[ 83 of 130] Compiling Data.Void.Compat
[ 84 of 130] Compiling Data.Void.Compat.Repl.Batteries
[ 85 of 130] Compiling Data.Word.Compat
[ 86 of 130] Compiling Data.Word.Compat.Repl.Batteries
[ 87 of 130] Compiling Debug.Trace.Compat
[ 88 of 130] Compiling Debug.Trace.Compat.Repl.Batteries
[ 89 of 130] Compiling Foreign.Compat
[ 90 of 130] Compiling Foreign.Compat.Repl.Batteries
[ 91 of 130] Compiling Foreign.ForeignPtr.Compat
[ 92 of 130] Compiling Foreign.ForeignPtr.Compat.Repl.Batteries
[ 93 of 130] Compiling Foreign.ForeignPtr.Safe.Compat
[ 94 of 130] Compiling Foreign.ForeignPtr.Safe.Compat.Repl.Batteries
[ 95 of 130] Compiling Foreign.ForeignPtr.Unsafe.Compat
[ 96 of 130] Compiling Foreign.ForeignPtr.Unsafe.Compat.Repl.Batteries
[ 97 of 130] Compiling Foreign.Marshal.Alloc.Compat
[ 98 of 130] Compiling Foreign.Marshal.Alloc.Compat.Repl.Batteries
[ 99 of 130] Compiling Foreign.Marshal.Array.Compat
[100 of 130] Compiling Foreign.Marshal.Array.Compat.Repl.Batteries
[101 of 130] Compiling Foreign.Marshal.Compat
[102 of 130] Compiling Foreign.Marshal.Compat.Repl.Batteries
[103 of 130] Compiling Foreign.Marshal.Safe.Compat
[104 of 130] Compiling Foreign.Marshal.Safe.Compat.Repl.Batteries
[105 of 130] Compiling Foreign.Marshal.Unsafe.Compat
[106 of 130] Compiling Foreign.Marshal.Unsafe.Compat.Repl.Batteries
[107 of 130] Compiling Foreign.Marshal.Utils.Compat
[108 of 130] Compiling Foreign.Marshal.Utils.Compat.Repl.Batteries
[109 of 130] Compiling Numeric.Compat
[110 of 130] Compiling Numeric.Compat.Repl.Batteries
[111 of 130] Compiling Numeric.Natural.Compat
[112 of 130] Compiling Numeric.Natural.Compat.Repl.Batteries
[113 of 130] Compiling Prelude.Compat
[114 of 130] Compiling Prelude.Compat.Repl.Batteries
[115 of 130] Compiling System.Environment.Compat
[116 of 130] Compiling System.Environment.Compat.Repl.Batteries
[117 of 130] Compiling System.Exit.Compat
[118 of 130] Compiling System.Exit.Compat.Repl.Batteries
[119 of 130] Compiling System.IO.Compat
[120 of 130] Compiling System.IO.Compat.Repl.Batteries
[121 of 130] Compiling System.IO.Error.Compat
[122 of 130] Compiling System.IO.Error.Compat.Repl.Batteries
[123 of 130] Compiling System.IO.Unsafe.Compat
[124 of 130] Compiling System.IO.Unsafe.Compat.Repl.Batteries
[125 of 130] Compiling Text.Read.Compat
[126 of 130] Compiling Text.Read.Compat.Repl.Batteries
[127 of 130] Compiling Text.Read.Lex.Compat
[128 of 130] Compiling Text.Read.Lex.Compat.Repl.Batteries
[129 of 130] Compiling Type.Reflection.Compat
[130 of 130] Compiling Type.Reflection.Compat.Repl.Batteries
Configuring test suite 'spec' for base-compat-batteries-0.13.1...
Preprocessing test suite 'spec' for base-compat-batteries-0.13.1...
Building test suite 'spec' for base-compat-batteries-0.13.1...
[ 1 of 22] Compiling Control.Monad.CompatSpec
[ 2 of 22] Compiling Data.Bits.CompatSpec
[ 3 of 22] Compiling Data.Bool.CompatSpec
[ 4 of 22] Compiling Data.Either.CompatSpec
[ 5 of 22] Compiling Data.Foldable.CompatSpec
[ 6 of 22] Compiling Data.Function.CompatSpec
[ 7 of 22] Compiling Data.Functor.CompatSpec
[ 8 of 22] Compiling Data.IORef.CompatSpec
[ 9 of 22] Compiling Data.List.CompatSpec
[10 of 22] Compiling Data.Monoid.CompatSpec
[11 of 22] Compiling Data.STRef.CompatSpec
[12 of 22] Compiling Data.Version.CompatSpec
[13 of 22] Compiling Data.Word.CompatSpec
[14 of 22] Compiling Foreign.Marshal.Alloc.CompatSpec
[15 of 22] Compiling Foreign.Marshal.Utils.CompatSpec
[16 of 22] Compiling Numeric.CompatSpec
[17 of 22] Compiling Prelude.CompatSpec
[18 of 22] Compiling System.Environment.CompatSpec
[19 of 22] Compiling TestHspecTrustworthy
[20 of 22] Compiling SafeHaskellSpec
[21 of 22] Compiling Text.Read.CompatSpec
[22 of 22] Compiling Main
[23 of 23] Linking /tmp/workdir-base-compat-batteries/base-compat-batteries-0.13.1/dist-newstyle/build/x86_64-linux/ghc-9.6.6/base-compat-batteries-0.13.1/t/spec/build/spec/spec
