Build profile: -w ghc-9.6.6 -O1
In order, the following will be built (use -v for more details):
 - derive-storable-0.3.1.0 (lib) (first run)
 - derive-storable-0.3.1.0 (test:c_alignment) (first run)
Configuring library for derive-storable-0.3.1.0...
Preprocessing library for derive-storable-0.3.1.0...
Building library for derive-storable-0.3.1.0...
[1 of 4] Compiling Foreign.Storable.Generic.Tools
[2 of 4] Compiling Foreign.Storable.Generic.Tools.TypeFuns

src/Foreign/Storable/Generic/Tools/TypeFuns.hs:16:30: warning: [GHC-39567] [-Wstar-is-type]
    Using ‘*’ (or its Unicode variant) to mean ‘Data.Kind.Type’
    relies on the StarIsType extension, which will become
    deprecated in the future.
    Suggested fix: Use ‘Type’ from ‘Data.Kind’ instead.
   |
16 | type family SumArity (arg :: * -> *) where
   |                              ^

src/Foreign/Storable/Generic/Tools/TypeFuns.hs:16:35: warning: [GHC-39567] [-Wstar-is-type]
    Using ‘*’ (or its Unicode variant) to mean ‘Data.Kind.Type’
    relies on the StarIsType extension, which will become
    deprecated in the future.
    Suggested fix: Use ‘Type’ from ‘Data.Kind’ instead.
   |
16 | type family SumArity (arg :: * -> *) where
   |                                   ^

src/Foreign/Storable/Generic/Tools/TypeFuns.hs:24:30: warning: [GHC-39567] [-Wstar-is-type]
    Using ‘*’ (or its Unicode variant) to mean ‘Data.Kind.Type’
    relies on the StarIsType extension, which will become
    deprecated in the future.
    Suggested fix: Use ‘Type’ from ‘Data.Kind’ instead.
   |
24 | type family NoFields (arg :: * -> *) where
   |                              ^

src/Foreign/Storable/Generic/Tools/TypeFuns.hs:24:35: warning: [GHC-39567] [-Wstar-is-type]
    Using ‘*’ (or its Unicode variant) to mean ‘Data.Kind.Type’
    relies on the StarIsType extension, which will become
    deprecated in the future.
    Suggested fix: Use ‘Type’ from ‘Data.Kind’ instead.
   |
24 | type family NoFields (arg :: * -> *) where
   |                                   ^

src/Foreign/Storable/Generic/Tools/TypeFuns.hs:31:24: warning: [GHC-39567] [-Wstar-is-type]
    Using ‘*’ (or its Unicode variant) to mean ‘Data.Kind.Type’
    relies on the StarIsType extension, which will become
    deprecated in the future.
    Suggested fix: Use ‘Type’ from ‘Data.Kind’ instead.
   |
31 | type IsSumType (arg :: * -> *) = IsSumType' (CmpNat (SumArity arg) (1))
   |                        ^

src/Foreign/Storable/Generic/Tools/TypeFuns.hs:31:29: warning: [GHC-39567] [-Wstar-is-type]
    Using ‘*’ (or its Unicode variant) to mean ‘Data.Kind.Type’
    relies on the StarIsType extension, which will become
    deprecated in the future.
    Suggested fix: Use ‘Type’ from ‘Data.Kind’ instead.
   |
31 | type IsSumType (arg :: * -> *) = IsSumType' (CmpNat (SumArity arg) (1))
   |                             ^
[3 of 4] Compiling Foreign.Storable.Generic.Internal
[4 of 4] Compiling Foreign.Storable.Generic
Configuring test suite 'c_alignment' for derive-storable-0.3.1.0...
Preprocessing test suite 'c_alignment' for derive-storable-0.3.1.0...
Building test suite 'c_alignment' for derive-storable-0.3.1.0...
[1 of 6] Compiling Foreign.Storable.Generic.Tools
[2 of 6] Compiling Foreign.Storable.Generic.Tools.TypeFuns

src/Foreign/Storable/Generic/Tools/TypeFuns.hs:16:30: warning: [GHC-39567] [-Wstar-is-type]
    Using ‘*’ (or its Unicode variant) to mean ‘Data.Kind.Type’
    relies on the StarIsType extension, which will become
    deprecated in the future.
    Suggested fix: Use ‘Type’ from ‘Data.Kind’ instead.
   |
16 | type family SumArity (arg :: * -> *) where
   |                              ^

src/Foreign/Storable/Generic/Tools/TypeFuns.hs:16:35: warning: [GHC-39567] [-Wstar-is-type]
    Using ‘*’ (or its Unicode variant) to mean ‘Data.Kind.Type’
    relies on the StarIsType extension, which will become
    deprecated in the future.
    Suggested fix: Use ‘Type’ from ‘Data.Kind’ instead.
   |
16 | type family SumArity (arg :: * -> *) where
   |                                   ^

src/Foreign/Storable/Generic/Tools/TypeFuns.hs:24:30: warning: [GHC-39567] [-Wstar-is-type]
    Using ‘*’ (or its Unicode variant) to mean ‘Data.Kind.Type’
    relies on the StarIsType extension, which will become
    deprecated in the future.
    Suggested fix: Use ‘Type’ from ‘Data.Kind’ instead.
   |
24 | type family NoFields (arg :: * -> *) where
   |                              ^

src/Foreign/Storable/Generic/Tools/TypeFuns.hs:24:35: warning: [GHC-39567] [-Wstar-is-type]
    Using ‘*’ (or its Unicode variant) to mean ‘Data.Kind.Type’
    relies on the StarIsType extension, which will become
    deprecated in the future.
    Suggested fix: Use ‘Type’ from ‘Data.Kind’ instead.
   |
24 | type family NoFields (arg :: * -> *) where
   |                                   ^

src/Foreign/Storable/Generic/Tools/TypeFuns.hs:31:24: warning: [GHC-39567] [-Wstar-is-type]
    Using ‘*’ (or its Unicode variant) to mean ‘Data.Kind.Type’
    relies on the StarIsType extension, which will become
    deprecated in the future.
    Suggested fix: Use ‘Type’ from ‘Data.Kind’ instead.
   |
31 | type IsSumType (arg :: * -> *) = IsSumType' (CmpNat (SumArity arg) (1))
   |                        ^

src/Foreign/Storable/Generic/Tools/TypeFuns.hs:31:29: warning: [GHC-39567] [-Wstar-is-type]
    Using ‘*’ (or its Unicode variant) to mean ‘Data.Kind.Type’
    relies on the StarIsType extension, which will become
    deprecated in the future.
    Suggested fix: Use ‘Type’ from ‘Data.Kind’ instead.
   |
31 | type IsSumType (arg :: * -> *) = IsSumType' (CmpNat (SumArity arg) (1))
   |                             ^
[3 of 6] Compiling Foreign.Storable.Generic.Internal
[4 of 6] Compiling Foreign.Storable.Generic
[5 of 6] Compiling TestCases
[6 of 6] Compiling Main
[7 of 7] Linking /tmp/workdir-derive-storable/derive-storable-0.3.1.0/dist-newstyle/build/x86_64-linux/ghc-9.6.6/derive-storable-0.3.1.0/t/c_alignment/build/c_alignment/c_alignment
