Build profile: -w ghc-9.6.6 -O1
In order, the following will be built (use -v for more details):
 - hmatrix-morpheus-0.1.1.2 (lib) (first run)
 - hmatrix-morpheus-0.1.1.2 (test:hmatrix-morpheus-test) (first run)
Configuring library for hmatrix-morpheus-0.1.1.2...
Preprocessing library for hmatrix-morpheus-0.1.1.2...
Building library for hmatrix-morpheus-0.1.1.2...
[1 of 5] Compiling Numeric.Morpheus.Activation
[2 of 5] Compiling Numeric.Morpheus.Utils
[3 of 5] Compiling Numeric.Morpheus.Statistics
[4 of 5] Compiling Numeric.Morpheus.MatrixReduce
[5 of 5] Compiling Numeric.Morpheus
Configuring test suite 'hmatrix-morpheus-test' for hmatrix-morpheus-0.1.1.2...
Preprocessing test suite 'hmatrix-morpheus-test' for hmatrix-morpheus-0.1.1.2...
Building test suite 'hmatrix-morpheus-test' for hmatrix-morpheus-0.1.1.2...
[1 of 6] Compiling Test.HUnit.Approx
[2 of 6] Compiling Test.HUnit.Plus
[3 of 6] Compiling Numeric.Morpheus.StatisticsTest
[4 of 6] Compiling Numeric.Morpheus.MatrixReduceTest
[5 of 6] Compiling Numeric.Morpheus.ActivationTest
[6 of 6] Compiling Main
[7 of 7] Linking /tmp/workdir-hmatrix-morpheus/hmatrix-morpheus-0.1.1.2/dist-newstyle/build/x86_64-linux/ghc-9.6.6/hmatrix-morpheus-0.1.1.2/t/hmatrix-morpheus-test/build/hmatrix-morpheus-test/hmatrix-morpheus-test
