Build profile: -w ghc-9.6.6 -O1
In order, the following will be built (use -v for more details):
 - glob-posix-0.2.0.1 (lib) (first run)
 - glob-posix-0.2.0.1 (test:glob-posix-test) (first run)
Configuring library for glob-posix-0.2.0.1...
Preprocessing library for glob-posix-0.2.0.1...
Building library for glob-posix-0.2.0.1...
[1 of 4] Compiling System.Directory.Glob.GNU.Compat
[2 of 4] Compiling System.Directory.Glob.Internal

src/System/Directory/Glob/Internal.hsc:11:1: warning: [-Wunused-imports]
    The import of ‘Data.Monoid’ is redundant
      except perhaps to import instances from ‘Data.Monoid’
    To import instances alone, use: import Data.Monoid()
   |
11 | import Data.Monoid ((<>))
   | ^^^^^^^^^^^^^^^^^^^^^^^^^
[3 of 4] Compiling System.Directory.Glob.GNU
[4 of 4] Compiling System.Directory.Glob

src/System/Directory/Glob.hsc:27:1: warning: [-Wunused-imports]
    The import of ‘Data.Monoid’ is redundant
      except perhaps to import instances from ‘Data.Monoid’
    To import instances alone, use: import Data.Monoid()
   |
27 | import Data.Monoid ((<>))
   | ^^^^^^^^^^^^^^^^^^^^^^^^^
Configuring test suite 'glob-posix-test' for glob-posix-0.2.0.1...
Preprocessing test suite 'glob-posix-test' for glob-posix-0.2.0.1...
Building test suite 'glob-posix-test' for glob-posix-0.2.0.1...
[1 of 1] Compiling Main

test/Spec.hs:13:1: warning: [-Wunused-imports]
    The import of ‘System.Directory.Glob.GNU.Compat’ is redundant
      except perhaps to import instances from ‘System.Directory.Glob.GNU.Compat’
    To import instances alone, use: import System.Directory.Glob.GNU.Compat()
   |
13 | import System.Directory.Glob.GNU.Compat         -- Needed on OSX
   | ^^^^^^^^^^^^^^^^^^^^^^^^^^^^^^^^^^^^^^^
[2 of 2] Linking /tmp/workdir-glob-posix/glob-posix-0.2.0.1/dist-newstyle/build/x86_64-linux/ghc-9.6.6/glob-posix-0.2.0.1/t/glob-posix-test/build/glob-posix-test/glob-posix-test
