Build profile: -w ghc-9.6.6 -O1
In order, the following will be built (use -v for more details):
 - twitter-conduit-0.6.1 (lib:twitter-conduit, test:doctests, test:spec_main) (first run)
[1 of 2] Compiling Main             ( /tmp/workdir-twitter-conduit/twitter-conduit-0.6.1/dist-newstyle/build/x86_64-linux/ghc-9.6.6/twitter-conduit-0.6.1/setup/setup.hs, /tmp/workdir-twitter-conduit/twitter-conduit-0.6.1/dist-newstyle/build/x86_64-linux/ghc-9.6.6/twitter-conduit-0.6.1/setup/Main.o )
[2 of 2] Linking /tmp/workdir-twitter-conduit/twitter-conduit-0.6.1/dist-newstyle/build/x86_64-linux/ghc-9.6.6/twitter-conduit-0.6.1/setup/setup
Configuring twitter-conduit-0.6.1...
Preprocessing test suite 'doctests' for twitter-conduit-0.6.1..
Building test suite 'doctests' for twitter-conduit-0.6.1..
[1 of 2] Compiling Build_doctests
[2 of 2] Compiling Main
[3 of 3] Linking /tmp/workdir-twitter-conduit/twitter-conduit-0.6.1/dist-newstyle/build/x86_64-linux/ghc-9.6.6/twitter-conduit-0.6.1/build/doctests/doctests
Preprocessing library for twitter-conduit-0.6.1..
Building library for twitter-conduit-0.6.1..
[ 1 of 12] Compiling Web.Twitter.Conduit.Cursor
[ 2 of 12] Compiling Web.Twitter.Conduit.Request.Internal

Web/Twitter/Conduit/Request/Internal.hs:28:42: warning: [GHC-39567] [-Wstar-is-type]
    Using ‘*’ (or its Unicode variant) to mean ‘Data.Kind.Type’
    relies on the StarIsType extension, which will become
    deprecated in the future.
    Suggested fix: Use ‘Type’ from ‘Data.Kind’ instead.
   |
28 | type EmptyParams = ('[] :: [Param Symbol *])
   |                                          ^

Web/Twitter/Conduit/Request/Internal.hs:30:47: warning: [GHC-39567] [-Wstar-is-type]
    Using ‘*’ (or its Unicode variant) to mean ‘Data.Kind.Type’
    relies on the StarIsType extension, which will become
    deprecated in the future.
    Suggested fix: Use ‘Type’ from ‘Data.Kind’ instead.
   |
30 | type HasParam (label :: Symbol) (paramType :: *) (params :: [Param Symbol *]) = ParamType label params ~ paramType
   |                                               ^

Web/Twitter/Conduit/Request/Internal.hs:30:75: warning: [GHC-39567] [-Wstar-is-type]
    Using ‘*’ (or its Unicode variant) to mean ‘Data.Kind.Type’
    relies on the StarIsType extension, which will become
    deprecated in the future.
    Suggested fix: Use ‘Type’ from ‘Data.Kind’ instead.
   |
30 | type HasParam (label :: Symbol) (paramType :: *) (params :: [Param Symbol *]) = ParamType label params ~ paramType
   |                                                                           ^

Web/Twitter/Conduit/Request/Internal.hs:31:66: warning: [GHC-39567] [-Wstar-is-type]
    Using ‘*’ (or its Unicode variant) to mean ‘Data.Kind.Type’
    relies on the StarIsType extension, which will become
    deprecated in the future.
    Suggested fix: Use ‘Type’ from ‘Data.Kind’ instead.
   |
31 | type family ParamType (label :: Symbol) (params :: [Param Symbol *]) :: * where
   |                                                                  ^

Web/Twitter/Conduit/Request/Internal.hs:31:73: warning: [GHC-39567] [-Wstar-is-type]
    Using ‘*’ (or its Unicode variant) to mean ‘Data.Kind.Type’
    relies on the StarIsType extension, which will become
    deprecated in the future.
    Suggested fix: Use ‘Type’ from ‘Data.Kind’ instead.
   |
31 | type family ParamType (label :: Symbol) (params :: [Param Symbol *]) :: * where
   |                                                                         ^

Web/Twitter/Conduit/Request/Internal.hs:48:49: warning: [GHC-39567] [-Wstar-is-type]
    Using ‘*’ (or its Unicode variant) to mean ‘Data.Kind.Type’
    relies on the StarIsType extension, which will become
    deprecated in the future.
    Suggested fix: Use ‘Type’ from ‘Data.Kind’ instead.
   |
48 |     type SupportParameters req :: [Param Symbol *]
   |                                                 ^
[ 3 of 12] Compiling Web.Twitter.Conduit.Request

Web/Twitter/Conduit/Request.hs:52:44: warning: [GHC-39567] [-Wstar-is-type]
    Using ‘*’ (or its Unicode variant) to mean ‘Data.Kind.Type’
    relies on the StarIsType extension, which will become
    deprecated in the future.
    Suggested fix: Use ‘Type’ from ‘Data.Kind’ instead.
   |
52 | data APIRequest (supports :: [Param Symbol *]) responseType
   |                                            ^
[ 4 of 12] Compiling Web.Twitter.Conduit.Parameters
[ 5 of 12] Compiling Web.Twitter.Conduit.Response
[ 6 of 12] Compiling Web.Twitter.Conduit.Lens
[ 7 of 12] Compiling Web.Twitter.Conduit.Types
[ 8 of 12] Compiling Web.Twitter.Conduit.Base
[ 9 of 12] Compiling Web.Twitter.Conduit.Stream
[10 of 12] Compiling Web.Twitter.Conduit.Api
[11 of 12] Compiling Web.Twitter.Conduit.Status
[12 of 12] Compiling Web.Twitter.Conduit
Preprocessing test suite 'spec_main' for twitter-conduit-0.6.1..
Building test suite 'spec_main' for twitter-conduit-0.6.1..
hspec-discover: WARNING - The `--no-main' option is deprecated and will be removed in a future release!
[1 of 5] Compiling BaseSpec

tests/BaseSpec.hs:54:36: warning: [GHC-68441] [-Wdeprecations]
    In the use of ‘$$’
    (imported from Data.Conduit, but defined in Data.Conduit.Internal.Conduit):
    Deprecated: "Use runConduit and .|"
   |
54 |                 res <- yield input $$ sinkJSON
   |                                    ^^

tests/BaseSpec.hs:62:42: warning: [GHC-68441] [-Wdeprecations]
    In the use of ‘$$’
    (imported from Data.Conduit, but defined in Data.Conduit.Internal.Conduit):
    Deprecated: "Use runConduit and .|"
   |
62 |                     action = yield input $$ sinkJSON
   |                                          ^^

tests/BaseSpec.hs:69:36: warning: [GHC-68441] [-Wdeprecations]
    In the use of ‘$$’
    (imported from Data.Conduit, but defined in Data.Conduit.Internal.Conduit):
    Deprecated: "Use runConduit and .|"
   |
69 |                 res <- yield input $$ sinkFromJSON
   |                                    ^^

tests/BaseSpec.hs:77:42: warning: [GHC-68441] [-Wdeprecations]
    In the use of ‘$$’
    (imported from Data.Conduit, but defined in Data.Conduit.Internal.Conduit):
    Deprecated: "Use runConduit and .|"
   |
77 |                     action = yield input $$ sinkFromJSON
   |                                          ^^
[2 of 5] Compiling TestUtils
[3 of 5] Compiling ApiSpec
[4 of 5] Compiling Spec
[5 of 5] Compiling Main
hspec-discover: WARNING - The `--no-main' option is deprecated and will be removed in a future release!
[6 of 6] Linking /tmp/workdir-twitter-conduit/twitter-conduit-0.6.1/dist-newstyle/build/x86_64-linux/ghc-9.6.6/twitter-conduit-0.6.1/build/spec_main/spec_main
