Build profile: -w ghc-9.6.6 -O1
In order, the following will be built (use -v for more details):
 - aeson-schemas-1.4.2.1 (lib) (first run)
 - aeson-schemas-1.4.2.1 (test:aeson-schemas-test) (first run)
Configuring library for aeson-schemas-1.4.2.1...
Preprocessing library for aeson-schemas-1.4.2.1...
Building library for aeson-schemas-1.4.2.1...
[ 1 of 17] Compiling Data.Aeson.Schema.TH.Enum
[ 2 of 17] Compiling Data.Aeson.Schema.TH.Parse
[ 3 of 17] Compiling Data.Aeson.Schema.Utils.All
[ 4 of 17] Compiling Data.Aeson.Schema.Utils.Compat
[ 5 of 17] Compiling Data.Aeson.Schema.Utils.Invariant
[ 6 of 17] Compiling Data.Aeson.Schema.Key
[ 7 of 17] Compiling Data.Aeson.Schema.Utils.NameLike
[ 8 of 17] Compiling Data.Aeson.Schema.Type
[ 9 of 17] Compiling Data.Aeson.Schema.Utils.Sum
[10 of 17] Compiling Data.Aeson.Schema.Internal
[11 of 17] Compiling Data.Aeson.Schema.TH.Utils
[12 of 17] Compiling Data.Aeson.Schema.TH.Schema
[13 of 17] Compiling Data.Aeson.Schema.TH.Unwrap
[14 of 17] Compiling Data.Aeson.Schema.TH.Get
[15 of 17] Compiling Data.Aeson.Schema.TH.Getter
[16 of 17] Compiling Data.Aeson.Schema.TH
[17 of 17] Compiling Data.Aeson.Schema
Configuring test suite 'aeson-schemas-test' for aeson-schemas-1.4.2.1...
Preprocessing test suite 'aeson-schemas-test' for aeson-schemas-1.4.2.1...
Building test suite 'aeson-schemas-test' for aeson-schemas-1.4.2.1...
[ 1 of 22] Compiling Paths_aeson_schemas
[ 2 of 22] Compiling TestUtils
[ 3 of 22] Compiling TestUtils.Arbitrary
[ 4 of 22] Compiling TestUtils.DeepSeq
[ 5 of 22] Compiling Tests.EnumTH
[ 6 of 22] Compiling Tests.GetQQ.TH
[ 7 of 22] Compiling Tests.GetQQ
[ 8 of 22] Compiling Tests.MkGetter
[ 9 of 22] Compiling Tests.Object.Eq
[10 of 22] Compiling Tests.Object.FromJSON.TH
[11 of 22] Compiling Tests.Object.FromJSON
[12 of 22] Compiling Tests.Object.Show.TH
[13 of 22] Compiling Tests.Object.Show
[14 of 22] Compiling Tests.Object.ToJSON
[15 of 22] Compiling Tests.Object
[16 of 22] Compiling Tests.Quickstart
[17 of 22] Compiling Tests.SchemaQQ.TH
[18 of 22] Compiling Tests.SchemaQQ
[19 of 22] Compiling Tests.SumType
[20 of 22] Compiling Tests.UnwrapQQ.TH
[21 of 22] Compiling Tests.UnwrapQQ
[22 of 22] Compiling Main
[23 of 23] Linking /tmp/workdir-aeson-schemas/aeson-schemas-1.4.2.1/dist-newstyle/build/x86_64-linux/ghc-9.6.6/aeson-schemas-1.4.2.1/t/aeson-schemas-test/build/aeson-schemas-test/aeson-schemas-test
