Build profile: -w ghc-9.6.6 -O1
In order, the following will be built (use -v for more details):
 - unlit-0.4.0.0 (lib) (first run)
 - unlit-0.4.0.0 (exe:unlit) (first run)
Configuring library for unlit-0.4.0.0...
Preprocessing library for unlit-0.4.0.0...
Building library for unlit-0.4.0.0...
[1 of 2] Compiling Unlit.String

src/Unlit/String.hs:10:1: warning: [-Wunused-imports]
    The import of ‘Data.Functor’ is redundant
      except perhaps to import instances from ‘Data.Functor’
    To import instances alone, use: import Data.Functor()
   |
10 | import Data.Functor ((<$>))
   | ^^^^^^^^^^^^^^^^^^^^^^^^^^^

src/Unlit/String.hs:14:1: warning: [-Wunused-imports]
    The import of ‘Data.Monoid’ is redundant
      except perhaps to import instances from ‘Data.Monoid’
    To import instances alone, use: import Data.Monoid()
   |
14 | import Data.Monoid ((<>))
   | ^^^^^^^^^^^^^^^^^^^^^^^^^
[2 of 2] Compiling Unlit.Text

src/Unlit/Text.lhs:11:3: warning: [-Wunused-imports]
    The import of ‘Data.Functor’ is redundant
      except perhaps to import instances from ‘Data.Functor’
    To import instances alone, use: import Data.Functor()
   |
11 | > import Data.Functor ((<$>))
   |   ^^^^^^^^^^^^^^^^^^^^^^^^^^^

src/Unlit/Text.lhs:15:3: warning: [-Wunused-imports]
    The import of ‘Data.Monoid’ is redundant
      except perhaps to import instances from ‘Data.Monoid’
    To import instances alone, use: import Data.Monoid()
   |
15 | > import Data.Monoid ((<>))
   |   ^^^^^^^^^^^^^^^^^^^^^^^^^
Configuring executable 'unlit' for unlit-0.4.0.0...
Preprocessing executable 'unlit' for unlit-0.4.0.0...
Building executable 'unlit' for unlit-0.4.0.0...

<no location info>: warning: [GHC-32850] [-Wmissing-home-modules]
    These modules are needed for compilation but not listed in your .cabal file's other-modules for ‘unlit-0.4.0.0-inplace-unlit’ :
        Paths_unlit
[1 of 2] Compiling Paths_unlit
[2 of 2] Compiling Main

<no location info>: warning: [GHC-32850] [-Wmissing-home-modules]
    These modules are needed for compilation but not listed in your .cabal file's other-modules for ‘unlit-0.4.0.0-inplace-unlit’ :
        Paths_unlit
[3 of 3] Linking /tmp/workdir-unlit/unlit-0.4.0.0/dist-newstyle/build/x86_64-linux/ghc-9.6.6/unlit-0.4.0.0/x/unlit/build/unlit/unlit
