Build profile: -w ghc-9.6.6 -O1
In order, the following will be built (use -v for more details):
 - linear-circuit-0.1.0.4 (lib) (first run)
 - linear-circuit-0.1.0.4 (test:test-linear-circuit) (first run)
Configuring library for linear-circuit-0.1.0.4...
Preprocessing library for linear-circuit-0.1.0.4...
Building library for linear-circuit-0.1.0.4...
[1 of 1] Compiling Math.LinearCircuit
Configuring test suite 'test-linear-circuit' for linear-circuit-0.1.0.4...
Preprocessing test suite 'test-linear-circuit' for linear-circuit-0.1.0.4...
Building test suite 'test-linear-circuit' for linear-circuit-0.1.0.4...
[1 of 3] Compiling ResistorCube

test/ResistorCube.hs:12:29: warning: [-Wunused-imports]
    The import of ‘liftA2’
    from module ‘Control.Applicative’ is redundant
   |
12 | import Control.Applicative (liftA2, liftA3)
   |                             ^^^^^^
[2 of 3] Compiling Tree

test/Tree.hs:26:1: warning: [-Wunused-imports]
    The import of ‘Data.Monoid’ is redundant
      except perhaps to import instances from ‘Data.Monoid’
    To import instances alone, use: import Data.Monoid()
   |
26 | import Data.Monoid (mappend)
   | ^^^^^^^^^^^^^^^^^^^^^^^^^^^^
[3 of 3] Compiling Main
[4 of 4] Linking /tmp/workdir-linear-circuit/linear-circuit-0.1.0.4/dist-newstyle/build/x86_64-linux/ghc-9.6.6/linear-circuit-0.1.0.4/t/test-linear-circuit/build/test-linear-circuit/test-linear-circuit
