Build profile: -w ghc-9.6.6 -O1
In order, the following will be built (use -v for more details):
 - peregrin-0.4.2 (lib) (first run)
 - peregrin-0.4.2 (test:tests) (first run)
Configuring library for peregrin-0.4.2...
Preprocessing library for peregrin-0.4.2...
Building library for peregrin-0.4.2...
[1 of 2] Compiling Database.Peregrin.Metadata
[2 of 2] Compiling Database.Peregrin
Configuring test suite 'tests' for peregrin-0.4.2...
Preprocessing test suite 'tests' for peregrin-0.4.2...
Building test suite 'tests' for peregrin-0.4.2...
[1 of 2] Compiling Database.PeregrinSpec
[2 of 2] Compiling Main

src-test/Main.hs:4:1: warning: [-Wunused-imports]
    The import of ‘Control.Applicative’ is redundant
      except perhaps to import instances from ‘Control.Applicative’
    To import instances alone, use: import Control.Applicative()
  |
4 | import           Control.Applicative ((<$>))
  | ^^^^^^^^^^^^^^^^^^^^^^^^^^^^^^^^^^^^^^^^^^^^
[3 of 3] Linking /tmp/workdir-peregrin/peregrin-0.4.2/dist-newstyle/build/x86_64-linux/ghc-9.6.6/peregrin-0.4.2/t/tests/build/tests/tests
