Build profile: -w ghc-9.6.6 -O1
In order, the following will be built (use -v for more details):
 - th-desugar-1.15 (lib) (first run)
 - th-desugar-1.15 (test:spec) (first run)
Configuring library for th-desugar-1.15...
Preprocessing library for th-desugar-1.15...
Building library for th-desugar-1.15...
[ 1 of 14] Compiling Language.Haskell.TH.Desugar.OMap
[ 2 of 14] Compiling Language.Haskell.TH.Desugar.OMap.Strict
[ 3 of 14] Compiling Language.Haskell.TH.Desugar.OSet
[ 4 of 14] Compiling Language.Haskell.TH.Desugar.Util
[ 5 of 14] Compiling Language.Haskell.TH.Desugar.Reify
[ 6 of 14] Compiling Language.Haskell.TH.Desugar.AST
[ 7 of 14] Compiling Language.Haskell.TH.Desugar.Subst
[ 8 of 14] Compiling Language.Haskell.TH.Desugar.FV
[ 9 of 14] Compiling Language.Haskell.TH.Desugar.Core
[10 of 14] Compiling Language.Haskell.TH.Desugar.Sweeten
[11 of 14] Compiling Language.Haskell.TH.Desugar.Match
[12 of 14] Compiling Language.Haskell.TH.Desugar.Expand
[13 of 14] Compiling Language.Haskell.TH.Desugar
[14 of 14] Compiling Language.Haskell.TH.Desugar.Lift
Configuring test suite 'spec' for th-desugar-1.15...
Preprocessing test suite 'spec' for th-desugar-1.15...
Building test suite 'spec' for th-desugar-1.15...
[1 of 8] Compiling Splices
[2 of 8] Compiling ReifyTypeSigs
[3 of 8] Compiling ReifyTypeCUSKs
[4 of 8] Compiling DsDec
[5 of 8] Compiling Dec
[6 of 8] Compiling T158Exp
[7 of 8] Compiling T159Decs
[8 of 8] Compiling Main
[9 of 9] Linking /tmp/workdir-th-desugar/th-desugar-1.15/dist-newstyle/build/x86_64-linux/ghc-9.6.6/th-desugar-1.15/t/spec/build/spec/spec
