Build profile: -w ghc-9.6.6 -O1
In order, the following will be built (use -v for more details):
 - mmark-ext-0.2.1.5 (lib) (first run)
 - mmark-ext-0.2.1.5 (test:tests) (first run)
Configuring library for mmark-ext-0.2.1.5...
Preprocessing library for mmark-ext-0.2.1.5...
Building library for mmark-ext-0.2.1.5...
[ 1 of 12] Compiling Text.MMark.Extension.Comment
[ 2 of 12] Compiling Text.MMark.Extension.FontAwesome
[ 3 of 12] Compiling Text.MMark.Extension.Footnotes
[ 4 of 12] Compiling Text.MMark.Extension.GhcSyntaxHighlighter
[ 5 of 12] Compiling Text.MMark.Extension.Kbd
[ 6 of 12] Compiling Text.MMark.Extension.LinkTarget
[ 7 of 12] Compiling Text.MMark.Extension.MathJax
[ 8 of 12] Compiling Text.MMark.Extension.ObfuscateEmail
[ 9 of 12] Compiling Text.MMark.Extension.PunctuationPrettifier
[10 of 12] Compiling Text.MMark.Extension.Skylighting
[11 of 12] Compiling Text.MMark.Extension.TableOfContents
[12 of 12] Compiling Text.MMark.Extension.Common
Configuring test suite 'tests' for mmark-ext-0.2.1.5...
Preprocessing test suite 'tests' for mmark-ext-0.2.1.5...
Building test suite 'tests' for mmark-ext-0.2.1.5...
[ 1 of 13] Compiling Text.MMark.Extension.TableOfContentsSpec
[ 2 of 13] Compiling Text.MMark.Extension.TestUtils
[ 3 of 13] Compiling Text.MMark.Extension.SkylightingSpec
[ 4 of 13] Compiling Text.MMark.Extension.PunctuationPrettifierSpec
[ 5 of 13] Compiling Text.MMark.Extension.ObfuscateEmailSpec
[ 6 of 13] Compiling Text.MMark.Extension.MathJaxSpec
[ 7 of 13] Compiling Text.MMark.Extension.LinkTargetSpec
[ 8 of 13] Compiling Text.MMark.Extension.KbdSpec
[ 9 of 13] Compiling Text.MMark.Extension.GhcSyntaxHighlighterSpec
[10 of 13] Compiling Text.MMark.Extension.FootnotesSpec
[11 of 13] Compiling Text.MMark.Extension.FontAwesomeSpec
[12 of 13] Compiling Text.MMark.Extension.CommentSpec
[13 of 13] Compiling Main
[14 of 14] Linking /tmp/workdir-mmark-ext/mmark-ext-0.2.1.5/dist-newstyle/build/x86_64-linux/ghc-9.6.6/mmark-ext-0.2.1.5/t/tests/build/tests/tests
