Build profile: -w ghc-9.6.6 -O1
In order, the following will be built (use -v for more details):
 - store-streaming-0.2.0.5 (lib) (first run)
 - store-streaming-0.2.0.5 (test:store-test) (first run)
Configuring library for store-streaming-0.2.0.5...
Preprocessing library for store-streaming-0.2.0.5...
Building library for store-streaming-0.2.0.5...
[1 of 3] Compiling Data.Store.Streaming.Internal
[2 of 3] Compiling Data.Store.Streaming

src/Data/Store/Streaming.hs:47:1: warning: [-Wunused-imports]
    The import of ‘Control.Monad.Fail’ is redundant
      except perhaps to import instances from ‘Control.Monad.Fail’
    To import instances alone, use: import Control.Monad.Fail()
   |
47 | import           Control.Monad.Fail (MonadFail)
   | ^^^^^^^^^^^^^^^^^^^^^^^^^^^^^^^^^^^^^^^^^^^^^^^

src/Data/Store/Streaming.hs:206:6: warning: [GHC-68441] [-Wdeprecations]
    In the use of type constructor or class ‘Conduit’
    (imported from Data.Conduit, but defined in Data.Conduit.Internal.Conduit):
    Deprecated: "Use ConduitT directly"
    |
206 |   => C.Conduit (Message a) m ByteString
    |      ^^^^^^^^^

src/Data/Store/Streaming.hs:217:18: warning: [GHC-68441] [-Wdeprecations]
    In the use of type constructor or class ‘Conduit’
    (imported from Data.Conduit, but defined in Data.Conduit.Internal.Conduit):
    Deprecated: "Use ConduitT directly"
    |
217 |               -> C.Conduit ByteString m (Message a)
    |                  ^^^^^^^^^
[3 of 3] Compiling Paths_store_streaming
Configuring test suite 'store-test' for store-streaming-0.2.0.5...
Preprocessing test suite 'store-test' for store-streaming-0.2.0.5...
Building test suite 'store-test' for store-streaming-0.2.0.5...
[1 of 2] Compiling Data.Store.StreamingSpec

test/Data/Store/StreamingSpec.hs:19:1: warning: [-Wunused-imports]
    The import of ‘Data.Monoid’ is redundant
      except perhaps to import instances from ‘Data.Monoid’
    To import instances alone, use: import Data.Monoid()
   |
19 | import           Data.Monoid
   | ^^^^^^^^^^^^^^^^^^^^^^^^^^^^

test/Data/Store/StreamingSpec.hs:65:5: warning: [GHC-68441] [-Wdeprecations]
    In the use of ‘=$=’
    (imported from Data.Conduit, but defined in Data.Conduit.Internal.Conduit):
    Deprecated: "Use .|"
   |
65 |     =$= C.map Message
   |     ^^^

test/Data/Store/StreamingSpec.hs:66:5: warning: [GHC-68441] [-Wdeprecations]
    In the use of ‘=$=’
    (imported from Data.Conduit, but defined in Data.Conduit.Internal.Conduit):
    Deprecated: "Use .|"
   |
66 |     =$= conduitEncode
   |     ^^^

test/Data/Store/StreamingSpec.hs:67:5: warning: [GHC-68441] [-Wdeprecations]
    In the use of ‘=$=’
    (imported from Data.Conduit, but defined in Data.Conduit.Internal.Conduit):
    Deprecated: "Use .|"
   |
67 |     =$= conduitDecode Nothing
   |     ^^^

test/Data/Store/StreamingSpec.hs:68:5: warning: [GHC-68441] [-Wdeprecations]
    In the use of ‘=$=’
    (imported from Data.Conduit, but defined in Data.Conduit.Internal.Conduit):
    Deprecated: "Use .|"
   |
68 |     =$= C.map fromMessage
   |     ^^^

test/Data/Store/StreamingSpec.hs:69:5: warning: [GHC-68441] [-Wdeprecations]
    In the use of ‘$$’
    (imported from Data.Conduit, but defined in Data.Conduit.Internal.Conduit):
    Deprecated: "Use runConduit and .|"
   |
69 |     $$ C.consume
   |     ^^

test/Data/Store/StreamingSpec.hs:76:5: warning: [GHC-68441] [-Wdeprecations]
    In the use of ‘=$=’
    (imported from Data.Conduit, but defined in Data.Conduit.Internal.Conduit):
    Deprecated: "Use .|"
   |
76 |     =$= C.map Message
   |     ^^^

test/Data/Store/StreamingSpec.hs:77:5: warning: [GHC-68441] [-Wdeprecations]
    In the use of ‘=$=’
    (imported from Data.Conduit, but defined in Data.Conduit.Internal.Conduit):
    Deprecated: "Use .|"
   |
77 |     =$= conduitEncode
   |     ^^^

test/Data/Store/StreamingSpec.hs:78:5: warning: [GHC-68441] [-Wdeprecations]
    In the use of ‘$$’
    (imported from Data.Conduit, but defined in Data.Conduit.Internal.Conduit):
    Deprecated: "Use runConduit and .|"
   |
78 |     $$ C.fold (<>) mempty
   |     ^^

test/Data/Store/StreamingSpec.hs:81:5: warning: [GHC-68441] [-Wdeprecations]
    In the use of ‘=$=’
    (imported from Data.Conduit, but defined in Data.Conduit.Internal.Conduit):
    Deprecated: "Use .|"
   |
81 |     =$= conduitDecode (Just 10)
   |     ^^^

test/Data/Store/StreamingSpec.hs:82:5: warning: [GHC-68441] [-Wdeprecations]
    In the use of ‘=$=’
    (imported from Data.Conduit, but defined in Data.Conduit.Internal.Conduit):
    Deprecated: "Use .|"
   |
82 |     =$= C.map fromMessage
   |     ^^^

test/Data/Store/StreamingSpec.hs:83:5: warning: [GHC-68441] [-Wdeprecations]
    In the use of ‘$$’
    (imported from Data.Conduit, but defined in Data.Conduit.Internal.Conduit):
    Deprecated: "Use runConduit and .|"
   |
83 |     $$ C.consume
   |     ^^

test/Data/Store/StreamingSpec.hs:95:19: warning: [GHC-68441] [-Wdeprecations]
    In the use of ‘=$=’
    (imported from Data.Conduit, but defined in Data.Conduit.Internal.Conduit):
    Deprecated: "Use .|"
   |
95 |                   =$= conduitDecode (Just 10)
   |                   ^^^

test/Data/Store/StreamingSpec.hs:96:19: warning: [GHC-68441] [-Wdeprecations]
    In the use of ‘$$’
    (imported from Data.Conduit, but defined in Data.Conduit.Internal.Conduit):
    Deprecated: "Use runConduit and .|"
   |
96 |                   $$ C.consume)
   |                   ^^

test/Data/Store/StreamingSpec.hs:102:5: warning: [GHC-68441] [-Wdeprecations]
    In the use of ‘=$=’
    (imported from Data.Conduit, but defined in Data.Conduit.Internal.Conduit):
    Deprecated: "Use .|"
    |
102 |     =$= C.map Message
    |     ^^^

test/Data/Store/StreamingSpec.hs:103:5: warning: [GHC-68441] [-Wdeprecations]
    In the use of ‘=$=’
    (imported from Data.Conduit, but defined in Data.Conduit.Internal.Conduit):
    Deprecated: "Use .|"
    |
103 |     =$= conduitEncode
    |     ^^^

test/Data/Store/StreamingSpec.hs:104:5: warning: [GHC-68441] [-Wdeprecations]
    In the use of ‘$$’
    (imported from Data.Conduit, but defined in Data.Conduit.Internal.Conduit):
    Deprecated: "Use runConduit and .|"
    |
104 |     $$ C.fold (<>) mempty
    |     ^^

test/Data/Store/StreamingSpec.hs:106:29: warning: [GHC-68441] [-Wdeprecations]
    In the use of ‘=$=’
    (imported from Data.Conduit, but defined in Data.Conduit.Internal.Conduit):
    Deprecated: "Use .|"
    |
106 |                             =$= conduitDecode (Just 10)
    |                             ^^^

test/Data/Store/StreamingSpec.hs:107:29: warning: [GHC-68441] [-Wdeprecations]
    In the use of ‘$$’
    (imported from Data.Conduit, but defined in Data.Conduit.Internal.Conduit):
    Deprecated: "Use runConduit and .|"
    |
107 |                             $$ C.consume) :: IO [Message Int])
    |                             ^^
[2 of 2] Compiling Main
[3 of 3] Linking /tmp/workdir-store-streaming/store-streaming-0.2.0.5/dist-newstyle/build/x86_64-linux/ghc-9.6.6/store-streaming-0.2.0.5/t/store-test/build/store-test/store-test
