Build profile: -w ghc-9.6.6 -O1
In order, the following will be built (use -v for more details):
 - kind-generics-th-0.2.3.3 (lib) (first run)
 - kind-generics-th-0.2.3.3 (test:tests) (first run)
Configuring library for kind-generics-th-0.2.3.3...
Preprocessing library for kind-generics-th-0.2.3.3...
Building library for kind-generics-th-0.2.3.3...
[1 of 1] Compiling Generics.Kind.TH

src/Generics/Kind/TH.hs:15:1: warning: [-Wunused-imports]
    The import of ‘Control.Applicative’ is redundant
      except perhaps to import instances from ‘Control.Applicative’
    To import instances alone, use: import Control.Applicative()
   |
15 | import           Control.Applicative
   | ^^^^^^^^^^^^^^^^^^^^^^^^^^^^^^^^^^^^
Configuring test suite 'tests' for kind-generics-th-0.2.3.3...
Preprocessing test suite 'tests' for kind-generics-th-0.2.3.3...
Building test suite 'tests' for kind-generics-th-0.2.3.3...
[1 of 1] Compiling Main

tests/Main.hs:172:33: warning: [-Wunused-foralls]
    Unused quantified type variable ‘(x :: LoT k)’
    In the type signature for ‘isGenericK’
    |
172 | isGenericK :: forall k (f :: k) (x :: LoT k). GenericK f => ()
    |                                 ^^^^^^^^^^^^
[2 of 2] Linking /tmp/workdir-kind-generics-th/kind-generics-th-0.2.3.3/dist-newstyle/build/x86_64-linux/ghc-9.6.6/kind-generics-th-0.2.3.3/t/tests/build/tests/tests
