Build profile: -w ghc-9.6.6 -O1
In order, the following will be built (use -v for more details):
 - numeric-prelude-0.4.4 (lib) (first run)
 - numeric-prelude-0.4.4 (test:numeric-prelude-test) (first run)
Configuring library for numeric-prelude-0.4.4...
Preprocessing library for numeric-prelude-0.4.4...
Building library for numeric-prelude-0.4.4...
[ 1 of 97] Compiling Algebra.DimensionTerm
[ 2 of 97] Compiling Algebra.Indexable
[ 3 of 97] Compiling Algebra.Laws
[ 4 of 97] Compiling Algebra.RealRing98
[ 5 of 97] Compiling MathObj.Permutation
[ 6 of 97] Compiling NumericPrelude.Base
[ 7 of 97] Compiling MathObj.Permutation.Table
[ 8 of 97] Compiling NumericPrelude.Elementwise

src/NumericPrelude/Elementwise.hs:3:1: warning: [-Wunused-imports]
    The import of ‘Control.Applicative’ is redundant
      except perhaps to import instances from ‘Control.Applicative’
    To import instances alone, use: import Control.Applicative()
  |
3 | import Control.Applicative (Applicative(pure, (<*>)), )
  | ^^^^^^^^^^^^^^^^^^^^^^^^^^^^^^^^^^^^^^^^^^^^^^^^^^^^^^^
[ 9 of 97] Compiling Algebra.EqualityDecision

src/Algebra/EqualityDecision.hs:25:1: warning: [-Wunused-imports]
    The import of ‘Control.Applicative’ is redundant
      except perhaps to import instances from ‘Control.Applicative’
    To import instances alone, use: import Control.Applicative()
   |
25 | import Control.Applicative (Applicative(pure, (<*>)), )
   | ^^^^^^^^^^^^^^^^^^^^^^^^^^^^^^^^^^^^^^^^^^^^^^^^^^^^^^^
[10 of 97] Compiling Algebra.OrderDecision

src/Algebra/OrderDecision.hs:28:1: warning: [-Wunused-imports]
    The import of ‘Control.Applicative’ is redundant
      except perhaps to import instances from ‘Control.Applicative’
    To import instances alone, use: import Control.Applicative()
   |
28 | import Control.Applicative (Applicative(pure, (<*>)), )
   | ^^^^^^^^^^^^^^^^^^^^^^^^^^^^^^^^^^^^^^^^^^^^^^^^^^^^^^^
[11 of 97] Compiling Algebra.Additive
[12 of 97] Compiling Algebra.ZeroTestable
[13 of 97] Compiling NumericPrelude.List
[14 of 97] Compiling Algebra.Ring
[15 of 97] Compiling Algebra.Vector
[16 of 97] Compiling Algebra.RightModule
[17 of 97] Compiling Algebra.Monoid
[18 of 97] Compiling MathObj.Algebra
[19 of 97] Compiling Algebra.NonNegative
[20 of 97] Compiling Algebra.IntegralDomain
[21 of 97] Compiling Algebra.Units
[22 of 97] Compiling Algebra.PrincipalIdealDomain
[23 of 97] Compiling MathObj.Monoid
[24 of 97] Compiling Algebra.Differential
[25 of 97] Compiling Algebra.Absolute
[26 of 97] Compiling Number.Ratio
[27 of 97] Compiling Algebra.Field
[28 of 97] Compiling Algebra.ToRational
[29 of 97] Compiling Algebra.RealIntegral
[30 of 97] Compiling Algebra.ToInteger
[31 of 97] Compiling Algebra.Module
[32 of 97] Compiling Algebra.VectorSpace
[33 of 97] Compiling Algebra.DivisibleSpace
[34 of 97] Compiling Algebra.ModuleBasis
[35 of 97] Compiling Algebra.Algebraic
[36 of 97] Compiling Algebra.Transcendental
[37 of 97] Compiling Algebra.RealRing

src/Algebra/RealRing.hs:639:5: warning: [GHC-62161] [-Wincomplete-uni-patterns]
    Pattern match(es) are non-exhaustive
    In a lambda abstraction:
        Patterns of type ‘([(a, b)], [(a, b)])’ not matched: (_, [])
    |
639 |    (\(ps,u:_) ->
    |     ^^^^^^^^^^^^...
[38 of 97] Compiling Algebra.RealField
[39 of 97] Compiling Algebra.RealTranscendental
[40 of 97] Compiling Algebra.FloatingPoint
[41 of 97] Compiling MathObj.Wrapper.Haskell98
[42 of 97] Compiling NumericPrelude.List.Checked
[43 of 97] Compiling NumericPrelude.List.Generic
[44 of 97] Compiling NumericPrelude.Numeric
[45 of 97] Compiling Number.ResidueClass
[46 of 97] Compiling Number.ResidueClass.Reader
[47 of 97] Compiling Number.ResidueClass.Maybe
[48 of 97] Compiling Number.ResidueClass.Func
[49 of 97] Compiling Number.ResidueClass.Check
[50 of 97] Compiling Number.Peano
[51 of 97] Compiling Number.PartiallyTranscendental

src/Number/PartiallyTranscendental.hs:62:11: warning: [GHC-62161] [-Wincomplete-uni-patterns]
    Pattern match(es) are non-exhaustive
    In a lambda abstraction:
        Patterns of type ‘T a’ not matched: p where p is not one of {0}
   |
62 |     exp = \0 -> 1
   |           ^^^^^^^

src/Number/PartiallyTranscendental.hs:63:11: warning: [GHC-62161] [-Wincomplete-uni-patterns]
    Pattern match(es) are non-exhaustive
    In a lambda abstraction:
        Patterns of type ‘T a’ not matched: p where p is not one of {0}
   |
63 |     sin = \0 -> 0
   |           ^^^^^^^

src/Number/PartiallyTranscendental.hs:64:11: warning: [GHC-62161] [-Wincomplete-uni-patterns]
    Pattern match(es) are non-exhaustive
    In a lambda abstraction:
        Patterns of type ‘T a’ not matched: p where p is not one of {0}
   |
64 |     cos = \0 -> 1
   |           ^^^^^^^

src/Number/PartiallyTranscendental.hs:65:11: warning: [GHC-62161] [-Wincomplete-uni-patterns]
    Pattern match(es) are non-exhaustive
    In a lambda abstraction:
        Patterns of type ‘T a’ not matched: p where p is not one of {0}
   |
65 |     tan = \0 -> 0
   |           ^^^^^^^

src/Number/PartiallyTranscendental.hs:69:12: warning: [GHC-62161] [-Wincomplete-uni-patterns]
    Pattern match(es) are non-exhaustive
    In a lambda abstraction:
        Patterns of type ‘T a’ not matched: p where p is not one of {1}
   |
69 |     log  = \1 -> 0
   |            ^^^^^^^

src/Number/PartiallyTranscendental.hs:70:12: warning: [GHC-62161] [-Wincomplete-uni-patterns]
    Pattern match(es) are non-exhaustive
    In a lambda abstraction:
        Patterns of type ‘T a’ not matched: p where p is not one of {0}
   |
70 |     asin = \0 -> 0
   |            ^^^^^^^

src/Number/PartiallyTranscendental.hs:71:12: warning: [GHC-62161] [-Wincomplete-uni-patterns]
    Pattern match(es) are non-exhaustive
    In a lambda abstraction:
        Patterns of type ‘T a’ not matched: p where p is not one of {1}
   |
71 |     acos = \1 -> 0
   |            ^^^^^^^

src/Number/PartiallyTranscendental.hs:72:12: warning: [GHC-62161] [-Wincomplete-uni-patterns]
    Pattern match(es) are non-exhaustive
    In a lambda abstraction:
        Patterns of type ‘T a’ not matched: p where p is not one of {0}
   |
72 |     atan = \0 -> 0
   |            ^^^^^^^
[52 of 97] Compiling Number.NonNegativeChunky
[53 of 97] Compiling Number.NonNegative
[54 of 97] Compiling Number.GaloisField2p32m5
[55 of 97] Compiling MathObj.Polynomial.Core

src/MathObj/Polynomial/Core.hs:156:30: warning: [GHC-62161] [-Wincomplete-uni-patterns]
    Pattern match(es) are non-exhaustive
    In a pattern binding: Patterns of type ‘[a]’ not matched: []
    |
156 | mul xs = foldr (\y zs -> let (v:vs) = scale y xs in v : add vs zs) []
    |                              ^^^^^^^^^^^^^^^^^^^

src/MathObj/Polynomial/Core.hs:201:25: warning: [GHC-62161] [-Wincomplete-uni-patterns]
    Pattern match(es) are non-exhaustive
    In a pattern binding: Patterns of type ‘[a]’ not matched: []
    |
201 |                     let (x0:xs) = xs'
    |                         ^^^^^^^^^^^^^
[56 of 97] Compiling MathObj.PowerSeries.Core
[57 of 97] Compiling MathObj.PowerSeries.Example
[58 of 97] Compiling Number.FixedPoint
[59 of 97] Compiling Number.FixedPoint.Check
[60 of 97] Compiling MathObj.PowerSeries.DifferentialEquation
[61 of 97] Compiling MathObj.PowerSeries
[62 of 97] Compiling MathObj.PowerSeries2.Core

src/MathObj/PowerSeries2/Core.hs:59:29: warning: [GHC-62161] [-Wincomplete-uni-patterns]
    Pattern match(es) are non-exhaustive
    In a lambda abstraction:
        Patterns of type ‘[a]’ not matched:
            []
            (_:_:_)
   |
59 |    PSCore.sqrt (PS.const . (\[x] -> fSqRt x) . PS.coeffs)
   |                             ^^^^^^^^^^^^^^^

src/MathObj/PowerSeries2/Core.hs:65:28: warning: [GHC-62161] [-Wincomplete-uni-patterns]
    Pattern match(es) are non-exhaustive
    In a lambda abstraction:
        Patterns of type ‘[a]’ not matched:
            []
            (_:_:_)
   |
65 |    PSCore.pow (PS.const . (\[x] -> fPow x) . PS.coeffs) (PS.const expon)
   |                            ^^^^^^^^^^^^^^
[63 of 97] Compiling MathObj.PowerSeries2
[64 of 97] Compiling MathObj.PowerSeries.Mean

src/MathObj/PowerSeries/Mean.hs:123:26: warning: [GHC-62161] [-Wincomplete-uni-patterns]
    Pattern match(es) are non-exhaustive
    In a lambda abstraction:
        Patterns of type ‘a’ not matched: p where p is not one of {1}
    |
123 | quadratic = PSCore.sqrt (\1 -> 1) [1,1,1/2]
    |                          ^^^^^^^

src/MathObj/PowerSeries/Mean.hs:144:8: warning: [GHC-62161] [-Wincomplete-uni-patterns]
    Pattern match(es) are non-exhaustive
    In a pattern binding:
        Patterns of type ‘(a, [a])’ not matched:
            (p, _) where p is not one of {1}
    |
144 |        (1, invPS) = PSCore.inv (PSCore.differentiate quadraticMVF)
    |        ^^^^^^^^^^^^^^^^^^^^^^^^^^^^^^^^^^^^^^^^^^^^^^^^^^^^^^^^^^^

src/MathObj/PowerSeries/Mean.hs:145:44: warning: [GHC-62161] [-Wincomplete-uni-patterns]
    Pattern match(es) are non-exhaustive
    In a lambda abstraction:
        Patterns of type ‘a’ not matched: p where p is not one of {1}
    |
145 |        meanValuePS = PSCore.composeTaylor (\1 -> invPS) divDiffPS
    |                                            ^^^^^^^^^^^

src/MathObj/PowerSeries/Mean.hs:158:18: warning: [GHC-62161] [-Wincomplete-uni-patterns]
    Pattern match(es) are non-exhaustive
    In a lambda abstraction:
        Patterns of type ‘a’ not matched: p where p is not one of {1}
    |
158 |    PS2Core.sqrt (\1 -> 1) [[1],[1,1],[1/2,0,1/2]]
    |                  ^^^^^^^

src/MathObj/PowerSeries/Mean.hs:217:18: warning: [GHC-62161] [-Wincomplete-uni-patterns]
    Pattern match(es) are non-exhaustive
    In a lambda abstraction:
        Patterns of type ‘a’ not matched: p where p is not one of {1}
    |
217 |    PS2Core.sqrt (\1 -> 1) [[1],[1,1],[0,1,0]]
    |                  ^^^^^^^
[65 of 97] Compiling MathObj.Polynomial
[66 of 97] Compiling MathObj.RefinementMask2
[67 of 97] Compiling MathObj.PowerSum
[68 of 97] Compiling MathObj.RootSet
[69 of 97] Compiling Number.Root
[70 of 97] Compiling MathObj.Permutation.CycleList
[71 of 97] Compiling MathObj.Permutation.CycleList.Check
[72 of 97] Compiling MathObj.PartialFraction

src/MathObj/PartialFraction.hs:207:8: warning: [GHC-62161] [-Wincomplete-uni-patterns]
    Pattern match(es) are non-exhaustive
    In a pattern binding: Patterns of type ‘[a]’ not matched: []
    |
207 |        (prod:partProdRight) = scanr (*) one denomPowers
    |        ^^^^^^^^^^^^^^^^^^^^^^^^^^^^^^^^^^^^^^^^^^^^^^^^

src/MathObj/PartialFraction.hs:247:33: warning: [GHC-62161] [-Wincomplete-uni-patterns]
    Pattern match(es) are non-exhaustive
    In a lambda abstraction:
        Patterns of type ‘a’, ‘[a]’ not matched: _ []
    |
247 |    let m1 = indexMapMapWithKey (\x (y:ys) -> let (q,r) = divMod y x in (q,r:ys)) m0
    |                                 ^^^^^^^^^^^^^^^^^^^^^^^^^^^^^^^^^^^^^^^^^^^^^^^

src/MathObj/PartialFraction.hs:378:8: warning: [GHC-62161] [-Wincomplete-uni-patterns]
    Pattern match(es) are non-exhaustive
    In a pattern binding:
        Patterns of type ‘[a]’ not matched:
            []
            [_]
            [_, _]
            (_:_:_:_:_)
    |
378 |        [a,b,c] =
    |        ^^^^^^^^^...
[73 of 97] Compiling MathObj.Matrix
[74 of 97] Compiling Algebra.OccasionallyScalar
[75 of 97] Compiling Number.OccasionallyScalarExpression
[76 of 97] Compiling Number.DimensionTerm
[77 of 97] Compiling Algebra.NormedSpace.Sum
[78 of 97] Compiling Algebra.NormedSpace.Maximum
[79 of 97] Compiling Algebra.NormedSpace.Euclidean
[80 of 97] Compiling Number.Complex
[81 of 97] Compiling Number.Quaternion

src/Number/Quaternion.hs:217:8: warning: [GHC-62161] [-Wincomplete-uni-patterns]
    Pattern match(es) are non-exhaustive
    In a pattern binding:
        Patterns of type ‘[a]’ not matched:
            []
            [_]
            [_, _]
            [_, _, _]
            ...
    |
217 |        [ar,br,cr,dr] = map Complex.real xs
    |        ^^^^^^^^^^^^^^^^^^^^^^^^^^^^^^^^^^^

src/Number/Quaternion.hs:218:8: warning: [GHC-62161] [-Wincomplete-uni-patterns]
    Pattern match(es) are non-exhaustive
    In a pattern binding:
        Patterns of type ‘[a]’ not matched:
            []
            [_]
            [_, _]
            [_, _, _]
            ...
    |
218 |        [ai,bi,ci,di] = map Complex.imag xs
    |        ^^^^^^^^^^^^^^^^^^^^^^^^^^^^^^^^^^^
[82 of 97] Compiling MathObj.LaurentPolynomial
[83 of 97] Compiling Number.Positional

src/Number/Positional.hs:118:8: warning: [GHC-62161] [-Wincomplete-uni-patterns]
    Pattern match(es) are non-exhaustive
    In a pattern binding:
        Patterns of type ‘([Digit], [Digit])’ not matched: ([], _)
    |
118 |    let (hi:his,los) = unzip (map (moveToZero b) xm)
    |        ^^^^^^^^^^^^^^^^^^^^^^^^^^^^^^^^^^^^^^^^^^^^

src/Number/Positional.hs:429:15: warning: [GHC-62161] [-Wincomplete-uni-patterns]
    Pattern match(es) are non-exhaustive
    In a pattern binding:
        Patterns of type ‘(Int, Mantissa)’ not matched: (_, [])
    |
429 |           let (newMag,y:ys) =
    |               ^^^^^^^^^^^^^^^...

src/Number/Positional.hs:666:8: warning: [GHC-62161] [-Wincomplete-uni-patterns]
    Pattern match(es) are non-exhaustive
    In a pattern binding:
        Patterns of type ‘([Exponent], [Mantissa])’ not matched: (_, [])
    |
666 |    let (es,m:ms) = unzip (map (uncurry (align b)) summands)
    |        ^^^^^^^^^^^^^^^^^^^^^^^^^^^^^^^^^^^^^^^^^^^^^^^^^^^^

src/Number/Positional.hs:855:8: warning: [GHC-62161] [-Wincomplete-uni-patterns]
    Pattern match(es) are non-exhaustive
    In a pattern binding:
        Patterns of type ‘(Exponent, Mantissa)’ not matched: (_, [])
    |
855 |    let (exe,ex0:exm) = if odd (fst x) then decreaseExp b x else x
    |        ^^^^^^^^^^^^^^^^^^^^^^^^^^^^^^^^^^^^^^^^^^^^^^^^^^^^^^^^^^

src/Number/Positional.hs:985:1: warning: [GHC-62161] [-Wincomplete-uni-patterns]
    Pattern match(es) are non-exhaustive
    In a pattern binding: Patterns of type ‘[a]’ not matched: []
    |
985 | lazyInits ~(x:xs)  =  [] : map (x:) (lazyInits xs)
    | ^^^^^^^^^^^^^^^^^^^^^^^^^^^^^^^^^^^^^^^^^^^^^^^^^^
[84 of 97] Compiling Number.Positional.Check
[85 of 97] Compiling MathObj.Wrapper.NumericPrelude
[86 of 97] Compiling MathObj.DiscreteMap
[87 of 97] Compiling Number.Physical.Unit
[88 of 97] Compiling Number.Physical.UnitDatabase
[89 of 97] Compiling Number.SI.Unit
[90 of 97] Compiling Number.DimensionTerm.SI
[91 of 97] Compiling Number.Physical
[92 of 97] Compiling Number.Physical.Show
[93 of 97] Compiling Number.Physical.Read
[94 of 97] Compiling Number.SI
[95 of 97] Compiling Algebra.Lattice
[96 of 97] Compiling NumericPrelude
[97 of 97] Compiling Algebra.AffineSpace
Configuring test suite 'numeric-prelude-test' for numeric-prelude-0.4.4...
Preprocessing test suite 'numeric-prelude-test' for numeric-prelude-0.4.4...
Building test suite 'numeric-prelude-test' for numeric-prelude-0.4.4...
[ 1 of 25] Compiling MathObj.Gaussian.Bell
[ 2 of 25] Compiling MathObj.Gaussian.ExponentTuple
[ 3 of 25] Compiling MathObj.Gaussian.Polynomial

gaussian/MathObj/Gaussian/Polynomial.hs:356:8: warning: [GHC-62161] [-Wincomplete-uni-patterns]
    Pattern match(es) are non-exhaustive
    In a pattern binding:
        Patterns of type ‘[Complex.T a]’ not matched:
            []
            (_:_:_)
    |
356 |        (ys,~[r]) =
    |        ^^^^^^^^^^^...
[ 4 of 25] Compiling MathObj.Gaussian.Variance
[ 5 of 25] Compiling Number.ComplexSquareRoot
[ 6 of 25] Compiling Test.Algebra.Additive
[ 7 of 25] Compiling Test.Algebra.IntegralDomain
[ 8 of 25] Compiling Test.Algebra.RealRing
[ 9 of 25] Compiling Test.MathObj.Gaussian.Bell
[10 of 25] Compiling Test.MathObj.Gaussian.ExponentTuple
[11 of 25] Compiling Test.MathObj.Gaussian.Polynomial
[12 of 25] Compiling Test.MathObj.Gaussian.Variance
[13 of 25] Compiling Test.MathObj.Polynomial
[14 of 25] Compiling Test.MathObj.Polynomial.Core
[15 of 25] Compiling Test.Number.ComplexSquareRoot
[16 of 25] Compiling Test.Number.GaloisField2p32m5
[17 of 25] Compiling Test.NumericPrelude.Utility
[18 of 25] Compiling Test.MathObj.RefinementMask2
[19 of 25] Compiling Test.MathObj.PowerSeries.Example
[20 of 25] Compiling Test.MathObj.PowerSeries.Core

src/MathObj/PowerSeries/Core.hs:190:44: warning: [GHC-62161] [-Wincomplete-uni-patterns]
    Pattern match(es) are non-exhaustive
    In a lambda abstraction:
        Patterns of type ‘Rational’ not matched:
            p where p is not one of {1}
    |
190 | prop> equalTrunc 50 PSE.sqrtExpl (PS.sqrt (\1 -> 1) [1,1])
    |                                            ^^^^^^^

src/MathObj/PowerSeries/Core.hs:191:47: warning: [GHC-62161] [-Wincomplete-uni-patterns]
    Pattern match(es) are non-exhaustive
    In a lambda abstraction:
        Patterns of type ‘Rational’ not matched:
            p where p is not one of {1}
    |
191 | prop> equalTrunc 500 (1:1:repeat 0) (PS.sqrt (\1 -> 1) (PS.mul [1,1] [1,1]))
    |                                               ^^^^^^^

src/MathObj/PowerSeries/Core.hs:192:31: warning: [GHC-62161] [-Wincomplete-uni-patterns]
    Pattern match(es) are non-exhaustive
    In a lambda abstraction:
        Patterns of type ‘Rational’ not matched:
            p where p is not one of {1}
    |
192 | prop> checkHoles 50 (PS.sqrt (\1 -> 1)) 1
    |                               ^^^^^^^

src/MathObj/PowerSeries/Core.hs:217:52: warning: [GHC-62161] [-Wincomplete-uni-patterns]
    Pattern match(es) are non-exhaustive
    In a lambda abstraction:
        Patterns of type ‘Rational’ not matched:
            p where p is not one of {1}
    |
217 | prop> equalTrunc 100 (PSE.powExpl (-1/3)) (PS.pow (\1 -> 1) (-1/3) [1,1])
    |                                                    ^^^^^^^

src/MathObj/PowerSeries/Core.hs:218:51: warning: [GHC-62161] [-Wincomplete-uni-patterns]
    Pattern match(es) are non-exhaustive
    In a lambda abstraction:
        Patterns of type ‘Rational’ not matched:
            p where p is not one of {0}
    |
218 | prop> equalTrunc 50 (PSE.powExpl (-1/3)) (PS.exp (\0 -> 1) (PS.scale (-1/3) PSE.log))
    |                                                   ^^^^^^^

src/MathObj/PowerSeries/Core.hs:219:30: warning: [GHC-62161] [-Wincomplete-uni-patterns]
    Pattern match(es) are non-exhaustive
    In a lambda abstraction:
        Patterns of type ‘Rational’ not matched:
            p where p is not one of {1}
    |
219 | prop> checkHoles 30 (PS.pow (\1 -> 1) (1/3)) 1
    |                              ^^^^^^^

src/MathObj/PowerSeries/Core.hs:220:30: warning: [GHC-62161] [-Wincomplete-uni-patterns]
    Pattern match(es) are non-exhaustive
    In a lambda abstraction:
        Patterns of type ‘Rational’ not matched:
            p where p is not one of {1}
    |
220 | prop> checkHoles 30 (PS.pow (\1 -> 1) (2/5)) 1
    |                              ^^^^^^^

src/MathObj/PowerSeries/Core.hs:237:43: warning: [GHC-62161] [-Wincomplete-uni-patterns]
    Pattern match(es) are non-exhaustive
    In a lambda abstraction:
        Patterns of type ‘Rational’ not matched:
            p where p is not one of {0}
    |
237 | prop> equalTrunc 500 PSE.expExpl (PS.exp (\0 -> 1) [0,1])
    |                                           ^^^^^^^

src/MathObj/PowerSeries/Core.hs:238:46: warning: [GHC-62161] [-Wincomplete-uni-patterns]
    Pattern match(es) are non-exhaustive
    In a lambda abstraction:
        Patterns of type ‘Rational’ not matched:
            p where p is not one of {0}
    |
238 | prop> equalTrunc 100 (1:1:repeat 0) (PS.exp (\0 -> 1) PSE.log)
    |                                              ^^^^^^^

src/MathObj/PowerSeries/Core.hs:239:30: warning: [GHC-62161] [-Wincomplete-uni-patterns]
    Pattern match(es) are non-exhaustive
    In a lambda abstraction:
        Patterns of type ‘Rational’ not matched:
            p where p is not one of {0}
    |
239 | prop> checkHoles 30 (PS.exp (\0 -> 1)) 0
    |                              ^^^^^^^

src/MathObj/PowerSeries/Core.hs:259:43: warning: [GHC-62161] [-Wincomplete-uni-patterns]
    Pattern match(es) are non-exhaustive
    In a lambda abstraction:
        Patterns of type ‘Rational’ not matched:
            p where p is not one of {0}
    |
259 | prop> equalTrunc 500 PSE.sinExpl (PS.sin (\0 -> (0,1)) [0,1])
    |                                           ^^^^^^^^^^^

src/MathObj/PowerSeries/Core.hs:260:45: warning: [GHC-62161] [-Wincomplete-uni-patterns]
    Pattern match(es) are non-exhaustive
    In a lambda abstraction:
        Patterns of type ‘Rational’ not matched:
            p where p is not one of {0}
    |
260 | prop> equalTrunc 50 (0:1:repeat 0) (PS.sin (\0 -> (0,1)) PSE.asin)
    |                                             ^^^^^^^^^^^

src/MathObj/PowerSeries/Core.hs:261:30: warning: [GHC-62161] [-Wincomplete-uni-patterns]
    Pattern match(es) are non-exhaustive
    In a lambda abstraction:
        Patterns of type ‘Rational’ not matched:
            p where p is not one of {0}
    |
261 | prop> checkHoles 20 (PS.sin (\0 -> (0,1))) 0
    |                              ^^^^^^^^^^^

src/MathObj/PowerSeries/Core.hs:266:43: warning: [GHC-62161] [-Wincomplete-uni-patterns]
    Pattern match(es) are non-exhaustive
    In a lambda abstraction:
        Patterns of type ‘Rational’ not matched:
            p where p is not one of {0}
    |
266 | prop> equalTrunc 500 PSE.cosExpl (PS.cos (\0 -> (0,1)) [0,1])
    |                                           ^^^^^^^^^^^

src/MathObj/PowerSeries/Core.hs:267:30: warning: [GHC-62161] [-Wincomplete-uni-patterns]
    Pattern match(es) are non-exhaustive
    In a lambda abstraction:
        Patterns of type ‘Rational’ not matched:
            p where p is not one of {0}
    |
267 | prop> checkHoles 20 (PS.cos (\0 -> (0,1))) 0
    |                              ^^^^^^^^^^^

src/MathObj/PowerSeries/Core.hs:273:42: warning: [GHC-62161] [-Wincomplete-uni-patterns]
    Pattern match(es) are non-exhaustive
    In a lambda abstraction:
        Patterns of type ‘Rational’ not matched:
            p where p is not one of {0}
    |
273 | prop> equalTrunc 50 PSE.tanExpl (PS.tan (\0 -> (0,1)) [0,1])
    |                                          ^^^^^^^^^^^

src/MathObj/PowerSeries/Core.hs:274:45: warning: [GHC-62161] [-Wincomplete-uni-patterns]
    Pattern match(es) are non-exhaustive
    In a lambda abstraction:
        Patterns of type ‘Rational’ not matched:
            p where p is not one of {0}
    |
274 | prop> equalTrunc 50 (0:1:repeat 0) (PS.tan (\0 -> (0,1)) PSE.atan)
    |                                             ^^^^^^^^^^^

src/MathObj/PowerSeries/Core.hs:275:30: warning: [GHC-62161] [-Wincomplete-uni-patterns]
    Pattern match(es) are non-exhaustive
    In a lambda abstraction:
        Patterns of type ‘Rational’ not matched:
            p where p is not one of {0}
    |
275 | prop> checkHoles 20 (PS.tan (\0 -> (0,1))) 0
    |                              ^^^^^^^^^^^

src/MathObj/PowerSeries/Core.hs:289:43: warning: [GHC-62161] [-Wincomplete-uni-patterns]
    Pattern match(es) are non-exhaustive
    In a lambda abstraction:
        Patterns of type ‘Rational’ not matched:
            p where p is not one of {1}
    |
289 | prop> equalTrunc 500 PSE.logExpl (PS.log (\1 -> 0) [1,1])
    |                                           ^^^^^^^

src/MathObj/PowerSeries/Core.hs:290:46: warning: [GHC-62161] [-Wincomplete-uni-patterns]
    Pattern match(es) are non-exhaustive
    In a lambda abstraction:
        Patterns of type ‘Rational’ not matched:
            p where p is not one of {1}
    |
290 | prop> equalTrunc 100 (0:1:repeat 0) (PS.log (\1 -> 0) PSE.exp)
    |                                              ^^^^^^^

src/MathObj/PowerSeries/Core.hs:291:30: warning: [GHC-62161] [-Wincomplete-uni-patterns]
    Pattern match(es) are non-exhaustive
    In a lambda abstraction:
        Patterns of type ‘Rational’ not matched:
            p where p is not one of {1}
    |
291 | prop> checkHoles 30 (PS.log (\1 -> 0)) 1
    |                              ^^^^^^^

src/MathObj/PowerSeries/Core.hs:303:41: warning: [GHC-62161] [-Wincomplete-uni-patterns]
    Pattern match(es) are non-exhaustive
    In a lambda abstraction:
        Patterns of type ‘Rational’ not matched:
            p where p is not one of {0}
    |
303 | prop> equalTrunc 500 PSE.atan (PS.atan (\0 -> 0) [0,1])
    |                                         ^^^^^^^

src/MathObj/PowerSeries/Core.hs:304:46: warning: [GHC-62161] [-Wincomplete-uni-patterns]
    Pattern match(es) are non-exhaustive
    In a lambda abstraction:
        Patterns of type ‘Rational’ not matched:
            p where p is not one of {0}
    |
304 | prop> equalTrunc 50 (0:1:repeat 0) (PS.atan (\0 -> 0) PSE.tan)
    |                                              ^^^^^^^

src/MathObj/PowerSeries/Core.hs:305:31: warning: [GHC-62161] [-Wincomplete-uni-patterns]
    Pattern match(es) are non-exhaustive
    In a lambda abstraction:
        Patterns of type ‘Rational’ not matched:
            p where p is not one of {0}
    |
305 | prop> checkHoles 20 (PS.atan (\0 -> 0)) 0
    |                               ^^^^^^^

src/MathObj/PowerSeries/Core.hs:313:47: warning: [GHC-62161] [-Wincomplete-uni-patterns]
    Pattern match(es) are non-exhaustive
    In a lambda abstraction:
        Patterns of type ‘Rational’ not matched:
            p where p is not one of {1}
    |
313 | prop> equalTrunc 100 (0:1:repeat 0) (PS.asin (\1 -> 1) (\0 -> 0) PSE.sin)
    |                                               ^^^^^^^

src/MathObj/PowerSeries/Core.hs:313:57: warning: [GHC-62161] [-Wincomplete-uni-patterns]
    Pattern match(es) are non-exhaustive
    In a lambda abstraction:
        Patterns of type ‘Rational’ not matched:
            p where p is not one of {0}
    |
313 | prop> equalTrunc 100 (0:1:repeat 0) (PS.asin (\1 -> 1) (\0 -> 0) PSE.sin)
    |                                                         ^^^^^^^

src/MathObj/PowerSeries/Core.hs:314:40: warning: [GHC-62161] [-Wincomplete-uni-patterns]
    Pattern match(es) are non-exhaustive
    In a lambda abstraction:
        Patterns of type ‘Rational’ not matched:
            p where p is not one of {1}
    |
314 | prop> equalTrunc 50 PSE.asin (PS.asin (\1 -> 1) (\0 -> 0) [0,1])
    |                                        ^^^^^^^

src/MathObj/PowerSeries/Core.hs:314:50: warning: [GHC-62161] [-Wincomplete-uni-patterns]
    Pattern match(es) are non-exhaustive
    In a lambda abstraction:
        Patterns of type ‘Rational’ not matched:
            p where p is not one of {0}
    |
314 | prop> equalTrunc 50 PSE.asin (PS.asin (\1 -> 1) (\0 -> 0) [0,1])
    |                                                  ^^^^^^^

src/MathObj/PowerSeries/Core.hs:315:31: warning: [GHC-62161] [-Wincomplete-uni-patterns]
    Pattern match(es) are non-exhaustive
    In a lambda abstraction:
        Patterns of type ‘Rational’ not matched:
            p where p is not one of {1}
    |
315 | prop> checkHoles 30 (PS.asin (\1 -> 1) (\0 -> 0)) 0
    |                               ^^^^^^^

src/MathObj/PowerSeries/Core.hs:315:41: warning: [GHC-62161] [-Wincomplete-uni-patterns]
    Pattern match(es) are non-exhaustive
    In a lambda abstraction:
        Patterns of type ‘Rational’ not matched:
            p where p is not one of {0}
    |
315 | prop> checkHoles 30 (PS.asin (\1 -> 1) (\0 -> 0)) 0
    |                                         ^^^^^^^
[21 of 25] Compiling Test.MathObj.PowerSeries
[22 of 25] Compiling Test.MathObj.PartialFraction
[23 of 25] Compiling Test.MathObj.Matrix
[24 of 25] Compiling Test.Algebra.PrincipalIdealDomain
[25 of 25] Compiling Main
[26 of 26] Linking /tmp/workdir-numeric-prelude/numeric-prelude-0.4.4/dist-newstyle/build/x86_64-linux/ghc-9.6.6/numeric-prelude-0.4.4/t/numeric-prelude-test/build/numeric-prelude-test/numeric-prelude-test
