Build profile: -w ghc-9.6.6 -O1
In order, the following will be built (use -v for more details):
 - teardown-0.5.0.1 (lib) (first run)
 - teardown-0.5.0.1 (test:teardown-test) (first run)
Configuring library for teardown-0.5.0.1...
Preprocessing library for teardown-0.5.0.1...
Building library for teardown-0.5.0.1...
[1 of 4] Compiling Control.Teardown.Internal.Types

src/Control/Teardown/Internal/Types.hs:13:1: warning: [-Wunused-imports]
    The import of ‘GHC.Generics’ is redundant
      except perhaps to import instances from ‘GHC.Generics’
    To import instances alone, use: import GHC.Generics()
   |
13 | import GHC.Generics (Generic)
   | ^^^^^^^^^^^^^^^^^^^^^^^^^^^^^

src/Control/Teardown/Internal/Types.hs:16:1: warning: [-Wdeprecations]
    Module ‘Data.Text.Prettyprint.Doc’ is deprecated:
      "Use \"Prettyprinter\" instead."
   |
16 | import           Data.Text.Prettyprint.Doc (Pretty, pretty, (<+>))
   | ^^^^^^^^^^^^^^^^^^^^^^^^^^^^^^^^^^^^^^^^^^^^^^^^^^^^^^^^^^^^^^^^^^

src/Control/Teardown/Internal/Types.hs:17:1: warning: [-Wdeprecations]
    Module ‘Data.Text.Prettyprint.Doc’ is deprecated:
      "Use \"Prettyprinter\" instead."
   |
17 | import qualified Data.Text.Prettyprint.Doc as Pretty
   | ^^^^^^^^^^^^^^^^^^^^^^^^^^^^^^^^^^^^^^^^^^^^^^^^^^^^
[2 of 4] Compiling Control.Teardown.Internal.Printer

src/Control/Teardown/Internal/Printer.hs:10:1: warning: [-Wdeprecations]
    Module ‘Data.Text.Prettyprint.Doc’ is deprecated:
      "Use \"Prettyprinter\" instead."
   |
10 | import Data.Text.Prettyprint.Doc
   | ^^^^^^^^^^^^^^^^^^^^^^^^^^^^^^^^
[3 of 4] Compiling Control.Teardown.Internal.Core
[4 of 4] Compiling Control.Teardown
Configuring test suite 'teardown-test' for teardown-0.5.0.1...
Preprocessing test suite 'teardown-test' for teardown-0.5.0.1...
Building test suite 'teardown-test' for teardown-0.5.0.1...
[1 of 3] Compiling Paths_teardown
[2 of 3] Compiling TeardownTest
[3 of 3] Compiling Main
[4 of 4] Linking /tmp/workdir-teardown/teardown-0.5.0.1/dist-newstyle/build/x86_64-linux/ghc-9.6.6/teardown-0.5.0.1/t/teardown-test/build/teardown-test/teardown-test
