Build profile: -w ghc-9.6.6 -O1
In order, the following will be built (use -v for more details):
 - amazonka-globalaccelerator-2.0 (lib) (first run)
 - amazonka-globalaccelerator-2.0 (test:amazonka-globalaccelerator-test) (first run)
Configuring library for amazonka-globalaccelerator-2.0...
Preprocessing library for amazonka-globalaccelerator-2.0...
Building library for amazonka-globalaccelerator-2.0...
[ 1 of 90] Compiling Amazonka.GlobalAccelerator.Types.AcceleratorAttributes
[ 2 of 90] Compiling Amazonka.GlobalAccelerator.Types.AcceleratorEvent
[ 3 of 90] Compiling Amazonka.GlobalAccelerator.Types.AcceleratorStatus
[ 4 of 90] Compiling Amazonka.GlobalAccelerator.Types.ByoipCidrEvent
[ 5 of 90] Compiling Amazonka.GlobalAccelerator.Types.ByoipCidrState
[ 6 of 90] Compiling Amazonka.GlobalAccelerator.Types.ByoipCidr
[ 7 of 90] Compiling Amazonka.GlobalAccelerator.Types.CidrAuthorizationContext
[ 8 of 90] Compiling Amazonka.GlobalAccelerator.Types.ClientAffinity
[ 9 of 90] Compiling Amazonka.GlobalAccelerator.Types.CustomRoutingAcceleratorAttributes
[10 of 90] Compiling Amazonka.GlobalAccelerator.Types.CustomRoutingAcceleratorStatus
[11 of 90] Compiling Amazonka.GlobalAccelerator.Types.CustomRoutingDestinationTrafficState
[12 of 90] Compiling Amazonka.GlobalAccelerator.Types.CustomRoutingEndpointConfiguration
[13 of 90] Compiling Amazonka.GlobalAccelerator.Types.CustomRoutingEndpointDescription
[14 of 90] Compiling Amazonka.GlobalAccelerator.Types.CustomRoutingProtocol
[15 of 90] Compiling Amazonka.GlobalAccelerator.Types.CustomRoutingDestinationConfiguration
[16 of 90] Compiling Amazonka.GlobalAccelerator.Types.EndpointConfiguration
[17 of 90] Compiling Amazonka.GlobalAccelerator.Types.EndpointIdentifier
[18 of 90] Compiling Amazonka.GlobalAccelerator.Types.HealthCheckProtocol
[19 of 90] Compiling Amazonka.GlobalAccelerator.Types.HealthState
[20 of 90] Compiling Amazonka.GlobalAccelerator.Types.EndpointDescription
[21 of 90] Compiling Amazonka.GlobalAccelerator.Types.IpAddressFamily
[22 of 90] Compiling Amazonka.GlobalAccelerator.Types.IpAddressType
[23 of 90] Compiling Amazonka.GlobalAccelerator.Types.IpSet
[24 of 90] Compiling Amazonka.GlobalAccelerator.Types.CustomRoutingAccelerator
[25 of 90] Compiling Amazonka.GlobalAccelerator.Types.Accelerator
[26 of 90] Compiling Amazonka.GlobalAccelerator.Types.PortOverride
[27 of 90] Compiling Amazonka.GlobalAccelerator.Types.EndpointGroup
[28 of 90] Compiling Amazonka.GlobalAccelerator.Types.PortRange
[29 of 90] Compiling Amazonka.GlobalAccelerator.Types.CustomRoutingListener
[30 of 90] Compiling Amazonka.GlobalAccelerator.Types.Protocol
[31 of 90] Compiling Amazonka.GlobalAccelerator.Types.Listener
[32 of 90] Compiling Amazonka.GlobalAccelerator.Types.CustomRoutingDestinationDescription
[33 of 90] Compiling Amazonka.GlobalAccelerator.Types.CustomRoutingEndpointGroup
[34 of 90] Compiling Amazonka.GlobalAccelerator.Types.SocketAddress
[35 of 90] Compiling Amazonka.GlobalAccelerator.Types.PortMapping
[36 of 90] Compiling Amazonka.GlobalAccelerator.Types.DestinationPortMapping
[37 of 90] Compiling Amazonka.GlobalAccelerator.Types.Tag
[38 of 90] Compiling Amazonka.GlobalAccelerator.Types
[39 of 90] Compiling Amazonka.GlobalAccelerator.TagResource
[40 of 90] Compiling Amazonka.GlobalAccelerator.RemoveEndpoints

gen/Amazonka/GlobalAccelerator/RemoveEndpoints.hs:105:137: warning: [GHC-02256] [-Wambiguous-fields]
    The record update s {endpointGroupArn = a} with type RemoveEndpoints is ambiguous.
    This will not be supported by -XDuplicateRecordFields in future releases of GHC.
    |
105 | removeEndpoints_endpointGroupArn = Lens.lens (\RemoveEndpoints' {endpointGroupArn} -> endpointGroupArn) (\s@RemoveEndpoints' {} a -> s {endpointGroupArn = a} :: RemoveEndpoints)
    |                                                                                                                                         ^^^^^^^^^^^^^^^^^^^^
[41 of 90] Compiling Amazonka.GlobalAccelerator.RemoveCustomRoutingEndpoints

gen/Amazonka/GlobalAccelerator/RemoveCustomRoutingEndpoints.hs:90:176: warning: [GHC-02256] [-Wambiguous-fields]
    The record update s {endpointGroupArn = a} with type RemoveCustomRoutingEndpoints is ambiguous.
    This will not be supported by -XDuplicateRecordFields in future releases of GHC.
   |
90 | removeCustomRoutingEndpoints_endpointGroupArn = Lens.lens (\RemoveCustomRoutingEndpoints' {endpointGroupArn} -> endpointGroupArn) (\s@RemoveCustomRoutingEndpoints' {} a -> s {endpointGroupArn = a} :: RemoveCustomRoutingEndpoints)
   |                                                                                                                                                                                ^^^^^^^^^^^^^^^^^^^^
[42 of 90] Compiling Amazonka.GlobalAccelerator.ProvisionByoipCidr

gen/Amazonka/GlobalAccelerator/ProvisionByoipCidr.hs:107:110: warning: [GHC-02256] [-Wambiguous-fields]
    The record update s {cidr = a} with type ProvisionByoipCidr is ambiguous.
    This will not be supported by -XDuplicateRecordFields in future releases of GHC.
    |
107 | provisionByoipCidr_cidr = Lens.lens (\ProvisionByoipCidr' {cidr} -> cidr) (\s@ProvisionByoipCidr' {} a -> s {cidr = a} :: ProvisionByoipCidr)
    |                                                                                                              ^^^^^^^^
[43 of 90] Compiling Amazonka.GlobalAccelerator.ListTagsForResource
[44 of 90] Compiling Amazonka.GlobalAccelerator.ListListeners

gen/Amazonka/GlobalAccelerator/ListListeners.hs:104:110: warning: [GHC-02256] [-Wambiguous-fields]
    The record update s {nextToken = a} with type ListListeners is ambiguous.
    This will not be supported by -XDuplicateRecordFields in future releases of GHC.
    |
104 | listListeners_nextToken = Lens.lens (\ListListeners' {nextToken} -> nextToken) (\s@ListListeners' {} a -> s {nextToken = a} :: ListListeners)
    |                                                                                                              ^^^^^^^^^^^^^

gen/Amazonka/GlobalAccelerator/ListListeners.hs:109:125: warning: [GHC-02256] [-Wambiguous-fields]
    The record update s {acceleratorArn = a} with type ListListeners is ambiguous.
    This will not be supported by -XDuplicateRecordFields in future releases of GHC.
    |
109 | listListeners_acceleratorArn = Lens.lens (\ListListeners' {acceleratorArn} -> acceleratorArn) (\s@ListListeners' {} a -> s {acceleratorArn = a} :: ListListeners)
    |                                                                                                                             ^^^^^^^^^^^^^^^^^^

gen/Amazonka/GlobalAccelerator/ListListeners.hs:237:134: warning: [GHC-02256] [-Wambiguous-fields]
    The record update s {nextToken = a} with type ListListenersResponse is ambiguous.
    This will not be supported by -XDuplicateRecordFields in future releases of GHC.
    |
237 | listListenersResponse_nextToken = Lens.lens (\ListListenersResponse' {nextToken} -> nextToken) (\s@ListListenersResponse' {} a -> s {nextToken = a} :: ListListenersResponse)
    |                                                                                                                                      ^^^^^^^^^^^^^
[45 of 90] Compiling Amazonka.GlobalAccelerator.ListEndpointGroups

gen/Amazonka/GlobalAccelerator/ListEndpointGroups.hs:102:125: warning: [GHC-02256] [-Wambiguous-fields]
    The record update s {nextToken = a} with type ListEndpointGroups is ambiguous.
    This will not be supported by -XDuplicateRecordFields in future releases of GHC.
    |
102 | listEndpointGroups_nextToken = Lens.lens (\ListEndpointGroups' {nextToken} -> nextToken) (\s@ListEndpointGroups' {} a -> s {nextToken = a} :: ListEndpointGroups)
    |                                                                                                                             ^^^^^^^^^^^^^

gen/Amazonka/GlobalAccelerator/ListEndpointGroups.hs:106:131: warning: [GHC-02256] [-Wambiguous-fields]
    The record update s {listenerArn = a} with type ListEndpointGroups is ambiguous.
    This will not be supported by -XDuplicateRecordFields in future releases of GHC.
    |
106 | listEndpointGroups_listenerArn = Lens.lens (\ListEndpointGroups' {listenerArn} -> listenerArn) (\s@ListEndpointGroups' {} a -> s {listenerArn = a} :: ListEndpointGroups)
    |                                                                                                                                   ^^^^^^^^^^^^^^^

gen/Amazonka/GlobalAccelerator/ListEndpointGroups.hs:234:149: warning: [GHC-02256] [-Wambiguous-fields]
    The record update s {nextToken = a} with type ListEndpointGroupsResponse is ambiguous.
    This will not be supported by -XDuplicateRecordFields in future releases of GHC.
    |
234 | listEndpointGroupsResponse_nextToken = Lens.lens (\ListEndpointGroupsResponse' {nextToken} -> nextToken) (\s@ListEndpointGroupsResponse' {} a -> s {nextToken = a} :: ListEndpointGroupsResponse)
    |                                                                                                                                                     ^^^^^^^^^^^^^
[46 of 90] Compiling Amazonka.GlobalAccelerator.ListCustomRoutingPortMappingsByDestination

gen/Amazonka/GlobalAccelerator/ListCustomRoutingPortMappingsByDestination.hs:121:197: warning: [GHC-02256] [-Wambiguous-fields]
    The record update s {nextToken = a} with type ListCustomRoutingPortMappingsByDestination is ambiguous.
    This will not be supported by -XDuplicateRecordFields in future releases of GHC.
    |
121 | listCustomRoutingPortMappingsByDestination_nextToken = Lens.lens (\ListCustomRoutingPortMappingsByDestination' {nextToken} -> nextToken) (\s@ListCustomRoutingPortMappingsByDestination' {} a -> s {nextToken = a} :: ListCustomRoutingPortMappingsByDestination)
    |                                                                                                                                                                                                     ^^^^^^^^^^^^^

gen/Amazonka/GlobalAccelerator/ListCustomRoutingPortMappingsByDestination.hs:125:200: warning: [GHC-02256] [-Wambiguous-fields]
    The record update s {endpointId = a} with type ListCustomRoutingPortMappingsByDestination is ambiguous.
    This will not be supported by -XDuplicateRecordFields in future releases of GHC.
    |
125 | listCustomRoutingPortMappingsByDestination_endpointId = Lens.lens (\ListCustomRoutingPortMappingsByDestination' {endpointId} -> endpointId) (\s@ListCustomRoutingPortMappingsByDestination' {} a -> s {endpointId = a} :: ListCustomRoutingPortMappingsByDestination)
    |                                                                                                                                                                                                        ^^^^^^^^^^^^^^

gen/Amazonka/GlobalAccelerator/ListCustomRoutingPortMappingsByDestination.hs:299:221: warning: [GHC-02256] [-Wambiguous-fields]
    The record update s {nextToken = a} with type ListCustomRoutingPortMappingsByDestinationResponse is ambiguous.
    This will not be supported by -XDuplicateRecordFields in future releases of GHC.
    |
299 | listCustomRoutingPortMappingsByDestinationResponse_nextToken = Lens.lens (\ListCustomRoutingPortMappingsByDestinationResponse' {nextToken} -> nextToken) (\s@ListCustomRoutingPortMappingsByDestinationResponse' {} a -> s {nextToken = a} :: ListCustomRoutingPortMappingsByDestinationResponse)
    |                                                                                                                                                                                                                             ^^^^^^^^^^^^^
[47 of 90] Compiling Amazonka.GlobalAccelerator.ListCustomRoutingPortMappings

gen/Amazonka/GlobalAccelerator/ListCustomRoutingPortMappings.hs:124:179: warning: [GHC-02256] [-Wambiguous-fields]
    The record update s {endpointGroupArn = a} with type ListCustomRoutingPortMappings is ambiguous.
    This will not be supported by -XDuplicateRecordFields in future releases of GHC.
    |
124 | listCustomRoutingPortMappings_endpointGroupArn = Lens.lens (\ListCustomRoutingPortMappings' {endpointGroupArn} -> endpointGroupArn) (\s@ListCustomRoutingPortMappings' {} a -> s {endpointGroupArn = a} :: ListCustomRoutingPortMappings)
    |                                                                                                                                                                                   ^^^^^^^^^^^^^^^^^^^^

gen/Amazonka/GlobalAccelerator/ListCustomRoutingPortMappings.hs:134:158: warning: [GHC-02256] [-Wambiguous-fields]
    The record update s {nextToken = a} with type ListCustomRoutingPortMappings is ambiguous.
    This will not be supported by -XDuplicateRecordFields in future releases of GHC.
    |
134 | listCustomRoutingPortMappings_nextToken = Lens.lens (\ListCustomRoutingPortMappings' {nextToken} -> nextToken) (\s@ListCustomRoutingPortMappings' {} a -> s {nextToken = a} :: ListCustomRoutingPortMappings)
    |                                                                                                                                                              ^^^^^^^^^^^^^

gen/Amazonka/GlobalAccelerator/ListCustomRoutingPortMappings.hs:139:173: warning: [GHC-02256] [-Wambiguous-fields]
    The record update s {acceleratorArn = a} with type ListCustomRoutingPortMappings is ambiguous.
    This will not be supported by -XDuplicateRecordFields in future releases of GHC.
    |
139 | listCustomRoutingPortMappings_acceleratorArn = Lens.lens (\ListCustomRoutingPortMappings' {acceleratorArn} -> acceleratorArn) (\s@ListCustomRoutingPortMappings' {} a -> s {acceleratorArn = a} :: ListCustomRoutingPortMappings)
    |                                                                                                                                                                             ^^^^^^^^^^^^^^^^^^

gen/Amazonka/GlobalAccelerator/ListCustomRoutingPortMappings.hs:274:182: warning: [GHC-02256] [-Wambiguous-fields]
    The record update s {nextToken = a} with type ListCustomRoutingPortMappingsResponse is ambiguous.
    This will not be supported by -XDuplicateRecordFields in future releases of GHC.
    |
274 | listCustomRoutingPortMappingsResponse_nextToken = Lens.lens (\ListCustomRoutingPortMappingsResponse' {nextToken} -> nextToken) (\s@ListCustomRoutingPortMappingsResponse' {} a -> s {nextToken = a} :: ListCustomRoutingPortMappingsResponse)
    |                                                                                                                                                                                      ^^^^^^^^^^^^^
[48 of 90] Compiling Amazonka.GlobalAccelerator.ListCustomRoutingListeners

gen/Amazonka/GlobalAccelerator/ListCustomRoutingListeners.hs:103:149: warning: [GHC-02256] [-Wambiguous-fields]
    The record update s {nextToken = a} with type ListCustomRoutingListeners is ambiguous.
    This will not be supported by -XDuplicateRecordFields in future releases of GHC.
    |
103 | listCustomRoutingListeners_nextToken = Lens.lens (\ListCustomRoutingListeners' {nextToken} -> nextToken) (\s@ListCustomRoutingListeners' {} a -> s {nextToken = a} :: ListCustomRoutingListeners)
    |                                                                                                                                                     ^^^^^^^^^^^^^

gen/Amazonka/GlobalAccelerator/ListCustomRoutingListeners.hs:107:164: warning: [GHC-02256] [-Wambiguous-fields]
    The record update s {acceleratorArn = a} with type ListCustomRoutingListeners is ambiguous.
    This will not be supported by -XDuplicateRecordFields in future releases of GHC.
    |
107 | listCustomRoutingListeners_acceleratorArn = Lens.lens (\ListCustomRoutingListeners' {acceleratorArn} -> acceleratorArn) (\s@ListCustomRoutingListeners' {} a -> s {acceleratorArn = a} :: ListCustomRoutingListeners)
    |                                                                                                                                                                    ^^^^^^^^^^^^^^^^^^

gen/Amazonka/GlobalAccelerator/ListCustomRoutingListeners.hs:236:173: warning: [GHC-02256] [-Wambiguous-fields]
    The record update s {nextToken = a} with type ListCustomRoutingListenersResponse is ambiguous.
    This will not be supported by -XDuplicateRecordFields in future releases of GHC.
    |
236 | listCustomRoutingListenersResponse_nextToken = Lens.lens (\ListCustomRoutingListenersResponse' {nextToken} -> nextToken) (\s@ListCustomRoutingListenersResponse' {} a -> s {nextToken = a} :: ListCustomRoutingListenersResponse)
    |                                                                                                                                                                             ^^^^^^^^^^^^^
[49 of 90] Compiling Amazonka.GlobalAccelerator.ListCustomRoutingEndpointGroups

gen/Amazonka/GlobalAccelerator/ListCustomRoutingEndpointGroups.hs:104:164: warning: [GHC-02256] [-Wambiguous-fields]
    The record update s {nextToken = a} with type ListCustomRoutingEndpointGroups is ambiguous.
    This will not be supported by -XDuplicateRecordFields in future releases of GHC.
    |
104 | listCustomRoutingEndpointGroups_nextToken = Lens.lens (\ListCustomRoutingEndpointGroups' {nextToken} -> nextToken) (\s@ListCustomRoutingEndpointGroups' {} a -> s {nextToken = a} :: ListCustomRoutingEndpointGroups)
    |                                                                                                                                                                    ^^^^^^^^^^^^^

gen/Amazonka/GlobalAccelerator/ListCustomRoutingEndpointGroups.hs:109:170: warning: [GHC-02256] [-Wambiguous-fields]
    The record update s {listenerArn = a} with type ListCustomRoutingEndpointGroups is ambiguous.
    This will not be supported by -XDuplicateRecordFields in future releases of GHC.
    |
109 | listCustomRoutingEndpointGroups_listenerArn = Lens.lens (\ListCustomRoutingEndpointGroups' {listenerArn} -> listenerArn) (\s@ListCustomRoutingEndpointGroups' {} a -> s {listenerArn = a} :: ListCustomRoutingEndpointGroups)
    |                                                                                                                                                                          ^^^^^^^^^^^^^^^

gen/Amazonka/GlobalAccelerator/ListCustomRoutingEndpointGroups.hs:233:188: warning: [GHC-02256] [-Wambiguous-fields]
    The record update s {nextToken = a} with type ListCustomRoutingEndpointGroupsResponse is ambiguous.
    This will not be supported by -XDuplicateRecordFields in future releases of GHC.
    |
233 | listCustomRoutingEndpointGroupsResponse_nextToken = Lens.lens (\ListCustomRoutingEndpointGroupsResponse' {nextToken} -> nextToken) (\s@ListCustomRoutingEndpointGroupsResponse' {} a -> s {nextToken = a} :: ListCustomRoutingEndpointGroupsResponse)
    |                                                                                                                                                                                            ^^^^^^^^^^^^^
[50 of 90] Compiling Amazonka.GlobalAccelerator.ListCustomRoutingAccelerators

gen/Amazonka/GlobalAccelerator/ListCustomRoutingAccelerators.hs:95:158: warning: [GHC-02256] [-Wambiguous-fields]
    The record update s {nextToken = a} with type ListCustomRoutingAccelerators is ambiguous.
    This will not be supported by -XDuplicateRecordFields in future releases of GHC.
   |
95 | listCustomRoutingAccelerators_nextToken = Lens.lens (\ListCustomRoutingAccelerators' {nextToken} -> nextToken) (\s@ListCustomRoutingAccelerators' {} a -> s {nextToken = a} :: ListCustomRoutingAccelerators)
   |                                                                                                                                                              ^^^^^^^^^^^^^

gen/Amazonka/GlobalAccelerator/ListCustomRoutingAccelerators.hs:226:182: warning: [GHC-02256] [-Wambiguous-fields]
    The record update s {nextToken = a} with type ListCustomRoutingAcceleratorsResponse is ambiguous.
    This will not be supported by -XDuplicateRecordFields in future releases of GHC.
    |
226 | listCustomRoutingAcceleratorsResponse_nextToken = Lens.lens (\ListCustomRoutingAcceleratorsResponse' {nextToken} -> nextToken) (\s@ListCustomRoutingAcceleratorsResponse' {} a -> s {nextToken = a} :: ListCustomRoutingAcceleratorsResponse)
    |                                                                                                                                                                                      ^^^^^^^^^^^^^
[51 of 90] Compiling Amazonka.GlobalAccelerator.ListByoipCidrs

gen/Amazonka/GlobalAccelerator/ListByoipCidrs.hs:96:113: warning: [GHC-02256] [-Wambiguous-fields]
    The record update s {nextToken = a} with type ListByoipCidrs is ambiguous.
    This will not be supported by -XDuplicateRecordFields in future releases of GHC.
   |
96 | listByoipCidrs_nextToken = Lens.lens (\ListByoipCidrs' {nextToken} -> nextToken) (\s@ListByoipCidrs' {} a -> s {nextToken = a} :: ListByoipCidrs)
   |                                                                                                                 ^^^^^^^^^^^^^

gen/Amazonka/GlobalAccelerator/ListByoipCidrs.hs:218:137: warning: [GHC-02256] [-Wambiguous-fields]
    The record update s {nextToken = a} with type ListByoipCidrsResponse is ambiguous.
    This will not be supported by -XDuplicateRecordFields in future releases of GHC.
    |
218 | listByoipCidrsResponse_nextToken = Lens.lens (\ListByoipCidrsResponse' {nextToken} -> nextToken) (\s@ListByoipCidrsResponse' {} a -> s {nextToken = a} :: ListByoipCidrsResponse)
    |                                                                                                                                         ^^^^^^^^^^^^^
[52 of 90] Compiling Amazonka.GlobalAccelerator.ListAccelerators

gen/Amazonka/GlobalAccelerator/ListAccelerators.hs:94:119: warning: [GHC-02256] [-Wambiguous-fields]
    The record update s {nextToken = a} with type ListAccelerators is ambiguous.
    This will not be supported by -XDuplicateRecordFields in future releases of GHC.
   |
94 | listAccelerators_nextToken = Lens.lens (\ListAccelerators' {nextToken} -> nextToken) (\s@ListAccelerators' {} a -> s {nextToken = a} :: ListAccelerators)
   |                                                                                                                       ^^^^^^^^^^^^^

gen/Amazonka/GlobalAccelerator/ListAccelerators.hs:219:143: warning: [GHC-02256] [-Wambiguous-fields]
    The record update s {nextToken = a} with type ListAcceleratorsResponse is ambiguous.
    This will not be supported by -XDuplicateRecordFields in future releases of GHC.
    |
219 | listAcceleratorsResponse_nextToken = Lens.lens (\ListAcceleratorsResponse' {nextToken} -> nextToken) (\s@ListAcceleratorsResponse' {} a -> s {nextToken = a} :: ListAcceleratorsResponse)
    |                                                                                                                                               ^^^^^^^^^^^^^
[53 of 90] Compiling Amazonka.GlobalAccelerator.DescribeListener

gen/Amazonka/GlobalAccelerator/DescribeListener.hs:75:125: warning: [GHC-02256] [-Wambiguous-fields]
    The record update s {listenerArn = a} with type DescribeListener is ambiguous.
    This will not be supported by -XDuplicateRecordFields in future releases of GHC.
   |
75 | describeListener_listenerArn = Lens.lens (\DescribeListener' {listenerArn} -> listenerArn) (\s@DescribeListener' {} a -> s {listenerArn = a} :: DescribeListener)
   |                                                                                                                             ^^^^^^^^^^^^^^^
[54 of 90] Compiling Amazonka.GlobalAccelerator.DescribeEndpointGroup

gen/Amazonka/GlobalAccelerator/DescribeEndpointGroup.hs:78:155: warning: [GHC-02256] [-Wambiguous-fields]
    The record update s {endpointGroupArn = a} with type DescribeEndpointGroup is ambiguous.
    This will not be supported by -XDuplicateRecordFields in future releases of GHC.
   |
78 | describeEndpointGroup_endpointGroupArn = Lens.lens (\DescribeEndpointGroup' {endpointGroupArn} -> endpointGroupArn) (\s@DescribeEndpointGroup' {} a -> s {endpointGroupArn = a} :: DescribeEndpointGroup)
   |                                                                                                                                                           ^^^^^^^^^^^^^^^^^^^^
[55 of 90] Compiling Amazonka.GlobalAccelerator.DescribeCustomRoutingListener

gen/Amazonka/GlobalAccelerator/DescribeCustomRoutingListener.hs:78:164: warning: [GHC-02256] [-Wambiguous-fields]
    The record update s {listenerArn = a} with type DescribeCustomRoutingListener is ambiguous.
    This will not be supported by -XDuplicateRecordFields in future releases of GHC.
   |
78 | describeCustomRoutingListener_listenerArn = Lens.lens (\DescribeCustomRoutingListener' {listenerArn} -> listenerArn) (\s@DescribeCustomRoutingListener' {} a -> s {listenerArn = a} :: DescribeCustomRoutingListener)
   |                                                                                                                                                                    ^^^^^^^^^^^^^^^
[56 of 90] Compiling Amazonka.GlobalAccelerator.DescribeCustomRoutingEndpointGroup

gen/Amazonka/GlobalAccelerator/DescribeCustomRoutingEndpointGroup.hs:79:194: warning: [GHC-02256] [-Wambiguous-fields]
    The record update s {endpointGroupArn = a} with type DescribeCustomRoutingEndpointGroup is ambiguous.
    This will not be supported by -XDuplicateRecordFields in future releases of GHC.
   |
79 | describeCustomRoutingEndpointGroup_endpointGroupArn = Lens.lens (\DescribeCustomRoutingEndpointGroup' {endpointGroupArn} -> endpointGroupArn) (\s@DescribeCustomRoutingEndpointGroup' {} a -> s {endpointGroupArn = a} :: DescribeCustomRoutingEndpointGroup)
   |                                                                                                                                                                                                  ^^^^^^^^^^^^^^^^^^^^
[57 of 90] Compiling Amazonka.GlobalAccelerator.DescribeCustomRoutingAcceleratorAttributes

gen/Amazonka/GlobalAccelerator/DescribeCustomRoutingAcceleratorAttributes.hs:82:212: warning: [GHC-02256] [-Wambiguous-fields]
    The record update s {acceleratorArn = a} with type DescribeCustomRoutingAcceleratorAttributes is ambiguous.
    This will not be supported by -XDuplicateRecordFields in future releases of GHC.
   |
82 | describeCustomRoutingAcceleratorAttributes_acceleratorArn = Lens.lens (\DescribeCustomRoutingAcceleratorAttributes' {acceleratorArn} -> acceleratorArn) (\s@DescribeCustomRoutingAcceleratorAttributes' {} a -> s {acceleratorArn = a} :: DescribeCustomRoutingAcceleratorAttributes)
   |                                                                                                                                                                                                                    ^^^^^^^^^^^^^^^^^^
[58 of 90] Compiling Amazonka.GlobalAccelerator.DescribeCustomRoutingAccelerator

gen/Amazonka/GlobalAccelerator/DescribeCustomRoutingAccelerator.hs:78:182: warning: [GHC-02256] [-Wambiguous-fields]
    The record update s {acceleratorArn = a} with type DescribeCustomRoutingAccelerator is ambiguous.
    This will not be supported by -XDuplicateRecordFields in future releases of GHC.
   |
78 | describeCustomRoutingAccelerator_acceleratorArn = Lens.lens (\DescribeCustomRoutingAccelerator' {acceleratorArn} -> acceleratorArn) (\s@DescribeCustomRoutingAccelerator' {} a -> s {acceleratorArn = a} :: DescribeCustomRoutingAccelerator)
   |                                                                                                                                                                                      ^^^^^^^^^^^^^^^^^^
[59 of 90] Compiling Amazonka.GlobalAccelerator.DescribeAcceleratorAttributes

gen/Amazonka/GlobalAccelerator/DescribeAcceleratorAttributes.hs:81:173: warning: [GHC-02256] [-Wambiguous-fields]
    The record update s {acceleratorArn = a} with type DescribeAcceleratorAttributes is ambiguous.
    This will not be supported by -XDuplicateRecordFields in future releases of GHC.
   |
81 | describeAcceleratorAttributes_acceleratorArn = Lens.lens (\DescribeAcceleratorAttributes' {acceleratorArn} -> acceleratorArn) (\s@DescribeAcceleratorAttributes' {} a -> s {acceleratorArn = a} :: DescribeAcceleratorAttributes)
   |                                                                                                                                                                             ^^^^^^^^^^^^^^^^^^
[60 of 90] Compiling Amazonka.GlobalAccelerator.DescribeAccelerator

gen/Amazonka/GlobalAccelerator/DescribeAccelerator.hs:78:143: warning: [GHC-02256] [-Wambiguous-fields]
    The record update s {acceleratorArn = a} with type DescribeAccelerator is ambiguous.
    This will not be supported by -XDuplicateRecordFields in future releases of GHC.
   |
78 | describeAccelerator_acceleratorArn = Lens.lens (\DescribeAccelerator' {acceleratorArn} -> acceleratorArn) (\s@DescribeAccelerator' {} a -> s {acceleratorArn = a} :: DescribeAccelerator)
   |                                                                                                                                               ^^^^^^^^^^^^^^^^^^
[61 of 90] Compiling Amazonka.GlobalAccelerator.DeprovisionByoipCidr

gen/Amazonka/GlobalAccelerator/DeprovisionByoipCidr.hs:90:116: warning: [GHC-02256] [-Wambiguous-fields]
    The record update s {cidr = a} with type DeprovisionByoipCidr is ambiguous.
    This will not be supported by -XDuplicateRecordFields in future releases of GHC.
   |
90 | deprovisionByoipCidr_cidr = Lens.lens (\DeprovisionByoipCidr' {cidr} -> cidr) (\s@DeprovisionByoipCidr' {} a -> s {cidr = a} :: DeprovisionByoipCidr)
   |                                                                                                                    ^^^^^^^^
[62 of 90] Compiling Amazonka.GlobalAccelerator.DenyCustomRoutingTraffic

gen/Amazonka/GlobalAccelerator/DenyCustomRoutingTraffic.hs:179:164: warning: [GHC-02256] [-Wambiguous-fields]
    The record update s {endpointGroupArn = a} with type DenyCustomRoutingTraffic is ambiguous.
    This will not be supported by -XDuplicateRecordFields in future releases of GHC.
    |
179 | denyCustomRoutingTraffic_endpointGroupArn = Lens.lens (\DenyCustomRoutingTraffic' {endpointGroupArn} -> endpointGroupArn) (\s@DenyCustomRoutingTraffic' {} a -> s {endpointGroupArn = a} :: DenyCustomRoutingTraffic)
    |                                                                                                                                                                    ^^^^^^^^^^^^^^^^^^^^

gen/Amazonka/GlobalAccelerator/DenyCustomRoutingTraffic.hs:184:146: warning: [GHC-02256] [-Wambiguous-fields]
    The record update s {endpointId = a} with type DenyCustomRoutingTraffic is ambiguous.
    This will not be supported by -XDuplicateRecordFields in future releases of GHC.
    |
184 | denyCustomRoutingTraffic_endpointId = Lens.lens (\DenyCustomRoutingTraffic' {endpointId} -> endpointId) (\s@DenyCustomRoutingTraffic' {} a -> s {endpointId = a} :: DenyCustomRoutingTraffic)
    |                                                                                                                                                  ^^^^^^^^^^^^^^
[63 of 90] Compiling Amazonka.GlobalAccelerator.DeleteListener

gen/Amazonka/GlobalAccelerator/DeleteListener.hs:71:119: warning: [GHC-02256] [-Wambiguous-fields]
    The record update s {listenerArn = a} with type DeleteListener is ambiguous.
    This will not be supported by -XDuplicateRecordFields in future releases of GHC.
   |
71 | deleteListener_listenerArn = Lens.lens (\DeleteListener' {listenerArn} -> listenerArn) (\s@DeleteListener' {} a -> s {listenerArn = a} :: DeleteListener)
   |                                                                                                                       ^^^^^^^^^^^^^^^
[64 of 90] Compiling Amazonka.GlobalAccelerator.DeleteEndpointGroup

gen/Amazonka/GlobalAccelerator/DeleteEndpointGroup.hs:74:149: warning: [GHC-02256] [-Wambiguous-fields]
    The record update s {endpointGroupArn = a} with type DeleteEndpointGroup is ambiguous.
    This will not be supported by -XDuplicateRecordFields in future releases of GHC.
   |
74 | deleteEndpointGroup_endpointGroupArn = Lens.lens (\DeleteEndpointGroup' {endpointGroupArn} -> endpointGroupArn) (\s@DeleteEndpointGroup' {} a -> s {endpointGroupArn = a} :: DeleteEndpointGroup)
   |                                                                                                                                                     ^^^^^^^^^^^^^^^^^^^^
[65 of 90] Compiling Amazonka.GlobalAccelerator.DeleteCustomRoutingListener

gen/Amazonka/GlobalAccelerator/DeleteCustomRoutingListener.hs:74:158: warning: [GHC-02256] [-Wambiguous-fields]
    The record update s {listenerArn = a} with type DeleteCustomRoutingListener is ambiguous.
    This will not be supported by -XDuplicateRecordFields in future releases of GHC.
   |
74 | deleteCustomRoutingListener_listenerArn = Lens.lens (\DeleteCustomRoutingListener' {listenerArn} -> listenerArn) (\s@DeleteCustomRoutingListener' {} a -> s {listenerArn = a} :: DeleteCustomRoutingListener)
   |                                                                                                                                                              ^^^^^^^^^^^^^^^
[66 of 90] Compiling Amazonka.GlobalAccelerator.DeleteCustomRoutingEndpointGroup

gen/Amazonka/GlobalAccelerator/DeleteCustomRoutingEndpointGroup.hs:76:188: warning: [GHC-02256] [-Wambiguous-fields]
    The record update s {endpointGroupArn = a} with type DeleteCustomRoutingEndpointGroup is ambiguous.
    This will not be supported by -XDuplicateRecordFields in future releases of GHC.
   |
76 | deleteCustomRoutingEndpointGroup_endpointGroupArn = Lens.lens (\DeleteCustomRoutingEndpointGroup' {endpointGroupArn} -> endpointGroupArn) (\s@DeleteCustomRoutingEndpointGroup' {} a -> s {endpointGroupArn = a} :: DeleteCustomRoutingEndpointGroup)
   |                                                                                                                                                                                            ^^^^^^^^^^^^^^^^^^^^
[67 of 90] Compiling Amazonka.GlobalAccelerator.DeleteCustomRoutingAccelerator

gen/Amazonka/GlobalAccelerator/DeleteCustomRoutingAccelerator.hs:94:176: warning: [GHC-02256] [-Wambiguous-fields]
    The record update s {acceleratorArn = a} with type DeleteCustomRoutingAccelerator is ambiguous.
    This will not be supported by -XDuplicateRecordFields in future releases of GHC.
   |
94 | deleteCustomRoutingAccelerator_acceleratorArn = Lens.lens (\DeleteCustomRoutingAccelerator' {acceleratorArn} -> acceleratorArn) (\s@DeleteCustomRoutingAccelerator' {} a -> s {acceleratorArn = a} :: DeleteCustomRoutingAccelerator)
   |                                                                                                                                                                                ^^^^^^^^^^^^^^^^^^
[68 of 90] Compiling Amazonka.GlobalAccelerator.DeleteAccelerator

gen/Amazonka/GlobalAccelerator/DeleteAccelerator.hs:93:137: warning: [GHC-02256] [-Wambiguous-fields]
    The record update s {acceleratorArn = a} with type DeleteAccelerator is ambiguous.
    This will not be supported by -XDuplicateRecordFields in future releases of GHC.
   |
93 | deleteAccelerator_acceleratorArn = Lens.lens (\DeleteAccelerator' {acceleratorArn} -> acceleratorArn) (\s@DeleteAccelerator' {} a -> s {acceleratorArn = a} :: DeleteAccelerator)
   |                                                                                                                                         ^^^^^^^^^^^^^^^^^^
[69 of 90] Compiling Amazonka.GlobalAccelerator.CreateListener

gen/Amazonka/GlobalAccelerator/CreateListener.hs:177:128: warning: [GHC-02256] [-Wambiguous-fields]
    The record update s {clientAffinity = a} with type CreateListener is ambiguous.
    This will not be supported by -XDuplicateRecordFields in future releases of GHC.
    |
177 | createListener_clientAffinity = Lens.lens (\CreateListener' {clientAffinity} -> clientAffinity) (\s@CreateListener' {} a -> s {clientAffinity = a} :: CreateListener)
    |                                                                                                                                ^^^^^^^^^^^^^^^^^^

gen/Amazonka/GlobalAccelerator/CreateListener.hs:181:128: warning: [GHC-02256] [-Wambiguous-fields]
    The record update s {acceleratorArn = a} with type CreateListener is ambiguous.
    This will not be supported by -XDuplicateRecordFields in future releases of GHC.
    |
181 | createListener_acceleratorArn = Lens.lens (\CreateListener' {acceleratorArn} -> acceleratorArn) (\s@CreateListener' {} a -> s {acceleratorArn = a} :: CreateListener)
    |                                                                                                                                ^^^^^^^^^^^^^^^^^^

gen/Amazonka/GlobalAccelerator/CreateListener.hs:186:116: warning: [GHC-02256] [-Wambiguous-fields]
    The record update s {portRanges = a} with type CreateListener is ambiguous.
    This will not be supported by -XDuplicateRecordFields in future releases of GHC.
    |
186 | createListener_portRanges = Lens.lens (\CreateListener' {portRanges} -> portRanges) (\s@CreateListener' {} a -> s {portRanges = a} :: CreateListener) Prelude.. Lens.coerced
    |                                                                                                                    ^^^^^^^^^^^^^^

gen/Amazonka/GlobalAccelerator/CreateListener.hs:190:110: warning: [GHC-02256] [-Wambiguous-fields]
    The record update s {protocol = a} with type CreateListener is ambiguous.
    This will not be supported by -XDuplicateRecordFields in future releases of GHC.
    |
190 | createListener_protocol = Lens.lens (\CreateListener' {protocol} -> protocol) (\s@CreateListener' {} a -> s {protocol = a} :: CreateListener)
    |                                                                                                              ^^^^^^^^^^^^
[70 of 90] Compiling Amazonka.GlobalAccelerator.CreateEndpointGroup

gen/Amazonka/GlobalAccelerator/CreateEndpointGroup.hs:206:179: warning: [GHC-02256] [-Wambiguous-fields]
    The record update s {healthCheckIntervalSeconds = a} with type CreateEndpointGroup is ambiguous.
    This will not be supported by -XDuplicateRecordFields in future releases of GHC.
    |
206 | createEndpointGroup_healthCheckIntervalSeconds = Lens.lens (\CreateEndpointGroup' {healthCheckIntervalSeconds} -> healthCheckIntervalSeconds) (\s@CreateEndpointGroup' {} a -> s {healthCheckIntervalSeconds = a} :: CreateEndpointGroup)
    |                                                                                                                                                                                   ^^^^^^^^^^^^^^^^^^^^^^^^^^^^^^

gen/Amazonka/GlobalAccelerator/CreateEndpointGroup.hs:211:146: warning: [GHC-02256] [-Wambiguous-fields]
    The record update s {healthCheckPath = a} with type CreateEndpointGroup is ambiguous.
    This will not be supported by -XDuplicateRecordFields in future releases of GHC.
    |
211 | createEndpointGroup_healthCheckPath = Lens.lens (\CreateEndpointGroup' {healthCheckPath} -> healthCheckPath) (\s@CreateEndpointGroup' {} a -> s {healthCheckPath = a} :: CreateEndpointGroup)
    |                                                                                                                                                  ^^^^^^^^^^^^^^^^^^^

gen/Amazonka/GlobalAccelerator/CreateEndpointGroup.hs:218:146: warning: [GHC-02256] [-Wambiguous-fields]
    The record update s {healthCheckPort = a} with type CreateEndpointGroup is ambiguous.
    This will not be supported by -XDuplicateRecordFields in future releases of GHC.
    |
218 | createEndpointGroup_healthCheckPort = Lens.lens (\CreateEndpointGroup' {healthCheckPort} -> healthCheckPort) (\s@CreateEndpointGroup' {} a -> s {healthCheckPort = a} :: CreateEndpointGroup)
    |                                                                                                                                                  ^^^^^^^^^^^^^^^^^^^

gen/Amazonka/GlobalAccelerator/CreateEndpointGroup.hs:224:158: warning: [GHC-02256] [-Wambiguous-fields]
    The record update s {healthCheckProtocol = a} with type CreateEndpointGroup is ambiguous.
    This will not be supported by -XDuplicateRecordFields in future releases of GHC.
    |
224 | createEndpointGroup_healthCheckProtocol = Lens.lens (\CreateEndpointGroup' {healthCheckProtocol} -> healthCheckProtocol) (\s@CreateEndpointGroup' {} a -> s {healthCheckProtocol = a} :: CreateEndpointGroup)
    |                                                                                                                                                              ^^^^^^^^^^^^^^^^^^^^^^^

gen/Amazonka/GlobalAccelerator/CreateEndpointGroup.hs:236:140: warning: [GHC-02256] [-Wambiguous-fields]
    The record update s {portOverrides = a} with type CreateEndpointGroup is ambiguous.
    This will not be supported by -XDuplicateRecordFields in future releases of GHC.
    |
236 | createEndpointGroup_portOverrides = Lens.lens (\CreateEndpointGroup' {portOverrides} -> portOverrides) (\s@CreateEndpointGroup' {} a -> s {portOverrides = a} :: CreateEndpointGroup) Prelude.. Lens.mapping Lens.coerced
    |                                                                                                                                            ^^^^^^^^^^^^^^^^^

gen/Amazonka/GlobalAccelerator/CreateEndpointGroup.hs:242:143: warning: [GHC-02256] [-Wambiguous-fields]
    The record update s {thresholdCount = a} with type CreateEndpointGroup is ambiguous.
    This will not be supported by -XDuplicateRecordFields in future releases of GHC.
    |
242 | createEndpointGroup_thresholdCount = Lens.lens (\CreateEndpointGroup' {thresholdCount} -> thresholdCount) (\s@CreateEndpointGroup' {} a -> s {thresholdCount = a} :: CreateEndpointGroup)
    |                                                                                                                                               ^^^^^^^^^^^^^^^^^^

gen/Amazonka/GlobalAccelerator/CreateEndpointGroup.hs:254:164: warning: [GHC-02256] [-Wambiguous-fields]
    The record update s {trafficDialPercentage = a} with type CreateEndpointGroup is ambiguous.
    This will not be supported by -XDuplicateRecordFields in future releases of GHC.
    |
254 | createEndpointGroup_trafficDialPercentage = Lens.lens (\CreateEndpointGroup' {trafficDialPercentage} -> trafficDialPercentage) (\s@CreateEndpointGroup' {} a -> s {trafficDialPercentage = a} :: CreateEndpointGroup)
    |                                                                                                                                                                    ^^^^^^^^^^^^^^^^^^^^^^^^^

gen/Amazonka/GlobalAccelerator/CreateEndpointGroup.hs:258:134: warning: [GHC-02256] [-Wambiguous-fields]
    The record update s {listenerArn = a} with type CreateEndpointGroup is ambiguous.
    This will not be supported by -XDuplicateRecordFields in future releases of GHC.
    |
258 | createEndpointGroup_listenerArn = Lens.lens (\CreateEndpointGroup' {listenerArn} -> listenerArn) (\s@CreateEndpointGroup' {} a -> s {listenerArn = a} :: CreateEndpointGroup)
    |                                                                                                                                      ^^^^^^^^^^^^^^^

gen/Amazonka/GlobalAccelerator/CreateEndpointGroup.hs:263:158: warning: [GHC-02256] [-Wambiguous-fields]
    The record update s {endpointGroupRegion = a} with type CreateEndpointGroup is ambiguous.
    This will not be supported by -XDuplicateRecordFields in future releases of GHC.
    |
263 | createEndpointGroup_endpointGroupRegion = Lens.lens (\CreateEndpointGroup' {endpointGroupRegion} -> endpointGroupRegion) (\s@CreateEndpointGroup' {} a -> s {endpointGroupRegion = a} :: CreateEndpointGroup)
    |                                                                                                                                                              ^^^^^^^^^^^^^^^^^^^^^^^
[71 of 90] Compiling Amazonka.GlobalAccelerator.CreateCustomRoutingListener

gen/Amazonka/GlobalAccelerator/CreateCustomRoutingListener.hs:112:167: warning: [GHC-02256] [-Wambiguous-fields]
    The record update s {acceleratorArn = a} with type CreateCustomRoutingListener is ambiguous.
    This will not be supported by -XDuplicateRecordFields in future releases of GHC.
    |
112 | createCustomRoutingListener_acceleratorArn = Lens.lens (\CreateCustomRoutingListener' {acceleratorArn} -> acceleratorArn) (\s@CreateCustomRoutingListener' {} a -> s {acceleratorArn = a} :: CreateCustomRoutingListener)
    |                                                                                                                                                                       ^^^^^^^^^^^^^^^^^^

gen/Amazonka/GlobalAccelerator/CreateCustomRoutingListener.hs:120:155: warning: [GHC-02256] [-Wambiguous-fields]
    The record update s {portRanges = a} with type CreateCustomRoutingListener is ambiguous.
    This will not be supported by -XDuplicateRecordFields in future releases of GHC.
    |
120 | createCustomRoutingListener_portRanges = Lens.lens (\CreateCustomRoutingListener' {portRanges} -> portRanges) (\s@CreateCustomRoutingListener' {} a -> s {portRanges = a} :: CreateCustomRoutingListener) Prelude.. Lens.coerced
    |                                                                                                                                                           ^^^^^^^^^^^^^^
[72 of 90] Compiling Amazonka.GlobalAccelerator.CreateCustomRoutingEndpointGroup

gen/Amazonka/GlobalAccelerator/CreateCustomRoutingEndpointGroup.hs:122:173: warning: [GHC-02256] [-Wambiguous-fields]
    The record update s {listenerArn = a} with type CreateCustomRoutingEndpointGroup is ambiguous.
    This will not be supported by -XDuplicateRecordFields in future releases of GHC.
    |
122 | createCustomRoutingEndpointGroup_listenerArn = Lens.lens (\CreateCustomRoutingEndpointGroup' {listenerArn} -> listenerArn) (\s@CreateCustomRoutingEndpointGroup' {} a -> s {listenerArn = a} :: CreateCustomRoutingEndpointGroup)
    |                                                                                                                                                                             ^^^^^^^^^^^^^^^

gen/Amazonka/GlobalAccelerator/CreateCustomRoutingEndpointGroup.hs:127:197: warning: [GHC-02256] [-Wambiguous-fields]
    The record update s {endpointGroupRegion = a} with type CreateCustomRoutingEndpointGroup is ambiguous.
    This will not be supported by -XDuplicateRecordFields in future releases of GHC.
    |
127 | createCustomRoutingEndpointGroup_endpointGroupRegion = Lens.lens (\CreateCustomRoutingEndpointGroup' {endpointGroupRegion} -> endpointGroupRegion) (\s@CreateCustomRoutingEndpointGroup' {} a -> s {endpointGroupRegion = a} :: CreateCustomRoutingEndpointGroup)
    |                                                                                                                                                                                                     ^^^^^^^^^^^^^^^^^^^^^^^
[73 of 90] Compiling Amazonka.GlobalAccelerator.CreateCustomRoutingAccelerator

gen/Amazonka/GlobalAccelerator/CreateCustomRoutingAccelerator.hs:199:155: warning: [GHC-02256] [-Wambiguous-fields]
    The record update s {enabled = a} with type CreateCustomRoutingAccelerator is ambiguous.
    This will not be supported by -XDuplicateRecordFields in future releases of GHC.
    |
199 | createCustomRoutingAccelerator_enabled = Lens.lens (\CreateCustomRoutingAccelerator' {enabled} -> enabled) (\s@CreateCustomRoutingAccelerator' {} a -> s {enabled = a} :: CreateCustomRoutingAccelerator)
    |                                                                                                                                                           ^^^^^^^^^^^

gen/Amazonka/GlobalAccelerator/CreateCustomRoutingAccelerator.hs:204:173: warning: [GHC-02256] [-Wambiguous-fields]
    The record update s {ipAddressType = a} with type CreateCustomRoutingAccelerator is ambiguous.
    This will not be supported by -XDuplicateRecordFields in future releases of GHC.
    |
204 | createCustomRoutingAccelerator_ipAddressType = Lens.lens (\CreateCustomRoutingAccelerator' {ipAddressType} -> ipAddressType) (\s@CreateCustomRoutingAccelerator' {} a -> s {ipAddressType = a} :: CreateCustomRoutingAccelerator)
    |                                                                                                                                                                             ^^^^^^^^^^^^^^^^^

gen/Amazonka/GlobalAccelerator/CreateCustomRoutingAccelerator.hs:230:167: warning: [GHC-02256] [-Wambiguous-fields]
    The record update s {ipAddresses = a} with type CreateCustomRoutingAccelerator is ambiguous.
    This will not be supported by -XDuplicateRecordFields in future releases of GHC.
    |
230 | createCustomRoutingAccelerator_ipAddresses = Lens.lens (\CreateCustomRoutingAccelerator' {ipAddresses} -> ipAddresses) (\s@CreateCustomRoutingAccelerator' {} a -> s {ipAddresses = a} :: CreateCustomRoutingAccelerator) Prelude.. Lens.mapping Lens.coerced
    |                                                                                                                                                                       ^^^^^^^^^^^^^^^

gen/Amazonka/GlobalAccelerator/CreateCustomRoutingAccelerator.hs:244:146: warning: [GHC-02256] [-Wambiguous-fields]
    The record update s {name = a} with type CreateCustomRoutingAccelerator is ambiguous.
    This will not be supported by -XDuplicateRecordFields in future releases of GHC.
    |
244 | createCustomRoutingAccelerator_name = Lens.lens (\CreateCustomRoutingAccelerator' {name} -> name) (\s@CreateCustomRoutingAccelerator' {} a -> s {name = a} :: CreateCustomRoutingAccelerator)
    |                                                                                                                                                  ^^^^^^^^
[74 of 90] Compiling Amazonka.GlobalAccelerator.CreateAccelerator

gen/Amazonka/GlobalAccelerator/CreateAccelerator.hs:189:116: warning: [GHC-02256] [-Wambiguous-fields]
    The record update s {enabled = a} with type CreateAccelerator is ambiguous.
    This will not be supported by -XDuplicateRecordFields in future releases of GHC.
    |
189 | createAccelerator_enabled = Lens.lens (\CreateAccelerator' {enabled} -> enabled) (\s@CreateAccelerator' {} a -> s {enabled = a} :: CreateAccelerator)
    |                                                                                                                    ^^^^^^^^^^^

gen/Amazonka/GlobalAccelerator/CreateAccelerator.hs:194:134: warning: [GHC-02256] [-Wambiguous-fields]
    The record update s {ipAddressType = a} with type CreateAccelerator is ambiguous.
    This will not be supported by -XDuplicateRecordFields in future releases of GHC.
    |
194 | createAccelerator_ipAddressType = Lens.lens (\CreateAccelerator' {ipAddressType} -> ipAddressType) (\s@CreateAccelerator' {} a -> s {ipAddressType = a} :: CreateAccelerator)
    |                                                                                                                                      ^^^^^^^^^^^^^^^^^

gen/Amazonka/GlobalAccelerator/CreateAccelerator.hs:220:128: warning: [GHC-02256] [-Wambiguous-fields]
    The record update s {ipAddresses = a} with type CreateAccelerator is ambiguous.
    This will not be supported by -XDuplicateRecordFields in future releases of GHC.
    |
220 | createAccelerator_ipAddresses = Lens.lens (\CreateAccelerator' {ipAddresses} -> ipAddresses) (\s@CreateAccelerator' {} a -> s {ipAddresses = a} :: CreateAccelerator) Prelude.. Lens.mapping Lens.coerced
    |                                                                                                                                ^^^^^^^^^^^^^^^

gen/Amazonka/GlobalAccelerator/CreateAccelerator.hs:234:107: warning: [GHC-02256] [-Wambiguous-fields]
    The record update s {name = a} with type CreateAccelerator is ambiguous.
    This will not be supported by -XDuplicateRecordFields in future releases of GHC.
    |
234 | createAccelerator_name = Lens.lens (\CreateAccelerator' {name} -> name) (\s@CreateAccelerator' {} a -> s {name = a} :: CreateAccelerator)
    |                                                                                                           ^^^^^^^^
[75 of 90] Compiling Amazonka.GlobalAccelerator.AllowCustomRoutingTraffic

gen/Amazonka/GlobalAccelerator/AllowCustomRoutingTraffic.hs:189:167: warning: [GHC-02256] [-Wambiguous-fields]
    The record update s {endpointGroupArn = a} with type AllowCustomRoutingTraffic is ambiguous.
    This will not be supported by -XDuplicateRecordFields in future releases of GHC.
    |
189 | allowCustomRoutingTraffic_endpointGroupArn = Lens.lens (\AllowCustomRoutingTraffic' {endpointGroupArn} -> endpointGroupArn) (\s@AllowCustomRoutingTraffic' {} a -> s {endpointGroupArn = a} :: AllowCustomRoutingTraffic)
    |                                                                                                                                                                       ^^^^^^^^^^^^^^^^^^^^

gen/Amazonka/GlobalAccelerator/AllowCustomRoutingTraffic.hs:194:149: warning: [GHC-02256] [-Wambiguous-fields]
    The record update s {endpointId = a} with type AllowCustomRoutingTraffic is ambiguous.
    This will not be supported by -XDuplicateRecordFields in future releases of GHC.
    |
194 | allowCustomRoutingTraffic_endpointId = Lens.lens (\AllowCustomRoutingTraffic' {endpointId} -> endpointId) (\s@AllowCustomRoutingTraffic' {} a -> s {endpointId = a} :: AllowCustomRoutingTraffic)
    |                                                                                                                                                     ^^^^^^^^^^^^^^
[76 of 90] Compiling Amazonka.GlobalAccelerator.AdvertiseByoipCidr

gen/Amazonka/GlobalAccelerator/AdvertiseByoipCidr.hs:92:110: warning: [GHC-02256] [-Wambiguous-fields]
    The record update s {cidr = a} with type AdvertiseByoipCidr is ambiguous.
    This will not be supported by -XDuplicateRecordFields in future releases of GHC.
   |
92 | advertiseByoipCidr_cidr = Lens.lens (\AdvertiseByoipCidr' {cidr} -> cidr) (\s@AdvertiseByoipCidr' {} a -> s {cidr = a} :: AdvertiseByoipCidr)
   |                                                                                                              ^^^^^^^^
[77 of 90] Compiling Amazonka.GlobalAccelerator.AddEndpoints

gen/Amazonka/GlobalAccelerator/AddEndpoints.hs:104:128: warning: [GHC-02256] [-Wambiguous-fields]
    The record update s {endpointGroupArn = a} with type AddEndpoints is ambiguous.
    This will not be supported by -XDuplicateRecordFields in future releases of GHC.
    |
104 | addEndpoints_endpointGroupArn = Lens.lens (\AddEndpoints' {endpointGroupArn} -> endpointGroupArn) (\s@AddEndpoints' {} a -> s {endpointGroupArn = a} :: AddEndpoints)
    |                                                                                                                                ^^^^^^^^^^^^^^^^^^^^

gen/Amazonka/GlobalAccelerator/AddEndpoints.hs:205:164: warning: [GHC-02256] [-Wambiguous-fields]
    The record update s {endpointDescriptions = a} with type AddEndpointsResponse is ambiguous.
    This will not be supported by -XDuplicateRecordFields in future releases of GHC.
    |
205 | addEndpointsResponse_endpointDescriptions = Lens.lens (\AddEndpointsResponse' {endpointDescriptions} -> endpointDescriptions) (\s@AddEndpointsResponse' {} a -> s {endpointDescriptions = a} :: AddEndpointsResponse) Prelude.. Lens.mapping Lens.coerced
    |                                                                                                                                                                    ^^^^^^^^^^^^^^^^^^^^^^^^

gen/Amazonka/GlobalAccelerator/AddEndpoints.hs:209:152: warning: [GHC-02256] [-Wambiguous-fields]
    The record update s {endpointGroupArn = a} with type AddEndpointsResponse is ambiguous.
    This will not be supported by -XDuplicateRecordFields in future releases of GHC.
    |
209 | addEndpointsResponse_endpointGroupArn = Lens.lens (\AddEndpointsResponse' {endpointGroupArn} -> endpointGroupArn) (\s@AddEndpointsResponse' {} a -> s {endpointGroupArn = a} :: AddEndpointsResponse)
    |                                                                                                                                                        ^^^^^^^^^^^^^^^^^^^^
[78 of 90] Compiling Amazonka.GlobalAccelerator.AddCustomRoutingEndpoints

gen/Amazonka/GlobalAccelerator/AddCustomRoutingEndpoints.hs:112:167: warning: [GHC-02256] [-Wambiguous-fields]
    The record update s {endpointGroupArn = a} with type AddCustomRoutingEndpoints is ambiguous.
    This will not be supported by -XDuplicateRecordFields in future releases of GHC.
    |
112 | addCustomRoutingEndpoints_endpointGroupArn = Lens.lens (\AddCustomRoutingEndpoints' {endpointGroupArn} -> endpointGroupArn) (\s@AddCustomRoutingEndpoints' {} a -> s {endpointGroupArn = a} :: AddCustomRoutingEndpoints)
    |                                                                                                                                                                       ^^^^^^^^^^^^^^^^^^^^

gen/Amazonka/GlobalAccelerator/AddCustomRoutingEndpoints.hs:217:203: warning: [GHC-02256] [-Wambiguous-fields]
    The record update s {endpointDescriptions = a} with type AddCustomRoutingEndpointsResponse is ambiguous.
    This will not be supported by -XDuplicateRecordFields in future releases of GHC.
    |
217 | addCustomRoutingEndpointsResponse_endpointDescriptions = Lens.lens (\AddCustomRoutingEndpointsResponse' {endpointDescriptions} -> endpointDescriptions) (\s@AddCustomRoutingEndpointsResponse' {} a -> s {endpointDescriptions = a} :: AddCustomRoutingEndpointsResponse) Prelude.. Lens.mapping Lens.coerced
    |                                                                                                                                                                                                           ^^^^^^^^^^^^^^^^^^^^^^^^

gen/Amazonka/GlobalAccelerator/AddCustomRoutingEndpoints.hs:222:191: warning: [GHC-02256] [-Wambiguous-fields]
    The record update s {endpointGroupArn = a} with type AddCustomRoutingEndpointsResponse is ambiguous.
    This will not be supported by -XDuplicateRecordFields in future releases of GHC.
    |
222 | addCustomRoutingEndpointsResponse_endpointGroupArn = Lens.lens (\AddCustomRoutingEndpointsResponse' {endpointGroupArn} -> endpointGroupArn) (\s@AddCustomRoutingEndpointsResponse' {} a -> s {endpointGroupArn = a} :: AddCustomRoutingEndpointsResponse)
    |                                                                                                                                                                                               ^^^^^^^^^^^^^^^^^^^^
[79 of 90] Compiling Amazonka.GlobalAccelerator.UntagResource
[80 of 90] Compiling Amazonka.GlobalAccelerator.UpdateAccelerator

gen/Amazonka/GlobalAccelerator/UpdateAccelerator.hs:118:116: warning: [GHC-02256] [-Wambiguous-fields]
    The record update s {enabled = a} with type UpdateAccelerator is ambiguous.
    This will not be supported by -XDuplicateRecordFields in future releases of GHC.
    |
118 | updateAccelerator_enabled = Lens.lens (\UpdateAccelerator' {enabled} -> enabled) (\s@UpdateAccelerator' {} a -> s {enabled = a} :: UpdateAccelerator)
    |                                                                                                                    ^^^^^^^^^^^

gen/Amazonka/GlobalAccelerator/UpdateAccelerator.hs:123:134: warning: [GHC-02256] [-Wambiguous-fields]
    The record update s {ipAddressType = a} with type UpdateAccelerator is ambiguous.
    This will not be supported by -XDuplicateRecordFields in future releases of GHC.
    |
123 | updateAccelerator_ipAddressType = Lens.lens (\UpdateAccelerator' {ipAddressType} -> ipAddressType) (\s@UpdateAccelerator' {} a -> s {ipAddressType = a} :: UpdateAccelerator)
    |                                                                                                                                      ^^^^^^^^^^^^^^^^^

gen/Amazonka/GlobalAccelerator/UpdateAccelerator.hs:129:107: warning: [GHC-02256] [-Wambiguous-fields]
    The record update s {name = a} with type UpdateAccelerator is ambiguous.
    This will not be supported by -XDuplicateRecordFields in future releases of GHC.
    |
129 | updateAccelerator_name = Lens.lens (\UpdateAccelerator' {name} -> name) (\s@UpdateAccelerator' {} a -> s {name = a} :: UpdateAccelerator)
    |                                                                                                           ^^^^^^^^

gen/Amazonka/GlobalAccelerator/UpdateAccelerator.hs:133:137: warning: [GHC-02256] [-Wambiguous-fields]
    The record update s {acceleratorArn = a} with type UpdateAccelerator is ambiguous.
    This will not be supported by -XDuplicateRecordFields in future releases of GHC.
    |
133 | updateAccelerator_acceleratorArn = Lens.lens (\UpdateAccelerator' {acceleratorArn} -> acceleratorArn) (\s@UpdateAccelerator' {} a -> s {acceleratorArn = a} :: UpdateAccelerator)
    |                                                                                                                                         ^^^^^^^^^^^^^^^^^^
[81 of 90] Compiling Amazonka.GlobalAccelerator.UpdateAcceleratorAttributes

gen/Amazonka/GlobalAccelerator/UpdateAcceleratorAttributes.hs:134:170: warning: [GHC-02256] [-Wambiguous-fields]
    The record update s {flowLogsEnabled = a} with type UpdateAcceleratorAttributes is ambiguous.
    This will not be supported by -XDuplicateRecordFields in future releases of GHC.
    |
134 | updateAcceleratorAttributes_flowLogsEnabled = Lens.lens (\UpdateAcceleratorAttributes' {flowLogsEnabled} -> flowLogsEnabled) (\s@UpdateAcceleratorAttributes' {} a -> s {flowLogsEnabled = a} :: UpdateAcceleratorAttributes)
    |                                                                                                                                                                          ^^^^^^^^^^^^^^^^^^^

gen/Amazonka/GlobalAccelerator/UpdateAcceleratorAttributes.hs:141:173: warning: [GHC-02256] [-Wambiguous-fields]
    The record update s {flowLogsS3Bucket = a} with type UpdateAcceleratorAttributes is ambiguous.
    This will not be supported by -XDuplicateRecordFields in future releases of GHC.
    |
141 | updateAcceleratorAttributes_flowLogsS3Bucket = Lens.lens (\UpdateAcceleratorAttributes' {flowLogsS3Bucket} -> flowLogsS3Bucket) (\s@UpdateAcceleratorAttributes' {} a -> s {flowLogsS3Bucket = a} :: UpdateAcceleratorAttributes)
    |                                                                                                                                                                             ^^^^^^^^^^^^^^^^^^^^

gen/Amazonka/GlobalAccelerator/UpdateAcceleratorAttributes.hs:151:173: warning: [GHC-02256] [-Wambiguous-fields]
    The record update s {flowLogsS3Prefix = a} with type UpdateAcceleratorAttributes is ambiguous.
    This will not be supported by -XDuplicateRecordFields in future releases of GHC.
    |
151 | updateAcceleratorAttributes_flowLogsS3Prefix = Lens.lens (\UpdateAcceleratorAttributes' {flowLogsS3Prefix} -> flowLogsS3Prefix) (\s@UpdateAcceleratorAttributes' {} a -> s {flowLogsS3Prefix = a} :: UpdateAcceleratorAttributes)
    |                                                                                                                                                                             ^^^^^^^^^^^^^^^^^^^^

gen/Amazonka/GlobalAccelerator/UpdateAcceleratorAttributes.hs:156:167: warning: [GHC-02256] [-Wambiguous-fields]
    The record update s {acceleratorArn = a} with type UpdateAcceleratorAttributes is ambiguous.
    This will not be supported by -XDuplicateRecordFields in future releases of GHC.
    |
156 | updateAcceleratorAttributes_acceleratorArn = Lens.lens (\UpdateAcceleratorAttributes' {acceleratorArn} -> acceleratorArn) (\s@UpdateAcceleratorAttributes' {} a -> s {acceleratorArn = a} :: UpdateAcceleratorAttributes)
    |                                                                                                                                                                       ^^^^^^^^^^^^^^^^^^
[82 of 90] Compiling Amazonka.GlobalAccelerator.UpdateCustomRoutingAccelerator

gen/Amazonka/GlobalAccelerator/UpdateCustomRoutingAccelerator.hs:114:155: warning: [GHC-02256] [-Wambiguous-fields]
    The record update s {enabled = a} with type UpdateCustomRoutingAccelerator is ambiguous.
    This will not be supported by -XDuplicateRecordFields in future releases of GHC.
    |
114 | updateCustomRoutingAccelerator_enabled = Lens.lens (\UpdateCustomRoutingAccelerator' {enabled} -> enabled) (\s@UpdateCustomRoutingAccelerator' {} a -> s {enabled = a} :: UpdateCustomRoutingAccelerator)
    |                                                                                                                                                           ^^^^^^^^^^^

gen/Amazonka/GlobalAccelerator/UpdateCustomRoutingAccelerator.hs:119:173: warning: [GHC-02256] [-Wambiguous-fields]
    The record update s {ipAddressType = a} with type UpdateCustomRoutingAccelerator is ambiguous.
    This will not be supported by -XDuplicateRecordFields in future releases of GHC.
    |
119 | updateCustomRoutingAccelerator_ipAddressType = Lens.lens (\UpdateCustomRoutingAccelerator' {ipAddressType} -> ipAddressType) (\s@UpdateCustomRoutingAccelerator' {} a -> s {ipAddressType = a} :: UpdateCustomRoutingAccelerator)
    |                                                                                                                                                                             ^^^^^^^^^^^^^^^^^

gen/Amazonka/GlobalAccelerator/UpdateCustomRoutingAccelerator.hs:125:146: warning: [GHC-02256] [-Wambiguous-fields]
    The record update s {name = a} with type UpdateCustomRoutingAccelerator is ambiguous.
    This will not be supported by -XDuplicateRecordFields in future releases of GHC.
    |
125 | updateCustomRoutingAccelerator_name = Lens.lens (\UpdateCustomRoutingAccelerator' {name} -> name) (\s@UpdateCustomRoutingAccelerator' {} a -> s {name = a} :: UpdateCustomRoutingAccelerator)
    |                                                                                                                                                  ^^^^^^^^

gen/Amazonka/GlobalAccelerator/UpdateCustomRoutingAccelerator.hs:129:176: warning: [GHC-02256] [-Wambiguous-fields]
    The record update s {acceleratorArn = a} with type UpdateCustomRoutingAccelerator is ambiguous.
    This will not be supported by -XDuplicateRecordFields in future releases of GHC.
    |
129 | updateCustomRoutingAccelerator_acceleratorArn = Lens.lens (\UpdateCustomRoutingAccelerator' {acceleratorArn} -> acceleratorArn) (\s@UpdateCustomRoutingAccelerator' {} a -> s {acceleratorArn = a} :: UpdateCustomRoutingAccelerator)
    |                                                                                                                                                                                ^^^^^^^^^^^^^^^^^^
[83 of 90] Compiling Amazonka.GlobalAccelerator.UpdateCustomRoutingAcceleratorAttributes

gen/Amazonka/GlobalAccelerator/UpdateCustomRoutingAcceleratorAttributes.hs:141:209: warning: [GHC-02256] [-Wambiguous-fields]
    The record update s {flowLogsEnabled = a} with type UpdateCustomRoutingAcceleratorAttributes is ambiguous.
    This will not be supported by -XDuplicateRecordFields in future releases of GHC.
    |
141 | updateCustomRoutingAcceleratorAttributes_flowLogsEnabled = Lens.lens (\UpdateCustomRoutingAcceleratorAttributes' {flowLogsEnabled} -> flowLogsEnabled) (\s@UpdateCustomRoutingAcceleratorAttributes' {} a -> s {flowLogsEnabled = a} :: UpdateCustomRoutingAcceleratorAttributes)
    |                                                                                                                                                                                                                 ^^^^^^^^^^^^^^^^^^^

gen/Amazonka/GlobalAccelerator/UpdateCustomRoutingAcceleratorAttributes.hs:148:212: warning: [GHC-02256] [-Wambiguous-fields]
    The record update s {flowLogsS3Bucket = a} with type UpdateCustomRoutingAcceleratorAttributes is ambiguous.
    This will not be supported by -XDuplicateRecordFields in future releases of GHC.
    |
148 | updateCustomRoutingAcceleratorAttributes_flowLogsS3Bucket = Lens.lens (\UpdateCustomRoutingAcceleratorAttributes' {flowLogsS3Bucket} -> flowLogsS3Bucket) (\s@UpdateCustomRoutingAcceleratorAttributes' {} a -> s {flowLogsS3Bucket = a} :: UpdateCustomRoutingAcceleratorAttributes)
    |                                                                                                                                                                                                                    ^^^^^^^^^^^^^^^^^^^^

gen/Amazonka/GlobalAccelerator/UpdateCustomRoutingAcceleratorAttributes.hs:160:212: warning: [GHC-02256] [-Wambiguous-fields]
    The record update s {flowLogsS3Prefix = a} with type UpdateCustomRoutingAcceleratorAttributes is ambiguous.
    This will not be supported by -XDuplicateRecordFields in future releases of GHC.
    |
160 | updateCustomRoutingAcceleratorAttributes_flowLogsS3Prefix = Lens.lens (\UpdateCustomRoutingAcceleratorAttributes' {flowLogsS3Prefix} -> flowLogsS3Prefix) (\s@UpdateCustomRoutingAcceleratorAttributes' {} a -> s {flowLogsS3Prefix = a} :: UpdateCustomRoutingAcceleratorAttributes)
    |                                                                                                                                                                                                                    ^^^^^^^^^^^^^^^^^^^^

gen/Amazonka/GlobalAccelerator/UpdateCustomRoutingAcceleratorAttributes.hs:165:206: warning: [GHC-02256] [-Wambiguous-fields]
    The record update s {acceleratorArn = a} with type UpdateCustomRoutingAcceleratorAttributes is ambiguous.
    This will not be supported by -XDuplicateRecordFields in future releases of GHC.
    |
165 | updateCustomRoutingAcceleratorAttributes_acceleratorArn = Lens.lens (\UpdateCustomRoutingAcceleratorAttributes' {acceleratorArn} -> acceleratorArn) (\s@UpdateCustomRoutingAcceleratorAttributes' {} a -> s {acceleratorArn = a} :: UpdateCustomRoutingAcceleratorAttributes)
    |                                                                                                                                                                                                              ^^^^^^^^^^^^^^^^^^
[84 of 90] Compiling Amazonka.GlobalAccelerator.UpdateCustomRoutingListener

gen/Amazonka/GlobalAccelerator/UpdateCustomRoutingListener.hs:98:158: warning: [GHC-02256] [-Wambiguous-fields]
    The record update s {listenerArn = a} with type UpdateCustomRoutingListener is ambiguous.
    This will not be supported by -XDuplicateRecordFields in future releases of GHC.
   |
98 | updateCustomRoutingListener_listenerArn = Lens.lens (\UpdateCustomRoutingListener' {listenerArn} -> listenerArn) (\s@UpdateCustomRoutingListener' {} a -> s {listenerArn = a} :: UpdateCustomRoutingListener)
   |                                                                                                                                                              ^^^^^^^^^^^^^^^

gen/Amazonka/GlobalAccelerator/UpdateCustomRoutingListener.hs:107:155: warning: [GHC-02256] [-Wambiguous-fields]
    The record update s {portRanges = a} with type UpdateCustomRoutingListener is ambiguous.
    This will not be supported by -XDuplicateRecordFields in future releases of GHC.
    |
107 | updateCustomRoutingListener_portRanges = Lens.lens (\UpdateCustomRoutingListener' {portRanges} -> portRanges) (\s@UpdateCustomRoutingListener' {} a -> s {portRanges = a} :: UpdateCustomRoutingListener) Prelude.. Lens.coerced
    |                                                                                                                                                           ^^^^^^^^^^^^^^
[85 of 90] Compiling Amazonka.GlobalAccelerator.UpdateEndpointGroup

gen/Amazonka/GlobalAccelerator/UpdateEndpointGroup.hs:185:179: warning: [GHC-02256] [-Wambiguous-fields]
    The record update s {healthCheckIntervalSeconds = a} with type UpdateEndpointGroup is ambiguous.
    This will not be supported by -XDuplicateRecordFields in future releases of GHC.
    |
185 | updateEndpointGroup_healthCheckIntervalSeconds = Lens.lens (\UpdateEndpointGroup' {healthCheckIntervalSeconds} -> healthCheckIntervalSeconds) (\s@UpdateEndpointGroup' {} a -> s {healthCheckIntervalSeconds = a} :: UpdateEndpointGroup)
    |                                                                                                                                                                                   ^^^^^^^^^^^^^^^^^^^^^^^^^^^^^^

gen/Amazonka/GlobalAccelerator/UpdateEndpointGroup.hs:190:146: warning: [GHC-02256] [-Wambiguous-fields]
    The record update s {healthCheckPath = a} with type UpdateEndpointGroup is ambiguous.
    This will not be supported by -XDuplicateRecordFields in future releases of GHC.
    |
190 | updateEndpointGroup_healthCheckPath = Lens.lens (\UpdateEndpointGroup' {healthCheckPath} -> healthCheckPath) (\s@UpdateEndpointGroup' {} a -> s {healthCheckPath = a} :: UpdateEndpointGroup)
    |                                                                                                                                                  ^^^^^^^^^^^^^^^^^^^

gen/Amazonka/GlobalAccelerator/UpdateEndpointGroup.hs:197:146: warning: [GHC-02256] [-Wambiguous-fields]
    The record update s {healthCheckPort = a} with type UpdateEndpointGroup is ambiguous.
    This will not be supported by -XDuplicateRecordFields in future releases of GHC.
    |
197 | updateEndpointGroup_healthCheckPort = Lens.lens (\UpdateEndpointGroup' {healthCheckPort} -> healthCheckPort) (\s@UpdateEndpointGroup' {} a -> s {healthCheckPort = a} :: UpdateEndpointGroup)
    |                                                                                                                                                  ^^^^^^^^^^^^^^^^^^^

gen/Amazonka/GlobalAccelerator/UpdateEndpointGroup.hs:203:158: warning: [GHC-02256] [-Wambiguous-fields]
    The record update s {healthCheckProtocol = a} with type UpdateEndpointGroup is ambiguous.
    This will not be supported by -XDuplicateRecordFields in future releases of GHC.
    |
203 | updateEndpointGroup_healthCheckProtocol = Lens.lens (\UpdateEndpointGroup' {healthCheckProtocol} -> healthCheckProtocol) (\s@UpdateEndpointGroup' {} a -> s {healthCheckProtocol = a} :: UpdateEndpointGroup)
    |                                                                                                                                                              ^^^^^^^^^^^^^^^^^^^^^^^

gen/Amazonka/GlobalAccelerator/UpdateEndpointGroup.hs:215:140: warning: [GHC-02256] [-Wambiguous-fields]
    The record update s {portOverrides = a} with type UpdateEndpointGroup is ambiguous.
    This will not be supported by -XDuplicateRecordFields in future releases of GHC.
    |
215 | updateEndpointGroup_portOverrides = Lens.lens (\UpdateEndpointGroup' {portOverrides} -> portOverrides) (\s@UpdateEndpointGroup' {} a -> s {portOverrides = a} :: UpdateEndpointGroup) Prelude.. Lens.mapping Lens.coerced
    |                                                                                                                                            ^^^^^^^^^^^^^^^^^

gen/Amazonka/GlobalAccelerator/UpdateEndpointGroup.hs:221:143: warning: [GHC-02256] [-Wambiguous-fields]
    The record update s {thresholdCount = a} with type UpdateEndpointGroup is ambiguous.
    This will not be supported by -XDuplicateRecordFields in future releases of GHC.
    |
221 | updateEndpointGroup_thresholdCount = Lens.lens (\UpdateEndpointGroup' {thresholdCount} -> thresholdCount) (\s@UpdateEndpointGroup' {} a -> s {thresholdCount = a} :: UpdateEndpointGroup)
    |                                                                                                                                               ^^^^^^^^^^^^^^^^^^

gen/Amazonka/GlobalAccelerator/UpdateEndpointGroup.hs:233:164: warning: [GHC-02256] [-Wambiguous-fields]
    The record update s {trafficDialPercentage = a} with type UpdateEndpointGroup is ambiguous.
    This will not be supported by -XDuplicateRecordFields in future releases of GHC.
    |
233 | updateEndpointGroup_trafficDialPercentage = Lens.lens (\UpdateEndpointGroup' {trafficDialPercentage} -> trafficDialPercentage) (\s@UpdateEndpointGroup' {} a -> s {trafficDialPercentage = a} :: UpdateEndpointGroup)
    |                                                                                                                                                                    ^^^^^^^^^^^^^^^^^^^^^^^^^

gen/Amazonka/GlobalAccelerator/UpdateEndpointGroup.hs:237:149: warning: [GHC-02256] [-Wambiguous-fields]
    The record update s {endpointGroupArn = a} with type UpdateEndpointGroup is ambiguous.
    This will not be supported by -XDuplicateRecordFields in future releases of GHC.
    |
237 | updateEndpointGroup_endpointGroupArn = Lens.lens (\UpdateEndpointGroup' {endpointGroupArn} -> endpointGroupArn) (\s@UpdateEndpointGroup' {} a -> s {endpointGroupArn = a} :: UpdateEndpointGroup)
    |                                                                                                                                                     ^^^^^^^^^^^^^^^^^^^^
[86 of 90] Compiling Amazonka.GlobalAccelerator.UpdateListener

gen/Amazonka/GlobalAccelerator/UpdateListener.hs:159:128: warning: [GHC-02256] [-Wambiguous-fields]
    The record update s {clientAffinity = a} with type UpdateListener is ambiguous.
    This will not be supported by -XDuplicateRecordFields in future releases of GHC.
    |
159 | updateListener_clientAffinity = Lens.lens (\UpdateListener' {clientAffinity} -> clientAffinity) (\s@UpdateListener' {} a -> s {clientAffinity = a} :: UpdateListener)
    |                                                                                                                                ^^^^^^^^^^^^^^^^^^

gen/Amazonka/GlobalAccelerator/UpdateListener.hs:164:116: warning: [GHC-02256] [-Wambiguous-fields]
    The record update s {portRanges = a} with type UpdateListener is ambiguous.
    This will not be supported by -XDuplicateRecordFields in future releases of GHC.
    |
164 | updateListener_portRanges = Lens.lens (\UpdateListener' {portRanges} -> portRanges) (\s@UpdateListener' {} a -> s {portRanges = a} :: UpdateListener) Prelude.. Lens.mapping Lens.coerced
    |                                                                                                                    ^^^^^^^^^^^^^^

gen/Amazonka/GlobalAccelerator/UpdateListener.hs:169:110: warning: [GHC-02256] [-Wambiguous-fields]
    The record update s {protocol = a} with type UpdateListener is ambiguous.
    This will not be supported by -XDuplicateRecordFields in future releases of GHC.
    |
169 | updateListener_protocol = Lens.lens (\UpdateListener' {protocol} -> protocol) (\s@UpdateListener' {} a -> s {protocol = a} :: UpdateListener)
    |                                                                                                              ^^^^^^^^^^^^

gen/Amazonka/GlobalAccelerator/UpdateListener.hs:173:119: warning: [GHC-02256] [-Wambiguous-fields]
    The record update s {listenerArn = a} with type UpdateListener is ambiguous.
    This will not be supported by -XDuplicateRecordFields in future releases of GHC.
    |
173 | updateListener_listenerArn = Lens.lens (\UpdateListener' {listenerArn} -> listenerArn) (\s@UpdateListener' {} a -> s {listenerArn = a} :: UpdateListener)
    |                                                                                                                       ^^^^^^^^^^^^^^^
[87 of 90] Compiling Amazonka.GlobalAccelerator.WithdrawByoipCidr

gen/Amazonka/GlobalAccelerator/WithdrawByoipCidr.hs:84:107: warning: [GHC-02256] [-Wambiguous-fields]
    The record update s {cidr = a} with type WithdrawByoipCidr is ambiguous.
    This will not be supported by -XDuplicateRecordFields in future releases of GHC.
   |
84 | withdrawByoipCidr_cidr = Lens.lens (\WithdrawByoipCidr' {cidr} -> cidr) (\s@WithdrawByoipCidr' {} a -> s {cidr = a} :: WithdrawByoipCidr)
   |                                                                                                           ^^^^^^^^
[88 of 90] Compiling Amazonka.GlobalAccelerator.Lens
[89 of 90] Compiling Amazonka.GlobalAccelerator.Waiters
[90 of 90] Compiling Amazonka.GlobalAccelerator
Configuring test suite 'amazonka-globalaccelerator-test' for amazonka-globalaccelerator-2.0...
Preprocessing test suite 'amazonka-globalaccelerator-test' for amazonka-globalaccelerator-2.0...
Building test suite 'amazonka-globalaccelerator-test' for amazonka-globalaccelerator-2.0...
[1 of 4] Compiling Test.Amazonka.GlobalAccelerator
[2 of 4] Compiling Test.Amazonka.GlobalAccelerator.Internal
[3 of 4] Compiling Test.Amazonka.Gen.GlobalAccelerator
[4 of 4] Compiling Main
[5 of 5] Linking /tmp/workdir-amazonka-globalaccelerator/amazonka-globalaccelerator-2.0/dist-newstyle/build/x86_64-linux/ghc-9.6.6/amazonka-globalaccelerator-2.0/t/amazonka-globalaccelerator-test/build/amazonka-globalaccelerator-test/amazonka-globalaccelerator-test
