Build profile: -w ghc-9.6.6 -O1
In order, the following will be built (use -v for more details):
 - rot13-0.2.0.1 (lib) (first run)
 - rot13-0.2.0.1 (test:spec) (first run)
Configuring library for rot13-0.2.0.1...
Warning: [no-default-language] Packages using 'cabal-version: >= 1.10' and
before 'cabal-version: 3.4' must specify the 'default-language' field for each
component (e.g. Haskell98 or Haskell2010). If a component uses different
languages in different modules then list the other ones in the
'other-languages' field.
Preprocessing library for rot13-0.2.0.1...
Building library for rot13-0.2.0.1...
[1 of 1] Compiling Codec.Rot13
Configuring test suite 'spec' for rot13-0.2.0.1...
Warning: [no-default-language] Packages using 'cabal-version: >= 1.10' and
before 'cabal-version: 3.4' must specify the 'default-language' field for each
component (e.g. Haskell98 or Haskell2010). If a component uses different
languages in different modules then list the other ones in the
'other-languages' field.
Preprocessing test suite 'spec' for rot13-0.2.0.1...
Building test suite 'spec' for rot13-0.2.0.1...
[1 of 1] Compiling Main
[2 of 2] Linking /tmp/workdir-rot13/rot13-0.2.0.1/dist-newstyle/build/x86_64-linux/ghc-9.6.6/rot13-0.2.0.1/t/spec/build/spec/spec
