Build profile: -w ghc-9.6.6 -O1
In order, the following will be built (use -v for more details):
 - logstash-0.1.0.4 (lib) (first run)
Configuring library for logstash-0.1.0.4...
Preprocessing library for logstash-0.1.0.4...
Building library for logstash-0.1.0.4...
[1 of 4] Compiling Logstash.Connection
[2 of 4] Compiling Logstash
[3 of 4] Compiling Logstash.TCP

src/Logstash/TCP.hs:100:23: warning: [GHC-68441] [-Wdeprecations]
    In the use of ‘createPool’ (imported from Data.Pool):
    Deprecated: "Use newPool instead"
    |
100 | logstashTcpPool cfg = createPool (createTcpConnection cfg) closeConnection
    |                       ^^^^^^^^^^

src/Logstash/TCP.hs:148:5: warning: [GHC-68441] [-Wdeprecations]
    In the use of ‘createPool’ (imported from Data.Pool):
    Deprecated: "Use newPool instead"
    |
148 |     createPool (createTlsConnection cfg params) closeConnection 
    |     ^^^^^^^^^^
[4 of 4] Compiling Paths_logstash
