Build profile: -w ghc-9.6.6 -O1
In order, the following will be built (use -v for more details):
 - rpmbuild-order-0.4.12 (lib) (first run)
 - rpmbuild-order-0.4.12 (exe:rpmbuild-order) (first run)
 - rpmbuild-order-0.4.12 (test:test) (first run)
Configuring library for rpmbuild-order-0.4.12...
Preprocessing library for rpmbuild-order-0.4.12...
Building library for rpmbuild-order-0.4.12...
[1 of 3] Compiling Distribution.RPM.Build.ProvReqs
[2 of 3] Compiling Distribution.RPM.Build.Graph
[3 of 3] Compiling Distribution.RPM.Build.Order
Configuring executable 'rpmbuild-order' for rpmbuild-order-0.4.12...
Preprocessing executable 'rpmbuild-order' for rpmbuild-order-0.4.12...
Building executable 'rpmbuild-order' for rpmbuild-order-0.4.12...
[1 of 2] Compiling Paths_rpmbuild_order
[2 of 2] Compiling Main
[3 of 3] Linking /tmp/workdir-rpmbuild-order/rpmbuild-order-0.4.12/dist-newstyle/build/x86_64-linux/ghc-9.6.6/rpmbuild-order-0.4.12/x/rpmbuild-order/build/rpmbuild-order/rpmbuild-order
Configuring test suite 'test' for rpmbuild-order-0.4.12...
Preprocessing test suite 'test' for rpmbuild-order-0.4.12...
Building test suite 'test' for rpmbuild-order-0.4.12...
[1 of 1] Compiling Main
[2 of 2] Linking /tmp/workdir-rpmbuild-order/rpmbuild-order-0.4.12/dist-newstyle/build/x86_64-linux/ghc-9.6.6/rpmbuild-order-0.4.12/t/test/build/test/test
