Build profile: -w ghc-9.6.6 -O1
In order, the following will be built (use -v for more details):
 - binary-search-2.0.0 (lib) (first run)
 - binary-search-2.0.0 (test:doctest) (first run)
 - binary-search-2.0.0 (test:spec) (first run)
Configuring library for binary-search-2.0.0...
Preprocessing library for binary-search-2.0.0...
Building library for binary-search-2.0.0...
[1 of 4] Compiling Numeric.Search

Numeric/Search.hs:88:30: warning: [-Wunused-imports]
    The import of ‘fromJust’ from module ‘Data.Maybe’ is redundant
   |
88 | import           Data.Maybe (fromJust, listToMaybe)
   |                              ^^^^^^^^

Numeric/Search.hs:131:5: warning: [-Wnoncanonical-monad-instances]
    Noncanonical ‘return’ definition detected
    in the instance declaration for ‘Monad (Evidence e)’.
    ‘return’ will eventually be removed in favour of ‘pure’
    Either remove definition for ‘return’ (recommended) or define as ‘return = pure’
    See also: https://gitlab.haskell.org/ghc/ghc/-/wikis/proposal/monad-of-no-return
    |
131 |     return                   = Evidence
    |     ^^^^^^^^^^^^^^^^^^^^^^^^^^^^^^^^^^^

Numeric/Search.hs:170:10: warning: [-Wunused-matches]
    Defined but not used: ‘p’
    |
170 |     pop (p,_, x2:xs) = do
    |          ^

Numeric/Search.hs:295:14: warning: [-Wunused-matches]
    Defined but not used: ‘k’
    |
295 | lookupRanges k [] = Nothing
    |              ^
[2 of 4] Compiling Numeric.Search.Integer
[3 of 4] Compiling Numeric.Search.Range

Numeric/Search/Range.hs:47:34: warning: [GHC-94817] [-Wtabs]
    Tab character found here.
    Suggested fix: Please use spaces instead.
   |
47 |   where m = l `div` 2 + h `div` 2       -- If l < h, then l <= m < h
   |                                  ^^^^^^^
[4 of 4] Compiling Numeric.Search.Bounded

Numeric/Search/Bounded.hs:74:34: warning: [GHC-94817] [-Wtabs]
    Tab character found here.
    Suggested fix: Please use spaces instead.
   |
74 |   where m = l `div` 2 + h `div` 2       -- If l < h, then l <= m < h
   |                                  ^^^^^^^
Configuring test suite 'doctest' for binary-search-2.0.0...
Preprocessing test suite 'doctest' for binary-search-2.0.0...
Building test suite 'doctest' for binary-search-2.0.0...
[1 of 1] Compiling Main

test/doctests.hs:3:1: warning: [-Wunused-imports]
    The import of ‘Control.Applicative’ is redundant
      except perhaps to import instances from ‘Control.Applicative’
    To import instances alone, use: import Control.Applicative()
  |
3 | import Control.Applicative
  | ^^^^^^^^^^^^^^^^^^^^^^^^^^
[2 of 2] Linking /tmp/workdir-binary-search/binary-search-2.0.0/dist-newstyle/build/x86_64-linux/ghc-9.6.6/binary-search-2.0.0/t/doctest/build/doctest/doctest
Configuring test suite 'spec' for binary-search-2.0.0...
Preprocessing test suite 'spec' for binary-search-2.0.0...
Building test suite 'spec' for binary-search-2.0.0...
[1 of 2] Compiling PureSpec
[2 of 2] Compiling Main
[3 of 3] Linking /tmp/workdir-binary-search/binary-search-2.0.0/dist-newstyle/build/x86_64-linux/ghc-9.6.6/binary-search-2.0.0/t/spec/build/spec/spec
