Build profile: -w ghc-9.6.6 -O1
In order, the following will be built (use -v for more details):
 - hslua-classes-2.3.1 (lib) (first run)
 - hslua-classes-2.3.1 (test:test-hslua-classes) (first run)
Configuring library for hslua-classes-2.3.1...
Preprocessing library for hslua-classes-2.3.1...
Building library for hslua-classes-2.3.1...
[1 of 6] Compiling HsLua.Class.Peekable
[2 of 6] Compiling HsLua.Class.Pushable
[3 of 6] Compiling HsLua.Class.Exposable
[4 of 6] Compiling HsLua.Class.Util
[5 of 6] Compiling HsLua.Class.Invokable
[6 of 6] Compiling HsLua.Classes
Configuring test suite 'test-hslua-classes' for hslua-classes-2.3.1...
Preprocessing test suite 'test-hslua-classes' for hslua-classes-2.3.1...
Building test suite 'test-hslua-classes' for hslua-classes-2.3.1...
[1 of 7] Compiling HsLua.Class.ExposableTests
[2 of 7] Compiling HsLua.Class.InvokableTests
[3 of 7] Compiling HsLua.Class.PeekableTests
[4 of 7] Compiling HsLua.Class.PushableTests
[5 of 7] Compiling HsLua.Class.UtilTests
[6 of 7] Compiling HsLua.ClassesTests
[7 of 7] Compiling Main
[8 of 8] Linking /tmp/workdir-hslua-classes/hslua-classes-2.3.1/dist-newstyle/build/x86_64-linux/ghc-9.6.6/hslua-classes-2.3.1/t/test-hslua-classes/build/test-hslua-classes/test-hslua-classes
