Build profile: -w ghc-9.6.6 -O1
In order, the following will be built (use -v for more details):
 - welford-online-mean-variance-0.2.0.0 (lib) (first run)
 - welford-online-mean-variance-0.2.0.0 (test:welford-online-mean-variance-test) (first run)
Configuring library for welford-online-mean-variance-0.2.0.0...
Preprocessing library for welford-online-mean-variance-0.2.0.0...
Building library for welford-online-mean-variance-0.2.0.0...
[1 of 2] Compiling Paths_welford_online_mean_variance
[2 of 2] Compiling Statistics.Sample.WelfordOnlineMeanVariance
Configuring test suite 'welford-online-mean-variance-test' for welford-online-mean-variance-0.2.0.0...
Preprocessing test suite 'welford-online-mean-variance-test' for welford-online-mean-variance-0.2.0.0...
Building test suite 'welford-online-mean-variance-test' for welford-online-mean-variance-0.2.0.0...
[1 of 3] Compiling Paths_welford_online_mean_variance
[2 of 3] Compiling Statistics.Sample.WelfordOnlineTest

test/Statistics/Sample/WelfordOnlineTest.hs:1:1: warning: [GHC-85401] [-Wmissing-export-lists]
    The export item ‘module Statistics.Sample.WelfordOnlineTest’ is missing an export list
  |
1 | module Statistics.Sample.WelfordOnlineTest where
  | ^

test/Statistics/Sample/WelfordOnlineTest.hs:4:1: warning: [-Wunused-imports]
    The import of ‘Control.Monad.IO.Class’ is redundant
      except perhaps to import instances from ‘Control.Monad.IO.Class’
    To import instances alone, use: import Control.Monad.IO.Class()
  |
4 | import           Control.Monad.IO.Class
  | ^^^^^^^^^^^^^^^^^^^^^^^^^^^^^^^^^^^^^^^

test/Statistics/Sample/WelfordOnlineTest.hs:31:40: warning: [GHC-18042] [-Wtype-defaults]
    • Defaulting the type variable ‘b0’ to type ‘Integer’ in the following constraints
        (Integral b0)
          arising from a use of ‘^’
          at test/Statistics/Sample/WelfordOnlineTest.hs:31:40
        (Num b0)
          arising from the literal ‘2’
          at test/Statistics/Sample/WelfordOnlineTest.hs:31:42
    • In the expression: (x - mean) ^ 2
      In the first argument of ‘map’, namely ‘(\ x -> (x - mean) ^ 2)’
      In the first argument of ‘sum’, namely
        ‘(map (\ x -> (x - mean) ^ 2) vals)’
   |
31 |       var = sum (map (\x -> (x - mean) ^ 2) vals) / (n - 1)
   |                                        ^

test/Statistics/Sample/WelfordOnlineTest.hs:44:52: warning: [GHC-18042] [-Wtype-defaults]
    • Defaulting the type variable ‘b0’ to type ‘Integer’ in the following constraints
        (Integral b0)
          arising from a use of ‘^’
          at test/Statistics/Sample/WelfordOnlineTest.hs:44:52
        (Num b0)
          arising from the literal ‘2’
          at test/Statistics/Sample/WelfordOnlineTest.hs:44:54
    • In the expression: (x - mean) ^ 2
      In the first argument of ‘VB.map’, namely ‘(\ x -> (x - mean) ^ 2)’
      In the first argument of ‘VB.sum’, namely
        ‘(VB.map (\ x -> (x - mean) ^ 2) vals)’
   |
44 |             var = VB.sum (VB.map (\x -> (x - mean) ^ 2) vals) / (n - 1)
   |                                                    ^

test/Statistics/Sample/WelfordOnlineTest.hs:58:40: warning: [GHC-18042] [-Wtype-defaults]
    • Defaulting the type variable ‘b0’ to type ‘Integer’ in the following constraints
        (Integral b0)
          arising from a use of ‘^’
          at test/Statistics/Sample/WelfordOnlineTest.hs:58:40
        (Num b0)
          arising from the literal ‘2’
          at test/Statistics/Sample/WelfordOnlineTest.hs:58:42
    • In the expression: (x - mean) ^ 2
      In the first argument of ‘map’, namely ‘(\ x -> (x - mean) ^ 2)’
      In the first argument of ‘sum’, namely
        ‘(map (\ x -> (x - mean) ^ 2) vals)’
   |
58 |       var = sum (map (\x -> (x - mean) ^ 2) vals) / (n - 1)
   |                                        ^
[3 of 3] Compiling Main
[4 of 4] Linking /tmp/workdir-welford-online-mean-variance/welford-online-mean-variance-0.2.0.0/dist-newstyle/build/x86_64-linux/ghc-9.6.6/welford-online-mean-variance-0.2.0.0/t/welford-online-mean-variance-test/build/welford-online-mean-variance-test/welford-online-mean-variance-test
