Build profile: -w ghc-9.6.6 -O1
In order, the following will be built (use -v for more details):
 - dlist-nonempty-0.1.3 (lib) (first run)
 - dlist-nonempty-0.1.3 (test:test) (first run)
Configuring library for dlist-nonempty-0.1.3...
Preprocessing library for dlist-nonempty-0.1.3...
Building library for dlist-nonempty-0.1.3...
[1 of 5] Compiling DListUnsafe
[2 of 5] Compiling GhcIsList
[3 of 5] Compiling Data.DList.NonEmpty.Internal

src/Data/DList/NonEmpty/Internal.hs:248:12: warning: [GHC-58520] [-Wtype-equality-requires-operators]
    The use of ‘~’ without TypeOperators
    will become an error in a future GHC release.
    Suggested fix: Perhaps you intended to use TypeOperators
    |
248 | instance a ~ Char => IsString (NonEmptyDList a) where
    |            ^

src/Data/DList/NonEmpty/Internal.hs:248:12: warning: [GHC-12003] [-Wtype-equality-out-of-scope]
    • The ‘~’ operator is out of scope.
      Assuming it to stand for an equality constraint.
    • NB: ‘~’ used to be built-in syntax but now is a regular type operator
          exported from Data.Type.Equality and Prelude.
      If you are using a custom Prelude, consider re-exporting it.
    • This will become an error in a future GHC release.
    |
248 | instance a ~ Char => IsString (NonEmptyDList a) where
    |            ^
[4 of 5] Compiling Data.DList.NonEmpty.Unsafe
[5 of 5] Compiling Data.DList.NonEmpty
Configuring test suite 'test' for dlist-nonempty-0.1.3...
Preprocessing test suite 'test' for dlist-nonempty-0.1.3...
Building test suite 'test' for dlist-nonempty-0.1.3...
[1 of 2] Compiling OverloadedStrings
[2 of 2] Compiling Main

tests/Main.hs:21:1: warning: [-Wunused-imports]
    The import of ‘Test.QuickCheck.Function’ is redundant
      except perhaps to import instances from ‘Test.QuickCheck.Function’
    To import instances alone, use: import Test.QuickCheck.Function()
   |
21 | import Test.QuickCheck.Function
   | ^^^^^^^^^^^^^^^^^^^^^^^^^^^^^^^
[3 of 3] Linking /tmp/workdir-dlist-nonempty/dlist-nonempty-0.1.3/dist-newstyle/build/x86_64-linux/ghc-9.6.6/dlist-nonempty-0.1.3/t/test/build/test/test
