Build profile: -w ghc-9.6.6 -O1
In order, the following will be built (use -v for more details):
 - rocksdb-haskell-1.0.1 (lib) (first run)
 - rocksdb-haskell-1.0.1 (test:rocksdb-tests) (first run)
Configuring library for rocksdb-haskell-1.0.1...
Preprocessing library for rocksdb-haskell-1.0.1...
Building library for rocksdb-haskell-1.0.1...
[1 of 6] Compiling Database.RocksDB.C
[2 of 6] Compiling Database.RocksDB.Types
[3 of 6] Compiling Database.RocksDB.Internal

src/Database/RocksDB/Internal.hs:47:1: warning: [-Wunused-imports]
    The import of ‘Control.Applicative’ is redundant
      except perhaps to import instances from ‘Control.Applicative’
    To import instances alone, use: import Control.Applicative()
   |
47 | import           Control.Applicative    ((<$>))
   | ^^^^^^^^^^^^^^^^^^^^^^^^^^^^^^^^^^^^^^^^^^^^^^^
[4 of 6] Compiling Database.RocksDB.Iterator

src/Database/RocksDB/Iterator.hs:37:1: warning: [-Wunused-imports]
    The import of ‘Control.Applicative’ is redundant
      except perhaps to import instances from ‘Control.Applicative’
    To import instances alone, use: import Control.Applicative()
   |
37 | import           Control.Applicative          ((<$>), (<*>))
   | ^^^^^^^^^^^^^^^^^^^^^^^^^^^^^^^^^^^^^^^^^^^^^^^^^^^^^^^^^^^^
[5 of 6] Compiling Database.RocksDB.Base

src/Database/RocksDB/Base.hs:70:1: warning: [-Wunused-imports]
    The import of ‘Control.Applicative’ is redundant
      except perhaps to import instances from ‘Control.Applicative’
    To import instances alone, use: import Control.Applicative()
   |
70 | import           Control.Applicative          ((<$>))
   | ^^^^^^^^^^^^^^^^^^^^^^^^^^^^^^^^^^^^^^^^^^^^^^^^^^^^^
[6 of 6] Compiling Database.RocksDB
Configuring test suite 'rocksdb-tests' for rocksdb-haskell-1.0.1...
Preprocessing test suite 'rocksdb-tests' for rocksdb-haskell-1.0.1...
Building test suite 'rocksdb-tests' for rocksdb-haskell-1.0.1...
[1 of 1] Compiling Main
[2 of 2] Linking /tmp/workdir-rocksdb-haskell/rocksdb-haskell-1.0.1/dist-newstyle/build/x86_64-linux/ghc-9.6.6/rocksdb-haskell-1.0.1/t/rocksdb-tests/build/rocksdb-tests/rocksdb-tests
