Build profile: -w ghc-9.6.6 -O1
In order, the following will be built (use -v for more details):
 - reactive-jack-0.4.1.2 (lib) (first run)
Configuring library for reactive-jack-0.4.1.2...
Preprocessing library for reactive-jack-0.4.1.2...
Building library for reactive-jack-0.4.1.2...
[1 of 3] Compiling Reactive.Banana.JACK.Common
[2 of 3] Compiling Reactive.Banana.JACK.Process

src/Reactive/Banana/JACK/Process.hs:38:1: warning: [-Wunused-imports]
    The import of ‘Control.Applicative’ is redundant
      except perhaps to import instances from ‘Control.Applicative’
    To import instances alone, use: import Control.Applicative()
   |
38 | import Control.Applicative (Applicative, pure, (<*>), )
   | ^^^^^^^^^^^^^^^^^^^^^^^^^^^^^^^^^^^^^^^^^^^^^^^^^^^^^^^

src/Reactive/Banana/JACK/Process.hs:41:1: warning: [-Wunused-imports]
    The import of ‘Data.Monoid’ is redundant
      except perhaps to import instances from ‘Data.Monoid’
    To import instances alone, use: import Data.Monoid()
   |
41 | import Data.Monoid (Monoid, mappend, mempty, )
   | ^^^^^^^^^^^^^^^^^^^^^^^^^^^^^^^^^^^^^^^^^^^^^^

src/Reactive/Banana/JACK/Process.hs:42:1: warning: [-Wunused-imports]
    The import of ‘Data.Semigroup’ is redundant
      except perhaps to import instances from ‘Data.Semigroup’
    To import instances alone, use: import Data.Semigroup()
   |
42 | import Data.Semigroup (Semigroup, (<>), )
   | ^^^^^^^^^^^^^^^^^^^^^^^^^^^^^^^^^^^^^^^^^
[3 of 3] Compiling Reactive.Banana.JACK.Example
