Build profile: -w ghc-9.6.6 -O1
In order, the following will be built (use -v for more details):
 - amazonka-stepfunctions-2.0 (lib) (first run)
 - amazonka-stepfunctions-2.0 (test:amazonka-stepfunctions-test) (first run)
Configuring library for amazonka-stepfunctions-2.0...
Preprocessing library for amazonka-stepfunctions-2.0...
Building library for amazonka-stepfunctions-2.0...
[ 1 of 84] Compiling Amazonka.StepFunctions.Types.ActivityFailedEventDetails
[ 2 of 84] Compiling Amazonka.StepFunctions.Types.ActivityListItem
[ 3 of 84] Compiling Amazonka.StepFunctions.Types.ActivityScheduleFailedEventDetails
[ 4 of 84] Compiling Amazonka.StepFunctions.Types.ActivityStartedEventDetails
[ 5 of 84] Compiling Amazonka.StepFunctions.Types.ActivityTimedOutEventDetails
[ 6 of 84] Compiling Amazonka.StepFunctions.Types.BillingDetails
[ 7 of 84] Compiling Amazonka.StepFunctions.Types.CloudWatchEventsExecutionDataDetails
[ 8 of 84] Compiling Amazonka.StepFunctions.Types.CloudWatchLogsLogGroup
[ 9 of 84] Compiling Amazonka.StepFunctions.Types.ExecutionAbortedEventDetails
[10 of 84] Compiling Amazonka.StepFunctions.Types.ExecutionFailedEventDetails
[11 of 84] Compiling Amazonka.StepFunctions.Types.ExecutionStatus
[12 of 84] Compiling Amazonka.StepFunctions.Types.ExecutionListItem
[13 of 84] Compiling Amazonka.StepFunctions.Types.ExecutionTimedOutEventDetails
[14 of 84] Compiling Amazonka.StepFunctions.Types.HistoryEventExecutionDataDetails
[15 of 84] Compiling Amazonka.StepFunctions.Types.ExecutionSucceededEventDetails
[16 of 84] Compiling Amazonka.StepFunctions.Types.ExecutionStartedEventDetails
[17 of 84] Compiling Amazonka.StepFunctions.Types.ActivitySucceededEventDetails
[18 of 84] Compiling Amazonka.StepFunctions.Types.ActivityScheduledEventDetails
[19 of 84] Compiling Amazonka.StepFunctions.Types.HistoryEventType
[20 of 84] Compiling Amazonka.StepFunctions.Types.LambdaFunctionFailedEventDetails
[21 of 84] Compiling Amazonka.StepFunctions.Types.LambdaFunctionScheduleFailedEventDetails
[22 of 84] Compiling Amazonka.StepFunctions.Types.LambdaFunctionStartFailedEventDetails
[23 of 84] Compiling Amazonka.StepFunctions.Types.LambdaFunctionSucceededEventDetails
[24 of 84] Compiling Amazonka.StepFunctions.Types.LambdaFunctionTimedOutEventDetails
[25 of 84] Compiling Amazonka.StepFunctions.Types.LogDestination
[26 of 84] Compiling Amazonka.StepFunctions.Types.LogLevel
[27 of 84] Compiling Amazonka.StepFunctions.Types.LoggingConfiguration
[28 of 84] Compiling Amazonka.StepFunctions.Types.MapIterationEventDetails
[29 of 84] Compiling Amazonka.StepFunctions.Types.MapRunExecutionCounts
[30 of 84] Compiling Amazonka.StepFunctions.Types.MapRunFailedEventDetails
[31 of 84] Compiling Amazonka.StepFunctions.Types.MapRunItemCounts
[32 of 84] Compiling Amazonka.StepFunctions.Types.MapRunListItem
[33 of 84] Compiling Amazonka.StepFunctions.Types.MapRunStartedEventDetails
[34 of 84] Compiling Amazonka.StepFunctions.Types.MapRunStatus
[35 of 84] Compiling Amazonka.StepFunctions.Types.MapStateStartedEventDetails
[36 of 84] Compiling Amazonka.StepFunctions.Types.StateEnteredEventDetails
[37 of 84] Compiling Amazonka.StepFunctions.Types.StateExitedEventDetails
[38 of 84] Compiling Amazonka.StepFunctions.Types.StateMachineStatus
[39 of 84] Compiling Amazonka.StepFunctions.Types.StateMachineType
[40 of 84] Compiling Amazonka.StepFunctions.Types.StateMachineListItem
[41 of 84] Compiling Amazonka.StepFunctions.Types.SyncExecutionStatus
[42 of 84] Compiling Amazonka.StepFunctions.Types.Tag
[43 of 84] Compiling Amazonka.StepFunctions.Types.TaskCredentials
[44 of 84] Compiling Amazonka.StepFunctions.Types.LambdaFunctionScheduledEventDetails
[45 of 84] Compiling Amazonka.StepFunctions.Types.TaskFailedEventDetails
[46 of 84] Compiling Amazonka.StepFunctions.Types.TaskScheduledEventDetails
[47 of 84] Compiling Amazonka.StepFunctions.Types.TaskStartFailedEventDetails
[48 of 84] Compiling Amazonka.StepFunctions.Types.TaskStartedEventDetails
[49 of 84] Compiling Amazonka.StepFunctions.Types.TaskSubmitFailedEventDetails
[50 of 84] Compiling Amazonka.StepFunctions.Types.TaskSubmittedEventDetails
[51 of 84] Compiling Amazonka.StepFunctions.Types.TaskSucceededEventDetails
[52 of 84] Compiling Amazonka.StepFunctions.Types.TaskTimedOutEventDetails
[53 of 84] Compiling Amazonka.StepFunctions.Types.HistoryEvent
[54 of 84] Compiling Amazonka.StepFunctions.Types.TracingConfiguration
[55 of 84] Compiling Amazonka.StepFunctions.Types
[56 of 84] Compiling Amazonka.StepFunctions.TagResource
[57 of 84] Compiling Amazonka.StepFunctions.StopExecution

gen/Amazonka/StepFunctions/StopExecution.hs:91:98: warning: [GHC-02256] [-Wambiguous-fields]
    The record update s {cause = a} with type StopExecution is ambiguous.
    This will not be supported by -XDuplicateRecordFields in future releases of GHC.
   |
91 | stopExecution_cause = Lens.lens (\StopExecution' {cause} -> cause) (\s@StopExecution' {} a -> s {cause = a} :: StopExecution) Prelude.. Lens.mapping Data._Sensitive
   |                                                                                                  ^^^^^^^^^

gen/Amazonka/StepFunctions/StopExecution.hs:95:98: warning: [GHC-02256] [-Wambiguous-fields]
    The record update s {error = a} with type StopExecution is ambiguous.
    This will not be supported by -XDuplicateRecordFields in future releases of GHC.
   |
95 | stopExecution_error = Lens.lens (\StopExecution' {error} -> error) (\s@StopExecution' {} a -> s {error = a} :: StopExecution) Prelude.. Lens.mapping Data._Sensitive
   |                                                                                                  ^^^^^^^^^

gen/Amazonka/StepFunctions/StopExecution.hs:99:119: warning: [GHC-02256] [-Wambiguous-fields]
    The record update s {executionArn = a} with type StopExecution is ambiguous.
    This will not be supported by -XDuplicateRecordFields in future releases of GHC.
   |
99 | stopExecution_executionArn = Lens.lens (\StopExecution' {executionArn} -> executionArn) (\s@StopExecution' {} a -> s {executionArn = a} :: StopExecution)
   |                                                                                                                       ^^^^^^^^^^^^^^^^

gen/Amazonka/StepFunctions/StopExecution.hs:197:131: warning: [GHC-02256] [-Wambiguous-fields]
    The record update s {stopDate = a} with type StopExecutionResponse is ambiguous.
    This will not be supported by -XDuplicateRecordFields in future releases of GHC.
    |
197 | stopExecutionResponse_stopDate = Lens.lens (\StopExecutionResponse' {stopDate} -> stopDate) (\s@StopExecutionResponse' {} a -> s {stopDate = a} :: StopExecutionResponse) Prelude.. Data._Time
    |                                                                                                                                   ^^^^^^^^^^^^
[58 of 84] Compiling Amazonka.StepFunctions.StartSyncExecution

gen/Amazonka/StepFunctions/StartSyncExecution.hs:146:113: warning: [GHC-02256] [-Wambiguous-fields]
    The record update s {input = a} with type StartSyncExecution is ambiguous.
    This will not be supported by -XDuplicateRecordFields in future releases of GHC.
    |
146 | startSyncExecution_input = Lens.lens (\StartSyncExecution' {input} -> input) (\s@StartSyncExecution' {} a -> s {input = a} :: StartSyncExecution) Prelude.. Lens.mapping Data._Sensitive
    |                                                                                                                 ^^^^^^^^^

gen/Amazonka/StepFunctions/StartSyncExecution.hs:150:110: warning: [GHC-02256] [-Wambiguous-fields]
    The record update s {name = a} with type StartSyncExecution is ambiguous.
    This will not be supported by -XDuplicateRecordFields in future releases of GHC.
    |
150 | startSyncExecution_name = Lens.lens (\StartSyncExecution' {name} -> name) (\s@StartSyncExecution' {} a -> s {name = a} :: StartSyncExecution)
    |                                                                                                              ^^^^^^^^

gen/Amazonka/StepFunctions/StartSyncExecution.hs:155:131: warning: [GHC-02256] [-Wambiguous-fields]
    The record update s {traceHeader = a} with type StartSyncExecution is ambiguous.
    This will not be supported by -XDuplicateRecordFields in future releases of GHC.
    |
155 | startSyncExecution_traceHeader = Lens.lens (\StartSyncExecution' {traceHeader} -> traceHeader) (\s@StartSyncExecution' {} a -> s {traceHeader = a} :: StartSyncExecution)
    |                                                                                                                                   ^^^^^^^^^^^^^^^

gen/Amazonka/StepFunctions/StartSyncExecution.hs:159:143: warning: [GHC-02256] [-Wambiguous-fields]
    The record update s {stateMachineArn = a} with type StartSyncExecution is ambiguous.
    This will not be supported by -XDuplicateRecordFields in future releases of GHC.
    |
159 | startSyncExecution_stateMachineArn = Lens.lens (\StartSyncExecution' {stateMachineArn} -> stateMachineArn) (\s@StartSyncExecution' {} a -> s {stateMachineArn = a} :: StartSyncExecution)
    |                                                                                                                                               ^^^^^^^^^^^^^^^^^^^

gen/Amazonka/StepFunctions/StartSyncExecution.hs:364:137: warning: [GHC-02256] [-Wambiguous-fields]
    The record update s {cause = a} with type StartSyncExecutionResponse is ambiguous.
    This will not be supported by -XDuplicateRecordFields in future releases of GHC.
    |
364 | startSyncExecutionResponse_cause = Lens.lens (\StartSyncExecutionResponse' {cause} -> cause) (\s@StartSyncExecutionResponse' {} a -> s {cause = a} :: StartSyncExecutionResponse) Prelude.. Lens.mapping Data._Sensitive
    |                                                                                                                                         ^^^^^^^^^

gen/Amazonka/StepFunctions/StartSyncExecution.hs:368:137: warning: [GHC-02256] [-Wambiguous-fields]
    The record update s {error = a} with type StartSyncExecutionResponse is ambiguous.
    This will not be supported by -XDuplicateRecordFields in future releases of GHC.
    |
368 | startSyncExecutionResponse_error = Lens.lens (\StartSyncExecutionResponse' {error} -> error) (\s@StartSyncExecutionResponse' {} a -> s {error = a} :: StartSyncExecutionResponse) Prelude.. Lens.mapping Data._Sensitive
    |                                                                                                                                         ^^^^^^^^^

gen/Amazonka/StepFunctions/StartSyncExecution.hs:374:137: warning: [GHC-02256] [-Wambiguous-fields]
    The record update s {input = a} with type StartSyncExecutionResponse is ambiguous.
    This will not be supported by -XDuplicateRecordFields in future releases of GHC.
    |
374 | startSyncExecutionResponse_input = Lens.lens (\StartSyncExecutionResponse' {input} -> input) (\s@StartSyncExecutionResponse' {} a -> s {input = a} :: StartSyncExecutionResponse) Prelude.. Lens.mapping Data._Sensitive
    |                                                                                                                                         ^^^^^^^^^

gen/Amazonka/StepFunctions/StartSyncExecution.hs:378:158: warning: [GHC-02256] [-Wambiguous-fields]
    The record update s {inputDetails = a} with type StartSyncExecutionResponse is ambiguous.
    This will not be supported by -XDuplicateRecordFields in future releases of GHC.
    |
378 | startSyncExecutionResponse_inputDetails = Lens.lens (\StartSyncExecutionResponse' {inputDetails} -> inputDetails) (\s@StartSyncExecutionResponse' {} a -> s {inputDetails = a} :: StartSyncExecutionResponse)
    |                                                                                                                                                              ^^^^^^^^^^^^^^^^

gen/Amazonka/StepFunctions/StartSyncExecution.hs:382:134: warning: [GHC-02256] [-Wambiguous-fields]
    The record update s {name = a} with type StartSyncExecutionResponse is ambiguous.
    This will not be supported by -XDuplicateRecordFields in future releases of GHC.
    |
382 | startSyncExecutionResponse_name = Lens.lens (\StartSyncExecutionResponse' {name} -> name) (\s@StartSyncExecutionResponse' {} a -> s {name = a} :: StartSyncExecutionResponse)
    |                                                                                                                                      ^^^^^^^^

gen/Amazonka/StepFunctions/StartSyncExecution.hs:390:140: warning: [GHC-02256] [-Wambiguous-fields]
    The record update s {output = a} with type StartSyncExecutionResponse is ambiguous.
    This will not be supported by -XDuplicateRecordFields in future releases of GHC.
    |
390 | startSyncExecutionResponse_output = Lens.lens (\StartSyncExecutionResponse' {output} -> output) (\s@StartSyncExecutionResponse' {} a -> s {output = a} :: StartSyncExecutionResponse) Prelude.. Lens.mapping Data._Sensitive
    |                                                                                                                                            ^^^^^^^^^^

gen/Amazonka/StepFunctions/StartSyncExecution.hs:394:161: warning: [GHC-02256] [-Wambiguous-fields]
    The record update s {outputDetails = a} with type StartSyncExecutionResponse is ambiguous.
    This will not be supported by -XDuplicateRecordFields in future releases of GHC.
    |
394 | startSyncExecutionResponse_outputDetails = Lens.lens (\StartSyncExecutionResponse' {outputDetails} -> outputDetails) (\s@StartSyncExecutionResponse' {} a -> s {outputDetails = a} :: StartSyncExecutionResponse)
    |                                                                                                                                                                 ^^^^^^^^^^^^^^^^^

gen/Amazonka/StepFunctions/StartSyncExecution.hs:398:167: warning: [GHC-02256] [-Wambiguous-fields]
    The record update s {stateMachineArn = a} with type StartSyncExecutionResponse is ambiguous.
    This will not be supported by -XDuplicateRecordFields in future releases of GHC.
    |
398 | startSyncExecutionResponse_stateMachineArn = Lens.lens (\StartSyncExecutionResponse' {stateMachineArn} -> stateMachineArn) (\s@StartSyncExecutionResponse' {} a -> s {stateMachineArn = a} :: StartSyncExecutionResponse)
    |                                                                                                                                                                       ^^^^^^^^^^^^^^^^^^^

gen/Amazonka/StepFunctions/StartSyncExecution.hs:402:155: warning: [GHC-02256] [-Wambiguous-fields]
    The record update s {traceHeader = a} with type StartSyncExecutionResponse is ambiguous.
    This will not be supported by -XDuplicateRecordFields in future releases of GHC.
    |
402 | startSyncExecutionResponse_traceHeader = Lens.lens (\StartSyncExecutionResponse' {traceHeader} -> traceHeader) (\s@StartSyncExecutionResponse' {} a -> s {traceHeader = a} :: StartSyncExecutionResponse)
    |                                                                                                                                                           ^^^^^^^^^^^^^^^

gen/Amazonka/StepFunctions/StartSyncExecution.hs:410:158: warning: [GHC-02256] [-Wambiguous-fields]
    The record update s {executionArn = a} with type StartSyncExecutionResponse is ambiguous.
    This will not be supported by -XDuplicateRecordFields in future releases of GHC.
    |
410 | startSyncExecutionResponse_executionArn = Lens.lens (\StartSyncExecutionResponse' {executionArn} -> executionArn) (\s@StartSyncExecutionResponse' {} a -> s {executionArn = a} :: StartSyncExecutionResponse)
    |                                                                                                                                                              ^^^^^^^^^^^^^^^^

gen/Amazonka/StepFunctions/StartSyncExecution.hs:414:149: warning: [GHC-02256] [-Wambiguous-fields]
    The record update s {startDate = a} with type StartSyncExecutionResponse is ambiguous.
    This will not be supported by -XDuplicateRecordFields in future releases of GHC.
    |
414 | startSyncExecutionResponse_startDate = Lens.lens (\StartSyncExecutionResponse' {startDate} -> startDate) (\s@StartSyncExecutionResponse' {} a -> s {startDate = a} :: StartSyncExecutionResponse) Prelude.. Data._Time
    |                                                                                                                                                     ^^^^^^^^^^^^^

gen/Amazonka/StepFunctions/StartSyncExecution.hs:418:146: warning: [GHC-02256] [-Wambiguous-fields]
    The record update s {stopDate = a} with type StartSyncExecutionResponse is ambiguous.
    This will not be supported by -XDuplicateRecordFields in future releases of GHC.
    |
418 | startSyncExecutionResponse_stopDate = Lens.lens (\StartSyncExecutionResponse' {stopDate} -> stopDate) (\s@StartSyncExecutionResponse' {} a -> s {stopDate = a} :: StartSyncExecutionResponse) Prelude.. Data._Time
    |                                                                                                                                                  ^^^^^^^^^^^^

gen/Amazonka/StepFunctions/StartSyncExecution.hs:422:140: warning: [GHC-02256] [-Wambiguous-fields]
    The record update s {status = a} with type StartSyncExecutionResponse is ambiguous.
    This will not be supported by -XDuplicateRecordFields in future releases of GHC.
    |
422 | startSyncExecutionResponse_status = Lens.lens (\StartSyncExecutionResponse' {status} -> status) (\s@StartSyncExecutionResponse' {} a -> s {status = a} :: StartSyncExecutionResponse)
    |                                                                                                                                            ^^^^^^^^^^
[59 of 84] Compiling Amazonka.StepFunctions.StartExecution

gen/Amazonka/StepFunctions/StartExecution.hs:181:101: warning: [GHC-02256] [-Wambiguous-fields]
    The record update s {input = a} with type StartExecution is ambiguous.
    This will not be supported by -XDuplicateRecordFields in future releases of GHC.
    |
181 | startExecution_input = Lens.lens (\StartExecution' {input} -> input) (\s@StartExecution' {} a -> s {input = a} :: StartExecution) Prelude.. Lens.mapping Data._Sensitive
    |                                                                                                     ^^^^^^^^^

gen/Amazonka/StepFunctions/StartExecution.hs:204:98: warning: [GHC-02256] [-Wambiguous-fields]
    The record update s {name = a} with type StartExecution is ambiguous.
    This will not be supported by -XDuplicateRecordFields in future releases of GHC.
    |
204 | startExecution_name = Lens.lens (\StartExecution' {name} -> name) (\s@StartExecution' {} a -> s {name = a} :: StartExecution)
    |                                                                                                  ^^^^^^^^

gen/Amazonka/StepFunctions/StartExecution.hs:213:131: warning: [GHC-02256] [-Wambiguous-fields]
    The record update s {stateMachineArn = a} with type StartExecution is ambiguous.
    This will not be supported by -XDuplicateRecordFields in future releases of GHC.
    |
213 | startExecution_stateMachineArn = Lens.lens (\StartExecution' {stateMachineArn} -> stateMachineArn) (\s@StartExecution' {} a -> s {stateMachineArn = a} :: StartExecution)
    |                                                                                                                                   ^^^^^^^^^^^^^^^^^^^

gen/Amazonka/StepFunctions/StartExecution.hs:326:146: warning: [GHC-02256] [-Wambiguous-fields]
    The record update s {executionArn = a} with type StartExecutionResponse is ambiguous.
    This will not be supported by -XDuplicateRecordFields in future releases of GHC.
    |
326 | startExecutionResponse_executionArn = Lens.lens (\StartExecutionResponse' {executionArn} -> executionArn) (\s@StartExecutionResponse' {} a -> s {executionArn = a} :: StartExecutionResponse)
    |                                                                                                                                                  ^^^^^^^^^^^^^^^^

gen/Amazonka/StepFunctions/StartExecution.hs:330:137: warning: [GHC-02256] [-Wambiguous-fields]
    The record update s {startDate = a} with type StartExecutionResponse is ambiguous.
    This will not be supported by -XDuplicateRecordFields in future releases of GHC.
    |
330 | startExecutionResponse_startDate = Lens.lens (\StartExecutionResponse' {startDate} -> startDate) (\s@StartExecutionResponse' {} a -> s {startDate = a} :: StartExecutionResponse) Prelude.. Data._Time
    |                                                                                                                                         ^^^^^^^^^^^^^
[60 of 84] Compiling Amazonka.StepFunctions.SendTaskSuccess

gen/Amazonka/StepFunctions/SendTaskSuccess.hs:106:107: warning: [GHC-02256] [-Wambiguous-fields]
    The record update s {output = a} with type SendTaskSuccess is ambiguous.
    This will not be supported by -XDuplicateRecordFields in future releases of GHC.
    |
106 | sendTaskSuccess_output = Lens.lens (\SendTaskSuccess' {output} -> output) (\s@SendTaskSuccess' {} a -> s {output = a} :: SendTaskSuccess) Prelude.. Data._Sensitive
    |                                                                                                           ^^^^^^^^^^
[61 of 84] Compiling Amazonka.StepFunctions.SendTaskHeartbeat
[62 of 84] Compiling Amazonka.StepFunctions.SendTaskFailure

gen/Amazonka/StepFunctions/SendTaskFailure.hs:98:104: warning: [GHC-02256] [-Wambiguous-fields]
    The record update s {cause = a} with type SendTaskFailure is ambiguous.
    This will not be supported by -XDuplicateRecordFields in future releases of GHC.
   |
98 | sendTaskFailure_cause = Lens.lens (\SendTaskFailure' {cause} -> cause) (\s@SendTaskFailure' {} a -> s {cause = a} :: SendTaskFailure) Prelude.. Lens.mapping Data._Sensitive
   |                                                                                                        ^^^^^^^^^

gen/Amazonka/StepFunctions/SendTaskFailure.hs:102:104: warning: [GHC-02256] [-Wambiguous-fields]
    The record update s {error = a} with type SendTaskFailure is ambiguous.
    This will not be supported by -XDuplicateRecordFields in future releases of GHC.
    |
102 | sendTaskFailure_error = Lens.lens (\SendTaskFailure' {error} -> error) (\s@SendTaskFailure' {} a -> s {error = a} :: SendTaskFailure) Prelude.. Lens.mapping Data._Sensitive
    |                                                                                                        ^^^^^^^^^
[63 of 84] Compiling Amazonka.StepFunctions.ListTagsForResource
[64 of 84] Compiling Amazonka.StepFunctions.ListStateMachines

gen/Amazonka/StepFunctions/ListStateMachines.hs:128:122: warning: [GHC-02256] [-Wambiguous-fields]
    The record update s {nextToken = a} with type ListStateMachines is ambiguous.
    This will not be supported by -XDuplicateRecordFields in future releases of GHC.
    |
128 | listStateMachines_nextToken = Lens.lens (\ListStateMachines' {nextToken} -> nextToken) (\s@ListStateMachines' {} a -> s {nextToken = a} :: ListStateMachines)
    |                                                                                                                          ^^^^^^^^^^^^^

gen/Amazonka/StepFunctions/ListStateMachines.hs:257:146: warning: [GHC-02256] [-Wambiguous-fields]
    The record update s {nextToken = a} with type ListStateMachinesResponse is ambiguous.
    This will not be supported by -XDuplicateRecordFields in future releases of GHC.
    |
257 | listStateMachinesResponse_nextToken = Lens.lens (\ListStateMachinesResponse' {nextToken} -> nextToken) (\s@ListStateMachinesResponse' {} a -> s {nextToken = a} :: ListStateMachinesResponse)
    |                                                                                                                                                  ^^^^^^^^^^^^^
[65 of 84] Compiling Amazonka.StepFunctions.ListMapRuns

gen/Amazonka/StepFunctions/ListMapRuns.hs:130:104: warning: [GHC-02256] [-Wambiguous-fields]
    The record update s {nextToken = a} with type ListMapRuns is ambiguous.
    This will not be supported by -XDuplicateRecordFields in future releases of GHC.
    |
130 | listMapRuns_nextToken = Lens.lens (\ListMapRuns' {nextToken} -> nextToken) (\s@ListMapRuns' {} a -> s {nextToken = a} :: ListMapRuns)
    |                                                                                                        ^^^^^^^^^^^^^

gen/Amazonka/StepFunctions/ListMapRuns.hs:135:113: warning: [GHC-02256] [-Wambiguous-fields]
    The record update s {executionArn = a} with type ListMapRuns is ambiguous.
    This will not be supported by -XDuplicateRecordFields in future releases of GHC.
    |
135 | listMapRuns_executionArn = Lens.lens (\ListMapRuns' {executionArn} -> executionArn) (\s@ListMapRuns' {} a -> s {executionArn = a} :: ListMapRuns)
    |                                                                                                                 ^^^^^^^^^^^^^^^^

gen/Amazonka/StepFunctions/ListMapRuns.hs:268:128: warning: [GHC-02256] [-Wambiguous-fields]
    The record update s {nextToken = a} with type ListMapRunsResponse is ambiguous.
    This will not be supported by -XDuplicateRecordFields in future releases of GHC.
    |
268 | listMapRunsResponse_nextToken = Lens.lens (\ListMapRunsResponse' {nextToken} -> nextToken) (\s@ListMapRunsResponse' {} a -> s {nextToken = a} :: ListMapRunsResponse)
    |                                                                                                                                ^^^^^^^^^^^^^
[66 of 84] Compiling Amazonka.StepFunctions.ListExecutions

gen/Amazonka/StepFunctions/ListExecutions.hs:173:113: warning: [GHC-02256] [-Wambiguous-fields]
    The record update s {mapRunArn = a} with type ListExecutions is ambiguous.
    This will not be supported by -XDuplicateRecordFields in future releases of GHC.
    |
173 | listExecutions_mapRunArn = Lens.lens (\ListExecutions' {mapRunArn} -> mapRunArn) (\s@ListExecutions' {} a -> s {mapRunArn = a} :: ListExecutions)
    |                                                                                                                 ^^^^^^^^^^^^^

gen/Amazonka/StepFunctions/ListExecutions.hs:191:113: warning: [GHC-02256] [-Wambiguous-fields]
    The record update s {nextToken = a} with type ListExecutions is ambiguous.
    This will not be supported by -XDuplicateRecordFields in future releases of GHC.
    |
191 | listExecutions_nextToken = Lens.lens (\ListExecutions' {nextToken} -> nextToken) (\s@ListExecutions' {} a -> s {nextToken = a} :: ListExecutions)
    |                                                                                                                 ^^^^^^^^^^^^^

gen/Amazonka/StepFunctions/ListExecutions.hs:199:131: warning: [GHC-02256] [-Wambiguous-fields]
    The record update s {stateMachineArn = a} with type ListExecutions is ambiguous.
    This will not be supported by -XDuplicateRecordFields in future releases of GHC.
    |
199 | listExecutions_stateMachineArn = Lens.lens (\ListExecutions' {stateMachineArn} -> stateMachineArn) (\s@ListExecutions' {} a -> s {stateMachineArn = a} :: ListExecutions)
    |                                                                                                                                   ^^^^^^^^^^^^^^^^^^^

gen/Amazonka/StepFunctions/ListExecutions.hs:344:137: warning: [GHC-02256] [-Wambiguous-fields]
    The record update s {nextToken = a} with type ListExecutionsResponse is ambiguous.
    This will not be supported by -XDuplicateRecordFields in future releases of GHC.
    |
344 | listExecutionsResponse_nextToken = Lens.lens (\ListExecutionsResponse' {nextToken} -> nextToken) (\s@ListExecutionsResponse' {} a -> s {nextToken = a} :: ListExecutionsResponse)
    |                                                                                                                                         ^^^^^^^^^^^^^
[67 of 84] Compiling Amazonka.StepFunctions.ListActivities

gen/Amazonka/StepFunctions/ListActivities.hs:128:113: warning: [GHC-02256] [-Wambiguous-fields]
    The record update s {nextToken = a} with type ListActivities is ambiguous.
    This will not be supported by -XDuplicateRecordFields in future releases of GHC.
    |
128 | listActivities_nextToken = Lens.lens (\ListActivities' {nextToken} -> nextToken) (\s@ListActivities' {} a -> s {nextToken = a} :: ListActivities)
    |                                                                                                                 ^^^^^^^^^^^^^

gen/Amazonka/StepFunctions/ListActivities.hs:258:137: warning: [GHC-02256] [-Wambiguous-fields]
    The record update s {nextToken = a} with type ListActivitiesResponse is ambiguous.
    This will not be supported by -XDuplicateRecordFields in future releases of GHC.
    |
258 | listActivitiesResponse_nextToken = Lens.lens (\ListActivitiesResponse' {nextToken} -> nextToken) (\s@ListActivitiesResponse' {} a -> s {nextToken = a} :: ListActivitiesResponse)
    |                                                                                                                                         ^^^^^^^^^^^^^
[68 of 84] Compiling Amazonka.StepFunctions.GetExecutionHistory

gen/Amazonka/StepFunctions/GetExecutionHistory.hs:140:161: warning: [GHC-02256] [-Wambiguous-fields]
    The record update s {includeExecutionData = a} with type GetExecutionHistory is ambiguous.
    This will not be supported by -XDuplicateRecordFields in future releases of GHC.
    |
140 | getExecutionHistory_includeExecutionData = Lens.lens (\GetExecutionHistory' {includeExecutionData} -> includeExecutionData) (\s@GetExecutionHistory' {} a -> s {includeExecutionData = a} :: GetExecutionHistory)
    |                                                                                                                                                                 ^^^^^^^^^^^^^^^^^^^^^^^^

gen/Amazonka/StepFunctions/GetExecutionHistory.hs:158:128: warning: [GHC-02256] [-Wambiguous-fields]
    The record update s {nextToken = a} with type GetExecutionHistory is ambiguous.
    This will not be supported by -XDuplicateRecordFields in future releases of GHC.
    |
158 | getExecutionHistory_nextToken = Lens.lens (\GetExecutionHistory' {nextToken} -> nextToken) (\s@GetExecutionHistory' {} a -> s {nextToken = a} :: GetExecutionHistory)
    |                                                                                                                                ^^^^^^^^^^^^^

gen/Amazonka/StepFunctions/GetExecutionHistory.hs:166:137: warning: [GHC-02256] [-Wambiguous-fields]
    The record update s {executionArn = a} with type GetExecutionHistory is ambiguous.
    This will not be supported by -XDuplicateRecordFields in future releases of GHC.
    |
166 | getExecutionHistory_executionArn = Lens.lens (\GetExecutionHistory' {executionArn} -> executionArn) (\s@GetExecutionHistory' {} a -> s {executionArn = a} :: GetExecutionHistory)
    |                                                                                                                                         ^^^^^^^^^^^^^^^^

gen/Amazonka/StepFunctions/GetExecutionHistory.hs:306:152: warning: [GHC-02256] [-Wambiguous-fields]
    The record update s {nextToken = a} with type GetExecutionHistoryResponse is ambiguous.
    This will not be supported by -XDuplicateRecordFields in future releases of GHC.
    |
306 | getExecutionHistoryResponse_nextToken = Lens.lens (\GetExecutionHistoryResponse' {nextToken} -> nextToken) (\s@GetExecutionHistoryResponse' {} a -> s {nextToken = a} :: GetExecutionHistoryResponse)
    |                                                                                                                                                        ^^^^^^^^^^^^^
[69 of 84] Compiling Amazonka.StepFunctions.GetActivityTask

gen/Amazonka/StepFunctions/GetActivityTask.hs:109:119: warning: [GHC-02256] [-Wambiguous-fields]
    The record update s {workerName = a} with type GetActivityTask is ambiguous.
    This will not be supported by -XDuplicateRecordFields in future releases of GHC.
    |
109 | getActivityTask_workerName = Lens.lens (\GetActivityTask' {workerName} -> workerName) (\s@GetActivityTask' {} a -> s {workerName = a} :: GetActivityTask)
    |                                                                                                                       ^^^^^^^^^^^^^^

gen/Amazonka/StepFunctions/GetActivityTask.hs:114:122: warning: [GHC-02256] [-Wambiguous-fields]
    The record update s {activityArn = a} with type GetActivityTask is ambiguous.
    This will not be supported by -XDuplicateRecordFields in future releases of GHC.
    |
114 | getActivityTask_activityArn = Lens.lens (\GetActivityTask' {activityArn} -> activityArn) (\s@GetActivityTask' {} a -> s {activityArn = a} :: GetActivityTask)
    |                                                                                                                          ^^^^^^^^^^^^^^^

gen/Amazonka/StepFunctions/GetActivityTask.hs:221:128: warning: [GHC-02256] [-Wambiguous-fields]
    The record update s {input = a} with type GetActivityTaskResponse is ambiguous.
    This will not be supported by -XDuplicateRecordFields in future releases of GHC.
    |
221 | getActivityTaskResponse_input = Lens.lens (\GetActivityTaskResponse' {input} -> input) (\s@GetActivityTaskResponse' {} a -> s {input = a} :: GetActivityTaskResponse) Prelude.. Lens.mapping Data._Sensitive
    |                                                                                                                                ^^^^^^^^^
[70 of 84] Compiling Amazonka.StepFunctions.DescribeStateMachineForExecution

gen/Amazonka/StepFunctions/DescribeStateMachineForExecution.hs:97:176: warning: [GHC-02256] [-Wambiguous-fields]
    The record update s {executionArn = a} with type DescribeStateMachineForExecution is ambiguous.
    This will not be supported by -XDuplicateRecordFields in future releases of GHC.
   |
97 | describeStateMachineForExecution_executionArn = Lens.lens (\DescribeStateMachineForExecution' {executionArn} -> executionArn) (\s@DescribeStateMachineForExecution' {} a -> s {executionArn = a} :: DescribeStateMachineForExecution)
   |                                                                                                                                                                                ^^^^^^^^^^^^^^^^

gen/Amazonka/StepFunctions/DescribeStateMachineForExecution.hs:296:191: warning: [GHC-02256] [-Wambiguous-fields]
    The record update s {mapRunArn = a} with type DescribeStateMachineForExecutionResponse is ambiguous.
    This will not be supported by -XDuplicateRecordFields in future releases of GHC.
    |
296 | describeStateMachineForExecutionResponse_mapRunArn = Lens.lens (\DescribeStateMachineForExecutionResponse' {mapRunArn} -> mapRunArn) (\s@DescribeStateMachineForExecutionResponse' {} a -> s {mapRunArn = a} :: DescribeStateMachineForExecutionResponse)
    |                                                                                                                                                                                               ^^^^^^^^^^^^^

gen/Amazonka/StepFunctions/DescribeStateMachineForExecution.hs:309:209: warning: [GHC-02256] [-Wambiguous-fields]
    The record update s {stateMachineArn = a} with type DescribeStateMachineForExecutionResponse is ambiguous.
    This will not be supported by -XDuplicateRecordFields in future releases of GHC.
    |
309 | describeStateMachineForExecutionResponse_stateMachineArn = Lens.lens (\DescribeStateMachineForExecutionResponse' {stateMachineArn} -> stateMachineArn) (\s@DescribeStateMachineForExecutionResponse' {} a -> s {stateMachineArn = a} :: DescribeStateMachineForExecutionResponse)
    |                                                                                                                                                                                                                 ^^^^^^^^^^^^^^^^^^^

gen/Amazonka/StepFunctions/DescribeStateMachineForExecution.hs:313:176: warning: [GHC-02256] [-Wambiguous-fields]
    The record update s {name = a} with type DescribeStateMachineForExecutionResponse is ambiguous.
    This will not be supported by -XDuplicateRecordFields in future releases of GHC.
    |
313 | describeStateMachineForExecutionResponse_name = Lens.lens (\DescribeStateMachineForExecutionResponse' {name} -> name) (\s@DescribeStateMachineForExecutionResponse' {} a -> s {name = a} :: DescribeStateMachineForExecutionResponse)
    |                                                                                                                                                                                ^^^^^^^^

gen/Amazonka/StepFunctions/DescribeStateMachineForExecution.hs:323:185: warning: [GHC-02256] [-Wambiguous-fields]
    The record update s {roleArn = a} with type DescribeStateMachineForExecutionResponse is ambiguous.
    This will not be supported by -XDuplicateRecordFields in future releases of GHC.
    |
323 | describeStateMachineForExecutionResponse_roleArn = Lens.lens (\DescribeStateMachineForExecutionResponse' {roleArn} -> roleArn) (\s@DescribeStateMachineForExecutionResponse' {} a -> s {roleArn = a} :: DescribeStateMachineForExecutionResponse)
    |                                                                                                                                                                                         ^^^^^^^^^^^
[71 of 84] Compiling Amazonka.StepFunctions.DescribeStateMachine

gen/Amazonka/StepFunctions/DescribeStateMachine.hs:100:149: warning: [GHC-02256] [-Wambiguous-fields]
    The record update s {stateMachineArn = a} with type DescribeStateMachine is ambiguous.
    This will not be supported by -XDuplicateRecordFields in future releases of GHC.
    |
100 | describeStateMachine_stateMachineArn = Lens.lens (\DescribeStateMachine' {stateMachineArn} -> stateMachineArn) (\s@DescribeStateMachine' {} a -> s {stateMachineArn = a} :: DescribeStateMachine)
    |                                                                                                                                                     ^^^^^^^^^^^^^^^^^^^

gen/Amazonka/StepFunctions/DescribeStateMachine.hs:311:146: warning: [GHC-02256] [-Wambiguous-fields]
    The record update s {status = a} with type DescribeStateMachineResponse is ambiguous.
    This will not be supported by -XDuplicateRecordFields in future releases of GHC.
    |
311 | describeStateMachineResponse_status = Lens.lens (\DescribeStateMachineResponse' {status} -> status) (\s@DescribeStateMachineResponse' {} a -> s {status = a} :: DescribeStateMachineResponse)
    |                                                                                                                                                  ^^^^^^^^^^

gen/Amazonka/StepFunctions/DescribeStateMachine.hs:323:173: warning: [GHC-02256] [-Wambiguous-fields]
    The record update s {stateMachineArn = a} with type DescribeStateMachineResponse is ambiguous.
    This will not be supported by -XDuplicateRecordFields in future releases of GHC.
    |
323 | describeStateMachineResponse_stateMachineArn = Lens.lens (\DescribeStateMachineResponse' {stateMachineArn} -> stateMachineArn) (\s@DescribeStateMachineResponse' {} a -> s {stateMachineArn = a} :: DescribeStateMachineResponse)
    |                                                                                                                                                                             ^^^^^^^^^^^^^^^^^^^

gen/Amazonka/StepFunctions/DescribeStateMachine.hs:342:140: warning: [GHC-02256] [-Wambiguous-fields]
    The record update s {name = a} with type DescribeStateMachineResponse is ambiguous.
    This will not be supported by -XDuplicateRecordFields in future releases of GHC.
    |
342 | describeStateMachineResponse_name = Lens.lens (\DescribeStateMachineResponse' {name} -> name) (\s@DescribeStateMachineResponse' {} a -> s {name = a} :: DescribeStateMachineResponse)
    |                                                                                                                                            ^^^^^^^^

gen/Amazonka/StepFunctions/DescribeStateMachine.hs:353:149: warning: [GHC-02256] [-Wambiguous-fields]
    The record update s {roleArn = a} with type DescribeStateMachineResponse is ambiguous.
    This will not be supported by -XDuplicateRecordFields in future releases of GHC.
    |
353 | describeStateMachineResponse_roleArn = Lens.lens (\DescribeStateMachineResponse' {roleArn} -> roleArn) (\s@DescribeStateMachineResponse' {} a -> s {roleArn = a} :: DescribeStateMachineResponse)
    |                                                                                                                                                     ^^^^^^^^^^^

gen/Amazonka/StepFunctions/DescribeStateMachine.hs:357:142: warning: [GHC-02256] [-Wambiguous-fields]
    The record update s {type' = a} with type DescribeStateMachineResponse is ambiguous.
    This will not be supported by -XDuplicateRecordFields in future releases of GHC.
    |
357 | describeStateMachineResponse_type = Lens.lens (\DescribeStateMachineResponse' {type'} -> type') (\s@DescribeStateMachineResponse' {} a -> s {type' = a} :: DescribeStateMachineResponse)
    |                                                                                                                                              ^^^^^^^^^

gen/Amazonka/StepFunctions/DescribeStateMachine.hs:361:164: warning: [GHC-02256] [-Wambiguous-fields]
    The record update s {creationDate = a} with type DescribeStateMachineResponse is ambiguous.
    This will not be supported by -XDuplicateRecordFields in future releases of GHC.
    |
361 | describeStateMachineResponse_creationDate = Lens.lens (\DescribeStateMachineResponse' {creationDate} -> creationDate) (\s@DescribeStateMachineResponse' {} a -> s {creationDate = a} :: DescribeStateMachineResponse) Prelude.. Data._Time
    |                                                                                                                                                                    ^^^^^^^^^^^^^^^^
[72 of 84] Compiling Amazonka.StepFunctions.DescribeMapRun

gen/Amazonka/StepFunctions/DescribeMapRun.hs:87:113: warning: [GHC-02256] [-Wambiguous-fields]
    The record update s {mapRunArn = a} with type DescribeMapRun is ambiguous.
    This will not be supported by -XDuplicateRecordFields in future releases of GHC.
   |
87 | describeMapRun_mapRunArn = Lens.lens (\DescribeMapRun' {mapRunArn} -> mapRunArn) (\s@DescribeMapRun' {} a -> s {mapRunArn = a} :: DescribeMapRun)
   |                                                                                                                 ^^^^^^^^^^^^^

gen/Amazonka/StepFunctions/DescribeMapRun.hs:269:134: warning: [GHC-02256] [-Wambiguous-fields]
    The record update s {stopDate = a} with type DescribeMapRunResponse is ambiguous.
    This will not be supported by -XDuplicateRecordFields in future releases of GHC.
    |
269 | describeMapRunResponse_stopDate = Lens.lens (\DescribeMapRunResponse' {stopDate} -> stopDate) (\s@DescribeMapRunResponse' {} a -> s {stopDate = a} :: DescribeMapRunResponse) Prelude.. Lens.mapping Data._Time
    |                                                                                                                                      ^^^^^^^^^^^^

gen/Amazonka/StepFunctions/DescribeMapRun.hs:277:137: warning: [GHC-02256] [-Wambiguous-fields]
    The record update s {mapRunArn = a} with type DescribeMapRunResponse is ambiguous.
    This will not be supported by -XDuplicateRecordFields in future releases of GHC.
    |
277 | describeMapRunResponse_mapRunArn = Lens.lens (\DescribeMapRunResponse' {mapRunArn} -> mapRunArn) (\s@DescribeMapRunResponse' {} a -> s {mapRunArn = a} :: DescribeMapRunResponse)
    |                                                                                                                                         ^^^^^^^^^^^^^

gen/Amazonka/StepFunctions/DescribeMapRun.hs:282:146: warning: [GHC-02256] [-Wambiguous-fields]
    The record update s {executionArn = a} with type DescribeMapRunResponse is ambiguous.
    This will not be supported by -XDuplicateRecordFields in future releases of GHC.
    |
282 | describeMapRunResponse_executionArn = Lens.lens (\DescribeMapRunResponse' {executionArn} -> executionArn) (\s@DescribeMapRunResponse' {} a -> s {executionArn = a} :: DescribeMapRunResponse)
    |                                                                                                                                                  ^^^^^^^^^^^^^^^^

gen/Amazonka/StepFunctions/DescribeMapRun.hs:286:128: warning: [GHC-02256] [-Wambiguous-fields]
    The record update s {status = a} with type DescribeMapRunResponse is ambiguous.
    This will not be supported by -XDuplicateRecordFields in future releases of GHC.
    |
286 | describeMapRunResponse_status = Lens.lens (\DescribeMapRunResponse' {status} -> status) (\s@DescribeMapRunResponse' {} a -> s {status = a} :: DescribeMapRunResponse)
    |                                                                                                                                ^^^^^^^^^^

gen/Amazonka/StepFunctions/DescribeMapRun.hs:290:137: warning: [GHC-02256] [-Wambiguous-fields]
    The record update s {startDate = a} with type DescribeMapRunResponse is ambiguous.
    This will not be supported by -XDuplicateRecordFields in future releases of GHC.
    |
290 | describeMapRunResponse_startDate = Lens.lens (\DescribeMapRunResponse' {startDate} -> startDate) (\s@DescribeMapRunResponse' {} a -> s {startDate = a} :: DescribeMapRunResponse) Prelude.. Data._Time
    |                                                                                                                                         ^^^^^^^^^^^^^
[73 of 84] Compiling Amazonka.StepFunctions.DescribeExecution

gen/Amazonka/StepFunctions/DescribeExecution.hs:97:131: warning: [GHC-02256] [-Wambiguous-fields]
    The record update s {executionArn = a} with type DescribeExecution is ambiguous.
    This will not be supported by -XDuplicateRecordFields in future releases of GHC.
   |
97 | describeExecution_executionArn = Lens.lens (\DescribeExecution' {executionArn} -> executionArn) (\s@DescribeExecution' {} a -> s {executionArn = a} :: DescribeExecution)
   |                                                                                                                                   ^^^^^^^^^^^^^^^^

gen/Amazonka/StepFunctions/DescribeExecution.hs:313:134: warning: [GHC-02256] [-Wambiguous-fields]
    The record update s {cause = a} with type DescribeExecutionResponse is ambiguous.
    This will not be supported by -XDuplicateRecordFields in future releases of GHC.
    |
313 | describeExecutionResponse_cause = Lens.lens (\DescribeExecutionResponse' {cause} -> cause) (\s@DescribeExecutionResponse' {} a -> s {cause = a} :: DescribeExecutionResponse) Prelude.. Lens.mapping Data._Sensitive
    |                                                                                                                                      ^^^^^^^^^

gen/Amazonka/StepFunctions/DescribeExecution.hs:317:134: warning: [GHC-02256] [-Wambiguous-fields]
    The record update s {error = a} with type DescribeExecutionResponse is ambiguous.
    This will not be supported by -XDuplicateRecordFields in future releases of GHC.
    |
317 | describeExecutionResponse_error = Lens.lens (\DescribeExecutionResponse' {error} -> error) (\s@DescribeExecutionResponse' {} a -> s {error = a} :: DescribeExecutionResponse) Prelude.. Lens.mapping Data._Sensitive
    |                                                                                                                                      ^^^^^^^^^

gen/Amazonka/StepFunctions/DescribeExecution.hs:323:134: warning: [GHC-02256] [-Wambiguous-fields]
    The record update s {input = a} with type DescribeExecutionResponse is ambiguous.
    This will not be supported by -XDuplicateRecordFields in future releases of GHC.
    |
323 | describeExecutionResponse_input = Lens.lens (\DescribeExecutionResponse' {input} -> input) (\s@DescribeExecutionResponse' {} a -> s {input = a} :: DescribeExecutionResponse) Prelude.. Lens.mapping Data._Sensitive
    |                                                                                                                                      ^^^^^^^^^

gen/Amazonka/StepFunctions/DescribeExecution.hs:327:155: warning: [GHC-02256] [-Wambiguous-fields]
    The record update s {inputDetails = a} with type DescribeExecutionResponse is ambiguous.
    This will not be supported by -XDuplicateRecordFields in future releases of GHC.
    |
327 | describeExecutionResponse_inputDetails = Lens.lens (\DescribeExecutionResponse' {inputDetails} -> inputDetails) (\s@DescribeExecutionResponse' {} a -> s {inputDetails = a} :: DescribeExecutionResponse)
    |                                                                                                                                                           ^^^^^^^^^^^^^^^^

gen/Amazonka/StepFunctions/DescribeExecution.hs:332:146: warning: [GHC-02256] [-Wambiguous-fields]
    The record update s {mapRunArn = a} with type DescribeExecutionResponse is ambiguous.
    This will not be supported by -XDuplicateRecordFields in future releases of GHC.
    |
332 | describeExecutionResponse_mapRunArn = Lens.lens (\DescribeExecutionResponse' {mapRunArn} -> mapRunArn) (\s@DescribeExecutionResponse' {} a -> s {mapRunArn = a} :: DescribeExecutionResponse)
    |                                                                                                                                                  ^^^^^^^^^^^^^

gen/Amazonka/StepFunctions/DescribeExecution.hs:351:131: warning: [GHC-02256] [-Wambiguous-fields]
    The record update s {name = a} with type DescribeExecutionResponse is ambiguous.
    This will not be supported by -XDuplicateRecordFields in future releases of GHC.
    |
351 | describeExecutionResponse_name = Lens.lens (\DescribeExecutionResponse' {name} -> name) (\s@DescribeExecutionResponse' {} a -> s {name = a} :: DescribeExecutionResponse)
    |                                                                                                                                   ^^^^^^^^

gen/Amazonka/StepFunctions/DescribeExecution.hs:359:137: warning: [GHC-02256] [-Wambiguous-fields]
    The record update s {output = a} with type DescribeExecutionResponse is ambiguous.
    This will not be supported by -XDuplicateRecordFields in future releases of GHC.
    |
359 | describeExecutionResponse_output = Lens.lens (\DescribeExecutionResponse' {output} -> output) (\s@DescribeExecutionResponse' {} a -> s {output = a} :: DescribeExecutionResponse) Prelude.. Lens.mapping Data._Sensitive
    |                                                                                                                                         ^^^^^^^^^^

gen/Amazonka/StepFunctions/DescribeExecution.hs:363:158: warning: [GHC-02256] [-Wambiguous-fields]
    The record update s {outputDetails = a} with type DescribeExecutionResponse is ambiguous.
    This will not be supported by -XDuplicateRecordFields in future releases of GHC.
    |
363 | describeExecutionResponse_outputDetails = Lens.lens (\DescribeExecutionResponse' {outputDetails} -> outputDetails) (\s@DescribeExecutionResponse' {} a -> s {outputDetails = a} :: DescribeExecutionResponse)
    |                                                                                                                                                              ^^^^^^^^^^^^^^^^^

gen/Amazonka/StepFunctions/DescribeExecution.hs:367:143: warning: [GHC-02256] [-Wambiguous-fields]
    The record update s {stopDate = a} with type DescribeExecutionResponse is ambiguous.
    This will not be supported by -XDuplicateRecordFields in future releases of GHC.
    |
367 | describeExecutionResponse_stopDate = Lens.lens (\DescribeExecutionResponse' {stopDate} -> stopDate) (\s@DescribeExecutionResponse' {} a -> s {stopDate = a} :: DescribeExecutionResponse) Prelude.. Lens.mapping Data._Time
    |                                                                                                                                               ^^^^^^^^^^^^

gen/Amazonka/StepFunctions/DescribeExecution.hs:379:155: warning: [GHC-02256] [-Wambiguous-fields]
    The record update s {executionArn = a} with type DescribeExecutionResponse is ambiguous.
    This will not be supported by -XDuplicateRecordFields in future releases of GHC.
    |
379 | describeExecutionResponse_executionArn = Lens.lens (\DescribeExecutionResponse' {executionArn} -> executionArn) (\s@DescribeExecutionResponse' {} a -> s {executionArn = a} :: DescribeExecutionResponse)
    |                                                                                                                                                           ^^^^^^^^^^^^^^^^

gen/Amazonka/StepFunctions/DescribeExecution.hs:383:164: warning: [GHC-02256] [-Wambiguous-fields]
    The record update s {stateMachineArn = a} with type DescribeExecutionResponse is ambiguous.
    This will not be supported by -XDuplicateRecordFields in future releases of GHC.
    |
383 | describeExecutionResponse_stateMachineArn = Lens.lens (\DescribeExecutionResponse' {stateMachineArn} -> stateMachineArn) (\s@DescribeExecutionResponse' {} a -> s {stateMachineArn = a} :: DescribeExecutionResponse)
    |                                                                                                                                                                    ^^^^^^^^^^^^^^^^^^^

gen/Amazonka/StepFunctions/DescribeExecution.hs:387:137: warning: [GHC-02256] [-Wambiguous-fields]
    The record update s {status = a} with type DescribeExecutionResponse is ambiguous.
    This will not be supported by -XDuplicateRecordFields in future releases of GHC.
    |
387 | describeExecutionResponse_status = Lens.lens (\DescribeExecutionResponse' {status} -> status) (\s@DescribeExecutionResponse' {} a -> s {status = a} :: DescribeExecutionResponse)
    |                                                                                                                                         ^^^^^^^^^^

gen/Amazonka/StepFunctions/DescribeExecution.hs:391:146: warning: [GHC-02256] [-Wambiguous-fields]
    The record update s {startDate = a} with type DescribeExecutionResponse is ambiguous.
    This will not be supported by -XDuplicateRecordFields in future releases of GHC.
    |
391 | describeExecutionResponse_startDate = Lens.lens (\DescribeExecutionResponse' {startDate} -> startDate) (\s@DescribeExecutionResponse' {} a -> s {startDate = a} :: DescribeExecutionResponse) Prelude.. Data._Time
    |                                                                                                                                                  ^^^^^^^^^^^^^
[74 of 84] Compiling Amazonka.StepFunctions.DescribeActivity

gen/Amazonka/StepFunctions/DescribeActivity.hs:80:125: warning: [GHC-02256] [-Wambiguous-fields]
    The record update s {activityArn = a} with type DescribeActivity is ambiguous.
    This will not be supported by -XDuplicateRecordFields in future releases of GHC.
   |
80 | describeActivity_activityArn = Lens.lens (\DescribeActivity' {activityArn} -> activityArn) (\s@DescribeActivity' {} a -> s {activityArn = a} :: DescribeActivity)
   |                                                                                                                             ^^^^^^^^^^^^^^^

gen/Amazonka/StepFunctions/DescribeActivity.hs:220:149: warning: [GHC-02256] [-Wambiguous-fields]
    The record update s {activityArn = a} with type DescribeActivityResponse is ambiguous.
    This will not be supported by -XDuplicateRecordFields in future releases of GHC.
    |
220 | describeActivityResponse_activityArn = Lens.lens (\DescribeActivityResponse' {activityArn} -> activityArn) (\s@DescribeActivityResponse' {} a -> s {activityArn = a} :: DescribeActivityResponse)
    |                                                                                                                                                     ^^^^^^^^^^^^^^^

gen/Amazonka/StepFunctions/DescribeActivity.hs:239:128: warning: [GHC-02256] [-Wambiguous-fields]
    The record update s {name = a} with type DescribeActivityResponse is ambiguous.
    This will not be supported by -XDuplicateRecordFields in future releases of GHC.
    |
239 | describeActivityResponse_name = Lens.lens (\DescribeActivityResponse' {name} -> name) (\s@DescribeActivityResponse' {} a -> s {name = a} :: DescribeActivityResponse)
    |                                                                                                                                ^^^^^^^^

gen/Amazonka/StepFunctions/DescribeActivity.hs:243:152: warning: [GHC-02256] [-Wambiguous-fields]
    The record update s {creationDate = a} with type DescribeActivityResponse is ambiguous.
    This will not be supported by -XDuplicateRecordFields in future releases of GHC.
    |
243 | describeActivityResponse_creationDate = Lens.lens (\DescribeActivityResponse' {creationDate} -> creationDate) (\s@DescribeActivityResponse' {} a -> s {creationDate = a} :: DescribeActivityResponse) Prelude.. Data._Time
    |                                                                                                                                                        ^^^^^^^^^^^^^^^^
[75 of 84] Compiling Amazonka.StepFunctions.DeleteStateMachine

gen/Amazonka/StepFunctions/DeleteStateMachine.hs:92:143: warning: [GHC-02256] [-Wambiguous-fields]
    The record update s {stateMachineArn = a} with type DeleteStateMachine is ambiguous.
    This will not be supported by -XDuplicateRecordFields in future releases of GHC.
   |
92 | deleteStateMachine_stateMachineArn = Lens.lens (\DeleteStateMachine' {stateMachineArn} -> stateMachineArn) (\s@DeleteStateMachine' {} a -> s {stateMachineArn = a} :: DeleteStateMachine)
   |                                                                                                                                               ^^^^^^^^^^^^^^^^^^^
[76 of 84] Compiling Amazonka.StepFunctions.DeleteActivity

gen/Amazonka/StepFunctions/DeleteActivity.hs:74:119: warning: [GHC-02256] [-Wambiguous-fields]
    The record update s {activityArn = a} with type DeleteActivity is ambiguous.
    This will not be supported by -XDuplicateRecordFields in future releases of GHC.
   |
74 | deleteActivity_activityArn = Lens.lens (\DeleteActivity' {activityArn} -> activityArn) (\s@DeleteActivity' {} a -> s {activityArn = a} :: DeleteActivity)
   |                                                                                                                       ^^^^^^^^^^^^^^^
[77 of 84] Compiling Amazonka.StepFunctions.CreateStateMachine

gen/Amazonka/StepFunctions/CreateStateMachine.hs:228:112: warning: [GHC-02256] [-Wambiguous-fields]
    The record update s {type' = a} with type CreateStateMachine is ambiguous.
    This will not be supported by -XDuplicateRecordFields in future releases of GHC.
    |
228 | createStateMachine_type = Lens.lens (\CreateStateMachine' {type'} -> type') (\s@CreateStateMachine' {} a -> s {type' = a} :: CreateStateMachine)
    |                                                                                                                ^^^^^^^^^

gen/Amazonka/StepFunctions/CreateStateMachine.hs:247:110: warning: [GHC-02256] [-Wambiguous-fields]
    The record update s {name = a} with type CreateStateMachine is ambiguous.
    This will not be supported by -XDuplicateRecordFields in future releases of GHC.
    |
247 | createStateMachine_name = Lens.lens (\CreateStateMachine' {name} -> name) (\s@CreateStateMachine' {} a -> s {name = a} :: CreateStateMachine)
    |                                                                                                              ^^^^^^^^

gen/Amazonka/StepFunctions/CreateStateMachine.hs:257:119: warning: [GHC-02256] [-Wambiguous-fields]
    The record update s {roleArn = a} with type CreateStateMachine is ambiguous.
    This will not be supported by -XDuplicateRecordFields in future releases of GHC.
    |
257 | createStateMachine_roleArn = Lens.lens (\CreateStateMachine' {roleArn} -> roleArn) (\s@CreateStateMachine' {} a -> s {roleArn = a} :: CreateStateMachine)
    |                                                                                                                       ^^^^^^^^^^^

gen/Amazonka/StepFunctions/CreateStateMachine.hs:384:167: warning: [GHC-02256] [-Wambiguous-fields]
    The record update s {stateMachineArn = a} with type CreateStateMachineResponse is ambiguous.
    This will not be supported by -XDuplicateRecordFields in future releases of GHC.
    |
384 | createStateMachineResponse_stateMachineArn = Lens.lens (\CreateStateMachineResponse' {stateMachineArn} -> stateMachineArn) (\s@CreateStateMachineResponse' {} a -> s {stateMachineArn = a} :: CreateStateMachineResponse)
    |                                                                                                                                                                       ^^^^^^^^^^^^^^^^^^^

gen/Amazonka/StepFunctions/CreateStateMachine.hs:388:158: warning: [GHC-02256] [-Wambiguous-fields]
    The record update s {creationDate = a} with type CreateStateMachineResponse is ambiguous.
    This will not be supported by -XDuplicateRecordFields in future releases of GHC.
    |
388 | createStateMachineResponse_creationDate = Lens.lens (\CreateStateMachineResponse' {creationDate} -> creationDate) (\s@CreateStateMachineResponse' {} a -> s {creationDate = a} :: CreateStateMachineResponse) Prelude.. Data._Time
    |                                                                                                                                                              ^^^^^^^^^^^^^^^^
[78 of 84] Compiling Amazonka.StepFunctions.CreateActivity

gen/Amazonka/StepFunctions/CreateActivity.hs:185:98: warning: [GHC-02256] [-Wambiguous-fields]
    The record update s {name = a} with type CreateActivity is ambiguous.
    This will not be supported by -XDuplicateRecordFields in future releases of GHC.
    |
185 | createActivity_name = Lens.lens (\CreateActivity' {name} -> name) (\s@CreateActivity' {} a -> s {name = a} :: CreateActivity)
    |                                                                                                  ^^^^^^^^

gen/Amazonka/StepFunctions/CreateActivity.hs:290:143: warning: [GHC-02256] [-Wambiguous-fields]
    The record update s {activityArn = a} with type CreateActivityResponse is ambiguous.
    This will not be supported by -XDuplicateRecordFields in future releases of GHC.
    |
290 | createActivityResponse_activityArn = Lens.lens (\CreateActivityResponse' {activityArn} -> activityArn) (\s@CreateActivityResponse' {} a -> s {activityArn = a} :: CreateActivityResponse)
    |                                                                                                                                               ^^^^^^^^^^^^^^^

gen/Amazonka/StepFunctions/CreateActivity.hs:294:146: warning: [GHC-02256] [-Wambiguous-fields]
    The record update s {creationDate = a} with type CreateActivityResponse is ambiguous.
    This will not be supported by -XDuplicateRecordFields in future releases of GHC.
    |
294 | createActivityResponse_creationDate = Lens.lens (\CreateActivityResponse' {creationDate} -> creationDate) (\s@CreateActivityResponse' {} a -> s {creationDate = a} :: CreateActivityResponse) Prelude.. Data._Time
    |                                                                                                                                                  ^^^^^^^^^^^^^^^^
[79 of 84] Compiling Amazonka.StepFunctions.UntagResource
[80 of 84] Compiling Amazonka.StepFunctions.UpdateMapRun

gen/Amazonka/StepFunctions/UpdateMapRun.hs:110:107: warning: [GHC-02256] [-Wambiguous-fields]
    The record update s {mapRunArn = a} with type UpdateMapRun is ambiguous.
    This will not be supported by -XDuplicateRecordFields in future releases of GHC.
    |
110 | updateMapRun_mapRunArn = Lens.lens (\UpdateMapRun' {mapRunArn} -> mapRunArn) (\s@UpdateMapRun' {} a -> s {mapRunArn = a} :: UpdateMapRun)
    |                                                                                                           ^^^^^^^^^^^^^
[81 of 84] Compiling Amazonka.StepFunctions.UpdateStateMachine

gen/Amazonka/StepFunctions/UpdateStateMachine.hs:134:119: warning: [GHC-02256] [-Wambiguous-fields]
    The record update s {roleArn = a} with type UpdateStateMachine is ambiguous.
    This will not be supported by -XDuplicateRecordFields in future releases of GHC.
    |
134 | updateStateMachine_roleArn = Lens.lens (\UpdateStateMachine' {roleArn} -> roleArn) (\s@UpdateStateMachine' {} a -> s {roleArn = a} :: UpdateStateMachine)
    |                                                                                                                       ^^^^^^^^^^^

gen/Amazonka/StepFunctions/UpdateStateMachine.hs:142:143: warning: [GHC-02256] [-Wambiguous-fields]
    The record update s {stateMachineArn = a} with type UpdateStateMachine is ambiguous.
    This will not be supported by -XDuplicateRecordFields in future releases of GHC.
    |
142 | updateStateMachine_stateMachineArn = Lens.lens (\UpdateStateMachine' {stateMachineArn} -> stateMachineArn) (\s@UpdateStateMachine' {} a -> s {stateMachineArn = a} :: UpdateStateMachine)
    |                                                                                                                                               ^^^^^^^^^^^^^^^^^^^
[82 of 84] Compiling Amazonka.StepFunctions.Lens
[83 of 84] Compiling Amazonka.StepFunctions.Waiters
[84 of 84] Compiling Amazonka.StepFunctions
Configuring test suite 'amazonka-stepfunctions-test' for amazonka-stepfunctions-2.0...
Preprocessing test suite 'amazonka-stepfunctions-test' for amazonka-stepfunctions-2.0...
Building test suite 'amazonka-stepfunctions-test' for amazonka-stepfunctions-2.0...
[1 of 4] Compiling Test.Amazonka.StepFunctions
[2 of 4] Compiling Test.Amazonka.StepFunctions.Internal
[3 of 4] Compiling Test.Amazonka.Gen.StepFunctions
[4 of 4] Compiling Main
[5 of 5] Linking /tmp/workdir-amazonka-stepfunctions/amazonka-stepfunctions-2.0/dist-newstyle/build/x86_64-linux/ghc-9.6.6/amazonka-stepfunctions-2.0/t/amazonka-stepfunctions-test/build/amazonka-stepfunctions-test/amazonka-stepfunctions-test
