Build profile: -w ghc-9.6.6 -O1
In order, the following will be built (use -v for more details):
 - cryptohash-sha1-0.11.101.0 (lib) (first run)
 - cryptohash-sha1-0.11.101.0 (test:test-sha1) (first run)
Configuring library for cryptohash-sha1-0.11.101.0...
Preprocessing library for cryptohash-sha1-0.11.101.0...
Building library for cryptohash-sha1-0.11.101.0...
[1 of 3] Compiling Compat
[2 of 3] Compiling Crypto.Hash.SHA1.FFI
[3 of 3] Compiling Crypto.Hash.SHA1

src/Crypto/Hash/SHA1.hs:133:19: warning: [GHC-68441] [-Wdeprecations]
    In the use of ‘memcpy’
    (imported from Data.ByteString.Internal, but defined in Data.ByteString.Internal.Type):
    Deprecated: "Use Foreign.Marshal.Utils.copyBytes instead"
    |
133 | copyCtx dst src = memcpy (castPtr dst) (castPtr src) (fromIntegral sizeCtx)
    |                   ^^^^^^
Configuring test suite 'test-sha1' for cryptohash-sha1-0.11.101.0...
Preprocessing test suite 'test-sha1' for cryptohash-sha1-0.11.101.0...
Building test suite 'test-sha1' for cryptohash-sha1-0.11.101.0...
[1 of 1] Compiling Main
[2 of 2] Linking /tmp/workdir-cryptohash-sha1/cryptohash-sha1-0.11.101.0/dist-newstyle/build/x86_64-linux/ghc-9.6.6/cryptohash-sha1-0.11.101.0/t/test-sha1/build/test-sha1/test-sha1
