Build profile: -w ghc-9.6.6 -O1
In order, the following will be built (use -v for more details):
 - mixed-types-num-0.5.12 (lib) (first run)
 - mixed-types-num-0.5.12 (test:mixed-types-num-test) (first run)
Configuring library for mixed-types-num-0.5.12...
Preprocessing library for mixed-types-num-0.5.12...
Building library for mixed-types-num-0.5.12...
[ 1 of 24] Compiling Data.Convertible.Base
[ 2 of 24] Compiling Data.Convertible.Utils
[ 3 of 24] Compiling Data.Convertible.Instances.Num
[ 4 of 24] Compiling Numeric.MixedTypes.PreludeHiding
[ 5 of 24] Compiling Paths_mixed_types_num
[ 6 of 24] Compiling Utils.TH.DeclForTypes
[ 7 of 24] Compiling Numeric.MixedTypes.Literals
[ 8 of 24] Compiling Numeric.MixedTypes.Bool
[ 9 of 24] Compiling Numeric.MixedTypes.Ord
[10 of 24] Compiling Numeric.MixedTypes.Eq
[11 of 24] Compiling Numeric.MixedTypes.Reduce
[12 of 24] Compiling Numeric.MixedTypes.MinMaxAbs
[13 of 24] Compiling Numeric.MixedTypes.AddSub
[14 of 24] Compiling Numeric.MixedTypes.Mul
[15 of 24] Compiling Numeric.MixedTypes.Round
[16 of 24] Compiling Numeric.MixedTypes.Ring
[17 of 24] Compiling Numeric.MixedTypes.Power
[18 of 24] Compiling Numeric.MixedTypes.Div
[19 of 24] Compiling Numeric.MixedTypes.Field
[20 of 24] Compiling Utils.Test.EnforceRange
[21 of 24] Compiling Numeric.MixedTypes.Elementary
[22 of 24] Compiling Numeric.MixedTypes.Complex
[23 of 24] Compiling MixedTypesNumPrelude
[24 of 24] Compiling Numeric.OrdGenericBool
Configuring test suite 'mixed-types-num-test' for mixed-types-num-0.5.12...
Preprocessing test suite 'mixed-types-num-test' for mixed-types-num-0.5.12...
Building test suite 'mixed-types-num-test' for mixed-types-num-0.5.12...
[ 1 of 10] Compiling Numeric.MixedTypes.AddSubSpec
[ 2 of 10] Compiling Numeric.MixedTypes.BoolSpec
[ 3 of 10] Compiling Numeric.MixedTypes.EqOrdSpec
[ 4 of 10] Compiling Numeric.MixedTypes.FieldSpec
[ 5 of 10] Compiling Numeric.MixedTypes.LiteralsSpec
[ 6 of 10] Compiling Numeric.MixedTypes.MinMaxAbsSpec
[ 7 of 10] Compiling Numeric.MixedTypes.RingSpec
[ 8 of 10] Compiling Numeric.MixedTypes.RoundSpec
[ 9 of 10] Compiling Main
[10 of 10] Compiling Paths_mixed_types_num
[11 of 11] Linking /tmp/workdir-mixed-types-num/mixed-types-num-0.5.12/dist-newstyle/build/x86_64-linux/ghc-9.6.6/mixed-types-num-0.5.12/t/mixed-types-num-test/build/mixed-types-num-test/mixed-types-num-test
