Build profile: -w ghc-9.6.6 -O1
In order, the following will be built (use -v for more details):
 - strict-tuple-0.1.5.4 (lib) (first run)
 - strict-tuple-0.1.5.4 (test:tests) (first run)
Configuring library for strict-tuple-0.1.5.4...
Preprocessing library for strict-tuple-0.1.5.4...
Building library for strict-tuple-0.1.5.4...
[ 1 of 20] Compiling Data.Tuple.Strict.T1
[ 2 of 20] Compiling Data.Tuple.Strict.T10
[ 3 of 20] Compiling Data.Tuple.Strict.T11
[ 4 of 20] Compiling Data.Tuple.Strict.T12
[ 5 of 20] Compiling Data.Tuple.Strict.T13
[ 6 of 20] Compiling Data.Tuple.Strict.T14
[ 7 of 20] Compiling Data.Tuple.Strict.T15
[ 8 of 20] Compiling Data.Tuple.Strict.T16
[ 9 of 20] Compiling Data.Tuple.Strict.T17
[10 of 20] Compiling Data.Tuple.Strict.T18
[11 of 20] Compiling Data.Tuple.Strict.T19
[12 of 20] Compiling Data.Tuple.Strict.T2
[13 of 20] Compiling Data.Tuple.Strict.T3
[14 of 20] Compiling Data.Tuple.Strict.T4
[15 of 20] Compiling Data.Tuple.Strict.T5
[16 of 20] Compiling Data.Tuple.Strict.T6
[17 of 20] Compiling Data.Tuple.Strict.T7
[18 of 20] Compiling Data.Tuple.Strict.T8
[19 of 20] Compiling Data.Tuple.Strict.T9
[20 of 20] Compiling Data.Tuple.Strict
Configuring test suite 'tests' for strict-tuple-0.1.5.4...
Preprocessing test suite 'tests' for strict-tuple-0.1.5.4...
Building test suite 'tests' for strict-tuple-0.1.5.4...
[1 of 1] Compiling Main
[2 of 2] Linking /tmp/workdir-strict-tuple/strict-tuple-0.1.5.4/dist-newstyle/build/x86_64-linux/ghc-9.6.6/strict-tuple-0.1.5.4/t/tests/build/tests/tests
