Build profile: -w ghc-9.6.6 -O1
In order, the following will be built (use -v for more details):
 - fits-parse-0.3.6 (lib) (first run)
 - fits-parse-0.3.6 (exe:omnibus) (first run)
 - fits-parse-0.3.6 (test:fits-tests) (first run)
Configuring library for fits-parse-0.3.6...
Preprocessing library for fits-parse-0.3.6...
Building library for fits-parse-0.3.6...
[1 of 4] Compiling Data.Fits
[2 of 4] Compiling Data.Fits.MegaParser
[3 of 4] Compiling Data.Fits.Read
[4 of 4] Compiling Paths_fits_parse
Configuring executable 'omnibus' for fits-parse-0.3.6...
Preprocessing executable 'omnibus' for fits-parse-0.3.6...
Building executable 'omnibus' for fits-parse-0.3.6...
[1 of 2] Compiling Main
[2 of 2] Compiling Paths_fits_parse
[3 of 3] Linking /tmp/workdir-fits-parse/fits-parse-0.3.6/dist-newstyle/build/x86_64-linux/ghc-9.6.6/fits-parse-0.3.6/x/omnibus/build/omnibus/omnibus
Configuring test suite 'fits-tests' for fits-parse-0.3.6...
Preprocessing test suite 'fits-tests' for fits-parse-0.3.6...
Building test suite 'fits-tests' for fits-parse-0.3.6...
[1 of 2] Compiling Main
[2 of 2] Compiling Paths_fits_parse
[3 of 3] Linking /tmp/workdir-fits-parse/fits-parse-0.3.6/dist-newstyle/build/x86_64-linux/ghc-9.6.6/fits-parse-0.3.6/t/fits-tests/build/fits-tests/fits-tests
