Build profile: -w ghc-9.6.6 -O1
In order, the following will be built (use -v for more details):
 - natural-transformation-0.4 (lib) (first run)
 - natural-transformation-0.4 (test:natural-transformation-properties) (first run)
Configuring library for natural-transformation-0.4...
Preprocessing library for natural-transformation-0.4...
Building library for natural-transformation-0.4...
[1 of 3] Compiling Control.Natural

src/Control/Natural.hs:38:1: warning: [-Wunused-imports]
    The import of ‘Data.Semigroup’ is redundant
      except perhaps to import instances from ‘Data.Semigroup’
    To import instances alone, use: import Data.Semigroup()
   |
38 | import           Data.Semigroup (Semigroup(..))
   | ^^^^^^^^^^^^^^^^^^^^^^^^^^^^^^^^^^^^^^^^^^^^^^^
[2 of 3] Compiling Control.Natural.RULES

src/Control/Natural/RULES.hs:28:11: warning: [GHC-87502] [-Winline-rule-shadowing]
    Rule "natural free theorem" may never fire
      because rule "Class op fmap" for ‘fmap’ might fire first
    Suggested fix: Add phase [n] or [~n] to the competing rule
   |
28 | {-# RULES "natural free theorem" [~]
   |           ^^^^^^^^^^^^^^^^^^^^^^^^^^...

src/Control/Natural/RULES.hs:28:11: warning: [GHC-95396] [-Winline-rule-shadowing]
    Rule "natural free theorem" may never fire
      because ‘#’ might inline first
    Suggested fix: Add an INLINE[n] or NOINLINE[n] pragma for ‘#’
   |
28 | {-# RULES "natural free theorem" [~]
   |           ^^^^^^^^^^^^^^^^^^^^^^^^^^...

src/Control/Natural/RULES.hs:28:11: warning: [GHC-95396] [-Winline-rule-shadowing]
    Rule "natural free theorem" may never fire
      because ‘.’ might inline first
    Suggested fix: Add an INLINE[n] or NOINLINE[n] pragma for ‘.’
   |
28 | {-# RULES "natural free theorem" [~]
   |           ^^^^^^^^^^^^^^^^^^^^^^^^^^...
[3 of 3] Compiling Control.Object
Configuring test suite 'natural-transformation-properties' for natural-transformation-0.4...
Preprocessing test suite 'natural-transformation-properties' for natural-transformation-0.4...
Building test suite 'natural-transformation-properties' for natural-transformation-0.4...
[1 of 1] Compiling Main
[2 of 2] Linking /tmp/workdir-natural-transformation/natural-transformation-0.4/dist-newstyle/build/x86_64-linux/ghc-9.6.6/natural-transformation-0.4/t/natural-transformation-properties/build/natural-transformation-properties/natural-transformation-properties
