Build profile: -w ghc-9.6.6 -O1
In order, the following will be built (use -v for more details):
 - koji-tool-1.1.1 (exe:koji-tool) (first run)
 - koji-tool-1.1.1 (test:test) (first run)
Configuring executable 'koji-tool' for koji-tool-1.1.1...
Preprocessing executable 'koji-tool' for koji-tool-1.1.1...
Building executable 'koji-tool' for koji-tool-1.1.1...
[ 1 of 13] Compiling Common
[ 2 of 13] Compiling BuildlogSizes
[ 3 of 13] Compiling DownloadDir
[ 4 of 13] Compiling Paths_koji_tool
[ 5 of 13] Compiling Time
[ 6 of 13] Compiling User
[ 7 of 13] Compiling Utils
[ 8 of 13] Compiling Install
[ 9 of 13] Compiling Tasks
[10 of 13] Compiling Progress
[11 of 13] Compiling Builds
[12 of 13] Compiling Find
[13 of 13] Compiling Main
[14 of 14] Linking /tmp/workdir-koji-tool/koji-tool-1.1.1/dist-newstyle/build/x86_64-linux/ghc-9.6.6/koji-tool-1.1.1/x/koji-tool/build/koji-tool/koji-tool
Configuring test suite 'test' for koji-tool-1.1.1...
Preprocessing test suite 'test' for koji-tool-1.1.1...
Building test suite 'test' for koji-tool-1.1.1...
[1 of 1] Compiling Main
[2 of 2] Linking /tmp/workdir-koji-tool/koji-tool-1.1.1/dist-newstyle/build/x86_64-linux/ghc-9.6.6/koji-tool-1.1.1/t/test/build/test/test
