Build profile: -w ghc-9.6.6 -O1
In order, the following will be built (use -v for more details):
 - clientsession-0.9.2.0 (lib) (first run)
 - clientsession-0.9.2.0 (test:runtests) (first run)
 - clientsession-0.9.2.0 (exe:clientsession-generate) (first run)
Configuring library for clientsession-0.9.2.0...
Preprocessing library for clientsession-0.9.2.0...
Building library for clientsession-0.9.2.0...
[1 of 2] Compiling System.LookupEnv
[2 of 2] Compiling Web.ClientSession

src/Web/ClientSession.hs:62:1: warning: [-Wunused-imports]
    The import of ‘Control.Applicative’ is redundant
      except perhaps to import instances from ‘Control.Applicative’
    To import instances alone, use: import Control.Applicative()
   |
62 | import Control.Applicative ((<$>))
   | ^^^^^^^^^^^^^^^^^^^^^^^^^^^^^^^^^^

src/Web/ClientSession.hs:93:1: warning: [-Wunused-imports]
    The import of ‘Data.Tagged’ is redundant
      except perhaps to import instances from ‘Data.Tagged’
    To import instances alone, use: import Data.Tagged()
   |
93 | import Data.Tagged (Tagged, untag)
   | ^^^^^^^^^^^^^^^^^^^^^^^^^^^^^^^^^^
Configuring test suite 'runtests' for clientsession-0.9.2.0...
Preprocessing test suite 'runtests' for clientsession-0.9.2.0...
Building test suite 'runtests' for clientsession-0.9.2.0...
[1 of 1] Compiling Main
[2 of 2] Linking /tmp/workdir-clientsession/clientsession-0.9.2.0/dist-newstyle/build/x86_64-linux/ghc-9.6.6/clientsession-0.9.2.0/t/runtests/build/runtests/runtests
Configuring executable 'clientsession-generate' for clientsession-0.9.2.0...
Preprocessing executable 'clientsession-generate' for clientsession-0.9.2.0...
Building executable 'clientsession-generate' for clientsession-0.9.2.0...
[1 of 1] Compiling Main
[2 of 2] Linking /tmp/workdir-clientsession/clientsession-0.9.2.0/dist-newstyle/build/x86_64-linux/ghc-9.6.6/clientsession-0.9.2.0/x/clientsession-generate/build/clientsession-generate/clientsession-generate
