Resolving dependencies...
Build profile: -w ghc-9.6.6 -O1
In order, the following will be built (use -v for more details):
 - mwc-probability-2.3.1 (lib) (requires build)
 - pipes-4.3.16 (lib) (requires build)
 - mcmc-types-1.0.3 (lib) (requires build)
 - speedy-slice-0.3.2 (lib) (requires build)
 - mighty-metropolis-2.0.0 (lib) (requires build)
 - hasty-hamiltonian-1.3.4 (lib) (requires build)
Starting     mwc-probability-2.3.1 (lib)
Starting     pipes-4.3.16 (lib)
Building     mwc-probability-2.3.1 (lib)
Building     pipes-4.3.16 (lib)
Installing   pipes-4.3.16 (lib)
Completed    pipes-4.3.16 (lib)
Installing   mwc-probability-2.3.1 (lib)
Completed    mwc-probability-2.3.1 (lib)
Starting     mcmc-types-1.0.3 (lib)
Building     mcmc-types-1.0.3 (lib)
Installing   mcmc-types-1.0.3 (lib)
Completed    mcmc-types-1.0.3 (lib)
Starting     speedy-slice-0.3.2 (lib)
Starting     mighty-metropolis-2.0.0 (lib)
Starting     hasty-hamiltonian-1.3.4 (lib)
Building     hasty-hamiltonian-1.3.4 (lib)
Building     speedy-slice-0.3.2 (lib)
Building     mighty-metropolis-2.0.0 (lib)
Installing   mighty-metropolis-2.0.0 (lib)
Installing   hasty-hamiltonian-1.3.4 (lib)
Installing   speedy-slice-0.3.2 (lib)
Completed    mighty-metropolis-2.0.0 (lib)
Completed    hasty-hamiltonian-1.3.4 (lib)
Completed    speedy-slice-0.3.2 (lib)
