Build profile: -w ghc-9.6.6 -O1
In order, the following will be built (use -v for more details):
 - promises-0.3 (lib) (first run)
Configuring library for promises-0.3...
Preprocessing library for promises-0.3...
Building library for promises-0.3...
[1 of 1] Compiling Data.Promise

src/Data/Promise.hs:73:3: warning: [-Wnoncanonical-monad-instances]
    Noncanonical ‘pure = return’ definition detected
    in the instance declaration for ‘Applicative (Lazy s)’.
    Move definition from ‘return’ to ‘pure’
    See also: https://gitlab.haskell.org/ghc/ghc/-/wikis/proposal/monad-of-no-return
   |
73 |   pure = return
   |   ^^^^^^^^^^^^^

src/Data/Promise.hs:77:3: warning: [-Wnoncanonical-monad-instances]
    Noncanonical ‘return’ definition detected
    in the instance declaration for ‘Monad (Lazy s)’.
    ‘return’ will eventually be removed in favour of ‘pure’
    Either remove definition for ‘return’ (recommended) or define as ‘return = pure’
    See also: https://gitlab.haskell.org/ghc/ghc/-/wikis/proposal/monad-of-no-return
   |
77 |   return a = Lazy $ \_ -> return $ Pure a
   |   ^^^^^^^^^^^^^^^^^^^^^^^^^^^^^^^^^^^^^^^
