Build profile: -w ghc-9.6.6 -O1
In order, the following will be built (use -v for more details):
 - literatex-0.3.0.0 (lib) (first run)
 - literatex-0.3.0.0 (test:literatex-test) (first run)
 - literatex-0.3.0.0 (exe:literatex) (first run)
Configuring library for literatex-0.3.0.0...
Preprocessing library for literatex-0.3.0.0...
Building library for literatex-0.3.0.0...
[ 1 of 10] Compiling LiterateX.Types.CodeLanguage
[ 2 of 10] Compiling LiterateX.Types.SourceFormat
[ 3 of 10] Compiling LiterateX.Types.SourceLine
[ 4 of 10] Compiling LiterateX.Types.TargetFormat
[ 5 of 10] Compiling LiterateX.Types
[ 6 of 10] Compiling LiterateX.SourceDefaults
[ 7 of 10] Compiling LiterateX.Parser
[ 8 of 10] Compiling LiterateX.Renderer
[ 9 of 10] Compiling Paths_literatex
[10 of 10] Compiling LiterateX
Configuring test suite 'literatex-test' for literatex-0.3.0.0...
Preprocessing test suite 'literatex-test' for literatex-0.3.0.0...
Building test suite 'literatex-test' for literatex-0.3.0.0...
[ 1 of 10] Compiling LiterateX.Test.API
[ 2 of 10] Compiling LiterateX.Test.SourceFormat.DoubleDash
[ 3 of 10] Compiling LiterateX.Test.SourceFormat.DoubleSlash
[ 4 of 10] Compiling LiterateX.Test.SourceFormat.Hash
[ 5 of 10] Compiling LiterateX.Test.SourceFormat.LispSemicolons
[ 6 of 10] Compiling LiterateX.Test.SourceFormat.LiterateHaskell
[ 7 of 10] Compiling LiterateX.Test.SourceFormat.Percent
[ 8 of 10] Compiling LiterateX.Test.SourceFormat
[ 9 of 10] Compiling LiterateX.Test.TargetFormat
[10 of 10] Compiling Main
[11 of 11] Linking /tmp/workdir-literatex/literatex-0.3.0.0/dist-newstyle/build/x86_64-linux/ghc-9.6.6/literatex-0.3.0.0/t/literatex-test/build/literatex-test/literatex-test
Configuring executable 'literatex' for literatex-0.3.0.0...
Preprocessing executable 'literatex' for literatex-0.3.0.0...
Building executable 'literatex' for literatex-0.3.0.0...
[1 of 2] Compiling LibOA
[2 of 2] Compiling Main
[3 of 3] Linking /tmp/workdir-literatex/literatex-0.3.0.0/dist-newstyle/build/x86_64-linux/ghc-9.6.6/literatex-0.3.0.0/x/literatex/build/literatex/literatex
