Build profile: -w ghc-9.6.6 -O1
In order, the following will be built (use -v for more details):
 - servant-docs-0.13.1 (lib) (first run)
 - servant-docs-0.13.1 (test:spec) (first run)
 - servant-docs-0.13.1 (exe:greet-docs) (first run)
Configuring library for servant-docs-0.13.1...
Preprocessing library for servant-docs-0.13.1...
Building library for servant-docs-0.13.1...
[1 of 3] Compiling Servant.Docs.Internal

src/Servant/Docs/Internal.hs:57:1: warning: [-Wunused-imports]
    The import of ‘Generic, Rep’
    from module ‘GHC.Generics’ is redundant
   |
57 | import           GHC.Generics
   | ^^^^^^^^^^^^^^^^^^^^^^^^^^^^^...

src/Servant/Docs/Internal.hs:132:5: warning: [-Wnoncanonical-monoid-instances]
    Noncanonical ‘(<>) = mappend’ definition detected
    in the instance declaration for ‘Semigroup API’.
    Move definition from ‘mappend’ to ‘(<>)’
    See also: https://gitlab.haskell.org/ghc/ghc/-/wikis/proposal/semigroup-monoid
    |
132 |     (<>) = mappend
    |     ^^^^^^^^^^^^^^

src/Servant/Docs/Internal.hs:135:5: warning: [-Wnoncanonical-monoid-instances]
    Noncanonical ‘mappend’ definition detected
    in the instance declaration for ‘Monoid API’.
    ‘mappend’ will eventually be removed in favour of ‘(<>)’
    Either remove definition for ‘mappend’ (recommended) or define as ‘mappend = (<>)’
    See also: https://gitlab.haskell.org/ghc/ghc/-/wikis/proposal/semigroup-monoid
    |
135 |     API a1 b1 `mappend` API a2 b2 = API (a1 `mappend` a2)
    |     ^^^^^^^^^^^^^^^^^^^^^^^^^^^^^^^^^^^^^^^^^^^^^^^^^^^^^...

src/Servant/Docs/Internal.hs:211:5: warning: [-Wnoncanonical-monoid-instances]
    Noncanonical ‘(<>) = mappend’ definition detected
    in the instance declaration for ‘Semigroup (ExtraInfo a)’.
    Move definition from ‘mappend’ to ‘(<>)’
    See also: https://gitlab.haskell.org/ghc/ghc/-/wikis/proposal/semigroup-monoid
    |
211 |     (<>) = mappend
    |     ^^^^^^^^^^^^^^

src/Servant/Docs/Internal.hs:214:5: warning: [-Wnoncanonical-monoid-instances]
    Noncanonical ‘mappend’ definition detected
    in the instance declaration for ‘Monoid (ExtraInfo a)’.
    ‘mappend’ will eventually be removed in favour of ‘(<>)’
    Either remove definition for ‘mappend’ (recommended) or define as ‘mappend = (<>)’
    See also: https://gitlab.haskell.org/ghc/ghc/-/wikis/proposal/semigroup-monoid
    |
214 |     ExtraInfo a `mappend` ExtraInfo b =
    |     ^^^^^^^^^^^^^^^^^^^^^^^^^^^^^^^^^^^...

src/Servant/Docs/Internal.hs:968:47: warning: [-Wunused-record-wildcards]
    No variables bound in the record wildcard match are used
      Possible fix: omit the ‘..’
    |
968 |   docsFor Proxy (endpoint, action) DocOptions{..} =
    |                                               ^^

src/Servant/Docs/Internal.hs:986:47: warning: [-Wunused-record-wildcards]
    No variables bound in the record wildcard match are used
      Possible fix: omit the ‘..’
    |
986 |   docsFor Proxy (endpoint, action) DocOptions{..} =
    |                                               ^^
[2 of 3] Compiling Servant.Docs.Internal.Pretty
[3 of 3] Compiling Servant.Docs
Configuring test suite 'spec' for servant-docs-0.13.1...
Preprocessing test suite 'spec' for servant-docs-0.13.1...
Building test suite 'spec' for servant-docs-0.13.1...
[1 of 2] Compiling Servant.DocsSpec
[2 of 2] Compiling Main
[3 of 3] Linking /tmp/workdir-servant-docs/servant-docs-0.13.1/dist-newstyle/build/x86_64-linux/ghc-9.6.6/servant-docs-0.13.1/t/spec/build/spec/spec
Configuring executable 'greet-docs' for servant-docs-0.13.1...
Preprocessing executable 'greet-docs' for servant-docs-0.13.1...
Building executable 'greet-docs' for servant-docs-0.13.1...
[1 of 1] Compiling Main
[2 of 2] Linking /tmp/workdir-servant-docs/servant-docs-0.13.1/dist-newstyle/build/x86_64-linux/ghc-9.6.6/servant-docs-0.13.1/x/greet-docs/build/greet-docs/greet-docs
