Build profile: -w ghc-9.6.6 -O1
In order, the following will be built (use -v for more details):
 - wai-middleware-metrics-0.2.4 (lib) (first run)
 - wai-middleware-metrics-0.2.4 (test:metrics-test) (first run)
Configuring library for wai-middleware-metrics-0.2.4...
Preprocessing library for wai-middleware-metrics-0.2.4...
Building library for wai-middleware-metrics-0.2.4...
[1 of 1] Compiling Network.Wai.Metrics

Network/Wai/Metrics.hs:50:1: warning: [-Wunused-imports]
    The import of ‘Data.Monoid’ is redundant
      except perhaps to import instances from ‘Data.Monoid’
    To import instances alone, use: import Data.Monoid()
   |
50 | import           Data.Monoid                 ((<>))
   | ^^^^^^^^^^^^^^^^^^^^^^^^^^^^^^^^^^^^^^^^^^^^^^^^^^^
Configuring test suite 'metrics-test' for wai-middleware-metrics-0.2.4...
Preprocessing test suite 'metrics-test' for wai-middleware-metrics-0.2.4...
Building test suite 'metrics-test' for wai-middleware-metrics-0.2.4...
[1 of 2] Compiling Network.Wai.Metrics
[2 of 2] Compiling Main

tests.hs:83:30: warning: [GHC-68441] [-Wdeprecations]
    In the use of ‘assert’
    (imported from Test.Tasty.HUnit, but defined in Test.Tasty.HUnit.Orig):
    Deprecated: "This class or type seems dubious. If you have a good use case for it, please create an issue for tasty. Otherwise, it may be removed in a future version."
   |
83 |                              assert $ between 0.1 0.11 (Distribution.mean s)
   |                              ^^^^^^
[3 of 3] Linking /tmp/workdir-wai-middleware-metrics/wai-middleware-metrics-0.2.4/dist-newstyle/build/x86_64-linux/ghc-9.6.6/wai-middleware-metrics-0.2.4/t/metrics-test/build/metrics-test/metrics-test
