Build profile: -w ghc-9.6.6 -O1
In order, the following will be built (use -v for more details):
 - monad-logger-aeson-0.4.1.3 (lib) (first run)
 - monad-logger-aeson-0.4.1.3 (exe:readme-example) (first run)
 - monad-logger-aeson-0.4.1.3 (test:monad-logger-aeson-test-suite) (first run)
Configuring library for monad-logger-aeson-0.4.1.3...
Preprocessing library for monad-logger-aeson-0.4.1.3...
Building library for monad-logger-aeson-0.4.1.3...
[1 of 3] Compiling Control.Monad.Logger.Aeson.Internal
[2 of 3] Compiling Control.Monad.Logger.Aeson
[3 of 3] Compiling Paths_monad_logger_aeson
Configuring executable 'readme-example' for monad-logger-aeson-0.4.1.3...
Preprocessing executable 'readme-example' for monad-logger-aeson-0.4.1.3...
Building executable 'readme-example' for monad-logger-aeson-0.4.1.3...
[1 of 2] Compiling Main
[2 of 2] Compiling Paths_monad_logger_aeson
[3 of 3] Linking /tmp/workdir-monad-logger-aeson/monad-logger-aeson-0.4.1.3/dist-newstyle/build/x86_64-linux/ghc-9.6.6/monad-logger-aeson-0.4.1.3/x/readme-example/build/readme-example/readme-example
Configuring test suite 'monad-logger-aeson-test-suite' for monad-logger-aeson-0.4.1.3...
Preprocessing test suite 'monad-logger-aeson-test-suite' for monad-logger-aeson-0.4.1.3...
Building test suite 'monad-logger-aeson-test-suite' for monad-logger-aeson-0.4.1.3...
[ 1 of 68] Compiling Paths_monad_logger_aeson
[ 2 of 68] Compiling TestCase
[ 3 of 68] Compiling TestCase.LogDebug.MetadataNoThreadContextNo
[ 4 of 68] Compiling TestCase.LogDebug.MetadataNoThreadContextYes
[ 5 of 68] Compiling TestCase.LogDebug.MetadataYesThreadContextNo
[ 6 of 68] Compiling TestCase.LogDebug.MetadataYesThreadContextYes
[ 7 of 68] Compiling TestCase.LogDebugN.MetadataNoThreadContextNo
[ 8 of 68] Compiling TestCase.LogDebugN.MetadataNoThreadContextYes
[ 9 of 68] Compiling TestCase.LogDebugN.MetadataYesThreadContextNo
[10 of 68] Compiling TestCase.LogDebugN.MetadataYesThreadContextYes
[11 of 68] Compiling TestCase.LogDebugNS.MetadataNoThreadContextNo
[12 of 68] Compiling TestCase.LogDebugNS.MetadataNoThreadContextYes
[13 of 68] Compiling TestCase.LogDebugNS.MetadataYesThreadContextNo
[14 of 68] Compiling TestCase.LogDebugNS.MetadataYesThreadContextYes
[15 of 68] Compiling TestCase.LogError.MetadataNoThreadContextNo
[16 of 68] Compiling TestCase.LogError.MetadataNoThreadContextYes
[17 of 68] Compiling TestCase.LogError.MetadataYesThreadContextNo
[18 of 68] Compiling TestCase.LogError.MetadataYesThreadContextYes
[19 of 68] Compiling TestCase.LogErrorN.MetadataNoThreadContextNo
[20 of 68] Compiling TestCase.LogErrorN.MetadataNoThreadContextYes
[21 of 68] Compiling TestCase.LogErrorN.MetadataYesThreadContextNo
[22 of 68] Compiling TestCase.LogErrorN.MetadataYesThreadContextYes
[23 of 68] Compiling TestCase.LogErrorNS.MetadataNoThreadContextNo
[24 of 68] Compiling TestCase.LogErrorNS.MetadataNoThreadContextYes
[25 of 68] Compiling TestCase.LogErrorNS.MetadataYesThreadContextNo
[26 of 68] Compiling TestCase.LogErrorNS.MetadataYesThreadContextYes
[27 of 68] Compiling TestCase.LogInfo.MetadataNoThreadContextNo
[28 of 68] Compiling TestCase.LogInfo.MetadataNoThreadContextYes
[29 of 68] Compiling TestCase.LogInfo.MetadataYesThreadContextNo
[30 of 68] Compiling TestCase.LogInfo.MetadataYesThreadContextYes
[31 of 68] Compiling TestCase.LogInfoN.MetadataNoThreadContextNo
[32 of 68] Compiling TestCase.LogInfoN.MetadataNoThreadContextYes
[33 of 68] Compiling TestCase.LogInfoN.MetadataYesThreadContextNo
[34 of 68] Compiling TestCase.LogInfoN.MetadataYesThreadContextYes
[35 of 68] Compiling TestCase.LogInfoNS.MetadataNoThreadContextNo
[36 of 68] Compiling TestCase.LogInfoNS.MetadataNoThreadContextYes
[37 of 68] Compiling TestCase.LogInfoNS.MetadataYesThreadContextNo
[38 of 68] Compiling TestCase.LogInfoNS.MetadataYesThreadContextYes
[39 of 68] Compiling TestCase.LogOther.MetadataNoThreadContextNo
[40 of 68] Compiling TestCase.LogOther.MetadataNoThreadContextYes
[41 of 68] Compiling TestCase.LogOther.MetadataYesThreadContextNo
[42 of 68] Compiling TestCase.LogOther.MetadataYesThreadContextYes
[43 of 68] Compiling TestCase.LogOtherN.MetadataNoThreadContextNo
[44 of 68] Compiling TestCase.LogOtherN.MetadataNoThreadContextYes
[45 of 68] Compiling TestCase.LogOtherN.MetadataYesThreadContextNo
[46 of 68] Compiling TestCase.LogOtherN.MetadataYesThreadContextYes
[47 of 68] Compiling TestCase.LogOtherNS.MetadataNoThreadContextNo
[48 of 68] Compiling TestCase.LogOtherNS.MetadataNoThreadContextYes
[49 of 68] Compiling TestCase.LogOtherNS.MetadataYesThreadContextNo
[50 of 68] Compiling TestCase.LogOtherNS.MetadataYesThreadContextYes
[51 of 68] Compiling TestCase.LogWarn.MetadataNoThreadContextNo
[52 of 68] Compiling TestCase.LogWarn.MetadataNoThreadContextYes
[53 of 68] Compiling TestCase.LogWarn.MetadataYesThreadContextNo
[54 of 68] Compiling TestCase.LogWarn.MetadataYesThreadContextYes
[55 of 68] Compiling TestCase.LogWarnN.MetadataNoThreadContextNo
[56 of 68] Compiling TestCase.LogWarnN.MetadataNoThreadContextYes
[57 of 68] Compiling TestCase.LogWarnN.MetadataYesThreadContextNo
[58 of 68] Compiling TestCase.LogWarnN.MetadataYesThreadContextYes
[59 of 68] Compiling TestCase.LogWarnNS.MetadataNoThreadContextNo
[60 of 68] Compiling TestCase.LogWarnNS.MetadataNoThreadContextYes
[61 of 68] Compiling TestCase.LogWarnNS.MetadataYesThreadContextNo
[62 of 68] Compiling TestCase.LogWarnNS.MetadataYesThreadContextYes
[63 of 68] Compiling TestCase.MonadLogger.LogDebug.ThreadContextNo
[64 of 68] Compiling TestCase.MonadLogger.LogDebug.ThreadContextYes
[65 of 68] Compiling TestCase.MonadLogger.LogDebugN.ThreadContextNo
[66 of 68] Compiling TestCase.MonadLogger.LogDebugN.ThreadContextYes
[67 of 68] Compiling Test.Control.Monad.Logger.AesonSpec
[68 of 68] Compiling Main
[69 of 69] Linking /tmp/workdir-monad-logger-aeson/monad-logger-aeson-0.4.1.3/dist-newstyle/build/x86_64-linux/ghc-9.6.6/monad-logger-aeson-0.4.1.3/t/monad-logger-aeson-test-suite/build/monad-logger-aeson-test-suite/monad-logger-aeson-test-suite
