Build profile: -w ghc-9.6.6 -O1
In order, the following will be built (use -v for more details):
 - comonad-5.0.8 (lib) (first run)
Configuring library for comonad-5.0.8...
Preprocessing library for comonad-5.0.8...
Building library for comonad-5.0.8...
[ 1 of 15] Compiling Control.Comonad
[ 2 of 15] Compiling Control.Comonad.Hoist.Class
[ 3 of 15] Compiling Control.Comonad.Trans.Class
[ 4 of 15] Compiling Control.Comonad.Trans.Env
[ 5 of 15] Compiling Control.Comonad.Trans.Identity
[ 6 of 15] Compiling Control.Comonad.Identity
[ 7 of 15] Compiling Control.Comonad.Trans.Store
[ 8 of 15] Compiling Control.Comonad.Trans.Traced
[ 9 of 15] Compiling Control.Comonad.Traced.Class
[10 of 15] Compiling Control.Comonad.Traced
[11 of 15] Compiling Control.Comonad.Store.Class
[12 of 15] Compiling Control.Comonad.Store
[13 of 15] Compiling Control.Comonad.Env.Class
[14 of 15] Compiling Control.Comonad.Env
[15 of 15] Compiling Data.Functor.Composition
