Build profile: -w ghc-9.6.6 -O1
In order, the following will be built (use -v for more details):
 - wl-pprint-annotated-0.1.0.1 (lib) (first run)
 - wl-pprint-annotated-0.1.0.1 (test:wl-pprint) (first run)
Configuring library for wl-pprint-annotated-0.1.0.1...
Preprocessing library for wl-pprint-annotated-0.1.0.1...
Building library for wl-pprint-annotated-0.1.0.1...
[1 of 2] Compiling Paths_wl_pprint_annotated
[2 of 2] Compiling Text.PrettyPrint.Annotated.WL

src/Text/PrettyPrint/Annotated/WL.hs:141:1: warning: [-Wunused-imports]
    The import of ‘Control.Applicative’ is redundant
      except perhaps to import instances from ‘Control.Applicative’
    To import instances alone, use: import Control.Applicative()
    |
141 | import Control.Applicative
    | ^^^^^^^^^^^^^^^^^^^^^^^^^^

src/Text/PrettyPrint/Annotated/WL.hs:143:1: warning: [-Wunused-imports]
    The import of ‘Data.Semigroup’ is redundant
      except perhaps to import instances from ‘Data.Semigroup’
    To import instances alone, use: import Data.Semigroup()
    |
143 | import Data.Semigroup
    | ^^^^^^^^^^^^^^^^^^^^^

src/Text/PrettyPrint/Annotated/WL.hs:245:35: warning: [GHC-62161] [-Wincomplete-uni-patterns]
    Pattern match(es) are non-exhaustive
    In a lambda abstraction:
        Patterns of type ‘[Doc a]’, ‘Doc a’ not matched: [] _
    |
245 | punctuate p xs = snd $ mapAccumL (\(d:ds) _ -> (ds, if null ds then d else d <> p)) (toList xs) xs
    |                                   ^^^^^^^^^^^^^^^^^^^^^^^^^^^^^^^^^^^^^^^^^^^^^^^^

src/Text/PrettyPrint/Annotated/WL.hs:345:3: warning: [-Wnoncanonical-monoid-instances]
    Noncanonical ‘mappend’ definition detected
    in the instance declaration for ‘Monoid (Doc a)’.
    ‘mappend’ will eventually be removed in favour of ‘(<>)’
    Either remove definition for ‘mappend’ (recommended) or define as ‘mappend = (<>)’
    See also: https://gitlab.haskell.org/ghc/ghc/-/wikis/proposal/semigroup-monoid
    |
345 |   mappend = Cat
    |   ^^^^^^^^^^^^^
Configuring test suite 'wl-pprint' for wl-pprint-annotated-0.1.0.1...
Preprocessing test suite 'wl-pprint' for wl-pprint-annotated-0.1.0.1...
Building test suite 'wl-pprint' for wl-pprint-annotated-0.1.0.1...
[1 of 2] Compiling Main
[2 of 2] Compiling Paths_wl_pprint_annotated
[3 of 3] Linking /tmp/workdir-wl-pprint-annotated/wl-pprint-annotated-0.1.0.1/dist-newstyle/build/x86_64-linux/ghc-9.6.6/wl-pprint-annotated-0.1.0.1/t/wl-pprint/build/wl-pprint/wl-pprint
