Build profile: -w ghc-9.6.6 -O1
In order, the following will be built (use -v for more details):
 - OpenGLRaw-3.3.4.1 (lib) (first run)
Configuring library for OpenGLRaw-3.3.4.1...
Preprocessing library for OpenGLRaw-3.3.4.1...
Building library for OpenGLRaw-3.3.4.1...
[  1 of 617] Compiling Graphics.GL.Groups
[  2 of 617] Compiling Graphics.GL.Types
[  3 of 617] Compiling Graphics.GL.Tokens
[  4 of 617] Compiling Graphics.GL.GetProcAddress
[  5 of 617] Compiling Graphics.GL.ExtensionPredicates
[  6 of 617] Compiling Graphics.GL.ThreeDFX.TextureCompressionFXT1
[  7 of 617] Compiling Graphics.GL.ThreeDFX.Multisample
[  8 of 617] Compiling Graphics.GL.SUN.SliceAccum
[  9 of 617] Compiling Graphics.GL.SUN.ConvolutionBorderModes
[ 10 of 617] Compiling Graphics.GL.SGIX.YCrCbA
[ 11 of 617] Compiling Graphics.GL.SGIX.YCrCb
[ 12 of 617] Compiling Graphics.GL.SGIX.VertexPreclip
[ 13 of 617] Compiling Graphics.GL.SGIX.TextureScaleBias
[ 14 of 617] Compiling Graphics.GL.SGIX.TextureMultiBuffer
[ 15 of 617] Compiling Graphics.GL.SGIX.TextureLODBias
[ 16 of 617] Compiling Graphics.GL.SGIX.TextureCoordinateClamp
[ 17 of 617] Compiling Graphics.GL.SGIX.TextureAddEnv
[ 18 of 617] Compiling Graphics.GL.SGIX.Subsample
[ 19 of 617] Compiling Graphics.GL.SGIX.ShadowAmbient
[ 20 of 617] Compiling Graphics.GL.SGIX.Shadow
[ 21 of 617] Compiling Graphics.GL.SGIX.ScalebiasHint
[ 22 of 617] Compiling Graphics.GL.SGIX.Resample
[ 23 of 617] Compiling Graphics.GL.SGIX.PixelTiles
[ 24 of 617] Compiling Graphics.GL.SGIX.IrInstrument1
[ 25 of 617] Compiling Graphics.GL.SGIX.Interlace
[ 26 of 617] Compiling Graphics.GL.SGIX.FogOffset
[ 27 of 617] Compiling Graphics.GL.SGIX.DepthTexture
[ 28 of 617] Compiling Graphics.GL.SGIX.ConvolutionAccuracy
[ 29 of 617] Compiling Graphics.GL.SGIX.Clipmap
[ 30 of 617] Compiling Graphics.GL.SGIX.CalligraphicFragment
[ 31 of 617] Compiling Graphics.GL.SGIX.BlendAlphaMinmax
[ 32 of 617] Compiling Graphics.GL.SGIX.AsyncPixel
[ 33 of 617] Compiling Graphics.GL.SGIX.AsyncHistogram
[ 34 of 617] Compiling Graphics.GL.SGIS.TextureSelect
[ 35 of 617] Compiling Graphics.GL.SGIS.TextureLOD
[ 36 of 617] Compiling Graphics.GL.SGIS.TextureEdgeClamp
[ 37 of 617] Compiling Graphics.GL.SGIS.TextureBorderClamp
[ 38 of 617] Compiling Graphics.GL.SGIS.PointLineTexgen
[ 39 of 617] Compiling Graphics.GL.SGIS.GenerateMipmap
[ 40 of 617] Compiling Graphics.GL.SGI.TextureColorTable
[ 41 of 617] Compiling Graphics.GL.SGI.ColorMatrix
[ 42 of 617] Compiling Graphics.GL.S3.S3TC
[ 43 of 617] Compiling Graphics.GL.S3
[ 44 of 617] Compiling Graphics.GL.REND.ScreenCoordinates
[ 45 of 617] Compiling Graphics.GL.REND
[ 46 of 617] Compiling Graphics.GL.PGI.VertexHints
[ 47 of 617] Compiling Graphics.GL.OML.Subsample
[ 48 of 617] Compiling Graphics.GL.OML.Resample
[ 49 of 617] Compiling Graphics.GL.OML.Interlace
[ 50 of 617] Compiling Graphics.GL.OML
[ 51 of 617] Compiling Graphics.GL.OES.ReadFormat
[ 52 of 617] Compiling Graphics.GL.OES.CompressedPalettedTexture
[ 53 of 617] Compiling Graphics.GL.NVX.GPUMemoryInfo
[ 54 of 617] Compiling Graphics.GL.NV.VertexProgram3
[ 55 of 617] Compiling Graphics.GL.NV.VertexProgram2Option
[ 56 of 617] Compiling Graphics.GL.NV.VertexArrayRange2
[ 57 of 617] Compiling Graphics.GL.NV.UniformBufferUnifiedMemory
[ 58 of 617] Compiling Graphics.GL.NV.TextureShader3
[ 59 of 617] Compiling Graphics.GL.NV.TextureShader2
[ 60 of 617] Compiling Graphics.GL.NV.TextureShader
[ 61 of 617] Compiling Graphics.GL.NV.TextureRectangle
[ 62 of 617] Compiling Graphics.GL.NV.TextureExpandNormal
[ 63 of 617] Compiling Graphics.GL.NV.TextureEnvCombine4
[ 64 of 617] Compiling Graphics.GL.NV.TexgenReflection
[ 65 of 617] Compiling Graphics.GL.NV.TexgenEmboss
[ 66 of 617] Compiling Graphics.GL.NV.TessellationProgram5
[ 67 of 617] Compiling Graphics.GL.NV.ShaderThreadGroup
[ 68 of 617] Compiling Graphics.GL.NV.ShaderSubgroupPartitioned
[ 69 of 617] Compiling Graphics.GL.NV.ShaderBufferStore
[ 70 of 617] Compiling Graphics.GL.NV.RobustnessVideoMemoryPurge
[ 71 of 617] Compiling Graphics.GL.NV.RepresentativeFragmentTest
[ 72 of 617] Compiling Graphics.GL.NV.PathRenderingSharedEdge
[ 73 of 617] Compiling Graphics.GL.NV.PackedDepthStencil
[ 74 of 617] Compiling Graphics.GL.NV.MultisampleFilterHint
[ 75 of 617] Compiling Graphics.GL.NV.MultisampleCoverage
[ 76 of 617] Compiling Graphics.GL.NV.LightMaxExponent
[ 77 of 617] Compiling Graphics.GL.NV.FragmentProgram2
[ 78 of 617] Compiling Graphics.GL.NV.FogDistance
[ 79 of 617] Compiling Graphics.GL.NV.FloatBuffer
[ 80 of 617] Compiling Graphics.GL.NV.FillRectangle
[ 81 of 617] Compiling Graphics.GL.NV.DepthClamp
[ 82 of 617] Compiling Graphics.GL.NV.DeepTexture3D
[ 83 of 617] Compiling Graphics.GL.NV.CopyDepthToColor
[ 84 of 617] Compiling Graphics.GL.NV.ConservativeRasterPreSnap
[ 85 of 617] Compiling Graphics.GL.NV.ComputeProgram5
[ 86 of 617] Compiling Graphics.GL.NV.BlendMinmaxFactor
[ 87 of 617] Compiling Graphics.GL.NV.BlendEquationAdvancedCoherent
[ 88 of 617] Compiling Graphics.GL.MESAX.TextureStack
[ 89 of 617] Compiling Graphics.GL.MESAX
[ 90 of 617] Compiling Graphics.GL.MESA.YCbCrTexture
[ 91 of 617] Compiling Graphics.GL.MESA.TileRasterOrder
[ 92 of 617] Compiling Graphics.GL.MESA.ProgramBinaryFormats
[ 93 of 617] Compiling Graphics.GL.MESA.PackInvert
[ 94 of 617] Compiling Graphics.GL.KHR.TextureCompressionASTCLDR
[ 95 of 617] Compiling Graphics.GL.KHR.TextureCompressionASTCHDR
[ 96 of 617] Compiling Graphics.GL.KHR.ShaderSubgroup
[ 97 of 617] Compiling Graphics.GL.KHR.NoError
[ 98 of 617] Compiling Graphics.GL.KHR.ContextFlushControl
[ 99 of 617] Compiling Graphics.GL.KHR.BlendEquationAdvancedCoherent
[100 of 617] Compiling Graphics.GL.INTEL.ConservativeRasterization
[101 of 617] Compiling Graphics.GL.INTEL.BlackholeRender
[102 of 617] Compiling Graphics.GL.INGR.InterlaceRead
[103 of 617] Compiling Graphics.GL.INGR.ColorClamp
[104 of 617] Compiling Graphics.GL.IBM.TextureMirroredRepeat
[105 of 617] Compiling Graphics.GL.IBM.RasterposClip
[106 of 617] Compiling Graphics.GL.IBM.CullVertex
[107 of 617] Compiling Graphics.GL.HP.TextureLighting
[108 of 617] Compiling Graphics.GL.HP.OcclusionTest
[109 of 617] Compiling Graphics.GL.HP.ConvolutionBorderModes
[110 of 617] Compiling Graphics.GL.EXT.VertexArrayBGRA
[111 of 617] Compiling Graphics.GL.EXT.TextureSwizzle
[112 of 617] Compiling Graphics.GL.EXT.TextureSharedExponent
[113 of 617] Compiling Graphics.GL.EXT.TextureSRGBR8
[114 of 617] Compiling Graphics.GL.EXT.TextureSRGBDecode
[115 of 617] Compiling Graphics.GL.EXT.TextureSRGB
[116 of 617] Compiling Graphics.GL.EXT.TextureSNorm
[117 of 617] Compiling Graphics.GL.EXT.TextureMirrorClamp
[118 of 617] Compiling Graphics.GL.EXT.TextureLODBias
[119 of 617] Compiling Graphics.GL.EXT.TextureFilterMinmax
[120 of 617] Compiling Graphics.GL.EXT.TextureFilterAnisotropic
[121 of 617] Compiling Graphics.GL.EXT.TextureEnvDot3
[122 of 617] Compiling Graphics.GL.EXT.TextureEnvCombine
[123 of 617] Compiling Graphics.GL.EXT.TextureCubeMap
[124 of 617] Compiling Graphics.GL.EXT.TextureCompressionS3TC
[125 of 617] Compiling Graphics.GL.EXT.TextureCompressionRGTC
[126 of 617] Compiling Graphics.GL.EXT.TextureCompressionLATC
[127 of 617] Compiling Graphics.GL.EXT.Texture
[128 of 617] Compiling Graphics.GL.EXT.StencilWrap
[129 of 617] Compiling Graphics.GL.EXT.SharedTexturePalette
[130 of 617] Compiling Graphics.GL.EXT.ShaderFramebufferFetch
[131 of 617] Compiling Graphics.GL.EXT.SeparateSpecularColor
[132 of 617] Compiling Graphics.GL.EXT.RescaleNormal
[133 of 617] Compiling Graphics.GL.EXT.PixelBufferObject
[134 of 617] Compiling Graphics.GL.EXT.PackedPixels
[135 of 617] Compiling Graphics.GL.EXT.PackedFloat
[136 of 617] Compiling Graphics.GL.EXT.PackedDepthStencil
[137 of 617] Compiling Graphics.GL.EXT.IndexArrayFormats
[138 of 617] Compiling Graphics.GL.EXT.FramebufferSRGB
[139 of 617] Compiling Graphics.GL.EXT.FramebufferMultisampleBlitScaled
[140 of 617] Compiling Graphics.GL.EXT.FourTwoTwoPixels
[141 of 617] Compiling Graphics.GL.EXT.ClipVolumeHint
[142 of 617] Compiling Graphics.GL.EXT.CMYKA
[143 of 617] Compiling Graphics.GL.EXT.BlendSubtract
[144 of 617] Compiling Graphics.GL.EXT.BGRA
[145 of 617] Compiling Graphics.GL.EXT.ABGR
[146 of 617] Compiling Graphics.GL.ATI.TextureMirrorOnce
[147 of 617] Compiling Graphics.GL.ATI.TextureFloat
[148 of 617] Compiling Graphics.GL.ATI.TextureEnvCombine3
[149 of 617] Compiling Graphics.GL.ATI.TextFragmentShader
[150 of 617] Compiling Graphics.GL.ATI.PixelFormatFloat
[151 of 617] Compiling Graphics.GL.ATI.Meminfo
[152 of 617] Compiling Graphics.GL.ARB.VertexType10f11f11fRev
[153 of 617] Compiling Graphics.GL.ARB.VertexArrayBGRA
[154 of 617] Compiling Graphics.GL.ARB.TransformFeedbackOverflowQuery
[155 of 617] Compiling Graphics.GL.ARB.TextureSwizzle
[156 of 617] Compiling Graphics.GL.ARB.TextureStencil8
[157 of 617] Compiling Graphics.GL.ARB.TextureRectangle
[158 of 617] Compiling Graphics.GL.ARB.TextureRGB10A2UI
[159 of 617] Compiling Graphics.GL.ARB.TextureRG
[160 of 617] Compiling Graphics.GL.ARB.TextureMirroredRepeat
[161 of 617] Compiling Graphics.GL.ARB.TextureMirrorClampToEdge
[162 of 617] Compiling Graphics.GL.ARB.TextureGather
[163 of 617] Compiling Graphics.GL.ARB.TextureFloat
[164 of 617] Compiling Graphics.GL.ARB.TextureFilterMinmax
[165 of 617] Compiling Graphics.GL.ARB.TextureFilterAnisotropic
[166 of 617] Compiling Graphics.GL.ARB.TextureEnvDot3
[167 of 617] Compiling Graphics.GL.ARB.TextureEnvCombine
[168 of 617] Compiling Graphics.GL.ARB.TextureCubeMapArray
[169 of 617] Compiling Graphics.GL.ARB.TextureCubeMap
[170 of 617] Compiling Graphics.GL.ARB.TextureCompressionRGTC
[171 of 617] Compiling Graphics.GL.ARB.TextureCompressionBPTC
[172 of 617] Compiling Graphics.GL.ARB.TextureBufferObjectRGB32
[173 of 617] Compiling Graphics.GL.ARB.TextureBorderClamp
[174 of 617] Compiling Graphics.GL.ARB.StencilTexturing
[175 of 617] Compiling Graphics.GL.ARB.SpirvExtensions
[176 of 617] Compiling Graphics.GL.ARB.ShadowAmbient
[177 of 617] Compiling Graphics.GL.ARB.Shadow
[178 of 617] Compiling Graphics.GL.ARB.ShadingLanguage100
[179 of 617] Compiling Graphics.GL.ARB.SeamlessCubemapPerTexture
[180 of 617] Compiling Graphics.GL.ARB.SeamlessCubeMap
[181 of 617] Compiling Graphics.GL.ARB.QueryBufferObject
[182 of 617] Compiling Graphics.GL.ARB.PointSprite
[183 of 617] Compiling Graphics.GL.ARB.PixelBufferObject
[184 of 617] Compiling Graphics.GL.ARB.PipelineStatisticsQuery
[185 of 617] Compiling Graphics.GL.ARB.OcclusionQuery2
[186 of 617] Compiling Graphics.GL.ARB.MapBufferAlignment
[187 of 617] Compiling Graphics.GL.ARB.GPUShader5
[188 of 617] Compiling Graphics.GL.ARB.FramebufferSRGB
[189 of 617] Compiling Graphics.GL.ARB.FragmentShader
[190 of 617] Compiling Graphics.GL.ARB.ExplicitUniformLocation
[191 of 617] Compiling Graphics.GL.ARB.EnhancedLayouts
[192 of 617] Compiling Graphics.GL.ARB.ES3Compatibility
[193 of 617] Compiling Graphics.GL.ARB.DepthTexture
[194 of 617] Compiling Graphics.GL.ARB.DepthClamp
[195 of 617] Compiling Graphics.GL.ARB.DepthBufferFloat
[196 of 617] Compiling Graphics.GL.ARB.CullDistance
[197 of 617] Compiling Graphics.GL.ARB.ConditionalRenderInverted
[198 of 617] Compiling Graphics.GL.ARB.CompressedTexturePixelStorage
[199 of 617] Compiling Graphics.GL.APPLE.YCbCr422
[200 of 617] Compiling Graphics.GL.APPLE.TransformHint
[201 of 617] Compiling Graphics.GL.APPLE.SpecularVector
[202 of 617] Compiling Graphics.GL.APPLE.RowBytes
[203 of 617] Compiling Graphics.GL.APPLE.RGB422
[204 of 617] Compiling Graphics.GL.APPLE.FloatPixels
[205 of 617] Compiling Graphics.GL.APPLE.ClientStorage
[206 of 617] Compiling Graphics.GL.APPLE.AuxDepthStencil
[207 of 617] Compiling Graphics.GL.AMD.TransformFeedback4
[208 of 617] Compiling Graphics.GL.AMD.SeamlessCubemapPerTexture
[209 of 617] Compiling Graphics.GL.AMD.QueryBufferObject
[210 of 617] Compiling Graphics.GL.AMD.PinnedMemory
[211 of 617] Compiling Graphics.GL.AMD.GPUShaderHalfFloat
[212 of 617] Compiling Graphics.GL.AMD.DepthClampSeparate
[213 of 617] Compiling Graphics.GL.AMD.BlendMinmaxFactor
[214 of 617] Compiling Graphics.GL.Foreign
[215 of 617] Compiling Graphics.GL.Functions.F33
[216 of 617] Compiling Graphics.GL.Functions.F32
[217 of 617] Compiling Graphics.GL.Functions.F31
[218 of 617] Compiling Graphics.GL.Functions.F30
[219 of 617] Compiling Graphics.GL.Functions.F29
[220 of 617] Compiling Graphics.GL.Functions.F28
[221 of 617] Compiling Graphics.GL.Functions.F27
[222 of 617] Compiling Graphics.GL.Functions.F26
[223 of 617] Compiling Graphics.GL.Functions.F25
[224 of 617] Compiling Graphics.GL.Functions.F24
[225 of 617] Compiling Graphics.GL.Functions.F23
[226 of 617] Compiling Graphics.GL.Functions.F22
[227 of 617] Compiling Graphics.GL.Functions.F21
[228 of 617] Compiling Graphics.GL.Functions.F20
[229 of 617] Compiling Graphics.GL.Functions.F19
[230 of 617] Compiling Graphics.GL.Functions.F18
[231 of 617] Compiling Graphics.GL.Functions.F17
[232 of 617] Compiling Graphics.GL.Functions.F16
[233 of 617] Compiling Graphics.GL.Functions.F15
[234 of 617] Compiling Graphics.GL.Functions.F14
[235 of 617] Compiling Graphics.GL.Functions.F13
[236 of 617] Compiling Graphics.GL.Functions.F12
[237 of 617] Compiling Graphics.GL.Functions.F11
[238 of 617] Compiling Graphics.GL.Functions.F10
[239 of 617] Compiling Graphics.GL.Functions.F09
[240 of 617] Compiling Graphics.GL.Functions.F08
[241 of 617] Compiling Graphics.GL.Functions.F07
[242 of 617] Compiling Graphics.GL.Functions.F06
[243 of 617] Compiling Graphics.GL.Functions.F05
[244 of 617] Compiling Graphics.GL.Functions.F04
[245 of 617] Compiling Graphics.GL.Functions.F03
[246 of 617] Compiling Graphics.GL.Functions.F02
[247 of 617] Compiling Graphics.GL.Functions.F01
[248 of 617] Compiling Graphics.GL.Functions
[249 of 617] Compiling Graphics.GL.ThreeDFX.Tbuffer
[250 of 617] Compiling Graphics.GL.ThreeDFX
[251 of 617] Compiling Graphics.GL.SUNX.ConstantData
[252 of 617] Compiling Graphics.GL.SUNX
[253 of 617] Compiling Graphics.GL.SUN.Vertex
[254 of 617] Compiling Graphics.GL.SUN.TriangleList
[255 of 617] Compiling Graphics.GL.SUN.MeshArray
[256 of 617] Compiling Graphics.GL.SUN.GlobalAlpha
[257 of 617] Compiling Graphics.GL.SUN
[258 of 617] Compiling Graphics.GL.SGIX.TagSampleBuffer
[259 of 617] Compiling Graphics.GL.SGIX.Sprite
[260 of 617] Compiling Graphics.GL.SGIX.ReferencePlane
[261 of 617] Compiling Graphics.GL.SGIX.PolynomialFFD
[262 of 617] Compiling Graphics.GL.SGIX.PixelTexture
[263 of 617] Compiling Graphics.GL.SGIX.ListPriority
[264 of 617] Compiling Graphics.GL.SGIX.Instruments
[265 of 617] Compiling Graphics.GL.SGIX.IglooInterface
[266 of 617] Compiling Graphics.GL.SGIX.Framezoom
[267 of 617] Compiling Graphics.GL.SGIX.FragmentLighting
[268 of 617] Compiling Graphics.GL.SGIX.FlushRaster
[269 of 617] Compiling Graphics.GL.SGIX.Async
[270 of 617] Compiling Graphics.GL.SGIX
[271 of 617] Compiling Graphics.GL.SGIS.TextureFilter4
[272 of 617] Compiling Graphics.GL.SGIS.TextureColorMask
[273 of 617] Compiling Graphics.GL.SGIS.Texture4D
[274 of 617] Compiling Graphics.GL.SGIS.SharpenTexture
[275 of 617] Compiling Graphics.GL.SGIS.PointParameters
[276 of 617] Compiling Graphics.GL.SGIS.PixelTexture
[277 of 617] Compiling Graphics.GL.SGIS.Multisample
[278 of 617] Compiling Graphics.GL.SGIS.FogFunction
[279 of 617] Compiling Graphics.GL.SGIS.DetailTexture
[280 of 617] Compiling Graphics.GL.SGIS
[281 of 617] Compiling Graphics.GL.SGI.ColorTable
[282 of 617] Compiling Graphics.GL.SGI
[283 of 617] Compiling Graphics.GL.PGI.MiscHints
[284 of 617] Compiling Graphics.GL.PGI
[285 of 617] Compiling Graphics.GL.OVR.Multiview
[286 of 617] Compiling Graphics.GL.OVR
[287 of 617] Compiling Graphics.GL.OES.SinglePrecision
[288 of 617] Compiling Graphics.GL.OES.QueryMatrix
[289 of 617] Compiling Graphics.GL.OES.FixedPoint
[290 of 617] Compiling Graphics.GL.OES.ByteCoordinates
[291 of 617] Compiling Graphics.GL.OES
[292 of 617] Compiling Graphics.GL.NVX.ProgressFence
[293 of 617] Compiling Graphics.GL.NVX.LinkedGPUMulticast
[294 of 617] Compiling Graphics.GL.NVX.GPUMulticast2
[295 of 617] Compiling Graphics.GL.NVX.ConditionalRender
[296 of 617] Compiling Graphics.GL.NVX
[297 of 617] Compiling Graphics.GL.NV.ViewportSwizzle
[298 of 617] Compiling Graphics.GL.NV.VideoCapture
[299 of 617] Compiling Graphics.GL.NV.VertexProgram4
[300 of 617] Compiling Graphics.GL.NV.VertexProgram
[301 of 617] Compiling Graphics.GL.NV.VertexBufferUnifiedMemory
[302 of 617] Compiling Graphics.GL.NV.VertexAttribInteger64Bit
[303 of 617] Compiling Graphics.GL.NV.VertexArrayRange
[304 of 617] Compiling Graphics.GL.NV.VDPAUInterop2
[305 of 617] Compiling Graphics.GL.NV.VDPAUInterop
[306 of 617] Compiling Graphics.GL.NV.TransformFeedback2
[307 of 617] Compiling Graphics.GL.NV.TransformFeedback
[308 of 617] Compiling Graphics.GL.NV.TextureMultisample
[309 of 617] Compiling Graphics.GL.NV.TextureBarrier
[310 of 617] Compiling Graphics.GL.NV.ShadingRateImage
[311 of 617] Compiling Graphics.GL.NV.ShaderBufferLoad
[312 of 617] Compiling Graphics.GL.NV.ScissorExclusive
[313 of 617] Compiling Graphics.GL.NV.SampleLocations
[314 of 617] Compiling Graphics.GL.NV.RegisterCombiners2
[315 of 617] Compiling Graphics.GL.NV.RegisterCombiners
[316 of 617] Compiling Graphics.GL.NV.QueryResourceTag
[317 of 617] Compiling Graphics.GL.NV.QueryResource
[318 of 617] Compiling Graphics.GL.NV.PrimitiveRestart
[319 of 617] Compiling Graphics.GL.NV.PresentVideo
[320 of 617] Compiling Graphics.GL.NV.PointSprite
[321 of 617] Compiling Graphics.GL.NV.PixelDataRange
[322 of 617] Compiling Graphics.GL.NV.PathRenderingCore
[323 of 617] Compiling Graphics.GL.NV.PathRenderingCompatibility
[324 of 617] Compiling Graphics.GL.NV.ParameterBufferObject
[325 of 617] Compiling Graphics.GL.NV.OcclusionQuery
[326 of 617] Compiling Graphics.GL.NV.MeshShader
[327 of 617] Compiling Graphics.GL.NV.MemoryAttachment
[328 of 617] Compiling Graphics.GL.NV.InternalformatSampleQuery
[329 of 617] Compiling Graphics.GL.NV.HalfFloat
[330 of 617] Compiling Graphics.GL.NV.GeometryProgram4
[331 of 617] Compiling Graphics.GL.NV.GPUShader5
[332 of 617] Compiling Graphics.GL.NV.GPUProgram5
[333 of 617] Compiling Graphics.GL.NV.GPUProgram4
[334 of 617] Compiling Graphics.GL.NV.GPUMulticast
[335 of 617] Compiling Graphics.GL.NV.FramebufferMultisampleCoverage
[336 of 617] Compiling Graphics.GL.NV.FramebufferMixedSamples
[337 of 617] Compiling Graphics.GL.NV.FragmentProgram
[338 of 617] Compiling Graphics.GL.NV.FragmentCoverageToColor
[339 of 617] Compiling Graphics.GL.NV.Fence
[340 of 617] Compiling Graphics.GL.NV.ExplicitMultisample
[341 of 617] Compiling Graphics.GL.NV.Evaluators
[342 of 617] Compiling Graphics.GL.NV.DrawVulkanImage
[343 of 617] Compiling Graphics.GL.NV.DrawTexture
[344 of 617] Compiling Graphics.GL.NV.DepthBufferFloat
[345 of 617] Compiling Graphics.GL.NV.CopyImage
[346 of 617] Compiling Graphics.GL.NV.ConservativeRasterPreSnapTriangles
[347 of 617] Compiling Graphics.GL.NV.ConservativeRasterDilate
[348 of 617] Compiling Graphics.GL.NV.ConservativeRaster
[349 of 617] Compiling Graphics.GL.NV.ConditionalRender
[350 of 617] Compiling Graphics.GL.NV.CommandList
[351 of 617] Compiling Graphics.GL.NV.ClipSpaceWScaling
[352 of 617] Compiling Graphics.GL.NV.BlendEquationAdvanced
[353 of 617] Compiling Graphics.GL.NV.BindlessTexture
[354 of 617] Compiling Graphics.GL.NV.BindlessMultiDrawIndirectCount
[355 of 617] Compiling Graphics.GL.NV.BindlessMultiDrawIndirect
[356 of 617] Compiling Graphics.GL.NV.AlphaToCoverageDitherControl
[357 of 617] Compiling Graphics.GL.NV
[358 of 617] Compiling Graphics.GL.MESA.WindowPos
[359 of 617] Compiling Graphics.GL.MESA.ResizeBuffers
[360 of 617] Compiling Graphics.GL.MESA.FramebufferFlipY
[361 of 617] Compiling Graphics.GL.MESA
[362 of 617] Compiling Graphics.GL.KHR.Robustness
[363 of 617] Compiling Graphics.GL.KHR.ParallelShaderCompile
[364 of 617] Compiling Graphics.GL.KHR.DebugCore
[365 of 617] Compiling Graphics.GL.KHR.DebugCompatibility
[366 of 617] Compiling Graphics.GL.KHR.BlendEquationAdvanced
[367 of 617] Compiling Graphics.GL.KHR
[368 of 617] Compiling Graphics.GL.INTEL.PerformanceQuery
[369 of 617] Compiling Graphics.GL.INTEL.ParallelArrays
[370 of 617] Compiling Graphics.GL.INTEL.MapTexture
[371 of 617] Compiling Graphics.GL.INTEL.FramebufferCmaa
[372 of 617] Compiling Graphics.GL.INTEL
[373 of 617] Compiling Graphics.GL.INGR.BlendFuncSeparate
[374 of 617] Compiling Graphics.GL.INGR
[375 of 617] Compiling Graphics.GL.IBM.VertexArrayLists
[376 of 617] Compiling Graphics.GL.IBM.StaticData
[377 of 617] Compiling Graphics.GL.IBM.MultimodeDrawArrays
[378 of 617] Compiling Graphics.GL.IBM
[379 of 617] Compiling Graphics.GL.HP.ImageTransform
[380 of 617] Compiling Graphics.GL.HP
[381 of 617] Compiling Graphics.GL.GREMEDY.StringMarker
[382 of 617] Compiling Graphics.GL.GREMEDY.FrameTerminator
[383 of 617] Compiling Graphics.GL.GREMEDY
[384 of 617] Compiling Graphics.GL.EXT.X11SyncObject
[385 of 617] Compiling Graphics.GL.EXT.WindowRectangles
[386 of 617] Compiling Graphics.GL.EXT.Win32KeyedMutex
[387 of 617] Compiling Graphics.GL.EXT.VertexWeighting
[388 of 617] Compiling Graphics.GL.EXT.VertexShader
[389 of 617] Compiling Graphics.GL.EXT.VertexAttrib64Bit
[390 of 617] Compiling Graphics.GL.EXT.VertexArray
[391 of 617] Compiling Graphics.GL.EXT.TransformFeedback
[392 of 617] Compiling Graphics.GL.EXT.TimerQuery
[393 of 617] Compiling Graphics.GL.EXT.TexturePerturbNormal
[394 of 617] Compiling Graphics.GL.EXT.TextureObject
[395 of 617] Compiling Graphics.GL.EXT.TextureInteger
[396 of 617] Compiling Graphics.GL.EXT.TextureBufferObject
[397 of 617] Compiling Graphics.GL.EXT.TextureArray
[398 of 617] Compiling Graphics.GL.EXT.Texture3D
[399 of 617] Compiling Graphics.GL.EXT.Subtexture
[400 of 617] Compiling Graphics.GL.EXT.StencilTwoSide
[401 of 617] Compiling Graphics.GL.EXT.StencilClearTag
[402 of 617] Compiling Graphics.GL.EXT.ShaderImageLoadStore
[403 of 617] Compiling Graphics.GL.EXT.ShaderFramebufferFetchNonCoherent
[404 of 617] Compiling Graphics.GL.EXT.SeparateShaderObjects
[405 of 617] Compiling Graphics.GL.EXT.SemaphoreWin32
[406 of 617] Compiling Graphics.GL.EXT.SemaphoreFd
[407 of 617] Compiling Graphics.GL.EXT.Semaphore
[408 of 617] Compiling Graphics.GL.EXT.SecondaryColor
[409 of 617] Compiling Graphics.GL.EXT.RasterMultisample
[410 of 617] Compiling Graphics.GL.EXT.ProvokingVertex
[411 of 617] Compiling Graphics.GL.EXT.PolygonOffsetClamp
[412 of 617] Compiling Graphics.GL.EXT.PolygonOffset
[413 of 617] Compiling Graphics.GL.EXT.PointParameters
[414 of 617] Compiling Graphics.GL.EXT.PixelTransform
[415 of 617] Compiling Graphics.GL.EXT.PalettedTexture
[416 of 617] Compiling Graphics.GL.EXT.Multisample
[417 of 617] Compiling Graphics.GL.EXT.MultiDrawArrays
[418 of 617] Compiling Graphics.GL.EXT.MemoryObjectWin32
[419 of 617] Compiling Graphics.GL.EXT.MemoryObjectFd
[420 of 617] Compiling Graphics.GL.EXT.MemoryObject
[421 of 617] Compiling Graphics.GL.EXT.LightTexture
[422 of 617] Compiling Graphics.GL.EXT.IndexMaterial
[423 of 617] Compiling Graphics.GL.EXT.IndexFunc
[424 of 617] Compiling Graphics.GL.EXT.Histogram
[425 of 617] Compiling Graphics.GL.EXT.GeometryShader4
[426 of 617] Compiling Graphics.GL.EXT.GPUShader4
[427 of 617] Compiling Graphics.GL.EXT.GPUProgramParameters
[428 of 617] Compiling Graphics.GL.EXT.FramebufferObject
[429 of 617] Compiling Graphics.GL.EXT.FramebufferMultisample
[430 of 617] Compiling Graphics.GL.EXT.FramebufferBlit
[431 of 617] Compiling Graphics.GL.EXT.FogCoord
[432 of 617] Compiling Graphics.GL.EXT.ExternalBuffer
[433 of 617] Compiling Graphics.GL.EXT.DrawRangeElements
[434 of 617] Compiling Graphics.GL.EXT.DrawInstanced
[435 of 617] Compiling Graphics.GL.EXT.DrawBuffers2
[436 of 617] Compiling Graphics.GL.EXT.DirectStateAccess
[437 of 617] Compiling Graphics.GL.EXT.DepthBoundsTest
[438 of 617] Compiling Graphics.GL.EXT.DebugMarker
[439 of 617] Compiling Graphics.GL.EXT.DebugLabel
[440 of 617] Compiling Graphics.GL.EXT.CullVertex
[441 of 617] Compiling Graphics.GL.EXT.CopyTexture
[442 of 617] Compiling Graphics.GL.EXT.CoordinateFrame
[443 of 617] Compiling Graphics.GL.EXT.Convolution
[444 of 617] Compiling Graphics.GL.EXT.CompiledVertexArray
[445 of 617] Compiling Graphics.GL.EXT.ColorSubtable
[446 of 617] Compiling Graphics.GL.EXT.BlendMinmax
[447 of 617] Compiling Graphics.GL.EXT.BlendFuncSeparate
[448 of 617] Compiling Graphics.GL.EXT.BlendEquationSeparate
[449 of 617] Compiling Graphics.GL.EXT.BlendColor
[450 of 617] Compiling Graphics.GL.EXT.BindableUniform
[451 of 617] Compiling Graphics.GL.ATI.VertexStreams
[452 of 617] Compiling Graphics.GL.ATI.VertexAttribArrayObject
[453 of 617] Compiling Graphics.GL.ATI.VertexArrayObject
[454 of 617] Compiling Graphics.GL.ATI.SeparateStencil
[455 of 617] Compiling Graphics.GL.ATI.PNTriangles
[456 of 617] Compiling Graphics.GL.ATI.MapObjectBuffer
[457 of 617] Compiling Graphics.GL.ATI.FragmentShader
[458 of 617] Compiling Graphics.GL.ATI.EnvmapBumpmap
[459 of 617] Compiling Graphics.GL.ATI.ElementArray
[460 of 617] Compiling Graphics.GL.ATI.DrawBuffers
[461 of 617] Compiling Graphics.GL.ATI
[462 of 617] Compiling Graphics.GL.ARB.WindowPos
[463 of 617] Compiling Graphics.GL.ARB.ViewportArray
[464 of 617] Compiling Graphics.GL.ARB.VertexType2101010RevCore
[465 of 617] Compiling Graphics.GL.ARB.VertexType2101010RevCompatibility
[466 of 617] Compiling Graphics.GL.ARB.VertexShader
[467 of 617] Compiling Graphics.GL.ARB.VertexProgram
[468 of 617] Compiling Graphics.GL.ARB.VertexBufferObject
[469 of 617] Compiling Graphics.GL.ARB.VertexBlend
[470 of 617] Compiling Graphics.GL.ARB.VertexAttribBinding
[471 of 617] Compiling Graphics.GL.ARB.VertexAttrib64Bit
[472 of 617] Compiling Graphics.GL.ARB.VertexArrayObject
[473 of 617] Compiling Graphics.GL.ARB.UniformBufferObject
[474 of 617] Compiling Graphics.GL.ARB.TransposeMatrix
[475 of 617] Compiling Graphics.GL.ARB.TransformFeedbackInstanced
[476 of 617] Compiling Graphics.GL.ARB.TransformFeedback3
[477 of 617] Compiling Graphics.GL.ARB.TransformFeedback2
[478 of 617] Compiling Graphics.GL.ARB.TimerQuery
[479 of 617] Compiling Graphics.GL.ARB.TextureView
[480 of 617] Compiling Graphics.GL.ARB.TextureStorageMultisample
[481 of 617] Compiling Graphics.GL.ARB.TextureStorage
[482 of 617] Compiling Graphics.GL.ARB.TextureMultisample
[483 of 617] Compiling Graphics.GL.ARB.TextureCompression
[484 of 617] Compiling Graphics.GL.ARB.TextureBufferRange
[485 of 617] Compiling Graphics.GL.ARB.TextureBufferObject
[486 of 617] Compiling Graphics.GL.ARB.TextureBarrier
[487 of 617] Compiling Graphics.GL.ARB.TessellationShader
[488 of 617] Compiling Graphics.GL.ARB.Sync
[489 of 617] Compiling Graphics.GL.ARB.SparseTexture
[490 of 617] Compiling Graphics.GL.ARB.SparseBuffer
[491 of 617] Compiling Graphics.GL.ARB.ShadingLanguageInclude
[492 of 617] Compiling Graphics.GL.ARB.ShaderSubroutine
[493 of 617] Compiling Graphics.GL.ARB.ShaderStorageBufferObject
[494 of 617] Compiling Graphics.GL.ARB.ShaderObjects
[495 of 617] Compiling Graphics.GL.ARB.ShaderImageLoadStore
[496 of 617] Compiling Graphics.GL.ARB.ShaderAtomicCounters
[497 of 617] Compiling Graphics.GL.ARB.SeparateShaderObjects
[498 of 617] Compiling Graphics.GL.ARB.SamplerObjects
[499 of 617] Compiling Graphics.GL.ARB.SampleShading
[500 of 617] Compiling Graphics.GL.ARB.SampleLocations
[501 of 617] Compiling Graphics.GL.ARB.RobustnessCore
[502 of 617] Compiling Graphics.GL.ARB.RobustnessCompatibility
[503 of 617] Compiling Graphics.GL.ARB.ProvokingVertex
[504 of 617] Compiling Graphics.GL.ARB.ProgramInterfaceQuery
[505 of 617] Compiling Graphics.GL.ARB.PolygonOffsetClamp
[506 of 617] Compiling Graphics.GL.ARB.PointParameters
[507 of 617] Compiling Graphics.GL.ARB.ParallelShaderCompile
[508 of 617] Compiling Graphics.GL.ARB.OcclusionQuery
[509 of 617] Compiling Graphics.GL.ARB.Multitexture
[510 of 617] Compiling Graphics.GL.ARB.Multisample
[511 of 617] Compiling Graphics.GL.ARB.MultiDrawIndirect
[512 of 617] Compiling Graphics.GL.ARB.MultiBind
[513 of 617] Compiling Graphics.GL.ARB.MatrixPalette
[514 of 617] Compiling Graphics.GL.ARB.MapBufferRange
[515 of 617] Compiling Graphics.GL.ARB.InvalidateSubdata
[516 of 617] Compiling Graphics.GL.ARB.InternalformatQuery2
[517 of 617] Compiling Graphics.GL.ARB.InternalformatQuery
[518 of 617] Compiling Graphics.GL.ARB.InstancedArrays
[519 of 617] Compiling Graphics.GL.ARB.IndirectParameters
[520 of 617] Compiling Graphics.GL.ARB.ImagingCore
[521 of 617] Compiling Graphics.GL.ARB.ImagingCompatibility
[522 of 617] Compiling Graphics.GL.ARB.GlSpirv
[523 of 617] Compiling Graphics.GL.ARB.GetTextureSubImage
[524 of 617] Compiling Graphics.GL.ARB.GetProgramBinary
[525 of 617] Compiling Graphics.GL.ARB.GeometryShader4
[526 of 617] Compiling Graphics.GL.ARB.GPUShaderInt64
[527 of 617] Compiling Graphics.GL.ARB.GPUShaderFP64
[528 of 617] Compiling Graphics.GL.ARB.FramebufferObjectCore
[529 of 617] Compiling Graphics.GL.ARB.FramebufferObjectCompatibility
[530 of 617] Compiling Graphics.GL.ARB.FramebufferNoAttachments
[531 of 617] Compiling Graphics.GL.ARB.FragmentProgram
[532 of 617] Compiling Graphics.GL.ARB.ES32Compatibility
[533 of 617] Compiling Graphics.GL.ARB.ES31Compatibility
[534 of 617] Compiling Graphics.GL.ARB.ES2Compatibility
[535 of 617] Compiling Graphics.GL.ARB.DrawInstanced
[536 of 617] Compiling Graphics.GL.ARB.DrawIndirect
[537 of 617] Compiling Graphics.GL.ARB.DrawElementsBaseVertex
[538 of 617] Compiling Graphics.GL.ARB.DrawBuffersBlend
[539 of 617] Compiling Graphics.GL.ARB.DrawBuffers
[540 of 617] Compiling Graphics.GL.ARB.DirectStateAccess
[541 of 617] Compiling Graphics.GL.ARB.DebugOutput
[542 of 617] Compiling Graphics.GL.ARB.CopyImage
[543 of 617] Compiling Graphics.GL.ARB.CopyBuffer
[544 of 617] Compiling Graphics.GL.ARB.ComputeVariableGroupSize
[545 of 617] Compiling Graphics.GL.ARB.ComputeShader
[546 of 617] Compiling Graphics.GL.ARB.ColorBufferFloat
[547 of 617] Compiling Graphics.GL.ARB.ClipControl
[548 of 617] Compiling Graphics.GL.ARB.ClearTexture
[549 of 617] Compiling Graphics.GL.ARB.ClearBufferObject
[550 of 617] Compiling Graphics.GL.ARB.CLEvent
[551 of 617] Compiling Graphics.GL.ARB.BufferStorage
[552 of 617] Compiling Graphics.GL.ARB.BlendFuncExtended
[553 of 617] Compiling Graphics.GL.ARB.BindlessTexture
[554 of 617] Compiling Graphics.GL.ARB.BaseInstance
[555 of 617] Compiling Graphics.GL.APPLE.VertexProgramEvaluators
[556 of 617] Compiling Graphics.GL.APPLE.VertexArrayRange
[557 of 617] Compiling Graphics.GL.APPLE.VertexArrayObject
[558 of 617] Compiling Graphics.GL.APPLE.TextureRange
[559 of 617] Compiling Graphics.GL.APPLE.ObjectPurgeable
[560 of 617] Compiling Graphics.GL.APPLE.FlushBufferRange
[561 of 617] Compiling Graphics.GL.APPLE.Fence
[562 of 617] Compiling Graphics.GL.APPLE.ElementArray
[563 of 617] Compiling Graphics.GL.APPLE
[564 of 617] Compiling Graphics.GL.AMD.VertexShaderTessellator
[565 of 617] Compiling Graphics.GL.AMD.StencilOperationExtended
[566 of 617] Compiling Graphics.GL.AMD.SparseTexture
[567 of 617] Compiling Graphics.GL.AMD.SamplePositions
[568 of 617] Compiling Graphics.GL.AMD.PerformanceMonitor
[569 of 617] Compiling Graphics.GL.AMD.OcclusionQueryEvent
[570 of 617] Compiling Graphics.GL.AMD.NameGenDelete
[571 of 617] Compiling Graphics.GL.AMD.MultiDrawIndirect
[572 of 617] Compiling Graphics.GL.AMD.InterleavedElements
[573 of 617] Compiling Graphics.GL.AMD.GPUShaderInt64
[574 of 617] Compiling Graphics.GL.AMD.FramebufferSamplePositions
[575 of 617] Compiling Graphics.GL.AMD.FramebufferMultisampleAdvanced
[576 of 617] Compiling Graphics.GL.AMD.DrawBuffersBlend
[577 of 617] Compiling Graphics.GL.AMD.DebugOutput
[578 of 617] Compiling Graphics.GL.AMD
[579 of 617] Compiling Graphics.GL.EXT.EglImageStorage
[580 of 617] Compiling Graphics.GL.EXT
[581 of 617] Compiling Graphics.GL.Core46
[582 of 617] Compiling Graphics.GL.Core45
[583 of 617] Compiling Graphics.GL.Core44
[584 of 617] Compiling Graphics.GL.Core43
[585 of 617] Compiling Graphics.GL.Core42
[586 of 617] Compiling Graphics.GL.Core41
[587 of 617] Compiling Graphics.GL.Core40
[588 of 617] Compiling Graphics.GL.Core33
[589 of 617] Compiling Graphics.GL.Core32
[590 of 617] Compiling Graphics.GL.Core31
[591 of 617] Compiling Graphics.GL.Core30
[592 of 617] Compiling Graphics.GL.Compatibility46
[593 of 617] Compiling Graphics.GL.Compatibility45
[594 of 617] Compiling Graphics.GL.Compatibility44
[595 of 617] Compiling Graphics.GL.Compatibility43
[596 of 617] Compiling Graphics.GL.Compatibility42
[597 of 617] Compiling Graphics.GL.Compatibility41
[598 of 617] Compiling Graphics.GL.Compatibility40
[599 of 617] Compiling Graphics.GL.Compatibility33
[600 of 617] Compiling Graphics.GL.Compatibility32
[601 of 617] Compiling Graphics.GL.Compatibility31
[602 of 617] Compiling Graphics.GL.Compatibility30
[603 of 617] Compiling Graphics.GL.ARB.HalfFloatVertex
[604 of 617] Compiling Graphics.GL.ARB.HalfFloatPixel
[605 of 617] Compiling Graphics.GL.ARB
[606 of 617] Compiling Graphics.GL.Version10
[607 of 617] Compiling Graphics.GL.Version11
[608 of 617] Compiling Graphics.GL.Version12
[609 of 617] Compiling Graphics.GL.Version13
[610 of 617] Compiling Graphics.GL.Version14
[611 of 617] Compiling Graphics.GL.Version15
[612 of 617] Compiling Graphics.GL.Version20
[613 of 617] Compiling Graphics.GL.Version21
[614 of 617] Compiling Graphics.GL.WIN.PhongShading
[615 of 617] Compiling Graphics.GL.WIN.SpecularFog
[616 of 617] Compiling Graphics.GL.WIN
[617 of 617] Compiling Graphics.GL
