Build profile: -w ghc-9.6.6 -O1
In order, the following will be built (use -v for more details):
 - cassava-0.5.3.2 (lib) (first run)
 - cassava-0.5.3.2 (test:unit-tests) (first run)
Configuring library for cassava-0.5.3.2...
Preprocessing library for cassava-0.5.3.2...
Building library for cassava-0.5.3.2...
[ 1 of 10] Compiling Data.Csv.Types
[ 2 of 10] Compiling Data.Csv.Util
[ 3 of 10] Compiling Data.Csv.Parser
[ 4 of 10] Compiling Data.Csv.Conversion.Internal
[ 5 of 10] Compiling Data.Csv.Conversion
[ 6 of 10] Compiling Data.Csv.Encoding
[ 7 of 10] Compiling Data.Csv.Incremental
[ 8 of 10] Compiling Data.Csv.Streaming
[ 9 of 10] Compiling Data.Csv.Builder
[10 of 10] Compiling Data.Csv
Configuring test suite 'unit-tests' for cassava-0.5.3.2...
Preprocessing test suite 'unit-tests' for cassava-0.5.3.2...
Building test suite 'unit-tests' for cassava-0.5.3.2...
[1 of 1] Compiling Main
[2 of 2] Linking /tmp/workdir-cassava/cassava-0.5.3.2/dist-newstyle/build/x86_64-linux/ghc-9.6.6/cassava-0.5.3.2/t/unit-tests/build/unit-tests/unit-tests
