Build profile: -w ghc-9.6.6 -O1
In order, the following will be built (use -v for more details):
 - gi-gdkx11-3.0.16 (lib:gi-gdkx11) (first run)
[1 of 2] Compiling Main             ( /tmp/workdir-gi-gdkx11/gi-gdkx11-3.0.16/dist-newstyle/build/x86_64-linux/ghc-9.6.6/gi-gdkx11-3.0.16/setup/setup.hs, /tmp/workdir-gi-gdkx11/gi-gdkx11-3.0.16/dist-newstyle/build/x86_64-linux/ghc-9.6.6/gi-gdkx11-3.0.16/setup/Main.o )
[2 of 2] Linking /tmp/workdir-gi-gdkx11/gi-gdkx11-3.0.16/dist-newstyle/build/x86_64-linux/ghc-9.6.6/gi-gdkx11-3.0.16/setup/setup
Configuring gi-gdkx11-3.0.16...
Preprocessing library for gi-gdkx11-3.0.16..
Building library for gi-gdkx11-3.0.16..
[ 1 of 34] Compiling GI.GdkX11.Config
[ 2 of 34] Compiling GI.GdkX11.Objects.X11AppLaunchContext[boot]
[ 3 of 34] Compiling GI.GdkX11.Objects.X11AppLaunchContext
[ 4 of 34] Compiling GI.GdkX11.Objects.X11Cursor[boot]
[ 5 of 34] Compiling GI.GdkX11.Objects.X11Cursor
[ 6 of 34] Compiling GI.GdkX11.Objects.X11DeviceCore[boot]
[ 7 of 34] Compiling GI.GdkX11.Objects.X11DeviceCore
[ 8 of 34] Compiling GI.GdkX11.Objects.X11DeviceManagerCore[boot]
[ 9 of 34] Compiling GI.GdkX11.Objects.X11DeviceManagerCore
[10 of 34] Compiling GI.GdkX11.Objects.X11DeviceManagerXI2[boot]
[11 of 34] Compiling GI.GdkX11.Objects.X11DeviceManagerXI2
[12 of 34] Compiling GI.GdkX11.Objects.X11DeviceXI2[boot]
[13 of 34] Compiling GI.GdkX11.Objects.X11DeviceXI2
[14 of 34] Compiling GI.GdkX11.Objects.X11Display[boot]
[15 of 34] Compiling GI.GdkX11.Objects.X11Display
[16 of 34] Compiling GI.GdkX11.Objects.X11DisplayManager[boot]
[17 of 34] Compiling GI.GdkX11.Objects.X11DisplayManager
[18 of 34] Compiling GI.GdkX11.Objects.X11DragContext[boot]
[19 of 34] Compiling GI.GdkX11.Objects.X11DragContext
[20 of 34] Compiling GI.GdkX11.Objects.X11GLContext[boot]
[21 of 34] Compiling GI.GdkX11.Objects.X11GLContext
[22 of 34] Compiling GI.GdkX11.Objects.X11Keymap[boot]
[23 of 34] Compiling GI.GdkX11.Objects.X11Keymap
[24 of 34] Compiling GI.GdkX11.Objects.X11Monitor[boot]
[25 of 34] Compiling GI.GdkX11.Objects.X11Monitor
[26 of 34] Compiling GI.GdkX11.Objects.X11Visual[boot]
[27 of 34] Compiling GI.GdkX11.Objects.X11Visual
[28 of 34] Compiling GI.GdkX11.Objects.X11Screen[boot]
[29 of 34] Compiling GI.GdkX11.Objects.X11Screen
[30 of 34] Compiling GI.GdkX11.Objects.X11Window[boot]
[31 of 34] Compiling GI.GdkX11.Objects.X11Window
[32 of 34] Compiling GI.GdkX11.Objects
[33 of 34] Compiling GI.GdkX11.Functions
[34 of 34] Compiling GI.GdkX11
