Build profile: -w ghc-9.6.6 -O1
In order, the following will be built (use -v for more details):
 - monad-st-0.2.4.1 (lib:monad-st) (first run)
Warning: monad-st.cabal:30:27: version operators used. To use version
operators the package needs to specify at least 'cabal-version: >= 1.8'.
Warning: monad-st.cabal:31:27: version operators used. To use version
operators the package needs to specify at least 'cabal-version: >= 1.8'.
Warning: monad-st.cabal:24:3: The field "other-extensions" is available only
since the Cabal specification version 1.10.
Configuring monad-st-0.2.4.1...
Preprocessing library for monad-st-0.2.4.1...
Building library for monad-st-0.2.4.1...
[1 of 1] Compiling Control.Monad.ST.Class

Control/Monad/ST/Class.hs:17:1: warning: [-Wdeprecations]
    Module ‘Control.Monad.ST.Safe’ is deprecated:
      "Safe is now the default, please use Control.Monad.ST instead"
   |
17 | import Control.Monad.ST.Safe
   | ^^^^^^^^^^^^^^^^^^^^^^^^^^^^

Control/Monad/ST/Class.hs:23:19: warning: [GHC-39567] [-Wstar-is-type]
    Using ‘*’ (or its Unicode variant) to mean ‘Data.Kind.Type’
    relies on the StarIsType extension, which will become
    deprecated in the future.
    Suggested fix: Use ‘Type’ from ‘Data.Kind’ instead.
   |
23 |   type World m :: *
   |                   ^
