Build profile: -w ghc-9.6.6 -O1
In order, the following will be built (use -v for more details):
 - fast-logger-3.2.3 (lib) (first run)
 - fast-logger-3.2.3 (test:spec) (first run)
Configuring library for fast-logger-3.2.3...
Preprocessing library for fast-logger-3.2.3...
Building library for fast-logger-3.2.3...
[ 1 of 13] Compiling System.Log.FastLogger.Imports
[ 2 of 13] Compiling System.Log.FastLogger.FileIO
[ 3 of 13] Compiling System.Log.FastLogger.LogStr
[ 4 of 13] Compiling System.Log.FastLogger.IO
[ 5 of 13] Compiling System.Log.FastLogger.Types
[ 6 of 13] Compiling System.Log.FastLogger.File
[ 7 of 13] Compiling System.Log.FastLogger.Date
[ 8 of 13] Compiling System.Log.FastLogger.Write
[ 9 of 13] Compiling System.Log.FastLogger.SingleLogger
[10 of 13] Compiling System.Log.FastLogger.MultiLogger
[11 of 13] Compiling System.Log.FastLogger.LoggerSet
[12 of 13] Compiling System.Log.FastLogger
[13 of 13] Compiling System.Log.FastLogger.Internal
Configuring test suite 'spec' for fast-logger-3.2.3...
Preprocessing test suite 'spec' for fast-logger-3.2.3...
Building test suite 'spec' for fast-logger-3.2.3...
[1 of 2] Compiling FastLoggerSpec
[2 of 2] Compiling Main
[3 of 3] Linking /tmp/workdir-fast-logger/fast-logger-3.2.3/dist-newstyle/build/x86_64-linux/ghc-9.6.6/fast-logger-3.2.3/t/spec/build/spec/spec
