Build profile: -w ghc-9.6.6 -O1
In order, the following will be built (use -v for more details):
 - tasty-th-0.1.7 (lib) (first run)
 - tasty-th-0.1.7 (test:tasty-th-tests) (first run)
Warning: tasty-th.cabal:34:3: The field "default-language" is available only
since the Cabal specification version 1.10. This field will be ignored.
Warning: tasty-th.cabal:24:3: The field "other-extensions" is available only
since the Cabal specification version 1.10.
Configuring library for tasty-th-0.1.7...
Preprocessing library for tasty-th-0.1.7...
Building library for tasty-th-0.1.7...
[1 of 1] Compiling Test.Tasty.TH
Warning: tasty-th.cabal:34:3: The field "default-language" is available only
since the Cabal specification version 1.10. This field will be ignored.
Warning: tasty-th.cabal:24:3: The field "other-extensions" is available only
since the Cabal specification version 1.10.
Configuring test suite 'tasty-th-tests' for tasty-th-0.1.7...
Preprocessing test suite 'tasty-th-tests' for tasty-th-0.1.7...
Building test suite 'tasty-th-tests' for tasty-th-0.1.7...
[1 of 1] Compiling Main
[2 of 2] Linking /tmp/workdir-tasty-th/tasty-th-0.1.7/dist-newstyle/build/x86_64-linux/ghc-9.6.6/tasty-th-0.1.7/t/tasty-th-tests/build/tasty-th-tests/tasty-th-tests
