Build profile: -w ghc-9.6.6 -O1
In order, the following will be built (use -v for more details):
 - incipit-base-0.5.1.0 (lib) (first run)
Configuring library for incipit-base-0.5.1.0...
Preprocessing library for incipit-base-0.5.1.0...
Building library for incipit-base-0.5.1.0...

<no location info>: warning: [GHC-42258] [-Wunused-packages]
    The following packages were specified via -package or -package-id flags,
    but were not needed for compilation:
      - stm-2.5.1.0 (exposed by flag -package-id stm-2.5.1.0)
[ 1 of 15] Compiling Incipit.Foldable
[ 2 of 15] Compiling Incipit.Integral
[ 3 of 15] Compiling Incipit.Fractional
[ 4 of 15] Compiling Incipit.Fixed
[ 5 of 15] Compiling Incipit.Base
[ 6 of 15] Compiling Incipit.Either
[ 7 of 15] Compiling Incipit.Libraries
[ 8 of 15] Compiling Incipit.List
[ 9 of 15] Compiling Incipit.Misc
[10 of 15] Compiling Incipit.String.Reexport
[11 of 15] Compiling Incipit.String.Conversion
[12 of 15] Compiling Incipit.Debug
[13 of 15] Compiling Incipit.String
[14 of 15] Compiling Incipit.TypeError
[15 of 15] Compiling IncipitBase
