Build profile: -w ghc-9.6.6 -O1
In order, the following will be built (use -v for more details):
 - histogram-fill-0.9.1.0 (lib) (first run)
Configuring library for histogram-fill-0.9.1.0...
Preprocessing library for histogram-fill-0.9.1.0...
Building library for histogram-fill-0.9.1.0...
[ 1 of 17] Compiling Data.Histogram.Bin.Classes
[ 2 of 17] Compiling Data.Histogram.Bin.Read
[ 3 of 17] Compiling Data.Histogram.Bin.LogBinD
[ 4 of 17] Compiling Data.Histogram.Bin.BinVar

Data/Histogram/Bin/BinVar.hs:150:14: warning: [GHC-58520] [-Wtype-equality-requires-operators]
    The use of ‘~’ without TypeOperators
    will become an error in a future GHC release.
    Suggested fix: Perhaps you intended to use TypeOperators
    |
150 |          , a ~ (BinValue b)
    |              ^
[ 5 of 17] Compiling Data.Histogram.Bin.BinInt
[ 6 of 17] Compiling Data.Histogram.Bin.BinI
[ 7 of 17] Compiling Data.Histogram.Bin.BinF
[ 8 of 17] Compiling Data.Histogram.Bin.BinEnum
[ 9 of 17] Compiling Data.Histogram.Bin.Bin2D
[10 of 17] Compiling Data.Histogram.Bin
[11 of 17] Compiling Data.Histogram.Bin.Extra

Data/Histogram/Bin/Extra.hs:24:1: warning: [-Wunused-imports]
    The import of ‘Control.Applicative’ is redundant
      except perhaps to import instances from ‘Control.Applicative’
    To import instances alone, use: import Control.Applicative()
   |
24 | import Control.Applicative ((<$>), Applicative(..))
   | ^^^^^^^^^^^^^^^^^^^^^^^^^^^^^^^^^^^^^^^^^^^^^^^^^^^
[12 of 17] Compiling Data.Histogram.Generic

Data/Histogram/Generic.hs:87:1: warning: [-Wunused-imports]
    The import of ‘Control.Applicative’ is redundant
      except perhaps to import instances from ‘Control.Applicative’
    To import instances alone, use: import Control.Applicative()
   |
87 | import Control.Applicative ((<$>),Applicative(..),liftA2)
   | ^^^^^^^^^^^^^^^^^^^^^^^^^^^^^^^^^^^^^^^^^^^^^^^^^^^^^^^^^
[13 of 17] Compiling Data.Histogram.Bin.MaybeBin
[14 of 17] Compiling Data.Histogram
[15 of 17] Compiling Data.Histogram.ST
[16 of 17] Compiling Data.Histogram.Fill

Data/Histogram/Fill.hs:64:1: warning: [-Wunused-imports]
    The import of ‘Control.Applicative’ is redundant
      except perhaps to import instances from ‘Control.Applicative’
    To import instances alone, use: import Control.Applicative()
   |
64 | import Control.Applicative
   | ^^^^^^^^^^^^^^^^^^^^^^^^^^

Data/Histogram/Fill.hs:69:1: warning: [-Wunused-imports]
    The import of ‘Data.Monoid’ is redundant
      except perhaps to import instances from ‘Data.Monoid’
    To import instances alone, use: import Data.Monoid()
   |
69 | import Data.Monoid            (Monoid(..))
   | ^^^^^^^^^^^^^^^^^^^^^^^^^^^^^^^^^^^^^^^^^^

Data/Histogram/Fill.hs:70:1: warning: [-Wunused-imports]
    The import of ‘Data.Semigroup’ is redundant
      except perhaps to import instances from ‘Data.Semigroup’
    To import instances alone, use: import Data.Semigroup()
   |
70 | import Data.Semigroup         (Semigroup(..))
   | ^^^^^^^^^^^^^^^^^^^^^^^^^^^^^^^^^^^^^^^^^^^^^

Data/Histogram/Fill.hs:244:5: warning: [-Wnoncanonical-monoid-instances]
    Noncanonical ‘mappend’ definition detected
    in the instance declaration for ‘Monoid (HBuilderM m a b)’.
    ‘mappend’ will eventually be removed in favour of ‘(<>)’
    Either remove definition for ‘mappend’ (recommended) or define as ‘mappend = (<>)’
    See also: https://gitlab.haskell.org/ghc/ghc/-/wikis/proposal/semigroup-monoid
    |
244 |     mappend = liftA2 mappend
    |     ^^^^^^^^^^^^^^^^^^^^^^^^

Data/Histogram/Fill.hs:303:5: warning: [-Wnoncanonical-monoid-instances]
    Noncanonical ‘mappend’ definition detected
    in the instance declaration for ‘Monoid (HBuilder a b)’.
    ‘mappend’ will eventually be removed in favour of ‘(<>)’
    Either remove definition for ‘mappend’ (recommended) or define as ‘mappend = (<>)’
    See also: https://gitlab.haskell.org/ghc/ghc/-/wikis/proposal/semigroup-monoid
    |
303 |     mappend = liftA2 mappend
    |     ^^^^^^^^^^^^^^^^^^^^^^^^
[17 of 17] Compiling Data.Histogram.Tutorial

Data/Histogram/Tutorial.hs:68:1: warning: [-Wunused-imports]
    The import of ‘Data.Histogram’ is redundant
      except perhaps to import instances from ‘Data.Histogram’
    To import instances alone, use: import Data.Histogram()
   |
68 | import Data.Histogram 
   | ^^^^^^^^^^^^^^^^^^^^^

Data/Histogram/Tutorial.hs:69:1: warning: [-Wunused-imports]
    The import of ‘Data.Histogram.Bin’ is redundant
      except perhaps to import instances from ‘Data.Histogram.Bin’
    To import instances alone, use: import Data.Histogram.Bin()
   |
69 | import Data.Histogram.Bin
   | ^^^^^^^^^^^^^^^^^^^^^^^^^

Data/Histogram/Tutorial.hs:70:1: warning: [-Wunused-imports]
    The import of ‘Data.Histogram.Fill’ is redundant
      except perhaps to import instances from ‘Data.Histogram.Fill’
    To import instances alone, use: import Data.Histogram.Fill()
   |
70 | import Data.Histogram.Fill (mkSimple, fillBuilder)
   | ^^^^^^^^^^^^^^^^^^^^^^^^^^^^^^^^^^^^^^^^^^^^^^^^^^

Data/Histogram/Tutorial.hs:71:1: warning: [-Wunused-imports]
    The import of ‘Data.Vector.Unboxed’ is redundant
      except perhaps to import instances from ‘Data.Vector.Unboxed’
    To import instances alone, use: import Data.Vector.Unboxed()
   |
71 | import Data.Vector.Unboxed (Unbox(..))
   | ^^^^^^^^^^^^^^^^^^^^^^^^^^^^^^^^^^^^^^

Data/Histogram/Tutorial.hs:71:1: warning: [GHC-99623] [-Wdodgy-imports]
    The import item ‘Unbox(..)’ suggests that
    ‘Unbox’ has (in-scope) constructors or class methods,
    but it has none
   |
71 | import Data.Vector.Unboxed (Unbox(..))
   | ^^^^^^^^^^^^^^^^^^^^^^^^^^^^^^^^^^^^^^
