Build profile: -w ghc-9.6.6 -O1
In order, the following will be built (use -v for more details):
 - amazonka-glacier-2.0 (lib) (first run)
 - amazonka-glacier-2.0 (test:amazonka-glacier-test) (first run)
Configuring library for amazonka-glacier-2.0...
Preprocessing library for amazonka-glacier-2.0...
Building library for amazonka-glacier-2.0...
[ 1 of 71] Compiling Amazonka.Glacier.Types.ActionCode
[ 2 of 71] Compiling Amazonka.Glacier.Types.ArchiveCreationOutput
[ 3 of 71] Compiling Amazonka.Glacier.Types.CannedACL
[ 4 of 71] Compiling Amazonka.Glacier.Types.DataRetrievalRule
[ 5 of 71] Compiling Amazonka.Glacier.Types.DataRetrievalPolicy
[ 6 of 71] Compiling Amazonka.Glacier.Types.DescribeVaultOutput
[ 7 of 71] Compiling Amazonka.Glacier.Types.EncryptionType
[ 8 of 71] Compiling Amazonka.Glacier.Types.Encryption
[ 9 of 71] Compiling Amazonka.Glacier.Types.ExpressionType
[10 of 71] Compiling Amazonka.Glacier.Types.FileHeaderInfo
[11 of 71] Compiling Amazonka.Glacier.Types.CSVInput
[12 of 71] Compiling Amazonka.Glacier.Types.InputSerialization
[13 of 71] Compiling Amazonka.Glacier.Types.InventoryRetrievalJobDescription
[14 of 71] Compiling Amazonka.Glacier.Types.InventoryRetrievalJobInput
[15 of 71] Compiling Amazonka.Glacier.Types.PartListElement
[16 of 71] Compiling Amazonka.Glacier.Types.Permission
[17 of 71] Compiling Amazonka.Glacier.Types.ProvisionedCapacityDescription
[18 of 71] Compiling Amazonka.Glacier.Types.QuoteFields
[19 of 71] Compiling Amazonka.Glacier.Types.CSVOutput
[20 of 71] Compiling Amazonka.Glacier.Types.OutputSerialization
[21 of 71] Compiling Amazonka.Glacier.Types.SelectParameters
[22 of 71] Compiling Amazonka.Glacier.Types.StatusCode
[23 of 71] Compiling Amazonka.Glacier.Types.StorageClass
[24 of 71] Compiling Amazonka.Glacier.Types.Type
[25 of 71] Compiling Amazonka.Glacier.Types.Grantee
[26 of 71] Compiling Amazonka.Glacier.Types.Grant
[27 of 71] Compiling Amazonka.Glacier.Types.S3Location
[28 of 71] Compiling Amazonka.Glacier.Types.OutputLocation
[29 of 71] Compiling Amazonka.Glacier.Types.JobParameters
[30 of 71] Compiling Amazonka.Glacier.Types.GlacierJobDescription
[31 of 71] Compiling Amazonka.Glacier.Types.UploadListElement
[32 of 71] Compiling Amazonka.Glacier.Types.VaultAccessPolicy
[33 of 71] Compiling Amazonka.Glacier.Types.VaultLockPolicy
[34 of 71] Compiling Amazonka.Glacier.Types.VaultNotificationConfig
[35 of 71] Compiling Amazonka.Glacier.Types
[36 of 71] Compiling Amazonka.Glacier.SetVaultNotifications

gen/Amazonka/Glacier/SetVaultNotifications.hs:146:134: warning: [GHC-02256] [-Wambiguous-fields]
    The record update s {vaultName = a} with type SetVaultNotifications is ambiguous.
    This will not be supported by -XDuplicateRecordFields in future releases of GHC.
    |
146 | setVaultNotifications_vaultName = Lens.lens (\SetVaultNotifications' {vaultName} -> vaultName) (\s@SetVaultNotifications' {} a -> s {vaultName = a} :: SetVaultNotifications)
    |                                                                                                                                      ^^^^^^^^^^^^^
[37 of 71] Compiling Amazonka.Glacier.SetVaultAccessPolicy

gen/Amazonka/Glacier/SetVaultAccessPolicy.hs:103:122: warning: [GHC-02256] [-Wambiguous-fields]
    The record update s {policy = a} with type SetVaultAccessPolicy is ambiguous.
    This will not be supported by -XDuplicateRecordFields in future releases of GHC.
    |
103 | setVaultAccessPolicy_policy = Lens.lens (\SetVaultAccessPolicy' {policy} -> policy) (\s@SetVaultAccessPolicy' {} a -> s {policy = a} :: SetVaultAccessPolicy)
    |                                                                                                                          ^^^^^^^^^^

gen/Amazonka/Glacier/SetVaultAccessPolicy.hs:115:131: warning: [GHC-02256] [-Wambiguous-fields]
    The record update s {vaultName = a} with type SetVaultAccessPolicy is ambiguous.
    This will not be supported by -XDuplicateRecordFields in future releases of GHC.
    |
115 | setVaultAccessPolicy_vaultName = Lens.lens (\SetVaultAccessPolicy' {vaultName} -> vaultName) (\s@SetVaultAccessPolicy' {} a -> s {vaultName = a} :: SetVaultAccessPolicy)
    |                                                                                                                                   ^^^^^^^^^^^^^
[38 of 71] Compiling Amazonka.Glacier.SetDataRetrievalPolicy

gen/Amazonka/Glacier/SetDataRetrievalPolicy.hs:99:128: warning: [GHC-02256] [-Wambiguous-fields]
    The record update s {policy = a} with type SetDataRetrievalPolicy is ambiguous.
    This will not be supported by -XDuplicateRecordFields in future releases of GHC.
   |
99 | setDataRetrievalPolicy_policy = Lens.lens (\SetDataRetrievalPolicy' {policy} -> policy) (\s@SetDataRetrievalPolicy' {} a -> s {policy = a} :: SetDataRetrievalPolicy)
   |                                                                                                                                ^^^^^^^^^^
[39 of 71] Compiling Amazonka.Glacier.RemoveTagsFromVault

gen/Amazonka/Glacier/RemoveTagsFromVault.hs:113:128: warning: [GHC-02256] [-Wambiguous-fields]
    The record update s {vaultName = a} with type RemoveTagsFromVault is ambiguous.
    This will not be supported by -XDuplicateRecordFields in future releases of GHC.
    |
113 | removeTagsFromVault_vaultName = Lens.lens (\RemoveTagsFromVault' {vaultName} -> vaultName) (\s@RemoveTagsFromVault' {} a -> s {vaultName = a} :: RemoveTagsFromVault)
    |                                                                                                                                ^^^^^^^^^^^^^
[40 of 71] Compiling Amazonka.Glacier.PurchaseProvisionedCapacity

gen/Amazonka/Glacier/PurchaseProvisionedCapacity.hs:162:179: warning: [GHC-02256] [-Wambiguous-fields]
    The record update s {capacityId = a} with type PurchaseProvisionedCapacityResponse is ambiguous.
    This will not be supported by -XDuplicateRecordFields in future releases of GHC.
    |
162 | purchaseProvisionedCapacityResponse_capacityId = Lens.lens (\PurchaseProvisionedCapacityResponse' {capacityId} -> capacityId) (\s@PurchaseProvisionedCapacityResponse' {} a -> s {capacityId = a} :: PurchaseProvisionedCapacityResponse)
    |                                                                                                                                                                                   ^^^^^^^^^^^^^^
[41 of 71] Compiling Amazonka.Glacier.ListVaults

gen/Amazonka/Glacier/ListVaults.hs:135:89: warning: [GHC-02256] [-Wambiguous-fields]
    The record update s {limit = a} with type ListVaults is ambiguous.
    This will not be supported by -XDuplicateRecordFields in future releases of GHC.
    |
135 | listVaults_limit = Lens.lens (\ListVaults' {limit} -> limit) (\s@ListVaults' {} a -> s {limit = a} :: ListVaults)
    |                                                                                         ^^^^^^^^^

gen/Amazonka/Glacier/ListVaults.hs:140:92: warning: [GHC-02256] [-Wambiguous-fields]
    The record update s {marker = a} with type ListVaults is ambiguous.
    This will not be supported by -XDuplicateRecordFields in future releases of GHC.
    |
140 | listVaults_marker = Lens.lens (\ListVaults' {marker} -> marker) (\s@ListVaults' {} a -> s {marker = a} :: ListVaults)
    |                                                                                            ^^^^^^^^^^

gen/Amazonka/Glacier/ListVaults.hs:258:116: warning: [GHC-02256] [-Wambiguous-fields]
    The record update s {marker = a} with type ListVaultsResponse is ambiguous.
    This will not be supported by -XDuplicateRecordFields in future releases of GHC.
    |
258 | listVaultsResponse_marker = Lens.lens (\ListVaultsResponse' {marker} -> marker) (\s@ListVaultsResponse' {} a -> s {marker = a} :: ListVaultsResponse)
    |                                                                                                                    ^^^^^^^^^^
[42 of 71] Compiling Amazonka.Glacier.ListTagsForVault

gen/Amazonka/Glacier/ListTagsForVault.hs:106:119: warning: [GHC-02256] [-Wambiguous-fields]
    The record update s {vaultName = a} with type ListTagsForVault is ambiguous.
    This will not be supported by -XDuplicateRecordFields in future releases of GHC.
    |
106 | listTagsForVault_vaultName = Lens.lens (\ListTagsForVault' {vaultName} -> vaultName) (\s@ListTagsForVault' {} a -> s {vaultName = a} :: ListTagsForVault)
    |                                                                                                                       ^^^^^^^^^^^^^
[43 of 71] Compiling Amazonka.Glacier.ListProvisionedCapacity
[44 of 71] Compiling Amazonka.Glacier.ListParts

gen/Amazonka/Glacier/ListParts.hs:164:86: warning: [GHC-02256] [-Wambiguous-fields]
    The record update s {limit = a} with type ListParts is ambiguous.
    This will not be supported by -XDuplicateRecordFields in future releases of GHC.
    |
164 | listParts_limit = Lens.lens (\ListParts' {limit} -> limit) (\s@ListParts' {} a -> s {limit = a} :: ListParts)
    |                                                                                      ^^^^^^^^^

gen/Amazonka/Glacier/ListParts.hs:172:89: warning: [GHC-02256] [-Wambiguous-fields]
    The record update s {marker = a} with type ListParts is ambiguous.
    This will not be supported by -XDuplicateRecordFields in future releases of GHC.
    |
172 | listParts_marker = Lens.lens (\ListParts' {marker} -> marker) (\s@ListParts' {} a -> s {marker = a} :: ListParts)
    |                                                                                         ^^^^^^^^^^

gen/Amazonka/Glacier/ListParts.hs:184:98: warning: [GHC-02256] [-Wambiguous-fields]
    The record update s {vaultName = a} with type ListParts is ambiguous.
    This will not be supported by -XDuplicateRecordFields in future releases of GHC.
    |
184 | listParts_vaultName = Lens.lens (\ListParts' {vaultName} -> vaultName) (\s@ListParts' {} a -> s {vaultName = a} :: ListParts)
    |                                                                                                  ^^^^^^^^^^^^^

gen/Amazonka/Glacier/ListParts.hs:345:149: warning: [GHC-02256] [-Wambiguous-fields]
    The record update s {archiveDescription = a} with type ListPartsResponse is ambiguous.
    This will not be supported by -XDuplicateRecordFields in future releases of GHC.
    |
345 | listPartsResponse_archiveDescription = Lens.lens (\ListPartsResponse' {archiveDescription} -> archiveDescription) (\s@ListPartsResponse' {} a -> s {archiveDescription = a} :: ListPartsResponse)
    |                                                                                                                                                     ^^^^^^^^^^^^^^^^^^^^^^

gen/Amazonka/Glacier/ListParts.hs:349:131: warning: [GHC-02256] [-Wambiguous-fields]
    The record update s {creationDate = a} with type ListPartsResponse is ambiguous.
    This will not be supported by -XDuplicateRecordFields in future releases of GHC.
    |
349 | listPartsResponse_creationDate = Lens.lens (\ListPartsResponse' {creationDate} -> creationDate) (\s@ListPartsResponse' {} a -> s {creationDate = a} :: ListPartsResponse)
    |                                                                                                                                   ^^^^^^^^^^^^^^^^

gen/Amazonka/Glacier/ListParts.hs:355:113: warning: [GHC-02256] [-Wambiguous-fields]
    The record update s {marker = a} with type ListPartsResponse is ambiguous.
    This will not be supported by -XDuplicateRecordFields in future releases of GHC.
    |
355 | listPartsResponse_marker = Lens.lens (\ListPartsResponse' {marker} -> marker) (\s@ListPartsResponse' {} a -> s {marker = a} :: ListPartsResponse)
    |                                                                                                                 ^^^^^^^^^^

gen/Amazonka/Glacier/ListParts.hs:359:146: warning: [GHC-02256] [-Wambiguous-fields]
    The record update s {multipartUploadId = a} with type ListPartsResponse is ambiguous.
    This will not be supported by -XDuplicateRecordFields in future releases of GHC.
    |
359 | listPartsResponse_multipartUploadId = Lens.lens (\ListPartsResponse' {multipartUploadId} -> multipartUploadId) (\s@ListPartsResponse' {} a -> s {multipartUploadId = a} :: ListPartsResponse)
    |                                                                                                                                                  ^^^^^^^^^^^^^^^^^^^^^

gen/Amazonka/Glacier/ListParts.hs:364:140: warning: [GHC-02256] [-Wambiguous-fields]
    The record update s {partSizeInBytes = a} with type ListPartsResponse is ambiguous.
    This will not be supported by -XDuplicateRecordFields in future releases of GHC.
    |
364 | listPartsResponse_partSizeInBytes = Lens.lens (\ListPartsResponse' {partSizeInBytes} -> partSizeInBytes) (\s@ListPartsResponse' {} a -> s {partSizeInBytes = a} :: ListPartsResponse)
    |                                                                                                                                            ^^^^^^^^^^^^^^^^^^^

gen/Amazonka/Glacier/ListParts.hs:374:119: warning: [GHC-02256] [-Wambiguous-fields]
    The record update s {vaultARN = a} with type ListPartsResponse is ambiguous.
    This will not be supported by -XDuplicateRecordFields in future releases of GHC.
    |
374 | listPartsResponse_vaultARN = Lens.lens (\ListPartsResponse' {vaultARN} -> vaultARN) (\s@ListPartsResponse' {} a -> s {vaultARN = a} :: ListPartsResponse)
    |                                                                                                                       ^^^^^^^^^^^^
[45 of 71] Compiling Amazonka.Glacier.ListMultipartUploads

gen/Amazonka/Glacier/ListMultipartUploads.hs:157:119: warning: [GHC-02256] [-Wambiguous-fields]
    The record update s {limit = a} with type ListMultipartUploads is ambiguous.
    This will not be supported by -XDuplicateRecordFields in future releases of GHC.
    |
157 | listMultipartUploads_limit = Lens.lens (\ListMultipartUploads' {limit} -> limit) (\s@ListMultipartUploads' {} a -> s {limit = a} :: ListMultipartUploads)
    |                                                                                                                       ^^^^^^^^^

gen/Amazonka/Glacier/ListMultipartUploads.hs:165:122: warning: [GHC-02256] [-Wambiguous-fields]
    The record update s {marker = a} with type ListMultipartUploads is ambiguous.
    This will not be supported by -XDuplicateRecordFields in future releases of GHC.
    |
165 | listMultipartUploads_marker = Lens.lens (\ListMultipartUploads' {marker} -> marker) (\s@ListMultipartUploads' {} a -> s {marker = a} :: ListMultipartUploads)
    |                                                                                                                          ^^^^^^^^^^

gen/Amazonka/Glacier/ListMultipartUploads.hs:177:131: warning: [GHC-02256] [-Wambiguous-fields]
    The record update s {vaultName = a} with type ListMultipartUploads is ambiguous.
    This will not be supported by -XDuplicateRecordFields in future releases of GHC.
    |
177 | listMultipartUploads_vaultName = Lens.lens (\ListMultipartUploads' {vaultName} -> vaultName) (\s@ListMultipartUploads' {} a -> s {vaultName = a} :: ListMultipartUploads)
    |                                                                                                                                   ^^^^^^^^^^^^^

gen/Amazonka/Glacier/ListMultipartUploads.hs:299:146: warning: [GHC-02256] [-Wambiguous-fields]
    The record update s {marker = a} with type ListMultipartUploadsResponse is ambiguous.
    This will not be supported by -XDuplicateRecordFields in future releases of GHC.
    |
299 | listMultipartUploadsResponse_marker = Lens.lens (\ListMultipartUploadsResponse' {marker} -> marker) (\s@ListMultipartUploadsResponse' {} a -> s {marker = a} :: ListMultipartUploadsResponse)
    |                                                                                                                                                  ^^^^^^^^^^
[46 of 71] Compiling Amazonka.Glacier.ListJobs

gen/Amazonka/Glacier/ListJobs.hs:173:95: warning: [GHC-02256] [-Wambiguous-fields]
    The record update s {completed = a} with type ListJobs is ambiguous.
    This will not be supported by -XDuplicateRecordFields in future releases of GHC.
    |
173 | listJobs_completed = Lens.lens (\ListJobs' {completed} -> completed) (\s@ListJobs' {} a -> s {completed = a} :: ListJobs)
    |                                                                                               ^^^^^^^^^^^^^

gen/Amazonka/Glacier/ListJobs.hs:179:83: warning: [GHC-02256] [-Wambiguous-fields]
    The record update s {limit = a} with type ListJobs is ambiguous.
    This will not be supported by -XDuplicateRecordFields in future releases of GHC.
    |
179 | listJobs_limit = Lens.lens (\ListJobs' {limit} -> limit) (\s@ListJobs' {} a -> s {limit = a} :: ListJobs)
    |                                                                                   ^^^^^^^^^

gen/Amazonka/Glacier/ListJobs.hs:187:86: warning: [GHC-02256] [-Wambiguous-fields]
    The record update s {marker = a} with type ListJobs is ambiguous.
    This will not be supported by -XDuplicateRecordFields in future releases of GHC.
    |
187 | listJobs_marker = Lens.lens (\ListJobs' {marker} -> marker) (\s@ListJobs' {} a -> s {marker = a} :: ListJobs)
    |                                                                                      ^^^^^^^^^^

gen/Amazonka/Glacier/ListJobs.hs:204:95: warning: [GHC-02256] [-Wambiguous-fields]
    The record update s {vaultName = a} with type ListJobs is ambiguous.
    This will not be supported by -XDuplicateRecordFields in future releases of GHC.
    |
204 | listJobs_vaultName = Lens.lens (\ListJobs' {vaultName} -> vaultName) (\s@ListJobs' {} a -> s {vaultName = a} :: ListJobs)
    |                                                                                               ^^^^^^^^^^^^^

gen/Amazonka/Glacier/ListJobs.hs:341:110: warning: [GHC-02256] [-Wambiguous-fields]
    The record update s {marker = a} with type ListJobsResponse is ambiguous.
    This will not be supported by -XDuplicateRecordFields in future releases of GHC.
    |
341 | listJobsResponse_marker = Lens.lens (\ListJobsResponse' {marker} -> marker) (\s@ListJobsResponse' {} a -> s {marker = a} :: ListJobsResponse)
    |                                                                                                              ^^^^^^^^^^
[47 of 71] Compiling Amazonka.Glacier.InitiateVaultLock

gen/Amazonka/Glacier/InitiateVaultLock.hs:138:113: warning: [GHC-02256] [-Wambiguous-fields]
    The record update s {policy = a} with type InitiateVaultLock is ambiguous.
    This will not be supported by -XDuplicateRecordFields in future releases of GHC.
    |
138 | initiateVaultLock_policy = Lens.lens (\InitiateVaultLock' {policy} -> policy) (\s@InitiateVaultLock' {} a -> s {policy = a} :: InitiateVaultLock)
    |                                                                                                                 ^^^^^^^^^^

gen/Amazonka/Glacier/InitiateVaultLock.hs:151:122: warning: [GHC-02256] [-Wambiguous-fields]
    The record update s {vaultName = a} with type InitiateVaultLock is ambiguous.
    This will not be supported by -XDuplicateRecordFields in future releases of GHC.
    |
151 | initiateVaultLock_vaultName = Lens.lens (\InitiateVaultLock' {vaultName} -> vaultName) (\s@InitiateVaultLock' {} a -> s {vaultName = a} :: InitiateVaultLock)
    |                                                                                                                          ^^^^^^^^^^^^^
[48 of 71] Compiling Amazonka.Glacier.InitiateMultipartUpload

gen/Amazonka/Glacier/InitiateMultipartUpload.hs:168:167: warning: [GHC-02256] [-Wambiguous-fields]
    The record update s {archiveDescription = a} with type InitiateMultipartUpload is ambiguous.
    This will not be supported by -XDuplicateRecordFields in future releases of GHC.
    |
168 | initiateMultipartUpload_archiveDescription = Lens.lens (\InitiateMultipartUpload' {archiveDescription} -> archiveDescription) (\s@InitiateMultipartUpload' {} a -> s {archiveDescription = a} :: InitiateMultipartUpload)
    |                                                                                                                                                                       ^^^^^^^^^^^^^^^^^^^^^^

gen/Amazonka/Glacier/InitiateMultipartUpload.hs:180:140: warning: [GHC-02256] [-Wambiguous-fields]
    The record update s {vaultName = a} with type InitiateMultipartUpload is ambiguous.
    This will not be supported by -XDuplicateRecordFields in future releases of GHC.
    |
180 | initiateMultipartUpload_vaultName = Lens.lens (\InitiateMultipartUpload' {vaultName} -> vaultName) (\s@InitiateMultipartUpload' {} a -> s {vaultName = a} :: InitiateMultipartUpload)
    |                                                                                                                                            ^^^^^^^^^^^^^

gen/Amazonka/Glacier/InitiateMultipartUpload.hs:291:161: warning: [GHC-02256] [-Wambiguous-fields]
    The record update s {location = a} with type InitiateMultipartUploadResponse is ambiguous.
    This will not be supported by -XDuplicateRecordFields in future releases of GHC.
    |
291 | initiateMultipartUploadResponse_location = Lens.lens (\InitiateMultipartUploadResponse' {location} -> location) (\s@InitiateMultipartUploadResponse' {} a -> s {location = a} :: InitiateMultipartUploadResponse)
    |                                                                                                                                                                 ^^^^^^^^^^^^
[49 of 71] Compiling Amazonka.Glacier.InitiateJob

gen/Amazonka/Glacier/InitiateJob.hs:119:104: warning: [GHC-02256] [-Wambiguous-fields]
    The record update s {vaultName = a} with type InitiateJob is ambiguous.
    This will not be supported by -XDuplicateRecordFields in future releases of GHC.
    |
119 | initiateJob_vaultName = Lens.lens (\InitiateJob' {vaultName} -> vaultName) (\s@InitiateJob' {} a -> s {vaultName = a} :: InitiateJob)
    |                                                                                                        ^^^^^^^^^^^^^

gen/Amazonka/Glacier/InitiateJob.hs:212:116: warning: [GHC-02256] [-Wambiguous-fields]
    The record update s {jobId = a} with type InitiateJobResponse is ambiguous.
    This will not be supported by -XDuplicateRecordFields in future releases of GHC.
    |
212 | initiateJobResponse_jobId = Lens.lens (\InitiateJobResponse' {jobId} -> jobId) (\s@InitiateJobResponse' {} a -> s {jobId = a} :: InitiateJobResponse)
    |                                                                                                                    ^^^^^^^^^

gen/Amazonka/Glacier/InitiateJob.hs:216:140: warning: [GHC-02256] [-Wambiguous-fields]
    The record update s {jobOutputPath = a} with type InitiateJobResponse is ambiguous.
    This will not be supported by -XDuplicateRecordFields in future releases of GHC.
    |
216 | initiateJobResponse_jobOutputPath = Lens.lens (\InitiateJobResponse' {jobOutputPath} -> jobOutputPath) (\s@InitiateJobResponse' {} a -> s {jobOutputPath = a} :: InitiateJobResponse)
    |                                                                                                                                            ^^^^^^^^^^^^^^^^^

gen/Amazonka/Glacier/InitiateJob.hs:220:125: warning: [GHC-02256] [-Wambiguous-fields]
    The record update s {location = a} with type InitiateJobResponse is ambiguous.
    This will not be supported by -XDuplicateRecordFields in future releases of GHC.
    |
220 | initiateJobResponse_location = Lens.lens (\InitiateJobResponse' {location} -> location) (\s@InitiateJobResponse' {} a -> s {location = a} :: InitiateJobResponse)
    |                                                                                                                             ^^^^^^^^^^^^
[50 of 71] Compiling Amazonka.Glacier.GetVaultNotifications

gen/Amazonka/Glacier/GetVaultNotifications.hs:123:134: warning: [GHC-02256] [-Wambiguous-fields]
    The record update s {vaultName = a} with type GetVaultNotifications is ambiguous.
    This will not be supported by -XDuplicateRecordFields in future releases of GHC.
    |
123 | getVaultNotifications_vaultName = Lens.lens (\GetVaultNotifications' {vaultName} -> vaultName) (\s@GetVaultNotifications' {} a -> s {vaultName = a} :: GetVaultNotifications)
    |                                                                                                                                      ^^^^^^^^^^^^^
[51 of 71] Compiling Amazonka.Glacier.GetVaultLock

gen/Amazonka/Glacier/GetVaultLock.hs:129:107: warning: [GHC-02256] [-Wambiguous-fields]
    The record update s {vaultName = a} with type GetVaultLock is ambiguous.
    This will not be supported by -XDuplicateRecordFields in future releases of GHC.
    |
129 | getVaultLock_vaultName = Lens.lens (\GetVaultLock' {vaultName} -> vaultName) (\s@GetVaultLock' {} a -> s {vaultName = a} :: GetVaultLock)
    |                                                                                                           ^^^^^^^^^^^^^

gen/Amazonka/Glacier/GetVaultLock.hs:231:140: warning: [GHC-02256] [-Wambiguous-fields]
    The record update s {creationDate = a} with type GetVaultLockResponse is ambiguous.
    This will not be supported by -XDuplicateRecordFields in future releases of GHC.
    |
231 | getVaultLockResponse_creationDate = Lens.lens (\GetVaultLockResponse' {creationDate} -> creationDate) (\s@GetVaultLockResponse' {} a -> s {creationDate = a} :: GetVaultLockResponse)
    |                                                                                                                                            ^^^^^^^^^^^^^^^^

gen/Amazonka/Glacier/GetVaultLock.hs:236:146: warning: [GHC-02256] [-Wambiguous-fields]
    The record update s {expirationDate = a} with type GetVaultLockResponse is ambiguous.
    This will not be supported by -XDuplicateRecordFields in future releases of GHC.
    |
236 | getVaultLockResponse_expirationDate = Lens.lens (\GetVaultLockResponse' {expirationDate} -> expirationDate) (\s@GetVaultLockResponse' {} a -> s {expirationDate = a} :: GetVaultLockResponse)
    |                                                                                                                                                  ^^^^^^^^^^^^^^^^^^

gen/Amazonka/Glacier/GetVaultLock.hs:241:122: warning: [GHC-02256] [-Wambiguous-fields]
    The record update s {policy = a} with type GetVaultLockResponse is ambiguous.
    This will not be supported by -XDuplicateRecordFields in future releases of GHC.
    |
241 | getVaultLockResponse_policy = Lens.lens (\GetVaultLockResponse' {policy} -> policy) (\s@GetVaultLockResponse' {} a -> s {policy = a} :: GetVaultLockResponse)
    |                                                                                                                          ^^^^^^^^^^
[52 of 71] Compiling Amazonka.Glacier.GetVaultAccessPolicy

gen/Amazonka/Glacier/GetVaultAccessPolicy.hs:109:131: warning: [GHC-02256] [-Wambiguous-fields]
    The record update s {vaultName = a} with type GetVaultAccessPolicy is ambiguous.
    This will not be supported by -XDuplicateRecordFields in future releases of GHC.
    |
109 | getVaultAccessPolicy_vaultName = Lens.lens (\GetVaultAccessPolicy' {vaultName} -> vaultName) (\s@GetVaultAccessPolicy' {} a -> s {vaultName = a} :: GetVaultAccessPolicy)
    |                                                                                                                                   ^^^^^^^^^^^^^

gen/Amazonka/Glacier/GetVaultAccessPolicy.hs:188:146: warning: [GHC-02256] [-Wambiguous-fields]
    The record update s {policy = a} with type GetVaultAccessPolicyResponse is ambiguous.
    This will not be supported by -XDuplicateRecordFields in future releases of GHC.
    |
188 | getVaultAccessPolicyResponse_policy = Lens.lens (\GetVaultAccessPolicyResponse' {policy} -> policy) (\s@GetVaultAccessPolicyResponse' {} a -> s {policy = a} :: GetVaultAccessPolicyResponse)
    |                                                                                                                                                  ^^^^^^^^^^
[53 of 71] Compiling Amazonka.Glacier.GetJobOutput

gen/Amazonka/Glacier/GetJobOutput.hs:262:107: warning: [GHC-02256] [-Wambiguous-fields]
    The record update s {vaultName = a} with type GetJobOutput is ambiguous.
    This will not be supported by -XDuplicateRecordFields in future releases of GHC.
    |
262 | getJobOutput_vaultName = Lens.lens (\GetJobOutput' {vaultName} -> vaultName) (\s@GetJobOutput' {} a -> s {vaultName = a} :: GetJobOutput)
    |                                                                                                           ^^^^^^^^^^^^^

gen/Amazonka/Glacier/GetJobOutput.hs:266:95: warning: [GHC-02256] [-Wambiguous-fields]
    The record update s {jobId = a} with type GetJobOutput is ambiguous.
    This will not be supported by -XDuplicateRecordFields in future releases of GHC.
    |
266 | getJobOutput_jobId = Lens.lens (\GetJobOutput' {jobId} -> jobId) (\s@GetJobOutput' {} a -> s {jobId = a} :: GetJobOutput)
    |                                                                                               ^^^^^^^^^

gen/Amazonka/Glacier/GetJobOutput.hs:437:158: warning: [GHC-02256] [-Wambiguous-fields]
    The record update s {archiveDescription = a} with type GetJobOutputResponse is ambiguous.
    This will not be supported by -XDuplicateRecordFields in future releases of GHC.
    |
437 | getJobOutputResponse_archiveDescription = Lens.lens (\GetJobOutputResponse' {archiveDescription} -> archiveDescription) (\s@GetJobOutputResponse' {} a -> s {archiveDescription = a} :: GetJobOutputResponse)
    |                                                                                                                                                              ^^^^^^^^^^^^^^^^^^^^^^

gen/Amazonka/Glacier/GetJobOutput.hs:456:128: warning: [GHC-02256] [-Wambiguous-fields]
    The record update s {checksum = a} with type GetJobOutputResponse is ambiguous.
    This will not be supported by -XDuplicateRecordFields in future releases of GHC.
    |
456 | getJobOutputResponse_checksum = Lens.lens (\GetJobOutputResponse' {checksum} -> checksum) (\s@GetJobOutputResponse' {} a -> s {checksum = a} :: GetJobOutputResponse)
    |                                                                                                                                ^^^^^^^^^^^^
[54 of 71] Compiling Amazonka.Glacier.GetDataRetrievalPolicy

gen/Amazonka/Glacier/GetDataRetrievalPolicy.hs:170:152: warning: [GHC-02256] [-Wambiguous-fields]
    The record update s {policy = a} with type GetDataRetrievalPolicyResponse is ambiguous.
    This will not be supported by -XDuplicateRecordFields in future releases of GHC.
    |
170 | getDataRetrievalPolicyResponse_policy = Lens.lens (\GetDataRetrievalPolicyResponse' {policy} -> policy) (\s@GetDataRetrievalPolicyResponse' {} a -> s {policy = a} :: GetDataRetrievalPolicyResponse)
    |                                                                                                                                                        ^^^^^^^^^^
[55 of 71] Compiling Amazonka.Glacier.DescribeVault

gen/Amazonka/Glacier/DescribeVault.hs:130:110: warning: [GHC-02256] [-Wambiguous-fields]
    The record update s {vaultName = a} with type DescribeVault is ambiguous.
    This will not be supported by -XDuplicateRecordFields in future releases of GHC.
    |
130 | describeVault_vaultName = Lens.lens (\DescribeVault' {vaultName} -> vaultName) (\s@DescribeVault' {} a -> s {vaultName = a} :: DescribeVault)
    |                                                                                                              ^^^^^^^^^^^^^
[56 of 71] Compiling Amazonka.Glacier.DescribeJob

gen/Amazonka/Glacier/DescribeJob.hs:153:104: warning: [GHC-02256] [-Wambiguous-fields]
    The record update s {vaultName = a} with type DescribeJob is ambiguous.
    This will not be supported by -XDuplicateRecordFields in future releases of GHC.
    |
153 | describeJob_vaultName = Lens.lens (\DescribeJob' {vaultName} -> vaultName) (\s@DescribeJob' {} a -> s {vaultName = a} :: DescribeJob)
    |                                                                                                        ^^^^^^^^^^^^^

gen/Amazonka/Glacier/DescribeJob.hs:157:92: warning: [GHC-02256] [-Wambiguous-fields]
    The record update s {jobId = a} with type DescribeJob is ambiguous.
    This will not be supported by -XDuplicateRecordFields in future releases of GHC.
    |
157 | describeJob_jobId = Lens.lens (\DescribeJob' {jobId} -> jobId) (\s@DescribeJob' {} a -> s {jobId = a} :: DescribeJob)
    |                                                                                            ^^^^^^^^^
[57 of 71] Compiling Amazonka.Glacier.DeleteVaultNotifications

gen/Amazonka/Glacier/DeleteVaultNotifications.hs:116:143: warning: [GHC-02256] [-Wambiguous-fields]
    The record update s {vaultName = a} with type DeleteVaultNotifications is ambiguous.
    This will not be supported by -XDuplicateRecordFields in future releases of GHC.
    |
116 | deleteVaultNotifications_vaultName = Lens.lens (\DeleteVaultNotifications' {vaultName} -> vaultName) (\s@DeleteVaultNotifications' {} a -> s {vaultName = a} :: DeleteVaultNotifications)
    |                                                                                                                                               ^^^^^^^^^^^^^
[58 of 71] Compiling Amazonka.Glacier.DeleteVaultAccessPolicy

gen/Amazonka/Glacier/DeleteVaultAccessPolicy.hs:108:140: warning: [GHC-02256] [-Wambiguous-fields]
    The record update s {vaultName = a} with type DeleteVaultAccessPolicy is ambiguous.
    This will not be supported by -XDuplicateRecordFields in future releases of GHC.
    |
108 | deleteVaultAccessPolicy_vaultName = Lens.lens (\DeleteVaultAccessPolicy' {vaultName} -> vaultName) (\s@DeleteVaultAccessPolicy' {} a -> s {vaultName = a} :: DeleteVaultAccessPolicy)
    |                                                                                                                                            ^^^^^^^^^^^^^
[59 of 71] Compiling Amazonka.Glacier.DeleteVault

gen/Amazonka/Glacier/DeleteVault.hs:123:104: warning: [GHC-02256] [-Wambiguous-fields]
    The record update s {vaultName = a} with type DeleteVault is ambiguous.
    This will not be supported by -XDuplicateRecordFields in future releases of GHC.
    |
123 | deleteVault_vaultName = Lens.lens (\DeleteVault' {vaultName} -> vaultName) (\s@DeleteVault' {} a -> s {vaultName = a} :: DeleteVault)
    |                                                                                                        ^^^^^^^^^^^^^
[60 of 71] Compiling Amazonka.Glacier.DeleteArchive

gen/Amazonka/Glacier/DeleteArchive.hs:134:110: warning: [GHC-02256] [-Wambiguous-fields]
    The record update s {vaultName = a} with type DeleteArchive is ambiguous.
    This will not be supported by -XDuplicateRecordFields in future releases of GHC.
    |
134 | deleteArchive_vaultName = Lens.lens (\DeleteArchive' {vaultName} -> vaultName) (\s@DeleteArchive' {} a -> s {vaultName = a} :: DeleteArchive)
    |                                                                                                              ^^^^^^^^^^^^^

gen/Amazonka/Glacier/DeleteArchive.hs:138:110: warning: [GHC-02256] [-Wambiguous-fields]
    The record update s {archiveId = a} with type DeleteArchive is ambiguous.
    This will not be supported by -XDuplicateRecordFields in future releases of GHC.
    |
138 | deleteArchive_archiveId = Lens.lens (\DeleteArchive' {archiveId} -> archiveId) (\s@DeleteArchive' {} a -> s {archiveId = a} :: DeleteArchive)
    |                                                                                                              ^^^^^^^^^^^^^
[61 of 71] Compiling Amazonka.Glacier.CreateVault

gen/Amazonka/Glacier/CreateVault.hs:130:104: warning: [GHC-02256] [-Wambiguous-fields]
    The record update s {vaultName = a} with type CreateVault is ambiguous.
    This will not be supported by -XDuplicateRecordFields in future releases of GHC.
    |
130 | createVault_vaultName = Lens.lens (\CreateVault' {vaultName} -> vaultName) (\s@CreateVault' {} a -> s {vaultName = a} :: CreateVault)
    |                                                                                                        ^^^^^^^^^^^^^

gen/Amazonka/Glacier/CreateVault.hs:208:125: warning: [GHC-02256] [-Wambiguous-fields]
    The record update s {location = a} with type CreateVaultResponse is ambiguous.
    This will not be supported by -XDuplicateRecordFields in future releases of GHC.
    |
208 | createVaultResponse_location = Lens.lens (\CreateVaultResponse' {location} -> location) (\s@CreateVaultResponse' {} a -> s {location = a} :: CreateVaultResponse)
    |                                                                                                                             ^^^^^^^^^^^^
[62 of 71] Compiling Amazonka.Glacier.CompleteVaultLock

gen/Amazonka/Glacier/CompleteVaultLock.hs:128:122: warning: [GHC-02256] [-Wambiguous-fields]
    The record update s {vaultName = a} with type CompleteVaultLock is ambiguous.
    This will not be supported by -XDuplicateRecordFields in future releases of GHC.
    |
128 | completeVaultLock_vaultName = Lens.lens (\CompleteVaultLock' {vaultName} -> vaultName) (\s@CompleteVaultLock' {} a -> s {vaultName = a} :: CompleteVaultLock)
    |                                                                                                                          ^^^^^^^^^^^^^
[63 of 71] Compiling Amazonka.Glacier.CompleteMultipartUpload

gen/Amazonka/Glacier/CompleteMultipartUpload.hs:193:140: warning: [GHC-02256] [-Wambiguous-fields]
    The record update s {vaultName = a} with type CompleteMultipartUpload is ambiguous.
    This will not be supported by -XDuplicateRecordFields in future releases of GHC.
    |
193 | completeMultipartUpload_vaultName = Lens.lens (\CompleteMultipartUpload' {vaultName} -> vaultName) (\s@CompleteMultipartUpload' {} a -> s {vaultName = a} :: CompleteMultipartUpload)
    |                                                                                                                                            ^^^^^^^^^^^^^

gen/Amazonka/Glacier/CompleteMultipartUpload.hs:210:137: warning: [GHC-02256] [-Wambiguous-fields]
    The record update s {checksum = a} with type CompleteMultipartUpload is ambiguous.
    This will not be supported by -XDuplicateRecordFields in future releases of GHC.
    |
210 | completeMultipartUpload_checksum = Lens.lens (\CompleteMultipartUpload' {checksum} -> checksum) (\s@CompleteMultipartUpload' {} a -> s {checksum = a} :: CompleteMultipartUpload)
    |                                                                                                                                         ^^^^^^^^^^^^
[64 of 71] Compiling Amazonka.Glacier.AddTagsToVault

gen/Amazonka/Glacier/AddTagsToVault.hs:118:113: warning: [GHC-02256] [-Wambiguous-fields]
    The record update s {vaultName = a} with type AddTagsToVault is ambiguous.
    This will not be supported by -XDuplicateRecordFields in future releases of GHC.
    |
118 | addTagsToVault_vaultName = Lens.lens (\AddTagsToVault' {vaultName} -> vaultName) (\s@AddTagsToVault' {} a -> s {vaultName = a} :: AddTagsToVault)
    |                                                                                                                 ^^^^^^^^^^^^^
[65 of 71] Compiling Amazonka.Glacier.AbortVaultLock

gen/Amazonka/Glacier/AbortVaultLock.hs:119:113: warning: [GHC-02256] [-Wambiguous-fields]
    The record update s {vaultName = a} with type AbortVaultLock is ambiguous.
    This will not be supported by -XDuplicateRecordFields in future releases of GHC.
    |
119 | abortVaultLock_vaultName = Lens.lens (\AbortVaultLock' {vaultName} -> vaultName) (\s@AbortVaultLock' {} a -> s {vaultName = a} :: AbortVaultLock)
    |                                                                                                                 ^^^^^^^^^^^^^
[66 of 71] Compiling Amazonka.Glacier.AbortMultipartUpload

gen/Amazonka/Glacier/AbortMultipartUpload.hs:137:131: warning: [GHC-02256] [-Wambiguous-fields]
    The record update s {vaultName = a} with type AbortMultipartUpload is ambiguous.
    This will not be supported by -XDuplicateRecordFields in future releases of GHC.
    |
137 | abortMultipartUpload_vaultName = Lens.lens (\AbortMultipartUpload' {vaultName} -> vaultName) (\s@AbortMultipartUpload' {} a -> s {vaultName = a} :: AbortMultipartUpload)
    |                                                                                                                                   ^^^^^^^^^^^^^
[67 of 71] Compiling Amazonka.Glacier.UploadArchive

gen/Amazonka/Glacier/UploadArchive.hs:157:137: warning: [GHC-02256] [-Wambiguous-fields]
    The record update s {archiveDescription = a} with type UploadArchive is ambiguous.
    This will not be supported by -XDuplicateRecordFields in future releases of GHC.
    |
157 | uploadArchive_archiveDescription = Lens.lens (\UploadArchive' {archiveDescription} -> archiveDescription) (\s@UploadArchive' {} a -> s {archiveDescription = a} :: UploadArchive)
    |                                                                                                                                         ^^^^^^^^^^^^^^^^^^^^^^

gen/Amazonka/Glacier/UploadArchive.hs:161:107: warning: [GHC-02256] [-Wambiguous-fields]
    The record update s {checksum = a} with type UploadArchive is ambiguous.
    This will not be supported by -XDuplicateRecordFields in future releases of GHC.
    |
161 | uploadArchive_checksum = Lens.lens (\UploadArchive' {checksum} -> checksum) (\s@UploadArchive' {} a -> s {checksum = a} :: UploadArchive)
    |                                                                                                           ^^^^^^^^^^^^

gen/Amazonka/Glacier/UploadArchive.hs:165:110: warning: [GHC-02256] [-Wambiguous-fields]
    The record update s {vaultName = a} with type UploadArchive is ambiguous.
    This will not be supported by -XDuplicateRecordFields in future releases of GHC.
    |
165 | uploadArchive_vaultName = Lens.lens (\UploadArchive' {vaultName} -> vaultName) (\s@UploadArchive' {} a -> s {vaultName = a} :: UploadArchive)
    |                                                                                                              ^^^^^^^^^^^^^
[68 of 71] Compiling Amazonka.Glacier.UploadMultipartPart

gen/Amazonka/Glacier/UploadMultipartPart.hs:195:128: warning: [GHC-02256] [-Wambiguous-fields]
    The record update s {vaultName = a} with type UploadMultipartPart is ambiguous.
    This will not be supported by -XDuplicateRecordFields in future releases of GHC.
    |
195 | uploadMultipartPart_vaultName = Lens.lens (\UploadMultipartPart' {vaultName} -> vaultName) (\s@UploadMultipartPart' {} a -> s {vaultName = a} :: UploadMultipartPart)
    |                                                                                                                                ^^^^^^^^^^^^^

gen/Amazonka/Glacier/UploadMultipartPart.hs:210:125: warning: [GHC-02256] [-Wambiguous-fields]
    The record update s {checksum = a} with type UploadMultipartPart is ambiguous.
    This will not be supported by -XDuplicateRecordFields in future releases of GHC.
    |
210 | uploadMultipartPart_checksum = Lens.lens (\UploadMultipartPart' {checksum} -> checksum) (\s@UploadMultipartPart' {} a -> s {checksum = a} :: UploadMultipartPart)
    |                                                                                                                             ^^^^^^^^^^^^

gen/Amazonka/Glacier/UploadMultipartPart.hs:293:149: warning: [GHC-02256] [-Wambiguous-fields]
    The record update s {checksum = a} with type UploadMultipartPartResponse is ambiguous.
    This will not be supported by -XDuplicateRecordFields in future releases of GHC.
    |
293 | uploadMultipartPartResponse_checksum = Lens.lens (\UploadMultipartPartResponse' {checksum} -> checksum) (\s@UploadMultipartPartResponse' {} a -> s {checksum = a} :: UploadMultipartPartResponse)
    |                                                                                                                                                     ^^^^^^^^^^^^
[69 of 71] Compiling Amazonka.Glacier.Lens
[70 of 71] Compiling Amazonka.Glacier.Waiters
[71 of 71] Compiling Amazonka.Glacier
Configuring test suite 'amazonka-glacier-test' for amazonka-glacier-2.0...
Preprocessing test suite 'amazonka-glacier-test' for amazonka-glacier-2.0...
Building test suite 'amazonka-glacier-test' for amazonka-glacier-2.0...
[1 of 4] Compiling Test.Amazonka.Glacier
[2 of 4] Compiling Test.Amazonka.Glacier.Internal
[3 of 4] Compiling Test.Amazonka.Gen.Glacier
[4 of 4] Compiling Main
[5 of 5] Linking /tmp/workdir-amazonka-glacier/amazonka-glacier-2.0/dist-newstyle/build/x86_64-linux/ghc-9.6.6/amazonka-glacier-2.0/t/amazonka-glacier-test/build/amazonka-glacier-test/amazonka-glacier-test
