Build profile: -w ghc-9.6.6 -O1
In order, the following will be built (use -v for more details):
 - string-interpolate-0.3.4.0 (lib) (first run)
 - string-interpolate-0.3.4.0 (test:string-interpolate-test) (first run)
Configuring library for string-interpolate-0.3.4.0...
Preprocessing library for string-interpolate-0.3.4.0...
Building library for string-interpolate-0.3.4.0...
[ 1 of 11] Compiling Data.String.Interpolate.Conversion.Classes
[ 2 of 11] Compiling Data.String.Interpolate.Conversion.Encoding
[ 3 of 11] Compiling Data.String.Interpolate.Conversion.ByteStringSink
[ 4 of 11] Compiling Data.String.Interpolate.Conversion.TextSink
[ 5 of 11] Compiling Data.String.Interpolate.Conversion
[ 6 of 11] Compiling Data.String.Interpolate.Types
[ 7 of 11] Compiling Data.String.Interpolate.Lines
[ 8 of 11] Compiling Data.String.Interpolate.Parse
[ 9 of 11] Compiling Data.String.Interpolate.Whitespace
[10 of 11] Compiling Data.String.Interpolate
[11 of 11] Compiling Paths_string_interpolate
Configuring test suite 'string-interpolate-test' for string-interpolate-0.3.4.0...
Preprocessing test suite 'string-interpolate-test' for string-interpolate-0.3.4.0...
Building test suite 'string-interpolate-test' for string-interpolate-0.3.4.0...
[1 of 2] Compiling Main
[2 of 2] Compiling Paths_string_interpolate
[3 of 3] Linking /tmp/workdir-string-interpolate/string-interpolate-0.3.4.0/dist-newstyle/build/x86_64-linux/ghc-9.6.6/string-interpolate-0.3.4.0/t/string-interpolate-test/build/string-interpolate-test/string-interpolate-test
