Build profile: -w ghc-9.6.6 -O1
In order, the following will be built (use -v for more details):
 - amazonka-arc-zonal-shift-2.0 (lib) (first run)
 - amazonka-arc-zonal-shift-2.0 (test:amazonka-arc-zonal-shift-test) (first run)
Configuring library for amazonka-arc-zonal-shift-2.0...
Preprocessing library for amazonka-arc-zonal-shift-2.0...
Building library for amazonka-arc-zonal-shift-2.0...
[ 1 of 16] Compiling Amazonka.ArcZonalShift.Types.AppliedStatus
[ 2 of 16] Compiling Amazonka.ArcZonalShift.Types.ManagedResourceSummary
[ 3 of 16] Compiling Amazonka.ArcZonalShift.Types.ZonalShiftInResource
[ 4 of 16] Compiling Amazonka.ArcZonalShift.Types.ZonalShiftStatus
[ 5 of 16] Compiling Amazonka.ArcZonalShift.Types.ZonalShift
[ 6 of 16] Compiling Amazonka.ArcZonalShift.Types.ZonalShiftSummary
[ 7 of 16] Compiling Amazonka.ArcZonalShift.Types
[ 8 of 16] Compiling Amazonka.ArcZonalShift.StartZonalShift

gen/Amazonka/ArcZonalShift/StartZonalShift.hs:179:113: warning: [GHC-02256] [-Wambiguous-fields]
    The record update s {awayFrom = a} with type StartZonalShift is ambiguous.
    This will not be supported by -XDuplicateRecordFields in future releases of GHC.
    |
179 | startZonalShift_awayFrom = Lens.lens (\StartZonalShift' {awayFrom} -> awayFrom) (\s@StartZonalShift' {} a -> s {awayFrom = a} :: StartZonalShift)
    |                                                                                                                 ^^^^^^^^^^^^

gen/Amazonka/ArcZonalShift/StartZonalShift.hs:185:110: warning: [GHC-02256] [-Wambiguous-fields]
    The record update s {comment = a} with type StartZonalShift is ambiguous.
    This will not be supported by -XDuplicateRecordFields in future releases of GHC.
    |
185 | startZonalShift_comment = Lens.lens (\StartZonalShift' {comment} -> comment) (\s@StartZonalShift' {} a -> s {comment = a} :: StartZonalShift)
    |                                                                                                              ^^^^^^^^^^^

gen/Amazonka/ArcZonalShift/StartZonalShift.hs:211:143: warning: [GHC-02256] [-Wambiguous-fields]
    The record update s {resourceIdentifier = a} with type StartZonalShift is ambiguous.
    This will not be supported by -XDuplicateRecordFields in future releases of GHC.
    |
211 | startZonalShift_resourceIdentifier = Lens.lens (\StartZonalShift' {resourceIdentifier} -> resourceIdentifier) (\s@StartZonalShift' {} a -> s {resourceIdentifier = a} :: StartZonalShift)
    |                                                                                                                                               ^^^^^^^^^^^^^^^^^^^^^^
[ 9 of 16] Compiling Amazonka.ArcZonalShift.ListZonalShifts

gen/Amazonka/ArcZonalShift/ListZonalShifts.hs:125:116: warning: [GHC-02256] [-Wambiguous-fields]
    The record update s {nextToken = a} with type ListZonalShifts is ambiguous.
    This will not be supported by -XDuplicateRecordFields in future releases of GHC.
    |
125 | listZonalShifts_nextToken = Lens.lens (\ListZonalShifts' {nextToken} -> nextToken) (\s@ListZonalShifts' {} a -> s {nextToken = a} :: ListZonalShifts)
    |                                                                                                                    ^^^^^^^^^^^^^

gen/Amazonka/ArcZonalShift/ListZonalShifts.hs:138:107: warning: [GHC-02256] [-Wambiguous-fields]
    The record update s {status = a} with type ListZonalShifts is ambiguous.
    This will not be supported by -XDuplicateRecordFields in future releases of GHC.
    |
138 | listZonalShifts_status = Lens.lens (\ListZonalShifts' {status} -> status) (\s@ListZonalShifts' {} a -> s {status = a} :: ListZonalShifts)
    |                                                                                                           ^^^^^^^^^^

gen/Amazonka/ArcZonalShift/ListZonalShifts.hs:265:140: warning: [GHC-02256] [-Wambiguous-fields]
    The record update s {nextToken = a} with type ListZonalShiftsResponse is ambiguous.
    This will not be supported by -XDuplicateRecordFields in future releases of GHC.
    |
265 | listZonalShiftsResponse_nextToken = Lens.lens (\ListZonalShiftsResponse' {nextToken} -> nextToken) (\s@ListZonalShiftsResponse' {} a -> s {nextToken = a} :: ListZonalShiftsResponse)
    |                                                                                                                                            ^^^^^^^^^^^^^
[10 of 16] Compiling Amazonka.ArcZonalShift.ListManagedResources

gen/Amazonka/ArcZonalShift/ListManagedResources.hs:104:131: warning: [GHC-02256] [-Wambiguous-fields]
    The record update s {nextToken = a} with type ListManagedResources is ambiguous.
    This will not be supported by -XDuplicateRecordFields in future releases of GHC.
    |
104 | listManagedResources_nextToken = Lens.lens (\ListManagedResources' {nextToken} -> nextToken) (\s@ListManagedResources' {} a -> s {nextToken = a} :: ListManagedResources)
    |                                                                                                                                   ^^^^^^^^^^^^^

gen/Amazonka/ArcZonalShift/ListManagedResources.hs:222:155: warning: [GHC-02256] [-Wambiguous-fields]
    The record update s {nextToken = a} with type ListManagedResourcesResponse is ambiguous.
    This will not be supported by -XDuplicateRecordFields in future releases of GHC.
    |
222 | listManagedResourcesResponse_nextToken = Lens.lens (\ListManagedResourcesResponse' {nextToken} -> nextToken) (\s@ListManagedResourcesResponse' {} a -> s {nextToken = a} :: ListManagedResourcesResponse)
    |                                                                                                                                                           ^^^^^^^^^^^^^
[11 of 16] Compiling Amazonka.ArcZonalShift.GetManagedResource

gen/Amazonka/ArcZonalShift/GetManagedResource.hs:103:152: warning: [GHC-02256] [-Wambiguous-fields]
    The record update s {resourceIdentifier = a} with type GetManagedResource is ambiguous.
    This will not be supported by -XDuplicateRecordFields in future releases of GHC.
    |
103 | getManagedResource_resourceIdentifier = Lens.lens (\GetManagedResource' {resourceIdentifier} -> resourceIdentifier) (\s@GetManagedResource' {} a -> s {resourceIdentifier = a} :: GetManagedResource)
    |                                                                                                                                                        ^^^^^^^^^^^^^^^^^^^^^^

gen/Amazonka/ArcZonalShift/GetManagedResource.hs:200:131: warning: [GHC-02256] [-Wambiguous-fields]
    The record update s {arn = a} with type GetManagedResourceResponse is ambiguous.
    This will not be supported by -XDuplicateRecordFields in future releases of GHC.
    |
200 | getManagedResourceResponse_arn = Lens.lens (\GetManagedResourceResponse' {arn} -> arn) (\s@GetManagedResourceResponse' {} a -> s {arn = a} :: GetManagedResourceResponse)
    |                                                                                                                                   ^^^^^^^

gen/Amazonka/ArcZonalShift/GetManagedResource.hs:204:134: warning: [GHC-02256] [-Wambiguous-fields]
    The record update s {name = a} with type GetManagedResourceResponse is ambiguous.
    This will not be supported by -XDuplicateRecordFields in future releases of GHC.
    |
204 | getManagedResourceResponse_name = Lens.lens (\GetManagedResourceResponse' {name} -> name) (\s@GetManagedResourceResponse' {} a -> s {name = a} :: GetManagedResourceResponse)
    |                                                                                                                                      ^^^^^^^^
[12 of 16] Compiling Amazonka.ArcZonalShift.CancelZonalShift

gen/Amazonka/ArcZonalShift/CancelZonalShift.hs:82:128: warning: [GHC-02256] [-Wambiguous-fields]
    The record update s {zonalShiftId = a} with type CancelZonalShift is ambiguous.
    This will not be supported by -XDuplicateRecordFields in future releases of GHC.
   |
82 | cancelZonalShift_zonalShiftId = Lens.lens (\CancelZonalShift' {zonalShiftId} -> zonalShiftId) (\s@CancelZonalShift' {} a -> s {zonalShiftId = a} :: CancelZonalShift)
   |                                                                                                                                ^^^^^^^^^^^^^^^^
[13 of 16] Compiling Amazonka.ArcZonalShift.UpdateZonalShift

gen/Amazonka/ArcZonalShift/UpdateZonalShift.hs:138:113: warning: [GHC-02256] [-Wambiguous-fields]
    The record update s {comment = a} with type UpdateZonalShift is ambiguous.
    This will not be supported by -XDuplicateRecordFields in future releases of GHC.
    |
138 | updateZonalShift_comment = Lens.lens (\UpdateZonalShift' {comment} -> comment) (\s@UpdateZonalShift' {} a -> s {comment = a} :: UpdateZonalShift)
    |                                                                                                                 ^^^^^^^^^^^

gen/Amazonka/ArcZonalShift/UpdateZonalShift.hs:164:128: warning: [GHC-02256] [-Wambiguous-fields]
    The record update s {zonalShiftId = a} with type UpdateZonalShift is ambiguous.
    This will not be supported by -XDuplicateRecordFields in future releases of GHC.
    |
164 | updateZonalShift_zonalShiftId = Lens.lens (\UpdateZonalShift' {zonalShiftId} -> zonalShiftId) (\s@UpdateZonalShift' {} a -> s {zonalShiftId = a} :: UpdateZonalShift)
    |                                                                                                                                ^^^^^^^^^^^^^^^^
[14 of 16] Compiling Amazonka.ArcZonalShift.Lens
[15 of 16] Compiling Amazonka.ArcZonalShift.Waiters
[16 of 16] Compiling Amazonka.ArcZonalShift
Configuring test suite 'amazonka-arc-zonal-shift-test' for amazonka-arc-zonal-shift-2.0...
Preprocessing test suite 'amazonka-arc-zonal-shift-test' for amazonka-arc-zonal-shift-2.0...
Building test suite 'amazonka-arc-zonal-shift-test' for amazonka-arc-zonal-shift-2.0...
[1 of 4] Compiling Test.Amazonka.ArcZonalShift
[2 of 4] Compiling Test.Amazonka.ArcZonalShift.Internal
[3 of 4] Compiling Main
[4 of 4] Compiling Test.Amazonka.Gen.ArcZonalShift
[5 of 5] Linking /tmp/workdir-amazonka-arc-zonal-shift/amazonka-arc-zonal-shift-2.0/dist-newstyle/build/x86_64-linux/ghc-9.6.6/amazonka-arc-zonal-shift-2.0/t/amazonka-arc-zonal-shift-test/build/amazonka-arc-zonal-shift-test/amazonka-arc-zonal-shift-test
