Build profile: -w ghc-9.6.6 -O1
In order, the following will be built (use -v for more details):
 - servant-elm-0.7.3 (lib) (first run)
 - servant-elm-0.7.3 (test:servant-elm-test) (first run)
Configuring library for servant-elm-0.7.3...
Preprocessing library for servant-elm-0.7.3...
Building library for servant-elm-0.7.3...
[1 of 4] Compiling Servant.Elm.Internal.Foreign
[2 of 4] Compiling Servant.Elm.Internal.Generate
[3 of 4] Compiling Servant.Elm.Internal.Options
[4 of 4] Compiling Servant.Elm
Configuring test suite 'servant-elm-test' for servant-elm-0.7.3...
Preprocessing test suite 'servant-elm-test' for servant-elm-0.7.3...
Building test suite 'servant-elm-test' for servant-elm-0.7.3...
[1 of 3] Compiling Common
[2 of 3] Compiling PolymorphicData
[3 of 3] Compiling Main

test/GenerateSpec.hs:11:1: warning: [-Wunused-imports]
    The import of ‘Data.Monoid’ is redundant
      except perhaps to import instances from ‘Data.Monoid’
    To import instances alone, use: import Data.Monoid()
   |
11 | import           Data.Monoid               ((<>))
   | ^^^^^^^^^^^^^^^^^^^^^^^^^^^^^^^^^^^^^^^^^^^^^^^^^
[4 of 4] Linking /tmp/workdir-servant-elm/servant-elm-0.7.3/dist-newstyle/build/x86_64-linux/ghc-9.6.6/servant-elm-0.7.3/t/servant-elm-test/build/servant-elm-test/servant-elm-test
