Build profile: -w ghc-9.6.6 -O1
In order, the following will be built (use -v for more details):
 - skylighting-0.14.3 (lib) (first run)
Configuring library for skylighting-0.14.3...
Preprocessing library for skylighting-0.14.3...
Building library for skylighting-0.14.3...
[  1 of 161] Compiling Skylighting.Syntax.Abc
[  2 of 161] Compiling Skylighting.Syntax.Actionscript
[  3 of 161] Compiling Skylighting.Syntax.Ada
[  4 of 161] Compiling Skylighting.Syntax.Agda
[  5 of 161] Compiling Skylighting.Syntax.Alert
[  6 of 161] Compiling Skylighting.Syntax.Apache
[  7 of 161] Compiling Skylighting.Syntax.Asn1
[  8 of 161] Compiling Skylighting.Syntax.Asp
[  9 of 161] Compiling Skylighting.Syntax.Ats
[ 10 of 161] Compiling Skylighting.Syntax.Awk
[ 11 of 161] Compiling Skylighting.Syntax.Bash
[ 12 of 161] Compiling Skylighting.Syntax.Bibtex
[ 13 of 161] Compiling Skylighting.Syntax.Boo
[ 14 of 161] Compiling Skylighting.Syntax.C
[ 15 of 161] Compiling Skylighting.Syntax.Changelog
[ 16 of 161] Compiling Skylighting.Syntax.Clojure
[ 17 of 161] Compiling Skylighting.Syntax.Cmake
[ 18 of 161] Compiling Skylighting.Syntax.Coffee
[ 19 of 161] Compiling Skylighting.Syntax.Coldfusion
[ 20 of 161] Compiling Skylighting.Syntax.Comments
[ 21 of 161] Compiling Skylighting.Syntax.Commonlisp
[ 22 of 161] Compiling Skylighting.Syntax.Cpp
[ 23 of 161] Compiling Skylighting.Syntax.Crystal
[ 24 of 161] Compiling Skylighting.Syntax.Cs
[ 25 of 161] Compiling Skylighting.Syntax.Css
[ 26 of 161] Compiling Skylighting.Syntax.Curry
[ 27 of 161] Compiling Skylighting.Syntax.D
[ 28 of 161] Compiling Skylighting.Syntax.Dart
[ 29 of 161] Compiling Skylighting.Syntax.Debiancontrol
[ 30 of 161] Compiling Skylighting.Syntax.Default
[ 31 of 161] Compiling Skylighting.Syntax.Diff
[ 32 of 161] Compiling Skylighting.Syntax.Djangotemplate
[ 33 of 161] Compiling Skylighting.Syntax.Dockerfile
[ 34 of 161] Compiling Skylighting.Syntax.Dosbat
[ 35 of 161] Compiling Skylighting.Syntax.Dot
[ 36 of 161] Compiling Skylighting.Syntax.Doxygen
[ 37 of 161] Compiling Skylighting.Syntax.Doxygenlua
[ 38 of 161] Compiling Skylighting.Syntax.Dtd
[ 39 of 161] Compiling Skylighting.Syntax.Eiffel
[ 40 of 161] Compiling Skylighting.Syntax.Elixir
[ 41 of 161] Compiling Skylighting.Syntax.Elm
[ 42 of 161] Compiling Skylighting.Syntax.Email
[ 43 of 161] Compiling Skylighting.Syntax.Erlang
[ 44 of 161] Compiling Skylighting.Syntax.Fasm
[ 45 of 161] Compiling Skylighting.Syntax.FortranFixed
[ 46 of 161] Compiling Skylighting.Syntax.FortranFree
[ 47 of 161] Compiling Skylighting.Syntax.Fsharp
[ 48 of 161] Compiling Skylighting.Syntax.Gap
[ 49 of 161] Compiling Skylighting.Syntax.Gcc
[ 50 of 161] Compiling Skylighting.Syntax.Glsl
[ 51 of 161] Compiling Skylighting.Syntax.Gnuassembler
[ 52 of 161] Compiling Skylighting.Syntax.Go
[ 53 of 161] Compiling Skylighting.Syntax.Gpr
[ 54 of 161] Compiling Skylighting.Syntax.Graphql
[ 55 of 161] Compiling Skylighting.Syntax.Groovy
[ 56 of 161] Compiling Skylighting.Syntax.Hamlet
[ 57 of 161] Compiling Skylighting.Syntax.Haskell
[ 58 of 161] Compiling Skylighting.Syntax.Haxe
[ 59 of 161] Compiling Skylighting.Syntax.Html
[ 60 of 161] Compiling Skylighting.Syntax.Idris
[ 61 of 161] Compiling Skylighting.Syntax.Ini
[ 62 of 161] Compiling Skylighting.Syntax.Isocpp
[ 63 of 161] Compiling Skylighting.Syntax.J
[ 64 of 161] Compiling Skylighting.Syntax.Java
[ 65 of 161] Compiling Skylighting.Syntax.Javadoc
[ 66 of 161] Compiling Skylighting.Syntax.Javascript
[ 67 of 161] Compiling Skylighting.Syntax.JavascriptReact
[ 68 of 161] Compiling Skylighting.Syntax.Json
[ 69 of 161] Compiling Skylighting.Syntax.Jsp
[ 70 of 161] Compiling Skylighting.Syntax.Julia
[ 71 of 161] Compiling Skylighting.Syntax.Kotlin
[ 72 of 161] Compiling Skylighting.Syntax.Latex
[ 73 of 161] Compiling Skylighting.Syntax.Lex
[ 74 of 161] Compiling Skylighting.Syntax.Lilypond
[ 75 of 161] Compiling Skylighting.Syntax.LiterateCurry
[ 76 of 161] Compiling Skylighting.Syntax.LiterateHaskell
[ 77 of 161] Compiling Skylighting.Syntax.Llvm
[ 78 of 161] Compiling Skylighting.Syntax.Lua
[ 79 of 161] Compiling Skylighting.Syntax.M4
[ 80 of 161] Compiling Skylighting.Syntax.Makefile
[ 81 of 161] Compiling Skylighting.Syntax.Mandoc
[ 82 of 161] Compiling Skylighting.Syntax.Markdown
[ 83 of 161] Compiling Skylighting.Syntax.Mathematica
[ 84 of 161] Compiling Skylighting.Syntax.Matlab
[ 85 of 161] Compiling Skylighting.Syntax.Maxima
[ 86 of 161] Compiling Skylighting.Syntax.Mediawiki
[ 87 of 161] Compiling Skylighting.Syntax.Metafont
[ 88 of 161] Compiling Skylighting.Syntax.Mips
[ 89 of 161] Compiling Skylighting.Syntax.Modelines
[ 90 of 161] Compiling Skylighting.Syntax.Modula2
[ 91 of 161] Compiling Skylighting.Syntax.Modula3
[ 92 of 161] Compiling Skylighting.Syntax.Monobasic
[ 93 of 161] Compiling Skylighting.Syntax.Mustache
[ 94 of 161] Compiling Skylighting.Syntax.Nasm
[ 95 of 161] Compiling Skylighting.Syntax.Nim
[ 96 of 161] Compiling Skylighting.Syntax.Nix
[ 97 of 161] Compiling Skylighting.Syntax.Noweb
[ 98 of 161] Compiling Skylighting.Syntax.Objectivec
[ 99 of 161] Compiling Skylighting.Syntax.Objectivecpp
[100 of 161] Compiling Skylighting.Syntax.Ocaml
[101 of 161] Compiling Skylighting.Syntax.Octave
[102 of 161] Compiling Skylighting.Syntax.Opencl
[103 of 161] Compiling Skylighting.Syntax.Orgmode
[104 of 161] Compiling Skylighting.Syntax.Pascal
[105 of 161] Compiling Skylighting.Syntax.Perl
[106 of 161] Compiling Skylighting.Syntax.Php
[107 of 161] Compiling Skylighting.Syntax.Pike
[108 of 161] Compiling Skylighting.Syntax.Postscript
[109 of 161] Compiling Skylighting.Syntax.Povray
[110 of 161] Compiling Skylighting.Syntax.Powershell
[111 of 161] Compiling Skylighting.Syntax.Prolog
[112 of 161] Compiling Skylighting.Syntax.Protobuf
[113 of 161] Compiling Skylighting.Syntax.Pure
[114 of 161] Compiling Skylighting.Syntax.Purebasic
[115 of 161] Compiling Skylighting.Syntax.Purescript
[116 of 161] Compiling Skylighting.Syntax.Python
[117 of 161] Compiling Skylighting.Syntax.Qml
[118 of 161] Compiling Skylighting.Syntax.R
[119 of 161] Compiling Skylighting.Syntax.Racket
[120 of 161] Compiling Skylighting.Syntax.Raku
[121 of 161] Compiling Skylighting.Syntax.Relaxng
[122 of 161] Compiling Skylighting.Syntax.Relaxngcompact
[123 of 161] Compiling Skylighting.Syntax.Rest
[124 of 161] Compiling Skylighting.Syntax.Rhtml
[125 of 161] Compiling Skylighting.Syntax.Roff
[126 of 161] Compiling Skylighting.Syntax.Ruby
[127 of 161] Compiling Skylighting.Syntax.Rust
[128 of 161] Compiling Skylighting.Syntax.Sass
[129 of 161] Compiling Skylighting.Syntax.Scala
[130 of 161] Compiling Skylighting.Syntax.Scheme
[131 of 161] Compiling Skylighting.Syntax.Sci
[132 of 161] Compiling Skylighting.Syntax.Scss
[133 of 161] Compiling Skylighting.Syntax.Sed
[134 of 161] Compiling Skylighting.Syntax.Sgml
[135 of 161] Compiling Skylighting.Syntax.Sml
[136 of 161] Compiling Skylighting.Syntax.SpdxComments
[137 of 161] Compiling Skylighting.Syntax.Sql
[138 of 161] Compiling Skylighting.Syntax.SqlMysql
[139 of 161] Compiling Skylighting.Syntax.SqlPostgresql
[140 of 161] Compiling Skylighting.Syntax.Stan
[141 of 161] Compiling Skylighting.Syntax.Stata
[142 of 161] Compiling Skylighting.Syntax.Swift
[143 of 161] Compiling Skylighting.Syntax.Systemverilog
[144 of 161] Compiling Skylighting.Syntax.Tcl
[145 of 161] Compiling Skylighting.Syntax.Tcsh
[146 of 161] Compiling Skylighting.Syntax.Terraform
[147 of 161] Compiling Skylighting.Syntax.Texinfo
[148 of 161] Compiling Skylighting.Syntax.Toml
[149 of 161] Compiling Skylighting.Syntax.Typescript
[150 of 161] Compiling Skylighting.Syntax.Verilog
[151 of 161] Compiling Skylighting.Syntax.Vhdl
[152 of 161] Compiling Skylighting.Syntax.Xml
[153 of 161] Compiling Skylighting.Syntax.Xorg
[154 of 161] Compiling Skylighting.Syntax.Xslt
[155 of 161] Compiling Skylighting.Syntax.Xul
[156 of 161] Compiling Skylighting.Syntax.Yacc
[157 of 161] Compiling Skylighting.Syntax.Yaml
[158 of 161] Compiling Skylighting.Syntax.Zig
[159 of 161] Compiling Skylighting.Syntax.Zsh
[160 of 161] Compiling Skylighting.Syntax
[161 of 161] Compiling Skylighting
