Build profile: -w ghc-9.6.6 -O1
In order, the following will be built (use -v for more details):
 - primitive-unlifted-2.1.0.0 (lib) (first run)
 - primitive-unlifted-2.1.0.0 (test:test) (first run)
Configuring library for primitive-unlifted-2.1.0.0...
Preprocessing library for primitive-unlifted-2.1.0.0...
Building library for primitive-unlifted-2.1.0.0...
[ 1 of 19] Compiling Data.Primitive.Unlifted.Type
[ 2 of 19] Compiling Data.Primitive.Unlifted.SmallArray.Primops
[ 3 of 19] Compiling Data.Primitive.Unlifted.MutVar.Primops
[ 4 of 19] Compiling Data.Primitive.Unlifted.MVar.Primops
[ 5 of 19] Compiling Data.Primitive.Unlifted.Class
[ 6 of 19] Compiling Data.Primitive.Unlifted.SmallArray.ST
[ 7 of 19] Compiling Data.Primitive.Unlifted.SmallArray
[ 8 of 19] Compiling Data.Primitive.Unlifted.MutVar.ST
[ 9 of 19] Compiling Data.Primitive.Unlifted.MutVar
[10 of 19] Compiling Data.Primitive.Unlifted.Box
[11 of 19] Compiling Data.Primitive.Unlifted.MVar.ST
[12 of 19] Compiling Data.Primitive.Unlifted.MVar
[13 of 19] Compiling Data.Primitive.Unlifted.Array.Primops
[14 of 19] Compiling Data.Primitive.Unlifted.Array.ST
[15 of 19] Compiling Data.Primitive.Unlifted.Array
[16 of 19] Compiling Data.Primitive.TArray.Classic
[17 of 19] Compiling Data.Primitive.Unlifted.Weak.Primops
[18 of 19] Compiling Data.Primitive.Unlifted.Weak.IO
[19 of 19] Compiling Data.Primitive.Unlifted.Weak
Configuring test suite 'test' for primitive-unlifted-2.1.0.0...
Preprocessing test suite 'test' for primitive-unlifted-2.1.0.0...
Building test suite 'test' for primitive-unlifted-2.1.0.0...

test/Main.hs:16:14: warning: [-Wdeprecated-flags]
    -XTypeInType is deprecated: use -XDataKinds and -XPolyKinds instead
   |
16 | {-# LANGUAGE TypeInType #-}
   |              ^^^^^^^^^^
[1 of 1] Compiling Main

test/Main.hs:16:14: warning: [-Wdeprecated-flags]
    -XTypeInType is deprecated: use -XDataKinds and -XPolyKinds instead
   |
16 | {-# LANGUAGE TypeInType #-}
   |              ^^^^^^^^^^
[2 of 2] Linking /tmp/workdir-primitive-unlifted/primitive-unlifted-2.1.0.0/dist-newstyle/build/x86_64-linux/ghc-9.6.6/primitive-unlifted-2.1.0.0/t/test/build/test/test
