Build profile: -w ghc-9.6.6 -O1
In order, the following will be built (use -v for more details):
 - chunked-data-0.3.1 (lib) (first run)
Configuring library for chunked-data-0.3.1...
Preprocessing library for chunked-data-0.3.1...
Building library for chunked-data-0.3.1...
[1 of 4] Compiling Data.Builder

src/Data/Builder.hs:71:13: warning: [GHC-58520] [-Wtype-equality-requires-operators]
    The use of ‘~’ without TypeOperators
    will become an error in a future GHC release.
    Suggested fix: Perhaps you intended to use TypeOperators
   |
71 | instance (a ~ Char) => ToBuilder [a] TB.Builder where
   |             ^

src/Data/Builder.hs:83:13: warning: [GHC-58520] [-Wtype-equality-requires-operators]
    The use of ‘~’ without TypeOperators
    will become an error in a future GHC release.
    Suggested fix: Perhaps you intended to use TypeOperators
   |
83 | instance (a ~ Char) => ToBuilder [a] BB.Builder where
   |             ^
[2 of 4] Compiling Data.ChunkedZip
[3 of 4] Compiling Data.IOData

src/Data/IOData.hs:87:16: warning: [GHC-58520] [-Wtype-equality-requires-operators]
    The use of ‘~’ without TypeOperators
    will become an error in a future GHC release.
    Suggested fix: Perhaps you intended to use TypeOperators
   |
87 | instance (Char ~ c) => IOData [c] where
   |                ^
[4 of 4] Compiling Paths_chunked_data
