Build profile: -w ghc-9.6.6 -O1
In order, the following will be built (use -v for more details):
 - keter-2.1.5 (lib) (first run)
 - keter-2.1.5 (test:test) (first run)
 - keter-2.1.5 (exe:keter) (first run)
Configuring library for keter-2.1.5...
Preprocessing library for keter-2.1.5...
Building library for keter-2.1.5...
[ 1 of 22] Compiling Keter.Aeson.KeyHelper

src/Keter/Aeson/KeyHelper.hs:11:1: warning: [-Wunused-imports]
    The import of ‘Prelude’ is redundant
      except perhaps to import instances from ‘Prelude’
    To import instances alone, use: import Prelude()
   |
11 | import Prelude (id)
   | ^^^^^^^^^^^^^^^^^^^
[ 2 of 22] Compiling Keter.Conduit.Process.Unix

src/Keter/Conduit/Process/Unix.hs:39:1: warning: [-Wunused-imports]
    The import of ‘Control.Monad.IO.Class’ is redundant
      except perhaps to import instances from ‘Control.Monad.IO.Class’
    To import instances alone, use: import Control.Monad.IO.Class()
   |
39 | import           Control.Monad.IO.Class
   | ^^^^^^^^^^^^^^^^^^^^^^^^^^^^^^^^^^^^^^^

src/Keter/Conduit/Process/Unix.hs:93:5: warning: [GHC-62161] [-Wincomplete-patterns]
    Pattern match(es) are non-exhaustive
    In a case alternative:
        Patterns of type ‘ProcessHandle__’ not matched: OpenExtHandle _ _
   |
93 |     case p_ of
   |     ^^^^^^^^^^...

src/Keter/Conduit/Process/Unix.hs:168:14: warning: [GHC-62161] [-Wincomplete-patterns]
    Pattern match(es) are non-exhaustive
    In a case alternative:
        Patterns of type ‘ProcessHandle__’ not matched: OpenExtHandle _ _
    |
168 |     mpid' <- case mpid of
    |              ^^^^^^^^^^^^...

src/Keter/Conduit/Process/Unix.hs:256:9: warning: [GHC-62161] [-Wincomplete-patterns]
    Pattern match(es) are non-exhaustive
    In a case alternative:
        Patterns of type ‘ProcessHandle__’ not matched: OpenExtHandle _ _
    |
256 |         case p_ of
    |         ^^^^^^^^^^...
[ 3 of 22] Compiling Keter.Config.Middleware
[ 4 of 22] Compiling Keter.LabelMap
[ 5 of 22] Compiling Keter.TempTarball

src/Keter/TempTarball.hs:14:1: warning: [-Wunused-imports]
    The qualified import of ‘Codec.Archive.Tar.Check’ is redundant
      except perhaps to import instances from ‘Codec.Archive.Tar.Check’
    To import instances alone, use: import Codec.Archive.Tar.Check()
   |
14 | import qualified Codec.Archive.Tar.Check   as Tar
   | ^^^^^^^^^^^^^^^^^^^^^^^^^^^^^^^^^^^^^^^^^^^^^^^^^

src/Keter/TempTarball.hs:15:1: warning: [-Wunused-imports]
    The qualified import of ‘Codec.Archive.Tar.Entry’ is redundant
      except perhaps to import instances from ‘Codec.Archive.Tar.Entry’
    To import instances alone, use: import Codec.Archive.Tar.Entry()
   |
15 | import qualified Codec.Archive.Tar.Entry   as Tar
   | ^^^^^^^^^^^^^^^^^^^^^^^^^^^^^^^^^^^^^^^^^^^^^^^^^

src/Keter/TempTarball.hs:17:45: warning: [-Wunused-imports]
    The import of ‘bracket’
    from module ‘Control.Exception’ is redundant
   |
17 | import           Control.Exception         (bracket, bracketOnError, throwIO)
   |                                             ^^^^^^^

src/Keter/TempTarball.hs:18:45: warning: [-Wunused-imports]
    The import of ‘unless’ from module ‘Control.Monad’ is redundant
   |
18 | import           Control.Monad             (unless, when, forM)
   |                                             ^^^^^^

src/Keter/TempTarball.hs:20:1: warning: [-Wunused-imports]
    The import of ‘Data.ByteString.Unsafe’ is redundant
      except perhaps to import instances from ‘Data.ByteString.Unsafe’
    To import instances alone, use: import Data.ByteString.Unsafe()
   |
20 | import           Data.ByteString.Unsafe    (unsafeUseAsCStringLen)
   | ^^^^^^^^^^^^^^^^^^^^^^^^^^^^^^^^^^^^^^^^^^^^^^^^^^^^^^^^^^^^^^^^^^

src/Keter/TempTarball.hs:22:1: warning: [-Wunused-imports]
    The import of ‘Data.Monoid’ is redundant
      except perhaps to import instances from ‘Data.Monoid’
    To import instances alone, use: import Data.Monoid()
   |
22 | import           Data.Monoid               ((<>))
   | ^^^^^^^^^^^^^^^^^^^^^^^^^^^^^^^^^^^^^^^^^^^^^^^^^

src/Keter/TempTarball.hs:24:1: warning: [-Wunused-imports]
    The import of ‘Data.Word’ is redundant
      except perhaps to import instances from ‘Data.Word’
    To import instances alone, use: import Data.Word()
   |
24 | import           Data.Word                 (Word)
   | ^^^^^^^^^^^^^^^^^^^^^^^^^^^^^^^^^^^^^^^^^^^^^^^^^

src/Keter/TempTarball.hs:26:1: warning: [-Wunused-imports]
    The qualified import of ‘System.FilePath’ is redundant
      except perhaps to import instances from ‘System.FilePath’
    To import instances alone, use: import System.FilePath()
   |
26 | import qualified System.FilePath           as F
   | ^^^^^^^^^^^^^^^^^^^^^^^^^^^^^^^^^^^^^^^^^^^^^^^

src/Keter/TempTarball.hs:28:1: warning: [-Wunused-imports]
    The import of ‘Foreign.Ptr’ is redundant
      except perhaps to import instances from ‘Foreign.Ptr’
    To import instances alone, use: import Foreign.Ptr()
   |
28 | import           Foreign.Ptr               (castPtr)
   | ^^^^^^^^^^^^^^^^^^^^^^^^^^^^^^^^^^^^^^^^^^^^^^^^^^^^

src/Keter/TempTarball.hs:29:45: warning: [-Wunused-imports]
    The import of ‘setFdOwnerAndGroup’
    from module ‘System.Posix.Files’ is redundant
   |
29 | import           System.Posix.Files        (setFdOwnerAndGroup,
   |                                             ^^^^^^^^^^^^^^^^^^

src/Keter/TempTarball.hs:31:1: warning: [-Wunused-imports]
    The import of ‘System.Posix.IO’ is redundant
      except perhaps to import instances from ‘System.Posix.IO’
    To import instances alone, use: import System.Posix.IO()
   |
31 | import           System.Posix.IO           (FdOption (CloseOnExec), closeFd,
   | ^^^^^^^^^^^^^^^^^^^^^^^^^^^^^^^^^^^^^^^^^^^^^^^^^^^^^^^^^^^^^^^^^^^^^^^^^^^^...
[ 6 of 22] Compiling Keter.Yaml.FilePath
[ 7 of 22] Compiling Keter.Common

src/Keter/Common.hs:8:1: warning: [-Wunused-imports]
    The qualified import of ‘Network.Wai’ is redundant
      except perhaps to import instances from ‘Network.Wai’
    To import instances alone, use: import Network.Wai()
  |
8 | import qualified Network.Wai                       as Wai
  | ^^^^^^^^^^^^^^^^^^^^^^^^^^^^^^^^^^^^^^^^^^^^^^^^^^^^^^^^^

src/Keter/Common.hs:9:57: warning: [-Wunused-imports]
    The import of ‘SomeException’
    from module ‘Control.Exception’ is redundant
  |
9 | import           Control.Exception          (Exception, SomeException)
  |                                                         ^^^^^^^^^^^^^

src/Keter/Common.hs:14:50: warning: [-Wunused-imports]
    The import of ‘CI(original)’
    from module ‘Data.CaseInsensitive’ is redundant
   |
14 | import           Data.CaseInsensitive       (CI, original)
   |                                                  ^^^^^^^^

src/Keter/Common.hs:16:1: warning: [-Wunused-imports]
    The import of ‘Data.Set’ is redundant
      except perhaps to import instances from ‘Data.Set’
    To import instances alone, use: import Data.Set()
   |
16 | import           Data.Set                   (Set)
   | ^^^^^^^^^^^^^^^^^^^^^^^^^^^^^^^^^^^^^^^^^^^^^^^^^

src/Keter/Common.hs:17:1: warning: [-Wunused-imports]
    The qualified import of ‘Data.Set’ is redundant
      except perhaps to import instances from ‘Data.Set’
    To import instances alone, use: import Data.Set()
   |
17 | import qualified Data.Set                   as Set
   | ^^^^^^^^^^^^^^^^^^^^^^^^^^^^^^^^^^^^^^^^^^^^^^^^^^

src/Keter/Common.hs:24:1: warning: [-Wunused-imports]
    The qualified import of ‘Language.Haskell.TH.Syntax’ is redundant
      except perhaps to import instances from ‘Language.Haskell.TH.Syntax’
    To import instances alone, use: import Language.Haskell.TH.Syntax()
   |
24 | import qualified Language.Haskell.TH.Syntax as TH
   | ^^^^^^^^^^^^^^^^^^^^^^^^^^^^^^^^^^^^^^^^^^^^^^^^^

src/Keter/Common.hs:25:1: warning: [-Wunused-imports]
    The import of ‘Network.Socket’ is redundant
      except perhaps to import instances from ‘Network.Socket’
    To import instances alone, use: import Network.Socket()
   |
25 | import           Network.Socket             (AddrInfo, SockAddr)
   | ^^^^^^^^^^^^^^^^^^^^^^^^^^^^^^^^^^^^^^^^^^^^^^^^^^^^^^^^^^^^^^^^

src/Keter/Common.hs:27:46: warning: [-Wunused-imports]
    The import of ‘FilePath’ from module ‘System.FilePath’ is redundant
   |
27 | import           System.FilePath            (FilePath, takeBaseName)
   |                                              ^^^^^^^^
[ 8 of 22] Compiling Keter.Rewrite

src/Keter/Rewrite.hs:15:1: warning: [-Wunused-imports]
    The import of ‘Data.Monoid’ is redundant
      except perhaps to import instances from ‘Data.Monoid’
    To import instances alone, use: import Data.Monoid()
   |
15 | import Data.Monoid ((<>))
   | ^^^^^^^^^^^^^^^^^^^^^^^^^

src/Keter/Rewrite.hs:194:1: warning: [-Wunused-top-binds]
    Defined but not used: ‘defaultReverseProxyConfig’
    |
194 | defaultReverseProxyConfig = ReverseProxyConfig
    | ^^^^^^^^^^^^^^^^^^^^^^^^^
[ 9 of 22] Compiling Keter.Plugin.Postgres

src/Keter/Plugin/Postgres.hs:13:1: warning: [-Wunused-imports]
    The import of ‘Control.Applicative’ is redundant
      except perhaps to import instances from ‘Control.Applicative’
    To import instances alone, use: import Control.Applicative()
   |
13 | import           Control.Applicative       ((<$>), (<*>), pure)
   | ^^^^^^^^^^^^^^^^^^^^^^^^^^^^^^^^^^^^^^^^^^^^^^^^^^^^^^^^^^^^^^^

src/Keter/Plugin/Postgres.hs:25:1: warning: [-Wunused-imports]
    The import of ‘Data.Monoid’ is redundant
      except perhaps to import instances from ‘Data.Monoid’
    To import instances alone, use: import Data.Monoid()
   |
25 | import           Data.Monoid               ((<>))
   | ^^^^^^^^^^^^^^^^^^^^^^^^^^^^^^^^^^^^^^^^^^^^^^^^^
[10 of 22] Compiling Keter.Context

src/Keter/Context.hs:6:1: warning: [-Wunused-imports]
    The import of ‘Keter.Common’ is redundant
      except perhaps to import instances from ‘Keter.Common’
    To import instances alone, use: import Keter.Common()
  |
6 | import           Keter.Common
  | ^^^^^^^^^^^^^^^^^^^^^^^^^^^^^

src/Keter/Context.hs:7:1: warning: [-Wunused-imports]
    The import of ‘Control.Monad.Trans’ is redundant
      except perhaps to import instances from ‘Control.Monad.Trans’
    To import instances alone, use: import Control.Monad.Trans()
  |
7 | import           Control.Monad.Trans       (lift)
  | ^^^^^^^^^^^^^^^^^^^^^^^^^^^^^^^^^^^^^^^^^^^^^^^^^

src/Keter/Context.hs:11:1: warning: [-Wunused-imports]
    The import of ‘ask, ReaderT(runReaderT)’
    from module ‘Control.Monad.Reader’ is redundant
   |
11 | import           Control.Monad.Reader      (MonadReader, ReaderT, runReaderT, ask
   | ^^^^^^^^^^^^^^^^^^^^^^^^^^^^^^^^^^^^^^^^^^^^^^^^^^^^^^^^^^^^^^^^^^^^^^^^^^^^^^^^^...
[11 of 22] Compiling Keter.Config.V04

src/Keter/Config/V04.hs:20:1: warning: [-Wunused-imports]
    The qualified import of ‘Network.Wai.Handler.WarpTLS’ is redundant
      except perhaps to import instances from ‘Network.Wai.Handler.WarpTLS’
    To import instances alone, use: import Network.Wai.Handler.WarpTLS()
   |
20 | import qualified Network.Wai.Handler.WarpTLS       as WarpTLS
   | ^^^^^^^^^^^^^^^^^^^^^^^^^^^^^^^^^^^^^^^^^^^^^^^^^^^^^^^^^^^^^
[12 of 22] Compiling Keter.Config.V10

src/Keter/Config/V10.hs:8:1: warning: [-Wunused-imports]
    The import of ‘<$>, <*>’
    from module ‘Control.Applicative’ is redundant
  |
8 | import           Control.Applicative               ((<$>), (<*>), (<|>))
  | ^^^^^^^^^^^^^^^^^^^^^^^^^^^^^^^^^^^^^^^^^^^^^^^^^^^^^^^^^^^^^^^^^^^^^^^^

src/Keter/Config/V10.hs:22:1: warning: [-Wunused-imports]
    The import of ‘Data.Word’ is redundant
      except perhaps to import instances from ‘Data.Word’
    To import instances alone, use: import Data.Word()
   |
22 | import           Data.Word                         (Word)
   | ^^^^^^^^^^^^^^^^^^^^^^^^^^^^^^^^^^^^^^^^^^^^^^^^^^^^^^^^^

src/Keter/Config/V10.hs:29:1: warning: [-Wunused-imports]
    The qualified import of ‘Network.Wai.Handler.WarpTLS’ is redundant
      except perhaps to import instances from ‘Network.Wai.Handler.WarpTLS’
    To import instances alone, use: import Network.Wai.Handler.WarpTLS()
   |
29 | import qualified Network.Wai.Handler.WarpTLS       as WarpTLS
   | ^^^^^^^^^^^^^^^^^^^^^^^^^^^^^^^^^^^^^^^^^^^^^^^^^^^^^^^^^^^^^

src/Keter/Config/V10.hs:33:1: warning: [-Wunused-imports]
    The import of ‘System.FilePath’ is redundant
      except perhaps to import instances from ‘System.FilePath’
    To import instances alone, use: import System.FilePath()
   |
33 | import           System.FilePath            (FilePath)
   | ^^^^^^^^^^^^^^^^^^^^^^^^^^^^^^^^^^^^^^^^^^^^^^^^^^^^^^
[13 of 22] Compiling Keter.Logger

src/Keter/Logger.hs:12:1: warning: [-Wunused-imports]
    The import of ‘Data.Time’ is redundant
      except perhaps to import instances from ‘Data.Time’
    To import instances alone, use: import Data.Time()
   |
12 | import Data.Time
   | ^^^^^^^^^^^^^^^^

src/Keter/Logger.hs:13:1: warning: [-Wunused-imports]
    The import of ‘Debug.Trace’ is redundant
      except perhaps to import instances from ‘Debug.Trace’
    To import instances alone, use: import Debug.Trace()
   |
13 | import Debug.Trace
   | ^^^^^^^^^^^^^^^^^^

src/Keter/Logger.hs:17:1: warning: [-Wunused-imports]
    The import of ‘Control.Monad.Logger’ is redundant
      except perhaps to import instances from ‘Control.Monad.Logger’
    To import instances alone, use: import Control.Monad.Logger()
   |
17 | import Control.Monad.Logger
   | ^^^^^^^^^^^^^^^^^^^^^^^^^^^

src/Keter/Logger.hs:19:1: warning: [-Wunused-imports]
    The import of ‘Control.Monad.IO.Class’ is redundant
      except perhaps to import instances from ‘Control.Monad.IO.Class’
    To import instances alone, use: import Control.Monad.IO.Class()
   |
19 | import Control.Monad.IO.Class
   | ^^^^^^^^^^^^^^^^^^^^^^^^^^^^^

src/Keter/Logger.hs:20:1: warning: [-Wunused-imports]
    The import of ‘Control.Monad.IO.Unlift’ is redundant
      except perhaps to import instances from ‘Control.Monad.IO.Unlift’
    To import instances alone, use: import Control.Monad.IO.Unlift()
   |
20 | import Control.Monad.IO.Unlift
   | ^^^^^^^^^^^^^^^^^^^^^^^^^^^^^^

src/Keter/Logger.hs:21:1: warning: [-Wunused-imports]
    The import of ‘Keter.Context’ is redundant
      except perhaps to import instances from ‘Keter.Context’
    To import instances alone, use: import Keter.Context()
   |
21 | import Keter.Context
   | ^^^^^^^^^^^^^^^^^^^^
[14 of 22] Compiling Keter.Config
[15 of 22] Compiling Keter.PortPool

src/Keter/PortPool.hs:19:1: warning: [-Wunused-imports]
    The import of ‘Control.Applicative’ is redundant
      except perhaps to import instances from ‘Control.Applicative’
    To import instances alone, use: import Control.Applicative()
   |
19 | import           Control.Applicative     ((<$>))
   | ^^^^^^^^^^^^^^^^^^^^^^^^^^^^^^^^^^^^^^^^^^^^^^^^
[16 of 22] Compiling Keter.HostManager

src/Keter/HostManager.hs:39:1: warning: [-Wunused-imports]
    The import of ‘System.FilePath’ is redundant
      except perhaps to import instances from ‘System.FilePath’
    To import instances alone, use: import System.FilePath()
   |
39 | import           System.FilePath            (FilePath)
   | ^^^^^^^^^^^^^^^^^^^^^^^^^^^^^^^^^^^^^^^^^^^^^^^^^^^^^^
[17 of 22] Compiling Keter.App

src/Keter/App.hs:24:1: warning: [-Wunused-imports]
    The import of ‘Data.ByteString’ is redundant
      except perhaps to import instances from ‘Data.ByteString’
    To import instances alone, use: import Data.ByteString()
   |
24 | import           Data.ByteString            (ByteString)
   | ^^^^^^^^^^^^^^^^^^^^^^^^^^^^^^^^^^^^^^^^^^^^^^^^^^^^^^^^

src/Keter/App.hs:29:1: warning: [-Wunused-imports]
    The import of ‘Control.Applicative’ is redundant
      except perhaps to import instances from ‘Control.Applicative’
    To import instances alone, use: import Control.Applicative()
   |
29 | import           Control.Applicative       ((<$>), (<*>))
   | ^^^^^^^^^^^^^^^^^^^^^^^^^^^^^^^^^^^^^^^^^^^^^^^^^^^^^^^^^

src/Keter/App.hs:47:51: warning: [-Wunused-imports]
    The import of ‘traverse_’ from module ‘Data.Foldable’ is redundant
   |
47 | import           Data.Foldable             (for_, traverse_)
   |                                                   ^^^^^^^^^

src/Keter/App.hs:51:1: warning: [-Wunused-imports]
    The import of ‘Data.Monoid’ is redundant
      except perhaps to import instances from ‘Data.Monoid’
    To import instances alone, use: import Data.Monoid()
   |
51 | import           Data.Monoid               ((<>), mempty)
   | ^^^^^^^^^^^^^^^^^^^^^^^^^^^^^^^^^^^^^^^^^^^^^^^^^^^^^^^^^

src/Keter/App.hs:54:45: warning: [-Wunused-imports]
    The import of ‘decodeUtf8With’
    from module ‘Data.Text.Encoding’ is redundant
   |
54 | import           Data.Text.Encoding        (decodeUtf8With, encodeUtf8)
   |                                             ^^^^^^^^^^^^^^

src/Keter/App.hs:55:1: warning: [-Wunused-imports]
    The import of ‘Data.Text.Encoding.Error’ is redundant
      except perhaps to import instances from ‘Data.Text.Encoding.Error’
    To import instances alone, use: import Data.Text.Encoding.Error()
   |
55 | import           Data.Text.Encoding.Error  (lenientDecode)
   | ^^^^^^^^^^^^^^^^^^^^^^^^^^^^^^^^^^^^^^^^^^^^^^^^^^^^^^^^^^

src/Keter/App.hs:62:45: warning: [-Wunused-imports]
    The import of ‘createDirectoryIfMissing’
    from module ‘System.Directory’ is redundant
   |
62 |                                             createDirectoryIfMissing)
   |                                             ^^^^^^^^^^^^^^^^^^^^^^^^

src/Keter/App.hs:87:20: warning: [-Wunused-record-wildcards]
    No variables bound in the record wildcard match are used
      Possible fix: omit the ‘..’
   |
87 |   show App {appId, ..} = "App{appId=" <> show appId <> "}"
   |                    ^^

src/Keter/App.hs:248:5: warning: [-Wunused-matches]
    Defined but not used: ‘cfg’
    |
248 |     cfg@AppStartConfig{..} <- ask
    |     ^^^

src/Keter/App.hs:248:24: warning: [-Wunused-record-wildcards]
    No variables bound in the record wildcard match are used
      Possible fix: omit the ‘..’
    |
248 |     cfg@AppStartConfig{..} <- ask
    |                        ^^

src/Keter/App.hs:313:26: warning: [GHC-63397] [-Wname-shadowing]
    This binding for ‘f’ shadows the existing binding
      bound at src/Keter/App.hs:311:49
    |
313 |       bracketedMap (\wac f -> rio $ alloc wac (liftIO <$> f)) (rio . f) configs0
    |                          ^

src/Keter/App.hs:350:5: warning: [-Wunused-matches]
    Defined but not used: ‘mainLogger’
    |
350 |     mainLogger <- askLoggerIO
    |     ^^^^^^^^^^

src/Keter/App.hs:438:46: warning: [GHC-63397] [-Wname-shadowing]
    This binding for ‘f’ shadows the existing binding
      bound at src/Keter/App.hs:437:55
    |
438 |     withRunInIO $ \rio -> bracketedMap (\cfg f -> rio $ alloc cfg (liftIO <$> f)) (rio . f) configs
    |                                              ^

src/Keter/App.hs:475:5: warning: [-Wunused-matches]
    Defined but not used: ‘mainLogger’
    |
475 |     mainLogger <- askLoggerIO
    |     ^^^^^^^^^^

src/Keter/App.hs:682:37: warning: [-Wunused-matches]
    Defined but not used: ‘appLogger’
    |
682 | terminateHelper aid apps backs mdir appLogger = do
    |                                     ^^^^^^^^^

src/Keter/App.hs:683:20: warning: [-Wunused-record-wildcards]
    No variables bound in the record wildcard match are used
      Possible fix: omit the ‘..’
    |
683 |     AppStartConfig{..} <- ask
    |                    ^^
[18 of 22] Compiling Keter.AppManager

src/Keter/AppManager.hs:25:1: warning: [-Wunused-imports]
    The import of ‘Data.Set’ is redundant
      except perhaps to import instances from ‘Data.Set’
    To import instances alone, use: import Data.Set()
   |
25 | import           Data.Set                   (Set)
   | ^^^^^^^^^^^^^^^^^^^^^^^^^^^^^^^^^^^^^^^^^^^^^^^^^

src/Keter/AppManager.hs:31:1: warning: [-Wunused-imports]
    The import of ‘Control.Concurrent’ is redundant
      except perhaps to import instances from ‘Control.Concurrent’
    To import instances alone, use: import Control.Concurrent()
   |
31 | import           Control.Concurrent         (forkIO)
   | ^^^^^^^^^^^^^^^^^^^^^^^^^^^^^^^^^^^^^^^^^^^^^^^^^^^^

src/Keter/AppManager.hs:35:1: warning: [-Wunused-imports]
    The import of ‘Control.Monad’ is redundant
      except perhaps to import instances from ‘Control.Monad’
    To import instances alone, use: import Control.Monad()
   |
35 | import           Control.Monad              (void)
   | ^^^^^^^^^^^^^^^^^^^^^^^^^^^^^^^^^^^^^^^^^^^^^^^^^^

src/Keter/AppManager.hs:70:32: warning: [GHC-63397] [-Wname-shadowing]
    This binding for ‘x’ shadows the existing binding
      bound at src/Keter/AppManager.hs:70:25
   |
70 | showAppState (ASRunning x) = (\x -> "running(" <> x <> ")") <$> showApp x
   |                                ^

src/Keter/AppManager.hs:81:20: warning: [-Wunused-matches]
    Defined but not used: ‘appId’
   |
81 |   x <- itraverse (\appId tappState -> do
   |                    ^^^^^

src/Keter/AppManager.hs:109:3: warning: [-Wunused-matches]
    Defined but not used: ‘am’
    |
109 |   am@AppManager{..} <- ask
    |   ^^

src/Keter/AppManager.hs:190:5: warning: [-Wunused-matches]
    Defined but not used: ‘am’
    |
190 |     am@AppManager{..} <- ask
    |     ^^

src/Keter/AppManager.hs:267:28: warning: [GHC-63397] [-Wname-shadowing]
    This binding for ‘name’ shadows the existing binding
      bound at src/Keter/AppManager.hs:298:5
    |
267 |     errorStartingBundleMsg name e = 
    |                            ^^^^
[19 of 22] Compiling Keter.Cli

src/Keter/Cli.hs:15:35: warning: [-Wunused-imports]
    The import of ‘MonadIO’
    from module ‘Control.Monad.IO.Class’ is redundant
   |
15 | import Control.Monad.IO.Class    (MonadIO, liftIO)
   |                                   ^^^^^^^

src/Keter/Cli.hs:17:1: warning: [-Wunused-imports]
    The import of ‘Control.Monad.Trans.Class’ is redundant
      except perhaps to import instances from ‘Control.Monad.Trans.Class’
    To import instances alone, use: import Control.Monad.Trans.Class()
   |
17 | import Control.Monad.Trans.Class (MonadTrans, lift)
   | ^^^^^^^^^^^^^^^^^^^^^^^^^^^^^^^^^^^^^^^^^^^^^^^^^^^

src/Keter/Cli.hs:105:32: warning: [-Wunused-matches]
    Defined but not used: ‘x’
    |
105 |             (CompletionInvoked x) -> True <$ liftIO (sendAll conn "completion ignored \n")
    |                                ^
[20 of 22] Compiling Paths_keter
[21 of 22] Compiling Keter.Proxy

src/Keter/Proxy.hs:20:53: warning: [-Wunused-imports]
    The import of ‘<$>’ from module ‘Control.Applicative’ is redundant
   |
20 | import           Control.Applicative               ((<$>), (<|>))
   |                                                     ^^^^^

src/Keter/Proxy.hs:29:1: warning: [-Wunused-imports]
    The import of ‘Data.Monoid’ is redundant
      except perhaps to import instances from ‘Data.Monoid’
    To import instances alone, use: import Data.Monoid()
   |
29 | import           Data.Monoid                       (mappend, mempty)
   | ^^^^^^^^^^^^^^^^^^^^^^^^^^^^^^^^^^^^^^^^^^^^^^^^^^^^^^^^^^^^^^^^^^^^

src/Keter/Proxy.hs:153:34: warning: [-Wunused-record-wildcards]
    No variables bound in the record wildcard match are used
      Possible fix: omit the ‘..’
    |
153 |         newHooks@TLS.ServerHooks{..} = WarpTLS.tlsServerHooks s
    |                                  ^^
[22 of 22] Compiling Keter.Main

src/Keter/Main.hs:21:1: warning: [-Wunused-imports]
    The import of ‘Data.Monoid’ is redundant
      except perhaps to import instances from ‘Data.Monoid’
    To import instances alone, use: import Data.Monoid()
   |
21 | import           Data.Monoid               (mempty)
   | ^^^^^^^^^^^^^^^^^^^^^^^^^^^^^^^^^^^^^^^^^^^^^^^^^^^

src/Keter/Main.hs:35:1: warning: [-Wunused-imports]
    The import of ‘Control.Applicative’ is redundant
      except perhaps to import instances from ‘Control.Applicative’
    To import instances alone, use: import Control.Applicative()
   |
35 | import           Control.Applicative       ((<$>))
   | ^^^^^^^^^^^^^^^^^^^^^^^^^^^^^^^^^^^^^^^^^^^^^^^^^^

src/Keter/Main.hs:39:1: warning: [-Wunused-imports]
    The import of ‘Control.Monad.Trans.Class’ is redundant
      except perhaps to import instances from ‘Control.Monad.Trans.Class’
    To import instances alone, use: import Control.Monad.Trans.Class()
   |
39 | import           Control.Monad.Trans.Class (MonadTrans, lift)
   | ^^^^^^^^^^^^^^^^^^^^^^^^^^^^^^^^^^^^^^^^^^^^^^^^^^^^^^^^^^^^^

src/Keter/Main.hs:41:1: warning: [-Wunused-imports]
    The import of ‘MonadLogger, MonadLoggerIO, logDebug’
    from module ‘Control.Monad.Logger’ is redundant
   |
41 | import           Control.Monad.Logger      (MonadLogger, MonadLoggerIO, LoggingT, 
   | ^^^^^^^^^^^^^^^^^^^^^^^^^^^^^^^^^^^^^^^^^^^^^^^^^^^^^^^^^^^^^^^^^^^^^^^^^^^^^^^^^^...

src/Keter/Main.hs:48:1: warning: [-Wunused-imports]
    The import of ‘Data.Text.Encoding’ is redundant
      except perhaps to import instances from ‘Data.Text.Encoding’
    To import instances alone, use: import Data.Text.Encoding()
   |
48 | import           Data.Text.Encoding        (encodeUtf8)
   | ^^^^^^^^^^^^^^^^^^^^^^^^^^^^^^^^^^^^^^^^^^^^^^^^^^^^^^^

src/Keter/Main.hs:57:60: warning: [-Wunused-imports]
    The import of ‘takeDirectory’
    from module ‘System.FilePath’ is redundant
   |
57 | import           System.FilePath           (takeExtension, takeDirectory, (</>))
   |                                                            ^^^^^^^^^^^^^

src/Keter/Main.hs:76:13: warning: [-Wunused-matches]
    Defined but not used: ‘cfg’
   |
76 |             cfg@KeterConfig{..} <- ask
   |             ^^^

src/Keter/Main.hs:116:21: warning: [-Wunused-record-wildcards]
    No variables bound in the record wildcard match are used
      Possible fix: omit the ‘..’
    |
116 |     cfg@KeterConfig{..} <- ask
    |                     ^^

src/Keter/Main.hs:249:5: warning: [-Wunused-matches]
    Defined but not used: ‘cfg’
    |
249 |     cfg@KeterConfig{..} <- ask
    |     ^^^

src/Keter/Main.hs:250:5: warning: [-Wunused-matches]
    Defined but not used: ‘logger’
    |
250 |     logger <- askLoggerIO
    |     ^^^^^^
Configuring test suite 'test' for keter-2.1.5...
Preprocessing test suite 'test' for keter-2.1.5...
Building test suite 'test' for keter-2.1.5...
[1 of 1] Compiling Main

test/Spec.hs:17:1: warning: [-Wunused-imports]
    The import of ‘Control.Exception’ is redundant
      except perhaps to import instances from ‘Control.Exception’
    To import instances alone, use: import Control.Exception()
   |
17 | import           Control.Exception          (SomeException)
   | ^^^^^^^^^^^^^^^^^^^^^^^^^^^^^^^^^^^^^^^^^^^^^^^^^^^^^^^^^^^

test/Spec.hs:63:3: warning: [GHC-81995] [-Wunused-do-bind]
    A do-notation statement discarded a result of type
      ‘GHC.Conc.Sync.ThreadId’
    Suggested fix:
      Suppress this warning by saying
        ‘_ <- forkIO $ do Warp.run 6781 $ \ req resp -> ...’
   |
63 |   forkIO $ do
   |   ^^^^^^^^^^^...

test/Spec.hs:68:3: warning: [GHC-81995] [-Wunused-do-bind]
    A do-notation statement discarded a result of type
      ‘GHC.Conc.Sync.ThreadId’
    Suggested fix:
      Suppress this warning by saying
        ‘_ <- forkIO
                $ flip runReaderT (settings manager)
                    $ flip
                        runLoggingT
                        (\ _ _ _ msg -> atomically $ writeTQueue exceptions msg)
                        $ filterLogger isException
                            $ runKeterM $ reverseProxy $ LPInsecure "*" 6780’
   |
68 |   forkIO $ 
   |   ^^^^^^^^^...

test/Spec.hs:77:3: warning: [-Wunused-matches]
    Defined but not used: ‘res’
   |
77 |   res <- Wreq.head_ "http://localhost:6780"
   |   ^^^
[2 of 2] Linking /tmp/workdir-keter/keter-2.1.5/dist-newstyle/build/x86_64-linux/ghc-9.6.6/keter-2.1.5/t/test/build/test/test
Configuring executable 'keter' for keter-2.1.5...
Preprocessing executable 'keter' for keter-2.1.5...
Building executable 'keter' for keter-2.1.5...
[1 of 2] Compiling Paths_keter
[2 of 2] Compiling Main
[3 of 3] Linking /tmp/workdir-keter/keter-2.1.5/dist-newstyle/build/x86_64-linux/ghc-9.6.6/keter-2.1.5/x/keter/build/keter/keter
