Build profile: -w ghc-9.6.6 -O1
In order, the following will be built (use -v for more details):
 - NumInstances-1.4 (lib) (first run)
Warning: NumInstances.cabal:36:2: Inconsistent indentation. Indentation jumps
at lines 36
Configuring library for NumInstances-1.4...
Warning: [option-prof] 'ghc-prof-options: -prof' is not necessary and will
lead to problems when used on a library. Use the configure flag
--enable-library-profiling and/or --enable-profiling.
Preprocessing library for NumInstances-1.4...
Building library for NumInstances-1.4...
[1 of 5] Compiling Data.NumInstances.PreRequisites
[2 of 5] Compiling Data.NumInstances.Function

src/Data/NumInstances/Function.hs:16:1: warning: [-Wunused-imports]
    The import of ‘Control.Applicative’ is redundant
      except perhaps to import instances from ‘Control.Applicative’
    To import instances alone, use: import Control.Applicative()
   |
16 | import Control.Applicative
   | ^^^^^^^^^^^^^^^^^^^^^^^^^^
[3 of 5] Compiling Data.NumInstances.Tuple
[4 of 5] Compiling Data.NumInstances
[5 of 5] Compiling Data.NumInstances.Util
