Build profile: -w ghc-9.6.6 -O1
In order, the following will be built (use -v for more details):
 - duration-0.2.0.0 (lib) (first run)
 - duration-0.2.0.0 (test:spec) (first run)
 - duration-0.2.0.0 (test:doctest) (first run)
Configuring library for duration-0.2.0.0...
Preprocessing library for duration-0.2.0.0...
Building library for duration-0.2.0.0...
[1 of 4] Compiling Data.Time.Clock.Duration.Types
[2 of 4] Compiling Data.Time.Clock.Duration.QQ

src/Data/Time/Clock/Duration/QQ.hs:81:5: warning: [GHC-20125] [-Wmissing-fields]
    • Fields of ‘QuasiQuoter’ not initialised:
        quotePat :: String -> Q Language.Haskell.TH.Syntax.Pat
        quoteType :: String -> Q Type
        quoteDec :: String -> Q [Language.Haskell.TH.Syntax.Dec]
    • In the expression: QuasiQuoter {quoteExp = buildExp Nothing}
      In an equation for ‘t’:
          t = QuasiQuoter {quoteExp = buildExp Nothing}
   |
81 | t = QuasiQuoter { quoteExp = buildExp Nothing }
   |     ^^^^^^^^^^^^^^^^^^^^^^^^^^^^^^^^^^^^^^^^^^^

src/Data/Time/Clock/Duration/QQ.hs:113:5: warning: [GHC-20125] [-Wmissing-fields]
    • Fields of ‘QuasiQuoter’ not initialised:
        quotePat :: String -> Q Language.Haskell.TH.Syntax.Pat
        quoteType :: String -> Q Type
        quoteDec :: String -> Q [Language.Haskell.TH.Syntax.Dec]
    • In the expression:
        QuasiQuoter {quoteExp = buildExp (Just (Second, ''E0))}
      In an equation for ‘s’:
          s = QuasiQuoter {quoteExp = buildExp (Just (Second, ''E0))}
    |
113 | s = QuasiQuoter { quoteExp = buildExp (Just (Second, ''E0)) }
    |     ^^^^^^^^^^^^^^^^^^^^^^^^^^^^^^^^^^^^^^^^^^^^^^^^^^^^^^^^^

src/Data/Time/Clock/Duration/QQ.hs:123:6: warning: [GHC-20125] [-Wmissing-fields]
    • Fields of ‘QuasiQuoter’ not initialised:
        quotePat :: String -> Q Language.Haskell.TH.Syntax.Pat
        quoteType :: String -> Q Type
        quoteDec :: String -> Q [Language.Haskell.TH.Syntax.Dec]
    • In the expression:
        QuasiQuoter {quoteExp = buildExp (Just (Millisec, ''E3))}
      In an equation for ‘ms’:
          ms = QuasiQuoter {quoteExp = buildExp (Just (Millisec, ''E3))}
    |
123 | ms = QuasiQuoter { quoteExp = buildExp (Just (Millisec, ''E3)) }
    |      ^^^^^^^^^^^^^^^^^^^^^^^^^^^^^^^^^^^^^^^^^^^^^^^^^^^^^^^^^^^

src/Data/Time/Clock/Duration/QQ.hs:133:6: warning: [GHC-20125] [-Wmissing-fields]
    • Fields of ‘QuasiQuoter’ not initialised:
        quotePat :: String -> Q Language.Haskell.TH.Syntax.Pat
        quoteType :: String -> Q Type
        quoteDec :: String -> Q [Language.Haskell.TH.Syntax.Dec]
    • In the expression:
        QuasiQuoter {quoteExp = buildExp (Just (Microsec, ''E6))}
      In an equation for ‘µs’:
          µs = QuasiQuoter {quoteExp = buildExp (Just (Microsec, ''E6))}
    |
133 | µs = QuasiQuoter { quoteExp = buildExp (Just (Microsec, ''E6)) }
    |      ^^^^^^^^^^^^^^^^^^^^^^^^^^^^^^^^^^^^^^^^^^^^^^^^^^^^^^^^^^^

src/Data/Time/Clock/Duration/QQ.hs:143:6: warning: [GHC-20125] [-Wmissing-fields]
    • Fields of ‘QuasiQuoter’ not initialised:
        quotePat :: String -> Q Language.Haskell.TH.Syntax.Pat
        quoteType :: String -> Q Type
        quoteDec :: String -> Q [Language.Haskell.TH.Syntax.Dec]
    • In the expression:
        QuasiQuoter {quoteExp = buildExp (Just (Nanosec, ''E9))}
      In an equation for ‘ns’:
          ns = QuasiQuoter {quoteExp = buildExp (Just (Nanosec, ''E9))}
    |
143 | ns = QuasiQuoter { quoteExp = buildExp (Just (Nanosec, ''E9)) }
    |      ^^^^^^^^^^^^^^^^^^^^^^^^^^^^^^^^^^^^^^^^^^^^^^^^^^^^^^^^^^

src/Data/Time/Clock/Duration/QQ.hs:153:6: warning: [GHC-20125] [-Wmissing-fields]
    • Fields of ‘QuasiQuoter’ not initialised:
        quotePat :: String -> Q Language.Haskell.TH.Syntax.Pat
        quoteType :: String -> Q Type
        quoteDec :: String -> Q [Language.Haskell.TH.Syntax.Dec]
    • In the expression:
        QuasiQuoter {quoteExp = buildExp (Just (Picosec, ''E12))}
      In an equation for ‘ps’:
          ps = QuasiQuoter {quoteExp = buildExp (Just (Picosec, ''E12))}
    |
153 | ps = QuasiQuoter { quoteExp = buildExp (Just (Picosec, ''E12)) }
    |      ^^^^^^^^^^^^^^^^^^^^^^^^^^^^^^^^^^^^^^^^^^^^^^^^^^^^^^^^^^^
[3 of 4] Compiling Data.Time.Clock.Duration
[4 of 4] Compiling Paths_duration
Configuring test suite 'spec' for duration-0.2.0.0...
Preprocessing test suite 'spec' for duration-0.2.0.0...
Building test suite 'spec' for duration-0.2.0.0...
[1 of 3] Compiling Data.Time.Clock.DurationSpec

spec/Data/Time/Clock/DurationSpec.hs:66:40: warning: [GHC-97441] [-Woverflowed-literals]
    Literal 1000 is out of the Int8 range -128..127
   |
66 |                 [ms| 1s |] `shouldBe` (1000 :: Int8)
   |                                        ^^^^

spec/Data/Time/Clock/DurationSpec.hs:103:40: warning: [GHC-97441] [-Woverflowed-literals]
    Literal 1000000 is out of the Int8 range -128..127
    |
103 |                 [µs| 1s |] `shouldBe` (1000000 :: Int8)
    |                                        ^^^^^^^

spec/Data/Time/Clock/DurationSpec.hs:104:40: warning: [GHC-97441] [-Woverflowed-literals]
    Literal 1000000 is out of the Int16 range -32768..32767
    |
104 |                 [µs| 1s |] `shouldBe` (1000000 :: Int16)
    |                                        ^^^^^^^

spec/Data/Time/Clock/DurationSpec.hs:140:40: warning: [GHC-97441] [-Woverflowed-literals]
    Literal 1000000000 is out of the Int8 range -128..127
    |
140 |                 [ns| 1s |] `shouldBe` (1000000000 :: Int8)
    |                                        ^^^^^^^^^^

spec/Data/Time/Clock/DurationSpec.hs:141:40: warning: [GHC-97441] [-Woverflowed-literals]
    Literal 1000000000 is out of the Int16 range -32768..32767
    |
141 |                 [ns| 1s |] `shouldBe` (1000000000 :: Int16)
    |                                        ^^^^^^^^^^

spec/Data/Time/Clock/DurationSpec.hs:177:40: warning: [GHC-97441] [-Woverflowed-literals]
    Literal 1000000000000 is out of the Int8 range -128..127
    |
177 |                 [ps| 1s |] `shouldBe` (1000000000000 :: Int8)
    |                                        ^^^^^^^^^^^^^

spec/Data/Time/Clock/DurationSpec.hs:178:40: warning: [GHC-97441] [-Woverflowed-literals]
    Literal 1000000000000 is out of the Int16 range -32768..32767
    |
178 |                 [ps| 1s |] `shouldBe` (1000000000000 :: Int16)
    |                                        ^^^^^^^^^^^^^

spec/Data/Time/Clock/DurationSpec.hs:179:40: warning: [GHC-97441] [-Woverflowed-literals]
    Literal 1000000000000 is out of the Int32 range -2147483648..2147483647
    |
179 |                 [ps| 1s |] `shouldBe` (1000000000000 :: Int32)
    |                                        ^^^^^^^^^^^^^
[2 of 3] Compiling Main
[3 of 3] Compiling Paths_duration
[4 of 4] Linking /tmp/workdir-duration/duration-0.2.0.0/dist-newstyle/build/x86_64-linux/ghc-9.6.6/duration-0.2.0.0/t/spec/build/spec/spec
Configuring test suite 'doctest' for duration-0.2.0.0...
Preprocessing test suite 'doctest' for duration-0.2.0.0...
Building test suite 'doctest' for duration-0.2.0.0...
[1 of 2] Compiling Main
[2 of 2] Compiling Paths_duration
[3 of 3] Linking /tmp/workdir-duration/duration-0.2.0.0/dist-newstyle/build/x86_64-linux/ghc-9.6.6/duration-0.2.0.0/t/doctest/build/doctest/doctest
