Build profile: -w ghc-9.6.6 -O1
In order, the following will be built (use -v for more details):
 - ref-tf-0.5.0.1 (lib) (first run)
Configuring library for ref-tf-0.5.0.1...
Preprocessing library for ref-tf-0.5.0.1...
Building library for ref-tf-0.5.0.1...
[1 of 1] Compiling Control.Monad.Ref

Control/Monad/Ref.hs:69:19: warning: [GHC-39567] [-Wstar-is-type]
    Using ‘*’ (or its Unicode variant) to mean ‘Data.Kind.Type’
    relies on the StarIsType extension, which will become
    deprecated in the future.
    Suggested fix: Use ‘Type’ from ‘Data.Kind’ instead.
   |
69 |     type Ref m :: * -> *
   |                   ^

Control/Monad/Ref.hs:69:24: warning: [GHC-39567] [-Wstar-is-type]
    Using ‘*’ (or its Unicode variant) to mean ‘Data.Kind.Type’
    relies on the StarIsType extension, which will become
    deprecated in the future.
    Suggested fix: Use ‘Type’ from ‘Data.Kind’ instead.
   |
69 |     type Ref m :: * -> *
   |                        ^
