Build profile: -w ghc-9.6.6 -O1
In order, the following will be built (use -v for more details):
 - amazonka-dynamodb-streams-2.0 (lib) (first run)
 - amazonka-dynamodb-streams-2.0 (test:amazonka-dynamodb-streams-test) (first run)
Configuring library for amazonka-dynamodb-streams-2.0...
Preprocessing library for amazonka-dynamodb-streams-2.0...
Building library for amazonka-dynamodb-streams-2.0...
[ 1 of 22] Compiling Amazonka.DynamoDBStreams.Internal
[ 2 of 22] Compiling Amazonka.DynamoDBStreams.Types.Identity
[ 3 of 22] Compiling Amazonka.DynamoDBStreams.Types.KeyType
[ 4 of 22] Compiling Amazonka.DynamoDBStreams.Types.KeySchemaElement
[ 5 of 22] Compiling Amazonka.DynamoDBStreams.Types.OperationType
[ 6 of 22] Compiling Amazonka.DynamoDBStreams.Types.SequenceNumberRange
[ 7 of 22] Compiling Amazonka.DynamoDBStreams.Types.Shard
[ 8 of 22] Compiling Amazonka.DynamoDBStreams.Types.ShardIteratorType
[ 9 of 22] Compiling Amazonka.DynamoDBStreams.Types.Stream
[10 of 22] Compiling Amazonka.DynamoDBStreams.Types.StreamStatus
[11 of 22] Compiling Amazonka.DynamoDBStreams.Types.StreamViewType
[12 of 22] Compiling Amazonka.DynamoDBStreams.Types.StreamRecord
[13 of 22] Compiling Amazonka.DynamoDBStreams.Types.Record
[14 of 22] Compiling Amazonka.DynamoDBStreams.Types.StreamDescription
[15 of 22] Compiling Amazonka.DynamoDBStreams.Types
[16 of 22] Compiling Amazonka.DynamoDBStreams.ListStreams

gen/Amazonka/DynamoDBStreams/ListStreams.hs:112:104: warning: [GHC-02256] [-Wambiguous-fields]
    The record update s {tableName = a} with type ListStreams is ambiguous.
    This will not be supported by -XDuplicateRecordFields in future releases of GHC.
    |
112 | listStreams_tableName = Lens.lens (\ListStreams' {tableName} -> tableName) (\s@ListStreams' {} a -> s {tableName = a} :: ListStreams)
    |                                                                                                        ^^^^^^^^^^^^^
[17 of 22] Compiling Amazonka.DynamoDBStreams.GetShardIterator

gen/Amazonka/DynamoDBStreams/GetShardIterator.hs:149:134: warning: [GHC-02256] [-Wambiguous-fields]
    The record update s {sequenceNumber = a} with type GetShardIterator is ambiguous.
    This will not be supported by -XDuplicateRecordFields in future releases of GHC.
    |
149 | getShardIterator_sequenceNumber = Lens.lens (\GetShardIterator' {sequenceNumber} -> sequenceNumber) (\s@GetShardIterator' {} a -> s {sequenceNumber = a} :: GetShardIterator)
    |                                                                                                                                      ^^^^^^^^^^^^^^^^^^

gen/Amazonka/DynamoDBStreams/GetShardIterator.hs:153:119: warning: [GHC-02256] [-Wambiguous-fields]
    The record update s {streamArn = a} with type GetShardIterator is ambiguous.
    This will not be supported by -XDuplicateRecordFields in future releases of GHC.
    |
153 | getShardIterator_streamArn = Lens.lens (\GetShardIterator' {streamArn} -> streamArn) (\s@GetShardIterator' {} a -> s {streamArn = a} :: GetShardIterator)
    |                                                                                                                       ^^^^^^^^^^^^^

gen/Amazonka/DynamoDBStreams/GetShardIterator.hs:158:113: warning: [GHC-02256] [-Wambiguous-fields]
    The record update s {shardId = a} with type GetShardIterator is ambiguous.
    This will not be supported by -XDuplicateRecordFields in future releases of GHC.
    |
158 | getShardIterator_shardId = Lens.lens (\GetShardIterator' {shardId} -> shardId) (\s@GetShardIterator' {} a -> s {shardId = a} :: GetShardIterator)
    |                                                                                                                 ^^^^^^^^^^^
[18 of 22] Compiling Amazonka.DynamoDBStreams.GetRecords
[19 of 22] Compiling Amazonka.DynamoDBStreams.DescribeStream

gen/Amazonka/DynamoDBStreams/DescribeStream.hs:117:113: warning: [GHC-02256] [-Wambiguous-fields]
    The record update s {streamArn = a} with type DescribeStream is ambiguous.
    This will not be supported by -XDuplicateRecordFields in future releases of GHC.
    |
117 | describeStream_streamArn = Lens.lens (\DescribeStream' {streamArn} -> streamArn) (\s@DescribeStream' {} a -> s {streamArn = a} :: DescribeStream)
    |                                                                                                                 ^^^^^^^^^^^^^
[20 of 22] Compiling Amazonka.DynamoDBStreams.Lens
[21 of 22] Compiling Amazonka.DynamoDBStreams.Waiters
[22 of 22] Compiling Amazonka.DynamoDBStreams
Configuring test suite 'amazonka-dynamodb-streams-test' for amazonka-dynamodb-streams-2.0...
Preprocessing test suite 'amazonka-dynamodb-streams-test' for amazonka-dynamodb-streams-2.0...
Building test suite 'amazonka-dynamodb-streams-test' for amazonka-dynamodb-streams-2.0...
[1 of 4] Compiling Test.Amazonka.DynamoDBStreams
[2 of 4] Compiling Test.Amazonka.DynamoDBStreams.Internal
[3 of 4] Compiling Main
[4 of 4] Compiling Test.Amazonka.Gen.DynamoDBStreams
[5 of 5] Linking /tmp/workdir-amazonka-dynamodb-streams/amazonka-dynamodb-streams-2.0/dist-newstyle/build/x86_64-linux/ghc-9.6.6/amazonka-dynamodb-streams-2.0/t/amazonka-dynamodb-streams-test/build/amazonka-dynamodb-streams-test/amazonka-dynamodb-streams-test
