Build profile: -w ghc-9.6.6 -O1
In order, the following will be built (use -v for more details):
 - amazonka-macie-2.0 (lib) (first run)
 - amazonka-macie-2.0 (test:amazonka-macie-test) (first run)
Configuring library for amazonka-macie-2.0...
Preprocessing library for amazonka-macie-2.0...
Building library for amazonka-macie-2.0...
[ 1 of 20] Compiling Amazonka.Macie.Types.MemberAccount
[ 2 of 20] Compiling Amazonka.Macie.Types.S3ContinuousClassificationType
[ 3 of 20] Compiling Amazonka.Macie.Types.S3OneTimeClassificationType
[ 4 of 20] Compiling Amazonka.Macie.Types.ClassificationTypeUpdate
[ 5 of 20] Compiling Amazonka.Macie.Types.ClassificationType
[ 6 of 20] Compiling Amazonka.Macie.Types.S3Resource
[ 7 of 20] Compiling Amazonka.Macie.Types.FailedS3Resource
[ 8 of 20] Compiling Amazonka.Macie.Types.S3ResourceClassification
[ 9 of 20] Compiling Amazonka.Macie.Types.S3ResourceClassificationUpdate
[10 of 20] Compiling Amazonka.Macie.Types
[11 of 20] Compiling Amazonka.Macie.ListS3Resources

gen/Amazonka/Macie/ListS3Resources.hs:118:116: warning: [GHC-02256] [-Wambiguous-fields]
    The record update s {nextToken = a} with type ListS3Resources is ambiguous.
    This will not be supported by -XDuplicateRecordFields in future releases of GHC.
    |
118 | listS3Resources_nextToken = Lens.lens (\ListS3Resources' {nextToken} -> nextToken) (\s@ListS3Resources' {} a -> s {nextToken = a} :: ListS3Resources)
    |                                                                                                                    ^^^^^^^^^^^^^

gen/Amazonka/Macie/ListS3Resources.hs:251:140: warning: [GHC-02256] [-Wambiguous-fields]
    The record update s {nextToken = a} with type ListS3ResourcesResponse is ambiguous.
    This will not be supported by -XDuplicateRecordFields in future releases of GHC.
    |
251 | listS3ResourcesResponse_nextToken = Lens.lens (\ListS3ResourcesResponse' {nextToken} -> nextToken) (\s@ListS3ResourcesResponse' {} a -> s {nextToken = a} :: ListS3ResourcesResponse)
    |                                                                                                                                            ^^^^^^^^^^^^^
[12 of 20] Compiling Amazonka.Macie.ListMemberAccounts

gen/Amazonka/Macie/ListMemberAccounts.hs:104:125: warning: [GHC-02256] [-Wambiguous-fields]
    The record update s {nextToken = a} with type ListMemberAccounts is ambiguous.
    This will not be supported by -XDuplicateRecordFields in future releases of GHC.
    |
104 | listMemberAccounts_nextToken = Lens.lens (\ListMemberAccounts' {nextToken} -> nextToken) (\s@ListMemberAccounts' {} a -> s {nextToken = a} :: ListMemberAccounts)
    |                                                                                                                             ^^^^^^^^^^^^^

gen/Amazonka/Macie/ListMemberAccounts.hs:241:149: warning: [GHC-02256] [-Wambiguous-fields]
    The record update s {nextToken = a} with type ListMemberAccountsResponse is ambiguous.
    This will not be supported by -XDuplicateRecordFields in future releases of GHC.
    |
241 | listMemberAccountsResponse_nextToken = Lens.lens (\ListMemberAccountsResponse' {nextToken} -> nextToken) (\s@ListMemberAccountsResponse' {} a -> s {nextToken = a} :: ListMemberAccountsResponse)
    |                                                                                                                                                     ^^^^^^^^^^^^^
[13 of 20] Compiling Amazonka.Macie.DisassociateS3Resources
[14 of 20] Compiling Amazonka.Macie.DisassociateMemberAccount
[15 of 20] Compiling Amazonka.Macie.AssociateS3Resources
[16 of 20] Compiling Amazonka.Macie.AssociateMemberAccount
[17 of 20] Compiling Amazonka.Macie.UpdateS3Resources
[18 of 20] Compiling Amazonka.Macie.Lens
[19 of 20] Compiling Amazonka.Macie.Waiters
[20 of 20] Compiling Amazonka.Macie
Configuring test suite 'amazonka-macie-test' for amazonka-macie-2.0...
Preprocessing test suite 'amazonka-macie-test' for amazonka-macie-2.0...
Building test suite 'amazonka-macie-test' for amazonka-macie-2.0...
[1 of 4] Compiling Test.Amazonka.Macie
[2 of 4] Compiling Test.Amazonka.Macie.Internal
[3 of 4] Compiling Test.Amazonka.Gen.Macie
[4 of 4] Compiling Main
[5 of 5] Linking /tmp/workdir-amazonka-macie/amazonka-macie-2.0/dist-newstyle/build/x86_64-linux/ghc-9.6.6/amazonka-macie-2.0/t/amazonka-macie-test/build/amazonka-macie-test/amazonka-macie-test
