Build profile: -w ghc-9.6.6 -O1
In order, the following will be built (use -v for more details):
 - yesod-fb-0.6.1 (lib:yesod-fb) (first run)
Warning: yesod-fb.cabal:28:43: version operators used. To use version
operators the package needs to specify at least 'cabal-version: >= 1.8'.
Configuring yesod-fb-0.6.1...
Preprocessing library for yesod-fb-0.6.1...
Building library for yesod-fb-0.6.1...
[1 of 1] Compiling Yesod.Facebook

src/Yesod/Facebook.hs:17:1: warning: [-Wunused-imports]
    The import of ‘Control.Applicative’ is redundant
      except perhaps to import instances from ‘Control.Applicative’
    To import instances alone, use: import Control.Applicative()
   |
17 | import Control.Applicative ((<$>))
   | ^^^^^^^^^^^^^^^^^^^^^^^^^^^^^^^^^^

src/Yesod/Facebook.hs:21:1: warning: [-Wunused-imports]
    The import of ‘Control.Monad.Fail’ is redundant
      except perhaps to import instances from ‘Control.Monad.Fail’
    To import instances alone, use: import Control.Monad.Fail()
   |
21 | import Control.Monad.Fail
   | ^^^^^^^^^^^^^^^^^^^^^^^^^

src/Yesod/Facebook.hs:44:55: warning: [GHC-58520] [-Wtype-equality-requires-operators]
    The use of ‘~’ without TypeOperators
    will become an error in a future GHC release.
    Suggested fix: Perhaps you intended to use TypeOperators
   |
44 |   fbHttpManager :: (Y.MonadHandler m, Y.HandlerSite m ~ site) => m HTTP.Manager
   |                                                       ^

src/Yesod/Facebook.hs:55:56: warning: [GHC-58520] [-Wtype-equality-requires-operators]
    The use of ‘~’ without TypeOperators
    will become an error in a future GHC release.
    Suggested fix: Perhaps you intended to use TypeOperators
   |
55 | getFbCredentials :: (Y.MonadHandler m, Y.HandlerSite m ~ site, YesodFacebook site) =>
   |                                                        ^

src/Yesod/Facebook.hs:63:38: warning: [GHC-58520] [-Wtype-equality-requires-operators]
    The use of ‘~’ without TypeOperators
    will become an error in a future GHC release.
    Suggested fix: Perhaps you intended to use TypeOperators
   |
63 |   (Y.MonadHandler m, Y.HandlerSite m ~ site, YesodFacebook site) =>
   |                                      ^

src/Yesod/Facebook.hs:78:38: warning: [GHC-58520] [-Wtype-equality-requires-operators]
    The use of ‘~’ without TypeOperators
    will become an error in a future GHC release.
    Suggested fix: Perhaps you intended to use TypeOperators
   |
78 |   (Y.MonadHandler m, Y.HandlerSite m ~ site, YesodFacebook site) =>
   |                                      ^

src/Yesod/Facebook.hs:96:38: warning: [GHC-58520] [-Wtype-equality-requires-operators]
    The use of ‘~’ without TypeOperators
    will become an error in a future GHC release.
    Suggested fix: Perhaps you intended to use TypeOperators
   |
96 |   (Y.MonadHandler m, Y.HandlerSite m ~ site, YesodFacebook site, A.FromJSON a, MonadFail m) =>
   |                                      ^
