Build profile: -w ghc-9.6.6 -O1
In order, the following will be built (use -v for more details):
 - config-ini-0.2.7.0 (lib) (first run)
 - config-ini-0.2.7.0 (test:test-prewritten) (first run)
 - config-ini-0.2.7.0 (test:test-ini-compat) (first run)
Configuring library for config-ini-0.2.7.0...
Preprocessing library for config-ini-0.2.7.0...
Building library for config-ini-0.2.7.0...
[1 of 3] Compiling Data.Ini.Config.Raw

src/Data/Ini/Config/Raw.hs:32:1: warning: [-Wunused-imports]
    The import of ‘Data.Monoid’ is redundant
      except perhaps to import instances from ‘Data.Monoid’
    To import instances alone, use: import Data.Monoid()
   |
32 | import Data.Monoid ((<>))
   | ^^^^^^^^^^^^^^^^^^^^^^^^^
[2 of 3] Compiling Data.Ini.Config.Bidir

src/Data/Ini/Config/Bidir.hs:205:1: warning: [-Wunused-imports]
    The import of ‘Data.Monoid’ is redundant
      except perhaps to import instances from ‘Data.Monoid’
    To import instances alone, use: import Data.Monoid()
    |
205 | import Data.Monoid ((<>))
    | ^^^^^^^^^^^^^^^^^^^^^^^^^

src/Data/Ini/Config/Bidir.hs:925:19: warning: [GHC-62161] [-Wincomplete-uni-patterns]
    Pattern match(es) are non-exhaustive
    In a pattern binding:
        Patterns of type ‘Maybe IniValue’ not matched: Nothing
    |
925 |               let Just nv = mkValue t f (vDelimiter val)
    |                   ^^^^^^^^^^^^^^^^^^^^^^^^^^^^^^^^^^^^^^
[3 of 3] Compiling Data.Ini.Config
Configuring test suite 'test-prewritten' for config-ini-0.2.7.0...
Preprocessing test suite 'test-prewritten' for config-ini-0.2.7.0...
Building test suite 'test-prewritten' for config-ini-0.2.7.0...
[1 of 1] Compiling Main
[2 of 2] Linking /tmp/workdir-config-ini/config-ini-0.2.7.0/dist-newstyle/build/x86_64-linux/ghc-9.6.6/config-ini-0.2.7.0/t/test-prewritten/build/test-prewritten/test-prewritten
Configuring test suite 'test-ini-compat' for config-ini-0.2.7.0...
Preprocessing test suite 'test-ini-compat' for config-ini-0.2.7.0...
Building test suite 'test-ini-compat' for config-ini-0.2.7.0...
[1 of 1] Compiling Main
[2 of 2] Linking /tmp/workdir-config-ini/config-ini-0.2.7.0/dist-newstyle/build/x86_64-linux/ghc-9.6.6/config-ini-0.2.7.0/t/test-ini-compat/build/test-ini-compat/test-ini-compat
