Build profile: -w ghc-9.6.6 -O1
In order, the following will be built (use -v for more details):
 - interpolatedstring-perl6-1.0.2 (lib:interpolatedstring-perl6) (first run)
[1 of 2] Compiling Main             ( /tmp/workdir-interpolatedstring-perl6/interpolatedstring-perl6-1.0.2/dist-newstyle/build/x86_64-linux/ghc-9.6.6/interpolatedstring-perl6-1.0.2/setup/setup.hs, /tmp/workdir-interpolatedstring-perl6/interpolatedstring-perl6-1.0.2/dist-newstyle/build/x86_64-linux/ghc-9.6.6/interpolatedstring-perl6-1.0.2/setup/Main.o )

/tmp/workdir-interpolatedstring-perl6/interpolatedstring-perl6-1.0.2/dist-newstyle/build/x86_64-linux/ghc-9.6.6/interpolatedstring-perl6-1.0.2/setup/setup.hs:2:1: warning: [-Wdeprecations]
    Module ‘System.Cmd’ is deprecated: "Use \"System.Process\" instead"
  |
2 | import System.Cmd(system)
  | ^^^^^^^^^^^^^^^^^^^^^^^^^
[2 of 2] Linking /tmp/workdir-interpolatedstring-perl6/interpolatedstring-perl6-1.0.2/dist-newstyle/build/x86_64-linux/ghc-9.6.6/interpolatedstring-perl6-1.0.2/setup/setup
Configuring interpolatedstring-perl6-1.0.2...
Preprocessing library for interpolatedstring-perl6-1.0.2..
Building library for interpolatedstring-perl6-1.0.2..

on the commandline: warning: [-Wdeprecated-flags]
    -XOverlappingInstances is deprecated: instead use per-instance pragmas OVERLAPPING/OVERLAPPABLE/OVERLAPS

src/Text/InterpolatedString/Perl6.hs:2:25: warning: [-Wdeprecated-flags]
    -XOverlappingInstances is deprecated: instead use per-instance pragmas OVERLAPPING/OVERLAPPABLE/OVERLAPS
  |
2 |   UndecidableInstances, OverlappingInstances, MultiParamTypeClasses,
  |                         ^^^^^^^^^^^^^^^^^^^^
[1 of 1] Compiling Text.InterpolatedString.Perl6

src/Text/InterpolatedString/Perl6.hs:199:10: warning: [-Wsimplifiable-class-constraints]
    • The constraint ‘ShowQ a’ matches
        instance Show a => ShowQ a
          -- Defined at src/Text/InterpolatedString/Perl6.hs:188:10
      This makes type inference for inner bindings fragile;
        either use MonoLocalBinds, or simplify it using the instance
    • In the instance declaration for ‘QQ a s’
    |
199 | instance (ShowQ a, IsString s) => QQ a s where 
    |          ^^^^^^^^^^^^^^^^^^^^^^^^^^^^^^^

src/Text/InterpolatedString/Perl6.hs:245:20: warning: [GHC-68441] [-Wdeprecations]
    In the use of ‘report’
    (imported from Language.Haskell.TH, but defined in Language.Haskell.TH.Syntax):
    Deprecated: "Use reportError or reportWarning instead"
    |
245 |         Left s  -> TH.report True s >> [| mempty |]
    |                    ^^^^^^^^^
