Build profile: -w ghc-9.6.6 -O1
In order, the following will be built (use -v for more details):
 - lapack-0.5.2 (lib) (first run)
 - lapack-0.5.2 (test:lapack-test) (first run)
Configuring library for lapack-0.5.2...
Preprocessing library for lapack-0.5.2...
Building library for lapack-0.5.2...
[ 1 of 99] Compiling Numeric.LAPACK.Matrix.Layout.Basic
[ 2 of 99] Compiling Numeric.LAPACK.Output

src/Numeric/LAPACK/Output.hs:24:1: warning: [-Wunused-imports]
    The import of ‘Data.Foldable’ is redundant
      except perhaps to import instances from ‘Data.Foldable’
    To import instances alone, use: import Data.Foldable()
   |
24 | import Data.Foldable (Foldable)
   | ^^^^^^^^^^^^^^^^^^^^^^^^^^^^^^^
[ 3 of 99] Compiling Numeric.LAPACK.Scalar
[ 4 of 99] Compiling Numeric.LAPACK.Matrix.Hermitian.Private
[ 5 of 99] Compiling Numeric.LAPACK.Shape
[ 6 of 99] Compiling Numeric.LAPACK.Shape.Private
[ 7 of 99] Compiling Numeric.LAPACK.Vector.Private
[ 8 of 99] Compiling Numeric.LAPACK.Wrapper
[ 9 of 99] Compiling Numeric.LAPACK.Matrix.Extent.Private
[10 of 99] Compiling Numeric.LAPACK.Matrix.ModifierTyped
[11 of 99] Compiling Numeric.LAPACK.Matrix.Layout.Private

src/Numeric/LAPACK/Matrix/Layout/Private.hs:30:1: warning: [-Wunused-imports]
    The import of ‘Control.Applicative’ is redundant
      except perhaps to import instances from ‘Control.Applicative’
    To import instances alone, use: import Control.Applicative()
   |
30 | import Control.Applicative ((<$>))
   | ^^^^^^^^^^^^^^^^^^^^^^^^^^^^^^^^^^
[12 of 99] Compiling Numeric.LAPACK.Private

src/Numeric/LAPACK/Private.hs:31:1: warning: [-Wunused-imports]
    The import of ‘<$>, liftA2’
    from module ‘Control.Applicative’ is redundant
   |
31 | import Control.Applicative (Const(Const,getConst), liftA2, (<$>))
   | ^^^^^^^^^^^^^^^^^^^^^^^^^^^^^^^^^^^^^^^^^^^^^^^^^^^^^^^^^^^^^^^^^
[13 of 99] Compiling Numeric.LAPACK.Matrix.Private
[14 of 99] Compiling Numeric.LAPACK.Matrix.Mosaic.Private

src/Numeric/LAPACK/Matrix/Mosaic/Private.hs:38:1: warning: [-Wunused-imports]
    The import of ‘Control.Applicative’ is redundant
      except perhaps to import instances from ‘Control.Applicative’
    To import instances alone, use: import Control.Applicative()
   |
38 | import Control.Applicative (pure, (<*>))
   | ^^^^^^^^^^^^^^^^^^^^^^^^^^^^^^^^^^^^^^^^
[15 of 99] Compiling Numeric.LAPACK.Matrix.Layout
[16 of 99] Compiling Numeric.LAPACK.Matrix.Extent.Strict
[17 of 99] Compiling Numeric.LAPACK.Matrix.Shape.Omni
[18 of 99] Compiling Numeric.LAPACK.Matrix.Shape
[19 of 99] Compiling Numeric.LAPACK.Matrix.Extent
[20 of 99] Compiling Numeric.LAPACK.Linear.Private
[21 of 99] Compiling Numeric.LAPACK.Vector
[22 of 99] Compiling Numeric.LAPACK.Matrix.Plain.Format

src/Numeric/LAPACK/Matrix/Plain/Format.hs:36:23: warning: [-Wunused-imports]
    The import of ‘Foldable’ from module ‘Data.Foldable’ is redundant
   |
36 | import Data.Foldable (Foldable, fold)
   |                       ^^^^^^^^

src/Numeric/LAPACK/Matrix/Plain/Format.hs:41:1: warning: [-Wunused-imports]
    The import of ‘Control.Applicative’ is redundant
      except perhaps to import instances from ‘Control.Applicative’
    To import instances alone, use: import Control.Applicative()
   |
41 | import Control.Applicative ((<$>))
   | ^^^^^^^^^^^^^^^^^^^^^^^^^^^^^^^^^^

src/Numeric/LAPACK/Matrix/Plain/Format.hs:219:17: warning: [GHC-62161] [-Wincomplete-uni-patterns]
    Pattern match(es) are non-exhaustive
    In a lambda abstraction:
        Patterns of type ‘[a]’, ‘[[a]]’ not matched: [] _
    |
219 |          foldr (\(y:ys) zs -> [y] : zipWith (:) ys zs) []
    |                 ^^^^^^^^^^^^^^^^^^^^^^^^^^^^^^^^^^^^^
[23 of 99] Compiling Numeric.LAPACK.Permutation.Private

src/Numeric/LAPACK/Permutation/Private.hs:38:1: warning: [-Wunused-imports]
    The import of ‘Control.Applicative’ is redundant
      except perhaps to import instances from ‘Control.Applicative’
    To import instances alone, use: import Control.Applicative()
   |
38 | import Control.Applicative (liftA2, (<$>))
   | ^^^^^^^^^^^^^^^^^^^^^^^^^^^^^^^^^^^^^^^^^^

src/Numeric/LAPACK/Permutation/Private.hs:43:1: warning: [-Wunused-imports]
    The import of ‘Data.Monoid’ is redundant
      except perhaps to import instances from ‘Data.Monoid’
    To import instances alone, use: import Data.Monoid()
   |
43 | import Data.Monoid (Monoid, mempty, mappend)
   | ^^^^^^^^^^^^^^^^^^^^^^^^^^^^^^^^^^^^^^^^^^^^

src/Numeric/LAPACK/Permutation/Private.hs:44:1: warning: [-Wunused-imports]
    The import of ‘Data.Semigroup’ is redundant
      except perhaps to import instances from ‘Data.Semigroup’
    To import instances alone, use: import Data.Semigroup()
   |
44 | import Data.Semigroup (Semigroup, (<>))
   | ^^^^^^^^^^^^^^^^^^^^^^^^^^^^^^^^^^^^^^^
[24 of 99] Compiling Numeric.LAPACK.Matrix.Type.Private

src/Numeric/LAPACK/Matrix/Type/Private.hs:27:1: warning: [-Wunused-imports]
    The import of ‘Control.Applicative’ is redundant
      except perhaps to import instances from ‘Control.Applicative’
    To import instances alone, use: import Control.Applicative()
   |
27 | import Control.Applicative ((<$>))
   | ^^^^^^^^^^^^^^^^^^^^^^^^^^^^^^^^^^

src/Numeric/LAPACK/Matrix/Type/Private.hs:34:1: warning: [-Wunused-imports]
    The import of ‘Data.Monoid’ is redundant
      except perhaps to import instances from ‘Data.Monoid’
    To import instances alone, use: import Data.Monoid()
   |
34 | import Data.Monoid (Monoid, mempty, mappend)
   | ^^^^^^^^^^^^^^^^^^^^^^^^^^^^^^^^^^^^^^^^^^^^

src/Numeric/LAPACK/Matrix/Type/Private.hs:35:1: warning: [-Wunused-imports]
    The import of ‘Data.Semigroup’ is redundant
      except perhaps to import instances from ‘Data.Semigroup’
    To import instances alone, use: import Data.Semigroup()
   |
35 | import Data.Semigroup (Semigroup, (<>))
   | ^^^^^^^^^^^^^^^^^^^^^^^^^^^^^^^^^^^^^^^

src/Numeric/LAPACK/Matrix/Type/Private.hs:36:1: warning: [-Wunused-imports]
    The import of ‘Data.Foldable’ is redundant
      except perhaps to import instances from ‘Data.Foldable’
    To import instances alone, use: import Data.Foldable()
   |
36 | import Data.Foldable (Foldable)
   | ^^^^^^^^^^^^^^^^^^^^^^^^^^^^^^^
[25 of 99] Compiling Numeric.LAPACK.Matrix.Mosaic.Generic
[26 of 99] Compiling Numeric.LAPACK.Matrix.Basic

src/Numeric/LAPACK/Matrix/Basic.hs:420:11: warning: [GHC-63394] [-Wdeprecations]
    In the use of ‘tensorProduct’
    (imported from Numeric.BLAS.Matrix.RowMajor):
    "Don't use conjugation. Left and Right are swapped."
    |
420 |          (RowMajor.tensorProduct (Left NonConjugated) x
    |           ^^^^^^^^^^^^^^^^^^^^^^
[27 of 99] Compiling Numeric.LAPACK.Matrix.Square.Eigen
[28 of 99] Compiling Numeric.LAPACK.Matrix.Square.Basic
[29 of 99] Compiling Numeric.LAPACK.Singular.Plain
[30 of 99] Compiling Numeric.LAPACK.Matrix.Plain

src/Numeric/LAPACK/Matrix/Plain.hs:96:1: warning: [-Wunused-imports]
    The import of ‘Control.Applicative’ is redundant
      except perhaps to import instances from ‘Control.Applicative’
    To import instances alone, use: import Control.Applicative()
   |
96 | import Control.Applicative ((<$>))
   | ^^^^^^^^^^^^^^^^^^^^^^^^^^^^^^^^^^

src/Numeric/LAPACK/Matrix/Plain.hs:651:25: warning: [GHC-63394] [-Wdeprecations]
    In the use of ‘tensorProduct’
    (imported from Numeric.BLAS.Matrix.RowMajor):
    "Don't use conjugation. Left and Right are swapped."
    |
651 |          fromRowMajor $ RowMajor.tensorProduct (Right conjugated) y x
    |                         ^^^^^^^^^^^^^^^^^^^^^^

src/Numeric/LAPACK/Matrix/Plain.hs:652:34: warning: [GHC-63394] [-Wdeprecations]
    In the use of ‘tensorProduct’
    (imported from Numeric.BLAS.Matrix.RowMajor):
    "Don't use conjugation. Left and Right are swapped."
    |
652 |       RowMajor -> fromRowMajor $ RowMajor.tensorProduct (Left conjugated) x y
    |                                  ^^^^^^^^^^^^^^^^^^^^^^
[31 of 99] Compiling Numeric.LAPACK.Matrix.Mosaic.Unpacked
[32 of 99] Compiling Numeric.LAPACK.Matrix.Mosaic.Packed
[33 of 99] Compiling Numeric.LAPACK.Matrix.Triangular.Basic
[34 of 99] Compiling Numeric.LAPACK.Matrix.Banded.Basic

src/Numeric/LAPACK/Matrix/Banded/Basic.hs:215:4: warning: [GHC-63394] [-Wdeprecations]
    In the use of ‘tensorProduct’
    (imported from Numeric.BLAS.Matrix.RowMajor):
    "Don't use conjugation. Left and Right are swapped."
    |
215 |    RowMajor.tensorProduct (Left NonConjugated)
    |    ^^^^^^^^^^^^^^^^^^^^^^
[35 of 99] Compiling Numeric.LAPACK.Split
[36 of 99] Compiling Numeric.LAPACK.Matrix.Symmetric.Unified

src/Numeric/LAPACK/Matrix/Symmetric/Unified.hs:61:1: warning: [-Wunused-imports]
    The import of ‘Control.Applicative’ is redundant
      except perhaps to import instances from ‘Control.Applicative’
    To import instances alone, use: import Control.Applicative()
   |
61 | import Control.Applicative ((<$>))
   | ^^^^^^^^^^^^^^^^^^^^^^^^^^^^^^^^^^
[37 of 99] Compiling Numeric.LAPACK.Matrix.Symmetric.Basic
[38 of 99] Compiling Numeric.LAPACK.Matrix.Symmetric.Linear
[39 of 99] Compiling Numeric.LAPACK.Matrix.Mosaic.Basic
[40 of 99] Compiling Numeric.LAPACK.Matrix.Triangular.Linear
[41 of 99] Compiling Numeric.LAPACK.Matrix.Triangular.Eigen
[42 of 99] Compiling Numeric.LAPACK.Matrix.Hermitian.Basic
[43 of 99] Compiling Numeric.LAPACK.Matrix.Hermitian.Linear
[44 of 99] Compiling Numeric.LAPACK.Matrix.Hermitian.Eigen
[45 of 99] Compiling Numeric.LAPACK.Matrix.BandedHermitian.Basic

src/Numeric/LAPACK/Matrix/BandedHermitian/Basic.hs:105:10: warning: [GHC-63394] [-Wdeprecations]
    In the use of ‘tensorProduct’
    (imported from Numeric.BLAS.Matrix.RowMajor):
    "Don't use conjugation. Left and Right are swapped."
    |
105 |          RowMajor.tensorProduct (Left NonConjugated)
    |          ^^^^^^^^^^^^^^^^^^^^^^

src/Numeric/LAPACK/Matrix/BandedHermitian/Basic.hs:109:10: warning: [GHC-63394] [-Wdeprecations]
    In the use of ‘tensorProduct’
    (imported from Numeric.BLAS.Matrix.RowMajor):
    "Don't use conjugation. Left and Right are swapped."
    |
109 |          RowMajor.tensorProduct (Left NonConjugated)
    |          ^^^^^^^^^^^^^^^^^^^^^^
[46 of 99] Compiling Numeric.LAPACK.Matrix.Plain.Class
[47 of 99] Compiling Numeric.LAPACK.Matrix.BandedHermitian.Eigen
[48 of 99] Compiling Numeric.LAPACK.Matrix.Array.Private
[49 of 99] Compiling Numeric.LAPACK.Permutation
[50 of 99] Compiling Numeric.LAPACK.Matrix.Permutation
[51 of 99] Compiling Numeric.LAPACK.Matrix.Array.Unpacked
[52 of 99] Compiling Numeric.LAPACK.Matrix.Full
[53 of 99] Compiling Numeric.LAPACK.Matrix.Array.Mosaic
[54 of 99] Compiling Numeric.LAPACK.Matrix.Array.Indexed
[55 of 99] Compiling Numeric.LAPACK.Matrix.Indexed
[56 of 99] Compiling Numeric.LAPACK.Matrix.Array.Hermitian
[57 of 99] Compiling Numeric.LAPACK.Matrix.Array.Banded
[58 of 99] Compiling Numeric.LAPACK.Matrix.BandedHermitian
[59 of 99] Compiling Numeric.LAPACK.Matrix.Array.Basic
[60 of 99] Compiling Numeric.LAPACK.Matrix.Class
[61 of 99] Compiling Numeric.LAPACK.Matrix.Triangular
[62 of 99] Compiling Numeric.LAPACK.Matrix.Symmetric
[63 of 99] Compiling Numeric.LAPACK.Matrix.Quadratic
[64 of 99] Compiling Numeric.LAPACK.Matrix.Lazy.UpperTriangular
[65 of 99] Compiling Numeric.LAPACK.Matrix.Array
[66 of 99] Compiling Numeric.LAPACK.Matrix.Square.Linear
[67 of 99] Compiling Numeric.LAPACK.Matrix.Square
[68 of 99] Compiling Numeric.LAPACK.Matrix.HermitianPositiveDefinite.Linear
[69 of 99] Compiling Numeric.LAPACK.Matrix.HermitianPositiveDefinite
[70 of 99] Compiling Numeric.LAPACK.Matrix.Hermitian
[71 of 99] Compiling Numeric.LAPACK.Matrix.BandedHermitianPositiveDefinite.Linear
[72 of 99] Compiling Numeric.LAPACK.Matrix.BandedHermitianPositiveDefinite
[73 of 99] Compiling Numeric.LAPACK.Matrix.Banded.Linear
[74 of 99] Compiling Numeric.LAPACK.Matrix.Banded
[75 of 99] Compiling Numeric.LAPACK.Matrix.Diagonal
[76 of 99] Compiling Numeric.LAPACK.Matrix.Array.Multiply
[77 of 99] Compiling Numeric.LAPACK.Matrix.Multiply
[78 of 99] Compiling Numeric.LAPACK.Matrix.Array.Divide
[79 of 99] Compiling Numeric.LAPACK.Matrix.Divide

src/Numeric/LAPACK/Matrix/Divide.hs:33:1: warning: [-Wunused-imports]
    The import of ‘Data.Semigroup’ is redundant
      except perhaps to import instances from ‘Data.Semigroup’
    To import instances alone, use: import Data.Semigroup()
   |
33 | import Data.Semigroup ((<>))
   | ^^^^^^^^^^^^^^^^^^^^^^^^^^^^
[80 of 99] Compiling Numeric.LAPACK.Orthogonal.Plain

src/Numeric/LAPACK/Orthogonal/Plain.hs:58:1: warning: [-Wunused-imports]
    The import of ‘Control.Applicative’ is redundant
      except perhaps to import instances from ‘Control.Applicative’
    To import instances alone, use: import Control.Applicative()
   |
58 | import Control.Applicative (liftA2)
   | ^^^^^^^^^^^^^^^^^^^^^^^^^^^^^^^^^^^

src/Numeric/LAPACK/Orthogonal/Plain.hs:61:1: warning: [-Wunused-imports]
    The import of ‘Data.Monoid’ is redundant
      except perhaps to import instances from ‘Data.Monoid’
    To import instances alone, use: import Data.Monoid()
   |
61 | import Data.Monoid ((<>))
   | ^^^^^^^^^^^^^^^^^^^^^^^^^
[81 of 99] Compiling Numeric.LAPACK.Orthogonal.Householder
[82 of 99] Compiling Numeric.LAPACK.Orthogonal.Basic
[83 of 99] Compiling Numeric.LAPACK.Orthogonal
[84 of 99] Compiling Numeric.LAPACK.Matrix.Wrapper
[85 of 99] Compiling Numeric.LAPACK.Matrix.Inverse
[86 of 99] Compiling Numeric.LAPACK.Matrix.Type
[87 of 99] Compiling Numeric.LAPACK.Matrix.Special
[88 of 99] Compiling Numeric.LAPACK.Matrix
[89 of 99] Compiling Numeric.LAPACK.Singular
[90 of 99] Compiling Numeric.LAPACK.Matrix.Superscript
[91 of 99] Compiling Numeric.LAPACK.Matrix.Function

src/Numeric/LAPACK/Matrix/Function.hs:54:1: warning: [-Wunused-imports]
    The import of ‘Data.Semigroup’ is redundant
      except perhaps to import instances from ‘Data.Semigroup’
    To import instances alone, use: import Data.Semigroup()
   |
54 | import Data.Semigroup ((<>))
   | ^^^^^^^^^^^^^^^^^^^^^^^^^^^^
[92 of 99] Compiling Numeric.LAPACK.Matrix.Block.Private
[93 of 99] Compiling Numeric.LAPACK.Matrix.Block.Type
[94 of 99] Compiling Numeric.LAPACK.Matrix.Block
[95 of 99] Compiling Numeric.LAPACK.Linear.Plain

src/Numeric/LAPACK/Linear/Plain.hs:90:1: warning: [-Wunused-imports]
    The import of ‘Data.Monoid’ is redundant
      except perhaps to import instances from ‘Data.Monoid’
    To import instances alone, use: import Data.Monoid()
   |
90 | import Data.Monoid ((<>))
   | ^^^^^^^^^^^^^^^^^^^^^^^^^
[96 of 99] Compiling Numeric.LAPACK.Linear.LowerUpper
[97 of 99] Compiling Numeric.LAPACK.Format
[98 of 99] Compiling Numeric.LAPACK.Example.EconomicAllocation
[99 of 99] Compiling Numeric.LAPACK.Example.DividedDifference

src/Numeric/LAPACK/Example/DividedDifference.hs:27:1: warning: [-Wunused-imports]
    The import of ‘Data.Semigroup’ is redundant
      except perhaps to import instances from ‘Data.Semigroup’
    To import instances alone, use: import Data.Semigroup()
   |
27 | import Data.Semigroup ((<>))
   | ^^^^^^^^^^^^^^^^^^^^^^^^^^^^
Configuring test suite 'lapack-test' for lapack-0.5.2...
Preprocessing test suite 'lapack-test' for lapack-0.5.2...
Building test suite 'lapack-test' for lapack-0.5.2...
[ 1 of 32] Compiling Numeric.LAPACK.Matrix.Banded.Naive
[ 2 of 32] Compiling Numeric.LAPACK.Matrix.BandedHermitian.Naive
[ 3 of 32] Compiling Test.Format
[ 4 of 32] Compiling Test.Utility

test/Test/Utility.hs:31:1: warning: [-Wunused-imports]
    The import of ‘Control.Applicative’ is redundant
      except perhaps to import instances from ‘Control.Applicative’
    To import instances alone, use: import Control.Applicative()
   |
31 | import Control.Applicative (Applicative, liftA2, pure, (<*>), (<$>))
   | ^^^^^^^^^^^^^^^^^^^^^^^^^^^^^^^^^^^^^^^^^^^^^^^^^^^^^^^^^^^^^^^^^^^^

test/Test/Utility.hs:36:1: warning: [-Wunused-imports]
    The import of ‘Data.Traversable’ is redundant
      except perhaps to import instances from ‘Data.Traversable’
    To import instances alone, use: import Data.Traversable()
   |
36 | import Data.Traversable (traverse)
   | ^^^^^^^^^^^^^^^^^^^^^^^^^^^^^^^^^^

test/Test/Utility.hs:37:1: warning: [-Wunused-imports]
    The import of ‘Data.Monoid’ is redundant
      except perhaps to import instances from ‘Data.Monoid’
    To import instances alone, use: import Data.Monoid()
   |
37 | import Data.Monoid (Monoid(mempty,mappend))
   | ^^^^^^^^^^^^^^^^^^^^^^^^^^^^^^^^^^^^^^^^^^^

test/Test/Utility.hs:38:1: warning: [-Wunused-imports]
    The import of ‘Data.Semigroup’ is redundant
      except perhaps to import instances from ‘Data.Semigroup’
    To import instances alone, use: import Data.Semigroup()
   |
38 | import Data.Semigroup (Semigroup((<>)))
   | ^^^^^^^^^^^^^^^^^^^^^^^^^^^^^^^^^^^^^^^
[ 5 of 32] Compiling Test.Shape

test/Test/Shape.hs:19:1: warning: [-Wunused-imports]
    The import of ‘Control.Applicative’ is redundant
      except perhaps to import instances from ‘Control.Applicative’
    To import instances alone, use: import Control.Applicative()
   |
19 | import Control.Applicative ((<$>))
   | ^^^^^^^^^^^^^^^^^^^^^^^^^^^^^^^^^^
[ 6 of 32] Compiling Test.Logic

test/Test/Logic.hs:22:1: warning: [-Wunused-imports]
    The import of ‘Control.Applicative’ is redundant
      except perhaps to import instances from ‘Control.Applicative’
    To import instances alone, use: import Control.Applicative()
   |
22 | import Control.Applicative (Applicative, liftA2, pure, (<$>))
   | ^^^^^^^^^^^^^^^^^^^^^^^^^^^^^^^^^^^^^^^^^^^^^^^^^^^^^^^^^^^^^

test/Test/Logic.hs:25:1: warning: [-Wunused-imports]
    The import of ‘Data.Semigroup’ is redundant
      except perhaps to import instances from ‘Data.Semigroup’
    To import instances alone, use: import Data.Semigroup()
   |
25 | import Data.Semigroup ((<>))
   | ^^^^^^^^^^^^^^^^^^^^^^^^^^^^
[ 7 of 32] Compiling Test.Generator

test/Test/Generator.hs:36:1: warning: [-Wunused-imports]
    The import of ‘<$>, <*>, liftA2’
    from module ‘Control.Applicative’ is redundant
   |
36 | import Control.Applicative (liftA2, liftA3, (<*>), (<$>))
   | ^^^^^^^^^^^^^^^^^^^^^^^^^^^^^^^^^^^^^^^^^^^^^^^^^^^^^^^^^

test/Test/Generator.hs:40:1: warning: [-Wunused-imports]
    The import of ‘Data.Semigroup’ is redundant
      except perhaps to import instances from ‘Data.Semigroup’
    To import instances alone, use: import Data.Semigroup()
   |
40 | import Data.Semigroup ((<>))
   | ^^^^^^^^^^^^^^^^^^^^^^^^^^^^

test/Test/Generator.hs:41:1: warning: [-Wunused-imports]
    The import of ‘Data.Monoid’ is redundant
      except perhaps to import instances from ‘Data.Monoid’
    To import instances alone, use: import Data.Monoid()
   |
41 | import Data.Monoid (Monoid, mempty)
   | ^^^^^^^^^^^^^^^^^^^^^^^^^^^^^^^^^^^
[ 8 of 32] Compiling Test.Singular

test/Test/Singular.hs:24:1: warning: [-Wunused-imports]
    The import of ‘Control.Applicative’ is redundant
      except perhaps to import instances from ‘Control.Applicative’
    To import instances alone, use: import Control.Applicative()
   |
24 | import Control.Applicative ((<$>))
   | ^^^^^^^^^^^^^^^^^^^^^^^^^^^^^^^^^^

test/Test/Singular.hs:25:1: warning: [-Wunused-imports]
    The import of ‘Data.Semigroup’ is redundant
      except perhaps to import instances from ‘Data.Semigroup’
    To import instances alone, use: import Data.Semigroup()
   |
25 | import Data.Semigroup ((<>))
   | ^^^^^^^^^^^^^^^^^^^^^^^^^^^^
[ 9 of 32] Compiling Test.Multiply

test/Test/Multiply.hs:42:1: warning: [-Wunused-imports]
    The import of ‘Control.Applicative’ is redundant
      except perhaps to import instances from ‘Control.Applicative’
    To import instances alone, use: import Control.Applicative()
   |
42 | import Control.Applicative ((<$>))
   | ^^^^^^^^^^^^^^^^^^^^^^^^^^^^^^^^^^
[10 of 32] Compiling Test.Mosaic

test/Test/Mosaic.hs:26:1: warning: [-Wunused-imports]
    The import of ‘Control.Applicative’ is redundant
      except perhaps to import instances from ‘Control.Applicative’
    To import instances alone, use: import Control.Applicative()
   |
26 | import Control.Applicative ((<$>))
   | ^^^^^^^^^^^^^^^^^^^^^^^^^^^^^^^^^^
[11 of 32] Compiling Test.Indexed
[12 of 32] Compiling Test.Permutation

test/Test/Permutation.hs:26:1: warning: [-Wunused-imports]
    The import of ‘Control.Applicative’ is redundant
      except perhaps to import instances from ‘Control.Applicative’
    To import instances alone, use: import Control.Applicative()
   |
26 | import Control.Applicative ((<$>))
   | ^^^^^^^^^^^^^^^^^^^^^^^^^^^^^^^^^^
[13 of 32] Compiling DocTest.Numeric.LAPACK.Permutation.Private

src/Numeric/LAPACK/Permutation/Private.hs:58:1: warning: [-Wunused-imports]
    The import of ‘Data.Semigroup’ is redundant
      except perhaps to import instances from ‘Data.Semigroup’
    To import instances alone, use: import Data.Semigroup()
   |
58 | >>> import Data.Semigroup ((<>))
   | ^^^^^^^^^^^^^^^^^^^^^^^^^^^^^^^^

src/Numeric/LAPACK/Permutation/Private.hs:60:1: warning: [-Wunused-imports]
    The import of ‘Control.Applicative’ is redundant
      except perhaps to import instances from ‘Control.Applicative’
    To import instances alone, use: import Control.Applicative()
   |
60 | >>> import Control.Applicative (liftA2)
   | ^^^^^^^^^^^^^^^^^^^^^^^^^^^^^^^^^^^^^^^
[14 of 32] Compiling Test.Generic

test/Test/Generic.hs:25:1: warning: [-Wunused-imports]
    The import of ‘Control.Applicative’ is redundant
      except perhaps to import instances from ‘Control.Applicative’
    To import instances alone, use: import Control.Applicative()
   |
25 | import Control.Applicative ((<$>))
   | ^^^^^^^^^^^^^^^^^^^^^^^^^^^^^^^^^^
[15 of 32] Compiling Test.Matrix

test/Test/Matrix.hs:40:1: warning: [-Wunused-imports]
    The import of ‘<$>, liftA2, pure’
    from module ‘Control.Applicative’ is redundant
   |
40 | import Control.Applicative (liftA2, liftA3, pure, (<$>))
   | ^^^^^^^^^^^^^^^^^^^^^^^^^^^^^^^^^^^^^^^^^^^^^^^^^^^^^^^^
[16 of 32] Compiling Test.Divide

test/Test/Divide.hs:38:1: warning: [-Wunused-imports]
    The import of ‘Control.Applicative’ is redundant
      except perhaps to import instances from ‘Control.Applicative’
    To import instances alone, use: import Control.Applicative()
   |
38 | import Control.Applicative ((<$>))
   | ^^^^^^^^^^^^^^^^^^^^^^^^^^^^^^^^^^
[17 of 32] Compiling Test.Triangular

test/Test/Triangular.hs:44:1: warning: [-Wunused-imports]
    The import of ‘Control.Applicative’ is redundant
      except perhaps to import instances from ‘Control.Applicative’
    To import instances alone, use: import Control.Applicative()
   |
44 | import Control.Applicative ((<$>))
   | ^^^^^^^^^^^^^^^^^^^^^^^^^^^^^^^^^^

test/Test/Triangular.hs:48:1: warning: [-Wunused-imports]
    The import of ‘Data.Semigroup’ is redundant
      except perhaps to import instances from ‘Data.Semigroup’
    To import instances alone, use: import Data.Semigroup()
   |
48 | import Data.Semigroup ((<>))
   | ^^^^^^^^^^^^^^^^^^^^^^^^^^^^
[18 of 32] Compiling Test.Symmetric

test/Test/Symmetric.hs:35:1: warning: [-Wunused-imports]
    The import of ‘Control.Applicative’ is redundant
      except perhaps to import instances from ‘Control.Applicative’
    To import instances alone, use: import Control.Applicative()
   |
35 | import Control.Applicative ((<$>))
   | ^^^^^^^^^^^^^^^^^^^^^^^^^^^^^^^^^^

test/Test/Symmetric.hs:40:1: warning: [-Wunused-imports]
    The import of ‘Data.Semigroup’ is redundant
      except perhaps to import instances from ‘Data.Semigroup’
    To import instances alone, use: import Data.Semigroup()
   |
40 | import Data.Semigroup ((<>))
   | ^^^^^^^^^^^^^^^^^^^^^^^^^^^^
[19 of 32] Compiling Test.Square

test/Test/Square.hs:23:1: warning: [-Wunused-imports]
    The import of ‘Control.Applicative’ is redundant
      except perhaps to import instances from ‘Control.Applicative’
    To import instances alone, use: import Control.Applicative()
   |
23 | import Control.Applicative ((<$>))
   | ^^^^^^^^^^^^^^^^^^^^^^^^^^^^^^^^^^

test/Test/Square.hs:26:1: warning: [-Wunused-imports]
    The import of ‘Data.Semigroup’ is redundant
      except perhaps to import instances from ‘Data.Semigroup’
    To import instances alone, use: import Data.Semigroup()
   |
26 | import Data.Semigroup ((<>))
   | ^^^^^^^^^^^^^^^^^^^^^^^^^^^^
[20 of 32] Compiling Test.Orthogonal

test/Test/Orthogonal.hs:35:1: warning: [-Wunused-imports]
    The import of ‘Control.Applicative’ is redundant
      except perhaps to import instances from ‘Control.Applicative’
    To import instances alone, use: import Control.Applicative()
   |
35 | import Control.Applicative (liftA2, (<$>))
   | ^^^^^^^^^^^^^^^^^^^^^^^^^^^^^^^^^^^^^^^^^^

test/Test/Orthogonal.hs:36:1: warning: [-Wunused-imports]
    The import of ‘Data.Semigroup’ is redundant
      except perhaps to import instances from ‘Data.Semigroup’
    To import instances alone, use: import Data.Semigroup()
   |
36 | import Data.Semigroup ((<>))
   | ^^^^^^^^^^^^^^^^^^^^^^^^^^^^
[21 of 32] Compiling Test.LowerUpper

test/Test/LowerUpper.hs:24:1: warning: [-Wunused-imports]
    The import of ‘Control.Applicative’ is redundant
      except perhaps to import instances from ‘Control.Applicative’
    To import instances alone, use: import Control.Applicative()
   |
24 | import Control.Applicative (liftA2, (<$>))
   | ^^^^^^^^^^^^^^^^^^^^^^^^^^^^^^^^^^^^^^^^^^

test/Test/LowerUpper.hs:26:1: warning: [-Wunused-imports]
    The import of ‘Data.Semigroup’ is redundant
      except perhaps to import instances from ‘Data.Semigroup’
    To import instances alone, use: import Data.Semigroup()
   |
26 | import Data.Semigroup ((<>))
   | ^^^^^^^^^^^^^^^^^^^^^^^^^^^^
[22 of 32] Compiling Test.Hermitian

test/Test/Hermitian.hs:44:1: warning: [-Wunused-imports]
    The import of ‘Control.Applicative’ is redundant
      except perhaps to import instances from ‘Control.Applicative’
    To import instances alone, use: import Control.Applicative()
   |
44 | import Control.Applicative (liftA2, (<$>))
   | ^^^^^^^^^^^^^^^^^^^^^^^^^^^^^^^^^^^^^^^^^^

test/Test/Hermitian.hs:49:1: warning: [-Wunused-imports]
    The import of ‘Data.Semigroup’ is redundant
      except perhaps to import instances from ‘Data.Semigroup’
    To import instances alone, use: import Data.Semigroup()
   |
49 | import Data.Semigroup ((<>))
   | ^^^^^^^^^^^^^^^^^^^^^^^^^^^^
[23 of 32] Compiling Test.Function

test/Test/Function.hs:41:1: warning: [-Wunused-imports]
    The import of ‘Control.Applicative’ is redundant
      except perhaps to import instances from ‘Control.Applicative’
    To import instances alone, use: import Control.Applicative()
   |
41 | import Control.Applicative (liftA2, (<$>))
   | ^^^^^^^^^^^^^^^^^^^^^^^^^^^^^^^^^^^^^^^^^^

test/Test/Function.hs:45:1: warning: [-Wunused-imports]
    The import of ‘Data.Semigroup’ is redundant
      except perhaps to import instances from ‘Data.Semigroup’
    To import instances alone, use: import Data.Semigroup()
   |
45 | import Data.Semigroup ((<>))
   | ^^^^^^^^^^^^^^^^^^^^^^^^^^^^
[24 of 32] Compiling Test.Block

test/Test/Block.hs:31:1: warning: [-Wunused-imports]
    The import of ‘Control.Applicative’ is redundant
      except perhaps to import instances from ‘Control.Applicative’
    To import instances alone, use: import Control.Applicative()
   |
31 | import Control.Applicative ((<$>))
   | ^^^^^^^^^^^^^^^^^^^^^^^^^^^^^^^^^^
[25 of 32] Compiling Test.Banded.Utility
[26 of 32] Compiling Test.BandedHermitian

test/Test/BandedHermitian.hs:58:1: warning: [-Wunused-imports]
    The import of ‘Control.Applicative’ is redundant
      except perhaps to import instances from ‘Control.Applicative’
    To import instances alone, use: import Control.Applicative()
   |
58 | import Control.Applicative (liftA2, (<$>))
   | ^^^^^^^^^^^^^^^^^^^^^^^^^^^^^^^^^^^^^^^^^^

test/Test/BandedHermitian.hs:62:1: warning: [-Wunused-imports]
    The import of ‘Data.Semigroup’ is redundant
      except perhaps to import instances from ‘Data.Semigroup’
    To import instances alone, use: import Data.Semigroup()
   |
62 | import Data.Semigroup ((<>))
   | ^^^^^^^^^^^^^^^^^^^^^^^^^^^^
[27 of 32] Compiling Test.Banded

test/Test/Banded.hs:49:1: warning: [-Wunused-imports]
    The import of ‘Control.Applicative’ is redundant
      except perhaps to import instances from ‘Control.Applicative’
    To import instances alone, use: import Control.Applicative()
   |
49 | import Control.Applicative (liftA2, (<$>))
   | ^^^^^^^^^^^^^^^^^^^^^^^^^^^^^^^^^^^^^^^^^^
[28 of 32] Compiling DocTest.Numeric.LAPACK.Example.EconomicAllocation
[29 of 32] Compiling DocTest.Numeric.LAPACK.Example.DividedDifference

src/Numeric/LAPACK/Example/DividedDifference.hs:46:1: warning: [-Wunused-imports]
    The import of ‘Data.Semigroup’ is redundant
      except perhaps to import instances from ‘Data.Semigroup’
    To import instances alone, use: import Data.Semigroup()
   |
46 | >>> import Data.Semigroup ((<>))
   | ^^^^^^^^^^^^^^^^^^^^^^^^^^^^^^^^
[30 of 32] Compiling DocTest.Main
[31 of 32] Compiling Test.Vector

test/Test/Vector.hs:20:1: warning: [-Wunused-imports]
    The import of ‘Control.Applicative’ is redundant
      except perhaps to import instances from ‘Control.Applicative’
    To import instances alone, use: import Control.Applicative()
   |
20 | import Control.Applicative ((<$>))
   | ^^^^^^^^^^^^^^^^^^^^^^^^^^^^^^^^^^
[32 of 32] Compiling Main
[33 of 33] Linking /tmp/workdir-lapack/lapack-0.5.2/dist-newstyle/build/x86_64-linux/ghc-9.6.6/lapack-0.5.2/t/lapack-test/build/lapack-test/lapack-test
