Build profile: -w ghc-9.6.6 -O1
In order, the following will be built (use -v for more details):
 - system-linux-proc-0.1.1.1 (lib) (first run)
 - system-linux-proc-0.1.1.1 (test:test) (first run)
Configuring library for system-linux-proc-0.1.1.1...
Preprocessing library for system-linux-proc-0.1.1.1...
Building library for system-linux-proc-0.1.1.1...
[1 of 6] Compiling System.Linux.Proc.Errors
[2 of 6] Compiling System.Linux.Proc.IO
[3 of 6] Compiling System.Linux.Proc.MemInfo

System/Linux/Proc/MemInfo.hs:104:5: warning: [GHC-53633] [-Woverlapping-patterns]
    Pattern match is redundant
    In an equation for ‘renderSizeBytes’:
        renderSizeBytes s | d >= 1e12 = ...
    |
104 |   | d >= 1e12 = render (d * 1e12) <> " TB"
    |     ^^^^^^^^^
[4 of 6] Compiling System.Linux.Proc.Process
[5 of 6] Compiling System.Linux.Proc.Tcp
[6 of 6] Compiling System.Linux.Proc
Configuring test suite 'test' for system-linux-proc-0.1.1.1...
Preprocessing test suite 'test' for system-linux-proc-0.1.1.1...
Building test suite 'test' for system-linux-proc-0.1.1.1...
[1 of 3] Compiling Test.System.Linux.Proc.Hedgehog
[2 of 3] Compiling Test.System.Linux.Proc
[3 of 3] Compiling Main
[4 of 4] Linking /tmp/workdir-system-linux-proc/system-linux-proc-0.1.1.1/dist-newstyle/build/x86_64-linux/ghc-9.6.6/system-linux-proc-0.1.1.1/t/test/build/test/test
