Build profile: -w ghc-9.6.6 -O1
In order, the following will be built (use -v for more details):
 - poly-0.5.1.0 (lib) (first run)
 - poly-0.5.1.0 (test:poly-tests) (first run)
Configuring library for poly-0.5.1.0...
Preprocessing library for poly-0.5.1.0...
Building library for poly-0.5.1.0...
[ 1 of 21] Compiling Data.Poly.Internal.Dense
[ 2 of 21] Compiling Data.Poly.Internal.Dense.DFT
[ 3 of 21] Compiling Data.Poly.Internal.Dense.GcdDomain
[ 4 of 21] Compiling Data.Poly.Internal.Dense.Field
[ 5 of 21] Compiling Data.Poly.Internal.Dense.Laurent
[ 6 of 21] Compiling Data.Poly.Internal.Multi.Core
[ 7 of 21] Compiling Data.Poly.Internal.Multi
[ 8 of 21] Compiling Data.Poly.Internal.Convert
[ 9 of 21] Compiling Data.Poly
[10 of 21] Compiling Data.Poly.Internal.Multi.GcdDomain
[11 of 21] Compiling Data.Poly.Internal.Multi.Field
[12 of 21] Compiling Data.Poly.Internal.Multi.Laurent
[13 of 21] Compiling Data.Poly.Laurent
[14 of 21] Compiling Data.Poly.Multi
[15 of 21] Compiling Data.Poly.Multi.Laurent
[16 of 21] Compiling Data.Poly.Multi.Semiring
[17 of 21] Compiling Data.Poly.Semiring
[18 of 21] Compiling Data.Poly.Orthogonal
[19 of 21] Compiling Data.Poly.Sparse
[20 of 21] Compiling Data.Poly.Sparse.Laurent
[21 of 21] Compiling Data.Poly.Sparse.Semiring
Configuring test suite 'poly-tests' for poly-0.5.1.0...
Preprocessing test suite 'poly-tests' for poly-0.5.1.0...
Building test suite 'poly-tests' for poly-0.5.1.0...
[ 1 of 11] Compiling Orthogonal
[ 2 of 11] Compiling Quaternion
[ 3 of 11] Compiling TestUtils
[ 4 of 11] Compiling SparseLaurent
[ 5 of 11] Compiling Sparse
[ 6 of 11] Compiling MultiLaurent
[ 7 of 11] Compiling Multi
[ 8 of 11] Compiling DenseLaurent
[ 9 of 11] Compiling Dense
[10 of 11] Compiling DFT
[11 of 11] Compiling Main
[12 of 12] Linking /tmp/workdir-poly/poly-0.5.1.0/dist-newstyle/build/x86_64-linux/ghc-9.6.6/poly-0.5.1.0/t/poly-tests/build/poly-tests/poly-tests
