Build profile: -w ghc-9.6.6 -O1
In order, the following will be built (use -v for more details):
 - hspec-meta-2.11.9 (lib) (first run)
 - hspec-meta-2.11.9 (exe:hspec-meta-discover) (first run)
Configuring library for hspec-meta-2.11.9...
Preprocessing library for hspec-meta-2.11.9...
Building library for hspec-meta-2.11.9...
[ 1 of 50] Compiling Control.Concurrent.Async
[ 2 of 50] Compiling Data.Algorithm.Diff
[ 3 of 50] Compiling Paths_hspec_meta
[ 4 of 50] Compiling Test.Hspec.Core.Compat
[ 5 of 50] Compiling Test.Hspec.Core.Clock
[ 6 of 50] Compiling NonEmpty
[ 7 of 50] Compiling GetOpt.Declarative.Types
[ 8 of 50] Compiling GetOpt.Declarative.Environment
[ 9 of 50] Compiling Test.Hspec.Core.Example.Location
[10 of 50] Compiling Test.Hspec.Core.Formatters.Diff
[11 of 50] Compiling Test.Hspec.Core.Formatters.Pretty.Parser.Parser
[12 of 50] Compiling Test.Hspec.Core.Formatters.Pretty.Parser
[13 of 50] Compiling Test.Hspec.Core.Formatters.Pretty.Unicode
[14 of 50] Compiling Test.Hspec.Core.Formatters.Pretty
[15 of 50] Compiling Test.Hspec.Core.Formatters.V1.Free
[16 of 50] Compiling Test.Hspec.Core.Runner.JobQueue
[17 of 50] Compiling Test.Hspec.Core.Timer
[18 of 50] Compiling Test.Hspec.Core.Util
[19 of 50] Compiling Test.Hspec.Core.QuickCheck.Util
[20 of 50] Compiling Test.Hspec.Core.Example
[21 of 50] Compiling Test.Hspec.Core.Tree
[22 of 50] Compiling Test.Hspec.Core.Shuffle
[23 of 50] Compiling Test.Hspec.Core.Format
[24 of 50] Compiling Test.Hspec.Core.Runner.Result
[25 of 50] Compiling Test.Hspec.Core.Formatters.V1.Monad
[26 of 50] Compiling Test.Hspec.Core.Formatters.Internal
[27 of 50] Compiling Test.Hspec.Core.Formatters.V2
[28 of 50] Compiling Test.Hspec.Core.Runner.PrintSlowSpecItems
[29 of 50] Compiling Test.Hspec.Core.Formatters.V1.Internal
[30 of 50] Compiling Test.Hspec.Core.Formatters.V1
[31 of 50] Compiling Test.Hspec.Core.Formatters
[32 of 50] Compiling GetOpt.Declarative.Util
[33 of 50] Compiling GetOpt.Declarative.Interpret
[34 of 50] Compiling GetOpt.Declarative
[35 of 50] Compiling Test.Hspec.Core.Config.Definition
[36 of 50] Compiling Test.Hspec.Core.Spec.Monad
[37 of 50] Compiling Test.Hspec.Core.QuickCheck
[38 of 50] Compiling Test.Hspec.Core.Hooks
[39 of 50] Compiling Test.Hspec.Core.Spec
[40 of 50] Compiling Test.Hspec.Core.Runner.Eval
[41 of 50] Compiling Test.Hspec.Core.FailureReport
[42 of 50] Compiling Test.Hspec.Core.Config.Options
[43 of 50] Compiling Test.Hspec.Core.Config
[44 of 50] Compiling Test.Hspec.Core.Runner
[45 of 50] Compiling Test.Hspec.Discover
[46 of 50] Compiling Test.Hspec.Formatters
[47 of 50] Compiling Test.Hspec.Runner
[48 of 50] Compiling Test.Hspec
[49 of 50] Compiling Test.Hspec.QuickCheck
[50 of 50] Compiling Test.Hspec.Meta
Configuring executable 'hspec-meta-discover' for hspec-meta-2.11.9...
Preprocessing executable 'hspec-meta-discover' for hspec-meta-2.11.9...
Building executable 'hspec-meta-discover' for hspec-meta-2.11.9...
[1 of 5] Compiling Paths_hspec_meta
[2 of 5] Compiling Test.Hspec.Discover.Config
[3 of 5] Compiling Test.Hspec.Discover.Sort
[4 of 5] Compiling Test.Hspec.Discover.Run
[5 of 5] Compiling Main
[6 of 6] Linking /tmp/workdir-hspec-meta/hspec-meta-2.11.9/dist-newstyle/build/x86_64-linux/ghc-9.6.6/hspec-meta-2.11.9/x/hspec-meta-discover/build/hspec-meta-discover/hspec-meta-discover
