Build profile: -w ghc-9.6.6 -O1
In order, the following will be built (use -v for more details):
 - amazonka-compute-optimizer-2.0 (lib) (first run)
 - amazonka-compute-optimizer-2.0 (test:amazonka-compute-optimizer-test) (first run)
Configuring library for amazonka-compute-optimizer-2.0...
Preprocessing library for amazonka-compute-optimizer-2.0...
Building library for amazonka-compute-optimizer-2.0...
[  1 of 121] Compiling Amazonka.ComputeOptimizer.Types.AutoScalingConfiguration
[  2 of 121] Compiling Amazonka.ComputeOptimizer.Types.AutoScalingGroupConfiguration
[  3 of 121] Compiling Amazonka.ComputeOptimizer.Types.CpuVendorArchitecture
[  4 of 121] Compiling Amazonka.ComputeOptimizer.Types.Currency
[  5 of 121] Compiling Amazonka.ComputeOptimizer.Types.CurrentPerformanceRisk
[  6 of 121] Compiling Amazonka.ComputeOptimizer.Types.CurrentPerformanceRiskRatings
[  7 of 121] Compiling Amazonka.ComputeOptimizer.Types.EBSFilterName
[  8 of 121] Compiling Amazonka.ComputeOptimizer.Types.EBSFilter
[  9 of 121] Compiling Amazonka.ComputeOptimizer.Types.EBSFinding
[ 10 of 121] Compiling Amazonka.ComputeOptimizer.Types.EBSMetricName
[ 11 of 121] Compiling Amazonka.ComputeOptimizer.Types.ECSServiceLaunchType
[ 12 of 121] Compiling Amazonka.ComputeOptimizer.Types.ECSServiceMetricName
[ 13 of 121] Compiling Amazonka.ComputeOptimizer.Types.ECSServiceMetricStatistic
[ 14 of 121] Compiling Amazonka.ComputeOptimizer.Types.ECSServiceProjectedMetric
[ 15 of 121] Compiling Amazonka.ComputeOptimizer.Types.ECSServiceProjectedUtilizationMetric
[ 16 of 121] Compiling Amazonka.ComputeOptimizer.Types.ECSServiceRecommendationFilterName
[ 17 of 121] Compiling Amazonka.ComputeOptimizer.Types.ECSServiceRecommendationFilter
[ 18 of 121] Compiling Amazonka.ComputeOptimizer.Types.ECSServiceRecommendationFinding
[ 19 of 121] Compiling Amazonka.ComputeOptimizer.Types.ECSServiceRecommendationFindingReasonCode
[ 20 of 121] Compiling Amazonka.ComputeOptimizer.Types.ECSServiceRecommendedOptionProjectedMetric
[ 21 of 121] Compiling Amazonka.ComputeOptimizer.Types.ECSServiceUtilizationMetric
[ 22 of 121] Compiling Amazonka.ComputeOptimizer.Types.EnhancedInfrastructureMetrics
[ 23 of 121] Compiling Amazonka.ComputeOptimizer.Types.EnrollmentFilterName
[ 24 of 121] Compiling Amazonka.ComputeOptimizer.Types.EnrollmentFilter
[ 25 of 121] Compiling Amazonka.ComputeOptimizer.Types.EstimatedMonthlySavings
[ 26 of 121] Compiling Amazonka.ComputeOptimizer.Types.ExportableAutoScalingGroupField
[ 27 of 121] Compiling Amazonka.ComputeOptimizer.Types.ExportableECSServiceField
[ 28 of 121] Compiling Amazonka.ComputeOptimizer.Types.ExportableInstanceField
[ 29 of 121] Compiling Amazonka.ComputeOptimizer.Types.ExportableLambdaFunctionField
[ 30 of 121] Compiling Amazonka.ComputeOptimizer.Types.ExportableVolumeField
[ 31 of 121] Compiling Amazonka.ComputeOptimizer.Types.ExternalMetricsSource
[ 32 of 121] Compiling Amazonka.ComputeOptimizer.Types.ExternalMetricsPreference
[ 33 of 121] Compiling Amazonka.ComputeOptimizer.Types.FileFormat
[ 34 of 121] Compiling Amazonka.ComputeOptimizer.Types.FilterName
[ 35 of 121] Compiling Amazonka.ComputeOptimizer.Types.Filter
[ 36 of 121] Compiling Amazonka.ComputeOptimizer.Types.Finding
[ 37 of 121] Compiling Amazonka.ComputeOptimizer.Types.FindingReasonCode
[ 38 of 121] Compiling Amazonka.ComputeOptimizer.Types.GetRecommendationError
[ 39 of 121] Compiling Amazonka.ComputeOptimizer.Types.InferredWorkloadType
[ 40 of 121] Compiling Amazonka.ComputeOptimizer.Types.InferredWorkloadTypesPreference
[ 41 of 121] Compiling Amazonka.ComputeOptimizer.Types.EffectiveRecommendationPreferences
[ 42 of 121] Compiling Amazonka.ComputeOptimizer.Types.InstanceRecommendationFindingReasonCode
[ 43 of 121] Compiling Amazonka.ComputeOptimizer.Types.JobFilterName
[ 44 of 121] Compiling Amazonka.ComputeOptimizer.Types.JobFilter
[ 45 of 121] Compiling Amazonka.ComputeOptimizer.Types.JobStatus
[ 46 of 121] Compiling Amazonka.ComputeOptimizer.Types.LambdaFunctionMemoryMetricName
[ 47 of 121] Compiling Amazonka.ComputeOptimizer.Types.LambdaFunctionMemoryMetricStatistic
[ 48 of 121] Compiling Amazonka.ComputeOptimizer.Types.LambdaFunctionMemoryProjectedMetric
[ 49 of 121] Compiling Amazonka.ComputeOptimizer.Types.LambdaFunctionMetricName
[ 50 of 121] Compiling Amazonka.ComputeOptimizer.Types.LambdaFunctionMetricStatistic
[ 51 of 121] Compiling Amazonka.ComputeOptimizer.Types.LambdaFunctionRecommendationFilterName
[ 52 of 121] Compiling Amazonka.ComputeOptimizer.Types.LambdaFunctionRecommendationFilter
[ 53 of 121] Compiling Amazonka.ComputeOptimizer.Types.LambdaFunctionRecommendationFinding
[ 54 of 121] Compiling Amazonka.ComputeOptimizer.Types.LambdaFunctionRecommendationFindingReasonCode
[ 55 of 121] Compiling Amazonka.ComputeOptimizer.Types.LambdaFunctionUtilizationMetric
[ 56 of 121] Compiling Amazonka.ComputeOptimizer.Types.MemorySizeConfiguration
[ 57 of 121] Compiling Amazonka.ComputeOptimizer.Types.ContainerRecommendation
[ 58 of 121] Compiling Amazonka.ComputeOptimizer.Types.ContainerConfiguration
[ 59 of 121] Compiling Amazonka.ComputeOptimizer.Types.MetricName
[ 60 of 121] Compiling Amazonka.ComputeOptimizer.Types.MetricStatistic
[ 61 of 121] Compiling Amazonka.ComputeOptimizer.Types.EBSUtilizationMetric
[ 62 of 121] Compiling Amazonka.ComputeOptimizer.Types.MigrationEffort
[ 63 of 121] Compiling Amazonka.ComputeOptimizer.Types.PlatformDifference
[ 64 of 121] Compiling Amazonka.ComputeOptimizer.Types.ProjectedMetric
[ 65 of 121] Compiling Amazonka.ComputeOptimizer.Types.ReasonCodeSummary
[ 66 of 121] Compiling Amazonka.ComputeOptimizer.Types.RecommendationPreferenceName
[ 67 of 121] Compiling Amazonka.ComputeOptimizer.Types.RecommendationPreferences
[ 68 of 121] Compiling Amazonka.ComputeOptimizer.Types.RecommendationSourceType
[ 69 of 121] Compiling Amazonka.ComputeOptimizer.Types.RecommendationSource
[ 70 of 121] Compiling Amazonka.ComputeOptimizer.Types.RecommendedOptionProjectedMetric
[ 71 of 121] Compiling Amazonka.ComputeOptimizer.Types.ResourceType
[ 72 of 121] Compiling Amazonka.ComputeOptimizer.Types.S3Destination
[ 73 of 121] Compiling Amazonka.ComputeOptimizer.Types.ExportDestination
[ 74 of 121] Compiling Amazonka.ComputeOptimizer.Types.RecommendationExportJob
[ 75 of 121] Compiling Amazonka.ComputeOptimizer.Types.S3DestinationConfig
[ 76 of 121] Compiling Amazonka.ComputeOptimizer.Types.SavingsOpportunity
[ 77 of 121] Compiling Amazonka.ComputeOptimizer.Types.LambdaFunctionMemoryRecommendationOption
[ 78 of 121] Compiling Amazonka.ComputeOptimizer.Types.LambdaFunctionRecommendation
[ 79 of 121] Compiling Amazonka.ComputeOptimizer.Types.ECSServiceRecommendationOption

gen/Amazonka/ComputeOptimizer/Types/ECSServiceRecommendationOption.hs:87:143: warning: [GHC-02256] [-Wambiguous-fields]
    The record update s {cpu = a} with type ECSServiceRecommendationOption is ambiguous.
    This will not be supported by -XDuplicateRecordFields in future releases of GHC.
   |
87 | eCSServiceRecommendationOption_cpu = Lens.lens (\ECSServiceRecommendationOption' {cpu} -> cpu) (\s@ECSServiceRecommendationOption' {} a -> s {cpu = a} :: ECSServiceRecommendationOption)
   |                                                                                                                                               ^^^^^^^
[ 80 of 121] Compiling Amazonka.ComputeOptimizer.Types.ScopeName
[ 81 of 121] Compiling Amazonka.ComputeOptimizer.Types.Scope
[ 82 of 121] Compiling Amazonka.ComputeOptimizer.Types.RecommendationPreferencesDetail
[ 83 of 121] Compiling Amazonka.ComputeOptimizer.Types.ServiceConfiguration

gen/Amazonka/ComputeOptimizer/Types/ServiceConfiguration.hs:142:113: warning: [GHC-02256] [-Wambiguous-fields]
    The record update s {cpu = a} with type ServiceConfiguration is ambiguous.
    This will not be supported by -XDuplicateRecordFields in future releases of GHC.
    |
142 | serviceConfiguration_cpu = Lens.lens (\ServiceConfiguration' {cpu} -> cpu) (\s@ServiceConfiguration' {} a -> s {cpu = a} :: ServiceConfiguration)
    |                                                                                                                 ^^^^^^^
[ 84 of 121] Compiling Amazonka.ComputeOptimizer.Types.ECSServiceRecommendation
[ 85 of 121] Compiling Amazonka.ComputeOptimizer.Types.Status
[ 86 of 121] Compiling Amazonka.ComputeOptimizer.Types.AccountEnrollmentStatus
[ 87 of 121] Compiling Amazonka.ComputeOptimizer.Types.Summary

gen/Amazonka/ComputeOptimizer/Types/Summary.hs:66:77: warning: [GHC-02256] [-Wambiguous-fields]
    The record update s {name = a} with type Summary is ambiguous.
    This will not be supported by -XDuplicateRecordFields in future releases of GHC.
   |
66 | summary_name = Lens.lens (\Summary' {name} -> name) (\s@Summary' {} a -> s {name = a} :: Summary)
   |                                                                             ^^^^^^^^

gen/Amazonka/ComputeOptimizer/Types/Summary.hs:74:80: warning: [GHC-02256] [-Wambiguous-fields]
    The record update s {value = a} with type Summary is ambiguous.
    This will not be supported by -XDuplicateRecordFields in future releases of GHC.
   |
74 | summary_value = Lens.lens (\Summary' {value} -> value) (\s@Summary' {} a -> s {value = a} :: Summary)
   |                                                                                ^^^^^^^^^
[ 88 of 121] Compiling Amazonka.ComputeOptimizer.Types.RecommendationSummary
[ 89 of 121] Compiling Amazonka.ComputeOptimizer.Types.UtilizationMetric
[ 90 of 121] Compiling Amazonka.ComputeOptimizer.Types.InstanceRecommendationOption
[ 91 of 121] Compiling Amazonka.ComputeOptimizer.Types.InstanceRecommendation

gen/Amazonka/ComputeOptimizer/Types/InstanceRecommendation.hs:677:173: warning: [GHC-02256] [-Wambiguous-fields]
    The record update s {inferredWorkloadTypes = a} with type InstanceRecommendation is ambiguous.
    This will not be supported by -XDuplicateRecordFields in future releases of GHC.
    |
677 | instanceRecommendation_inferredWorkloadTypes = Lens.lens (\InstanceRecommendation' {inferredWorkloadTypes} -> inferredWorkloadTypes) (\s@InstanceRecommendation' {} a -> s {inferredWorkloadTypes = a} :: InstanceRecommendation) Prelude.. Lens.mapping Lens.coerced
    |                                                                                                                                                                             ^^^^^^^^^^^^^^^^^^^^^^^^^
[ 92 of 121] Compiling Amazonka.ComputeOptimizer.Types.AutoScalingGroupRecommendationOption
[ 93 of 121] Compiling Amazonka.ComputeOptimizer.Types.AutoScalingGroupRecommendation

gen/Amazonka/ComputeOptimizer/Types/AutoScalingGroupRecommendation.hs:274:197: warning: [GHC-02256] [-Wambiguous-fields]
    The record update s {inferredWorkloadTypes = a} with type AutoScalingGroupRecommendation is ambiguous.
    This will not be supported by -XDuplicateRecordFields in future releases of GHC.
    |
274 | autoScalingGroupRecommendation_inferredWorkloadTypes = Lens.lens (\AutoScalingGroupRecommendation' {inferredWorkloadTypes} -> inferredWorkloadTypes) (\s@AutoScalingGroupRecommendation' {} a -> s {inferredWorkloadTypes = a} :: AutoScalingGroupRecommendation) Prelude.. Lens.mapping Lens.coerced
    |                                                                                                                                                                                                     ^^^^^^^^^^^^^^^^^^^^^^^^^
[ 94 of 121] Compiling Amazonka.ComputeOptimizer.Types.VolumeConfiguration
[ 95 of 121] Compiling Amazonka.ComputeOptimizer.Types.VolumeRecommendationOption
[ 96 of 121] Compiling Amazonka.ComputeOptimizer.Types.VolumeRecommendation
[ 97 of 121] Compiling Amazonka.ComputeOptimizer.Types
[ 98 of 121] Compiling Amazonka.ComputeOptimizer.PutRecommendationPreferences

gen/Amazonka/ComputeOptimizer/PutRecommendationPreferences.hs:224:215: warning: [GHC-02256] [-Wambiguous-fields]
    The record update s {enhancedInfrastructureMetrics = a} with type PutRecommendationPreferences is ambiguous.
    This will not be supported by -XDuplicateRecordFields in future releases of GHC.
    |
224 | putRecommendationPreferences_enhancedInfrastructureMetrics = Lens.lens (\PutRecommendationPreferences' {enhancedInfrastructureMetrics} -> enhancedInfrastructureMetrics) (\s@PutRecommendationPreferences' {} a -> s {enhancedInfrastructureMetrics = a} :: PutRecommendationPreferences)
    |                                                                                                                                                                                                                       ^^^^^^^^^^^^^^^^^^^^^^^^^^^^^^^^^

gen/Amazonka/ComputeOptimizer/PutRecommendationPreferences.hs:239:203: warning: [GHC-02256] [-Wambiguous-fields]
    The record update s {externalMetricsPreference = a} with type PutRecommendationPreferences is ambiguous.
    This will not be supported by -XDuplicateRecordFields in future releases of GHC.
    |
239 | putRecommendationPreferences_externalMetricsPreference = Lens.lens (\PutRecommendationPreferences' {externalMetricsPreference} -> externalMetricsPreference) (\s@PutRecommendationPreferences' {} a -> s {externalMetricsPreference = a} :: PutRecommendationPreferences)
    |                                                                                                                                                                                                           ^^^^^^^^^^^^^^^^^^^^^^^^^^^^^

gen/Amazonka/ComputeOptimizer/PutRecommendationPreferences.hs:254:191: warning: [GHC-02256] [-Wambiguous-fields]
    The record update s {inferredWorkloadTypes = a} with type PutRecommendationPreferences is ambiguous.
    This will not be supported by -XDuplicateRecordFields in future releases of GHC.
    |
254 | putRecommendationPreferences_inferredWorkloadTypes = Lens.lens (\PutRecommendationPreferences' {inferredWorkloadTypes} -> inferredWorkloadTypes) (\s@PutRecommendationPreferences' {} a -> s {inferredWorkloadTypes = a} :: PutRecommendationPreferences)
    |                                                                                                                                                                                               ^^^^^^^^^^^^^^^^^^^^^^^^^

gen/Amazonka/ComputeOptimizer/PutRecommendationPreferences.hs:276:143: warning: [GHC-02256] [-Wambiguous-fields]
    The record update s {scope = a} with type PutRecommendationPreferences is ambiguous.
    This will not be supported by -XDuplicateRecordFields in future releases of GHC.
    |
276 | putRecommendationPreferences_scope = Lens.lens (\PutRecommendationPreferences' {scope} -> scope) (\s@PutRecommendationPreferences' {} a -> s {scope = a} :: PutRecommendationPreferences)
    |                                                                                                                                               ^^^^^^^^^

gen/Amazonka/ComputeOptimizer/PutRecommendationPreferences.hs:287:164: warning: [GHC-02256] [-Wambiguous-fields]
    The record update s {resourceType = a} with type PutRecommendationPreferences is ambiguous.
    This will not be supported by -XDuplicateRecordFields in future releases of GHC.
    |
287 | putRecommendationPreferences_resourceType = Lens.lens (\PutRecommendationPreferences' {resourceType} -> resourceType) (\s@PutRecommendationPreferences' {} a -> s {resourceType = a} :: PutRecommendationPreferences)
    |                                                                                                                                                                    ^^^^^^^^^^^^^^^^
[ 99 of 121] Compiling Amazonka.ComputeOptimizer.GetRecommendationSummaries

gen/Amazonka/ComputeOptimizer/GetRecommendationSummaries.hs:149:149: warning: [GHC-02256] [-Wambiguous-fields]
    The record update s {nextToken = a} with type GetRecommendationSummaries is ambiguous.
    This will not be supported by -XDuplicateRecordFields in future releases of GHC.
    |
149 | getRecommendationSummaries_nextToken = Lens.lens (\GetRecommendationSummaries' {nextToken} -> nextToken) (\s@GetRecommendationSummaries' {} a -> s {nextToken = a} :: GetRecommendationSummaries)
    |                                                                                                                                                     ^^^^^^^^^^^^^

gen/Amazonka/ComputeOptimizer/GetRecommendationSummaries.hs:286:173: warning: [GHC-02256] [-Wambiguous-fields]
    The record update s {nextToken = a} with type GetRecommendationSummariesResponse is ambiguous.
    This will not be supported by -XDuplicateRecordFields in future releases of GHC.
    |
286 | getRecommendationSummariesResponse_nextToken = Lens.lens (\GetRecommendationSummariesResponse' {nextToken} -> nextToken) (\s@GetRecommendationSummariesResponse' {} a -> s {nextToken = a} :: GetRecommendationSummariesResponse)
    |                                                                                                                                                                             ^^^^^^^^^^^^^
[100 of 121] Compiling Amazonka.ComputeOptimizer.GetRecommendationPreferences

gen/Amazonka/ComputeOptimizer/GetRecommendationPreferences.hs:155:155: warning: [GHC-02256] [-Wambiguous-fields]
    The record update s {nextToken = a} with type GetRecommendationPreferences is ambiguous.
    This will not be supported by -XDuplicateRecordFields in future releases of GHC.
    |
155 | getRecommendationPreferences_nextToken = Lens.lens (\GetRecommendationPreferences' {nextToken} -> nextToken) (\s@GetRecommendationPreferences' {} a -> s {nextToken = a} :: GetRecommendationPreferences)
    |                                                                                                                                                           ^^^^^^^^^^^^^

gen/Amazonka/ComputeOptimizer/GetRecommendationPreferences.hs:166:143: warning: [GHC-02256] [-Wambiguous-fields]
    The record update s {scope = a} with type GetRecommendationPreferences is ambiguous.
    This will not be supported by -XDuplicateRecordFields in future releases of GHC.
    |
166 | getRecommendationPreferences_scope = Lens.lens (\GetRecommendationPreferences' {scope} -> scope) (\s@GetRecommendationPreferences' {} a -> s {scope = a} :: GetRecommendationPreferences)
    |                                                                                                                                               ^^^^^^^^^

gen/Amazonka/ComputeOptimizer/GetRecommendationPreferences.hs:178:164: warning: [GHC-02256] [-Wambiguous-fields]
    The record update s {resourceType = a} with type GetRecommendationPreferences is ambiguous.
    This will not be supported by -XDuplicateRecordFields in future releases of GHC.
    |
178 | getRecommendationPreferences_resourceType = Lens.lens (\GetRecommendationPreferences' {resourceType} -> resourceType) (\s@GetRecommendationPreferences' {} a -> s {resourceType = a} :: GetRecommendationPreferences)
    |                                                                                                                                                                    ^^^^^^^^^^^^^^^^

gen/Amazonka/ComputeOptimizer/GetRecommendationPreferences.hs:321:179: warning: [GHC-02256] [-Wambiguous-fields]
    The record update s {nextToken = a} with type GetRecommendationPreferencesResponse is ambiguous.
    This will not be supported by -XDuplicateRecordFields in future releases of GHC.
    |
321 | getRecommendationPreferencesResponse_nextToken = Lens.lens (\GetRecommendationPreferencesResponse' {nextToken} -> nextToken) (\s@GetRecommendationPreferencesResponse' {} a -> s {nextToken = a} :: GetRecommendationPreferencesResponse)
    |                                                                                                                                                                                   ^^^^^^^^^^^^^
[101 of 121] Compiling Amazonka.ComputeOptimizer.GetLambdaFunctionRecommendations

gen/Amazonka/ComputeOptimizer/GetLambdaFunctionRecommendations.hs:190:167: warning: [GHC-02256] [-Wambiguous-fields]
    The record update s {nextToken = a} with type GetLambdaFunctionRecommendations is ambiguous.
    This will not be supported by -XDuplicateRecordFields in future releases of GHC.
    |
190 | getLambdaFunctionRecommendations_nextToken = Lens.lens (\GetLambdaFunctionRecommendations' {nextToken} -> nextToken) (\s@GetLambdaFunctionRecommendations' {} a -> s {nextToken = a} :: GetLambdaFunctionRecommendations)
    |                                                                                                                                                                       ^^^^^^^^^^^^^

gen/Amazonka/ComputeOptimizer/GetLambdaFunctionRecommendations.hs:357:191: warning: [GHC-02256] [-Wambiguous-fields]
    The record update s {nextToken = a} with type GetLambdaFunctionRecommendationsResponse is ambiguous.
    This will not be supported by -XDuplicateRecordFields in future releases of GHC.
    |
357 | getLambdaFunctionRecommendationsResponse_nextToken = Lens.lens (\GetLambdaFunctionRecommendationsResponse' {nextToken} -> nextToken) (\s@GetLambdaFunctionRecommendationsResponse' {} a -> s {nextToken = a} :: GetLambdaFunctionRecommendationsResponse)
    |                                                                                                                                                                                               ^^^^^^^^^^^^^
[102 of 121] Compiling Amazonka.ComputeOptimizer.GetEnrollmentStatusesForOrganization

gen/Amazonka/ComputeOptimizer/GetEnrollmentStatusesForOrganization.hs:121:179: warning: [GHC-02256] [-Wambiguous-fields]
    The record update s {nextToken = a} with type GetEnrollmentStatusesForOrganization is ambiguous.
    This will not be supported by -XDuplicateRecordFields in future releases of GHC.
    |
121 | getEnrollmentStatusesForOrganization_nextToken = Lens.lens (\GetEnrollmentStatusesForOrganization' {nextToken} -> nextToken) (\s@GetEnrollmentStatusesForOrganization' {} a -> s {nextToken = a} :: GetEnrollmentStatusesForOrganization)
    |                                                                                                                                                                                   ^^^^^^^^^^^^^

gen/Amazonka/ComputeOptimizer/GetEnrollmentStatusesForOrganization.hs:291:203: warning: [GHC-02256] [-Wambiguous-fields]
    The record update s {nextToken = a} with type GetEnrollmentStatusesForOrganizationResponse is ambiguous.
    This will not be supported by -XDuplicateRecordFields in future releases of GHC.
    |
291 | getEnrollmentStatusesForOrganizationResponse_nextToken = Lens.lens (\GetEnrollmentStatusesForOrganizationResponse' {nextToken} -> nextToken) (\s@GetEnrollmentStatusesForOrganizationResponse' {} a -> s {nextToken = a} :: GetEnrollmentStatusesForOrganizationResponse)
    |                                                                                                                                                                                                           ^^^^^^^^^^^^^
[103 of 121] Compiling Amazonka.ComputeOptimizer.GetEnrollmentStatus

gen/Amazonka/ComputeOptimizer/GetEnrollmentStatus.hs:190:185: warning: [GHC-02256] [-Wambiguous-fields]
    The record update s {lastUpdatedTimestamp = a} with type GetEnrollmentStatusResponse is ambiguous.
    This will not be supported by -XDuplicateRecordFields in future releases of GHC.
    |
190 | getEnrollmentStatusResponse_lastUpdatedTimestamp = Lens.lens (\GetEnrollmentStatusResponse' {lastUpdatedTimestamp} -> lastUpdatedTimestamp) (\s@GetEnrollmentStatusResponse' {} a -> s {lastUpdatedTimestamp = a} :: GetEnrollmentStatusResponse) Prelude.. Lens.mapping Data._Time
    |                                                                                                                                                                                         ^^^^^^^^^^^^^^^^^^^^^^^^

gen/Amazonka/ComputeOptimizer/GetEnrollmentStatus.hs:204:143: warning: [GHC-02256] [-Wambiguous-fields]
    The record update s {status = a} with type GetEnrollmentStatusResponse is ambiguous.
    This will not be supported by -XDuplicateRecordFields in future releases of GHC.
    |
204 | getEnrollmentStatusResponse_status = Lens.lens (\GetEnrollmentStatusResponse' {status} -> status) (\s@GetEnrollmentStatusResponse' {} a -> s {status = a} :: GetEnrollmentStatusResponse)
    |                                                                                                                                               ^^^^^^^^^^

gen/Amazonka/ComputeOptimizer/GetEnrollmentStatus.hs:212:161: warning: [GHC-02256] [-Wambiguous-fields]
    The record update s {statusReason = a} with type GetEnrollmentStatusResponse is ambiguous.
    This will not be supported by -XDuplicateRecordFields in future releases of GHC.
    |
212 | getEnrollmentStatusResponse_statusReason = Lens.lens (\GetEnrollmentStatusResponse' {statusReason} -> statusReason) (\s@GetEnrollmentStatusResponse' {} a -> s {statusReason = a} :: GetEnrollmentStatusResponse)
    |                                                                                                                                                                 ^^^^^^^^^^^^^^^^
[104 of 121] Compiling Amazonka.ComputeOptimizer.GetEffectiveRecommendationPreferences

gen/Amazonka/ComputeOptimizer/GetEffectiveRecommendationPreferences.hs:285:266: warning: [GHC-02256] [-Wambiguous-fields]
    The record update s {enhancedInfrastructureMetrics = a} with type GetEffectiveRecommendationPreferencesResponse is ambiguous.
    This will not be supported by -XDuplicateRecordFields in future releases of GHC.
    |
285 | getEffectiveRecommendationPreferencesResponse_enhancedInfrastructureMetrics = Lens.lens (\GetEffectiveRecommendationPreferencesResponse' {enhancedInfrastructureMetrics} -> enhancedInfrastructureMetrics) (\s@GetEffectiveRecommendationPreferencesResponse' {} a -> s {enhancedInfrastructureMetrics = a} :: GetEffectiveRecommendationPreferencesResponse)
    |                                                                                                                                                                                                                                                                          ^^^^^^^^^^^^^^^^^^^^^^^^^^^^^^^^^

gen/Amazonka/ComputeOptimizer/GetEffectiveRecommendationPreferences.hs:304:254: warning: [GHC-02256] [-Wambiguous-fields]
    The record update s {externalMetricsPreference = a} with type GetEffectiveRecommendationPreferencesResponse is ambiguous.
    This will not be supported by -XDuplicateRecordFields in future releases of GHC.
    |
304 | getEffectiveRecommendationPreferencesResponse_externalMetricsPreference = Lens.lens (\GetEffectiveRecommendationPreferencesResponse' {externalMetricsPreference} -> externalMetricsPreference) (\s@GetEffectiveRecommendationPreferencesResponse' {} a -> s {externalMetricsPreference = a} :: GetEffectiveRecommendationPreferencesResponse)
    |                                                                                                                                                                                                                                                              ^^^^^^^^^^^^^^^^^^^^^^^^^^^^^
[105 of 121] Compiling Amazonka.ComputeOptimizer.GetECSServiceRecommendations

gen/Amazonka/ComputeOptimizer/GetECSServiceRecommendations.hs:164:155: warning: [GHC-02256] [-Wambiguous-fields]
    The record update s {nextToken = a} with type GetECSServiceRecommendations is ambiguous.
    This will not be supported by -XDuplicateRecordFields in future releases of GHC.
    |
164 | getECSServiceRecommendations_nextToken = Lens.lens (\GetECSServiceRecommendations' {nextToken} -> nextToken) (\s@GetECSServiceRecommendations' {} a -> s {nextToken = a} :: GetECSServiceRecommendations)
    |                                                                                                                                                           ^^^^^^^^^^^^^

gen/Amazonka/ComputeOptimizer/GetECSServiceRecommendations.hs:297:179: warning: [GHC-02256] [-Wambiguous-fields]
    The record update s {nextToken = a} with type GetECSServiceRecommendationsResponse is ambiguous.
    This will not be supported by -XDuplicateRecordFields in future releases of GHC.
    |
297 | getECSServiceRecommendationsResponse_nextToken = Lens.lens (\GetECSServiceRecommendationsResponse' {nextToken} -> nextToken) (\s@GetECSServiceRecommendationsResponse' {} a -> s {nextToken = a} :: GetECSServiceRecommendationsResponse)
    |                                                                                                                                                                                   ^^^^^^^^^^^^^
[106 of 121] Compiling Amazonka.ComputeOptimizer.GetECSServiceRecommendationProjectedMetrics

gen/Amazonka/ComputeOptimizer/GetECSServiceRecommendationProjectedMetrics.hs:130:203: warning: [GHC-02256] [-Wambiguous-fields]
    The record update s {serviceArn = a} with type GetECSServiceRecommendationProjectedMetrics is ambiguous.
    This will not be supported by -XDuplicateRecordFields in future releases of GHC.
    |
130 | getECSServiceRecommendationProjectedMetrics_serviceArn = Lens.lens (\GetECSServiceRecommendationProjectedMetrics' {serviceArn} -> serviceArn) (\s@GetECSServiceRecommendationProjectedMetrics' {} a -> s {serviceArn = a} :: GetECSServiceRecommendationProjectedMetrics)
    |                                                                                                                                                                                                           ^^^^^^^^^^^^^^
[107 of 121] Compiling Amazonka.ComputeOptimizer.GetEC2RecommendationProjectedMetrics

gen/Amazonka/ComputeOptimizer/GetEC2RecommendationProjectedMetrics.hs:139:185: warning: [GHC-02256] [-Wambiguous-fields]
    The record update s {instanceArn = a} with type GetEC2RecommendationProjectedMetrics is ambiguous.
    This will not be supported by -XDuplicateRecordFields in future releases of GHC.
    |
139 | getEC2RecommendationProjectedMetrics_instanceArn = Lens.lens (\GetEC2RecommendationProjectedMetrics' {instanceArn} -> instanceArn) (\s@GetEC2RecommendationProjectedMetrics' {} a -> s {instanceArn = a} :: GetEC2RecommendationProjectedMetrics)
    |                                                                                                                                                                                         ^^^^^^^^^^^^^^^
[108 of 121] Compiling Amazonka.ComputeOptimizer.GetEC2InstanceRecommendations

gen/Amazonka/ComputeOptimizer/GetEC2InstanceRecommendations.hs:171:158: warning: [GHC-02256] [-Wambiguous-fields]
    The record update s {nextToken = a} with type GetEC2InstanceRecommendations is ambiguous.
    This will not be supported by -XDuplicateRecordFields in future releases of GHC.
    |
171 | getEC2InstanceRecommendations_nextToken = Lens.lens (\GetEC2InstanceRecommendations' {nextToken} -> nextToken) (\s@GetEC2InstanceRecommendations' {} a -> s {nextToken = a} :: GetEC2InstanceRecommendations)
    |                                                                                                                                                              ^^^^^^^^^^^^^

gen/Amazonka/ComputeOptimizer/GetEC2InstanceRecommendations.hs:330:182: warning: [GHC-02256] [-Wambiguous-fields]
    The record update s {nextToken = a} with type GetEC2InstanceRecommendationsResponse is ambiguous.
    This will not be supported by -XDuplicateRecordFields in future releases of GHC.
    |
330 | getEC2InstanceRecommendationsResponse_nextToken = Lens.lens (\GetEC2InstanceRecommendationsResponse' {nextToken} -> nextToken) (\s@GetEC2InstanceRecommendationsResponse' {} a -> s {nextToken = a} :: GetEC2InstanceRecommendationsResponse)
    |                                                                                                                                                                                      ^^^^^^^^^^^^^
[109 of 121] Compiling Amazonka.ComputeOptimizer.GetEBSVolumeRecommendations

gen/Amazonka/ComputeOptimizer/GetEBSVolumeRecommendations.hs:157:152: warning: [GHC-02256] [-Wambiguous-fields]
    The record update s {nextToken = a} with type GetEBSVolumeRecommendations is ambiguous.
    This will not be supported by -XDuplicateRecordFields in future releases of GHC.
    |
157 | getEBSVolumeRecommendations_nextToken = Lens.lens (\GetEBSVolumeRecommendations' {nextToken} -> nextToken) (\s@GetEBSVolumeRecommendations' {} a -> s {nextToken = a} :: GetEBSVolumeRecommendations)
    |                                                                                                                                                        ^^^^^^^^^^^^^

gen/Amazonka/ComputeOptimizer/GetEBSVolumeRecommendations.hs:299:176: warning: [GHC-02256] [-Wambiguous-fields]
    The record update s {nextToken = a} with type GetEBSVolumeRecommendationsResponse is ambiguous.
    This will not be supported by -XDuplicateRecordFields in future releases of GHC.
    |
299 | getEBSVolumeRecommendationsResponse_nextToken = Lens.lens (\GetEBSVolumeRecommendationsResponse' {nextToken} -> nextToken) (\s@GetEBSVolumeRecommendationsResponse' {} a -> s {nextToken = a} :: GetEBSVolumeRecommendationsResponse)
    |                                                                                                                                                                                ^^^^^^^^^^^^^
[110 of 121] Compiling Amazonka.ComputeOptimizer.GetAutoScalingGroupRecommendations

gen/Amazonka/ComputeOptimizer/GetAutoScalingGroupRecommendations.hs:175:173: warning: [GHC-02256] [-Wambiguous-fields]
    The record update s {nextToken = a} with type GetAutoScalingGroupRecommendations is ambiguous.
    This will not be supported by -XDuplicateRecordFields in future releases of GHC.
    |
175 | getAutoScalingGroupRecommendations_nextToken = Lens.lens (\GetAutoScalingGroupRecommendations' {nextToken} -> nextToken) (\s@GetAutoScalingGroupRecommendations' {} a -> s {nextToken = a} :: GetAutoScalingGroupRecommendations)
    |                                                                                                                                                                             ^^^^^^^^^^^^^

gen/Amazonka/ComputeOptimizer/GetAutoScalingGroupRecommendations.hs:352:197: warning: [GHC-02256] [-Wambiguous-fields]
    The record update s {nextToken = a} with type GetAutoScalingGroupRecommendationsResponse is ambiguous.
    This will not be supported by -XDuplicateRecordFields in future releases of GHC.
    |
352 | getAutoScalingGroupRecommendationsResponse_nextToken = Lens.lens (\GetAutoScalingGroupRecommendationsResponse' {nextToken} -> nextToken) (\s@GetAutoScalingGroupRecommendationsResponse' {} a -> s {nextToken = a} :: GetAutoScalingGroupRecommendationsResponse)
    |                                                                                                                                                                                                     ^^^^^^^^^^^^^
[111 of 121] Compiling Amazonka.ComputeOptimizer.ExportLambdaFunctionRecommendations

gen/Amazonka/ComputeOptimizer/ExportLambdaFunctionRecommendations.hs:393:188: warning: [GHC-02256] [-Wambiguous-fields]
    The record update s {jobId = a} with type ExportLambdaFunctionRecommendationsResponse is ambiguous.
    This will not be supported by -XDuplicateRecordFields in future releases of GHC.
    |
393 | exportLambdaFunctionRecommendationsResponse_jobId = Lens.lens (\ExportLambdaFunctionRecommendationsResponse' {jobId} -> jobId) (\s@ExportLambdaFunctionRecommendationsResponse' {} a -> s {jobId = a} :: ExportLambdaFunctionRecommendationsResponse)
    |                                                                                                                                                                                            ^^^^^^^^^
[112 of 121] Compiling Amazonka.ComputeOptimizer.ExportECSServiceRecommendations

gen/Amazonka/ComputeOptimizer/ExportECSServiceRecommendations.hs:375:176: warning: [GHC-02256] [-Wambiguous-fields]
    The record update s {jobId = a} with type ExportECSServiceRecommendationsResponse is ambiguous.
    This will not be supported by -XDuplicateRecordFields in future releases of GHC.
    |
375 | exportECSServiceRecommendationsResponse_jobId = Lens.lens (\ExportECSServiceRecommendationsResponse' {jobId} -> jobId) (\s@ExportECSServiceRecommendationsResponse' {} a -> s {jobId = a} :: ExportECSServiceRecommendationsResponse)
    |                                                                                                                                                                                ^^^^^^^^^
[113 of 121] Compiling Amazonka.ComputeOptimizer.ExportEC2InstanceRecommendations

gen/Amazonka/ComputeOptimizer/ExportEC2InstanceRecommendations.hs:434:179: warning: [GHC-02256] [-Wambiguous-fields]
    The record update s {jobId = a} with type ExportEC2InstanceRecommendationsResponse is ambiguous.
    This will not be supported by -XDuplicateRecordFields in future releases of GHC.
    |
434 | exportEC2InstanceRecommendationsResponse_jobId = Lens.lens (\ExportEC2InstanceRecommendationsResponse' {jobId} -> jobId) (\s@ExportEC2InstanceRecommendationsResponse' {} a -> s {jobId = a} :: ExportEC2InstanceRecommendationsResponse)
    |                                                                                                                                                                                   ^^^^^^^^^
[114 of 121] Compiling Amazonka.ComputeOptimizer.ExportEBSVolumeRecommendations

gen/Amazonka/ComputeOptimizer/ExportEBSVolumeRecommendations.hs:381:173: warning: [GHC-02256] [-Wambiguous-fields]
    The record update s {jobId = a} with type ExportEBSVolumeRecommendationsResponse is ambiguous.
    This will not be supported by -XDuplicateRecordFields in future releases of GHC.
    |
381 | exportEBSVolumeRecommendationsResponse_jobId = Lens.lens (\ExportEBSVolumeRecommendationsResponse' {jobId} -> jobId) (\s@ExportEBSVolumeRecommendationsResponse' {} a -> s {jobId = a} :: ExportEBSVolumeRecommendationsResponse)
    |                                                                                                                                                                             ^^^^^^^^^
[115 of 121] Compiling Amazonka.ComputeOptimizer.ExportAutoScalingGroupRecommendations

gen/Amazonka/ComputeOptimizer/ExportAutoScalingGroupRecommendations.hs:452:194: warning: [GHC-02256] [-Wambiguous-fields]
    The record update s {jobId = a} with type ExportAutoScalingGroupRecommendationsResponse is ambiguous.
    This will not be supported by -XDuplicateRecordFields in future releases of GHC.
    |
452 | exportAutoScalingGroupRecommendationsResponse_jobId = Lens.lens (\ExportAutoScalingGroupRecommendationsResponse' {jobId} -> jobId) (\s@ExportAutoScalingGroupRecommendationsResponse' {} a -> s {jobId = a} :: ExportAutoScalingGroupRecommendationsResponse)
    |                                                                                                                                                                                                  ^^^^^^^^^
[116 of 121] Compiling Amazonka.ComputeOptimizer.DescribeRecommendationExportJobs

gen/Amazonka/ComputeOptimizer/DescribeRecommendationExportJobs.hs:147:167: warning: [GHC-02256] [-Wambiguous-fields]
    The record update s {nextToken = a} with type DescribeRecommendationExportJobs is ambiguous.
    This will not be supported by -XDuplicateRecordFields in future releases of GHC.
    |
147 | describeRecommendationExportJobs_nextToken = Lens.lens (\DescribeRecommendationExportJobs' {nextToken} -> nextToken) (\s@DescribeRecommendationExportJobs' {} a -> s {nextToken = a} :: DescribeRecommendationExportJobs)
    |                                                                                                                                                                       ^^^^^^^^^^^^^

gen/Amazonka/ComputeOptimizer/DescribeRecommendationExportJobs.hs:305:191: warning: [GHC-02256] [-Wambiguous-fields]
    The record update s {nextToken = a} with type DescribeRecommendationExportJobsResponse is ambiguous.
    This will not be supported by -XDuplicateRecordFields in future releases of GHC.
    |
305 | describeRecommendationExportJobsResponse_nextToken = Lens.lens (\DescribeRecommendationExportJobsResponse' {nextToken} -> nextToken) (\s@DescribeRecommendationExportJobsResponse' {} a -> s {nextToken = a} :: DescribeRecommendationExportJobsResponse)
    |                                                                                                                                                                                               ^^^^^^^^^^^^^
[117 of 121] Compiling Amazonka.ComputeOptimizer.DeleteRecommendationPreferences

gen/Amazonka/ComputeOptimizer/DeleteRecommendationPreferences.hs:130:152: warning: [GHC-02256] [-Wambiguous-fields]
    The record update s {scope = a} with type DeleteRecommendationPreferences is ambiguous.
    This will not be supported by -XDuplicateRecordFields in future releases of GHC.
    |
130 | deleteRecommendationPreferences_scope = Lens.lens (\DeleteRecommendationPreferences' {scope} -> scope) (\s@DeleteRecommendationPreferences' {} a -> s {scope = a} :: DeleteRecommendationPreferences)
    |                                                                                                                                                        ^^^^^^^^^

gen/Amazonka/ComputeOptimizer/DeleteRecommendationPreferences.hs:141:173: warning: [GHC-02256] [-Wambiguous-fields]
    The record update s {resourceType = a} with type DeleteRecommendationPreferences is ambiguous.
    This will not be supported by -XDuplicateRecordFields in future releases of GHC.
    |
141 | deleteRecommendationPreferences_resourceType = Lens.lens (\DeleteRecommendationPreferences' {resourceType} -> resourceType) (\s@DeleteRecommendationPreferences' {} a -> s {resourceType = a} :: DeleteRecommendationPreferences)
    |                                                                                                                                                                             ^^^^^^^^^^^^^^^^
[118 of 121] Compiling Amazonka.ComputeOptimizer.UpdateEnrollmentStatus

gen/Amazonka/ComputeOptimizer/UpdateEnrollmentStatus.hs:159:128: warning: [GHC-02256] [-Wambiguous-fields]
    The record update s {status = a} with type UpdateEnrollmentStatus is ambiguous.
    This will not be supported by -XDuplicateRecordFields in future releases of GHC.
    |
159 | updateEnrollmentStatus_status = Lens.lens (\UpdateEnrollmentStatus' {status} -> status) (\s@UpdateEnrollmentStatus' {} a -> s {status = a} :: UpdateEnrollmentStatus)
    |                                                                                                                                ^^^^^^^^^^

gen/Amazonka/ComputeOptimizer/UpdateEnrollmentStatus.hs:260:152: warning: [GHC-02256] [-Wambiguous-fields]
    The record update s {status = a} with type UpdateEnrollmentStatusResponse is ambiguous.
    This will not be supported by -XDuplicateRecordFields in future releases of GHC.
    |
260 | updateEnrollmentStatusResponse_status = Lens.lens (\UpdateEnrollmentStatusResponse' {status} -> status) (\s@UpdateEnrollmentStatusResponse' {} a -> s {status = a} :: UpdateEnrollmentStatusResponse)
    |                                                                                                                                                        ^^^^^^^^^^

gen/Amazonka/ComputeOptimizer/UpdateEnrollmentStatus.hs:266:170: warning: [GHC-02256] [-Wambiguous-fields]
    The record update s {statusReason = a} with type UpdateEnrollmentStatusResponse is ambiguous.
    This will not be supported by -XDuplicateRecordFields in future releases of GHC.
    |
266 | updateEnrollmentStatusResponse_statusReason = Lens.lens (\UpdateEnrollmentStatusResponse' {statusReason} -> statusReason) (\s@UpdateEnrollmentStatusResponse' {} a -> s {statusReason = a} :: UpdateEnrollmentStatusResponse)
    |                                                                                                                                                                          ^^^^^^^^^^^^^^^^
[119 of 121] Compiling Amazonka.ComputeOptimizer.Lens
[120 of 121] Compiling Amazonka.ComputeOptimizer.Waiters
[121 of 121] Compiling Amazonka.ComputeOptimizer
Configuring test suite 'amazonka-compute-optimizer-test' for amazonka-compute-optimizer-2.0...
Preprocessing test suite 'amazonka-compute-optimizer-test' for amazonka-compute-optimizer-2.0...
Building test suite 'amazonka-compute-optimizer-test' for amazonka-compute-optimizer-2.0...
[1 of 4] Compiling Test.Amazonka.ComputeOptimizer
[2 of 4] Compiling Test.Amazonka.ComputeOptimizer.Internal
[3 of 4] Compiling Main
[4 of 4] Compiling Test.Amazonka.Gen.ComputeOptimizer
[5 of 5] Linking /tmp/workdir-amazonka-compute-optimizer/amazonka-compute-optimizer-2.0/dist-newstyle/build/x86_64-linux/ghc-9.6.6/amazonka-compute-optimizer-2.0/t/amazonka-compute-optimizer-test/build/amazonka-compute-optimizer-test/amazonka-compute-optimizer-test
