Build profile: -w ghc-9.6.6 -O1
In order, the following will be built (use -v for more details):
 - zlib-0.6.3.0 (lib) (first run)
 - zlib-0.6.3.0 (test:tests) (first run)
Configuring library for zlib-0.6.3.0...
Warning: [no-default-language] Packages using 'cabal-version: >= 1.10' and
before 'cabal-version: 3.4' must specify the 'default-language' field for each
component (e.g. Haskell98 or Haskell2010). If a component uses different
languages in different modules then list the other ones in the
'other-languages' field.
Preprocessing library for zlib-0.6.3.0...
Building library for zlib-0.6.3.0...
[1 of 6] Compiling Codec.Compression.Zlib.ByteStringCompat
[2 of 6] Compiling Codec.Compression.Zlib.Stream
[3 of 6] Compiling Codec.Compression.Zlib.Internal

Codec/Compression/Zlib/Internal.hs:929:17: warning: [GHC-62161] [-Wincomplete-uni-patterns]
    Pattern match(es) are non-exhaustive
    In a pattern binding:
        Patterns of type ‘(DecompressStream Stream,
                           Stream.State s)’ not matched:
            ((DecompressOutputAvailable _ _), _)
            ((DecompressStreamEnd _), _)
            ((DecompressStreamError _), _)
    |
929 |             let (DecompressInputRequired next, zstate') = x
    |                 ^^^^^^^^^^^^^^^^^^^^^^^^^^^^^^^^^^^^^^^^^^^
[4 of 6] Compiling Codec.Compression.Zlib.Raw
[5 of 6] Compiling Codec.Compression.Zlib
[6 of 6] Compiling Codec.Compression.GZip
Configuring test suite 'tests' for zlib-0.6.3.0...
Warning: [no-default-language] Packages using 'cabal-version: >= 1.10' and
before 'cabal-version: 3.4' must specify the 'default-language' field for each
component (e.g. Haskell98 or Haskell2010). If a component uses different
languages in different modules then list the other ones in the
'other-languages' field.
Preprocessing test suite 'tests' for zlib-0.6.3.0...
Building test suite 'tests' for zlib-0.6.3.0...
[1 of 4] Compiling Test.Codec.Compression.Zlib.Stream
[2 of 4] Compiling Test.Codec.Compression.Zlib.Internal
[3 of 4] Compiling Utils
[4 of 4] Compiling Main
[5 of 5] Linking /tmp/workdir-zlib/zlib-0.6.3.0/dist-newstyle/build/x86_64-linux/ghc-9.6.6/zlib-0.6.3.0/t/tests/build/tests/tests
