Build profile: -w ghc-9.6.6 -O1
In order, the following will be built (use -v for more details):
 - polynomials-bernstein-1.1.2 (lib:polynomials-bernstein) (first run)
Warning: polynomials-bernstein.cabal:5:1: Tabs used as indentation at 5:1,
6:1, 7:1
Configuring polynomials-bernstein-1.1.2...
Preprocessing library for polynomials-bernstein-1.1.2...
Building library for polynomials-bernstein-1.1.2...
[1 of 2] Compiling Algebra.Polynomials.Numerical

Algebra/Polynomials/Numerical.hs:165:10: warning: [GHC-06201] [-Wmissing-methods]
    • No explicit implementation for
        ‘exp’, ‘log’, ‘atan’, ‘sinh’, ‘cosh’, ‘asinh’, ‘acosh’, and ‘atanh’
    • In the instance declaration for ‘Floating Interval’
    |
165 | instance Floating Interval where
    |          ^^^^^^^^^^^^^^^^^

Algebra/Polynomials/Numerical.hs:262:1: warning: [-Wunused-top-binds]
    Defined but not used: ‘!#’
    |
262 | (!#) a b=
    | ^^^^
[2 of 2] Compiling Algebra.Polynomials.Bernstein

Algebra/Polynomials/Bernstein.lhs:833:10: warning: [-Wunused-local-binds]
    Defined but not used: ‘allz’
    |
833 |         (allz,a',b')=convexHull 1 1 n0 restr a b
    |          ^^^^

Algebra/Polynomials/Bernstein.lhs:855:10: warning: [-Wunused-local-binds]
    Defined but not used: ‘allz0’
    |
855 |         (allz0,a',b')
    |          ^^^^^

Algebra/Polynomials/Bernstein.lhs:858:10: warning: [-Wunused-local-binds]
    Defined but not used: ‘allz1’
    |
858 |         (allz1,c',d')
    |          ^^^^^

Algebra/Polynomials/Bernstein.lhs:892:10: warning: [-Wunused-local-binds]
    Defined but not used: ‘allz0’
    |
892 |         (allz0,a',b')
    |          ^^^^^

Algebra/Polynomials/Bernstein.lhs:895:10: warning: [-Wunused-local-binds]
    Defined but not used: ‘allz1’
    |
895 |         (allz1,c',d')
    |          ^^^^^

Algebra/Polynomials/Bernstein.lhs:898:10: warning: [-Wunused-local-binds]
    Defined but not used: ‘allz2’
    |
898 |         (allz2,e',f')
    |          ^^^^^

Algebra/Polynomials/Bernstein.lhs:940:10: warning: [-Wunused-local-binds]
    Defined but not used: ‘allz0’
    |
940 |         (allz0,a',b')
    |          ^^^^^

Algebra/Polynomials/Bernstein.lhs:943:10: warning: [-Wunused-local-binds]
    Defined but not used: ‘allz1’
    |
943 |         (allz1,c',d')
    |          ^^^^^

Algebra/Polynomials/Bernstein.lhs:946:10: warning: [-Wunused-local-binds]
    Defined but not used: ‘allz2’
    |
946 |         (allz2,e',f')
    |          ^^^^^

Algebra/Polynomials/Bernstein.lhs:949:10: warning: [-Wunused-local-binds]
    Defined but not used: ‘allz3’
    |
949 |         (allz3,g',h')
    |          ^^^^^
