Build profile: -w ghc-9.6.6 -O1
In order, the following will be built (use -v for more details):
 - amazonka-redshift-serverless-2.0 (lib) (first run)
 - amazonka-redshift-serverless-2.0 (test:amazonka-redshift-serverless-test) (first run)
Configuring library for amazonka-redshift-serverless-2.0...
Preprocessing library for amazonka-redshift-serverless-2.0...
Building library for amazonka-redshift-serverless-2.0...
[ 1 of 65] Compiling Amazonka.RedshiftServerLess.Types.ConfigParameter
[ 2 of 65] Compiling Amazonka.RedshiftServerLess.Types.LogExport
[ 3 of 65] Compiling Amazonka.RedshiftServerLess.Types.NamespaceStatus
[ 4 of 65] Compiling Amazonka.RedshiftServerLess.Types.Namespace
[ 5 of 65] Compiling Amazonka.RedshiftServerLess.Types.NetworkInterface
[ 6 of 65] Compiling Amazonka.RedshiftServerLess.Types.RecoveryPoint
[ 7 of 65] Compiling Amazonka.RedshiftServerLess.Types.ResourcePolicy
[ 8 of 65] Compiling Amazonka.RedshiftServerLess.Types.SnapshotStatus
[ 9 of 65] Compiling Amazonka.RedshiftServerLess.Types.Snapshot
[10 of 65] Compiling Amazonka.RedshiftServerLess.Types.TableRestoreStatus
[11 of 65] Compiling Amazonka.RedshiftServerLess.Types.Tag
[12 of 65] Compiling Amazonka.RedshiftServerLess.Types.UsageLimitBreachAction
[13 of 65] Compiling Amazonka.RedshiftServerLess.Types.UsageLimitPeriod
[14 of 65] Compiling Amazonka.RedshiftServerLess.Types.UsageLimitUsageType
[15 of 65] Compiling Amazonka.RedshiftServerLess.Types.UsageLimit
[16 of 65] Compiling Amazonka.RedshiftServerLess.Types.VpcEndpoint
[17 of 65] Compiling Amazonka.RedshiftServerLess.Types.Endpoint
[18 of 65] Compiling Amazonka.RedshiftServerLess.Types.VpcSecurityGroupMembership
[19 of 65] Compiling Amazonka.RedshiftServerLess.Types.EndpointAccess
[20 of 65] Compiling Amazonka.RedshiftServerLess.Types.WorkgroupStatus
[21 of 65] Compiling Amazonka.RedshiftServerLess.Types.Workgroup

gen/Amazonka/RedshiftServerLess/Types/Workgroup.hs:166:83: warning: [GHC-02256] [-Wambiguous-fields]
    The record update s {port = a} with type Workgroup is ambiguous.
    This will not be supported by -XDuplicateRecordFields in future releases of GHC.
    |
166 | workgroup_port = Lens.lens (\Workgroup' {port} -> port) (\s@Workgroup' {} a -> s {port = a} :: Workgroup)
    |                                                                                   ^^^^^^^^
[22 of 65] Compiling Amazonka.RedshiftServerLess.Types
[23 of 65] Compiling Amazonka.RedshiftServerLess.TagResource

gen/Amazonka/RedshiftServerLess/TagResource.hs:82:110: warning: [GHC-02256] [-Wambiguous-fields]
    The record update s {resourceArn = a} with type TagResource is ambiguous.
    This will not be supported by -XDuplicateRecordFields in future releases of GHC.
   |
82 | tagResource_resourceArn = Lens.lens (\TagResource' {resourceArn} -> resourceArn) (\s@TagResource' {} a -> s {resourceArn = a} :: TagResource)
   |                                                                                                              ^^^^^^^^^^^^^^^
[24 of 65] Compiling Amazonka.RedshiftServerLess.RestoreTableFromSnapshot

gen/Amazonka/RedshiftServerLess/RestoreTableFromSnapshot.hs:159:164: warning: [GHC-02256] [-Wambiguous-fields]
    The record update s {sourceSchemaName = a} with type RestoreTableFromSnapshot is ambiguous.
    This will not be supported by -XDuplicateRecordFields in future releases of GHC.
    |
159 | restoreTableFromSnapshot_sourceSchemaName = Lens.lens (\RestoreTableFromSnapshot' {sourceSchemaName} -> sourceSchemaName) (\s@RestoreTableFromSnapshot' {} a -> s {sourceSchemaName = a} :: RestoreTableFromSnapshot)
    |                                                                                                                                                                    ^^^^^^^^^^^^^^^^^^^^

gen/Amazonka/RedshiftServerLess/RestoreTableFromSnapshot.hs:163:170: warning: [GHC-02256] [-Wambiguous-fields]
    The record update s {targetDatabaseName = a} with type RestoreTableFromSnapshot is ambiguous.
    This will not be supported by -XDuplicateRecordFields in future releases of GHC.
    |
163 | restoreTableFromSnapshot_targetDatabaseName = Lens.lens (\RestoreTableFromSnapshot' {targetDatabaseName} -> targetDatabaseName) (\s@RestoreTableFromSnapshot' {} a -> s {targetDatabaseName = a} :: RestoreTableFromSnapshot)
    |                                                                                                                                                                          ^^^^^^^^^^^^^^^^^^^^^^

gen/Amazonka/RedshiftServerLess/RestoreTableFromSnapshot.hs:167:164: warning: [GHC-02256] [-Wambiguous-fields]
    The record update s {targetSchemaName = a} with type RestoreTableFromSnapshot is ambiguous.
    This will not be supported by -XDuplicateRecordFields in future releases of GHC.
    |
167 | restoreTableFromSnapshot_targetSchemaName = Lens.lens (\RestoreTableFromSnapshot' {targetSchemaName} -> targetSchemaName) (\s@RestoreTableFromSnapshot' {} a -> s {targetSchemaName = a} :: RestoreTableFromSnapshot)
    |                                                                                                                                                                    ^^^^^^^^^^^^^^^^^^^^

gen/Amazonka/RedshiftServerLess/RestoreTableFromSnapshot.hs:171:155: warning: [GHC-02256] [-Wambiguous-fields]
    The record update s {namespaceName = a} with type RestoreTableFromSnapshot is ambiguous.
    This will not be supported by -XDuplicateRecordFields in future releases of GHC.
    |
171 | restoreTableFromSnapshot_namespaceName = Lens.lens (\RestoreTableFromSnapshot' {namespaceName} -> namespaceName) (\s@RestoreTableFromSnapshot' {} a -> s {namespaceName = a} :: RestoreTableFromSnapshot)
    |                                                                                                                                                           ^^^^^^^^^^^^^^^^^

gen/Amazonka/RedshiftServerLess/RestoreTableFromSnapshot.hs:175:154: warning: [GHC-02256] [-Wambiguous-fields]
    The record update s {newTableName' = a} with type RestoreTableFromSnapshot is ambiguous.
    This will not be supported by -XDuplicateRecordFields in future releases of GHC.
    |
175 | restoreTableFromSnapshot_newTableName = Lens.lens (\RestoreTableFromSnapshot' {newTableName'} -> newTableName') (\s@RestoreTableFromSnapshot' {} a -> s {newTableName' = a} :: RestoreTableFromSnapshot)
    |                                                                                                                                                          ^^^^^^^^^^^^^^^^^

gen/Amazonka/RedshiftServerLess/RestoreTableFromSnapshot.hs:179:152: warning: [GHC-02256] [-Wambiguous-fields]
    The record update s {snapshotName = a} with type RestoreTableFromSnapshot is ambiguous.
    This will not be supported by -XDuplicateRecordFields in future releases of GHC.
    |
179 | restoreTableFromSnapshot_snapshotName = Lens.lens (\RestoreTableFromSnapshot' {snapshotName} -> snapshotName) (\s@RestoreTableFromSnapshot' {} a -> s {snapshotName = a} :: RestoreTableFromSnapshot)
    |                                                                                                                                                        ^^^^^^^^^^^^^^^^

gen/Amazonka/RedshiftServerLess/RestoreTableFromSnapshot.hs:183:170: warning: [GHC-02256] [-Wambiguous-fields]
    The record update s {sourceDatabaseName = a} with type RestoreTableFromSnapshot is ambiguous.
    This will not be supported by -XDuplicateRecordFields in future releases of GHC.
    |
183 | restoreTableFromSnapshot_sourceDatabaseName = Lens.lens (\RestoreTableFromSnapshot' {sourceDatabaseName} -> sourceDatabaseName) (\s@RestoreTableFromSnapshot' {} a -> s {sourceDatabaseName = a} :: RestoreTableFromSnapshot)
    |                                                                                                                                                                          ^^^^^^^^^^^^^^^^^^^^^^

gen/Amazonka/RedshiftServerLess/RestoreTableFromSnapshot.hs:187:161: warning: [GHC-02256] [-Wambiguous-fields]
    The record update s {sourceTableName = a} with type RestoreTableFromSnapshot is ambiguous.
    This will not be supported by -XDuplicateRecordFields in future releases of GHC.
    |
187 | restoreTableFromSnapshot_sourceTableName = Lens.lens (\RestoreTableFromSnapshot' {sourceTableName} -> sourceTableName) (\s@RestoreTableFromSnapshot' {} a -> s {sourceTableName = a} :: RestoreTableFromSnapshot)
    |                                                                                                                                                                 ^^^^^^^^^^^^^^^^^^^

gen/Amazonka/RedshiftServerLess/RestoreTableFromSnapshot.hs:191:155: warning: [GHC-02256] [-Wambiguous-fields]
    The record update s {workgroupName = a} with type RestoreTableFromSnapshot is ambiguous.
    This will not be supported by -XDuplicateRecordFields in future releases of GHC.
    |
191 | restoreTableFromSnapshot_workgroupName = Lens.lens (\RestoreTableFromSnapshot' {workgroupName} -> workgroupName) (\s@RestoreTableFromSnapshot' {} a -> s {workgroupName = a} :: RestoreTableFromSnapshot)
    |                                                                                                                                                           ^^^^^^^^^^^^^^^^^
[25 of 65] Compiling Amazonka.RedshiftServerLess.RestoreFromSnapshot

gen/Amazonka/RedshiftServerLess/RestoreFromSnapshot.hs:120:137: warning: [GHC-02256] [-Wambiguous-fields]
    The record update s {ownerAccount = a} with type RestoreFromSnapshot is ambiguous.
    This will not be supported by -XDuplicateRecordFields in future releases of GHC.
    |
120 | restoreFromSnapshot_ownerAccount = Lens.lens (\RestoreFromSnapshot' {ownerAccount} -> ownerAccount) (\s@RestoreFromSnapshot' {} a -> s {ownerAccount = a} :: RestoreFromSnapshot)
    |                                                                                                                                         ^^^^^^^^^^^^^^^^

gen/Amazonka/RedshiftServerLess/RestoreFromSnapshot.hs:129:134: warning: [GHC-02256] [-Wambiguous-fields]
    The record update s {snapshotArn = a} with type RestoreFromSnapshot is ambiguous.
    This will not be supported by -XDuplicateRecordFields in future releases of GHC.
    |
129 | restoreFromSnapshot_snapshotArn = Lens.lens (\RestoreFromSnapshot' {snapshotArn} -> snapshotArn) (\s@RestoreFromSnapshot' {} a -> s {snapshotArn = a} :: RestoreFromSnapshot)
    |                                                                                                                                      ^^^^^^^^^^^^^^^

gen/Amazonka/RedshiftServerLess/RestoreFromSnapshot.hs:134:137: warning: [GHC-02256] [-Wambiguous-fields]
    The record update s {snapshotName = a} with type RestoreFromSnapshot is ambiguous.
    This will not be supported by -XDuplicateRecordFields in future releases of GHC.
    |
134 | restoreFromSnapshot_snapshotName = Lens.lens (\RestoreFromSnapshot' {snapshotName} -> snapshotName) (\s@RestoreFromSnapshot' {} a -> s {snapshotName = a} :: RestoreFromSnapshot)
    |                                                                                                                                         ^^^^^^^^^^^^^^^^

gen/Amazonka/RedshiftServerLess/RestoreFromSnapshot.hs:138:140: warning: [GHC-02256] [-Wambiguous-fields]
    The record update s {namespaceName = a} with type RestoreFromSnapshot is ambiguous.
    This will not be supported by -XDuplicateRecordFields in future releases of GHC.
    |
138 | restoreFromSnapshot_namespaceName = Lens.lens (\RestoreFromSnapshot' {namespaceName} -> namespaceName) (\s@RestoreFromSnapshot' {} a -> s {namespaceName = a} :: RestoreFromSnapshot)
    |                                                                                                                                            ^^^^^^^^^^^^^^^^^

gen/Amazonka/RedshiftServerLess/RestoreFromSnapshot.hs:142:140: warning: [GHC-02256] [-Wambiguous-fields]
    The record update s {workgroupName = a} with type RestoreFromSnapshot is ambiguous.
    This will not be supported by -XDuplicateRecordFields in future releases of GHC.
    |
142 | restoreFromSnapshot_workgroupName = Lens.lens (\RestoreFromSnapshot' {workgroupName} -> workgroupName) (\s@RestoreFromSnapshot' {} a -> s {workgroupName = a} :: RestoreFromSnapshot)
    |                                                                                                                                            ^^^^^^^^^^^^^^^^^

gen/Amazonka/RedshiftServerLess/RestoreFromSnapshot.hs:260:161: warning: [GHC-02256] [-Wambiguous-fields]
    The record update s {ownerAccount = a} with type RestoreFromSnapshotResponse is ambiguous.
    This will not be supported by -XDuplicateRecordFields in future releases of GHC.
    |
260 | restoreFromSnapshotResponse_ownerAccount = Lens.lens (\RestoreFromSnapshotResponse' {ownerAccount} -> ownerAccount) (\s@RestoreFromSnapshotResponse' {} a -> s {ownerAccount = a} :: RestoreFromSnapshotResponse)
    |                                                                                                                                                                 ^^^^^^^^^^^^^^^^

gen/Amazonka/RedshiftServerLess/RestoreFromSnapshot.hs:264:161: warning: [GHC-02256] [-Wambiguous-fields]
    The record update s {snapshotName = a} with type RestoreFromSnapshotResponse is ambiguous.
    This will not be supported by -XDuplicateRecordFields in future releases of GHC.
    |
264 | restoreFromSnapshotResponse_snapshotName = Lens.lens (\RestoreFromSnapshotResponse' {snapshotName} -> snapshotName) (\s@RestoreFromSnapshotResponse' {} a -> s {snapshotName = a} :: RestoreFromSnapshotResponse)
    |                                                                                                                                                                 ^^^^^^^^^^^^^^^^
[26 of 65] Compiling Amazonka.RedshiftServerLess.RestoreFromRecoveryPoint

gen/Amazonka/RedshiftServerLess/RestoreFromRecoveryPoint.hs:98:155: warning: [GHC-02256] [-Wambiguous-fields]
    The record update s {namespaceName = a} with type RestoreFromRecoveryPoint is ambiguous.
    This will not be supported by -XDuplicateRecordFields in future releases of GHC.
   |
98 | restoreFromRecoveryPoint_namespaceName = Lens.lens (\RestoreFromRecoveryPoint' {namespaceName} -> namespaceName) (\s@RestoreFromRecoveryPoint' {} a -> s {namespaceName = a} :: RestoreFromRecoveryPoint)
   |                                                                                                                                                           ^^^^^^^^^^^^^^^^^

gen/Amazonka/RedshiftServerLess/RestoreFromRecoveryPoint.hs:102:161: warning: [GHC-02256] [-Wambiguous-fields]
    The record update s {recoveryPointId = a} with type RestoreFromRecoveryPoint is ambiguous.
    This will not be supported by -XDuplicateRecordFields in future releases of GHC.
    |
102 | restoreFromRecoveryPoint_recoveryPointId = Lens.lens (\RestoreFromRecoveryPoint' {recoveryPointId} -> recoveryPointId) (\s@RestoreFromRecoveryPoint' {} a -> s {recoveryPointId = a} :: RestoreFromRecoveryPoint)
    |                                                                                                                                                                 ^^^^^^^^^^^^^^^^^^^

gen/Amazonka/RedshiftServerLess/RestoreFromRecoveryPoint.hs:106:155: warning: [GHC-02256] [-Wambiguous-fields]
    The record update s {workgroupName = a} with type RestoreFromRecoveryPoint is ambiguous.
    This will not be supported by -XDuplicateRecordFields in future releases of GHC.
    |
106 | restoreFromRecoveryPoint_workgroupName = Lens.lens (\RestoreFromRecoveryPoint' {workgroupName} -> workgroupName) (\s@RestoreFromRecoveryPoint' {} a -> s {workgroupName = a} :: RestoreFromRecoveryPoint)
    |                                                                                                                                                           ^^^^^^^^^^^^^^^^^

gen/Amazonka/RedshiftServerLess/RestoreFromRecoveryPoint.hs:212:185: warning: [GHC-02256] [-Wambiguous-fields]
    The record update s {recoveryPointId = a} with type RestoreFromRecoveryPointResponse is ambiguous.
    This will not be supported by -XDuplicateRecordFields in future releases of GHC.
    |
212 | restoreFromRecoveryPointResponse_recoveryPointId = Lens.lens (\RestoreFromRecoveryPointResponse' {recoveryPointId} -> recoveryPointId) (\s@RestoreFromRecoveryPointResponse' {} a -> s {recoveryPointId = a} :: RestoreFromRecoveryPointResponse)
    |                                                                                                                                                                                         ^^^^^^^^^^^^^^^^^^^
[27 of 65] Compiling Amazonka.RedshiftServerLess.PutResourcePolicy

gen/Amazonka/RedshiftServerLess/PutResourcePolicy.hs:97:113: warning: [GHC-02256] [-Wambiguous-fields]
    The record update s {policy = a} with type PutResourcePolicy is ambiguous.
    This will not be supported by -XDuplicateRecordFields in future releases of GHC.
   |
97 | putResourcePolicy_policy = Lens.lens (\PutResourcePolicy' {policy} -> policy) (\s@PutResourcePolicy' {} a -> s {policy = a} :: PutResourcePolicy)
   |                                                                                                                 ^^^^^^^^^^

gen/Amazonka/RedshiftServerLess/PutResourcePolicy.hs:102:128: warning: [GHC-02256] [-Wambiguous-fields]
    The record update s {resourceArn = a} with type PutResourcePolicy is ambiguous.
    This will not be supported by -XDuplicateRecordFields in future releases of GHC.
    |
102 | putResourcePolicy_resourceArn = Lens.lens (\PutResourcePolicy' {resourceArn} -> resourceArn) (\s@PutResourcePolicy' {} a -> s {resourceArn = a} :: PutResourcePolicy)
    |                                                                                                                                ^^^^^^^^^^^^^^^
[28 of 65] Compiling Amazonka.RedshiftServerLess.ListWorkgroups

gen/Amazonka/RedshiftServerLess/ListWorkgroups.hs:97:113: warning: [GHC-02256] [-Wambiguous-fields]
    The record update s {nextToken = a} with type ListWorkgroups is ambiguous.
    This will not be supported by -XDuplicateRecordFields in future releases of GHC.
   |
97 | listWorkgroups_nextToken = Lens.lens (\ListWorkgroups' {nextToken} -> nextToken) (\s@ListWorkgroups' {} a -> s {nextToken = a} :: ListWorkgroups)
   |                                                                                                                 ^^^^^^^^^^^^^

gen/Amazonka/RedshiftServerLess/ListWorkgroups.hs:218:137: warning: [GHC-02256] [-Wambiguous-fields]
    The record update s {nextToken = a} with type ListWorkgroupsResponse is ambiguous.
    This will not be supported by -XDuplicateRecordFields in future releases of GHC.
    |
218 | listWorkgroupsResponse_nextToken = Lens.lens (\ListWorkgroupsResponse' {nextToken} -> nextToken) (\s@ListWorkgroupsResponse' {} a -> s {nextToken = a} :: ListWorkgroupsResponse)
    |                                                                                                                                         ^^^^^^^^^^^^^
[29 of 65] Compiling Amazonka.RedshiftServerLess.ListUsageLimits

gen/Amazonka/RedshiftServerLess/ListUsageLimits.hs:114:116: warning: [GHC-02256] [-Wambiguous-fields]
    The record update s {nextToken = a} with type ListUsageLimits is ambiguous.
    This will not be supported by -XDuplicateRecordFields in future releases of GHC.
    |
114 | listUsageLimits_nextToken = Lens.lens (\ListUsageLimits' {nextToken} -> nextToken) (\s@ListUsageLimits' {} a -> s {nextToken = a} :: ListUsageLimits)
    |                                                                                                                    ^^^^^^^^^^^^^

gen/Amazonka/RedshiftServerLess/ListUsageLimits.hs:119:122: warning: [GHC-02256] [-Wambiguous-fields]
    The record update s {resourceArn = a} with type ListUsageLimits is ambiguous.
    This will not be supported by -XDuplicateRecordFields in future releases of GHC.
    |
119 | listUsageLimits_resourceArn = Lens.lens (\ListUsageLimits' {resourceArn} -> resourceArn) (\s@ListUsageLimits' {} a -> s {resourceArn = a} :: ListUsageLimits)
    |                                                                                                                          ^^^^^^^^^^^^^^^

gen/Amazonka/RedshiftServerLess/ListUsageLimits.hs:123:116: warning: [GHC-02256] [-Wambiguous-fields]
    The record update s {usageType = a} with type ListUsageLimits is ambiguous.
    This will not be supported by -XDuplicateRecordFields in future releases of GHC.
    |
123 | listUsageLimits_usageType = Lens.lens (\ListUsageLimits' {usageType} -> usageType) (\s@ListUsageLimits' {} a -> s {usageType = a} :: ListUsageLimits)
    |                                                                                                                    ^^^^^^^^^^^^^

gen/Amazonka/RedshiftServerLess/ListUsageLimits.hs:254:140: warning: [GHC-02256] [-Wambiguous-fields]
    The record update s {nextToken = a} with type ListUsageLimitsResponse is ambiguous.
    This will not be supported by -XDuplicateRecordFields in future releases of GHC.
    |
254 | listUsageLimitsResponse_nextToken = Lens.lens (\ListUsageLimitsResponse' {nextToken} -> nextToken) (\s@ListUsageLimitsResponse' {} a -> s {nextToken = a} :: ListUsageLimitsResponse)
    |                                                                                                                                            ^^^^^^^^^^^^^
[30 of 65] Compiling Amazonka.RedshiftServerLess.ListTagsForResource

gen/Amazonka/RedshiftServerLess/ListTagsForResource.hs:75:134: warning: [GHC-02256] [-Wambiguous-fields]
    The record update s {resourceArn = a} with type ListTagsForResource is ambiguous.
    This will not be supported by -XDuplicateRecordFields in future releases of GHC.
   |
75 | listTagsForResource_resourceArn = Lens.lens (\ListTagsForResource' {resourceArn} -> resourceArn) (\s@ListTagsForResource' {} a -> s {resourceArn = a} :: ListTagsForResource)
   |                                                                                                                                      ^^^^^^^^^^^^^^^
[31 of 65] Compiling Amazonka.RedshiftServerLess.ListTableRestoreStatus

gen/Amazonka/RedshiftServerLess/ListTableRestoreStatus.hs:115:149: warning: [GHC-02256] [-Wambiguous-fields]
    The record update s {namespaceName = a} with type ListTableRestoreStatus is ambiguous.
    This will not be supported by -XDuplicateRecordFields in future releases of GHC.
    |
115 | listTableRestoreStatus_namespaceName = Lens.lens (\ListTableRestoreStatus' {namespaceName} -> namespaceName) (\s@ListTableRestoreStatus' {} a -> s {namespaceName = a} :: ListTableRestoreStatus)
    |                                                                                                                                                     ^^^^^^^^^^^^^^^^^

gen/Amazonka/RedshiftServerLess/ListTableRestoreStatus.hs:122:137: warning: [GHC-02256] [-Wambiguous-fields]
    The record update s {nextToken = a} with type ListTableRestoreStatus is ambiguous.
    This will not be supported by -XDuplicateRecordFields in future releases of GHC.
    |
122 | listTableRestoreStatus_nextToken = Lens.lens (\ListTableRestoreStatus' {nextToken} -> nextToken) (\s@ListTableRestoreStatus' {} a -> s {nextToken = a} :: ListTableRestoreStatus)
    |                                                                                                                                         ^^^^^^^^^^^^^

gen/Amazonka/RedshiftServerLess/ListTableRestoreStatus.hs:127:149: warning: [GHC-02256] [-Wambiguous-fields]
    The record update s {workgroupName = a} with type ListTableRestoreStatus is ambiguous.
    This will not be supported by -XDuplicateRecordFields in future releases of GHC.
    |
127 | listTableRestoreStatus_workgroupName = Lens.lens (\ListTableRestoreStatus' {workgroupName} -> workgroupName) (\s@ListTableRestoreStatus' {} a -> s {workgroupName = a} :: ListTableRestoreStatus)
    |                                                                                                                                                     ^^^^^^^^^^^^^^^^^

gen/Amazonka/RedshiftServerLess/ListTableRestoreStatus.hs:263:161: warning: [GHC-02256] [-Wambiguous-fields]
    The record update s {nextToken = a} with type ListTableRestoreStatusResponse is ambiguous.
    This will not be supported by -XDuplicateRecordFields in future releases of GHC.
    |
263 | listTableRestoreStatusResponse_nextToken = Lens.lens (\ListTableRestoreStatusResponse' {nextToken} -> nextToken) (\s@ListTableRestoreStatusResponse' {} a -> s {nextToken = a} :: ListTableRestoreStatusResponse)
    |                                                                                                                                                                 ^^^^^^^^^^^^^
[32 of 65] Compiling Amazonka.RedshiftServerLess.ListSnapshots

gen/Amazonka/RedshiftServerLess/ListSnapshots.hs:132:119: warning: [GHC-02256] [-Wambiguous-fields]
    The record update s {namespaceArn = a} with type ListSnapshots is ambiguous.
    This will not be supported by -XDuplicateRecordFields in future releases of GHC.
    |
132 | listSnapshots_namespaceArn = Lens.lens (\ListSnapshots' {namespaceArn} -> namespaceArn) (\s@ListSnapshots' {} a -> s {namespaceArn = a} :: ListSnapshots)
    |                                                                                                                       ^^^^^^^^^^^^^^^^

gen/Amazonka/RedshiftServerLess/ListSnapshots.hs:136:122: warning: [GHC-02256] [-Wambiguous-fields]
    The record update s {namespaceName = a} with type ListSnapshots is ambiguous.
    This will not be supported by -XDuplicateRecordFields in future releases of GHC.
    |
136 | listSnapshots_namespaceName = Lens.lens (\ListSnapshots' {namespaceName} -> namespaceName) (\s@ListSnapshots' {} a -> s {namespaceName = a} :: ListSnapshots)
    |                                                                                                                          ^^^^^^^^^^^^^^^^^

gen/Amazonka/RedshiftServerLess/ListSnapshots.hs:142:110: warning: [GHC-02256] [-Wambiguous-fields]
    The record update s {nextToken = a} with type ListSnapshots is ambiguous.
    This will not be supported by -XDuplicateRecordFields in future releases of GHC.
    |
142 | listSnapshots_nextToken = Lens.lens (\ListSnapshots' {nextToken} -> nextToken) (\s@ListSnapshots' {} a -> s {nextToken = a} :: ListSnapshots)
    |                                                                                                              ^^^^^^^^^^^^^

gen/Amazonka/RedshiftServerLess/ListSnapshots.hs:146:119: warning: [GHC-02256] [-Wambiguous-fields]
    The record update s {ownerAccount = a} with type ListSnapshots is ambiguous.
    This will not be supported by -XDuplicateRecordFields in future releases of GHC.
    |
146 | listSnapshots_ownerAccount = Lens.lens (\ListSnapshots' {ownerAccount} -> ownerAccount) (\s@ListSnapshots' {} a -> s {ownerAccount = a} :: ListSnapshots)
    |                                                                                                                       ^^^^^^^^^^^^^^^^

gen/Amazonka/RedshiftServerLess/ListSnapshots.hs:288:134: warning: [GHC-02256] [-Wambiguous-fields]
    The record update s {nextToken = a} with type ListSnapshotsResponse is ambiguous.
    This will not be supported by -XDuplicateRecordFields in future releases of GHC.
    |
288 | listSnapshotsResponse_nextToken = Lens.lens (\ListSnapshotsResponse' {nextToken} -> nextToken) (\s@ListSnapshotsResponse' {} a -> s {nextToken = a} :: ListSnapshotsResponse)
    |                                                                                                                                      ^^^^^^^^^^^^^
[33 of 65] Compiling Amazonka.RedshiftServerLess.ListRecoveryPoints

gen/Amazonka/RedshiftServerLess/ListRecoveryPoints.hs:126:134: warning: [GHC-02256] [-Wambiguous-fields]
    The record update s {namespaceArn = a} with type ListRecoveryPoints is ambiguous.
    This will not be supported by -XDuplicateRecordFields in future releases of GHC.
    |
126 | listRecoveryPoints_namespaceArn = Lens.lens (\ListRecoveryPoints' {namespaceArn} -> namespaceArn) (\s@ListRecoveryPoints' {} a -> s {namespaceArn = a} :: ListRecoveryPoints)
    |                                                                                                                                      ^^^^^^^^^^^^^^^^

gen/Amazonka/RedshiftServerLess/ListRecoveryPoints.hs:130:137: warning: [GHC-02256] [-Wambiguous-fields]
    The record update s {namespaceName = a} with type ListRecoveryPoints is ambiguous.
    This will not be supported by -XDuplicateRecordFields in future releases of GHC.
    |
130 | listRecoveryPoints_namespaceName = Lens.lens (\ListRecoveryPoints' {namespaceName} -> namespaceName) (\s@ListRecoveryPoints' {} a -> s {namespaceName = a} :: ListRecoveryPoints)
    |                                                                                                                                         ^^^^^^^^^^^^^^^^^

gen/Amazonka/RedshiftServerLess/ListRecoveryPoints.hs:136:125: warning: [GHC-02256] [-Wambiguous-fields]
    The record update s {nextToken = a} with type ListRecoveryPoints is ambiguous.
    This will not be supported by -XDuplicateRecordFields in future releases of GHC.
    |
136 | listRecoveryPoints_nextToken = Lens.lens (\ListRecoveryPoints' {nextToken} -> nextToken) (\s@ListRecoveryPoints' {} a -> s {nextToken = a} :: ListRecoveryPoints)
    |                                                                                                                             ^^^^^^^^^^^^^

gen/Amazonka/RedshiftServerLess/ListRecoveryPoints.hs:276:149: warning: [GHC-02256] [-Wambiguous-fields]
    The record update s {nextToken = a} with type ListRecoveryPointsResponse is ambiguous.
    This will not be supported by -XDuplicateRecordFields in future releases of GHC.
    |
276 | listRecoveryPointsResponse_nextToken = Lens.lens (\ListRecoveryPointsResponse' {nextToken} -> nextToken) (\s@ListRecoveryPointsResponse' {} a -> s {nextToken = a} :: ListRecoveryPointsResponse)
    |                                                                                                                                                     ^^^^^^^^^^^^^
[34 of 65] Compiling Amazonka.RedshiftServerLess.ListNamespaces

gen/Amazonka/RedshiftServerLess/ListNamespaces.hs:97:113: warning: [GHC-02256] [-Wambiguous-fields]
    The record update s {nextToken = a} with type ListNamespaces is ambiguous.
    This will not be supported by -XDuplicateRecordFields in future releases of GHC.
   |
97 | listNamespaces_nextToken = Lens.lens (\ListNamespaces' {nextToken} -> nextToken) (\s@ListNamespaces' {} a -> s {nextToken = a} :: ListNamespaces)
   |                                                                                                                 ^^^^^^^^^^^^^

gen/Amazonka/RedshiftServerLess/ListNamespaces.hs:218:137: warning: [GHC-02256] [-Wambiguous-fields]
    The record update s {nextToken = a} with type ListNamespacesResponse is ambiguous.
    This will not be supported by -XDuplicateRecordFields in future releases of GHC.
    |
218 | listNamespacesResponse_nextToken = Lens.lens (\ListNamespacesResponse' {nextToken} -> nextToken) (\s@ListNamespacesResponse' {} a -> s {nextToken = a} :: ListNamespacesResponse)
    |                                                                                                                                         ^^^^^^^^^^^^^
[35 of 65] Compiling Amazonka.RedshiftServerLess.ListEndpointAccess

gen/Amazonka/RedshiftServerLess/ListEndpointAccess.hs:111:125: warning: [GHC-02256] [-Wambiguous-fields]
    The record update s {nextToken = a} with type ListEndpointAccess is ambiguous.
    This will not be supported by -XDuplicateRecordFields in future releases of GHC.
    |
111 | listEndpointAccess_nextToken = Lens.lens (\ListEndpointAccess' {nextToken} -> nextToken) (\s@ListEndpointAccess' {} a -> s {nextToken = a} :: ListEndpointAccess)
    |                                                                                                                             ^^^^^^^^^^^^^

gen/Amazonka/RedshiftServerLess/ListEndpointAccess.hs:116:113: warning: [GHC-02256] [-Wambiguous-fields]
    The record update s {vpcId = a} with type ListEndpointAccess is ambiguous.
    This will not be supported by -XDuplicateRecordFields in future releases of GHC.
    |
116 | listEndpointAccess_vpcId = Lens.lens (\ListEndpointAccess' {vpcId} -> vpcId) (\s@ListEndpointAccess' {} a -> s {vpcId = a} :: ListEndpointAccess)
    |                                                                                                                 ^^^^^^^^^

gen/Amazonka/RedshiftServerLess/ListEndpointAccess.hs:120:137: warning: [GHC-02256] [-Wambiguous-fields]
    The record update s {workgroupName = a} with type ListEndpointAccess is ambiguous.
    This will not be supported by -XDuplicateRecordFields in future releases of GHC.
    |
120 | listEndpointAccess_workgroupName = Lens.lens (\ListEndpointAccess' {workgroupName} -> workgroupName) (\s@ListEndpointAccess' {} a -> s {workgroupName = a} :: ListEndpointAccess)
    |                                                                                                                                         ^^^^^^^^^^^^^^^^^

gen/Amazonka/RedshiftServerLess/ListEndpointAccess.hs:247:149: warning: [GHC-02256] [-Wambiguous-fields]
    The record update s {nextToken = a} with type ListEndpointAccessResponse is ambiguous.
    This will not be supported by -XDuplicateRecordFields in future releases of GHC.
    |
247 | listEndpointAccessResponse_nextToken = Lens.lens (\ListEndpointAccessResponse' {nextToken} -> nextToken) (\s@ListEndpointAccessResponse' {} a -> s {nextToken = a} :: ListEndpointAccessResponse)
    |                                                                                                                                                     ^^^^^^^^^^^^^
[36 of 65] Compiling Amazonka.RedshiftServerLess.GetWorkgroup

gen/Amazonka/RedshiftServerLess/GetWorkgroup.hs:75:119: warning: [GHC-02256] [-Wambiguous-fields]
    The record update s {workgroupName = a} with type GetWorkgroup is ambiguous.
    This will not be supported by -XDuplicateRecordFields in future releases of GHC.
   |
75 | getWorkgroup_workgroupName = Lens.lens (\GetWorkgroup' {workgroupName} -> workgroupName) (\s@GetWorkgroup' {} a -> s {workgroupName = a} :: GetWorkgroup)
   |                                                                                                                       ^^^^^^^^^^^^^^^^^
[37 of 65] Compiling Amazonka.RedshiftServerLess.GetUsageLimit

gen/Amazonka/RedshiftServerLess/GetUsageLimit.hs:75:119: warning: [GHC-02256] [-Wambiguous-fields]
    The record update s {usageLimitId = a} with type GetUsageLimit is ambiguous.
    This will not be supported by -XDuplicateRecordFields in future releases of GHC.
   |
75 | getUsageLimit_usageLimitId = Lens.lens (\GetUsageLimit' {usageLimitId} -> usageLimitId) (\s@GetUsageLimit' {} a -> s {usageLimitId = a} :: GetUsageLimit)
   |                                                                                                                       ^^^^^^^^^^^^^^^^
[38 of 65] Compiling Amazonka.RedshiftServerLess.GetTableRestoreStatus

gen/Amazonka/RedshiftServerLess/GetTableRestoreStatus.hs:78:170: warning: [GHC-02256] [-Wambiguous-fields]
    The record update s {tableRestoreRequestId = a} with type GetTableRestoreStatus is ambiguous.
    This will not be supported by -XDuplicateRecordFields in future releases of GHC.
   |
78 | getTableRestoreStatus_tableRestoreRequestId = Lens.lens (\GetTableRestoreStatus' {tableRestoreRequestId} -> tableRestoreRequestId) (\s@GetTableRestoreStatus' {} a -> s {tableRestoreRequestId = a} :: GetTableRestoreStatus)
   |                                                                                                                                                                          ^^^^^^^^^^^^^^^^^^^^^^^^^
[39 of 65] Compiling Amazonka.RedshiftServerLess.GetSnapshot

gen/Amazonka/RedshiftServerLess/GetSnapshot.hs:90:113: warning: [GHC-02256] [-Wambiguous-fields]
    The record update s {ownerAccount = a} with type GetSnapshot is ambiguous.
    This will not be supported by -XDuplicateRecordFields in future releases of GHC.
   |
90 | getSnapshot_ownerAccount = Lens.lens (\GetSnapshot' {ownerAccount} -> ownerAccount) (\s@GetSnapshot' {} a -> s {ownerAccount = a} :: GetSnapshot)
   |                                                                                                                 ^^^^^^^^^^^^^^^^

gen/Amazonka/RedshiftServerLess/GetSnapshot.hs:94:110: warning: [GHC-02256] [-Wambiguous-fields]
    The record update s {snapshotArn = a} with type GetSnapshot is ambiguous.
    This will not be supported by -XDuplicateRecordFields in future releases of GHC.
   |
94 | getSnapshot_snapshotArn = Lens.lens (\GetSnapshot' {snapshotArn} -> snapshotArn) (\s@GetSnapshot' {} a -> s {snapshotArn = a} :: GetSnapshot)
   |                                                                                                              ^^^^^^^^^^^^^^^

gen/Amazonka/RedshiftServerLess/GetSnapshot.hs:98:113: warning: [GHC-02256] [-Wambiguous-fields]
    The record update s {snapshotName = a} with type GetSnapshot is ambiguous.
    This will not be supported by -XDuplicateRecordFields in future releases of GHC.
   |
98 | getSnapshot_snapshotName = Lens.lens (\GetSnapshot' {snapshotName} -> snapshotName) (\s@GetSnapshot' {} a -> s {snapshotName = a} :: GetSnapshot)
   |                                                                                                                 ^^^^^^^^^^^^^^^^
[40 of 65] Compiling Amazonka.RedshiftServerLess.GetResourcePolicy

gen/Amazonka/RedshiftServerLess/GetResourcePolicy.hs:75:128: warning: [GHC-02256] [-Wambiguous-fields]
    The record update s {resourceArn = a} with type GetResourcePolicy is ambiguous.
    This will not be supported by -XDuplicateRecordFields in future releases of GHC.
   |
75 | getResourcePolicy_resourceArn = Lens.lens (\GetResourcePolicy' {resourceArn} -> resourceArn) (\s@GetResourcePolicy' {} a -> s {resourceArn = a} :: GetResourcePolicy)
   |                                                                                                                                ^^^^^^^^^^^^^^^
[41 of 65] Compiling Amazonka.RedshiftServerLess.GetRecoveryPoint

gen/Amazonka/RedshiftServerLess/GetRecoveryPoint.hs:78:137: warning: [GHC-02256] [-Wambiguous-fields]
    The record update s {recoveryPointId = a} with type GetRecoveryPoint is ambiguous.
    This will not be supported by -XDuplicateRecordFields in future releases of GHC.
   |
78 | getRecoveryPoint_recoveryPointId = Lens.lens (\GetRecoveryPoint' {recoveryPointId} -> recoveryPointId) (\s@GetRecoveryPoint' {} a -> s {recoveryPointId = a} :: GetRecoveryPoint)
   |                                                                                                                                         ^^^^^^^^^^^^^^^^^^^
[42 of 65] Compiling Amazonka.RedshiftServerLess.GetNamespace

gen/Amazonka/RedshiftServerLess/GetNamespace.hs:75:119: warning: [GHC-02256] [-Wambiguous-fields]
    The record update s {namespaceName = a} with type GetNamespace is ambiguous.
    This will not be supported by -XDuplicateRecordFields in future releases of GHC.
   |
75 | getNamespace_namespaceName = Lens.lens (\GetNamespace' {namespaceName} -> namespaceName) (\s@GetNamespace' {} a -> s {namespaceName = a} :: GetNamespace)
   |                                                                                                                       ^^^^^^^^^^^^^^^^^
[43 of 65] Compiling Amazonka.RedshiftServerLess.GetEndpointAccess

gen/Amazonka/RedshiftServerLess/GetEndpointAccess.hs:75:131: warning: [GHC-02256] [-Wambiguous-fields]
    The record update s {endpointName = a} with type GetEndpointAccess is ambiguous.
    This will not be supported by -XDuplicateRecordFields in future releases of GHC.
   |
75 | getEndpointAccess_endpointName = Lens.lens (\GetEndpointAccess' {endpointName} -> endpointName) (\s@GetEndpointAccess' {} a -> s {endpointName = a} :: GetEndpointAccess)
   |                                                                                                                                   ^^^^^^^^^^^^^^^^

gen/Amazonka/RedshiftServerLess/GetEndpointAccess.hs:159:143: warning: [GHC-02256] [-Wambiguous-fields]
    The record update s {endpoint = a} with type GetEndpointAccessResponse is ambiguous.
    This will not be supported by -XDuplicateRecordFields in future releases of GHC.
    |
159 | getEndpointAccessResponse_endpoint = Lens.lens (\GetEndpointAccessResponse' {endpoint} -> endpoint) (\s@GetEndpointAccessResponse' {} a -> s {endpoint = a} :: GetEndpointAccessResponse)
    |                                                                                                                                               ^^^^^^^^^^^^
[44 of 65] Compiling Amazonka.RedshiftServerLess.GetCredentials

gen/Amazonka/RedshiftServerLess/GetCredentials.hs:146:104: warning: [GHC-02256] [-Wambiguous-fields]
    The record update s {dbName = a} with type GetCredentials is ambiguous.
    This will not be supported by -XDuplicateRecordFields in future releases of GHC.
    |
146 | getCredentials_dbName = Lens.lens (\GetCredentials' {dbName} -> dbName) (\s@GetCredentials' {} a -> s {dbName = a} :: GetCredentials)
    |                                                                                                        ^^^^^^^^^^

gen/Amazonka/RedshiftServerLess/GetCredentials.hs:155:125: warning: [GHC-02256] [-Wambiguous-fields]
    The record update s {workgroupName = a} with type GetCredentials is ambiguous.
    This will not be supported by -XDuplicateRecordFields in future releases of GHC.
    |
155 | getCredentials_workgroupName = Lens.lens (\GetCredentials' {workgroupName} -> workgroupName) (\s@GetCredentials' {} a -> s {workgroupName = a} :: GetCredentials)
    |                                                                                                                             ^^^^^^^^^^^^^^^^^
[45 of 65] Compiling Amazonka.RedshiftServerLess.DeleteWorkgroup

gen/Amazonka/RedshiftServerLess/DeleteWorkgroup.hs:75:128: warning: [GHC-02256] [-Wambiguous-fields]
    The record update s {workgroupName = a} with type DeleteWorkgroup is ambiguous.
    This will not be supported by -XDuplicateRecordFields in future releases of GHC.
   |
75 | deleteWorkgroup_workgroupName = Lens.lens (\DeleteWorkgroup' {workgroupName} -> workgroupName) (\s@DeleteWorkgroup' {} a -> s {workgroupName = a} :: DeleteWorkgroup)
   |                                                                                                                                ^^^^^^^^^^^^^^^^^
[46 of 65] Compiling Amazonka.RedshiftServerLess.DeleteUsageLimit

gen/Amazonka/RedshiftServerLess/DeleteUsageLimit.hs:75:128: warning: [GHC-02256] [-Wambiguous-fields]
    The record update s {usageLimitId = a} with type DeleteUsageLimit is ambiguous.
    This will not be supported by -XDuplicateRecordFields in future releases of GHC.
   |
75 | deleteUsageLimit_usageLimitId = Lens.lens (\DeleteUsageLimit' {usageLimitId} -> usageLimitId) (\s@DeleteUsageLimit' {} a -> s {usageLimitId = a} :: DeleteUsageLimit)
   |                                                                                                                                ^^^^^^^^^^^^^^^^
[47 of 65] Compiling Amazonka.RedshiftServerLess.DeleteSnapshot

gen/Amazonka/RedshiftServerLess/DeleteSnapshot.hs:75:122: warning: [GHC-02256] [-Wambiguous-fields]
    The record update s {snapshotName = a} with type DeleteSnapshot is ambiguous.
    This will not be supported by -XDuplicateRecordFields in future releases of GHC.
   |
75 | deleteSnapshot_snapshotName = Lens.lens (\DeleteSnapshot' {snapshotName} -> snapshotName) (\s@DeleteSnapshot' {} a -> s {snapshotName = a} :: DeleteSnapshot)
   |                                                                                                                          ^^^^^^^^^^^^^^^^
[48 of 65] Compiling Amazonka.RedshiftServerLess.DeleteResourcePolicy

gen/Amazonka/RedshiftServerLess/DeleteResourcePolicy.hs:74:137: warning: [GHC-02256] [-Wambiguous-fields]
    The record update s {resourceArn = a} with type DeleteResourcePolicy is ambiguous.
    This will not be supported by -XDuplicateRecordFields in future releases of GHC.
   |
74 | deleteResourcePolicy_resourceArn = Lens.lens (\DeleteResourcePolicy' {resourceArn} -> resourceArn) (\s@DeleteResourcePolicy' {} a -> s {resourceArn = a} :: DeleteResourcePolicy)
   |                                                                                                                                         ^^^^^^^^^^^^^^^
[49 of 65] Compiling Amazonka.RedshiftServerLess.DeleteNamespace

gen/Amazonka/RedshiftServerLess/DeleteNamespace.hs:100:128: warning: [GHC-02256] [-Wambiguous-fields]
    The record update s {namespaceName = a} with type DeleteNamespace is ambiguous.
    This will not be supported by -XDuplicateRecordFields in future releases of GHC.
    |
100 | deleteNamespace_namespaceName = Lens.lens (\DeleteNamespace' {namespaceName} -> namespaceName) (\s@DeleteNamespace' {} a -> s {namespaceName = a} :: DeleteNamespace)
    |                                                                                                                                ^^^^^^^^^^^^^^^^^
[50 of 65] Compiling Amazonka.RedshiftServerLess.DeleteEndpointAccess

gen/Amazonka/RedshiftServerLess/DeleteEndpointAccess.hs:78:140: warning: [GHC-02256] [-Wambiguous-fields]
    The record update s {endpointName = a} with type DeleteEndpointAccess is ambiguous.
    This will not be supported by -XDuplicateRecordFields in future releases of GHC.
   |
78 | deleteEndpointAccess_endpointName = Lens.lens (\DeleteEndpointAccess' {endpointName} -> endpointName) (\s@DeleteEndpointAccess' {} a -> s {endpointName = a} :: DeleteEndpointAccess)
   |                                                                                                                                            ^^^^^^^^^^^^^^^^

gen/Amazonka/RedshiftServerLess/DeleteEndpointAccess.hs:163:152: warning: [GHC-02256] [-Wambiguous-fields]
    The record update s {endpoint = a} with type DeleteEndpointAccessResponse is ambiguous.
    This will not be supported by -XDuplicateRecordFields in future releases of GHC.
    |
163 | deleteEndpointAccessResponse_endpoint = Lens.lens (\DeleteEndpointAccessResponse' {endpoint} -> endpoint) (\s@DeleteEndpointAccessResponse' {} a -> s {endpoint = a} :: DeleteEndpointAccessResponse)
    |                                                                                                                                                        ^^^^^^^^^^^^
[51 of 65] Compiling Amazonka.RedshiftServerLess.CreateWorkgroup

gen/Amazonka/RedshiftServerLess/CreateWorkgroup.hs:148:125: warning: [GHC-02256] [-Wambiguous-fields]
    The record update s {baseCapacity = a} with type CreateWorkgroup is ambiguous.
    This will not be supported by -XDuplicateRecordFields in future releases of GHC.
    |
148 | createWorkgroup_baseCapacity = Lens.lens (\CreateWorkgroup' {baseCapacity} -> baseCapacity) (\s@CreateWorkgroup' {} a -> s {baseCapacity = a} :: CreateWorkgroup)
    |                                                                                                                             ^^^^^^^^^^^^^^^^

gen/Amazonka/RedshiftServerLess/CreateWorkgroup.hs:154:137: warning: [GHC-02256] [-Wambiguous-fields]
    The record update s {configParameters = a} with type CreateWorkgroup is ambiguous.
    This will not be supported by -XDuplicateRecordFields in future releases of GHC.
    |
154 | createWorkgroup_configParameters = Lens.lens (\CreateWorkgroup' {configParameters} -> configParameters) (\s@CreateWorkgroup' {} a -> s {configParameters = a} :: CreateWorkgroup) Prelude.. Lens.mapping Lens.coerced
    |                                                                                                                                         ^^^^^^^^^^^^^^^^^^^^

gen/Amazonka/RedshiftServerLess/CreateWorkgroup.hs:160:143: warning: [GHC-02256] [-Wambiguous-fields]
    The record update s {enhancedVpcRouting = a} with type CreateWorkgroup is ambiguous.
    This will not be supported by -XDuplicateRecordFields in future releases of GHC.
    |
160 | createWorkgroup_enhancedVpcRouting = Lens.lens (\CreateWorkgroup' {enhancedVpcRouting} -> enhancedVpcRouting) (\s@CreateWorkgroup' {} a -> s {enhancedVpcRouting = a} :: CreateWorkgroup)
    |                                                                                                                                               ^^^^^^^^^^^^^^^^^^^^^^

gen/Amazonka/RedshiftServerLess/CreateWorkgroup.hs:165:101: warning: [GHC-02256] [-Wambiguous-fields]
    The record update s {port = a} with type CreateWorkgroup is ambiguous.
    This will not be supported by -XDuplicateRecordFields in future releases of GHC.
    |
165 | createWorkgroup_port = Lens.lens (\CreateWorkgroup' {port} -> port) (\s@CreateWorkgroup' {} a -> s {port = a} :: CreateWorkgroup)
    |                                                                                                     ^^^^^^^^

gen/Amazonka/RedshiftServerLess/CreateWorkgroup.hs:170:143: warning: [GHC-02256] [-Wambiguous-fields]
    The record update s {publiclyAccessible = a} with type CreateWorkgroup is ambiguous.
    This will not be supported by -XDuplicateRecordFields in future releases of GHC.
    |
170 | createWorkgroup_publiclyAccessible = Lens.lens (\CreateWorkgroup' {publiclyAccessible} -> publiclyAccessible) (\s@CreateWorkgroup' {} a -> s {publiclyAccessible = a} :: CreateWorkgroup)
    |                                                                                                                                               ^^^^^^^^^^^^^^^^^^^^^^

gen/Amazonka/RedshiftServerLess/CreateWorkgroup.hs:174:137: warning: [GHC-02256] [-Wambiguous-fields]
    The record update s {securityGroupIds = a} with type CreateWorkgroup is ambiguous.
    This will not be supported by -XDuplicateRecordFields in future releases of GHC.
    |
174 | createWorkgroup_securityGroupIds = Lens.lens (\CreateWorkgroup' {securityGroupIds} -> securityGroupIds) (\s@CreateWorkgroup' {} a -> s {securityGroupIds = a} :: CreateWorkgroup) Prelude.. Lens.mapping Lens.coerced
    |                                                                                                                                         ^^^^^^^^^^^^^^^^^^^^

gen/Amazonka/RedshiftServerLess/CreateWorkgroup.hs:178:116: warning: [GHC-02256] [-Wambiguous-fields]
    The record update s {subnetIds = a} with type CreateWorkgroup is ambiguous.
    This will not be supported by -XDuplicateRecordFields in future releases of GHC.
    |
178 | createWorkgroup_subnetIds = Lens.lens (\CreateWorkgroup' {subnetIds} -> subnetIds) (\s@CreateWorkgroup' {} a -> s {subnetIds = a} :: CreateWorkgroup) Prelude.. Lens.mapping Lens.coerced
    |                                                                                                                    ^^^^^^^^^^^^^

gen/Amazonka/RedshiftServerLess/CreateWorkgroup.hs:186:128: warning: [GHC-02256] [-Wambiguous-fields]
    The record update s {namespaceName = a} with type CreateWorkgroup is ambiguous.
    This will not be supported by -XDuplicateRecordFields in future releases of GHC.
    |
186 | createWorkgroup_namespaceName = Lens.lens (\CreateWorkgroup' {namespaceName} -> namespaceName) (\s@CreateWorkgroup' {} a -> s {namespaceName = a} :: CreateWorkgroup)
    |                                                                                                                                ^^^^^^^^^^^^^^^^^

gen/Amazonka/RedshiftServerLess/CreateWorkgroup.hs:190:128: warning: [GHC-02256] [-Wambiguous-fields]
    The record update s {workgroupName = a} with type CreateWorkgroup is ambiguous.
    This will not be supported by -XDuplicateRecordFields in future releases of GHC.
    |
190 | createWorkgroup_workgroupName = Lens.lens (\CreateWorkgroup' {workgroupName} -> workgroupName) (\s@CreateWorkgroup' {} a -> s {workgroupName = a} :: CreateWorkgroup)
    |                                                                                                                                ^^^^^^^^^^^^^^^^^
[52 of 65] Compiling Amazonka.RedshiftServerLess.CreateUsageLimit

gen/Amazonka/RedshiftServerLess/CreateUsageLimit.hs:125:128: warning: [GHC-02256] [-Wambiguous-fields]
    The record update s {breachAction = a} with type CreateUsageLimit is ambiguous.
    This will not be supported by -XDuplicateRecordFields in future releases of GHC.
    |
125 | createUsageLimit_breachAction = Lens.lens (\CreateUsageLimit' {breachAction} -> breachAction) (\s@CreateUsageLimit' {} a -> s {breachAction = a} :: CreateUsageLimit)
    |                                                                                                                                ^^^^^^^^^^^^^^^^

gen/Amazonka/RedshiftServerLess/CreateUsageLimit.hs:130:110: warning: [GHC-02256] [-Wambiguous-fields]
    The record update s {period = a} with type CreateUsageLimit is ambiguous.
    This will not be supported by -XDuplicateRecordFields in future releases of GHC.
    |
130 | createUsageLimit_period = Lens.lens (\CreateUsageLimit' {period} -> period) (\s@CreateUsageLimit' {} a -> s {period = a} :: CreateUsageLimit)
    |                                                                                                              ^^^^^^^^^^

gen/Amazonka/RedshiftServerLess/CreateUsageLimit.hs:137:110: warning: [GHC-02256] [-Wambiguous-fields]
    The record update s {amount = a} with type CreateUsageLimit is ambiguous.
    This will not be supported by -XDuplicateRecordFields in future releases of GHC.
    |
137 | createUsageLimit_amount = Lens.lens (\CreateUsageLimit' {amount} -> amount) (\s@CreateUsageLimit' {} a -> s {amount = a} :: CreateUsageLimit)
    |                                                                                                              ^^^^^^^^^^

gen/Amazonka/RedshiftServerLess/CreateUsageLimit.hs:142:125: warning: [GHC-02256] [-Wambiguous-fields]
    The record update s {resourceArn = a} with type CreateUsageLimit is ambiguous.
    This will not be supported by -XDuplicateRecordFields in future releases of GHC.
    |
142 | createUsageLimit_resourceArn = Lens.lens (\CreateUsageLimit' {resourceArn} -> resourceArn) (\s@CreateUsageLimit' {} a -> s {resourceArn = a} :: CreateUsageLimit)
    |                                                                                                                             ^^^^^^^^^^^^^^^

gen/Amazonka/RedshiftServerLess/CreateUsageLimit.hs:147:119: warning: [GHC-02256] [-Wambiguous-fields]
    The record update s {usageType = a} with type CreateUsageLimit is ambiguous.
    This will not be supported by -XDuplicateRecordFields in future releases of GHC.
    |
147 | createUsageLimit_usageType = Lens.lens (\CreateUsageLimit' {usageType} -> usageType) (\s@CreateUsageLimit' {} a -> s {usageType = a} :: CreateUsageLimit)
    |                                                                                                                       ^^^^^^^^^^^^^
[53 of 65] Compiling Amazonka.RedshiftServerLess.CreateSnapshot

gen/Amazonka/RedshiftServerLess/CreateSnapshot.hs:113:125: warning: [GHC-02256] [-Wambiguous-fields]
    The record update s {namespaceName = a} with type CreateSnapshot is ambiguous.
    This will not be supported by -XDuplicateRecordFields in future releases of GHC.
    |
113 | createSnapshot_namespaceName = Lens.lens (\CreateSnapshot' {namespaceName} -> namespaceName) (\s@CreateSnapshot' {} a -> s {namespaceName = a} :: CreateSnapshot)
    |                                                                                                                             ^^^^^^^^^^^^^^^^^

gen/Amazonka/RedshiftServerLess/CreateSnapshot.hs:117:122: warning: [GHC-02256] [-Wambiguous-fields]
    The record update s {snapshotName = a} with type CreateSnapshot is ambiguous.
    This will not be supported by -XDuplicateRecordFields in future releases of GHC.
    |
117 | createSnapshot_snapshotName = Lens.lens (\CreateSnapshot' {snapshotName} -> snapshotName) (\s@CreateSnapshot' {} a -> s {snapshotName = a} :: CreateSnapshot)
    |                                                                                                                          ^^^^^^^^^^^^^^^^
[54 of 65] Compiling Amazonka.RedshiftServerLess.CreateNamespace

gen/Amazonka/RedshiftServerLess/CreateNamespace.hs:142:128: warning: [GHC-02256] [-Wambiguous-fields]
    The record update s {adminUsername = a} with type CreateNamespace is ambiguous.
    This will not be supported by -XDuplicateRecordFields in future releases of GHC.
    |
142 | createNamespace_adminUsername = Lens.lens (\CreateNamespace' {adminUsername} -> adminUsername) (\s@CreateNamespace' {} a -> s {adminUsername = a} :: CreateNamespace) Prelude.. Lens.mapping Data._Sensitive
    |                                                                                                                                ^^^^^^^^^^^^^^^^^

gen/Amazonka/RedshiftServerLess/CreateNamespace.hs:146:107: warning: [GHC-02256] [-Wambiguous-fields]
    The record update s {dbName = a} with type CreateNamespace is ambiguous.
    This will not be supported by -XDuplicateRecordFields in future releases of GHC.
    |
146 | createNamespace_dbName = Lens.lens (\CreateNamespace' {dbName} -> dbName) (\s@CreateNamespace' {} a -> s {dbName = a} :: CreateNamespace)
    |                                                                                                           ^^^^^^^^^^

gen/Amazonka/RedshiftServerLess/CreateNamespace.hs:151:140: warning: [GHC-02256] [-Wambiguous-fields]
    The record update s {defaultIamRoleArn = a} with type CreateNamespace is ambiguous.
    This will not be supported by -XDuplicateRecordFields in future releases of GHC.
    |
151 | createNamespace_defaultIamRoleArn = Lens.lens (\CreateNamespace' {defaultIamRoleArn} -> defaultIamRoleArn) (\s@CreateNamespace' {} a -> s {defaultIamRoleArn = a} :: CreateNamespace)
    |                                                                                                                                            ^^^^^^^^^^^^^^^^^^^^^

gen/Amazonka/RedshiftServerLess/CreateNamespace.hs:155:113: warning: [GHC-02256] [-Wambiguous-fields]
    The record update s {iamRoles = a} with type CreateNamespace is ambiguous.
    This will not be supported by -XDuplicateRecordFields in future releases of GHC.
    |
155 | createNamespace_iamRoles = Lens.lens (\CreateNamespace' {iamRoles} -> iamRoles) (\s@CreateNamespace' {} a -> s {iamRoles = a} :: CreateNamespace) Prelude.. Lens.mapping Lens.coerced
    |                                                                                                                 ^^^^^^^^^^^^

gen/Amazonka/RedshiftServerLess/CreateNamespace.hs:160:113: warning: [GHC-02256] [-Wambiguous-fields]
    The record update s {kmsKeyId = a} with type CreateNamespace is ambiguous.
    This will not be supported by -XDuplicateRecordFields in future releases of GHC.
    |
160 | createNamespace_kmsKeyId = Lens.lens (\CreateNamespace' {kmsKeyId} -> kmsKeyId) (\s@CreateNamespace' {} a -> s {kmsKeyId = a} :: CreateNamespace)
    |                                                                                                                 ^^^^^^^^^^^^

gen/Amazonka/RedshiftServerLess/CreateNamespace.hs:165:119: warning: [GHC-02256] [-Wambiguous-fields]
    The record update s {logExports = a} with type CreateNamespace is ambiguous.
    This will not be supported by -XDuplicateRecordFields in future releases of GHC.
    |
165 | createNamespace_logExports = Lens.lens (\CreateNamespace' {logExports} -> logExports) (\s@CreateNamespace' {} a -> s {logExports = a} :: CreateNamespace) Prelude.. Lens.mapping Lens.coerced
    |                                                                                                                       ^^^^^^^^^^^^^^

gen/Amazonka/RedshiftServerLess/CreateNamespace.hs:173:128: warning: [GHC-02256] [-Wambiguous-fields]
    The record update s {namespaceName = a} with type CreateNamespace is ambiguous.
    This will not be supported by -XDuplicateRecordFields in future releases of GHC.
    |
173 | createNamespace_namespaceName = Lens.lens (\CreateNamespace' {namespaceName} -> namespaceName) (\s@CreateNamespace' {} a -> s {namespaceName = a} :: CreateNamespace)
    |                                                                                                                                ^^^^^^^^^^^^^^^^^
[55 of 65] Compiling Amazonka.RedshiftServerLess.CreateEndpointAccess

gen/Amazonka/RedshiftServerLess/CreateEndpointAccess.hs:121:140: warning: [GHC-02256] [-Wambiguous-fields]
    The record update s {endpointName = a} with type CreateEndpointAccess is ambiguous.
    This will not be supported by -XDuplicateRecordFields in future releases of GHC.
    |
121 | createEndpointAccess_endpointName = Lens.lens (\CreateEndpointAccess' {endpointName} -> endpointName) (\s@CreateEndpointAccess' {} a -> s {endpointName = a} :: CreateEndpointAccess)
    |                                                                                                                                            ^^^^^^^^^^^^^^^^

gen/Amazonka/RedshiftServerLess/CreateEndpointAccess.hs:126:131: warning: [GHC-02256] [-Wambiguous-fields]
    The record update s {subnetIds = a} with type CreateEndpointAccess is ambiguous.
    This will not be supported by -XDuplicateRecordFields in future releases of GHC.
    |
126 | createEndpointAccess_subnetIds = Lens.lens (\CreateEndpointAccess' {subnetIds} -> subnetIds) (\s@CreateEndpointAccess' {} a -> s {subnetIds = a} :: CreateEndpointAccess) Prelude.. Lens.coerced
    |                                                                                                                                   ^^^^^^^^^^^^^

gen/Amazonka/RedshiftServerLess/CreateEndpointAccess.hs:130:143: warning: [GHC-02256] [-Wambiguous-fields]
    The record update s {workgroupName = a} with type CreateEndpointAccess is ambiguous.
    This will not be supported by -XDuplicateRecordFields in future releases of GHC.
    |
130 | createEndpointAccess_workgroupName = Lens.lens (\CreateEndpointAccess' {workgroupName} -> workgroupName) (\s@CreateEndpointAccess' {} a -> s {workgroupName = a} :: CreateEndpointAccess)
    |                                                                                                                                               ^^^^^^^^^^^^^^^^^

gen/Amazonka/RedshiftServerLess/CreateEndpointAccess.hs:228:152: warning: [GHC-02256] [-Wambiguous-fields]
    The record update s {endpoint = a} with type CreateEndpointAccessResponse is ambiguous.
    This will not be supported by -XDuplicateRecordFields in future releases of GHC.
    |
228 | createEndpointAccessResponse_endpoint = Lens.lens (\CreateEndpointAccessResponse' {endpoint} -> endpoint) (\s@CreateEndpointAccessResponse' {} a -> s {endpoint = a} :: CreateEndpointAccessResponse)
    |                                                                                                                                                        ^^^^^^^^^^^^
[56 of 65] Compiling Amazonka.RedshiftServerLess.ConvertRecoveryPointToSnapshot

gen/Amazonka/RedshiftServerLess/ConvertRecoveryPointToSnapshot.hs:116:179: warning: [GHC-02256] [-Wambiguous-fields]
    The record update s {recoveryPointId = a} with type ConvertRecoveryPointToSnapshot is ambiguous.
    This will not be supported by -XDuplicateRecordFields in future releases of GHC.
    |
116 | convertRecoveryPointToSnapshot_recoveryPointId = Lens.lens (\ConvertRecoveryPointToSnapshot' {recoveryPointId} -> recoveryPointId) (\s@ConvertRecoveryPointToSnapshot' {} a -> s {recoveryPointId = a} :: ConvertRecoveryPointToSnapshot)
    |                                                                                                                                                                                   ^^^^^^^^^^^^^^^^^^^

gen/Amazonka/RedshiftServerLess/ConvertRecoveryPointToSnapshot.hs:120:170: warning: [GHC-02256] [-Wambiguous-fields]
    The record update s {snapshotName = a} with type ConvertRecoveryPointToSnapshot is ambiguous.
    This will not be supported by -XDuplicateRecordFields in future releases of GHC.
    |
120 | convertRecoveryPointToSnapshot_snapshotName = Lens.lens (\ConvertRecoveryPointToSnapshot' {snapshotName} -> snapshotName) (\s@ConvertRecoveryPointToSnapshot' {} a -> s {snapshotName = a} :: ConvertRecoveryPointToSnapshot)
    |                                                                                                                                                                          ^^^^^^^^^^^^^^^^
[57 of 65] Compiling Amazonka.RedshiftServerLess.UntagResource

gen/Amazonka/RedshiftServerLess/UntagResource.hs:82:116: warning: [GHC-02256] [-Wambiguous-fields]
    The record update s {resourceArn = a} with type UntagResource is ambiguous.
    This will not be supported by -XDuplicateRecordFields in future releases of GHC.
   |
82 | untagResource_resourceArn = Lens.lens (\UntagResource' {resourceArn} -> resourceArn) (\s@UntagResource' {} a -> s {resourceArn = a} :: UntagResource)
   |                                                                                                                    ^^^^^^^^^^^^^^^
[58 of 65] Compiling Amazonka.RedshiftServerLess.UpdateEndpointAccess

gen/Amazonka/RedshiftServerLess/UpdateEndpointAccess.hs:91:140: warning: [GHC-02256] [-Wambiguous-fields]
    The record update s {endpointName = a} with type UpdateEndpointAccess is ambiguous.
    This will not be supported by -XDuplicateRecordFields in future releases of GHC.
   |
91 | updateEndpointAccess_endpointName = Lens.lens (\UpdateEndpointAccess' {endpointName} -> endpointName) (\s@UpdateEndpointAccess' {} a -> s {endpointName = a} :: UpdateEndpointAccess)
   |                                                                                                                                            ^^^^^^^^^^^^^^^^

gen/Amazonka/RedshiftServerLess/UpdateEndpointAccess.hs:182:152: warning: [GHC-02256] [-Wambiguous-fields]
    The record update s {endpoint = a} with type UpdateEndpointAccessResponse is ambiguous.
    This will not be supported by -XDuplicateRecordFields in future releases of GHC.
    |
182 | updateEndpointAccessResponse_endpoint = Lens.lens (\UpdateEndpointAccessResponse' {endpoint} -> endpoint) (\s@UpdateEndpointAccessResponse' {} a -> s {endpoint = a} :: UpdateEndpointAccessResponse)
    |                                                                                                                                                        ^^^^^^^^^^^^
[59 of 65] Compiling Amazonka.RedshiftServerLess.UpdateNamespace

gen/Amazonka/RedshiftServerLess/UpdateNamespace.hs:130:128: warning: [GHC-02256] [-Wambiguous-fields]
    The record update s {adminUsername = a} with type UpdateNamespace is ambiguous.
    This will not be supported by -XDuplicateRecordFields in future releases of GHC.
    |
130 | updateNamespace_adminUsername = Lens.lens (\UpdateNamespace' {adminUsername} -> adminUsername) (\s@UpdateNamespace' {} a -> s {adminUsername = a} :: UpdateNamespace) Prelude.. Lens.mapping Data._Sensitive
    |                                                                                                                                ^^^^^^^^^^^^^^^^^

gen/Amazonka/RedshiftServerLess/UpdateNamespace.hs:135:140: warning: [GHC-02256] [-Wambiguous-fields]
    The record update s {defaultIamRoleArn = a} with type UpdateNamespace is ambiguous.
    This will not be supported by -XDuplicateRecordFields in future releases of GHC.
    |
135 | updateNamespace_defaultIamRoleArn = Lens.lens (\UpdateNamespace' {defaultIamRoleArn} -> defaultIamRoleArn) (\s@UpdateNamespace' {} a -> s {defaultIamRoleArn = a} :: UpdateNamespace)
    |                                                                                                                                            ^^^^^^^^^^^^^^^^^^^^^

gen/Amazonka/RedshiftServerLess/UpdateNamespace.hs:139:113: warning: [GHC-02256] [-Wambiguous-fields]
    The record update s {iamRoles = a} with type UpdateNamespace is ambiguous.
    This will not be supported by -XDuplicateRecordFields in future releases of GHC.
    |
139 | updateNamespace_iamRoles = Lens.lens (\UpdateNamespace' {iamRoles} -> iamRoles) (\s@UpdateNamespace' {} a -> s {iamRoles = a} :: UpdateNamespace) Prelude.. Lens.mapping Lens.coerced
    |                                                                                                                 ^^^^^^^^^^^^

gen/Amazonka/RedshiftServerLess/UpdateNamespace.hs:144:113: warning: [GHC-02256] [-Wambiguous-fields]
    The record update s {kmsKeyId = a} with type UpdateNamespace is ambiguous.
    This will not be supported by -XDuplicateRecordFields in future releases of GHC.
    |
144 | updateNamespace_kmsKeyId = Lens.lens (\UpdateNamespace' {kmsKeyId} -> kmsKeyId) (\s@UpdateNamespace' {} a -> s {kmsKeyId = a} :: UpdateNamespace)
    |                                                                                                                 ^^^^^^^^^^^^

gen/Amazonka/RedshiftServerLess/UpdateNamespace.hs:149:119: warning: [GHC-02256] [-Wambiguous-fields]
    The record update s {logExports = a} with type UpdateNamespace is ambiguous.
    This will not be supported by -XDuplicateRecordFields in future releases of GHC.
    |
149 | updateNamespace_logExports = Lens.lens (\UpdateNamespace' {logExports} -> logExports) (\s@UpdateNamespace' {} a -> s {logExports = a} :: UpdateNamespace) Prelude.. Lens.mapping Lens.coerced
    |                                                                                                                       ^^^^^^^^^^^^^^

gen/Amazonka/RedshiftServerLess/UpdateNamespace.hs:153:128: warning: [GHC-02256] [-Wambiguous-fields]
    The record update s {namespaceName = a} with type UpdateNamespace is ambiguous.
    This will not be supported by -XDuplicateRecordFields in future releases of GHC.
    |
153 | updateNamespace_namespaceName = Lens.lens (\UpdateNamespace' {namespaceName} -> namespaceName) (\s@UpdateNamespace' {} a -> s {namespaceName = a} :: UpdateNamespace)
    |                                                                                                                                ^^^^^^^^^^^^^^^^^
[60 of 65] Compiling Amazonka.RedshiftServerLess.UpdateSnapshot

gen/Amazonka/RedshiftServerLess/UpdateSnapshot.hs:87:122: warning: [GHC-02256] [-Wambiguous-fields]
    The record update s {snapshotName = a} with type UpdateSnapshot is ambiguous.
    This will not be supported by -XDuplicateRecordFields in future releases of GHC.
   |
87 | updateSnapshot_snapshotName = Lens.lens (\UpdateSnapshot' {snapshotName} -> snapshotName) (\s@UpdateSnapshot' {} a -> s {snapshotName = a} :: UpdateSnapshot)
   |                                                                                                                          ^^^^^^^^^^^^^^^^
[61 of 65] Compiling Amazonka.RedshiftServerLess.UpdateUsageLimit

gen/Amazonka/RedshiftServerLess/UpdateUsageLimit.hs:101:110: warning: [GHC-02256] [-Wambiguous-fields]
    The record update s {amount = a} with type UpdateUsageLimit is ambiguous.
    This will not be supported by -XDuplicateRecordFields in future releases of GHC.
    |
101 | updateUsageLimit_amount = Lens.lens (\UpdateUsageLimit' {amount} -> amount) (\s@UpdateUsageLimit' {} a -> s {amount = a} :: UpdateUsageLimit)
    |                                                                                                              ^^^^^^^^^^

gen/Amazonka/RedshiftServerLess/UpdateUsageLimit.hs:106:128: warning: [GHC-02256] [-Wambiguous-fields]
    The record update s {breachAction = a} with type UpdateUsageLimit is ambiguous.
    This will not be supported by -XDuplicateRecordFields in future releases of GHC.
    |
106 | updateUsageLimit_breachAction = Lens.lens (\UpdateUsageLimit' {breachAction} -> breachAction) (\s@UpdateUsageLimit' {} a -> s {breachAction = a} :: UpdateUsageLimit)
    |                                                                                                                                ^^^^^^^^^^^^^^^^

gen/Amazonka/RedshiftServerLess/UpdateUsageLimit.hs:110:128: warning: [GHC-02256] [-Wambiguous-fields]
    The record update s {usageLimitId = a} with type UpdateUsageLimit is ambiguous.
    This will not be supported by -XDuplicateRecordFields in future releases of GHC.
    |
110 | updateUsageLimit_usageLimitId = Lens.lens (\UpdateUsageLimit' {usageLimitId} -> usageLimitId) (\s@UpdateUsageLimit' {} a -> s {usageLimitId = a} :: UpdateUsageLimit)
    |                                                                                                                                ^^^^^^^^^^^^^^^^
[62 of 65] Compiling Amazonka.RedshiftServerLess.UpdateWorkgroup

gen/Amazonka/RedshiftServerLess/UpdateWorkgroup.hs:134:125: warning: [GHC-02256] [-Wambiguous-fields]
    The record update s {baseCapacity = a} with type UpdateWorkgroup is ambiguous.
    This will not be supported by -XDuplicateRecordFields in future releases of GHC.
    |
134 | updateWorkgroup_baseCapacity = Lens.lens (\UpdateWorkgroup' {baseCapacity} -> baseCapacity) (\s@UpdateWorkgroup' {} a -> s {baseCapacity = a} :: UpdateWorkgroup)
    |                                                                                                                             ^^^^^^^^^^^^^^^^

gen/Amazonka/RedshiftServerLess/UpdateWorkgroup.hs:140:137: warning: [GHC-02256] [-Wambiguous-fields]
    The record update s {configParameters = a} with type UpdateWorkgroup is ambiguous.
    This will not be supported by -XDuplicateRecordFields in future releases of GHC.
    |
140 | updateWorkgroup_configParameters = Lens.lens (\UpdateWorkgroup' {configParameters} -> configParameters) (\s@UpdateWorkgroup' {} a -> s {configParameters = a} :: UpdateWorkgroup) Prelude.. Lens.mapping Lens.coerced
    |                                                                                                                                         ^^^^^^^^^^^^^^^^^^^^

gen/Amazonka/RedshiftServerLess/UpdateWorkgroup.hs:146:143: warning: [GHC-02256] [-Wambiguous-fields]
    The record update s {enhancedVpcRouting = a} with type UpdateWorkgroup is ambiguous.
    This will not be supported by -XDuplicateRecordFields in future releases of GHC.
    |
146 | updateWorkgroup_enhancedVpcRouting = Lens.lens (\UpdateWorkgroup' {enhancedVpcRouting} -> enhancedVpcRouting) (\s@UpdateWorkgroup' {} a -> s {enhancedVpcRouting = a} :: UpdateWorkgroup)
    |                                                                                                                                               ^^^^^^^^^^^^^^^^^^^^^^

gen/Amazonka/RedshiftServerLess/UpdateWorkgroup.hs:151:101: warning: [GHC-02256] [-Wambiguous-fields]
    The record update s {port = a} with type UpdateWorkgroup is ambiguous.
    This will not be supported by -XDuplicateRecordFields in future releases of GHC.
    |
151 | updateWorkgroup_port = Lens.lens (\UpdateWorkgroup' {port} -> port) (\s@UpdateWorkgroup' {} a -> s {port = a} :: UpdateWorkgroup)
    |                                                                                                     ^^^^^^^^

gen/Amazonka/RedshiftServerLess/UpdateWorkgroup.hs:156:143: warning: [GHC-02256] [-Wambiguous-fields]
    The record update s {publiclyAccessible = a} with type UpdateWorkgroup is ambiguous.
    This will not be supported by -XDuplicateRecordFields in future releases of GHC.
    |
156 | updateWorkgroup_publiclyAccessible = Lens.lens (\UpdateWorkgroup' {publiclyAccessible} -> publiclyAccessible) (\s@UpdateWorkgroup' {} a -> s {publiclyAccessible = a} :: UpdateWorkgroup)
    |                                                                                                                                               ^^^^^^^^^^^^^^^^^^^^^^

gen/Amazonka/RedshiftServerLess/UpdateWorkgroup.hs:160:137: warning: [GHC-02256] [-Wambiguous-fields]
    The record update s {securityGroupIds = a} with type UpdateWorkgroup is ambiguous.
    This will not be supported by -XDuplicateRecordFields in future releases of GHC.
    |
160 | updateWorkgroup_securityGroupIds = Lens.lens (\UpdateWorkgroup' {securityGroupIds} -> securityGroupIds) (\s@UpdateWorkgroup' {} a -> s {securityGroupIds = a} :: UpdateWorkgroup) Prelude.. Lens.mapping Lens.coerced
    |                                                                                                                                         ^^^^^^^^^^^^^^^^^^^^

gen/Amazonka/RedshiftServerLess/UpdateWorkgroup.hs:164:116: warning: [GHC-02256] [-Wambiguous-fields]
    The record update s {subnetIds = a} with type UpdateWorkgroup is ambiguous.
    This will not be supported by -XDuplicateRecordFields in future releases of GHC.
    |
164 | updateWorkgroup_subnetIds = Lens.lens (\UpdateWorkgroup' {subnetIds} -> subnetIds) (\s@UpdateWorkgroup' {} a -> s {subnetIds = a} :: UpdateWorkgroup) Prelude.. Lens.mapping Lens.coerced
    |                                                                                                                    ^^^^^^^^^^^^^

gen/Amazonka/RedshiftServerLess/UpdateWorkgroup.hs:168:128: warning: [GHC-02256] [-Wambiguous-fields]
    The record update s {workgroupName = a} with type UpdateWorkgroup is ambiguous.
    This will not be supported by -XDuplicateRecordFields in future releases of GHC.
    |
168 | updateWorkgroup_workgroupName = Lens.lens (\UpdateWorkgroup' {workgroupName} -> workgroupName) (\s@UpdateWorkgroup' {} a -> s {workgroupName = a} :: UpdateWorkgroup)
    |                                                                                                                                ^^^^^^^^^^^^^^^^^
[63 of 65] Compiling Amazonka.RedshiftServerLess.Lens
[64 of 65] Compiling Amazonka.RedshiftServerLess.Waiters
[65 of 65] Compiling Amazonka.RedshiftServerLess
Configuring test suite 'amazonka-redshift-serverless-test' for amazonka-redshift-serverless-2.0...
Preprocessing test suite 'amazonka-redshift-serverless-test' for amazonka-redshift-serverless-2.0...
Building test suite 'amazonka-redshift-serverless-test' for amazonka-redshift-serverless-2.0...
[1 of 4] Compiling Test.Amazonka.RedshiftServerLess
[2 of 4] Compiling Test.Amazonka.RedshiftServerLess.Internal
[3 of 4] Compiling Test.Amazonka.Gen.RedshiftServerLess
[4 of 4] Compiling Main
[5 of 5] Linking /tmp/workdir-amazonka-redshift-serverless/amazonka-redshift-serverless-2.0/dist-newstyle/build/x86_64-linux/ghc-9.6.6/amazonka-redshift-serverless-2.0/t/amazonka-redshift-serverless-test/build/amazonka-redshift-serverless-test/amazonka-redshift-serverless-test
