Build profile: -w ghc-9.6.6 -O1
In order, the following will be built (use -v for more details):
 - fcf-family-0.2.0.1 (lib) (first run)
 - fcf-family-0.2.0.1 (test:fcf-family-test) (first run)
Configuring library for fcf-family-0.2.0.1...
Preprocessing library for fcf-family-0.2.0.1...
Building library for fcf-family-0.2.0.1...
[1 of 3] Compiling Fcf.Family
[2 of 3] Compiling Fcf.Family.TH

src/Fcf/Family/TH.hs:28:1: warning: [-Wunused-imports]
    The import of ‘Control.Applicative’ is redundant
      except perhaps to import instances from ‘Control.Applicative’
    To import instances alone, use: import Control.Applicative()
   |
28 | import Control.Applicative (liftA2)
   | ^^^^^^^^^^^^^^^^^^^^^^^^^^^^^^^^^^^
[3 of 3] Compiling Fcf.Family.Meta
Configuring test suite 'fcf-family-test' for fcf-family-0.2.0.1...
Preprocessing test suite 'fcf-family-test' for fcf-family-0.2.0.1...
Building test suite 'fcf-family-test' for fcf-family-0.2.0.1...
[1 of 1] Compiling Main
[2 of 2] Linking /tmp/workdir-fcf-family/fcf-family-0.2.0.1/dist-newstyle/build/x86_64-linux/ghc-9.6.6/fcf-family-0.2.0.1/t/fcf-family-test/build/fcf-family-test/fcf-family-test
