Build profile: -w ghc-9.6.6 -O1
In order, the following will be built (use -v for more details):
 - snap-server-1.1.2.1 (lib) (first run)
 - snap-server-1.1.2.1 (test:testsuite) (first run)
Configuring library for snap-server-1.1.2.1...
Preprocessing library for snap-server-1.1.2.1...
Building library for snap-server-1.1.2.1...
[ 1 of 20] Compiling Control.Concurrent.Extended
[ 2 of 20] Compiling Paths_snap_server
[ 3 of 20] Compiling Snap.Internal.Http.Server.Address

src/Snap/Internal/Http/Server/Address.hs:70:5: warning: [GHC-53633] [-Woverlapping-patterns]
    Pattern match is redundant
    In a case alternative: _ -> ...
   |
70 |     _                     -> fail "Unsupported address type"
   |     ^^^^^^^^^^^^^^^^^^^^^^^^^^^^^^^^^^^^^^^^^^^^^^^^^^^^^^^^
[ 4 of 20] Compiling Snap.Internal.Http.Server.Clock
[ 5 of 20] Compiling Snap.Internal.Http.Server.Common
[ 6 of 20] Compiling Snap.Internal.Http.Server.Config
[ 7 of 20] Compiling Snap.Http.Server.Config
[ 8 of 20] Compiling Snap.Internal.Http.Server.Date
[ 9 of 20] Compiling Snap.Internal.Http.Server.Parser
[10 of 20] Compiling Snap.Internal.Http.Server.Thread
[11 of 20] Compiling Snap.Internal.Http.Server.TimeoutManager
[12 of 20] Compiling Snap.Internal.Http.Server.Types
[13 of 20] Compiling Snap.Internal.Http.Server.TLS
[14 of 20] Compiling Snap.Internal.Http.Server.Session

src/Snap/Internal/Http/Server/Session.hs:38:1: warning: [-Wunused-imports]
    The import of ‘Data.Monoid’ is redundant
      except perhaps to import instances from ‘Data.Monoid’
    To import instances alone, use: import Data.Monoid()
   |
38 | import           Data.Monoid                              ((<>))
   | ^^^^^^^^^^^^^^^^^^^^^^^^^^^^^^^^^^^^^^^^^^^^^^^^^^^^^^^^^^^^^^^^
[15 of 20] Compiling Snap.Http.Server.Types
[16 of 20] Compiling System.FastLogger
[17 of 20] Compiling System.SendFile.Linux
[18 of 20] Compiling System.SendFile
[19 of 20] Compiling Snap.Internal.Http.Server.Socket

src/Snap/Internal/Http/Server/Socket.hs:183:40: warning: [GHC-68441] [-Wdeprecations]
    In the use of ‘fdSocket’
    (imported from Network.Socket, but defined in Network.Socket.Types):
    Deprecated: "Use withFdSocket or unsafeFdSocket instead"
    |
183 |     go fileFd = do sockFd <- Fd `fmap` fdSocket sock
    |                                        ^^^^^^^^
[20 of 20] Compiling Snap.Http.Server
Configuring test suite 'testsuite' for snap-server-1.1.2.1...
Preprocessing test suite 'testsuite' for snap-server-1.1.2.1...
Building test suite 'testsuite' for snap-server-1.1.2.1...
[ 1 of 31] Compiling Control.Concurrent.Extended

src/Control/Concurrent/Extended.hs:28:1: warning: [-Wunused-imports]
    The import of ‘Foreign.C.String’ is redundant
      except perhaps to import instances from ‘Foreign.C.String’
    To import instances alone, use: import Foreign.C.String()
   |
28 | import           Foreign.C.String       (CString)
   | ^^^^^^^^^^^^^^^^^^^^^^^^^^^^^^^^^^^^^^^^^^^^^^^^^

src/Control/Concurrent/Extended.hs:29:1: warning: [-Wunused-imports]
    The import of ‘GHC.IO’ is redundant
      except perhaps to import instances from ‘GHC.IO’
    To import instances alone, use: import GHC.IO()
   |
29 | import           GHC.IO                 (IO (..))
   | ^^^^^^^^^^^^^^^^^^^^^^^^^^^^^^^^^^^^^^^^^^^^^^^^^

src/Control/Concurrent/Extended.hs:30:1: warning: [-Wunused-imports]
    The import of ‘GHC.Ptr’ is redundant
      except perhaps to import instances from ‘GHC.Ptr’
    To import instances alone, use: import GHC.Ptr()
   |
30 | import           GHC.Ptr                (Ptr (..))
   | ^^^^^^^^^^^^^^^^^^^^^^^^^^^^^^^^^^^^^^^^^^^^^^^^^^
[ 2 of 31] Compiling Paths_snap_server
[ 3 of 31] Compiling Snap.Internal.Http.Server.Address

src/Snap/Internal/Http/Server/Address.hs:70:5: warning: [GHC-53633] [-Woverlapping-patterns]
    Pattern match is redundant
    In a case alternative: _ -> ...
   |
70 |     _                     -> fail "Unsupported address type"
   |     ^^^^^^^^^^^^^^^^^^^^^^^^^^^^^^^^^^^^^^^^^^^^^^^^^^^^^^^^
[ 4 of 31] Compiling Snap.Internal.Http.Server.Clock
[ 5 of 31] Compiling Snap.Internal.Http.Server.Common
[ 6 of 31] Compiling Snap.Internal.Http.Server.Config
[ 7 of 31] Compiling Snap.Http.Server.Config
[ 8 of 31] Compiling Snap.Internal.Http.Server.Date
[ 9 of 31] Compiling Snap.Internal.Http.Server.Parser
[10 of 31] Compiling Snap.Internal.Http.Server.Thread
[11 of 31] Compiling Snap.Internal.Http.Server.TimeoutManager
[12 of 31] Compiling Snap.Internal.Http.Server.TimeoutManager.Tests
[13 of 31] Compiling Snap.Internal.Http.Server.Types
[14 of 31] Compiling Snap.Internal.Http.Server.TLS
[15 of 31] Compiling Snap.Internal.Http.Server.Session

src/Snap/Internal/Http/Server/Session.hs:38:1: warning: [-Wunused-imports]
    The import of ‘Data.Monoid’ is redundant
      except perhaps to import instances from ‘Data.Monoid’
    To import instances alone, use: import Data.Monoid()
   |
38 | import           Data.Monoid                              ((<>))
   | ^^^^^^^^^^^^^^^^^^^^^^^^^^^^^^^^^^^^^^^^^^^^^^^^^^^^^^^^^^^^^^^^
[16 of 31] Compiling Snap.Http.Server.Types
[17 of 31] Compiling Snap.Test.Common

test/Snap/Test/Common.hs:22:1: warning: [-Wunused-imports]
    The import of ‘Data.Monoid’ is redundant
      except perhaps to import instances from ‘Data.Monoid’
    To import instances alone, use: import Data.Monoid()
   |
22 | import           Data.Monoid                 (Monoid (mappend, mempty))
   | ^^^^^^^^^^^^^^^^^^^^^^^^^^^^^^^^^^^^^^^^^^^^^^^^^^^^^^^^^^^^^^^^^^^^^^^

test/Snap/Test/Common.hs:25:1: warning: [-Wdodgy-imports]
    Module ‘Network.Socket’ does not export ‘recv’
   |
25 | import qualified Network.Socket              as N hiding (recv)
   | ^^^^^^^^^^^^^^^^^^^^^^^^^^^^^^^^^^^^^^^^^^^^^^^^^^^^^^^^^^^^^^^
[18 of 31] Compiling Snap.Internal.Http.Server.Session.Tests

test/Snap/Internal/Http/Server/Session/Tests.hs:29:1: warning: [-Wunused-imports]
    The import of ‘Data.Monoid’ is redundant
      except perhaps to import instances from ‘Data.Monoid’
    To import instances alone, use: import Data.Monoid()
   |
29 | import           Data.Monoid                       (mappend)
   | ^^^^^^^^^^^^^^^^^^^^^^^^^^^^^^^^^^^^^^^^^^^^^^^^^^^^^^^^^^^^

test/Snap/Internal/Http/Server/Session/Tests.hs:326:13: warning: [GHC-62161] [-Wincomplete-uni-patterns]
    Pattern match(es) are non-exhaustive
    In a pattern binding:
        Patterns of type ‘Maybe [ByteString]’ not matched: Nothing
    |
326 |         let (Just l) = rqParam "param1" rq
    |             ^^^^^^^^^^^^^^^^^^^^^^^^^^^^^^

test/Snap/Internal/Http/Server/Session/Tests.hs:330:13: warning: [GHC-62161] [-Wincomplete-uni-patterns]
    Pattern match(es) are non-exhaustive
    In a pattern binding:
        Patterns of type ‘Maybe [ByteString]’ not matched: Nothing
    |
330 |         let (Just m) = rqParam "param2" rq
    |             ^^^^^^^^^^^^^^^^^^^^^^^^^^^^^^

test/Snap/Internal/Http/Server/Session/Tests.hs:334:13: warning: [GHC-62161] [-Wincomplete-uni-patterns]
    Pattern match(es) are non-exhaustive
    In a pattern binding:
        Patterns of type ‘Maybe [ByteString]’ not matched: Nothing
    |
334 |         let (Just l') = rqQueryParam "param1" rq
    |             ^^^^^^^^^^^^^^^^^^^^^^^^^^^^^^^^^^^^

test/Snap/Internal/Http/Server/Session/Tests.hs:361:13: warning: [GHC-62161] [-Wincomplete-uni-patterns]
    Pattern match(es) are non-exhaustive
    In a pattern binding:
        Patterns of type ‘Maybe [ByteString]’ not matched: Nothing
    |
361 |         let (Just l) = rqParam "param1" rq
    |             ^^^^^^^^^^^^^^^^^^^^^^^^^^^^^^

test/Snap/Internal/Http/Server/Session/Tests.hs:365:13: warning: [GHC-62161] [-Wincomplete-uni-patterns]
    Pattern match(es) are non-exhaustive
    In a pattern binding:
        Patterns of type ‘Maybe [ByteString]’ not matched: Nothing
    |
365 |         let (Just m) = rqParam "param2" rq
    |             ^^^^^^^^^^^^^^^^^^^^^^^^^^^^^^

test/Snap/Internal/Http/Server/Session/Tests.hs:369:13: warning: [GHC-62161] [-Wincomplete-uni-patterns]
    Pattern match(es) are non-exhaustive
    In a pattern binding:
        Patterns of type ‘Maybe [ByteString]’ not matched: Nothing
    |
369 |         let (Just l') = rqQueryParam "param1" rq
    |             ^^^^^^^^^^^^^^^^^^^^^^^^^^^^^^^^^^^^

test/Snap/Internal/Http/Server/Session/Tests.hs:377:13: warning: [GHC-62161] [-Wincomplete-uni-patterns]
    Pattern match(es) are non-exhaustive
    In a pattern binding:
        Patterns of type ‘Maybe [ByteString]’ not matched: Nothing
    |
377 |         let (Just p) = rqPostParam "param2" rq
    |             ^^^^^^^^^^^^^^^^^^^^^^^^^^^^^^^^^^

test/Snap/Internal/Http/Server/Session/Tests.hs:598:9: warning: [GHC-62161] [-Wincomplete-uni-patterns]
    Pattern match(es) are non-exhaustive
    In a pattern binding:
        Patterns of type ‘[Result]’ not matched:
            []
            ((SendFile _ _ _ _):_)
            ((Output _):_:_)
    |
598 |     let [Output out] = outputs
    |         ^^^^^^^^^^^^^^^^^^^^^^
[19 of 31] Compiling Snap.Internal.Http.Server.Parser.Tests

test/Snap/Internal/Http/Server/Parser/Tests.hs:14:1: warning: [-Wunused-imports]
    The import of ‘Data.Monoid’ is redundant
      except perhaps to import instances from ‘Data.Monoid’
    To import instances alone, use: import Data.Monoid()
   |
14 | import           Data.Monoid                          (mconcat)
   | ^^^^^^^^^^^^^^^^^^^^^^^^^^^^^^^^^^^^^^^^^^^^^^^^^^^^^^^^^^^^^^^
[20 of 31] Compiling Snap.Internal.Http.Server.Address.Tests
[21 of 31] Compiling System.FastLogger
[22 of 31] Compiling System.SendFile.Linux
[23 of 31] Compiling System.SendFile
[24 of 31] Compiling Snap.Internal.Http.Server.Socket

src/Snap/Internal/Http/Server/Socket.hs:183:40: warning: [GHC-68441] [-Wdeprecations]
    In the use of ‘fdSocket’
    (imported from Network.Socket, but defined in Network.Socket.Types):
    Deprecated: "Use withFdSocket or unsafeFdSocket instead"
    |
183 |     go fileFd = do sockFd <- Fd `fmap` fdSocket sock
    |                                        ^^^^^^^^
[25 of 31] Compiling Snap.Internal.Http.Server.Socket.Tests

test/Snap/Internal/Http/Server/Socket/Tests.hs:8:1: warning: [-Wunused-imports]
    The import of ‘Control.Applicative’ is redundant
      except perhaps to import instances from ‘Control.Applicative’
    To import instances alone, use: import Control.Applicative()
  |
8 | import           Control.Applicative               ((<$>))
  | ^^^^^^^^^^^^^^^^^^^^^^^^^^^^^^^^^^^^^^^^^^^^^^^^^^^^^^^^^^

test/Snap/Internal/Http/Server/Socket/Tests.hs:11:1: warning: [-Wunused-imports]
    The import of ‘Control.Concurrent’ is redundant
      except perhaps to import instances from ‘Control.Concurrent’
    To import instances alone, use: import Control.Concurrent()
   |
11 | import           Control.Concurrent                (forkIO, killThread, newEmptyMVar, putMVar, readMVar, takeMVar)
   | ^^^^^^^^^^^^^^^^^^^^^^^^^^^^^^^^^^^^^^^^^^^^^^^^^^^^^^^^^^^^^^^^^^^^^^^^^^^^^^^^^^^^^^^^^^^^^^^^^^^^^^^^^^^^^^^^^^

test/Snap/Internal/Http/Server/Socket/Tests.hs:13:1: warning: [-Wunused-imports]
    The import of ‘Data.IORef’ is redundant
      except perhaps to import instances from ‘Data.IORef’
    To import instances alone, use: import Data.IORef()
   |
13 | import           Data.IORef                        (newIORef, readIORef, writeIORef)
   | ^^^^^^^^^^^^^^^^^^^^^^^^^^^^^^^^^^^^^^^^^^^^^^^^^^^^^^^^^^^^^^^^^^^^^^^^^^^^^^^^^^^^

test/Snap/Internal/Http/Server/Socket/Tests.hs:19:84: warning: [-Wunused-imports]
    The import of ‘withSock’
    from module ‘Snap.Test.Common’ is redundant
   |
19 | import           Snap.Test.Common                  (eatException, expectException, withSock)
   |                                                                                    ^^^^^^^^
[26 of 31] Compiling Snap.Http.Server
[27 of 31] Compiling System.SendFile.Tests
[28 of 31] Compiling Test.Common.Rot13
[29 of 31] Compiling Test.Common.TestHandler

test/Test/Common/TestHandler.hs:18:1: warning: [-Wunused-imports]
    The import of ‘Data.Monoid’ is redundant
      except perhaps to import instances from ‘Data.Monoid’
    To import instances alone, use: import Data.Monoid()
   |
18 | import           Data.Monoid                   (Monoid (mappend, mconcat, mempty))
   | ^^^^^^^^^^^^^^^^^^^^^^^^^^^^^^^^^^^^^^^^^^^^^^^^^^^^^^^^^^^^^^^^^^^^^^^^^^^^^^^^^^
[30 of 31] Compiling Test.Blackbox
[31 of 31] Compiling Main
[32 of 32] Linking /tmp/workdir-snap-server/snap-server-1.1.2.1/dist-newstyle/build/x86_64-linux/ghc-9.6.6/snap-server-1.1.2.1/t/testsuite/build/testsuite/testsuite
