Build profile: -w ghc-9.6.6 -O1
In order, the following will be built (use -v for more details):
 - amazonka-honeycode-2.0 (lib) (first run)
 - amazonka-honeycode-2.0 (test:amazonka-honeycode-test) (first run)
Configuring library for amazonka-honeycode-2.0...
Preprocessing library for amazonka-honeycode-2.0...
Building library for amazonka-honeycode-2.0...
[ 1 of 49] Compiling Amazonka.HoneyCode.Types.CellInput
[ 2 of 49] Compiling Amazonka.HoneyCode.Types.CreateRowData
[ 3 of 49] Compiling Amazonka.HoneyCode.Types.ErrorCode
[ 4 of 49] Compiling Amazonka.HoneyCode.Types.FailedBatchItem
[ 5 of 49] Compiling Amazonka.HoneyCode.Types.Filter
[ 6 of 49] Compiling Amazonka.HoneyCode.Types.Format
[ 7 of 49] Compiling Amazonka.HoneyCode.Types.DataItem
[ 8 of 49] Compiling Amazonka.HoneyCode.Types.ColumnMetadata
[ 9 of 49] Compiling Amazonka.HoneyCode.Types.Cell
[10 of 49] Compiling Amazonka.HoneyCode.Types.ImportDataCharacterEncoding
[11 of 49] Compiling Amazonka.HoneyCode.Types.DelimitedTextImportOptions
[12 of 49] Compiling Amazonka.HoneyCode.Types.ImportDataSourceConfig
[13 of 49] Compiling Amazonka.HoneyCode.Types.ImportDataSource
[14 of 49] Compiling Amazonka.HoneyCode.Types.ImportJobSubmitter
[15 of 49] Compiling Amazonka.HoneyCode.Types.ImportSourceDataFormat
[16 of 49] Compiling Amazonka.HoneyCode.Types.ResultRow
[17 of 49] Compiling Amazonka.HoneyCode.Types.ResultSet
[18 of 49] Compiling Amazonka.HoneyCode.Types.SourceDataColumnProperties
[19 of 49] Compiling Amazonka.HoneyCode.Types.DestinationOptions
[20 of 49] Compiling Amazonka.HoneyCode.Types.ImportOptions
[21 of 49] Compiling Amazonka.HoneyCode.Types.Table
[22 of 49] Compiling Amazonka.HoneyCode.Types.TableColumn
[23 of 49] Compiling Amazonka.HoneyCode.Types.TableDataImportJobMetadata
[24 of 49] Compiling Amazonka.HoneyCode.Types.TableDataImportJobStatus
[25 of 49] Compiling Amazonka.HoneyCode.Types.TableRow
[26 of 49] Compiling Amazonka.HoneyCode.Types.UpdateRowData
[27 of 49] Compiling Amazonka.HoneyCode.Types.UpsertAction
[28 of 49] Compiling Amazonka.HoneyCode.Types.UpsertRowData
[29 of 49] Compiling Amazonka.HoneyCode.Types.UpsertRowsResult
[30 of 49] Compiling Amazonka.HoneyCode.Types.VariableValue
[31 of 49] Compiling Amazonka.HoneyCode.Types
[32 of 49] Compiling Amazonka.HoneyCode.TagResource
[33 of 49] Compiling Amazonka.HoneyCode.StartTableDataImportJob

gen/Amazonka/HoneyCode/StartTableDataImportJob.hs:170:143: warning: [GHC-02256] [-Wambiguous-fields]
    The record update s {dataSource = a} with type StartTableDataImportJob is ambiguous.
    This will not be supported by -XDuplicateRecordFields in future releases of GHC.
    |
170 | startTableDataImportJob_dataSource = Lens.lens (\StartTableDataImportJob' {dataSource} -> dataSource) (\s@StartTableDataImportJob' {} a -> s {dataSource = a} :: StartTableDataImportJob)
    |                                                                                                                                               ^^^^^^^^^^^^^^

gen/Amazonka/HoneyCode/StartTableDataImportJob.hs:186:152: warning: [GHC-02256] [-Wambiguous-fields]
    The record update s {importOptions = a} with type StartTableDataImportJob is ambiguous.
    This will not be supported by -XDuplicateRecordFields in future releases of GHC.
    |
186 | startTableDataImportJob_importOptions = Lens.lens (\StartTableDataImportJob' {importOptions} -> importOptions) (\s@StartTableDataImportJob' {} a -> s {importOptions = a} :: StartTableDataImportJob)
    |                                                                                                                                                        ^^^^^^^^^^^^^^^^^
[34 of 49] Compiling Amazonka.HoneyCode.QueryTableRows

gen/Amazonka/HoneyCode/QueryTableRows.hs:144:113: warning: [GHC-02256] [-Wambiguous-fields]
    The record update s {nextToken = a} with type QueryTableRows is ambiguous.
    This will not be supported by -XDuplicateRecordFields in future releases of GHC.
    |
144 | queryTableRows_nextToken = Lens.lens (\QueryTableRows' {nextToken} -> nextToken) (\s@QueryTableRows' {} a -> s {nextToken = a} :: QueryTableRows)
    |                                                                                                                 ^^^^^^^^^^^^^

gen/Amazonka/HoneyCode/QueryTableRows.hs:158:107: warning: [GHC-02256] [-Wambiguous-fields]
    The record update s {tableId = a} with type QueryTableRows is ambiguous.
    This will not be supported by -XDuplicateRecordFields in future releases of GHC.
    |
158 | queryTableRows_tableId = Lens.lens (\QueryTableRows' {tableId} -> tableId) (\s@QueryTableRows' {} a -> s {tableId = a} :: QueryTableRows)
    |                                                                                                           ^^^^^^^^^^^

gen/Amazonka/HoneyCode/QueryTableRows.hs:322:137: warning: [GHC-02256] [-Wambiguous-fields]
    The record update s {nextToken = a} with type QueryTableRowsResponse is ambiguous.
    This will not be supported by -XDuplicateRecordFields in future releases of GHC.
    |
322 | queryTableRowsResponse_nextToken = Lens.lens (\QueryTableRowsResponse' {nextToken} -> nextToken) (\s@QueryTableRowsResponse' {} a -> s {nextToken = a} :: QueryTableRowsResponse)
    |                                                                                                                                         ^^^^^^^^^^^^^

gen/Amazonka/HoneyCode/QueryTableRows.hs:335:122: warning: [GHC-02256] [-Wambiguous-fields]
    The record update s {rows = a} with type QueryTableRowsResponse is ambiguous.
    This will not be supported by -XDuplicateRecordFields in future releases of GHC.
    |
335 | queryTableRowsResponse_rows = Lens.lens (\QueryTableRowsResponse' {rows} -> rows) (\s@QueryTableRowsResponse' {} a -> s {rows = a} :: QueryTableRowsResponse) Prelude.. Lens.coerced
    |                                                                                                                          ^^^^^^^^
[35 of 49] Compiling Amazonka.HoneyCode.ListTagsForResource
[36 of 49] Compiling Amazonka.HoneyCode.ListTables

gen/Amazonka/HoneyCode/ListTables.hs:116:101: warning: [GHC-02256] [-Wambiguous-fields]
    The record update s {nextToken = a} with type ListTables is ambiguous.
    This will not be supported by -XDuplicateRecordFields in future releases of GHC.
    |
116 | listTables_nextToken = Lens.lens (\ListTables' {nextToken} -> nextToken) (\s@ListTables' {} a -> s {nextToken = a} :: ListTables)
    |                                                                                                     ^^^^^^^^^^^^^

gen/Amazonka/HoneyCode/ListTables.hs:248:125: warning: [GHC-02256] [-Wambiguous-fields]
    The record update s {nextToken = a} with type ListTablesResponse is ambiguous.
    This will not be supported by -XDuplicateRecordFields in future releases of GHC.
    |
248 | listTablesResponse_nextToken = Lens.lens (\ListTablesResponse' {nextToken} -> nextToken) (\s@ListTablesResponse' {} a -> s {nextToken = a} :: ListTablesResponse)
    |                                                                                                                             ^^^^^^^^^^^^^
[37 of 49] Compiling Amazonka.HoneyCode.ListTableRows

gen/Amazonka/HoneyCode/ListTableRows.hs:144:110: warning: [GHC-02256] [-Wambiguous-fields]
    The record update s {nextToken = a} with type ListTableRows is ambiguous.
    This will not be supported by -XDuplicateRecordFields in future releases of GHC.
    |
144 | listTableRows_nextToken = Lens.lens (\ListTableRows' {nextToken} -> nextToken) (\s@ListTableRows' {} a -> s {nextToken = a} :: ListTableRows)
    |                                                                                                              ^^^^^^^^^^^^^

gen/Amazonka/HoneyCode/ListTableRows.hs:150:101: warning: [GHC-02256] [-Wambiguous-fields]
    The record update s {rowIds = a} with type ListTableRows is ambiguous.
    This will not be supported by -XDuplicateRecordFields in future releases of GHC.
    |
150 | listTableRows_rowIds = Lens.lens (\ListTableRows' {rowIds} -> rowIds) (\s@ListTableRows' {} a -> s {rowIds = a} :: ListTableRows) Prelude.. Lens.mapping Lens.coerced
    |                                                                                                     ^^^^^^^^^^

gen/Amazonka/HoneyCode/ListTableRows.hs:165:104: warning: [GHC-02256] [-Wambiguous-fields]
    The record update s {tableId = a} with type ListTableRows is ambiguous.
    This will not be supported by -XDuplicateRecordFields in future releases of GHC.
    |
165 | listTableRows_tableId = Lens.lens (\ListTableRows' {tableId} -> tableId) (\s@ListTableRows' {} a -> s {tableId = a} :: ListTableRows)
    |                                                                                                        ^^^^^^^^^^^

gen/Amazonka/HoneyCode/ListTableRows.hs:332:134: warning: [GHC-02256] [-Wambiguous-fields]
    The record update s {nextToken = a} with type ListTableRowsResponse is ambiguous.
    This will not be supported by -XDuplicateRecordFields in future releases of GHC.
    |
332 | listTableRowsResponse_nextToken = Lens.lens (\ListTableRowsResponse' {nextToken} -> nextToken) (\s@ListTableRowsResponse' {} a -> s {nextToken = a} :: ListTableRowsResponse)
    |                                                                                                                                      ^^^^^^^^^^^^^

gen/Amazonka/HoneyCode/ListTableRows.hs:351:119: warning: [GHC-02256] [-Wambiguous-fields]
    The record update s {rows = a} with type ListTableRowsResponse is ambiguous.
    This will not be supported by -XDuplicateRecordFields in future releases of GHC.
    |
351 | listTableRowsResponse_rows = Lens.lens (\ListTableRowsResponse' {rows} -> rows) (\s@ListTableRowsResponse' {} a -> s {rows = a} :: ListTableRowsResponse) Prelude.. Lens.coerced
    |                                                                                                                       ^^^^^^^^
[38 of 49] Compiling Amazonka.HoneyCode.ListTableColumns

gen/Amazonka/HoneyCode/ListTableColumns.hs:122:119: warning: [GHC-02256] [-Wambiguous-fields]
    The record update s {nextToken = a} with type ListTableColumns is ambiguous.
    This will not be supported by -XDuplicateRecordFields in future releases of GHC.
    |
122 | listTableColumns_nextToken = Lens.lens (\ListTableColumns' {nextToken} -> nextToken) (\s@ListTableColumns' {} a -> s {nextToken = a} :: ListTableColumns)
    |                                                                                                                       ^^^^^^^^^^^^^

gen/Amazonka/HoneyCode/ListTableColumns.hs:137:113: warning: [GHC-02256] [-Wambiguous-fields]
    The record update s {tableId = a} with type ListTableColumns is ambiguous.
    This will not be supported by -XDuplicateRecordFields in future releases of GHC.
    |
137 | listTableColumns_tableId = Lens.lens (\ListTableColumns' {tableId} -> tableId) (\s@ListTableColumns' {} a -> s {tableId = a} :: ListTableColumns)
    |                                                                                                                 ^^^^^^^^^^^

gen/Amazonka/HoneyCode/ListTableColumns.hs:268:143: warning: [GHC-02256] [-Wambiguous-fields]
    The record update s {nextToken = a} with type ListTableColumnsResponse is ambiguous.
    This will not be supported by -XDuplicateRecordFields in future releases of GHC.
    |
268 | listTableColumnsResponse_nextToken = Lens.lens (\ListTableColumnsResponse' {nextToken} -> nextToken) (\s@ListTableColumnsResponse' {} a -> s {nextToken = a} :: ListTableColumnsResponse)
    |                                                                                                                                               ^^^^^^^^^^^^^
[39 of 49] Compiling Amazonka.HoneyCode.InvokeScreenAutomation

gen/Amazonka/HoneyCode/InvokeScreenAutomation.hs:170:125: warning: [GHC-02256] [-Wambiguous-fields]
    The record update s {rowId = a} with type InvokeScreenAutomation is ambiguous.
    This will not be supported by -XDuplicateRecordFields in future releases of GHC.
    |
170 | invokeScreenAutomation_rowId = Lens.lens (\InvokeScreenAutomation' {rowId} -> rowId) (\s@InvokeScreenAutomation' {} a -> s {rowId = a} :: InvokeScreenAutomation)
    |                                                                                                                             ^^^^^^^^^
[40 of 49] Compiling Amazonka.HoneyCode.GetScreenData

gen/Amazonka/HoneyCode/GetScreenData.hs:151:110: warning: [GHC-02256] [-Wambiguous-fields]
    The record update s {nextToken = a} with type GetScreenData is ambiguous.
    This will not be supported by -XDuplicateRecordFields in future releases of GHC.
    |
151 | getScreenData_nextToken = Lens.lens (\GetScreenData' {nextToken} -> nextToken) (\s@GetScreenData' {} a -> s {nextToken = a} :: GetScreenData)
    |                                                                                                              ^^^^^^^^^^^^^

gen/Amazonka/HoneyCode/GetScreenData.hs:294:134: warning: [GHC-02256] [-Wambiguous-fields]
    The record update s {nextToken = a} with type GetScreenDataResponse is ambiguous.
    This will not be supported by -XDuplicateRecordFields in future releases of GHC.
    |
294 | getScreenDataResponse_nextToken = Lens.lens (\GetScreenDataResponse' {nextToken} -> nextToken) (\s@GetScreenDataResponse' {} a -> s {nextToken = a} :: GetScreenDataResponse)
    |                                                                                                                                      ^^^^^^^^^^^^^
[41 of 49] Compiling Amazonka.HoneyCode.DescribeTableDataImportJob

gen/Amazonka/HoneyCode/DescribeTableDataImportJob.hs:131:143: warning: [GHC-02256] [-Wambiguous-fields]
    The record update s {tableId = a} with type DescribeTableDataImportJob is ambiguous.
    This will not be supported by -XDuplicateRecordFields in future releases of GHC.
    |
131 | describeTableDataImportJob_tableId = Lens.lens (\DescribeTableDataImportJob' {tableId} -> tableId) (\s@DescribeTableDataImportJob' {} a -> s {tableId = a} :: DescribeTableDataImportJob)
    |                                                                                                                                               ^^^^^^^^^^^
[42 of 49] Compiling Amazonka.HoneyCode.BatchUpsertTableRows

gen/Amazonka/HoneyCode/BatchUpsertTableRows.hs:180:125: warning: [GHC-02256] [-Wambiguous-fields]
    The record update s {tableId = a} with type BatchUpsertTableRows is ambiguous.
    This will not be supported by -XDuplicateRecordFields in future releases of GHC.
    |
180 | batchUpsertTableRows_tableId = Lens.lens (\BatchUpsertTableRows' {tableId} -> tableId) (\s@BatchUpsertTableRows' {} a -> s {tableId = a} :: BatchUpsertTableRows)
    |                                                                                                                             ^^^^^^^^^^^

gen/Amazonka/HoneyCode/BatchUpsertTableRows.hs:338:140: warning: [GHC-02256] [-Wambiguous-fields]
    The record update s {rows = a} with type BatchUpsertTableRowsResponse is ambiguous.
    This will not be supported by -XDuplicateRecordFields in future releases of GHC.
    |
338 | batchUpsertTableRowsResponse_rows = Lens.lens (\BatchUpsertTableRowsResponse' {rows} -> rows) (\s@BatchUpsertTableRowsResponse' {} a -> s {rows = a} :: BatchUpsertTableRowsResponse) Prelude.. Lens.coerced
    |                                                                                                                                            ^^^^^^^^
[43 of 49] Compiling Amazonka.HoneyCode.BatchUpdateTableRows

gen/Amazonka/HoneyCode/BatchUpdateTableRows.hs:177:125: warning: [GHC-02256] [-Wambiguous-fields]
    The record update s {tableId = a} with type BatchUpdateTableRows is ambiguous.
    This will not be supported by -XDuplicateRecordFields in future releases of GHC.
    |
177 | batchUpdateTableRows_tableId = Lens.lens (\BatchUpdateTableRows' {tableId} -> tableId) (\s@BatchUpdateTableRows' {} a -> s {tableId = a} :: BatchUpdateTableRows)
    |                                                                                                                             ^^^^^^^^^^^
[44 of 49] Compiling Amazonka.HoneyCode.BatchDeleteTableRows

gen/Amazonka/HoneyCode/BatchDeleteTableRows.hs:166:125: warning: [GHC-02256] [-Wambiguous-fields]
    The record update s {tableId = a} with type BatchDeleteTableRows is ambiguous.
    This will not be supported by -XDuplicateRecordFields in future releases of GHC.
    |
166 | batchDeleteTableRows_tableId = Lens.lens (\BatchDeleteTableRows' {tableId} -> tableId) (\s@BatchDeleteTableRows' {} a -> s {tableId = a} :: BatchDeleteTableRows)
    |                                                                                                                             ^^^^^^^^^^^

gen/Amazonka/HoneyCode/BatchDeleteTableRows.hs:175:122: warning: [GHC-02256] [-Wambiguous-fields]
    The record update s {rowIds = a} with type BatchDeleteTableRows is ambiguous.
    This will not be supported by -XDuplicateRecordFields in future releases of GHC.
    |
175 | batchDeleteTableRows_rowIds = Lens.lens (\BatchDeleteTableRows' {rowIds} -> rowIds) (\s@BatchDeleteTableRows' {} a -> s {rowIds = a} :: BatchDeleteTableRows) Prelude.. Lens.coerced
    |                                                                                                                          ^^^^^^^^^^
[45 of 49] Compiling Amazonka.HoneyCode.BatchCreateTableRows

gen/Amazonka/HoneyCode/BatchCreateTableRows.hs:178:125: warning: [GHC-02256] [-Wambiguous-fields]
    The record update s {tableId = a} with type BatchCreateTableRows is ambiguous.
    This will not be supported by -XDuplicateRecordFields in future releases of GHC.
    |
178 | batchCreateTableRows_tableId = Lens.lens (\BatchCreateTableRows' {tableId} -> tableId) (\s@BatchCreateTableRows' {} a -> s {tableId = a} :: BatchCreateTableRows)
    |                                                                                                                             ^^^^^^^^^^^
[46 of 49] Compiling Amazonka.HoneyCode.UntagResource
[47 of 49] Compiling Amazonka.HoneyCode.Lens
[48 of 49] Compiling Amazonka.HoneyCode.Waiters
[49 of 49] Compiling Amazonka.HoneyCode
Configuring test suite 'amazonka-honeycode-test' for amazonka-honeycode-2.0...
Preprocessing test suite 'amazonka-honeycode-test' for amazonka-honeycode-2.0...
Building test suite 'amazonka-honeycode-test' for amazonka-honeycode-2.0...
[1 of 4] Compiling Test.Amazonka.HoneyCode
[2 of 4] Compiling Test.Amazonka.HoneyCode.Internal
[3 of 4] Compiling Test.Amazonka.Gen.HoneyCode
[4 of 4] Compiling Main
[5 of 5] Linking /tmp/workdir-amazonka-honeycode/amazonka-honeycode-2.0/dist-newstyle/build/x86_64-linux/ghc-9.6.6/amazonka-honeycode-2.0/t/amazonka-honeycode-test/build/amazonka-honeycode-test/amazonka-honeycode-test
