Build profile: -w ghc-9.6.6 -O1
In order, the following will be built (use -v for more details):
 - burrito-2.0.1.10 (lib) (first run)
 - burrito-2.0.1.10 (test:burrito-test-suite) (first run)
Configuring library for burrito-2.0.1.10...
Preprocessing library for burrito-2.0.1.10...
Building library for burrito-2.0.1.10...
[ 1 of 21] Compiling Burrito.Internal.Type.Case
[ 2 of 21] Compiling Burrito.Internal.Type.Digit
[ 3 of 21] Compiling Burrito.Internal.Type.Character
[ 4 of 21] Compiling Burrito.Internal.Type.Field
[ 5 of 21] Compiling Burrito.Internal.Type.Literal
[ 6 of 21] Compiling Burrito.Internal.Type.MaxLength
[ 7 of 21] Compiling Burrito.Internal.Type.Match
[ 8 of 21] Compiling Burrito.Internal.Type.Modifier
[ 9 of 21] Compiling Burrito.Internal.Type.Name
[10 of 21] Compiling Burrito.Internal.Type.Operator
[11 of 21] Compiling Burrito.Internal.Type.Value
[12 of 21] Compiling Burrito.Internal.Type.Variable
[13 of 21] Compiling Burrito.Internal.Type.Expression
[14 of 21] Compiling Burrito.Internal.Type.Token
[15 of 21] Compiling Burrito.Internal.Render
[16 of 21] Compiling Burrito.Internal.Type.Template
[17 of 21] Compiling Burrito.Internal.Parse
[18 of 21] Compiling Burrito.Internal.Expand
[19 of 21] Compiling Burrito.Internal.TH
[20 of 21] Compiling Burrito.Internal.Match
[21 of 21] Compiling Burrito
Configuring test suite 'burrito-test-suite' for burrito-2.0.1.10...
Preprocessing test suite 'burrito-test-suite' for burrito-2.0.1.10...
Building test suite 'burrito-test-suite' for burrito-2.0.1.10...
[1 of 1] Compiling Main
[2 of 2] Linking /tmp/workdir-burrito/burrito-2.0.1.10/dist-newstyle/build/x86_64-linux/ghc-9.6.6/burrito-2.0.1.10/t/burrito-test-suite/build/burrito-test-suite/burrito-test-suite
