Build profile: -w ghc-9.6.6 -O1
In order, the following will be built (use -v for more details):
 - yaml-0.11.11.2 (lib) (first run)
 - yaml-0.11.11.2 (test:spec) (first run)
Configuring library for yaml-0.11.11.2...
Preprocessing library for yaml-0.11.11.2...
Building library for yaml-0.11.11.2...
[ 1 of 10] Compiling Data.Yaml.Internal

src/Data/Yaml/Internal.hs:53:1: warning: [-Wunused-imports]
    The import of ‘Data.Aeson.Internal’ is redundant
      except perhaps to import instances from ‘Data.Aeson.Internal’
    To import instances alone, use: import Data.Aeson.Internal()
   |
53 | import Data.Aeson.Internal (JSONPath, JSONPathElement(..), formatError)
   | ^^^^^^^^^^^^^^^^^^^^^^^^^^^^^^^^^^^^^^^^^^^^^^^^^^^^^^^^^^^^^^^^^^^^^^^

src/Data/Yaml/Internal.hs:53:1: warning: [-Wdeprecations]
    Module ‘Data.Aeson.Internal’ is deprecated:
      "All contents of this module are exported from Data.Aeson.Types module. This module will be removed in the next major aeson version."
   |
53 | import Data.Aeson.Internal (JSONPath, JSONPathElement(..), formatError)
   | ^^^^^^^^^^^^^^^^^^^^^^^^^^^^^^^^^^^^^^^^^^^^^^^^^^^^^^^^^^^^^^^^^^^^^^^
[ 2 of 10] Compiling Data.Yaml.Include
[ 3 of 10] Compiling Data.Yaml.Builder
[ 4 of 10] Compiling Data.Yaml
[ 5 of 10] Compiling Data.Yaml.Config
[ 6 of 10] Compiling Data.Yaml.Aeson
[ 7 of 10] Compiling Data.Yaml.Parser
[ 8 of 10] Compiling Data.Yaml.Pretty
[ 9 of 10] Compiling Data.Yaml.TH
[10 of 10] Compiling Paths_yaml
Configuring test suite 'spec' for yaml-0.11.11.2...
Preprocessing test suite 'spec' for yaml-0.11.11.2...
Building test suite 'spec' for yaml-0.11.11.2...
[1 of 5] Compiling Data.Yaml.IncludeSpec

test/Data/Yaml/IncludeSpec.hs:13:1: warning: [-Wdeprecations]
    Module ‘Data.Aeson.Internal’ is deprecated:
      "All contents of this module are exported from Data.Aeson.Types module. This module will be removed in the next major aeson version."
   |
13 | import           Data.Aeson.Internal (JSONPathElement(..))
   | ^^^^^^^^^^^^^^^^^^^^^^^^^^^^^^^^^^^^^^^^^^^^^^^^^^^^^^^^^^

test/Data/Yaml/IncludeSpec.hs:15:1: warning: [-Wunused-imports]
    The import of ‘Data.Yaml’ is redundant
      except perhaps to import instances from ‘Data.Yaml’
    To import instances alone, use: import Data.Yaml()
   |
15 | import           Data.Yaml (ParseException(InvalidYaml))
   | ^^^^^^^^^^^^^^^^^^^^^^^^^^^^^^^^^^^^^^^^^^^^^^^^^^^^^^^^
[2 of 5] Compiling Data.Yaml.THSpec
[3 of 5] Compiling Data.YamlSpec

test/Data/YamlSpec.hs:46:1: warning: [-Wunused-imports]
    The import of ‘Data.String’ is redundant
      except perhaps to import instances from ‘Data.String’
    To import instances alone, use: import Data.String()
   |
46 | import Data.String (fromString)
   | ^^^^^^^^^^^^^^^^^^^^^^^^^^^^^^^

test/Data/YamlSpec.hs:52:1: warning: [-Wunused-imports]
    The qualified import of ‘Data.HashMap.Strict’ is redundant
      except perhaps to import instances from ‘Data.HashMap.Strict’
    To import instances alone, use: import Data.HashMap.Strict()
   |
52 | import qualified Data.HashMap.Strict as HM
   | ^^^^^^^^^^^^^^^^^^^^^^^^^^^^^^^^^^^^^^^^^^

test/Data/YamlSpec.hs:61:1: warning: [-Wunused-top-binds]
    Defined but not used: ‘toText’
   |
61 | toText = K.toText
   | ^^^^^^
[4 of 5] Compiling Main
[5 of 5] Compiling Paths_yaml
[6 of 6] Linking /tmp/workdir-yaml/yaml-0.11.11.2/dist-newstyle/build/x86_64-linux/ghc-9.6.6/yaml-0.11.11.2/t/spec/build/spec/spec
