Build profile: -w ghc-9.6.6 -O1
In order, the following will be built (use -v for more details):
 - egison-pattern-src-0.2.1.2 (lib) (first run)
 - egison-pattern-src-0.2.1.2 (test:test) (first run)
Configuring library for egison-pattern-src-0.2.1.2...
Preprocessing library for egison-pattern-src-0.2.1.2...
Building library for egison-pattern-src-0.2.1.2...
[ 1 of 27] Compiling Language.Egison.Parser.Pattern.Prim.Location
[ 2 of 27] Compiling Language.Egison.Parser.Pattern.Token
[ 3 of 27] Compiling Language.Egison.Parser.Pattern.Prim.Source
[ 4 of 27] Compiling Language.Egison.Parser.Pattern.Prim.Error
[ 5 of 27] Compiling Language.Egison.Parser.Pattern.Parsable
[ 6 of 27] Compiling Language.Egison.Pretty.Pattern.Error
[ 7 of 27] Compiling Language.Egison.Syntax.Pattern.Expr
[ 8 of 27] Compiling Language.Egison.Syntax.Pattern.Base
[ 9 of 27] Compiling Language.Egison.Syntax.Pattern.Combinator
[10 of 27] Compiling Language.Egison.Syntax.Pattern
[11 of 27] Compiling Language.Egison.Syntax.Pattern.Fixity.Associativity
[12 of 27] Compiling Language.Egison.Syntax.Pattern.Fixity.Precedence
[13 of 27] Compiling Language.Egison.Syntax.Pattern.Fixity
[14 of 27] Compiling Language.Egison.Pretty.Pattern.PrintMode
[15 of 27] Compiling Language.Egison.Pretty.Pattern.Prim

src/Language/Egison/Pretty/Pattern/Prim.hs:21:1: warning: [-Wdeprecations]
    Module ‘Data.Text.Prettyprint.Doc’ is deprecated:
      "Use \"Prettyprinter\" instead."
   |
21 | import           Data.Text.Prettyprint.Doc     as X
   | ^^^^^^^^^^^^^^^^^^^^^^^^^^^^^^^^^^^^^^^^^^^^^^^^^^^...

src/Language/Egison/Pretty/Pattern/Prim.hs:33:1: warning: [-Wdeprecations]
    Module ‘Data.Text.Prettyprint.Doc’ is deprecated:
      "Use \"Prettyprinter\" instead."
   |
33 | import qualified Data.Text.Prettyprint.Doc     as PP
   | ^^^^^^^^^^^^^^^^^^^^^^^^^^^^^^^^^^^^^^^^^^^^^^^^^^^^...

src/Language/Egison/Pretty/Pattern/Prim.hs:40:1: warning: [-Wdeprecations]
    Module ‘Data.Text.Prettyprint.Doc.Render.Text’ is deprecated:
      "Use \"Prettyprinter.Render.Text\" instead."
   |
40 | import qualified Data.Text.Prettyprint.Doc.Render.Text
   | ^^^^^^^^^^^^^^^^^^^^^^^^^^^^^^^^^^^^^^^^^^^^^^^^^^^^^^...
[16 of 27] Compiling Language.Egison.Pretty.Pattern.Operator
[17 of 27] Compiling Language.Egison.Pretty.Pattern.Context
[18 of 27] Compiling Language.Egison.Pretty.Pattern.Print
[19 of 27] Compiling Language.Egison.Pretty.Pattern.External
[20 of 27] Compiling Language.Egison.Parser.Pattern.Prim.ParseMode
[21 of 27] Compiling Language.Egison.Parser.Pattern.Prim.Parse

src/Language/Egison/Parser/Pattern/Prim/Parse.hs:23:1: warning: [-Wunused-imports]
    The import of ‘Control.Monad.Fail’ is redundant
      except perhaps to import instances from ‘Control.Monad.Fail’
    To import instances alone, use: import Control.Monad.Fail()
   |
23 | import           Control.Monad.Fail             ( MonadFail )
   | ^^^^^^^^^^^^^^^^^^^^^^^^^^^^^^^^^^^^^^^^^^^^^^^^^^^^^^^^^^^^^
[22 of 27] Compiling Language.Egison.Parser.Pattern.Prim
[23 of 27] Compiling Language.Egison.Parser.Pattern.Combinator
[24 of 27] Compiling Language.Egison.Parser.Pattern.Expr

src/Language/Egison/Parser/Pattern/Expr.hs:43:1: warning: [-Wunused-imports]
    The import of ‘Language.Egison.Syntax.Pattern.Fixity’ is redundant
      except perhaps to import instances from ‘Language.Egison.Syntax.Pattern.Fixity’
    To import instances alone, use: import Language.Egison.Syntax.Pattern.Fixity()
   |
43 | import           Language.Egison.Syntax.Pattern.Fixity
   | ^^^^^^^^^^^^^^^^^^^^^^^^^^^^^^^^^^^^^^^^^^^^^^^^^^^^^^...
[25 of 27] Compiling Language.Egison.Syntax.Pattern.Fixity.Primitive
[26 of 27] Compiling Language.Egison.Pretty.Pattern

src/Language/Egison/Pretty/Pattern.hs:35:1: warning: [-Wunused-imports]
    The import of ‘Data.Semigroup’ is redundant
      except perhaps to import instances from ‘Data.Semigroup’
    To import instances alone, use: import Data.Semigroup()
   |
35 | import           Data.Semigroup                 ( (<>) )
   | ^^^^^^^^^^^^^^^^^^^^^^^^^^^^^^^^^^^^^^^^^^^^^^^^^^^^^^^^

src/Language/Egison/Pretty/Pattern.hs:48:1: warning: [-Wunused-imports]
    The import of ‘Language.Egison.Pretty.Pattern.Error’ is redundant
      except perhaps to import instances from ‘Language.Egison.Pretty.Pattern.Error’
    To import instances alone, use: import Language.Egison.Pretty.Pattern.Error()
   |
48 | import           Language.Egison.Pretty.Pattern.Error
   | ^^^^^^^^^^^^^^^^^^^^^^^^^^^^^^^^^^^^^^^^^^^^^^^^^^^^^...
[27 of 27] Compiling Language.Egison.Parser.Pattern
Configuring test suite 'test' for egison-pattern-src-0.2.1.2...
Preprocessing test suite 'test' for egison-pattern-src-0.2.1.2...
Building test suite 'test' for egison-pattern-src-0.2.1.2...
[1 of 4] Compiling TestImport

test/TestImport.hs:40:1: warning: [-Wunused-imports]
    The import of ‘Language.Egison.Syntax.Pattern.Expr’ is redundant
      except perhaps to import instances from ‘Language.Egison.Syntax.Pattern.Expr’
    To import instances alone, use: import Language.Egison.Syntax.Pattern.Expr()
   |
40 | import           Language.Egison.Syntax.Pattern.Expr
   | ^^^^^^^^^^^^^^^^^^^^^^^^^^^^^^^^^^^^^^^^^^^^^^^^^^^^...
[2 of 4] Compiling Language.Egison.Pretty.PatternSpec
[3 of 4] Compiling Language.Egison.Parser.PatternSpec
[4 of 4] Compiling Main
[5 of 5] Linking /tmp/workdir-egison-pattern-src/egison-pattern-src-0.2.1.2/dist-newstyle/build/x86_64-linux/ghc-9.6.6/egison-pattern-src-0.2.1.2/t/test/build/test/test
