Build profile: -w ghc-9.6.6 -O1
In order, the following will be built (use -v for more details):
 - cabal-plan-0.7.3.0 (lib) (first run)
 - cabal-plan-0.7.3.0 (exe:cabal-plan) (first run)
Configuring library for cabal-plan-0.7.3.0...
Preprocessing library for cabal-plan-0.7.3.0...
Building library for cabal-plan-0.7.3.0...
[1 of 1] Compiling Cabal.Plan
Configuring executable 'cabal-plan' for cabal-plan-0.7.3.0...
Preprocessing executable 'cabal-plan' for cabal-plan-0.7.3.0...
Building executable 'cabal-plan' for cabal-plan-0.7.3.0...
[1 of 6] Compiling CText

src-exe/CText.hs:30:1: warning: [-Wunused-imports]
    The import of ‘Data.Semigroup’ is redundant
      except perhaps to import instances from ‘Data.Semigroup’
    To import instances alone, use: import Data.Semigroup()
   |
30 | import           Data.Semigroup             (Semigroup (..))
   | ^^^^^^^^^^^^^^^^^^^^^^^^^^^^^^^^^^^^^^^^^^^^^^^^^^^^^^^^^^^^

src-exe/CText.hs:122:5: warning: [-Wnoncanonical-monad-instances]
    Noncanonical ‘pure = return’ definition detected
    in the instance declaration for ‘Applicative CWriter’.
    Move definition from ‘return’ to ‘pure’
    See also: https://gitlab.haskell.org/ghc/ghc/-/wikis/proposal/monad-of-no-return
    |
122 |     pure  = return
    |     ^^^^^^^^^^^^^^

src-exe/CText.hs:126:5: warning: [-Wnoncanonical-monad-instances]
    Noncanonical ‘return’ definition detected
    in the instance declaration for ‘Monad CWriter’.
    ‘return’ will eventually be removed in favour of ‘pure’
    Either remove definition for ‘return’ (recommended) or define as ‘return = pure’
    See also: https://gitlab.haskell.org/ghc/ghc/-/wikis/proposal/monad-of-no-return
    |
126 |     return x = CWriter $ \ls -> (ls, x)
    |     ^^^^^^^^^^^^^^^^^^^^^^^^^^^^^^^^^^^
[2 of 6] Compiling Flag
[3 of 6] Compiling LicenseReport
[4 of 6] Compiling Paths_cabal_plan
[5 of 6] Compiling ProcessLazyByteString
[6 of 6] Compiling Main

src-exe/cabal-plan.hs:541:21: warning: [GHC-62161] [-Wincomplete-uni-patterns]
    Pattern match(es) are non-exhaustive
    In a pattern binding:
        Patterns of type ‘Maybe Unit’ not matched: Nothing
    |
541 |                 let Just dep' = M.lookup dep pm
    |                     ^^^^^^^^^^^^^^^^^^^^^^^^^^^

src-exe/cabal-plan.hs:1300:9: warning: [GHC-62161] [-Wincomplete-uni-patterns]
    Pattern match(es) are non-exhaustive
    In a pattern binding:
        Patterns of type ‘Maybe Unit’ not matched: Nothing
     |
1300 |         Just x' = M.lookup pid pm
     |         ^^^^^^^^^^^^^^^^^^^^^^^^^
[7 of 7] Linking /tmp/workdir-cabal-plan/cabal-plan-0.7.3.0/dist-newstyle/build/x86_64-linux/ghc-9.6.6/cabal-plan-0.7.3.0/x/cabal-plan/build/cabal-plan/cabal-plan
