Build profile: -w ghc-9.6.6 -O1
In order, the following will be built (use -v for more details):
 - scalpel-core-0.6.2.2 (lib) (first run)
 - scalpel-core-0.6.2.2 (test:lib-tests) (first run)
Configuring library for scalpel-core-0.6.2.2...
Preprocessing library for scalpel-core-0.6.2.2...
Building library for scalpel-core-0.6.2.2...
[1 of 7] Compiling Text.HTML.Scalpel.Internal.Select.Types
[2 of 7] Compiling Text.HTML.Scalpel.Internal.Select.Combinators
[3 of 7] Compiling Text.HTML.Scalpel.Internal.Select

src/Text/HTML/Scalpel/Internal/Select.hs:16:29: warning: [-Wunused-imports]
    The import of ‘<$>’ from module ‘Control.Applicative’ is redundant
   |
16 | import Control.Applicative ((<$>), (<|>))
   |                             ^^^^^
[4 of 7] Compiling Text.HTML.Scalpel.Internal.Scrape
[5 of 7] Compiling Text.HTML.Scalpel.Internal.Scrape.StringLike
[6 of 7] Compiling Text.HTML.Scalpel.Internal.Serial
[7 of 7] Compiling Text.HTML.Scalpel.Core
Configuring test suite 'lib-tests' for scalpel-core-0.6.2.2...
Preprocessing test suite 'lib-tests' for scalpel-core-0.6.2.2...
Building test suite 'lib-tests' for scalpel-core-0.6.2.2...
[1 of 1] Compiling Main
[2 of 2] Linking /tmp/workdir-scalpel-core/scalpel-core-0.6.2.2/dist-newstyle/build/x86_64-linux/ghc-9.6.6/scalpel-core-0.6.2.2/t/lib-tests/build/lib-tests/lib-tests
