Build profile: -w ghc-9.6.6 -O1
In order, the following will be built (use -v for more details):
 - text-latin1-0.3.1 (lib:text-latin1) (first run)
Warning: text-latin1.cabal:33:30: version operators used. To use version
operators the package needs to specify at least 'cabal-version: >= 1.8'.
Configuring text-latin1-0.3.1...
Preprocessing library for text-latin1-0.3.1...
Building library for text-latin1-0.3.1...
[1 of 2] Compiling Text.Ascii

src/Text/Ascii.hs:111:1: warning: [-Wunused-imports]
    The import of ‘Data.Monoid’ is redundant
      except perhaps to import instances from ‘Data.Monoid’
    To import instances alone, use: import Data.Monoid()
    |
111 | import Data.Monoid (Monoid(..))
    | ^^^^^^^^^^^^^^^^^^^^^^^^^^^^^^^

src/Text/Ascii.hs:173:3: warning: [-Wnoncanonical-monoid-instances]
    Noncanonical ‘mappend’ definition detected
    in the instance declaration for ‘Monoid (Ascii α)’.
    ‘mappend’ will eventually be removed in favour of ‘(<>)’
    Either remove definition for ‘mappend’ (recommended) or define as ‘mappend = (<>)’
    See also: https://gitlab.haskell.org/ghc/ghc/-/wikis/proposal/semigroup-monoid
    |
173 |   mappend x y = trustMe $ mappend (checked x) (checked y)
    |   ^^^^^^^^^^^^^^^^^^^^^^^^^^^^^^^^^^^^^^^^^^^^^^^^^^^^^^^
[2 of 2] Compiling Text.Latin1

src/Text/Latin1.hs:51:1: warning: [-Wunused-imports]
    The import of ‘Data.Monoid’ is redundant
      except perhaps to import instances from ‘Data.Monoid’
    To import instances alone, use: import Data.Monoid()
   |
51 | import Data.Monoid (Monoid(..))
   | ^^^^^^^^^^^^^^^^^^^^^^^^^^^^^^^

src/Text/Latin1.hs:101:3: warning: [-Wnoncanonical-monoid-instances]
    Noncanonical ‘mappend’ definition detected
    in the instance declaration for ‘Monoid (Latin1 α)’.
    ‘mappend’ will eventually be removed in favour of ‘(<>)’
    Either remove definition for ‘mappend’ (recommended) or define as ‘mappend = (<>)’
    See also: https://gitlab.haskell.org/ghc/ghc/-/wikis/proposal/semigroup-monoid
    |
101 |   mappend x y = trustMe $ mappend (checked x) (checked y)
    |   ^^^^^^^^^^^^^^^^^^^^^^^^^^^^^^^^^^^^^^^^^^^^^^^^^^^^^^^
