Build profile: -w ghc-9.6.6 -O1
In order, the following will be built (use -v for more details):
 - pdf-toolbox-core-0.1.3 (lib) (first run)
 - pdf-toolbox-core-0.1.3 (test:test) (first run)
Configuring library for pdf-toolbox-core-0.1.3...
Preprocessing library for pdf-toolbox-core-0.1.3...
Building library for pdf-toolbox-core-0.1.3...
[ 1 of 20] Compiling Prelude
[ 2 of 20] Compiling Pdf.Core.Parsers.Util
[ 3 of 20] Compiling Pdf.Core.Name
[ 4 of 20] Compiling Pdf.Core.Object
[ 5 of 20] Compiling Pdf.Core.Stream.Filter.Type
[ 6 of 20] Compiling Pdf.Core.Parsers.Object
[ 7 of 20] Compiling Pdf.Core.Parsers.XRef
[ 8 of 20] Compiling Pdf.Core.Object.Util
[ 9 of 20] Compiling Pdf.Core.Object.Builder
[10 of 20] Compiling Pdf.Core.Writer
[11 of 20] Compiling Pdf.Core.IO.Buffer
[12 of 20] Compiling Pdf.Core.Exception
[13 of 20] Compiling Pdf.Core.Util
[14 of 20] Compiling Pdf.Core.Stream.Filter.FlateDecode
[15 of 20] Compiling Pdf.Core.Stream
[16 of 20] Compiling Pdf.Core.XRef
[17 of 20] Compiling Pdf.Core.Encryption
[18 of 20] Compiling Pdf.Core.File
[19 of 20] Compiling Pdf.Core
[20 of 20] Compiling Pdf.Core.Types
Configuring test suite 'test' for pdf-toolbox-core-0.1.3...
Preprocessing test suite 'test' for pdf-toolbox-core-0.1.3...
Building test suite 'test' for pdf-toolbox-core-0.1.3...
[1 of 8] Compiling Prelude
[2 of 8] Compiling Test.Name
[3 of 8] Compiling Test.Object.Builder
[4 of 8] Compiling Test.Object.Util
[5 of 8] Compiling Test.Parsers.Object
[6 of 8] Compiling Test.Stream
[7 of 8] Compiling Test.XRef
[8 of 8] Compiling Main
[9 of 9] Linking /tmp/workdir-pdf-toolbox-core/pdf-toolbox-core-0.1.3/dist-newstyle/build/x86_64-linux/ghc-9.6.6/pdf-toolbox-core-0.1.3/t/test/build/test/test
