Build profile: -w ghc-9.6.6 -O1
In order, the following will be built (use -v for more details):
 - Chart-1.9.5 (lib) (first run)
Configuring library for Chart-1.9.5...
Preprocessing library for Chart-1.9.5...
Building library for Chart-1.9.5...
[ 1 of 37] Compiling Graphics.Rendering.Chart.Geometry
[ 2 of 37] Compiling Graphics.Rendering.Chart.Backend.Types
[ 3 of 37] Compiling Graphics.Rendering.Chart.Backend.Impl
[ 4 of 37] Compiling Graphics.Rendering.Chart.Backend
[ 5 of 37] Compiling Graphics.Rendering.Chart.Drawing

Graphics/Rendering/Chart/Drawing.hs:377:11: warning: [GHC-62161] [-Wincomplete-uni-patterns]
    Pattern match(es) are non-exhaustive
    In a pattern binding:
        Patterns of type ‘[Point]’ not matched:
            []
            [_]
    |
377 |           (p1:p1':p1s) = map (\a -> Point (x + r * sin a)
    |           ^^^^^^^^^^^^^^^^^^^^^^^^^^^^^^^^^^^^^^^^^^^^^^^...
[ 6 of 37] Compiling Graphics.Rendering.Chart.Plot.Types
[ 7 of 37] Compiling Graphics.Rendering.Chart.Plot.Points
[ 8 of 37] Compiling Graphics.Rendering.Chart.Plot.Lines
[ 9 of 37] Compiling Graphics.Rendering.Chart.Plot.Hidden
[10 of 37] Compiling Graphics.Rendering.Chart.Plot.FillBetween

Graphics/Rendering/Chart/Plot/FillBetween.hs:67:5: warning: [GHC-62161] [-Wincomplete-uni-patterns]
    Pattern match(es) are non-exhaustive
    In a pattern binding: Patterns of type ‘[Point]’ not matched: []
   |
67 |     (p0:p1s) = map pmap' [ (x,y1) | (x,(y1,_)) <- vs ]
   |     ^^^^^^^^^^^^^^^^^^^^^^^^^^^^^^^^^^^^^^^^^^^^^^^^^^
[11 of 37] Compiling Graphics.Rendering.Chart.Plot.ErrBars
[12 of 37] Compiling Graphics.Rendering.Chart.Plot.Candle
[13 of 37] Compiling Graphics.Rendering.Chart.Utils
[14 of 37] Compiling Graphics.Rendering.Chart.Renderable
[15 of 37] Compiling Graphics.Rendering.Chart.SparkLine
[16 of 37] Compiling Graphics.Rendering.Chart.Plot.Annotation

Graphics/Rendering/Chart/Plot/Annotation.hs:29:1: warning: [-Wunused-imports]
    The import of ‘Graphics.Rendering.Chart.Drawing’ is redundant
      except perhaps to import instances from ‘Graphics.Rendering.Chart.Drawing’
    To import instances alone, use: import Graphics.Rendering.Chart.Drawing()
   |
29 | import Graphics.Rendering.Chart.Drawing
   | ^^^^^^^^^^^^^^^^^^^^^^^^^^^^^^^^^^^^^^^

Graphics/Rendering/Chart/Plot/Annotation.hs:30:1: warning: [-Wunused-imports]
    The import of ‘Graphics.Rendering.Chart.Geometry’ is redundant
      except perhaps to import instances from ‘Graphics.Rendering.Chart.Geometry’
    To import instances alone, use: import Graphics.Rendering.Chart.Geometry()
   |
30 | import Graphics.Rendering.Chart.Geometry
   | ^^^^^^^^^^^^^^^^^^^^^^^^^^^^^^^^^^^^^^^^

Graphics/Rendering/Chart/Plot/Annotation.hs:31:1: warning: [-Wunused-imports]
    The import of ‘Graphics.Rendering.Chart.Plot.Types’ is redundant
      except perhaps to import instances from ‘Graphics.Rendering.Chart.Plot.Types’
    To import instances alone, use: import Graphics.Rendering.Chart.Plot.Types()
   |
31 | import Graphics.Rendering.Chart.Plot.Types
   | ^^^^^^^^^^^^^^^^^^^^^^^^^^^^^^^^^^^^^^^^^^
[17 of 37] Compiling Graphics.Rendering.Chart.Grid
[18 of 37] Compiling Graphics.Rendering.Chart.Plot.Pie
[19 of 37] Compiling Graphics.Rendering.Chart.Legend
[20 of 37] Compiling Graphics.Rendering.Chart.Axis.Types
[21 of 37] Compiling Graphics.Rendering.Chart.Axis.Unit
[22 of 37] Compiling Graphics.Rendering.Chart.Axis.Time
[23 of 37] Compiling Graphics.Rendering.Chart.Axis.LocalTime
[24 of 37] Compiling Graphics.Rendering.Chart.Axis.Indexed
[25 of 37] Compiling Graphics.Rendering.Chart.Axis.Floating
[26 of 37] Compiling Graphics.Rendering.Chart.Axis.Int

Graphics/Rendering/Chart/Axis/Int.hs:116:5: warning: [GHC-62161] [-Wincomplete-uni-patterns]
    Pattern match(es) are non-exhaustive
    In a pattern binding: Patterns of type ‘[[a]]’ not matched: []
    |
116 |     (alt0:alts)          = map (\n -> steps n range) sampleSteps'
    |     ^^^^^^^^^^^^^^^^^^^^^^^^^^^^^^^^^^^^^^^^^^^^^^^^^^^^^^^^^^^^^
[27 of 37] Compiling Graphics.Rendering.Chart.Axis
[28 of 37] Compiling Graphics.Rendering.Chart.Plot.Vectors

Graphics/Rendering/Chart/Plot/Vectors.hs:103:23: warning: [GHC-62161] [-Wincomplete-uni-patterns]
    Pattern match(es) are non-exhaustive
    In a lambda abstraction:
        Patterns of type ‘PointShape’ not matched:
            PointShapeCircle
            PointShapePolygon _ _
            PointShapePlus
            PointShapeCross
            ...
    |
103 |                   %~ (\(PointShapeArrowHead a) -> PointShapeArrowHead $ a+angle)
    |                       ^^^^^^^^^^^^^^^^^^^^^^^^^^^^^^^^^^^^^^^^^^^^^^^^^^^^^^^^^
[29 of 37] Compiling Graphics.Rendering.Chart.Plot.Bars
[30 of 37] Compiling Graphics.Rendering.Chart.Plot.AreaSpots
[31 of 37] Compiling Numeric.Histogram
[32 of 37] Compiling Graphics.Rendering.Chart.Plot.Histogram
[33 of 37] Compiling Graphics.Rendering.Chart.Plot
[34 of 37] Compiling Graphics.Rendering.Chart.Layout
[35 of 37] Compiling Graphics.Rendering.Chart.State
[36 of 37] Compiling Graphics.Rendering.Chart
[37 of 37] Compiling Graphics.Rendering.Chart.Easy
