Build profile: -w ghc-9.6.6 -O1
In order, the following will be built (use -v for more details):
 - servant-swagger-1.2.1 (lib:servant-swagger, test:doctests, test:spec) (first run)
[1 of 2] Compiling Main             ( /tmp/workdir-servant-swagger/servant-swagger-1.2.1/dist-newstyle/build/x86_64-linux/ghc-9.6.6/servant-swagger-1.2.1/setup/setup.hs, /tmp/workdir-servant-swagger/servant-swagger-1.2.1/dist-newstyle/build/x86_64-linux/ghc-9.6.6/servant-swagger-1.2.1/setup/Main.o )
[2 of 2] Linking /tmp/workdir-servant-swagger/servant-swagger-1.2.1/dist-newstyle/build/x86_64-linux/ghc-9.6.6/servant-swagger-1.2.1/setup/setup
Configuring servant-swagger-1.2.1...
Preprocessing test suite 'doctests' for servant-swagger-1.2.1..
Building test suite 'doctests' for servant-swagger-1.2.1..
[1 of 2] Compiling Build_doctests
[2 of 2] Compiling Main
[3 of 3] Linking /tmp/workdir-servant-swagger/servant-swagger-1.2.1/dist-newstyle/build/x86_64-linux/ghc-9.6.6/servant-swagger-1.2.1/build/doctests/doctests
Preprocessing library for servant-swagger-1.2.1..
Building library for servant-swagger-1.2.1..
[ 1 of 10] Compiling Servant.Swagger.Internal.Orphans
[ 2 of 10] Compiling Servant.Swagger.Internal.TypeLevel.API
[ 3 of 10] Compiling Servant.Swagger.Internal
[ 4 of 10] Compiling Servant.Swagger.Internal.TypeLevel.TMap
[ 5 of 10] Compiling Servant.Swagger.Internal.TypeLevel.Every
[ 6 of 10] Compiling Servant.Swagger.Internal.TypeLevel
[ 7 of 10] Compiling Servant.Swagger.Internal.Test
[ 8 of 10] Compiling Servant.Swagger.Test
[ 9 of 10] Compiling Servant.Swagger
[10 of 10] Compiling Servant.Swagger.TypeLevel
Preprocessing test suite 'spec' for servant-swagger-1.2.1..
Building test suite 'spec' for servant-swagger-1.2.1..
[1 of 2] Compiling Servant.SwaggerSpec
[2 of 2] Compiling Main
[3 of 3] Linking /tmp/workdir-servant-swagger/servant-swagger-1.2.1/dist-newstyle/build/x86_64-linux/ghc-9.6.6/servant-swagger-1.2.1/build/spec/spec
