Build profile: -w ghc-9.6.6 -O1
In order, the following will be built (use -v for more details):
 - pid1-0.1.3.1 (lib) (first run)
 - pid1-0.1.3.1 (exe:pid1) (first run)
Configuring library for pid1-0.1.3.1...
Preprocessing library for pid1-0.1.3.1...
Building library for pid1-0.1.3.1...
[1 of 1] Compiling System.Process.PID1

src/System/Process/PID1.hs:227:17: warning: [GHC-81995] [-Wunused-do-bind]
    A do-notation statement discarded a result of type
      ‘ghc-prim:GHC.Types.Any’
    Suggested fix:
      Suppress this warning by saying
        ‘_ <- takeMVar childStatus >>= exitImmediately . toExitCode’
    |
227 |                 takeMVar childStatus >>= exitImmediately . toExitCode
    |                 ^^^^^^^^^^^^^^^^^^^^^^^^^^^^^^^^^^^^^^^^^^^^^^^^^^^^^
Configuring executable 'pid1' for pid1-0.1.3.1...
Preprocessing executable 'pid1' for pid1-0.1.3.1...
Building executable 'pid1' for pid1-0.1.3.1...
[1 of 1] Compiling Main
[2 of 2] Linking /tmp/workdir-pid1/pid1-0.1.3.1/dist-newstyle/build/x86_64-linux/ghc-9.6.6/pid1-0.1.3.1/x/pid1/build/pid1/pid1
