Build profile: -w ghc-9.6.6 -O1
In order, the following will be built (use -v for more details):
 - amazonka-apigatewaymanagementapi-2.0 (lib) (first run)
 - amazonka-apigatewaymanagementapi-2.0 (test:amazonka-apigatewaymanagementapi-test) (first run)
Configuring library for amazonka-apigatewaymanagementapi-2.0...
Preprocessing library for amazonka-apigatewaymanagementapi-2.0...
Building library for amazonka-apigatewaymanagementapi-2.0...
[1 of 8] Compiling Amazonka.APIGatewayManagementAPI.Types.Identity
[2 of 8] Compiling Amazonka.APIGatewayManagementAPI.Types
[3 of 8] Compiling Amazonka.APIGatewayManagementAPI.PostToConnection
[4 of 8] Compiling Amazonka.APIGatewayManagementAPI.GetConnection
[5 of 8] Compiling Amazonka.APIGatewayManagementAPI.DeleteConnection
[6 of 8] Compiling Amazonka.APIGatewayManagementAPI.Lens
[7 of 8] Compiling Amazonka.APIGatewayManagementAPI.Waiters
[8 of 8] Compiling Amazonka.APIGatewayManagementAPI
Configuring test suite 'amazonka-apigatewaymanagementapi-test' for amazonka-apigatewaymanagementapi-2.0...
Preprocessing test suite 'amazonka-apigatewaymanagementapi-test' for amazonka-apigatewaymanagementapi-2.0...
Building test suite 'amazonka-apigatewaymanagementapi-test' for amazonka-apigatewaymanagementapi-2.0...
[1 of 4] Compiling Test.Amazonka.APIGatewayManagementAPI
[2 of 4] Compiling Test.Amazonka.APIGatewayManagementAPI.Internal
[3 of 4] Compiling Main
[4 of 4] Compiling Test.Amazonka.Gen.APIGatewayManagementAPI
[5 of 5] Linking /tmp/workdir-amazonka-apigatewaymanagementapi/amazonka-apigatewaymanagementapi-2.0/dist-newstyle/build/x86_64-linux/ghc-9.6.6/amazonka-apigatewaymanagementapi-2.0/t/amazonka-apigatewaymanagementapi-test/build/amazonka-apigatewaymanagementapi-test/amazonka-apigatewaymanagementapi-test
