Build profile: -w ghc-9.6.6 -O1
In order, the following will be built (use -v for more details):
 - rando-0.0.0.4 (lib) (first run)
 - rando-0.0.0.4 (test:rando-tests) (first run)
Configuring library for rando-0.0.0.4...
Preprocessing library for rando-0.0.0.4...
Building library for rando-0.0.0.4...
[1 of 4] Compiling System.Random.Rando.Internal
[2 of 4] Compiling System.Random.Pick
[3 of 4] Compiling System.Random.Shuffle.FisherYates
[4 of 4] Compiling Rando
Configuring test suite 'rando-tests' for rando-0.0.0.4...
Preprocessing test suite 'rando-tests' for rando-0.0.0.4...
Building test suite 'rando-tests' for rando-0.0.0.4...

<no location info>: warning: [GHC-32850] [-Wmissing-home-modules]
    These modules are needed for compilation but not listed in your .cabal file's other-modules for ‘rando-0.0.0.4-inplace-rando-tests’ :
        Rando
        System.Random.Pick
        System.Random.Rando.Internal
        System.Random.Shuffle.FisherYates
[1 of 5] Compiling System.Random.Rando.Internal
[2 of 5] Compiling System.Random.Pick
[3 of 5] Compiling System.Random.Shuffle.FisherYates
[4 of 5] Compiling Rando
[5 of 5] Compiling Main

<no location info>: warning: [GHC-32850] [-Wmissing-home-modules]
    These modules are needed for compilation but not listed in your .cabal file's other-modules for ‘rando-0.0.0.4-inplace-rando-tests’ :
        Rando
        System.Random.Pick
        System.Random.Rando.Internal
        System.Random.Shuffle.FisherYates
[6 of 6] Linking /tmp/workdir-rando/rando-0.0.0.4/dist-newstyle/build/x86_64-linux/ghc-9.6.6/rando-0.0.0.4/t/rando-tests/build/rando-tests/rando-tests
