Build profile: -w ghc-9.6.6 -O1
In order, the following will be built (use -v for more details):
 - Yampa-0.14.10 (lib) (first run)
Configuring library for Yampa-0.14.10...
Preprocessing library for Yampa-0.14.10...
Building library for Yampa-0.14.10...
[ 1 of 18] Compiling FRP.Yampa.Arrow
[ 2 of 18] Compiling FRP.Yampa.Diagnostics
[ 3 of 18] Compiling FRP.Yampa.Event
[ 4 of 18] Compiling FRP.Yampa.InternalCore
[ 5 of 18] Compiling FRP.Yampa.Basic
[ 6 of 18] Compiling FRP.Yampa.Random
[ 7 of 18] Compiling FRP.Yampa.Scan
[ 8 of 18] Compiling FRP.Yampa.Delays
[ 9 of 18] Compiling FRP.Yampa.Hybrid
[10 of 18] Compiling FRP.Yampa.Integration
[11 of 18] Compiling FRP.Yampa.Loop
[12 of 18] Compiling FRP.Yampa.Simulation

src/FRP/Yampa/Simulation.hs:187:5: warning: [GHC-62161] [-Wincomplete-uni-patterns]
    Pattern match(es) are non-exhaustive
    In a pattern binding: Patterns of type ‘[b]’ not matched: []
    |
187 |     bbs@(b:_) = embed sf0 (a0, dtas)
    |     ^^^^^^^^^^^^^^^^^^^^^^^^^^^^^^^^
[13 of 18] Compiling FRP.Yampa.Switches
[14 of 18] Compiling FRP.Yampa.EventS
[15 of 18] Compiling FRP.Yampa.Conditional
[16 of 18] Compiling FRP.Yampa.Task
[17 of 18] Compiling FRP.Yampa.Time
[18 of 18] Compiling FRP.Yampa
