Build profile: -w ghc-9.6.6 -O1
In order, the following will be built (use -v for more details):
 - tree-diff-0.3.0.1 (lib) (first run)
 - tree-diff-0.3.0.1 (test:tree-diff-test) (first run)
Configuring library for tree-diff-0.3.0.1...
Preprocessing library for tree-diff-0.3.0.1...
Building library for tree-diff-0.3.0.1...
[ 1 of 10] Compiling Data.TreeDiff.List
[ 2 of 10] Compiling Data.TreeDiff.OMap
[ 3 of 10] Compiling Data.TreeDiff.Expr
[ 4 of 10] Compiling Data.TreeDiff.Class
[ 5 of 10] Compiling Data.TreeDiff.Parser
[ 6 of 10] Compiling Data.TreeDiff.Pretty

src/Data/TreeDiff/Pretty.hs:35:1: warning: [-Wdeprecations]
    Module ‘Text.PrettyPrint.ANSI.Leijen’ is deprecated:
      "Compatibility module for users of ansi-wl-pprint - use \"Prettyprinter\" instead"
   |
35 | import qualified Text.PrettyPrint.ANSI.Leijen as WL
   | ^^^^^^^^^^^^^^^^^^^^^^^^^^^^^^^^^^^^^^^^^^^^^^^^^^^

src/Data/TreeDiff/Pretty.hs:219:24: warning: [GHC-68441] [-Wdeprecations]
    In the use of type constructor or class ‘Doc’
    (imported from Text.PrettyPrint.ANSI.Leijen):
    Deprecated: "Compatibility module for users of ansi-wl-pprint - use "Prettyprinter" instead"
    |
219 | ansiWlPretty :: Pretty WL.Doc
    |                        ^^^^^^

src/Data/TreeDiff/Pretty.hs:221:18: warning: [GHC-68441] [-Wdeprecations]
    In the use of ‘text’ (imported from Text.PrettyPrint.ANSI.Leijen):
    Deprecated: "Compatibility module for users of ansi-wl-pprint - use "Prettyprinter" instead"
    |
221 |     { ppCon    = WL.text
    |                  ^^^^^^^

src/Data/TreeDiff/Pretty.hs:222:40: warning: [GHC-68441] [-Wdeprecations]
    In the use of ‘<+>’ (imported from Text.PrettyPrint.ANSI.Leijen):
    Deprecated: "Compatibility module for users of ansi-wl-pprint - use "Prettyprinter" instead"
    |
222 |     , ppRec    = \c xs -> ansiGroup (c WL.<+> WL.lbrace) WL.rbrace
    |                                        ^^^^^^

src/Data/TreeDiff/Pretty.hs:222:47: warning: [GHC-68441] [-Wdeprecations]
    In the use of ‘lbrace’
    (imported from Text.PrettyPrint.ANSI.Leijen):
    Deprecated: "Compatibility module for users of ansi-wl-pprint - use "Prettyprinter" instead"
    |
222 |     , ppRec    = \c xs -> ansiGroup (c WL.<+> WL.lbrace) WL.rbrace
    |                                               ^^^^^^^^^

src/Data/TreeDiff/Pretty.hs:222:58: warning: [GHC-68441] [-Wdeprecations]
    In the use of ‘rbrace’
    (imported from Text.PrettyPrint.ANSI.Leijen):
    Deprecated: "Compatibility module for users of ansi-wl-pprint - use "Prettyprinter" instead"
    |
222 |     , ppRec    = \c xs -> ansiGroup (c WL.<+> WL.lbrace) WL.rbrace
    |                                                          ^^^^^^^^^

src/Data/TreeDiff/Pretty.hs:223:35: warning: [GHC-68441] [-Wdeprecations]
    In the use of ‘text’ (imported from Text.PrettyPrint.ANSI.Leijen):
    Deprecated: "Compatibility module for users of ansi-wl-pprint - use "Prettyprinter" instead"
    |
223 |                $ map (\(fn, d) -> WL.text fn WL.<+> WL.equals WL.</> d) xs
    |                                   ^^^^^^^

src/Data/TreeDiff/Pretty.hs:223:46: warning: [GHC-68441] [-Wdeprecations]
    In the use of ‘<+>’ (imported from Text.PrettyPrint.ANSI.Leijen):
    Deprecated: "Compatibility module for users of ansi-wl-pprint - use "Prettyprinter" instead"
    |
223 |                $ map (\(fn, d) -> WL.text fn WL.<+> WL.equals WL.</> d) xs
    |                                              ^^^^^^

src/Data/TreeDiff/Pretty.hs:223:53: warning: [GHC-68441] [-Wdeprecations]
    In the use of ‘equals’
    (imported from Text.PrettyPrint.ANSI.Leijen):
    Deprecated: "Compatibility module for users of ansi-wl-pprint - use "Prettyprinter" instead"
    |
223 |                $ map (\(fn, d) -> WL.text fn WL.<+> WL.equals WL.</> d) xs
    |                                                     ^^^^^^^^^

src/Data/TreeDiff/Pretty.hs:223:63: warning: [GHC-68441] [-Wdeprecations]
    In the use of ‘</>’ (imported from Text.PrettyPrint.ANSI.Leijen):
    Deprecated: "Compatibility module for users of ansi-wl-pprint - use "Prettyprinter" instead"
    |
223 |                $ map (\(fn, d) -> WL.text fn WL.<+> WL.equals WL.</> d) xs
    |                                                               ^^^^^^

src/Data/TreeDiff/Pretty.hs:224:28: warning: [GHC-68441] [-Wdeprecations]
    In the use of ‘lbracket’
    (imported from Text.PrettyPrint.ANSI.Leijen):
    Deprecated: "Compatibility module for users of ansi-wl-pprint - use "Prettyprinter" instead"
    |
224 |     , ppLst    = ansiGroup WL.lbracket WL.rbracket
    |                            ^^^^^^^^^^^

src/Data/TreeDiff/Pretty.hs:224:40: warning: [GHC-68441] [-Wdeprecations]
    In the use of ‘rbracket’
    (imported from Text.PrettyPrint.ANSI.Leijen):
    Deprecated: "Compatibility module for users of ansi-wl-pprint - use "Prettyprinter" instead"
    |
224 |     , ppLst    = ansiGroup WL.lbracket WL.rbracket
    |                                        ^^^^^^^^^^^

src/Data/TreeDiff/Pretty.hs:225:18: warning: [GHC-68441] [-Wdeprecations]
    In the use of ‘dullwhite’
    (imported from Text.PrettyPrint.ANSI.Leijen):
    Deprecated: "Compatibility module for users of ansi-wl-pprint - use "Prettyprinter" instead"
    |
225 |     , ppCpy    = WL.dullwhite
    |                  ^^^^^^^^^^^^

src/Data/TreeDiff/Pretty.hs:226:24: warning: [GHC-68441] [-Wdeprecations]
    In the use of ‘green’ (imported from Text.PrettyPrint.ANSI.Leijen):
    Deprecated: "Compatibility module for users of ansi-wl-pprint - use "Prettyprinter" instead"
    |
226 |     , ppIns    = \d -> WL.green $ WL.plain $ WL.char '+' WL.<> d
    |                        ^^^^^^^^

src/Data/TreeDiff/Pretty.hs:226:35: warning: [GHC-68441] [-Wdeprecations]
    In the use of ‘plain’ (imported from Text.PrettyPrint.ANSI.Leijen):
    Deprecated: "Compatibility module for users of ansi-wl-pprint - use "Prettyprinter" instead"
    |
226 |     , ppIns    = \d -> WL.green $ WL.plain $ WL.char '+' WL.<> d
    |                                   ^^^^^^^^

src/Data/TreeDiff/Pretty.hs:226:46: warning: [GHC-68441] [-Wdeprecations]
    In the use of ‘char’ (imported from Text.PrettyPrint.ANSI.Leijen):
    Deprecated: "Compatibility module for users of ansi-wl-pprint - use "Prettyprinter" instead"
    |
226 |     , ppIns    = \d -> WL.green $ WL.plain $ WL.char '+' WL.<> d
    |                                              ^^^^^^^

src/Data/TreeDiff/Pretty.hs:227:24: warning: [GHC-68441] [-Wdeprecations]
    In the use of ‘red’ (imported from Text.PrettyPrint.ANSI.Leijen):
    Deprecated: "Compatibility module for users of ansi-wl-pprint - use "Prettyprinter" instead"
    |
227 |     , ppDel    = \d -> WL.red   $ WL.plain $ WL.char '-' WL.<> d
    |                        ^^^^^^

src/Data/TreeDiff/Pretty.hs:227:35: warning: [GHC-68441] [-Wdeprecations]
    In the use of ‘plain’ (imported from Text.PrettyPrint.ANSI.Leijen):
    Deprecated: "Compatibility module for users of ansi-wl-pprint - use "Prettyprinter" instead"
    |
227 |     , ppDel    = \d -> WL.red   $ WL.plain $ WL.char '-' WL.<> d
    |                                   ^^^^^^^^

src/Data/TreeDiff/Pretty.hs:227:46: warning: [GHC-68441] [-Wdeprecations]
    In the use of ‘char’ (imported from Text.PrettyPrint.ANSI.Leijen):
    Deprecated: "Compatibility module for users of ansi-wl-pprint - use "Prettyprinter" instead"
    |
227 |     , ppDel    = \d -> WL.red   $ WL.plain $ WL.char '-' WL.<> d
    |                                              ^^^^^^^

src/Data/TreeDiff/Pretty.hs:228:27: warning: [GHC-68441] [-Wdeprecations]
    In the use of ‘group’ (imported from Text.PrettyPrint.ANSI.Leijen):
    Deprecated: "Compatibility module for users of ansi-wl-pprint - use "Prettyprinter" instead"
    |
228 |     , ppApp    = \f xs -> WL.group $ WL.nest 2 $ f WL.<$> WL.vsep xs
    |                           ^^^^^^^^

src/Data/TreeDiff/Pretty.hs:228:38: warning: [GHC-68441] [-Wdeprecations]
    In the use of ‘nest’ (imported from Text.PrettyPrint.ANSI.Leijen):
    Deprecated: "Compatibility module for users of ansi-wl-pprint - use "Prettyprinter" instead"
    |
228 |     , ppApp    = \f xs -> WL.group $ WL.nest 2 $ f WL.<$> WL.vsep xs
    |                                      ^^^^^^^

src/Data/TreeDiff/Pretty.hs:228:52: warning: [GHC-68441] [-Wdeprecations]
    In the use of ‘<$>’ (imported from Text.PrettyPrint.ANSI.Leijen):
    Deprecated: "Compatibility module for users of ansi-wl-pprint - use "Prettyprinter" instead"
    |
228 |     , ppApp    = \f xs -> WL.group $ WL.nest 2 $ f WL.<$> WL.vsep xs
    |                                                    ^^^^^^

src/Data/TreeDiff/Pretty.hs:228:59: warning: [GHC-68441] [-Wdeprecations]
    In the use of ‘vsep’ (imported from Text.PrettyPrint.ANSI.Leijen):
    Deprecated: "Compatibility module for users of ansi-wl-pprint - use "Prettyprinter" instead"
    |
228 |     , ppApp    = \f xs -> WL.group $ WL.nest 2 $ f WL.<$> WL.vsep xs
    |                                                           ^^^^^^^

src/Data/TreeDiff/Pretty.hs:229:18: warning: [GHC-68441] [-Wdeprecations]
    In the use of ‘sep’ (imported from Text.PrettyPrint.ANSI.Leijen):
    Deprecated: "Compatibility module for users of ansi-wl-pprint - use "Prettyprinter" instead"
    |
229 |     , ppEdits  = WL.sep
    |                  ^^^^^^

src/Data/TreeDiff/Pretty.hs:230:18: warning: [GHC-68441] [-Wdeprecations]
    In the use of ‘text’ (imported from Text.PrettyPrint.ANSI.Leijen):
    Deprecated: "Compatibility module for users of ansi-wl-pprint - use "Prettyprinter" instead"
    |
230 |     , ppEllip  = WL.text "..."
    |                  ^^^^^^^

src/Data/TreeDiff/Pretty.hs:231:18: warning: [GHC-68441] [-Wdeprecations]
    In the use of ‘parens’
    (imported from Text.PrettyPrint.ANSI.Leijen):
    Deprecated: "Compatibility module for users of ansi-wl-pprint - use "Prettyprinter" instead"
    |
231 |     , ppParens = WL.parens
    |                  ^^^^^^^^^

src/Data/TreeDiff/Pretty.hs:234:14: warning: [GHC-68441] [-Wdeprecations]
    In the use of type constructor or class ‘Doc’
    (imported from Text.PrettyPrint.ANSI.Leijen):
    Deprecated: "Compatibility module for users of ansi-wl-pprint - use "Prettyprinter" instead"
    |
234 | ansiGroup :: WL.Doc -> WL.Doc -> [WL.Doc] -> WL.Doc
    |              ^^^^^^

src/Data/TreeDiff/Pretty.hs:234:24: warning: [GHC-68441] [-Wdeprecations]
    In the use of type constructor or class ‘Doc’
    (imported from Text.PrettyPrint.ANSI.Leijen):
    Deprecated: "Compatibility module for users of ansi-wl-pprint - use "Prettyprinter" instead"
    |
234 | ansiGroup :: WL.Doc -> WL.Doc -> [WL.Doc] -> WL.Doc
    |                        ^^^^^^

src/Data/TreeDiff/Pretty.hs:234:35: warning: [GHC-68441] [-Wdeprecations]
    In the use of type constructor or class ‘Doc’
    (imported from Text.PrettyPrint.ANSI.Leijen):
    Deprecated: "Compatibility module for users of ansi-wl-pprint - use "Prettyprinter" instead"
    |
234 | ansiGroup :: WL.Doc -> WL.Doc -> [WL.Doc] -> WL.Doc
    |                                   ^^^^^^

src/Data/TreeDiff/Pretty.hs:234:46: warning: [GHC-68441] [-Wdeprecations]
    In the use of type constructor or class ‘Doc’
    (imported from Text.PrettyPrint.ANSI.Leijen):
    Deprecated: "Compatibility module for users of ansi-wl-pprint - use "Prettyprinter" instead"
    |
234 | ansiGroup :: WL.Doc -> WL.Doc -> [WL.Doc] -> WL.Doc
    |                                              ^^^^^^

src/Data/TreeDiff/Pretty.hs:235:20: warning: [GHC-68441] [-Wdeprecations]
    In the use of ‘group’ (imported from Text.PrettyPrint.ANSI.Leijen):
    Deprecated: "Compatibility module for users of ansi-wl-pprint - use "Prettyprinter" instead"
    |
235 | ansiGroup l r xs = WL.group $ WL.nest 2 (l WL.<$$> WL.vsep (WL.punctuate WL.comma xs) WL.<> r)
    |                    ^^^^^^^^

src/Data/TreeDiff/Pretty.hs:235:31: warning: [GHC-68441] [-Wdeprecations]
    In the use of ‘nest’ (imported from Text.PrettyPrint.ANSI.Leijen):
    Deprecated: "Compatibility module for users of ansi-wl-pprint - use "Prettyprinter" instead"
    |
235 | ansiGroup l r xs = WL.group $ WL.nest 2 (l WL.<$$> WL.vsep (WL.punctuate WL.comma xs) WL.<> r)
    |                               ^^^^^^^

src/Data/TreeDiff/Pretty.hs:235:44: warning: [GHC-68441] [-Wdeprecations]
    In the use of ‘<$$>’ (imported from Text.PrettyPrint.ANSI.Leijen):
    Deprecated: "Compatibility module for users of ansi-wl-pprint - use "Prettyprinter" instead"
    |
235 | ansiGroup l r xs = WL.group $ WL.nest 2 (l WL.<$$> WL.vsep (WL.punctuate WL.comma xs) WL.<> r)
    |                                            ^^^^^^^

src/Data/TreeDiff/Pretty.hs:235:52: warning: [GHC-68441] [-Wdeprecations]
    In the use of ‘vsep’ (imported from Text.PrettyPrint.ANSI.Leijen):
    Deprecated: "Compatibility module for users of ansi-wl-pprint - use "Prettyprinter" instead"
    |
235 | ansiGroup l r xs = WL.group $ WL.nest 2 (l WL.<$$> WL.vsep (WL.punctuate WL.comma xs) WL.<> r)
    |                                                    ^^^^^^^

src/Data/TreeDiff/Pretty.hs:235:61: warning: [GHC-68441] [-Wdeprecations]
    In the use of ‘punctuate’
    (imported from Text.PrettyPrint.ANSI.Leijen):
    Deprecated: "Compatibility module for users of ansi-wl-pprint - use "Prettyprinter" instead"
    |
235 | ansiGroup l r xs = WL.group $ WL.nest 2 (l WL.<$$> WL.vsep (WL.punctuate WL.comma xs) WL.<> r)
    |                                                             ^^^^^^^^^^^^

src/Data/TreeDiff/Pretty.hs:235:74: warning: [GHC-68441] [-Wdeprecations]
    In the use of ‘comma’ (imported from Text.PrettyPrint.ANSI.Leijen):
    Deprecated: "Compatibility module for users of ansi-wl-pprint - use "Prettyprinter" instead"
    |
235 | ansiGroup l r xs = WL.group $ WL.nest 2 (l WL.<$$> WL.vsep (WL.punctuate WL.comma xs) WL.<> r)
    |                                                                          ^^^^^^^^

src/Data/TreeDiff/Pretty.hs:238:23: warning: [GHC-68441] [-Wdeprecations]
    In the use of type constructor or class ‘Doc’
    (imported from Text.PrettyPrint.ANSI.Leijen):
    Deprecated: "Compatibility module for users of ansi-wl-pprint - use "Prettyprinter" instead"
    |
238 | ansiWlExpr :: Expr -> WL.Doc
    |                       ^^^^^^

src/Data/TreeDiff/Pretty.hs:242:36: warning: [GHC-68441] [-Wdeprecations]
    In the use of type constructor or class ‘Doc’
    (imported from Text.PrettyPrint.ANSI.Leijen):
    Deprecated: "Compatibility module for users of ansi-wl-pprint - use "Prettyprinter" instead"
    |
242 | ansiWlEditExpr :: Edit EditExpr -> WL.Doc
    |                                    ^^^^^^

src/Data/TreeDiff/Pretty.hs:246:43: warning: [GHC-68441] [-Wdeprecations]
    In the use of type constructor or class ‘Doc’
    (imported from Text.PrettyPrint.ANSI.Leijen):
    Deprecated: "Compatibility module for users of ansi-wl-pprint - use "Prettyprinter" instead"
    |
246 | ansiWlEditExprCompact :: Edit EditExpr -> WL.Doc
    |                                           ^^^^^^

src/Data/TreeDiff/Pretty.hs:254:26: warning: [GHC-68441] [-Wdeprecations]
    In the use of type constructor or class ‘Doc’
    (imported from Text.PrettyPrint.ANSI.Leijen):
    Deprecated: "Compatibility module for users of ansi-wl-pprint - use "Prettyprinter" instead"
    |
254 | ansiWlBgPretty :: Pretty WL.Doc
    |                          ^^^^^^

src/Data/TreeDiff/Pretty.hs:256:24: warning: [GHC-68441] [-Wdeprecations]
    In the use of ‘ondullgreen’
    (imported from Text.PrettyPrint.ANSI.Leijen):
    Deprecated: "Compatibility module for users of ansi-wl-pprint - use "Prettyprinter" instead"
    |
256 |     { ppIns    = \d -> WL.ondullgreen $ WL.white $ WL.plain $ WL.char '+' WL.<> d
    |                        ^^^^^^^^^^^^^^

src/Data/TreeDiff/Pretty.hs:256:41: warning: [GHC-68441] [-Wdeprecations]
    In the use of ‘white’ (imported from Text.PrettyPrint.ANSI.Leijen):
    Deprecated: "Compatibility module for users of ansi-wl-pprint - use "Prettyprinter" instead"
    |
256 |     { ppIns    = \d -> WL.ondullgreen $ WL.white $ WL.plain $ WL.char '+' WL.<> d
    |                                         ^^^^^^^^

src/Data/TreeDiff/Pretty.hs:256:52: warning: [GHC-68441] [-Wdeprecations]
    In the use of ‘plain’ (imported from Text.PrettyPrint.ANSI.Leijen):
    Deprecated: "Compatibility module for users of ansi-wl-pprint - use "Prettyprinter" instead"
    |
256 |     { ppIns    = \d -> WL.ondullgreen $ WL.white $ WL.plain $ WL.char '+' WL.<> d
    |                                                    ^^^^^^^^

src/Data/TreeDiff/Pretty.hs:256:63: warning: [GHC-68441] [-Wdeprecations]
    In the use of ‘char’ (imported from Text.PrettyPrint.ANSI.Leijen):
    Deprecated: "Compatibility module for users of ansi-wl-pprint - use "Prettyprinter" instead"
    |
256 |     { ppIns    = \d -> WL.ondullgreen $ WL.white $ WL.plain $ WL.char '+' WL.<> d
    |                                                               ^^^^^^^

src/Data/TreeDiff/Pretty.hs:257:24: warning: [GHC-68441] [-Wdeprecations]
    In the use of ‘ondullred’
    (imported from Text.PrettyPrint.ANSI.Leijen):
    Deprecated: "Compatibility module for users of ansi-wl-pprint - use "Prettyprinter" instead"
    |
257 |     , ppDel    = \d -> WL.ondullred   $ WL.white $ WL.plain $ WL.char '-' WL.<> d
    |                        ^^^^^^^^^^^^

src/Data/TreeDiff/Pretty.hs:257:41: warning: [GHC-68441] [-Wdeprecations]
    In the use of ‘white’ (imported from Text.PrettyPrint.ANSI.Leijen):
    Deprecated: "Compatibility module for users of ansi-wl-pprint - use "Prettyprinter" instead"
    |
257 |     , ppDel    = \d -> WL.ondullred   $ WL.white $ WL.plain $ WL.char '-' WL.<> d
    |                                         ^^^^^^^^

src/Data/TreeDiff/Pretty.hs:257:52: warning: [GHC-68441] [-Wdeprecations]
    In the use of ‘plain’ (imported from Text.PrettyPrint.ANSI.Leijen):
    Deprecated: "Compatibility module for users of ansi-wl-pprint - use "Prettyprinter" instead"
    |
257 |     , ppDel    = \d -> WL.ondullred   $ WL.white $ WL.plain $ WL.char '-' WL.<> d
    |                                                    ^^^^^^^^

src/Data/TreeDiff/Pretty.hs:257:63: warning: [GHC-68441] [-Wdeprecations]
    In the use of ‘char’ (imported from Text.PrettyPrint.ANSI.Leijen):
    Deprecated: "Compatibility module for users of ansi-wl-pprint - use "Prettyprinter" instead"
    |
257 |     , ppDel    = \d -> WL.ondullred   $ WL.white $ WL.plain $ WL.char '-' WL.<> d
    |                                                               ^^^^^^^

src/Data/TreeDiff/Pretty.hs:261:25: warning: [GHC-68441] [-Wdeprecations]
    In the use of type constructor or class ‘Doc’
    (imported from Text.PrettyPrint.ANSI.Leijen):
    Deprecated: "Compatibility module for users of ansi-wl-pprint - use "Prettyprinter" instead"
    |
261 | ansiWlBgExpr :: Expr -> WL.Doc
    |                         ^^^^^^

src/Data/TreeDiff/Pretty.hs:265:38: warning: [GHC-68441] [-Wdeprecations]
    In the use of type constructor or class ‘Doc’
    (imported from Text.PrettyPrint.ANSI.Leijen):
    Deprecated: "Compatibility module for users of ansi-wl-pprint - use "Prettyprinter" instead"
    |
265 | ansiWlBgEditExpr :: Edit EditExpr -> WL.Doc
    |                                      ^^^^^^

src/Data/TreeDiff/Pretty.hs:269:45: warning: [GHC-68441] [-Wdeprecations]
    In the use of type constructor or class ‘Doc’
    (imported from Text.PrettyPrint.ANSI.Leijen):
    Deprecated: "Compatibility module for users of ansi-wl-pprint - use "Prettyprinter" instead"
    |
269 | ansiWlBgEditExprCompact :: Edit EditExpr -> WL.Doc
    |                                             ^^^^^^
[ 7 of 10] Compiling Data.TreeDiff
[ 8 of 10] Compiling Data.TreeDiff.Golden

src/Data/TreeDiff/Golden.hs:16:1: warning: [-Wdeprecations]
    Module ‘Text.PrettyPrint.ANSI.Leijen’ is deprecated:
      "Compatibility module for users of ansi-wl-pprint - use \"Prettyprinter\" instead"
   |
16 | import qualified Text.PrettyPrint.ANSI.Leijen as WL
   | ^^^^^^^^^^^^^^^^^^^^^^^^^^^^^^^^^^^^^^^^^^^^^^^^^^^

src/Data/TreeDiff/Golden.hs:58:67: warning: [GHC-68441] [-Wdeprecations]
    In the use of ‘plain’ (imported from Text.PrettyPrint.ANSI.Leijen):
    Deprecated: "Compatibility module for users of ansi-wl-pprint - use "Prettyprinter" instead"
   |
58 |     wrt expr = BS.writeFile fp $ TE.encodeUtf8 $ T.pack $ showWL (WL.plain (ansiWlExpr expr)) ++ "\n"
   |                                                                   ^^^^^^^^

src/Data/TreeDiff/Golden.hs:60:11: warning: [GHC-68441] [-Wdeprecations]
    In the use of type constructor or class ‘Doc’
    (imported from Text.PrettyPrint.ANSI.Leijen):
    Deprecated: "Compatibility module for users of ansi-wl-pprint - use "Prettyprinter" instead"
   |
60 | showWL :: WL.Doc -> String
   |           ^^^^^^

src/Data/TreeDiff/Golden.hs:61:14: warning: [GHC-68441] [-Wdeprecations]
    In the use of ‘displayS’
    (imported from Text.PrettyPrint.ANSI.Leijen):
    Deprecated: "Compatibility module for users of ansi-wl-pprint - use "Prettyprinter" instead"
   |
61 | showWL doc = WL.displayS (WL.renderSmart 0.4 80 doc) ""
   |              ^^^^^^^^^^^

src/Data/TreeDiff/Golden.hs:61:27: warning: [GHC-68441] [-Wdeprecations]
    In the use of ‘renderSmart’
    (imported from Text.PrettyPrint.ANSI.Leijen):
    Deprecated: "Compatibility module for users of ansi-wl-pprint - use "Prettyprinter" instead"
   |
61 | showWL doc = WL.displayS (WL.renderSmart 0.4 80 doc) ""
   |                           ^^^^^^^^^^^^^^
[ 9 of 10] Compiling Data.TreeDiff.QuickCheck
[10 of 10] Compiling Data.TreeDiff.Tree
Configuring test suite 'tree-diff-test' for tree-diff-0.3.0.1...
Preprocessing test suite 'tree-diff-test' for tree-diff-0.3.0.1...
Building test suite 'tree-diff-test' for tree-diff-0.3.0.1...
[1 of 2] Compiling RefDiffBy
[2 of 2] Compiling Main

tests/Tests.hs:22:1: warning: [-Wdeprecations]
    Module ‘Text.PrettyPrint.ANSI.Leijen’ is deprecated:
      "Compatibility module for users of ansi-wl-pprint - use \"Prettyprinter\" instead"
   |
22 | import qualified Text.PrettyPrint.ANSI.Leijen as WL
   | ^^^^^^^^^^^^^^^^^^^^^^^^^^^^^^^^^^^^^^^^^^^^^^^^^^^

tests/Tests.hs:82:17: warning: [GHC-68441] [-Wdeprecations]
    In the use of ‘plain’ (imported from Text.PrettyPrint.ANSI.Leijen):
    Deprecated: "Compatibility module for users of ansi-wl-pprint - use "Prettyprinter" instead"
   |
82 |     doc = show (WL.plain (ansiWlExpr e))
   |                 ^^^^^^^^
[3 of 3] Linking /tmp/workdir-tree-diff/tree-diff-0.3.0.1/dist-newstyle/build/x86_64-linux/ghc-9.6.6/tree-diff-0.3.0.1/t/tree-diff-test/build/tree-diff-test/tree-diff-test
