Build profile: -w ghc-9.6.6 -O1
In order, the following will be built (use -v for more details):
 - geojson-4.1.1 (lib) (first run)
 - geojson-4.1.1 (test:geojson-test) (first run)
Configuring library for geojson-4.1.1...
Preprocessing library for geojson-4.1.1...
Building library for geojson-4.1.1...
[ 1 of 17] Compiling Data.Geospatial.Internal.BasicTypes
[ 2 of 17] Compiling Data.Geospatial.Internal.CRS
[ 3 of 17] Compiling Data.Geospatial.Internal.GeoPosition
[ 4 of 17] Compiling Data.Geospatial.Internal.Geometry.Aeson
[ 5 of 17] Compiling Data.Geospatial.Internal.Geometry.GeoPoint
[ 6 of 17] Compiling Data.Geospatial.Internal.Geometry.GeoMultiPoint
[ 7 of 17] Compiling Data.SeqHelper
[ 8 of 17] Compiling Data.LinearRing
[ 9 of 17] Compiling Data.Geospatial.Internal.Geometry.GeoPolygon
[10 of 17] Compiling Data.Geospatial.Internal.Geometry.GeoMultiPolygon
[11 of 17] Compiling Data.LineString
[12 of 17] Compiling Data.Geospatial.Internal.Geometry.GeoLine
[13 of 17] Compiling Data.Geospatial.Internal.Geometry.GeoMultiLine
[14 of 17] Compiling Data.Geospatial.Internal.Geometry
[15 of 17] Compiling Data.Geospatial.Internal.GeoFeature
[16 of 17] Compiling Data.Geospatial.Internal.GeoFeatureCollection
[17 of 17] Compiling Data.Geospatial
Configuring test suite 'geojson-test' for geojson-4.1.1...
Preprocessing test suite 'geojson-test' for geojson-4.1.1...
Building test suite 'geojson-test' for geojson-4.1.1...
[ 1 of 10] Compiling Arbitrary
[ 2 of 10] Compiling Data.LineStringTests
[ 3 of 10] Compiling Data.LinearRingTests
[ 4 of 10] Compiling Data.SeqHelperTests

test/Data/SeqHelperTests.hs:9:5: warning: [-Wunused-imports]
    The import of ‘context’ from module ‘Test.Hspec’ is redundant
  |
9 |     context,
  |     ^^^^^^^

test/Data/SeqHelperTests.hs:18:1: warning: [-Wunused-imports]
    The import of ‘Test.Tasty.QuickCheck’ is redundant
      except perhaps to import instances from ‘Test.Tasty.QuickCheck’
    To import instances alone, use: import Test.Tasty.QuickCheck()
   |
18 | import Test.Tasty.QuickCheck
   | ^^^^^^^^^^^^^^^^^^^^^^^^^^^^...
[ 5 of 10] Compiling Fixture
[ 6 of 10] Compiling Data.Geospatial.Internal.GeometryTests

test/Data/Geospatial/Internal/GeometryTests.hs:12:5: warning: [-Wunused-imports]
    The import of ‘context’ from module ‘Test.Hspec’ is redundant
   |
12 |     context,
   |     ^^^^^^^
[ 7 of 10] Compiling Data.Geospatial.Internal.GeoFeatureTests

test/Data/Geospatial/Internal/GeoFeatureTests.hs:8:5: warning: [-Wunused-imports]
    The import of ‘context’ from module ‘Test.Hspec’ is redundant
  |
8 |     context,
  |     ^^^^^^^
[ 8 of 10] Compiling Data.Geospatial.Internal.GeoFeatureCollectionTests

test/Data/Geospatial/Internal/GeoFeatureCollectionTests.hs:8:5: warning: [-Wunused-imports]
    The import of ‘context’ from module ‘Test.Hspec’ is redundant
  |
8 |     context,
  |     ^^^^^^^
[ 9 of 10] Compiling Data.Geospatial.Internal.CRSTests
[10 of 10] Compiling Main
[11 of 11] Linking /tmp/workdir-geojson/geojson-4.1.1/dist-newstyle/build/x86_64-linux/ghc-9.6.6/geojson-4.1.1/t/geojson-test/build/geojson-test/geojson-test
