Build profile: -w ghc-9.6.6 -O1
In order, the following will be built (use -v for more details):
 - gi-gobject-2.0.31 (lib:gi-gobject) (first run)
[1 of 2] Compiling Main             ( /tmp/workdir-gi-gobject/gi-gobject-2.0.31/dist-newstyle/build/x86_64-linux/ghc-9.6.6/gi-gobject-2.0.31/setup/setup.hs, /tmp/workdir-gi-gobject/gi-gobject-2.0.31/dist-newstyle/build/x86_64-linux/ghc-9.6.6/gi-gobject-2.0.31/setup/Main.o )
[2 of 2] Linking /tmp/workdir-gi-gobject/gi-gobject-2.0.31/dist-newstyle/build/x86_64-linux/ghc-9.6.6/gi-gobject-2.0.31/setup/setup
Configuring gi-gobject-2.0.31...
Preprocessing library for gi-gobject-2.0.31..
Building library for gi-gobject-2.0.31..
[  1 of 125] Compiling GI.GObject.Config
[  2 of 125] Compiling GI.GObject.Constants
[  3 of 125] Compiling GI.GObject.Flags[boot]
[  4 of 125] Compiling GI.GObject.Flags
[  5 of 125] Compiling GI.GObject.Objects.ParamSpec[boot]
[  6 of 125] Compiling GI.GObject.Objects.ParamSpec
[  7 of 125] Compiling GI.GObject.Objects.ParamSpecBoolean[boot]
[  8 of 125] Compiling GI.GObject.Objects.ParamSpecBoolean
[  9 of 125] Compiling GI.GObject.Objects.ParamSpecBoxed[boot]
[ 10 of 125] Compiling GI.GObject.Objects.ParamSpecBoxed
[ 11 of 125] Compiling GI.GObject.Objects.ParamSpecChar[boot]
[ 12 of 125] Compiling GI.GObject.Objects.ParamSpecChar
[ 13 of 125] Compiling GI.GObject.Objects.ParamSpecDouble[boot]
[ 14 of 125] Compiling GI.GObject.Objects.ParamSpecDouble
[ 15 of 125] Compiling GI.GObject.Objects.ParamSpecEnum[boot]
[ 16 of 125] Compiling GI.GObject.Objects.ParamSpecEnum
[ 17 of 125] Compiling GI.GObject.Objects.ParamSpecFlags[boot]
[ 18 of 125] Compiling GI.GObject.Objects.ParamSpecFlags
[ 19 of 125] Compiling GI.GObject.Objects.ParamSpecFloat[boot]
[ 20 of 125] Compiling GI.GObject.Objects.ParamSpecFloat
[ 21 of 125] Compiling GI.GObject.Objects.ParamSpecGType[boot]
[ 22 of 125] Compiling GI.GObject.Objects.ParamSpecGType
[ 23 of 125] Compiling GI.GObject.Objects.ParamSpecInt[boot]
[ 24 of 125] Compiling GI.GObject.Objects.ParamSpecInt
[ 25 of 125] Compiling GI.GObject.Objects.ParamSpecInt64[boot]
[ 26 of 125] Compiling GI.GObject.Objects.ParamSpecInt64
[ 27 of 125] Compiling GI.GObject.Objects.ParamSpecLong[boot]
[ 28 of 125] Compiling GI.GObject.Objects.ParamSpecLong
[ 29 of 125] Compiling GI.GObject.Objects.ParamSpecObject[boot]
[ 30 of 125] Compiling GI.GObject.Objects.ParamSpecObject
[ 31 of 125] Compiling GI.GObject.Objects.ParamSpecOverride[boot]
[ 32 of 125] Compiling GI.GObject.Objects.ParamSpecOverride
[ 33 of 125] Compiling GI.GObject.Objects.ParamSpecParam[boot]
[ 34 of 125] Compiling GI.GObject.Objects.ParamSpecParam
[ 35 of 125] Compiling GI.GObject.Objects.ParamSpecPointer[boot]
[ 36 of 125] Compiling GI.GObject.Objects.ParamSpecPointer
[ 37 of 125] Compiling GI.GObject.Objects.ParamSpecString[boot]
[ 38 of 125] Compiling GI.GObject.Objects.ParamSpecString
[ 39 of 125] Compiling GI.GObject.Objects.ParamSpecUChar[boot]
[ 40 of 125] Compiling GI.GObject.Objects.ParamSpecUChar
[ 41 of 125] Compiling GI.GObject.Objects.ParamSpecUInt[boot]
[ 42 of 125] Compiling GI.GObject.Objects.ParamSpecUInt
[ 43 of 125] Compiling GI.GObject.Objects.ParamSpecUInt64[boot]
[ 44 of 125] Compiling GI.GObject.Objects.ParamSpecUInt64
[ 45 of 125] Compiling GI.GObject.Objects.ParamSpecULong[boot]
[ 46 of 125] Compiling GI.GObject.Objects.ParamSpecULong
[ 47 of 125] Compiling GI.GObject.Objects.ParamSpecUnichar[boot]
[ 48 of 125] Compiling GI.GObject.Objects.ParamSpecUnichar
[ 49 of 125] Compiling GI.GObject.Objects.ParamSpecValueArray[boot]
[ 50 of 125] Compiling GI.GObject.Objects.ParamSpecValueArray
[ 51 of 125] Compiling GI.GObject.Objects.ParamSpecVariant[boot]
[ 52 of 125] Compiling GI.GObject.Objects.ParamSpecVariant
[ 53 of 125] Compiling GI.GObject.Structs.CClosure[boot]
[ 54 of 125] Compiling GI.GObject.Structs.CClosure
[ 55 of 125] Compiling GI.GObject.Structs.EnumValue[boot]
[ 56 of 125] Compiling GI.GObject.Structs.EnumValue
[ 57 of 125] Compiling GI.GObject.Structs.FlagsValue[boot]
[ 58 of 125] Compiling GI.GObject.Structs.FlagsValue
[ 59 of 125] Compiling GI.GObject.Structs.ObjectConstructParam[boot]
[ 60 of 125] Compiling GI.GObject.Structs.ObjectConstructParam
[ 61 of 125] Compiling GI.GObject.Structs.ParamSpecPool[boot]
[ 62 of 125] Compiling GI.GObject.Structs.ParamSpecPool
[ 63 of 125] Compiling GI.GObject.Structs.Parameter[boot]
[ 64 of 125] Compiling GI.GObject.Structs.Parameter
[ 65 of 125] Compiling GI.GObject.Structs.SignalInvocationHint[boot]
[ 66 of 125] Compiling GI.GObject.Structs.SignalInvocationHint
[ 67 of 125] Compiling GI.GObject.Structs.SignalQuery[boot]
[ 68 of 125] Compiling GI.GObject.Structs.SignalQuery
[ 69 of 125] Compiling GI.GObject.Structs.TypeClass[boot]
[ 70 of 125] Compiling GI.GObject.Structs.TypeClass
[ 71 of 125] Compiling GI.GObject.Structs.FlagsClass[boot]
[ 72 of 125] Compiling GI.GObject.Structs.FlagsClass
[ 73 of 125] Compiling GI.GObject.Structs.EnumClass[boot]
[ 74 of 125] Compiling GI.GObject.Structs.EnumClass
[ 75 of 125] Compiling GI.GObject.Structs.TypeFundamentalInfo[boot]
[ 76 of 125] Compiling GI.GObject.Structs.TypeFundamentalInfo
[ 77 of 125] Compiling GI.GObject.Structs.TypeInstance[boot]
[ 78 of 125] Compiling GI.GObject.Structs.TypeInstance
[ 79 of 125] Compiling GI.GObject.Structs.TypeQuery[boot]
[ 80 of 125] Compiling GI.GObject.Structs.TypeQuery
[ 81 of 125] Compiling GI.GObject.Structs.ValueArray[boot]
[ 82 of 125] Compiling GI.GObject.Structs.ValueArray
[ 83 of 125] Compiling GI.GObject.Structs.WeakRef[boot]
[ 84 of 125] Compiling GI.GObject.Structs.WeakRef
[ 85 of 125] Compiling GI.GObject.Unions.TypeCValue[boot]
[ 86 of 125] Compiling GI.GObject.Unions.TypeCValue
[ 87 of 125] Compiling GI.GObject.Objects.Binding[boot]
[ 88 of 125] Compiling GI.GObject.Objects.Object[boot]
[ 89 of 125] Compiling GI.GObject.Interfaces.TypePlugin[boot]
[ 90 of 125] Compiling GI.GObject.Structs.InterfaceInfo[boot]
[ 91 of 125] Compiling GI.GObject.Structs.TypeInfo[boot]
[ 92 of 125] Compiling GI.GObject.Structs.TypeInterface[boot]
[ 93 of 125] Compiling GI.GObject.Structs.TypeValueTable[boot]
[ 94 of 125] Compiling GI.GObject.Callbacks
[ 95 of 125] Compiling GI.GObject.Structs.InterfaceInfo
[ 96 of 125] Compiling GI.GObject.Structs.TypeValueTable
[ 97 of 125] Compiling GI.GObject.Structs.TypeInterface
[ 98 of 125] Compiling GI.GObject.Structs.TypeInfo
[ 99 of 125] Compiling GI.GObject.Interfaces.TypePlugin
[100 of 125] Compiling GI.GObject.Objects.Object
[101 of 125] Compiling GI.GObject.Objects.Binding
[102 of 125] Compiling GI.GObject.Structs.ParamSpecTypeInfo[boot]
[103 of 125] Compiling GI.GObject.Structs.ParamSpecTypeInfo
[104 of 125] Compiling GI.GObject.Structs.ObjectClass[boot]
[105 of 125] Compiling GI.GObject.Structs.ObjectClass
[106 of 125] Compiling GI.GObject.Structs.InitiallyUnownedClass[boot]
[107 of 125] Compiling GI.GObject.Structs.InitiallyUnownedClass
[108 of 125] Compiling GI.GObject.Structs.ClosureNotifyData[boot]
[109 of 125] Compiling GI.GObject.Structs.ClosureNotifyData
[110 of 125] Compiling GI.GObject.Structs
[111 of 125] Compiling GI.GObject.Objects.TypeModule[boot]
[112 of 125] Compiling GI.GObject.Objects.TypeModule
[113 of 125] Compiling GI.GObject.Objects.SignalGroup[boot]
[114 of 125] Compiling GI.GObject.Objects.SignalGroup
[115 of 125] Compiling GI.GObject.Objects.InitiallyUnowned[boot]
[116 of 125] Compiling GI.GObject.Objects.InitiallyUnowned
[117 of 125] Compiling GI.GObject.Objects.BindingGroup[boot]
[118 of 125] Compiling GI.GObject.Objects.BindingGroup
[119 of 125] Compiling GI.GObject.Objects
[120 of 125] Compiling GI.GObject.Interfaces
[121 of 125] Compiling GI.GObject.Functions
[122 of 125] Compiling GI.GObject.Unions.Value_Data_Union_[boot]
[123 of 125] Compiling GI.GObject.Unions.Value_Data_Union_
[124 of 125] Compiling GI.GObject.Unions
[125 of 125] Compiling GI.GObject
