Build profile: -w ghc-9.6.6 -O1
In order, the following will be built (use -v for more details):
 - singletons-base-3.2 (lib:singletons-base, test:singletons-base-test-suite) (first run)
[1 of 2] Compiling Main             ( /tmp/workdir-singletons-base/singletons-base-3.2/dist-newstyle/build/x86_64-linux/ghc-9.6.6/singletons-base-3.2/setup/setup.hs, /tmp/workdir-singletons-base/singletons-base-3.2/dist-newstyle/build/x86_64-linux/ghc-9.6.6/singletons-base-3.2/setup/Main.o )
[2 of 2] Linking /tmp/workdir-singletons-base/singletons-base-3.2/dist-newstyle/build/x86_64-linux/ghc-9.6.6/singletons-base-3.2/setup/setup
Configuring singletons-base-3.2...
Preprocessing library for singletons-base-3.2..
Building library for singletons-base-3.2..
[ 1 of 48] Compiling Data.Singletons.Base.PolyError
[ 2 of 48] Compiling Data.Singletons.Base.Util
[ 3 of 48] Compiling Data.Singletons.Base.Instances
[ 4 of 48] Compiling Data.Bool.Singletons
[ 5 of 48] Compiling Data.Eq.Singletons
[ 6 of 48] Compiling Data.Singletons.Base.TypeRepTYPE
[ 7 of 48] Compiling Data.Tuple.Singletons
[ 8 of 48] Compiling Data.Void.Singletons
[ 9 of 48] Compiling GHC.Base.Singletons
[10 of 48] Compiling Data.Semigroup.Singletons.Internal.Classes
[11 of 48] Compiling Data.Ord.Singletons
[12 of 48] Compiling Data.Ord.Singletons.Disambiguation
[13 of 48] Compiling Data.Function.Singletons
[14 of 48] Compiling Data.Either.Singletons
[15 of 48] Compiling Control.Monad.Singletons.Internal
[16 of 48] Compiling Data.Functor.Singletons
[17 of 48] Compiling Control.Monad.Fail.Singletons
[18 of 48] Compiling GHC.TypeLits.Singletons.Internal
[19 of 48] Compiling GHC.TypeLits.Singletons
[20 of 48] Compiling Data.Maybe.Singletons
[21 of 48] Compiling GHC.Num.Singletons
[22 of 48] Compiling Data.Singletons.Base.Enum
[23 of 48] Compiling Data.Semigroup.Singletons.Internal.Wrappers
[24 of 48] Compiling Data.Semigroup.Singletons.Internal.Disambiguation
[25 of 48] Compiling Data.List.Singletons.Internal
[26 of 48] Compiling Data.List.Singletons.Internal.Disambiguation
[27 of 48] Compiling Data.Singletons.Base.TypeError
[28 of 48] Compiling Text.Show.Singletons
[29 of 48] Compiling Data.Monoid.Singletons
[30 of 48] Compiling Data.Proxy.Singletons
[31 of 48] Compiling Data.Foldable.Singletons
[32 of 48] Compiling Data.Functor.Identity.Singletons
[33 of 48] Compiling Data.Functor.Const.Singletons
[34 of 48] Compiling Data.Traversable.Singletons
[35 of 48] Compiling Data.Semigroup.Singletons
[36 of 48] Compiling Data.List.Singletons
[37 of 48] Compiling Control.Monad.Zip.Singletons
[38 of 48] Compiling Data.List.NonEmpty.Singletons
[39 of 48] Compiling Data.Functor.Sum.Singletons
[40 of 48] Compiling Data.String.Singletons
[41 of 48] Compiling Data.Singletons.Base.SomeSing
[42 of 48] Compiling Control.Applicative.Singletons
[43 of 48] Compiling Data.Singletons.Base.TH
[44 of 48] Compiling Data.Singletons.Base.CustomStar
[45 of 48] Compiling Data.Functor.Compose.Singletons
[46 of 48] Compiling Control.Monad.Singletons
[47 of 48] Compiling Prelude.Singletons
[48 of 48] Compiling Data.Functor.Product.Singletons
Preprocessing test suite 'singletons-base-test-suite' for singletons-base-3.2..
Building test suite 'singletons-base-test-suite' for singletons-base-3.2..
[1 of 3] Compiling Build_singletons_base
[2 of 3] Compiling SingletonsBaseTestSuiteUtils
[3 of 3] Compiling Main
[4 of 4] Linking /tmp/workdir-singletons-base/singletons-base-3.2/dist-newstyle/build/x86_64-linux/ghc-9.6.6/singletons-base-3.2/build/singletons-base-test-suite/singletons-base-test-suite
