Build profile: -w ghc-9.6.6 -O1
In order, the following will be built (use -v for more details):
 - exp-pairs-0.2.1.0 (lib) (first run)
 - exp-pairs-0.2.1.0 (test:tests) (first run)
Configuring library for exp-pairs-0.2.1.0...
Preprocessing library for exp-pairs-0.2.1.0...
Building library for exp-pairs-0.2.1.0...
[ 1 of 11] Compiling Math.ExpPairs.Matrix3

Math/ExpPairs/Matrix3.hs:33:1: warning: [-Wdeprecations]
    Module ‘Data.Text.Prettyprint.Doc’ is deprecated:
      "Use \"Prettyprinter\" instead."
   |
33 | import Data.Text.Prettyprint.Doc
   | ^^^^^^^^^^^^^^^^^^^^^^^^^^^^^^^^
[ 2 of 11] Compiling Math.ExpPairs.Pair

Math/ExpPairs/Pair.hs:31:1: warning: [-Wdeprecations]
    Module ‘Data.Text.Prettyprint.Doc’ is deprecated:
      "Use \"Prettyprinter\" instead."
   |
31 | import Data.Text.Prettyprint.Doc
   | ^^^^^^^^^^^^^^^^^^^^^^^^^^^^^^^^
[ 3 of 11] Compiling Math.ExpPairs.ProcessMatrix

Math/ExpPairs/ProcessMatrix.hs:28:1: warning: [-Wdeprecations]
    Module ‘Data.Text.Prettyprint.Doc’ is deprecated:
      "Use \"Prettyprinter\" instead."
   |
28 | import Data.Text.Prettyprint.Doc
   | ^^^^^^^^^^^^^^^^^^^^^^^^^^^^^^^^
[ 4 of 11] Compiling Math.ExpPairs.PrettyProcess

Math/ExpPairs/PrettyProcess.hs:21:1: warning: [-Wdeprecations]
    Module ‘Data.Text.Prettyprint.Doc’ is deprecated:
      "Use \"Prettyprinter\" instead."
   |
21 | import Data.Text.Prettyprint.Doc
   | ^^^^^^^^^^^^^^^^^^^^^^^^^^^^^^^^
[ 5 of 11] Compiling Math.ExpPairs.Process

Math/ExpPairs/Process.hs:28:1: warning: [-Wdeprecations]
    Module ‘Data.Text.Prettyprint.Doc’ is deprecated:
      "Use \"Prettyprinter\" instead."
   |
28 | import Data.Text.Prettyprint.Doc hiding ((<>))
   | ^^^^^^^^^^^^^^^^^^^^^^^^^^^^^^^^^^^^^^^^^^^^^^
[ 6 of 11] Compiling Math.ExpPairs.RatioInf

Math/ExpPairs/RatioInf.hs:18:1: warning: [-Wdeprecations]
    Module ‘Data.Text.Prettyprint.Doc’ is deprecated:
      "Use \"Prettyprinter\" instead."
   |
18 | import Data.Text.Prettyprint.Doc
   | ^^^^^^^^^^^^^^^^^^^^^^^^^^^^^^^^
[ 7 of 11] Compiling Math.ExpPairs.LinearForm

Math/ExpPairs/LinearForm.hs:32:1: warning: [-Wdeprecations]
    Module ‘Data.Text.Prettyprint.Doc’ is deprecated:
      "Use \"Prettyprinter\" instead."
   |
32 | import Data.Text.Prettyprint.Doc
   | ^^^^^^^^^^^^^^^^^^^^^^^^^^^^^^^^
[ 8 of 11] Compiling Math.ExpPairs

Math/ExpPairs.hs:47:1: warning: [-Wdeprecations]
    Module ‘Data.Text.Prettyprint.Doc’ is deprecated:
      "Use \"Prettyprinter\" instead."
   |
47 | import Data.Text.Prettyprint.Doc hiding ((<>))
   | ^^^^^^^^^^^^^^^^^^^^^^^^^^^^^^^^^^^^^^^^^^^^^^

Math/ExpPairs.hs:48:1: warning: [-Wdeprecations]
    Module ‘Data.Text.Prettyprint.Doc’ is deprecated:
      "Use \"Prettyprinter\" instead."
   |
48 | import qualified Data.Text.Prettyprint.Doc as PP
   | ^^^^^^^^^^^^^^^^^^^^^^^^^^^^^^^^^^^^^^^^^^^^^^^^
[ 9 of 11] Compiling Math.ExpPairs.MenzerNowak
[10 of 11] Compiling Math.ExpPairs.Ivic
[11 of 11] Compiling Math.ExpPairs.Kratzel

Math/ExpPairs/Kratzel.hs:45:1: warning: [-Wdeprecations]
    Module ‘Data.Text.Prettyprint.Doc’ is deprecated:
      "Use \"Prettyprinter\" instead."
   |
45 | import Data.Text.Prettyprint.Doc
   | ^^^^^^^^^^^^^^^^^^^^^^^^^^^^^^^^

Math/ExpPairs/Kratzel.hs:102:5: warning: [GHC-62161] [-Wincomplete-uni-patterns]
    Pattern match(es) are non-exhaustive
    In a pattern binding:
        Patterns of type ‘[Integer]’ not matched:
            []
            [_]
            (_:_:_:_)
    |
102 |     [a', b'] = sort [a, b]
    |     ^^^^^^^^^^^^^^^^^^^^^^

Math/ExpPairs/Kratzel.hs:173:5: warning: [GHC-62161] [-Wincomplete-uni-patterns]
    Pattern match(es) are non-exhaustive
    In a pattern binding:
        Patterns of type ‘[Integer]’ not matched:
            []
            []
            []
            [_]
            ...
    |
173 |     [a', b', c'] = sort [a, b, c]
    |     ^^^^^^^^^^^^^^^^^^^^^^^^^^^^^

Math/ExpPairs/Kratzel.hs:293:5: warning: [GHC-62161] [-Wincomplete-uni-patterns]
    Pattern match(es) are non-exhaustive
    In a pattern binding:
        Patterns of type ‘[Integer]’ not matched:
            []
            []
            []
            []
            ...
    |
293 |     [a1', a2', a3', a4'] = sort [a1, a2, a3, a4]
    |     ^^^^^^^^^^^^^^^^^^^^^^^^^^^^^^^^^^^^^^^^^^^^
Configuring test suite 'tests' for exp-pairs-0.2.1.0...
Preprocessing test suite 'tests' for exp-pairs-0.2.1.0...
Building test suite 'tests' for exp-pairs-0.2.1.0...
[ 1 of 12] Compiling Etalon
[ 2 of 12] Compiling Instances

tests/Instances.hs:141:13: warning: [GHC-62161] [-Wincomplete-uni-patterns]
    Pattern match(es) are non-exhaustive
    In a lambda abstraction:
        Patterns of type ‘[t]’ not matched:
            []
            [_]
            [_, _]
            [_, _, _]
            ...
    |
141 |     = map ((\[a, b, c, d] -> Sorted (a, b, c, d)) . sort)
    |             ^^^^^^^^^^^^^^^^^^^^^^^^^^^^^^^^^^^^

tests/Instances.hs:189:13: warning: [GHC-62161] [-Wincomplete-uni-patterns]
    Pattern match(es) are non-exhaustive
    In a lambda abstraction:
        Patterns of type ‘[t]’ not matched:
            []
            [_]
            [_, _]
            [_, _, _]
            ...
    |
189 |     = map ((\[a, b, c, d, e, f, g, h] -> Sorted (a, b, c, d, e, f, g, h)) . sort)
    |             ^^^^^^^^^^^^^^^^^^^^^^^^^^^^^^^^^^^^^^^^^^^^^^^^^^^^^^^^^^^^
[ 3 of 12] Compiling Ivic

tests/Ivic.hs:25:3: warning: [GHC-62161] [-Wincomplete-uni-patterns]
    Pattern match(es) are non-exhaustive
    In a pattern binding:
        Patterns of type ‘[Rational]’ not matched:
            []
            [_]
            (_:_:_:_)
   |
25 |   [ a,  b] = map fromMinus3To3 [a', b']
   |   ^^^^^^^^^^^^^^^^^^^^^^^^^^^^^^^^^^^^^

tests/Ivic.hs:26:3: warning: [GHC-62161] [-Wincomplete-uni-patterns]
    Pattern match(es) are non-exhaustive
    In a pattern binding:
        Patterns of type ‘[RationalInf]’ not matched:
            []
            [_]
            (_:_:_:_)
   |
26 |   [za, zb] = map (optimalValue . zetaOnS) [a, b]
   |   ^^^^^^^^^^^^^^^^^^^^^^^^^^^^^^^^^^^^^^^^^^^^^^

tests/Ivic.hs:31:3: warning: [GHC-62161] [-Wincomplete-uni-patterns]
    Pattern match(es) are non-exhaustive
    In a pattern binding:
        Patterns of type ‘[RationalInf]’ not matched:
            []
            [_]
            (_:_:_:_)
   |
31 |   [za, zb] = map (optimalValue . zetaOnS) [a, b]
   |   ^^^^^^^^^^^^^^^^^^^^^^^^^^^^^^^^^^^^^^^^^^^^^^

tests/Ivic.hs:45:3: warning: [GHC-62161] [-Wincomplete-uni-patterns]
    Pattern match(es) are non-exhaustive
    In a pattern binding:
        Patterns of type ‘[Rational]’ not matched:
            []
            [_]
            (_:_:_:_)
   |
45 |   [ a,  b] = map fromMinus3To3 [a', b']
   |   ^^^^^^^^^^^^^^^^^^^^^^^^^^^^^^^^^^^^^

tests/Ivic.hs:46:3: warning: [GHC-62161] [-Wincomplete-uni-patterns]
    Pattern match(es) are non-exhaustive
    In a pattern binding:
        Patterns of type ‘[RationalInf]’ not matched:
            []
            [_]
            (_:_:_:_)
   |
46 |   [za, zb] = map (optimalValue . mOnS) [a, b]
   |   ^^^^^^^^^^^^^^^^^^^^^^^^^^^^^^^^^^^^^^^^^^^

tests/Ivic.hs:50:3: warning: [GHC-62161] [-Wincomplete-uni-patterns]
    Pattern match(es) are non-exhaustive
    In a pattern binding:
        Patterns of type ‘[Rational]’ not matched:
            []
            [_]
            (_:_:_:_)
   |
50 |   [ a,  b] = map fromHalfToOne [a', b']
   |   ^^^^^^^^^^^^^^^^^^^^^^^^^^^^^^^^^^^^^

tests/Ivic.hs:51:3: warning: [GHC-62161] [-Wincomplete-uni-patterns]
    Pattern match(es) are non-exhaustive
    In a pattern binding:
        Patterns of type ‘[RationalInf]’ not matched:
            []
            [_]
            (_:_:_:_)
   |
51 |   [za, zb] = map (optimalValue . mOnS) [a, b]
   |   ^^^^^^^^^^^^^^^^^^^^^^^^^^^^^^^^^^^^^^^^^^^

tests/Ivic.hs:122:22: warning: [GHC-62161] [-Wincomplete-uni-patterns]
    Pattern match(es) are non-exhaustive
    In a lambda abstraction:
        Patterns of type ‘[Integer]’ not matched:
            []
            [_]
            [_, _]
            [_, _, _]
    |
122 |     (testEtalon 100 (\(a:b:c:d:_) -> etalonZetaOnS a b c d) "tests/etalon-zetaOnS.txt")
    |                      ^^^^^^^^^^^^^^^^^^^^^^^^^^^^^^^^^^^^^

tests/Ivic.hs:124:22: warning: [GHC-62161] [-Wincomplete-uni-patterns]
    Pattern match(es) are non-exhaustive
    In a lambda abstraction:
        Patterns of type ‘[Integer]’ not matched:
            []
            [_]
            [_, _]
            [_, _, _]
    |
124 |     (testEtalon 100 (\(a:b:c:d:_) -> etalonMOnS a b c d) "tests/etalon-mOnS.txt")
    |                      ^^^^^^^^^^^^^^^^^^^^^^^^^^^^^^^^^^
[ 4 of 12] Compiling Kratzel

tests/Kratzel.hs:72:22: warning: [GHC-62161] [-Wincomplete-uni-patterns]
    Pattern match(es) are non-exhaustive
    In a lambda abstraction:
        Patterns of type ‘[Integer]’ not matched:
            []
            [_]
            [_, _]
            [_, _, _]
            ...
   |
72 |     (testEtalon 100 (\[x1, x2, x3, x4] -> etalonTauab x1 x2 x3 x4) "tests/etalon-tauab.txt")
   |                      ^^^^^^^^^^^^^^^^^^^^^^^^^^^^^^^^^^^^^^^^^^^^

tests/Kratzel.hs:74:22: warning: [GHC-62161] [-Wincomplete-uni-patterns]
    Pattern match(es) are non-exhaustive
    In a lambda abstraction:
        Patterns of type ‘[Integer]’ not matched:
            []
            [_]
            [_, _]
            [_, _, _]
            ...
   |
74 |     (testEtalon 100 (\[x1, x2, x3, x4, x5] -> etalonTauabc x1 x2 x3 x4 x5) "tests/etalon-tauabc.txt")
   |                      ^^^^^^^^^^^^^^^^^^^^^^^^^^^^^^^^^^^^^^^^^^^^^^^^^^^^
[ 5 of 12] Compiling LinearForm
[ 6 of 12] Compiling Matrix3

tests/Matrix3.hs:51:3: warning: [GHC-62161] [-Wincomplete-uni-patterns]
    Pattern match(es) are non-exhaustive
    In a pattern binding:
        Patterns of type ‘[Integer]’ not matched:
            []
            [_]
            [_, _]
            (_:_:_:_:_)
   |
51 |   [a', b', c'] = M.toList $ toM m * M.fromList 3 1 [v1, v2, v3]
   |   ^^^^^^^^^^^^^^^^^^^^^^^^^^^^^^^^^^^^^^^^^^^^^^^^^^^^^^^^^^^^^
[ 7 of 12] Compiling MenzerNowak
[ 8 of 12] Compiling Pair
[ 9 of 12] Compiling PrettyProcess
[10 of 12] Compiling Process
[11 of 12] Compiling RatioInf
[12 of 12] Compiling Main
[13 of 13] Linking /tmp/workdir-exp-pairs/exp-pairs-0.2.1.0/dist-newstyle/build/x86_64-linux/ghc-9.6.6/exp-pairs-0.2.1.0/t/tests/build/tests/tests
