Build profile: -w ghc-9.6.6 -O1
In order, the following will be built (use -v for more details):
 - amazonka-mwaa-2.0 (lib) (first run)
 - amazonka-mwaa-2.0 (test:amazonka-mwaa-test) (first run)
Configuring library for amazonka-mwaa-2.0...
Preprocessing library for amazonka-mwaa-2.0...
Building library for amazonka-mwaa-2.0...
[ 1 of 32] Compiling Amazonka.MwAA.Types.Dimension
[ 2 of 32] Compiling Amazonka.MwAA.Types.EnvironmentStatus
[ 3 of 32] Compiling Amazonka.MwAA.Types.LoggingLevel
[ 4 of 32] Compiling Amazonka.MwAA.Types.ModuleLoggingConfiguration
[ 5 of 32] Compiling Amazonka.MwAA.Types.LoggingConfiguration
[ 6 of 32] Compiling Amazonka.MwAA.Types.ModuleLoggingConfigurationInput
[ 7 of 32] Compiling Amazonka.MwAA.Types.LoggingConfigurationInput
[ 8 of 32] Compiling Amazonka.MwAA.Types.NetworkConfiguration
[ 9 of 32] Compiling Amazonka.MwAA.Types.StatisticSet
[10 of 32] Compiling Amazonka.MwAA.Types.Unit
[11 of 32] Compiling Amazonka.MwAA.Types.MetricDatum

gen/Amazonka/MwAA/Types/MetricDatum.hs:100:92: warning: [GHC-02256] [-Wambiguous-fields]
    The record update s {value = a} with type MetricDatum is ambiguous.
    This will not be supported by -XDuplicateRecordFields in future releases of GHC.
    |
100 | metricDatum_value = Lens.lens (\MetricDatum' {value} -> value) (\s@MetricDatum' {} a -> s {value = a} :: MetricDatum)
    |                                                                                            ^^^^^^^^^
[12 of 32] Compiling Amazonka.MwAA.Types.UpdateError
[13 of 32] Compiling Amazonka.MwAA.Types.UpdateNetworkConfigurationInput
[14 of 32] Compiling Amazonka.MwAA.Types.UpdateStatus
[15 of 32] Compiling Amazonka.MwAA.Types.LastUpdate
[16 of 32] Compiling Amazonka.MwAA.Types.WebserverAccessMode
[17 of 32] Compiling Amazonka.MwAA.Types.Environment

gen/Amazonka/MwAA/Types/Environment.hs:337:104: warning: [GHC-02256] [-Wambiguous-fields]
    The record update s {createdAt = a} with type Environment is ambiguous.
    This will not be supported by -XDuplicateRecordFields in future releases of GHC.
    |
337 | environment_createdAt = Lens.lens (\Environment' {createdAt} -> createdAt) (\s@Environment' {} a -> s {createdAt = a} :: Environment) Prelude.. Lens.mapping Data._Time
    |                                                                                                        ^^^^^^^^^^^^^

gen/Amazonka/MwAA/Types/Environment.hs:467:95: warning: [GHC-02256] [-Wambiguous-fields]
    The record update s {status = a} with type Environment is ambiguous.
    This will not be supported by -XDuplicateRecordFields in future releases of GHC.
    |
467 | environment_status = Lens.lens (\Environment' {status} -> status) (\s@Environment' {} a -> s {status = a} :: Environment)
    |                                                                                               ^^^^^^^^^^
[18 of 32] Compiling Amazonka.MwAA.Types
[19 of 32] Compiling Amazonka.MwAA.TagResource

gen/Amazonka/MwAA/TagResource.hs:99:89: warning: [GHC-02256] [-Wambiguous-fields]
    The record update s {tags = a} with type TagResource is ambiguous.
    This will not be supported by -XDuplicateRecordFields in future releases of GHC.
   |
99 | tagResource_tags = Lens.lens (\TagResource' {tags} -> tags) (\s@TagResource' {} a -> s {tags = a} :: TagResource) Prelude.. Lens.coerced
   |                                                                                         ^^^^^^^^
[20 of 32] Compiling Amazonka.MwAA.PublishMetrics
[21 of 32] Compiling Amazonka.MwAA.ListTagsForResource

gen/Amazonka/MwAA/ListTagsForResource.hs:164:137: warning: [GHC-02256] [-Wambiguous-fields]
    The record update s {tags = a} with type ListTagsForResourceResponse is ambiguous.
    This will not be supported by -XDuplicateRecordFields in future releases of GHC.
    |
164 | listTagsForResourceResponse_tags = Lens.lens (\ListTagsForResourceResponse' {tags} -> tags) (\s@ListTagsForResourceResponse' {} a -> s {tags = a} :: ListTagsForResourceResponse) Prelude.. Lens.mapping Lens.coerced
    |                                                                                                                                         ^^^^^^^^
[22 of 32] Compiling Amazonka.MwAA.ListEnvironments

gen/Amazonka/MwAA/ListEnvironments.hs:92:119: warning: [GHC-02256] [-Wambiguous-fields]
    The record update s {nextToken = a} with type ListEnvironments is ambiguous.
    This will not be supported by -XDuplicateRecordFields in future releases of GHC.
   |
92 | listEnvironments_nextToken = Lens.lens (\ListEnvironments' {nextToken} -> nextToken) (\s@ListEnvironments' {} a -> s {nextToken = a} :: ListEnvironments)
   |                                                                                                                       ^^^^^^^^^^^^^

gen/Amazonka/MwAA/ListEnvironments.hs:198:143: warning: [GHC-02256] [-Wambiguous-fields]
    The record update s {nextToken = a} with type ListEnvironmentsResponse is ambiguous.
    This will not be supported by -XDuplicateRecordFields in future releases of GHC.
    |
198 | listEnvironmentsResponse_nextToken = Lens.lens (\ListEnvironmentsResponse' {nextToken} -> nextToken) (\s@ListEnvironmentsResponse' {} a -> s {nextToken = a} :: ListEnvironmentsResponse)
    |                                                                                                                                               ^^^^^^^^^^^^^
[23 of 32] Compiling Amazonka.MwAA.GetEnvironment

gen/Amazonka/MwAA/GetEnvironment.hs:79:98: warning: [GHC-02256] [-Wambiguous-fields]
    The record update s {name = a} with type GetEnvironment is ambiguous.
    This will not be supported by -XDuplicateRecordFields in future releases of GHC.
   |
79 | getEnvironment_name = Lens.lens (\GetEnvironment' {name} -> name) (\s@GetEnvironment' {} a -> s {name = a} :: GetEnvironment)
   |                                                                                                  ^^^^^^^^
[24 of 32] Compiling Amazonka.MwAA.DeleteEnvironment

gen/Amazonka/MwAA/DeleteEnvironment.hs:78:107: warning: [GHC-02256] [-Wambiguous-fields]
    The record update s {name = a} with type DeleteEnvironment is ambiguous.
    This will not be supported by -XDuplicateRecordFields in future releases of GHC.
   |
78 | deleteEnvironment_name = Lens.lens (\DeleteEnvironment' {name} -> name) (\s@DeleteEnvironment' {} a -> s {name = a} :: DeleteEnvironment)
   |                                                                                                           ^^^^^^^^
[25 of 32] Compiling Amazonka.MwAA.CreateWebLoginToken

gen/Amazonka/MwAA/CreateWebLoginToken.hs:80:113: warning: [GHC-02256] [-Wambiguous-fields]
    The record update s {name = a} with type CreateWebLoginToken is ambiguous.
    This will not be supported by -XDuplicateRecordFields in future releases of GHC.
   |
80 | createWebLoginToken_name = Lens.lens (\CreateWebLoginToken' {name} -> name) (\s@CreateWebLoginToken' {} a -> s {name = a} :: CreateWebLoginToken)
   |                                                                                                                 ^^^^^^^^
[26 of 32] Compiling Amazonka.MwAA.CreateEnvironment

gen/Amazonka/MwAA/CreateEnvironment.hs:327:176: warning: [GHC-02256] [-Wambiguous-fields]
    The record update s {airflowConfigurationOptions = a} with type CreateEnvironment is ambiguous.
    This will not be supported by -XDuplicateRecordFields in future releases of GHC.
    |
327 | createEnvironment_airflowConfigurationOptions = Lens.lens (\CreateEnvironment' {airflowConfigurationOptions} -> airflowConfigurationOptions) (\s@CreateEnvironment' {} a -> s {airflowConfigurationOptions = a} :: CreateEnvironment) Prelude.. Lens.mapping (Data._Sensitive Prelude.. Lens.coerced)
    |                                                                                                                                                                                ^^^^^^^^^^^^^^^^^^^^^^^^^^^^^^^

gen/Amazonka/MwAA/CreateEnvironment.hs:334:137: warning: [GHC-02256] [-Wambiguous-fields]
    The record update s {airflowVersion = a} with type CreateEnvironment is ambiguous.
    This will not be supported by -XDuplicateRecordFields in future releases of GHC.
    |
334 | createEnvironment_airflowVersion = Lens.lens (\CreateEnvironment' {airflowVersion} -> airflowVersion) (\s@CreateEnvironment' {} a -> s {airflowVersion = a} :: CreateEnvironment)
    |                                                                                                                                         ^^^^^^^^^^^^^^^^^^

gen/Amazonka/MwAA/CreateEnvironment.hs:340:143: warning: [GHC-02256] [-Wambiguous-fields]
    The record update s {environmentClass = a} with type CreateEnvironment is ambiguous.
    This will not be supported by -XDuplicateRecordFields in future releases of GHC.
    |
340 | createEnvironment_environmentClass = Lens.lens (\CreateEnvironment' {environmentClass} -> environmentClass) (\s@CreateEnvironment' {} a -> s {environmentClass = a} :: CreateEnvironment)
    |                                                                                                                                               ^^^^^^^^^^^^^^^^^^^^

gen/Amazonka/MwAA/CreateEnvironment.hs:347:113: warning: [GHC-02256] [-Wambiguous-fields]
    The record update s {kmsKey = a} with type CreateEnvironment is ambiguous.
    This will not be supported by -XDuplicateRecordFields in future releases of GHC.
    |
347 | createEnvironment_kmsKey = Lens.lens (\CreateEnvironment' {kmsKey} -> kmsKey) (\s@CreateEnvironment' {} a -> s {kmsKey = a} :: CreateEnvironment)
    |                                                                                                                 ^^^^^^^^^^

gen/Amazonka/MwAA/CreateEnvironment.hs:351:155: warning: [GHC-02256] [-Wambiguous-fields]
    The record update s {loggingConfiguration = a} with type CreateEnvironment is ambiguous.
    This will not be supported by -XDuplicateRecordFields in future releases of GHC.
    |
351 | createEnvironment_loggingConfiguration = Lens.lens (\CreateEnvironment' {loggingConfiguration} -> loggingConfiguration) (\s@CreateEnvironment' {} a -> s {loggingConfiguration = a} :: CreateEnvironment)
    |                                                                                                                                                           ^^^^^^^^^^^^^^^^^^^^^^^^

gen/Amazonka/MwAA/CreateEnvironment.hs:360:125: warning: [GHC-02256] [-Wambiguous-fields]
    The record update s {maxWorkers = a} with type CreateEnvironment is ambiguous.
    This will not be supported by -XDuplicateRecordFields in future releases of GHC.
    |
360 | createEnvironment_maxWorkers = Lens.lens (\CreateEnvironment' {maxWorkers} -> maxWorkers) (\s@CreateEnvironment' {} a -> s {maxWorkers = a} :: CreateEnvironment)
    |                                                                                                                             ^^^^^^^^^^^^^^

gen/Amazonka/MwAA/CreateEnvironment.hs:368:125: warning: [GHC-02256] [-Wambiguous-fields]
    The record update s {minWorkers = a} with type CreateEnvironment is ambiguous.
    This will not be supported by -XDuplicateRecordFields in future releases of GHC.
    |
368 | createEnvironment_minWorkers = Lens.lens (\CreateEnvironment' {minWorkers} -> minWorkers) (\s@CreateEnvironment' {} a -> s {minWorkers = a} :: CreateEnvironment)
    |                                                                                                                             ^^^^^^^^^^^^^^

gen/Amazonka/MwAA/CreateEnvironment.hs:375:161: warning: [GHC-02256] [-Wambiguous-fields]
    The record update s {pluginsS3ObjectVersion = a} with type CreateEnvironment is ambiguous.
    This will not be supported by -XDuplicateRecordFields in future releases of GHC.
    |
375 | createEnvironment_pluginsS3ObjectVersion = Lens.lens (\CreateEnvironment' {pluginsS3ObjectVersion} -> pluginsS3ObjectVersion) (\s@CreateEnvironment' {} a -> s {pluginsS3ObjectVersion = a} :: CreateEnvironment)
    |                                                                                                                                                                 ^^^^^^^^^^^^^^^^^^^^^^^^^^

gen/Amazonka/MwAA/CreateEnvironment.hs:382:134: warning: [GHC-02256] [-Wambiguous-fields]
    The record update s {pluginsS3Path = a} with type CreateEnvironment is ambiguous.
    This will not be supported by -XDuplicateRecordFields in future releases of GHC.
    |
382 | createEnvironment_pluginsS3Path = Lens.lens (\CreateEnvironment' {pluginsS3Path} -> pluginsS3Path) (\s@CreateEnvironment' {} a -> s {pluginsS3Path = a} :: CreateEnvironment)
    |                                                                                                                                      ^^^^^^^^^^^^^^^^^

gen/Amazonka/MwAA/CreateEnvironment.hs:389:176: warning: [GHC-02256] [-Wambiguous-fields]
    The record update s {requirementsS3ObjectVersion = a} with type CreateEnvironment is ambiguous.
    This will not be supported by -XDuplicateRecordFields in future releases of GHC.
    |
389 | createEnvironment_requirementsS3ObjectVersion = Lens.lens (\CreateEnvironment' {requirementsS3ObjectVersion} -> requirementsS3ObjectVersion) (\s@CreateEnvironment' {} a -> s {requirementsS3ObjectVersion = a} :: CreateEnvironment)
    |                                                                                                                                                                                ^^^^^^^^^^^^^^^^^^^^^^^^^^^^^^^

gen/Amazonka/MwAA/CreateEnvironment.hs:396:149: warning: [GHC-02256] [-Wambiguous-fields]
    The record update s {requirementsS3Path = a} with type CreateEnvironment is ambiguous.
    This will not be supported by -XDuplicateRecordFields in future releases of GHC.
    |
396 | createEnvironment_requirementsS3Path = Lens.lens (\CreateEnvironment' {requirementsS3Path} -> requirementsS3Path) (\s@CreateEnvironment' {} a -> s {requirementsS3Path = a} :: CreateEnvironment)
    |                                                                                                                                                     ^^^^^^^^^^^^^^^^^^^^^^

gen/Amazonka/MwAA/CreateEnvironment.hs:405:125: warning: [GHC-02256] [-Wambiguous-fields]
    The record update s {schedulers = a} with type CreateEnvironment is ambiguous.
    This will not be supported by -XDuplicateRecordFields in future releases of GHC.
    |
405 | createEnvironment_schedulers = Lens.lens (\CreateEnvironment' {schedulers} -> schedulers) (\s@CreateEnvironment' {} a -> s {schedulers = a} :: CreateEnvironment)
    |                                                                                                                             ^^^^^^^^^^^^^^

gen/Amazonka/MwAA/CreateEnvironment.hs:411:107: warning: [GHC-02256] [-Wambiguous-fields]
    The record update s {tags = a} with type CreateEnvironment is ambiguous.
    This will not be supported by -XDuplicateRecordFields in future releases of GHC.
    |
411 | createEnvironment_tags = Lens.lens (\CreateEnvironment' {tags} -> tags) (\s@CreateEnvironment' {} a -> s {tags = a} :: CreateEnvironment) Prelude.. Lens.mapping Lens.coerced
    |                                                                                                           ^^^^^^^^

gen/Amazonka/MwAA/CreateEnvironment.hs:416:152: warning: [GHC-02256] [-Wambiguous-fields]
    The record update s {webserverAccessMode = a} with type CreateEnvironment is ambiguous.
    This will not be supported by -XDuplicateRecordFields in future releases of GHC.
    |
416 | createEnvironment_webserverAccessMode = Lens.lens (\CreateEnvironment' {webserverAccessMode} -> webserverAccessMode) (\s@CreateEnvironment' {} a -> s {webserverAccessMode = a} :: CreateEnvironment)
    |                                                                                                                                                        ^^^^^^^^^^^^^^^^^^^^^^^

gen/Amazonka/MwAA/CreateEnvironment.hs:423:179: warning: [GHC-02256] [-Wambiguous-fields]
    The record update s {weeklyMaintenanceWindowStart = a} with type CreateEnvironment is ambiguous.
    This will not be supported by -XDuplicateRecordFields in future releases of GHC.
    |
423 | createEnvironment_weeklyMaintenanceWindowStart = Lens.lens (\CreateEnvironment' {weeklyMaintenanceWindowStart} -> weeklyMaintenanceWindowStart) (\s@CreateEnvironment' {} a -> s {weeklyMaintenanceWindowStart = a} :: CreateEnvironment)
    |                                                                                                                                                                                   ^^^^^^^^^^^^^^^^^^^^^^^^^^^^^^^^

gen/Amazonka/MwAA/CreateEnvironment.hs:429:122: warning: [GHC-02256] [-Wambiguous-fields]
    The record update s {dagS3Path = a} with type CreateEnvironment is ambiguous.
    This will not be supported by -XDuplicateRecordFields in future releases of GHC.
    |
429 | createEnvironment_dagS3Path = Lens.lens (\CreateEnvironment' {dagS3Path} -> dagS3Path) (\s@CreateEnvironment' {} a -> s {dagS3Path = a} :: CreateEnvironment)
    |                                                                                                                          ^^^^^^^^^^^^^

gen/Amazonka/MwAA/CreateEnvironment.hs:439:143: warning: [GHC-02256] [-Wambiguous-fields]
    The record update s {executionRoleArn = a} with type CreateEnvironment is ambiguous.
    This will not be supported by -XDuplicateRecordFields in future releases of GHC.
    |
439 | createEnvironment_executionRoleArn = Lens.lens (\CreateEnvironment' {executionRoleArn} -> executionRoleArn) (\s@CreateEnvironment' {} a -> s {executionRoleArn = a} :: CreateEnvironment)
    |                                                                                                                                               ^^^^^^^^^^^^^^^^^^^^

gen/Amazonka/MwAA/CreateEnvironment.hs:444:107: warning: [GHC-02256] [-Wambiguous-fields]
    The record update s {name = a} with type CreateEnvironment is ambiguous.
    This will not be supported by -XDuplicateRecordFields in future releases of GHC.
    |
444 | createEnvironment_name = Lens.lens (\CreateEnvironment' {name} -> name) (\s@CreateEnvironment' {} a -> s {name = a} :: CreateEnvironment)
    |                                                                                                           ^^^^^^^^

gen/Amazonka/MwAA/CreateEnvironment.hs:451:155: warning: [GHC-02256] [-Wambiguous-fields]
    The record update s {networkConfiguration = a} with type CreateEnvironment is ambiguous.
    This will not be supported by -XDuplicateRecordFields in future releases of GHC.
    |
451 | createEnvironment_networkConfiguration = Lens.lens (\CreateEnvironment' {networkConfiguration} -> networkConfiguration) (\s@CreateEnvironment' {} a -> s {networkConfiguration = a} :: CreateEnvironment)
    |                                                                                                                                                           ^^^^^^^^^^^^^^^^^^^^^^^^

gen/Amazonka/MwAA/CreateEnvironment.hs:458:140: warning: [GHC-02256] [-Wambiguous-fields]
    The record update s {sourceBucketArn = a} with type CreateEnvironment is ambiguous.
    This will not be supported by -XDuplicateRecordFields in future releases of GHC.
    |
458 | createEnvironment_sourceBucketArn = Lens.lens (\CreateEnvironment' {sourceBucketArn} -> sourceBucketArn) (\s@CreateEnvironment' {} a -> s {sourceBucketArn = a} :: CreateEnvironment)
    |                                                                                                                                            ^^^^^^^^^^^^^^^^^^^

gen/Amazonka/MwAA/CreateEnvironment.hs:614:128: warning: [GHC-02256] [-Wambiguous-fields]
    The record update s {arn = a} with type CreateEnvironmentResponse is ambiguous.
    This will not be supported by -XDuplicateRecordFields in future releases of GHC.
    |
614 | createEnvironmentResponse_arn = Lens.lens (\CreateEnvironmentResponse' {arn} -> arn) (\s@CreateEnvironmentResponse' {} a -> s {arn = a} :: CreateEnvironmentResponse)
    |                                                                                                                                ^^^^^^^
[27 of 32] Compiling Amazonka.MwAA.CreateCliToken

gen/Amazonka/MwAA/CreateCliToken.hs:80:98: warning: [GHC-02256] [-Wambiguous-fields]
    The record update s {name = a} with type CreateCliToken is ambiguous.
    This will not be supported by -XDuplicateRecordFields in future releases of GHC.
   |
80 | createCliToken_name = Lens.lens (\CreateCliToken' {name} -> name) (\s@CreateCliToken' {} a -> s {name = a} :: CreateCliToken)
   |                                                                                                  ^^^^^^^^
[28 of 32] Compiling Amazonka.MwAA.UntagResource
[29 of 32] Compiling Amazonka.MwAA.UpdateEnvironment

gen/Amazonka/MwAA/UpdateEnvironment.hs:273:176: warning: [GHC-02256] [-Wambiguous-fields]
    The record update s {airflowConfigurationOptions = a} with type UpdateEnvironment is ambiguous.
    This will not be supported by -XDuplicateRecordFields in future releases of GHC.
    |
273 | updateEnvironment_airflowConfigurationOptions = Lens.lens (\UpdateEnvironment' {airflowConfigurationOptions} -> airflowConfigurationOptions) (\s@UpdateEnvironment' {} a -> s {airflowConfigurationOptions = a} :: UpdateEnvironment) Prelude.. Lens.mapping (Data._Sensitive Prelude.. Lens.coerced)
    |                                                                                                                                                                                ^^^^^^^^^^^^^^^^^^^^^^^^^^^^^^^

gen/Amazonka/MwAA/UpdateEnvironment.hs:279:137: warning: [GHC-02256] [-Wambiguous-fields]
    The record update s {airflowVersion = a} with type UpdateEnvironment is ambiguous.
    This will not be supported by -XDuplicateRecordFields in future releases of GHC.
    |
279 | updateEnvironment_airflowVersion = Lens.lens (\UpdateEnvironment' {airflowVersion} -> airflowVersion) (\s@UpdateEnvironment' {} a -> s {airflowVersion = a} :: UpdateEnvironment)
    |                                                                                                                                         ^^^^^^^^^^^^^^^^^^

gen/Amazonka/MwAA/UpdateEnvironment.hs:285:122: warning: [GHC-02256] [-Wambiguous-fields]
    The record update s {dagS3Path = a} with type UpdateEnvironment is ambiguous.
    This will not be supported by -XDuplicateRecordFields in future releases of GHC.
    |
285 | updateEnvironment_dagS3Path = Lens.lens (\UpdateEnvironment' {dagS3Path} -> dagS3Path) (\s@UpdateEnvironment' {} a -> s {dagS3Path = a} :: UpdateEnvironment)
    |                                                                                                                          ^^^^^^^^^^^^^

gen/Amazonka/MwAA/UpdateEnvironment.hs:291:143: warning: [GHC-02256] [-Wambiguous-fields]
    The record update s {environmentClass = a} with type UpdateEnvironment is ambiguous.
    This will not be supported by -XDuplicateRecordFields in future releases of GHC.
    |
291 | updateEnvironment_environmentClass = Lens.lens (\UpdateEnvironment' {environmentClass} -> environmentClass) (\s@UpdateEnvironment' {} a -> s {environmentClass = a} :: UpdateEnvironment)
    |                                                                                                                                               ^^^^^^^^^^^^^^^^^^^^

gen/Amazonka/MwAA/UpdateEnvironment.hs:299:143: warning: [GHC-02256] [-Wambiguous-fields]
    The record update s {executionRoleArn = a} with type UpdateEnvironment is ambiguous.
    This will not be supported by -XDuplicateRecordFields in future releases of GHC.
    |
299 | updateEnvironment_executionRoleArn = Lens.lens (\UpdateEnvironment' {executionRoleArn} -> executionRoleArn) (\s@UpdateEnvironment' {} a -> s {executionRoleArn = a} :: UpdateEnvironment)
    |                                                                                                                                               ^^^^^^^^^^^^^^^^^^^^

gen/Amazonka/MwAA/UpdateEnvironment.hs:303:155: warning: [GHC-02256] [-Wambiguous-fields]
    The record update s {loggingConfiguration = a} with type UpdateEnvironment is ambiguous.
    This will not be supported by -XDuplicateRecordFields in future releases of GHC.
    |
303 | updateEnvironment_loggingConfiguration = Lens.lens (\UpdateEnvironment' {loggingConfiguration} -> loggingConfiguration) (\s@UpdateEnvironment' {} a -> s {loggingConfiguration = a} :: UpdateEnvironment)
    |                                                                                                                                                           ^^^^^^^^^^^^^^^^^^^^^^^^

gen/Amazonka/MwAA/UpdateEnvironment.hs:312:125: warning: [GHC-02256] [-Wambiguous-fields]
    The record update s {maxWorkers = a} with type UpdateEnvironment is ambiguous.
    This will not be supported by -XDuplicateRecordFields in future releases of GHC.
    |
312 | updateEnvironment_maxWorkers = Lens.lens (\UpdateEnvironment' {maxWorkers} -> maxWorkers) (\s@UpdateEnvironment' {} a -> s {maxWorkers = a} :: UpdateEnvironment)
    |                                                                                                                             ^^^^^^^^^^^^^^

gen/Amazonka/MwAA/UpdateEnvironment.hs:320:125: warning: [GHC-02256] [-Wambiguous-fields]
    The record update s {minWorkers = a} with type UpdateEnvironment is ambiguous.
    This will not be supported by -XDuplicateRecordFields in future releases of GHC.
    |
320 | updateEnvironment_minWorkers = Lens.lens (\UpdateEnvironment' {minWorkers} -> minWorkers) (\s@UpdateEnvironment' {} a -> s {minWorkers = a} :: UpdateEnvironment)
    |                                                                                                                             ^^^^^^^^^^^^^^

gen/Amazonka/MwAA/UpdateEnvironment.hs:327:155: warning: [GHC-02256] [-Wambiguous-fields]
    The record update s {networkConfiguration = a} with type UpdateEnvironment is ambiguous.
    This will not be supported by -XDuplicateRecordFields in future releases of GHC.
    |
327 | updateEnvironment_networkConfiguration = Lens.lens (\UpdateEnvironment' {networkConfiguration} -> networkConfiguration) (\s@UpdateEnvironment' {} a -> s {networkConfiguration = a} :: UpdateEnvironment)
    |                                                                                                                                                           ^^^^^^^^^^^^^^^^^^^^^^^^

gen/Amazonka/MwAA/UpdateEnvironment.hs:334:161: warning: [GHC-02256] [-Wambiguous-fields]
    The record update s {pluginsS3ObjectVersion = a} with type UpdateEnvironment is ambiguous.
    This will not be supported by -XDuplicateRecordFields in future releases of GHC.
    |
334 | updateEnvironment_pluginsS3ObjectVersion = Lens.lens (\UpdateEnvironment' {pluginsS3ObjectVersion} -> pluginsS3ObjectVersion) (\s@UpdateEnvironment' {} a -> s {pluginsS3ObjectVersion = a} :: UpdateEnvironment)
    |                                                                                                                                                                 ^^^^^^^^^^^^^^^^^^^^^^^^^^

gen/Amazonka/MwAA/UpdateEnvironment.hs:341:134: warning: [GHC-02256] [-Wambiguous-fields]
    The record update s {pluginsS3Path = a} with type UpdateEnvironment is ambiguous.
    This will not be supported by -XDuplicateRecordFields in future releases of GHC.
    |
341 | updateEnvironment_pluginsS3Path = Lens.lens (\UpdateEnvironment' {pluginsS3Path} -> pluginsS3Path) (\s@UpdateEnvironment' {} a -> s {pluginsS3Path = a} :: UpdateEnvironment)
    |                                                                                                                                      ^^^^^^^^^^^^^^^^^

gen/Amazonka/MwAA/UpdateEnvironment.hs:348:176: warning: [GHC-02256] [-Wambiguous-fields]
    The record update s {requirementsS3ObjectVersion = a} with type UpdateEnvironment is ambiguous.
    This will not be supported by -XDuplicateRecordFields in future releases of GHC.
    |
348 | updateEnvironment_requirementsS3ObjectVersion = Lens.lens (\UpdateEnvironment' {requirementsS3ObjectVersion} -> requirementsS3ObjectVersion) (\s@UpdateEnvironment' {} a -> s {requirementsS3ObjectVersion = a} :: UpdateEnvironment)
    |                                                                                                                                                                                ^^^^^^^^^^^^^^^^^^^^^^^^^^^^^^^

gen/Amazonka/MwAA/UpdateEnvironment.hs:355:149: warning: [GHC-02256] [-Wambiguous-fields]
    The record update s {requirementsS3Path = a} with type UpdateEnvironment is ambiguous.
    This will not be supported by -XDuplicateRecordFields in future releases of GHC.
    |
355 | updateEnvironment_requirementsS3Path = Lens.lens (\UpdateEnvironment' {requirementsS3Path} -> requirementsS3Path) (\s@UpdateEnvironment' {} a -> s {requirementsS3Path = a} :: UpdateEnvironment)
    |                                                                                                                                                     ^^^^^^^^^^^^^^^^^^^^^^

gen/Amazonka/MwAA/UpdateEnvironment.hs:360:125: warning: [GHC-02256] [-Wambiguous-fields]
    The record update s {schedulers = a} with type UpdateEnvironment is ambiguous.
    This will not be supported by -XDuplicateRecordFields in future releases of GHC.
    |
360 | updateEnvironment_schedulers = Lens.lens (\UpdateEnvironment' {schedulers} -> schedulers) (\s@UpdateEnvironment' {} a -> s {schedulers = a} :: UpdateEnvironment)
    |                                                                                                                             ^^^^^^^^^^^^^^

gen/Amazonka/MwAA/UpdateEnvironment.hs:367:140: warning: [GHC-02256] [-Wambiguous-fields]
    The record update s {sourceBucketArn = a} with type UpdateEnvironment is ambiguous.
    This will not be supported by -XDuplicateRecordFields in future releases of GHC.
    |
367 | updateEnvironment_sourceBucketArn = Lens.lens (\UpdateEnvironment' {sourceBucketArn} -> sourceBucketArn) (\s@UpdateEnvironment' {} a -> s {sourceBucketArn = a} :: UpdateEnvironment)
    |                                                                                                                                            ^^^^^^^^^^^^^^^^^^^

gen/Amazonka/MwAA/UpdateEnvironment.hs:372:152: warning: [GHC-02256] [-Wambiguous-fields]
    The record update s {webserverAccessMode = a} with type UpdateEnvironment is ambiguous.
    This will not be supported by -XDuplicateRecordFields in future releases of GHC.
    |
372 | updateEnvironment_webserverAccessMode = Lens.lens (\UpdateEnvironment' {webserverAccessMode} -> webserverAccessMode) (\s@UpdateEnvironment' {} a -> s {webserverAccessMode = a} :: UpdateEnvironment)
    |                                                                                                                                                        ^^^^^^^^^^^^^^^^^^^^^^^

gen/Amazonka/MwAA/UpdateEnvironment.hs:379:179: warning: [GHC-02256] [-Wambiguous-fields]
    The record update s {weeklyMaintenanceWindowStart = a} with type UpdateEnvironment is ambiguous.
    This will not be supported by -XDuplicateRecordFields in future releases of GHC.
    |
379 | updateEnvironment_weeklyMaintenanceWindowStart = Lens.lens (\UpdateEnvironment' {weeklyMaintenanceWindowStart} -> weeklyMaintenanceWindowStart) (\s@UpdateEnvironment' {} a -> s {weeklyMaintenanceWindowStart = a} :: UpdateEnvironment)
    |                                                                                                                                                                                   ^^^^^^^^^^^^^^^^^^^^^^^^^^^^^^^^

gen/Amazonka/MwAA/UpdateEnvironment.hs:384:107: warning: [GHC-02256] [-Wambiguous-fields]
    The record update s {name = a} with type UpdateEnvironment is ambiguous.
    This will not be supported by -XDuplicateRecordFields in future releases of GHC.
    |
384 | updateEnvironment_name = Lens.lens (\UpdateEnvironment' {name} -> name) (\s@UpdateEnvironment' {} a -> s {name = a} :: UpdateEnvironment)
    |                                                                                                           ^^^^^^^^

gen/Amazonka/MwAA/UpdateEnvironment.hs:536:128: warning: [GHC-02256] [-Wambiguous-fields]
    The record update s {arn = a} with type UpdateEnvironmentResponse is ambiguous.
    This will not be supported by -XDuplicateRecordFields in future releases of GHC.
    |
536 | updateEnvironmentResponse_arn = Lens.lens (\UpdateEnvironmentResponse' {arn} -> arn) (\s@UpdateEnvironmentResponse' {} a -> s {arn = a} :: UpdateEnvironmentResponse)
    |                                                                                                                                ^^^^^^^
[30 of 32] Compiling Amazonka.MwAA.Lens
[31 of 32] Compiling Amazonka.MwAA.Waiters
[32 of 32] Compiling Amazonka.MwAA
Configuring test suite 'amazonka-mwaa-test' for amazonka-mwaa-2.0...
Preprocessing test suite 'amazonka-mwaa-test' for amazonka-mwaa-2.0...
Building test suite 'amazonka-mwaa-test' for amazonka-mwaa-2.0...
[1 of 4] Compiling Test.Amazonka.MwAA
[2 of 4] Compiling Test.Amazonka.MwAA.Internal
[3 of 4] Compiling Test.Amazonka.Gen.MwAA
[4 of 4] Compiling Main
[5 of 5] Linking /tmp/workdir-amazonka-mwaa/amazonka-mwaa-2.0/dist-newstyle/build/x86_64-linux/ghc-9.6.6/amazonka-mwaa-2.0/t/amazonka-mwaa-test/build/amazonka-mwaa-test/amazonka-mwaa-test
