Build profile: -w ghc-9.6.6 -O1
In order, the following will be built (use -v for more details):
 - hspec-contrib-0.5.2 (lib) (first run)
 - hspec-contrib-0.5.2 (test:spec) (first run)
Configuring library for hspec-contrib-0.5.2...
Preprocessing library for hspec-contrib-0.5.2...
Building library for hspec-contrib-0.5.2...
[1 of 4] Compiling Paths_hspec_contrib
[2 of 4] Compiling Test.Hspec.Contrib.HUnit
[3 of 4] Compiling Test.Hspec.Contrib.Mocks.V1
[4 of 4] Compiling Test.Hspec.Contrib.Retry
Configuring test suite 'spec' for hspec-contrib-0.5.2...
Preprocessing test suite 'spec' for hspec-contrib-0.5.2...
Building test suite 'spec' for hspec-contrib-0.5.2...
[1 of 6] Compiling Helper
[2 of 6] Compiling Paths_hspec_contrib
[3 of 6] Compiling Test.Hspec.Contrib.HUnitSpec
[4 of 6] Compiling Test.Hspec.Contrib.Mocks.V1Spec
[5 of 6] Compiling Test.Hspec.Contrib.RetrySpec
[6 of 6] Compiling Main
[7 of 7] Linking /tmp/workdir-hspec-contrib/hspec-contrib-0.5.2/dist-newstyle/build/x86_64-linux/ghc-9.6.6/hspec-contrib-0.5.2/t/spec/build/spec/spec
