Build profile: -w ghc-9.6.6 -O1
In order, the following will be built (use -v for more details):
 - Ranged-sets-0.4.0 (lib) (first run)
 - Ranged-sets-0.4.0 (test:properties) (first run)
Configuring library for Ranged-sets-0.4.0...
Preprocessing library for Ranged-sets-0.4.0...
Building library for Ranged-sets-0.4.0...
[1 of 4] Compiling Data.Ranged.Boundaries
[2 of 4] Compiling Data.Ranged.Ranges
[3 of 4] Compiling Data.Ranged.RangedSet
[4 of 4] Compiling Data.Ranged
Configuring test suite 'properties' for Ranged-sets-0.4.0...
Preprocessing test suite 'properties' for Ranged-sets-0.4.0...
Building test suite 'properties' for Ranged-sets-0.4.0...
[1 of 5] Compiling Data.Ranged.Boundaries
[2 of 5] Compiling Data.Ranged.Ranges
[3 of 5] Compiling Data.Ranged.RangedSet
[4 of 5] Compiling Data.Ranged
[5 of 5] Compiling Main
[6 of 6] Linking /tmp/workdir-Ranged-sets/Ranged-sets-0.4.0/dist-newstyle/build/x86_64-linux/ghc-9.6.6/Ranged-sets-0.4.0/t/properties/build/properties/properties
