Build profile: -w ghc-9.6.6 -O1
In order, the following will be built (use -v for more details):
 - diagrams-svg-1.4.3.2 (lib) (first run)
Configuring library for diagrams-svg-1.4.3.2...
Preprocessing library for diagrams-svg-1.4.3.2...
Building library for diagrams-svg-1.4.3.2...
[1 of 3] Compiling Graphics.Rendering.SVG

src/Graphics/Rendering/SVG.hs:161:5: warning: [GHC-62161] [-Wincomplete-uni-patterns]
    Pattern match(es) are non-exhaustive
    In a pattern binding:
        Patterns of type ‘[[n]]’ not matched:
            []
            ([]:_)
            ([_]:_)
            ((_:_:_:_):_)
            ...
    |
161 |     [[a1, a2], [b1, b2], [c1, c2]] = matrixHomRep (g ^. lGradTrans)
    |     ^^^^^^^^^^^^^^^^^^^^^^^^^^^^^^^^^^^^^^^^^^^^^^^^^^^^^^^^^^^^^^^

src/Graphics/Rendering/SVG.hs:179:5: warning: [GHC-62161] [-Wincomplete-uni-patterns]
    Pattern match(es) are non-exhaustive
    In a pattern binding:
        Patterns of type ‘[[n]]’ not matched:
            []
            ([]:_)
            ([_]:_)
            ((_:_:_:_):_)
            ...
    |
179 |     [[a1, a2], [b1, b2], [c1, c2]] = matrixHomRep (g ^.rGradTrans)
    |     ^^^^^^^^^^^^^^^^^^^^^^^^^^^^^^^^^^^^^^^^^^^^^^^^^^^^^^^^^^^^^^

src/Graphics/Rendering/SVG.hs:255:5: warning: [GHC-62161] [-Wincomplete-uni-patterns]
    Pattern match(es) are non-exhaustive
    In a pattern binding:
        Patterns of type ‘[[n]]’ not matched:
            []
            ([]:_)
            ([_]:_)
            ((_:_:_:_):_)
            ...
    |
255 |     [[a,b],[c,d],[e,f]] = matrixHomRep (tr `mappend` reflectionY
    |     ^^^^^^^^^^^^^^^^^^^^^^^^^^^^^^^^^^^^^^^^^^^^^^^^^^^^^^^^^^^^...

src/Graphics/Rendering/SVG.hs:283:3: warning: [GHC-62161] [-Wincomplete-uni-patterns]
    Pattern match(es) are non-exhaustive
    In a pattern binding:
        Patterns of type ‘[[n]]’ not matched:
            []
            ([]:_)
            ([_]:_)
            ((_:_:_:_):_)
            ...
    |
283 |   [[a,b],[c,d],[e,f]] = matrixHomRep t
    |   ^^^^^^^^^^^^^^^^^^^^^^^^^^^^^^^^^^^^
[2 of 3] Compiling Diagrams.Backend.SVG
[3 of 3] Compiling Diagrams.Backend.SVG.CmdLine
