Build profile: -w ghc-9.6.6 -O1
In order, the following will be built (use -v for more details):
 - amazonka-identitystore-2.0 (lib) (first run)
 - amazonka-identitystore-2.0 (test:amazonka-identitystore-test) (first run)
Configuring library for amazonka-identitystore-2.0...
Preprocessing library for amazonka-identitystore-2.0...
Building library for amazonka-identitystore-2.0...
[ 1 of 38] Compiling Amazonka.IdentityStore.Types.Address
[ 2 of 38] Compiling Amazonka.IdentityStore.Types.AttributeValue
[ 3 of 38] Compiling Amazonka.IdentityStore.Types.AttributeOperation
[ 4 of 38] Compiling Amazonka.IdentityStore.Types.Email
[ 5 of 38] Compiling Amazonka.IdentityStore.Types.ExternalId
[ 6 of 38] Compiling Amazonka.IdentityStore.Types.Filter
[ 7 of 38] Compiling Amazonka.IdentityStore.Types.Group
[ 8 of 38] Compiling Amazonka.IdentityStore.Types.MemberId
[ 9 of 38] Compiling Amazonka.IdentityStore.Types.GroupMembershipExistenceResult
[10 of 38] Compiling Amazonka.IdentityStore.Types.GroupMembership
[11 of 38] Compiling Amazonka.IdentityStore.Types.Name
[12 of 38] Compiling Amazonka.IdentityStore.Types.PhoneNumber
[13 of 38] Compiling Amazonka.IdentityStore.Types.UniqueAttribute
[14 of 38] Compiling Amazonka.IdentityStore.Types.AlternateIdentifier
[15 of 38] Compiling Amazonka.IdentityStore.Types.User
[16 of 38] Compiling Amazonka.IdentityStore.Types
[17 of 38] Compiling Amazonka.IdentityStore.ListUsers

gen/Amazonka/IdentityStore/ListUsers.hs:137:98: warning: [GHC-02256] [-Wambiguous-fields]
    The record update s {nextToken = a} with type ListUsers is ambiguous.
    This will not be supported by -XDuplicateRecordFields in future releases of GHC.
    |
137 | listUsers_nextToken = Lens.lens (\ListUsers' {nextToken} -> nextToken) (\s@ListUsers' {} a -> s {nextToken = a} :: ListUsers)
    |                                                                                                  ^^^^^^^^^^^^^

gen/Amazonka/IdentityStore/ListUsers.hs:145:116: warning: [GHC-02256] [-Wambiguous-fields]
    The record update s {identityStoreId = a} with type ListUsers is ambiguous.
    This will not be supported by -XDuplicateRecordFields in future releases of GHC.
    |
145 | listUsers_identityStoreId = Lens.lens (\ListUsers' {identityStoreId} -> identityStoreId) (\s@ListUsers' {} a -> s {identityStoreId = a} :: ListUsers)
    |                                                                                                                    ^^^^^^^^^^^^^^^^^^^

gen/Amazonka/IdentityStore/ListUsers.hs:273:122: warning: [GHC-02256] [-Wambiguous-fields]
    The record update s {nextToken = a} with type ListUsersResponse is ambiguous.
    This will not be supported by -XDuplicateRecordFields in future releases of GHC.
    |
273 | listUsersResponse_nextToken = Lens.lens (\ListUsersResponse' {nextToken} -> nextToken) (\s@ListUsersResponse' {} a -> s {nextToken = a} :: ListUsersResponse)
    |                                                                                                                          ^^^^^^^^^^^^^
[18 of 38] Compiling Amazonka.IdentityStore.ListGroups

gen/Amazonka/IdentityStore/ListGroups.hs:137:101: warning: [GHC-02256] [-Wambiguous-fields]
    The record update s {nextToken = a} with type ListGroups is ambiguous.
    This will not be supported by -XDuplicateRecordFields in future releases of GHC.
    |
137 | listGroups_nextToken = Lens.lens (\ListGroups' {nextToken} -> nextToken) (\s@ListGroups' {} a -> s {nextToken = a} :: ListGroups)
    |                                                                                                     ^^^^^^^^^^^^^

gen/Amazonka/IdentityStore/ListGroups.hs:145:119: warning: [GHC-02256] [-Wambiguous-fields]
    The record update s {identityStoreId = a} with type ListGroups is ambiguous.
    This will not be supported by -XDuplicateRecordFields in future releases of GHC.
    |
145 | listGroups_identityStoreId = Lens.lens (\ListGroups' {identityStoreId} -> identityStoreId) (\s@ListGroups' {} a -> s {identityStoreId = a} :: ListGroups)
    |                                                                                                                       ^^^^^^^^^^^^^^^^^^^

gen/Amazonka/IdentityStore/ListGroups.hs:275:125: warning: [GHC-02256] [-Wambiguous-fields]
    The record update s {nextToken = a} with type ListGroupsResponse is ambiguous.
    This will not be supported by -XDuplicateRecordFields in future releases of GHC.
    |
275 | listGroupsResponse_nextToken = Lens.lens (\ListGroupsResponse' {nextToken} -> nextToken) (\s@ListGroupsResponse' {} a -> s {nextToken = a} :: ListGroupsResponse)
    |                                                                                                                             ^^^^^^^^^^^^^
[19 of 38] Compiling Amazonka.IdentityStore.ListGroupMembershipsForMember

gen/Amazonka/IdentityStore/ListGroupMembershipsForMember.hs:131:158: warning: [GHC-02256] [-Wambiguous-fields]
    The record update s {nextToken = a} with type ListGroupMembershipsForMember is ambiguous.
    This will not be supported by -XDuplicateRecordFields in future releases of GHC.
    |
131 | listGroupMembershipsForMember_nextToken = Lens.lens (\ListGroupMembershipsForMember' {nextToken} -> nextToken) (\s@ListGroupMembershipsForMember' {} a -> s {nextToken = a} :: ListGroupMembershipsForMember)
    |                                                                                                                                                              ^^^^^^^^^^^^^

gen/Amazonka/IdentityStore/ListGroupMembershipsForMember.hs:135:176: warning: [GHC-02256] [-Wambiguous-fields]
    The record update s {identityStoreId = a} with type ListGroupMembershipsForMember is ambiguous.
    This will not be supported by -XDuplicateRecordFields in future releases of GHC.
    |
135 | listGroupMembershipsForMember_identityStoreId = Lens.lens (\ListGroupMembershipsForMember' {identityStoreId} -> identityStoreId) (\s@ListGroupMembershipsForMember' {} a -> s {identityStoreId = a} :: ListGroupMembershipsForMember)
    |                                                                                                                                                                                ^^^^^^^^^^^^^^^^^^^

gen/Amazonka/IdentityStore/ListGroupMembershipsForMember.hs:141:155: warning: [GHC-02256] [-Wambiguous-fields]
    The record update s {memberId = a} with type ListGroupMembershipsForMember is ambiguous.
    This will not be supported by -XDuplicateRecordFields in future releases of GHC.
    |
141 | listGroupMembershipsForMember_memberId = Lens.lens (\ListGroupMembershipsForMember' {memberId} -> memberId) (\s@ListGroupMembershipsForMember' {} a -> s {memberId = a} :: ListGroupMembershipsForMember)
    |                                                                                                                                                           ^^^^^^^^^^^^

gen/Amazonka/IdentityStore/ListGroupMembershipsForMember.hs:286:182: warning: [GHC-02256] [-Wambiguous-fields]
    The record update s {nextToken = a} with type ListGroupMembershipsForMemberResponse is ambiguous.
    This will not be supported by -XDuplicateRecordFields in future releases of GHC.
    |
286 | listGroupMembershipsForMemberResponse_nextToken = Lens.lens (\ListGroupMembershipsForMemberResponse' {nextToken} -> nextToken) (\s@ListGroupMembershipsForMemberResponse' {} a -> s {nextToken = a} :: ListGroupMembershipsForMemberResponse)
    |                                                                                                                                                                                      ^^^^^^^^^^^^^
[20 of 38] Compiling Amazonka.IdentityStore.ListGroupMemberships

gen/Amazonka/IdentityStore/ListGroupMemberships.hs:124:131: warning: [GHC-02256] [-Wambiguous-fields]
    The record update s {nextToken = a} with type ListGroupMemberships is ambiguous.
    This will not be supported by -XDuplicateRecordFields in future releases of GHC.
    |
124 | listGroupMemberships_nextToken = Lens.lens (\ListGroupMemberships' {nextToken} -> nextToken) (\s@ListGroupMemberships' {} a -> s {nextToken = a} :: ListGroupMemberships)
    |                                                                                                                                   ^^^^^^^^^^^^^

gen/Amazonka/IdentityStore/ListGroupMemberships.hs:128:149: warning: [GHC-02256] [-Wambiguous-fields]
    The record update s {identityStoreId = a} with type ListGroupMemberships is ambiguous.
    This will not be supported by -XDuplicateRecordFields in future releases of GHC.
    |
128 | listGroupMemberships_identityStoreId = Lens.lens (\ListGroupMemberships' {identityStoreId} -> identityStoreId) (\s@ListGroupMemberships' {} a -> s {identityStoreId = a} :: ListGroupMemberships)
    |                                                                                                                                                     ^^^^^^^^^^^^^^^^^^^

gen/Amazonka/IdentityStore/ListGroupMemberships.hs:132:125: warning: [GHC-02256] [-Wambiguous-fields]
    The record update s {groupId = a} with type ListGroupMemberships is ambiguous.
    This will not be supported by -XDuplicateRecordFields in future releases of GHC.
    |
132 | listGroupMemberships_groupId = Lens.lens (\ListGroupMemberships' {groupId} -> groupId) (\s@ListGroupMemberships' {} a -> s {groupId = a} :: ListGroupMemberships)
    |                                                                                                                             ^^^^^^^^^^^

gen/Amazonka/IdentityStore/ListGroupMemberships.hs:271:155: warning: [GHC-02256] [-Wambiguous-fields]
    The record update s {nextToken = a} with type ListGroupMembershipsResponse is ambiguous.
    This will not be supported by -XDuplicateRecordFields in future releases of GHC.
    |
271 | listGroupMembershipsResponse_nextToken = Lens.lens (\ListGroupMembershipsResponse' {nextToken} -> nextToken) (\s@ListGroupMembershipsResponse' {} a -> s {nextToken = a} :: ListGroupMembershipsResponse)
    |                                                                                                                                                           ^^^^^^^^^^^^^
[21 of 38] Compiling Amazonka.IdentityStore.IsMemberInGroups

gen/Amazonka/IdentityStore/IsMemberInGroups.hs:98:137: warning: [GHC-02256] [-Wambiguous-fields]
    The record update s {identityStoreId = a} with type IsMemberInGroups is ambiguous.
    This will not be supported by -XDuplicateRecordFields in future releases of GHC.
   |
98 | isMemberInGroups_identityStoreId = Lens.lens (\IsMemberInGroups' {identityStoreId} -> identityStoreId) (\s@IsMemberInGroups' {} a -> s {identityStoreId = a} :: IsMemberInGroups)
   |                                                                                                                                         ^^^^^^^^^^^^^^^^^^^

gen/Amazonka/IdentityStore/IsMemberInGroups.hs:102:116: warning: [GHC-02256] [-Wambiguous-fields]
    The record update s {memberId = a} with type IsMemberInGroups is ambiguous.
    This will not be supported by -XDuplicateRecordFields in future releases of GHC.
    |
102 | isMemberInGroups_memberId = Lens.lens (\IsMemberInGroups' {memberId} -> memberId) (\s@IsMemberInGroups' {} a -> s {memberId = a} :: IsMemberInGroups)
    |                                                                                                                    ^^^^^^^^^^^^
[22 of 38] Compiling Amazonka.IdentityStore.GetUserId

gen/Amazonka/IdentityStore/GetUserId.hs:92:116: warning: [GHC-02256] [-Wambiguous-fields]
    The record update s {identityStoreId = a} with type GetUserId is ambiguous.
    This will not be supported by -XDuplicateRecordFields in future releases of GHC.
   |
92 | getUserId_identityStoreId = Lens.lens (\GetUserId' {identityStoreId} -> identityStoreId) (\s@GetUserId' {} a -> s {identityStoreId = a} :: GetUserId)
   |                                                                                                                    ^^^^^^^^^^^^^^^^^^^

gen/Amazonka/IdentityStore/GetUserId.hs:203:113: warning: [GHC-02256] [-Wambiguous-fields]
    The record update s {userId = a} with type GetUserIdResponse is ambiguous.
    This will not be supported by -XDuplicateRecordFields in future releases of GHC.
    |
203 | getUserIdResponse_userId = Lens.lens (\GetUserIdResponse' {userId} -> userId) (\s@GetUserIdResponse' {} a -> s {userId = a} :: GetUserIdResponse)
    |                                                                                                                 ^^^^^^^^^^

gen/Amazonka/IdentityStore/GetUserId.hs:207:140: warning: [GHC-02256] [-Wambiguous-fields]
    The record update s {identityStoreId = a} with type GetUserIdResponse is ambiguous.
    This will not be supported by -XDuplicateRecordFields in future releases of GHC.
    |
207 | getUserIdResponse_identityStoreId = Lens.lens (\GetUserIdResponse' {identityStoreId} -> identityStoreId) (\s@GetUserIdResponse' {} a -> s {identityStoreId = a} :: GetUserIdResponse)
    |                                                                                                                                            ^^^^^^^^^^^^^^^^^^^
[23 of 38] Compiling Amazonka.IdentityStore.GetGroupMembershipId

gen/Amazonka/IdentityStore/GetGroupMembershipId.hs:102:149: warning: [GHC-02256] [-Wambiguous-fields]
    The record update s {identityStoreId = a} with type GetGroupMembershipId is ambiguous.
    This will not be supported by -XDuplicateRecordFields in future releases of GHC.
    |
102 | getGroupMembershipId_identityStoreId = Lens.lens (\GetGroupMembershipId' {identityStoreId} -> identityStoreId) (\s@GetGroupMembershipId' {} a -> s {identityStoreId = a} :: GetGroupMembershipId)
    |                                                                                                                                                     ^^^^^^^^^^^^^^^^^^^

gen/Amazonka/IdentityStore/GetGroupMembershipId.hs:106:125: warning: [GHC-02256] [-Wambiguous-fields]
    The record update s {groupId = a} with type GetGroupMembershipId is ambiguous.
    This will not be supported by -XDuplicateRecordFields in future releases of GHC.
    |
106 | getGroupMembershipId_groupId = Lens.lens (\GetGroupMembershipId' {groupId} -> groupId) (\s@GetGroupMembershipId' {} a -> s {groupId = a} :: GetGroupMembershipId)
    |                                                                                                                             ^^^^^^^^^^^

gen/Amazonka/IdentityStore/GetGroupMembershipId.hs:112:128: warning: [GHC-02256] [-Wambiguous-fields]
    The record update s {memberId = a} with type GetGroupMembershipId is ambiguous.
    This will not be supported by -XDuplicateRecordFields in future releases of GHC.
    |
112 | getGroupMembershipId_memberId = Lens.lens (\GetGroupMembershipId' {memberId} -> memberId) (\s@GetGroupMembershipId' {} a -> s {memberId = a} :: GetGroupMembershipId)
    |                                                                                                                                ^^^^^^^^^^^^

gen/Amazonka/IdentityStore/GetGroupMembershipId.hs:223:164: warning: [GHC-02256] [-Wambiguous-fields]
    The record update s {membershipId = a} with type GetGroupMembershipIdResponse is ambiguous.
    This will not be supported by -XDuplicateRecordFields in future releases of GHC.
    |
223 | getGroupMembershipIdResponse_membershipId = Lens.lens (\GetGroupMembershipIdResponse' {membershipId} -> membershipId) (\s@GetGroupMembershipIdResponse' {} a -> s {membershipId = a} :: GetGroupMembershipIdResponse)
    |                                                                                                                                                                    ^^^^^^^^^^^^^^^^

gen/Amazonka/IdentityStore/GetGroupMembershipId.hs:227:173: warning: [GHC-02256] [-Wambiguous-fields]
    The record update s {identityStoreId = a} with type GetGroupMembershipIdResponse is ambiguous.
    This will not be supported by -XDuplicateRecordFields in future releases of GHC.
    |
227 | getGroupMembershipIdResponse_identityStoreId = Lens.lens (\GetGroupMembershipIdResponse' {identityStoreId} -> identityStoreId) (\s@GetGroupMembershipIdResponse' {} a -> s {identityStoreId = a} :: GetGroupMembershipIdResponse)
    |                                                                                                                                                                             ^^^^^^^^^^^^^^^^^^^
[24 of 38] Compiling Amazonka.IdentityStore.GetGroupId

gen/Amazonka/IdentityStore/GetGroupId.hs:92:119: warning: [GHC-02256] [-Wambiguous-fields]
    The record update s {identityStoreId = a} with type GetGroupId is ambiguous.
    This will not be supported by -XDuplicateRecordFields in future releases of GHC.
   |
92 | getGroupId_identityStoreId = Lens.lens (\GetGroupId' {identityStoreId} -> identityStoreId) (\s@GetGroupId' {} a -> s {identityStoreId = a} :: GetGroupId)
   |                                                                                                                       ^^^^^^^^^^^^^^^^^^^

gen/Amazonka/IdentityStore/GetGroupId.hs:205:119: warning: [GHC-02256] [-Wambiguous-fields]
    The record update s {groupId = a} with type GetGroupIdResponse is ambiguous.
    This will not be supported by -XDuplicateRecordFields in future releases of GHC.
    |
205 | getGroupIdResponse_groupId = Lens.lens (\GetGroupIdResponse' {groupId} -> groupId) (\s@GetGroupIdResponse' {} a -> s {groupId = a} :: GetGroupIdResponse)
    |                                                                                                                       ^^^^^^^^^^^

gen/Amazonka/IdentityStore/GetGroupId.hs:209:143: warning: [GHC-02256] [-Wambiguous-fields]
    The record update s {identityStoreId = a} with type GetGroupIdResponse is ambiguous.
    This will not be supported by -XDuplicateRecordFields in future releases of GHC.
    |
209 | getGroupIdResponse_identityStoreId = Lens.lens (\GetGroupIdResponse' {identityStoreId} -> identityStoreId) (\s@GetGroupIdResponse' {} a -> s {identityStoreId = a} :: GetGroupIdResponse)
    |                                                                                                                                               ^^^^^^^^^^^^^^^^^^^
[25 of 38] Compiling Amazonka.IdentityStore.DescribeUser

gen/Amazonka/IdentityStore/DescribeUser.hs:113:125: warning: [GHC-02256] [-Wambiguous-fields]
    The record update s {identityStoreId = a} with type DescribeUser is ambiguous.
    This will not be supported by -XDuplicateRecordFields in future releases of GHC.
    |
113 | describeUser_identityStoreId = Lens.lens (\DescribeUser' {identityStoreId} -> identityStoreId) (\s@DescribeUser' {} a -> s {identityStoreId = a} :: DescribeUser)
    |                                                                                                                             ^^^^^^^^^^^^^^^^^^^

gen/Amazonka/IdentityStore/DescribeUser.hs:117:98: warning: [GHC-02256] [-Wambiguous-fields]
    The record update s {userId = a} with type DescribeUser is ambiguous.
    This will not be supported by -XDuplicateRecordFields in future releases of GHC.
    |
117 | describeUser_userId = Lens.lens (\DescribeUser' {userId} -> userId) (\s@DescribeUser' {} a -> s {userId = a} :: DescribeUser)
    |                                                                                                  ^^^^^^^^^^

gen/Amazonka/IdentityStore/DescribeUser.hs:312:131: warning: [GHC-02256] [-Wambiguous-fields]
    The record update s {addresses = a} with type DescribeUserResponse is ambiguous.
    This will not be supported by -XDuplicateRecordFields in future releases of GHC.
    |
312 | describeUserResponse_addresses = Lens.lens (\DescribeUserResponse' {addresses} -> addresses) (\s@DescribeUserResponse' {} a -> s {addresses = a} :: DescribeUserResponse) Prelude.. Lens.mapping Lens.coerced
    |                                                                                                                                   ^^^^^^^^^^^^^

gen/Amazonka/IdentityStore/DescribeUser.hs:316:137: warning: [GHC-02256] [-Wambiguous-fields]
    The record update s {displayName = a} with type DescribeUserResponse is ambiguous.
    This will not be supported by -XDuplicateRecordFields in future releases of GHC.
    |
316 | describeUserResponse_displayName = Lens.lens (\DescribeUserResponse' {displayName} -> displayName) (\s@DescribeUserResponse' {} a -> s {displayName = a} :: DescribeUserResponse) Prelude.. Lens.mapping Data._Sensitive
    |                                                                                                                                         ^^^^^^^^^^^^^^^

gen/Amazonka/IdentityStore/DescribeUser.hs:320:122: warning: [GHC-02256] [-Wambiguous-fields]
    The record update s {emails = a} with type DescribeUserResponse is ambiguous.
    This will not be supported by -XDuplicateRecordFields in future releases of GHC.
    |
320 | describeUserResponse_emails = Lens.lens (\DescribeUserResponse' {emails} -> emails) (\s@DescribeUserResponse' {} a -> s {emails = a} :: DescribeUserResponse) Prelude.. Lens.mapping Lens.coerced
    |                                                                                                                          ^^^^^^^^^^

gen/Amazonka/IdentityStore/DescribeUser.hs:325:137: warning: [GHC-02256] [-Wambiguous-fields]
    The record update s {externalIds = a} with type DescribeUserResponse is ambiguous.
    This will not be supported by -XDuplicateRecordFields in future releases of GHC.
    |
325 | describeUserResponse_externalIds = Lens.lens (\DescribeUserResponse' {externalIds} -> externalIds) (\s@DescribeUserResponse' {} a -> s {externalIds = a} :: DescribeUserResponse) Prelude.. Lens.mapping Lens.coerced
    |                                                                                                                                         ^^^^^^^^^^^^^^^

gen/Amazonka/IdentityStore/DescribeUser.hs:329:122: warning: [GHC-02256] [-Wambiguous-fields]
    The record update s {locale = a} with type DescribeUserResponse is ambiguous.
    This will not be supported by -XDuplicateRecordFields in future releases of GHC.
    |
329 | describeUserResponse_locale = Lens.lens (\DescribeUserResponse' {locale} -> locale) (\s@DescribeUserResponse' {} a -> s {locale = a} :: DescribeUserResponse) Prelude.. Lens.mapping Data._Sensitive
    |                                                                                                                          ^^^^^^^^^^

gen/Amazonka/IdentityStore/DescribeUser.hs:333:116: warning: [GHC-02256] [-Wambiguous-fields]
    The record update s {name = a} with type DescribeUserResponse is ambiguous.
    This will not be supported by -XDuplicateRecordFields in future releases of GHC.
    |
333 | describeUserResponse_name = Lens.lens (\DescribeUserResponse' {name} -> name) (\s@DescribeUserResponse' {} a -> s {name = a} :: DescribeUserResponse)
    |                                                                                                                    ^^^^^^^^

gen/Amazonka/IdentityStore/DescribeUser.hs:337:128: warning: [GHC-02256] [-Wambiguous-fields]
    The record update s {nickName = a} with type DescribeUserResponse is ambiguous.
    This will not be supported by -XDuplicateRecordFields in future releases of GHC.
    |
337 | describeUserResponse_nickName = Lens.lens (\DescribeUserResponse' {nickName} -> nickName) (\s@DescribeUserResponse' {} a -> s {nickName = a} :: DescribeUserResponse) Prelude.. Lens.mapping Data._Sensitive
    |                                                                                                                                ^^^^^^^^^^^^

gen/Amazonka/IdentityStore/DescribeUser.hs:341:140: warning: [GHC-02256] [-Wambiguous-fields]
    The record update s {phoneNumbers = a} with type DescribeUserResponse is ambiguous.
    This will not be supported by -XDuplicateRecordFields in future releases of GHC.
    |
341 | describeUserResponse_phoneNumbers = Lens.lens (\DescribeUserResponse' {phoneNumbers} -> phoneNumbers) (\s@DescribeUserResponse' {} a -> s {phoneNumbers = a} :: DescribeUserResponse) Prelude.. Lens.mapping Lens.coerced
    |                                                                                                                                            ^^^^^^^^^^^^^^^^

gen/Amazonka/IdentityStore/DescribeUser.hs:345:155: warning: [GHC-02256] [-Wambiguous-fields]
    The record update s {preferredLanguage = a} with type DescribeUserResponse is ambiguous.
    This will not be supported by -XDuplicateRecordFields in future releases of GHC.
    |
345 | describeUserResponse_preferredLanguage = Lens.lens (\DescribeUserResponse' {preferredLanguage} -> preferredLanguage) (\s@DescribeUserResponse' {} a -> s {preferredLanguage = a} :: DescribeUserResponse) Prelude.. Lens.mapping Data._Sensitive
    |                                                                                                                                                           ^^^^^^^^^^^^^^^^^^^^^

gen/Amazonka/IdentityStore/DescribeUser.hs:349:134: warning: [GHC-02256] [-Wambiguous-fields]
    The record update s {profileUrl = a} with type DescribeUserResponse is ambiguous.
    This will not be supported by -XDuplicateRecordFields in future releases of GHC.
    |
349 | describeUserResponse_profileUrl = Lens.lens (\DescribeUserResponse' {profileUrl} -> profileUrl) (\s@DescribeUserResponse' {} a -> s {profileUrl = a} :: DescribeUserResponse) Prelude.. Lens.mapping Data._Sensitive
    |                                                                                                                                      ^^^^^^^^^^^^^^

gen/Amazonka/IdentityStore/DescribeUser.hs:353:128: warning: [GHC-02256] [-Wambiguous-fields]
    The record update s {timezone = a} with type DescribeUserResponse is ambiguous.
    This will not be supported by -XDuplicateRecordFields in future releases of GHC.
    |
353 | describeUserResponse_timezone = Lens.lens (\DescribeUserResponse' {timezone} -> timezone) (\s@DescribeUserResponse' {} a -> s {timezone = a} :: DescribeUserResponse) Prelude.. Lens.mapping Data._Sensitive
    |                                                                                                                                ^^^^^^^^^^^^

gen/Amazonka/IdentityStore/DescribeUser.hs:357:119: warning: [GHC-02256] [-Wambiguous-fields]
    The record update s {title = a} with type DescribeUserResponse is ambiguous.
    This will not be supported by -XDuplicateRecordFields in future releases of GHC.
    |
357 | describeUserResponse_title = Lens.lens (\DescribeUserResponse' {title} -> title) (\s@DescribeUserResponse' {} a -> s {title = a} :: DescribeUserResponse) Prelude.. Lens.mapping Data._Sensitive
    |                                                                                                                       ^^^^^^^^^

gen/Amazonka/IdentityStore/DescribeUser.hs:365:128: warning: [GHC-02256] [-Wambiguous-fields]
    The record update s {userName = a} with type DescribeUserResponse is ambiguous.
    This will not be supported by -XDuplicateRecordFields in future releases of GHC.
    |
365 | describeUserResponse_userName = Lens.lens (\DescribeUserResponse' {userName} -> userName) (\s@DescribeUserResponse' {} a -> s {userName = a} :: DescribeUserResponse) Prelude.. Lens.mapping Data._Sensitive
    |                                                                                                                                ^^^^^^^^^^^^

gen/Amazonka/IdentityStore/DescribeUser.hs:369:128: warning: [GHC-02256] [-Wambiguous-fields]
    The record update s {userType = a} with type DescribeUserResponse is ambiguous.
    This will not be supported by -XDuplicateRecordFields in future releases of GHC.
    |
369 | describeUserResponse_userType = Lens.lens (\DescribeUserResponse' {userType} -> userType) (\s@DescribeUserResponse' {} a -> s {userType = a} :: DescribeUserResponse) Prelude.. Lens.mapping Data._Sensitive
    |                                                                                                                                ^^^^^^^^^^^^

gen/Amazonka/IdentityStore/DescribeUser.hs:377:122: warning: [GHC-02256] [-Wambiguous-fields]
    The record update s {userId = a} with type DescribeUserResponse is ambiguous.
    This will not be supported by -XDuplicateRecordFields in future releases of GHC.
    |
377 | describeUserResponse_userId = Lens.lens (\DescribeUserResponse' {userId} -> userId) (\s@DescribeUserResponse' {} a -> s {userId = a} :: DescribeUserResponse)
    |                                                                                                                          ^^^^^^^^^^

gen/Amazonka/IdentityStore/DescribeUser.hs:381:149: warning: [GHC-02256] [-Wambiguous-fields]
    The record update s {identityStoreId = a} with type DescribeUserResponse is ambiguous.
    This will not be supported by -XDuplicateRecordFields in future releases of GHC.
    |
381 | describeUserResponse_identityStoreId = Lens.lens (\DescribeUserResponse' {identityStoreId} -> identityStoreId) (\s@DescribeUserResponse' {} a -> s {identityStoreId = a} :: DescribeUserResponse)
    |                                                                                                                                                     ^^^^^^^^^^^^^^^^^^^
[26 of 38] Compiling Amazonka.IdentityStore.DescribeGroupMembership

gen/Amazonka/IdentityStore/DescribeGroupMembership.hs:92:158: warning: [GHC-02256] [-Wambiguous-fields]
    The record update s {identityStoreId = a} with type DescribeGroupMembership is ambiguous.
    This will not be supported by -XDuplicateRecordFields in future releases of GHC.
   |
92 | describeGroupMembership_identityStoreId = Lens.lens (\DescribeGroupMembership' {identityStoreId} -> identityStoreId) (\s@DescribeGroupMembership' {} a -> s {identityStoreId = a} :: DescribeGroupMembership)
   |                                                                                                                                                              ^^^^^^^^^^^^^^^^^^^

gen/Amazonka/IdentityStore/DescribeGroupMembership.hs:96:149: warning: [GHC-02256] [-Wambiguous-fields]
    The record update s {membershipId = a} with type DescribeGroupMembership is ambiguous.
    This will not be supported by -XDuplicateRecordFields in future releases of GHC.
   |
96 | describeGroupMembership_membershipId = Lens.lens (\DescribeGroupMembership' {membershipId} -> membershipId) (\s@DescribeGroupMembership' {} a -> s {membershipId = a} :: DescribeGroupMembership)
   |                                                                                                                                                     ^^^^^^^^^^^^^^^^

gen/Amazonka/IdentityStore/DescribeGroupMembership.hs:221:182: warning: [GHC-02256] [-Wambiguous-fields]
    The record update s {identityStoreId = a} with type DescribeGroupMembershipResponse is ambiguous.
    This will not be supported by -XDuplicateRecordFields in future releases of GHC.
    |
221 | describeGroupMembershipResponse_identityStoreId = Lens.lens (\DescribeGroupMembershipResponse' {identityStoreId} -> identityStoreId) (\s@DescribeGroupMembershipResponse' {} a -> s {identityStoreId = a} :: DescribeGroupMembershipResponse)
    |                                                                                                                                                                                      ^^^^^^^^^^^^^^^^^^^

gen/Amazonka/IdentityStore/DescribeGroupMembership.hs:225:173: warning: [GHC-02256] [-Wambiguous-fields]
    The record update s {membershipId = a} with type DescribeGroupMembershipResponse is ambiguous.
    This will not be supported by -XDuplicateRecordFields in future releases of GHC.
    |
225 | describeGroupMembershipResponse_membershipId = Lens.lens (\DescribeGroupMembershipResponse' {membershipId} -> membershipId) (\s@DescribeGroupMembershipResponse' {} a -> s {membershipId = a} :: DescribeGroupMembershipResponse)
    |                                                                                                                                                                             ^^^^^^^^^^^^^^^^

gen/Amazonka/IdentityStore/DescribeGroupMembership.hs:229:158: warning: [GHC-02256] [-Wambiguous-fields]
    The record update s {groupId = a} with type DescribeGroupMembershipResponse is ambiguous.
    This will not be supported by -XDuplicateRecordFields in future releases of GHC.
    |
229 | describeGroupMembershipResponse_groupId = Lens.lens (\DescribeGroupMembershipResponse' {groupId} -> groupId) (\s@DescribeGroupMembershipResponse' {} a -> s {groupId = a} :: DescribeGroupMembershipResponse)
    |                                                                                                                                                              ^^^^^^^^^^^

gen/Amazonka/IdentityStore/DescribeGroupMembership.hs:233:161: warning: [GHC-02256] [-Wambiguous-fields]
    The record update s {memberId = a} with type DescribeGroupMembershipResponse is ambiguous.
    This will not be supported by -XDuplicateRecordFields in future releases of GHC.
    |
233 | describeGroupMembershipResponse_memberId = Lens.lens (\DescribeGroupMembershipResponse' {memberId} -> memberId) (\s@DescribeGroupMembershipResponse' {} a -> s {memberId = a} :: DescribeGroupMembershipResponse)
    |                                                                                                                                                                 ^^^^^^^^^^^^
[27 of 38] Compiling Amazonka.IdentityStore.DescribeGroup

gen/Amazonka/IdentityStore/DescribeGroup.hs:102:128: warning: [GHC-02256] [-Wambiguous-fields]
    The record update s {identityStoreId = a} with type DescribeGroup is ambiguous.
    This will not be supported by -XDuplicateRecordFields in future releases of GHC.
    |
102 | describeGroup_identityStoreId = Lens.lens (\DescribeGroup' {identityStoreId} -> identityStoreId) (\s@DescribeGroup' {} a -> s {identityStoreId = a} :: DescribeGroup)
    |                                                                                                                                ^^^^^^^^^^^^^^^^^^^

gen/Amazonka/IdentityStore/DescribeGroup.hs:106:104: warning: [GHC-02256] [-Wambiguous-fields]
    The record update s {groupId = a} with type DescribeGroup is ambiguous.
    This will not be supported by -XDuplicateRecordFields in future releases of GHC.
    |
106 | describeGroup_groupId = Lens.lens (\DescribeGroup' {groupId} -> groupId) (\s@DescribeGroup' {} a -> s {groupId = a} :: DescribeGroup)
    |                                                                                                        ^^^^^^^^^^^

gen/Amazonka/IdentityStore/DescribeGroup.hs:240:140: warning: [GHC-02256] [-Wambiguous-fields]
    The record update s {description = a} with type DescribeGroupResponse is ambiguous.
    This will not be supported by -XDuplicateRecordFields in future releases of GHC.
    |
240 | describeGroupResponse_description = Lens.lens (\DescribeGroupResponse' {description} -> description) (\s@DescribeGroupResponse' {} a -> s {description = a} :: DescribeGroupResponse) Prelude.. Lens.mapping Data._Sensitive
    |                                                                                                                                            ^^^^^^^^^^^^^^^

gen/Amazonka/IdentityStore/DescribeGroup.hs:249:140: warning: [GHC-02256] [-Wambiguous-fields]
    The record update s {displayName = a} with type DescribeGroupResponse is ambiguous.
    This will not be supported by -XDuplicateRecordFields in future releases of GHC.
    |
249 | describeGroupResponse_displayName = Lens.lens (\DescribeGroupResponse' {displayName} -> displayName) (\s@DescribeGroupResponse' {} a -> s {displayName = a} :: DescribeGroupResponse) Prelude.. Lens.mapping Data._Sensitive
    |                                                                                                                                            ^^^^^^^^^^^^^^^

gen/Amazonka/IdentityStore/DescribeGroup.hs:254:140: warning: [GHC-02256] [-Wambiguous-fields]
    The record update s {externalIds = a} with type DescribeGroupResponse is ambiguous.
    This will not be supported by -XDuplicateRecordFields in future releases of GHC.
    |
254 | describeGroupResponse_externalIds = Lens.lens (\DescribeGroupResponse' {externalIds} -> externalIds) (\s@DescribeGroupResponse' {} a -> s {externalIds = a} :: DescribeGroupResponse) Prelude.. Lens.mapping Lens.coerced
    |                                                                                                                                            ^^^^^^^^^^^^^^^

gen/Amazonka/IdentityStore/DescribeGroup.hs:262:128: warning: [GHC-02256] [-Wambiguous-fields]
    The record update s {groupId = a} with type DescribeGroupResponse is ambiguous.
    This will not be supported by -XDuplicateRecordFields in future releases of GHC.
    |
262 | describeGroupResponse_groupId = Lens.lens (\DescribeGroupResponse' {groupId} -> groupId) (\s@DescribeGroupResponse' {} a -> s {groupId = a} :: DescribeGroupResponse)
    |                                                                                                                                ^^^^^^^^^^^

gen/Amazonka/IdentityStore/DescribeGroup.hs:266:152: warning: [GHC-02256] [-Wambiguous-fields]
    The record update s {identityStoreId = a} with type DescribeGroupResponse is ambiguous.
    This will not be supported by -XDuplicateRecordFields in future releases of GHC.
    |
266 | describeGroupResponse_identityStoreId = Lens.lens (\DescribeGroupResponse' {identityStoreId} -> identityStoreId) (\s@DescribeGroupResponse' {} a -> s {identityStoreId = a} :: DescribeGroupResponse)
    |                                                                                                                                                        ^^^^^^^^^^^^^^^^^^^
[28 of 38] Compiling Amazonka.IdentityStore.DeleteUser

gen/Amazonka/IdentityStore/DeleteUser.hs:84:119: warning: [GHC-02256] [-Wambiguous-fields]
    The record update s {identityStoreId = a} with type DeleteUser is ambiguous.
    This will not be supported by -XDuplicateRecordFields in future releases of GHC.
   |
84 | deleteUser_identityStoreId = Lens.lens (\DeleteUser' {identityStoreId} -> identityStoreId) (\s@DeleteUser' {} a -> s {identityStoreId = a} :: DeleteUser)
   |                                                                                                                       ^^^^^^^^^^^^^^^^^^^

gen/Amazonka/IdentityStore/DeleteUser.hs:88:92: warning: [GHC-02256] [-Wambiguous-fields]
    The record update s {userId = a} with type DeleteUser is ambiguous.
    This will not be supported by -XDuplicateRecordFields in future releases of GHC.
   |
88 | deleteUser_userId = Lens.lens (\DeleteUser' {userId} -> userId) (\s@DeleteUser' {} a -> s {userId = a} :: DeleteUser)
   |                                                                                            ^^^^^^^^^^
[29 of 38] Compiling Amazonka.IdentityStore.DeleteGroupMembership

gen/Amazonka/IdentityStore/DeleteGroupMembership.hs:87:152: warning: [GHC-02256] [-Wambiguous-fields]
    The record update s {identityStoreId = a} with type DeleteGroupMembership is ambiguous.
    This will not be supported by -XDuplicateRecordFields in future releases of GHC.
   |
87 | deleteGroupMembership_identityStoreId = Lens.lens (\DeleteGroupMembership' {identityStoreId} -> identityStoreId) (\s@DeleteGroupMembership' {} a -> s {identityStoreId = a} :: DeleteGroupMembership)
   |                                                                                                                                                        ^^^^^^^^^^^^^^^^^^^

gen/Amazonka/IdentityStore/DeleteGroupMembership.hs:91:143: warning: [GHC-02256] [-Wambiguous-fields]
    The record update s {membershipId = a} with type DeleteGroupMembership is ambiguous.
    This will not be supported by -XDuplicateRecordFields in future releases of GHC.
   |
91 | deleteGroupMembership_membershipId = Lens.lens (\DeleteGroupMembership' {membershipId} -> membershipId) (\s@DeleteGroupMembership' {} a -> s {membershipId = a} :: DeleteGroupMembership)
   |                                                                                                                                               ^^^^^^^^^^^^^^^^
[30 of 38] Compiling Amazonka.IdentityStore.DeleteGroup

gen/Amazonka/IdentityStore/DeleteGroup.hs:84:122: warning: [GHC-02256] [-Wambiguous-fields]
    The record update s {identityStoreId = a} with type DeleteGroup is ambiguous.
    This will not be supported by -XDuplicateRecordFields in future releases of GHC.
   |
84 | deleteGroup_identityStoreId = Lens.lens (\DeleteGroup' {identityStoreId} -> identityStoreId) (\s@DeleteGroup' {} a -> s {identityStoreId = a} :: DeleteGroup)
   |                                                                                                                          ^^^^^^^^^^^^^^^^^^^

gen/Amazonka/IdentityStore/DeleteGroup.hs:88:98: warning: [GHC-02256] [-Wambiguous-fields]
    The record update s {groupId = a} with type DeleteGroup is ambiguous.
    This will not be supported by -XDuplicateRecordFields in future releases of GHC.
   |
88 | deleteGroup_groupId = Lens.lens (\DeleteGroup' {groupId} -> groupId) (\s@DeleteGroup' {} a -> s {groupId = a} :: DeleteGroup)
   |                                                                                                  ^^^^^^^^^^^
[31 of 38] Compiling Amazonka.IdentityStore.CreateUser

gen/Amazonka/IdentityStore/CreateUser.hs:179:101: warning: [GHC-02256] [-Wambiguous-fields]
    The record update s {addresses = a} with type CreateUser is ambiguous.
    This will not be supported by -XDuplicateRecordFields in future releases of GHC.
    |
179 | createUser_addresses = Lens.lens (\CreateUser' {addresses} -> addresses) (\s@CreateUser' {} a -> s {addresses = a} :: CreateUser) Prelude.. Lens.mapping Lens.coerced
    |                                                                                                     ^^^^^^^^^^^^^

gen/Amazonka/IdentityStore/CreateUser.hs:184:107: warning: [GHC-02256] [-Wambiguous-fields]
    The record update s {displayName = a} with type CreateUser is ambiguous.
    This will not be supported by -XDuplicateRecordFields in future releases of GHC.
    |
184 | createUser_displayName = Lens.lens (\CreateUser' {displayName} -> displayName) (\s@CreateUser' {} a -> s {displayName = a} :: CreateUser) Prelude.. Lens.mapping Data._Sensitive
    |                                                                                                           ^^^^^^^^^^^^^^^

gen/Amazonka/IdentityStore/CreateUser.hs:189:92: warning: [GHC-02256] [-Wambiguous-fields]
    The record update s {emails = a} with type CreateUser is ambiguous.
    This will not be supported by -XDuplicateRecordFields in future releases of GHC.
    |
189 | createUser_emails = Lens.lens (\CreateUser' {emails} -> emails) (\s@CreateUser' {} a -> s {emails = a} :: CreateUser) Prelude.. Lens.mapping Lens.coerced
    |                                                                                            ^^^^^^^^^^

gen/Amazonka/IdentityStore/CreateUser.hs:193:92: warning: [GHC-02256] [-Wambiguous-fields]
    The record update s {locale = a} with type CreateUser is ambiguous.
    This will not be supported by -XDuplicateRecordFields in future releases of GHC.
    |
193 | createUser_locale = Lens.lens (\CreateUser' {locale} -> locale) (\s@CreateUser' {} a -> s {locale = a} :: CreateUser) Prelude.. Lens.mapping Data._Sensitive
    |                                                                                            ^^^^^^^^^^

gen/Amazonka/IdentityStore/CreateUser.hs:197:86: warning: [GHC-02256] [-Wambiguous-fields]
    The record update s {name = a} with type CreateUser is ambiguous.
    This will not be supported by -XDuplicateRecordFields in future releases of GHC.
    |
197 | createUser_name = Lens.lens (\CreateUser' {name} -> name) (\s@CreateUser' {} a -> s {name = a} :: CreateUser)
    |                                                                                      ^^^^^^^^

gen/Amazonka/IdentityStore/CreateUser.hs:201:98: warning: [GHC-02256] [-Wambiguous-fields]
    The record update s {nickName = a} with type CreateUser is ambiguous.
    This will not be supported by -XDuplicateRecordFields in future releases of GHC.
    |
201 | createUser_nickName = Lens.lens (\CreateUser' {nickName} -> nickName) (\s@CreateUser' {} a -> s {nickName = a} :: CreateUser) Prelude.. Lens.mapping Data._Sensitive
    |                                                                                                  ^^^^^^^^^^^^

gen/Amazonka/IdentityStore/CreateUser.hs:206:110: warning: [GHC-02256] [-Wambiguous-fields]
    The record update s {phoneNumbers = a} with type CreateUser is ambiguous.
    This will not be supported by -XDuplicateRecordFields in future releases of GHC.
    |
206 | createUser_phoneNumbers = Lens.lens (\CreateUser' {phoneNumbers} -> phoneNumbers) (\s@CreateUser' {} a -> s {phoneNumbers = a} :: CreateUser) Prelude.. Lens.mapping Lens.coerced
    |                                                                                                              ^^^^^^^^^^^^^^^^

gen/Amazonka/IdentityStore/CreateUser.hs:211:125: warning: [GHC-02256] [-Wambiguous-fields]
    The record update s {preferredLanguage = a} with type CreateUser is ambiguous.
    This will not be supported by -XDuplicateRecordFields in future releases of GHC.
    |
211 | createUser_preferredLanguage = Lens.lens (\CreateUser' {preferredLanguage} -> preferredLanguage) (\s@CreateUser' {} a -> s {preferredLanguage = a} :: CreateUser) Prelude.. Lens.mapping Data._Sensitive
    |                                                                                                                             ^^^^^^^^^^^^^^^^^^^^^

gen/Amazonka/IdentityStore/CreateUser.hs:215:104: warning: [GHC-02256] [-Wambiguous-fields]
    The record update s {profileUrl = a} with type CreateUser is ambiguous.
    This will not be supported by -XDuplicateRecordFields in future releases of GHC.
    |
215 | createUser_profileUrl = Lens.lens (\CreateUser' {profileUrl} -> profileUrl) (\s@CreateUser' {} a -> s {profileUrl = a} :: CreateUser) Prelude.. Lens.mapping Data._Sensitive
    |                                                                                                        ^^^^^^^^^^^^^^

gen/Amazonka/IdentityStore/CreateUser.hs:219:98: warning: [GHC-02256] [-Wambiguous-fields]
    The record update s {timezone = a} with type CreateUser is ambiguous.
    This will not be supported by -XDuplicateRecordFields in future releases of GHC.
    |
219 | createUser_timezone = Lens.lens (\CreateUser' {timezone} -> timezone) (\s@CreateUser' {} a -> s {timezone = a} :: CreateUser) Prelude.. Lens.mapping Data._Sensitive
    |                                                                                                  ^^^^^^^^^^^^

gen/Amazonka/IdentityStore/CreateUser.hs:224:89: warning: [GHC-02256] [-Wambiguous-fields]
    The record update s {title = a} with type CreateUser is ambiguous.
    This will not be supported by -XDuplicateRecordFields in future releases of GHC.
    |
224 | createUser_title = Lens.lens (\CreateUser' {title} -> title) (\s@CreateUser' {} a -> s {title = a} :: CreateUser) Prelude.. Lens.mapping Data._Sensitive
    |                                                                                         ^^^^^^^^^

gen/Amazonka/IdentityStore/CreateUser.hs:232:98: warning: [GHC-02256] [-Wambiguous-fields]
    The record update s {userName = a} with type CreateUser is ambiguous.
    This will not be supported by -XDuplicateRecordFields in future releases of GHC.
    |
232 | createUser_userName = Lens.lens (\CreateUser' {userName} -> userName) (\s@CreateUser' {} a -> s {userName = a} :: CreateUser) Prelude.. Lens.mapping Data._Sensitive
    |                                                                                                  ^^^^^^^^^^^^

gen/Amazonka/IdentityStore/CreateUser.hs:237:98: warning: [GHC-02256] [-Wambiguous-fields]
    The record update s {userType = a} with type CreateUser is ambiguous.
    This will not be supported by -XDuplicateRecordFields in future releases of GHC.
    |
237 | createUser_userType = Lens.lens (\CreateUser' {userType} -> userType) (\s@CreateUser' {} a -> s {userType = a} :: CreateUser) Prelude.. Lens.mapping Data._Sensitive
    |                                                                                                  ^^^^^^^^^^^^

gen/Amazonka/IdentityStore/CreateUser.hs:241:119: warning: [GHC-02256] [-Wambiguous-fields]
    The record update s {identityStoreId = a} with type CreateUser is ambiguous.
    This will not be supported by -XDuplicateRecordFields in future releases of GHC.
    |
241 | createUser_identityStoreId = Lens.lens (\CreateUser' {identityStoreId} -> identityStoreId) (\s@CreateUser' {} a -> s {identityStoreId = a} :: CreateUser)
    |                                                                                                                       ^^^^^^^^^^^^^^^^^^^

gen/Amazonka/IdentityStore/CreateUser.hs:383:116: warning: [GHC-02256] [-Wambiguous-fields]
    The record update s {userId = a} with type CreateUserResponse is ambiguous.
    This will not be supported by -XDuplicateRecordFields in future releases of GHC.
    |
383 | createUserResponse_userId = Lens.lens (\CreateUserResponse' {userId} -> userId) (\s@CreateUserResponse' {} a -> s {userId = a} :: CreateUserResponse)
    |                                                                                                                    ^^^^^^^^^^

gen/Amazonka/IdentityStore/CreateUser.hs:387:143: warning: [GHC-02256] [-Wambiguous-fields]
    The record update s {identityStoreId = a} with type CreateUserResponse is ambiguous.
    This will not be supported by -XDuplicateRecordFields in future releases of GHC.
    |
387 | createUserResponse_identityStoreId = Lens.lens (\CreateUserResponse' {identityStoreId} -> identityStoreId) (\s@CreateUserResponse' {} a -> s {identityStoreId = a} :: CreateUserResponse)
    |                                                                                                                                               ^^^^^^^^^^^^^^^^^^^
[32 of 38] Compiling Amazonka.IdentityStore.CreateGroupMembership

gen/Amazonka/IdentityStore/CreateGroupMembership.hs:104:152: warning: [GHC-02256] [-Wambiguous-fields]
    The record update s {identityStoreId = a} with type CreateGroupMembership is ambiguous.
    This will not be supported by -XDuplicateRecordFields in future releases of GHC.
    |
104 | createGroupMembership_identityStoreId = Lens.lens (\CreateGroupMembership' {identityStoreId} -> identityStoreId) (\s@CreateGroupMembership' {} a -> s {identityStoreId = a} :: CreateGroupMembership)
    |                                                                                                                                                        ^^^^^^^^^^^^^^^^^^^

gen/Amazonka/IdentityStore/CreateGroupMembership.hs:108:128: warning: [GHC-02256] [-Wambiguous-fields]
    The record update s {groupId = a} with type CreateGroupMembership is ambiguous.
    This will not be supported by -XDuplicateRecordFields in future releases of GHC.
    |
108 | createGroupMembership_groupId = Lens.lens (\CreateGroupMembership' {groupId} -> groupId) (\s@CreateGroupMembership' {} a -> s {groupId = a} :: CreateGroupMembership)
    |                                                                                                                                ^^^^^^^^^^^

gen/Amazonka/IdentityStore/CreateGroupMembership.hs:114:131: warning: [GHC-02256] [-Wambiguous-fields]
    The record update s {memberId = a} with type CreateGroupMembership is ambiguous.
    This will not be supported by -XDuplicateRecordFields in future releases of GHC.
    |
114 | createGroupMembership_memberId = Lens.lens (\CreateGroupMembership' {memberId} -> memberId) (\s@CreateGroupMembership' {} a -> s {memberId = a} :: CreateGroupMembership)
    |                                                                                                                                   ^^^^^^^^^^^^

gen/Amazonka/IdentityStore/CreateGroupMembership.hs:228:167: warning: [GHC-02256] [-Wambiguous-fields]
    The record update s {membershipId = a} with type CreateGroupMembershipResponse is ambiguous.
    This will not be supported by -XDuplicateRecordFields in future releases of GHC.
    |
228 | createGroupMembershipResponse_membershipId = Lens.lens (\CreateGroupMembershipResponse' {membershipId} -> membershipId) (\s@CreateGroupMembershipResponse' {} a -> s {membershipId = a} :: CreateGroupMembershipResponse)
    |                                                                                                                                                                       ^^^^^^^^^^^^^^^^

gen/Amazonka/IdentityStore/CreateGroupMembership.hs:232:176: warning: [GHC-02256] [-Wambiguous-fields]
    The record update s {identityStoreId = a} with type CreateGroupMembershipResponse is ambiguous.
    This will not be supported by -XDuplicateRecordFields in future releases of GHC.
    |
232 | createGroupMembershipResponse_identityStoreId = Lens.lens (\CreateGroupMembershipResponse' {identityStoreId} -> identityStoreId) (\s@CreateGroupMembershipResponse' {} a -> s {identityStoreId = a} :: CreateGroupMembershipResponse)
    |                                                                                                                                                                                ^^^^^^^^^^^^^^^^^^^
[33 of 38] Compiling Amazonka.IdentityStore.CreateGroup

gen/Amazonka/IdentityStore/CreateGroup.hs:92:110: warning: [GHC-02256] [-Wambiguous-fields]
    The record update s {description = a} with type CreateGroup is ambiguous.
    This will not be supported by -XDuplicateRecordFields in future releases of GHC.
   |
92 | createGroup_description = Lens.lens (\CreateGroup' {description} -> description) (\s@CreateGroup' {} a -> s {description = a} :: CreateGroup) Prelude.. Lens.mapping Data._Sensitive
   |                                                                                                              ^^^^^^^^^^^^^^^

gen/Amazonka/IdentityStore/CreateGroup.hs:97:110: warning: [GHC-02256] [-Wambiguous-fields]
    The record update s {displayName = a} with type CreateGroup is ambiguous.
    This will not be supported by -XDuplicateRecordFields in future releases of GHC.
   |
97 | createGroup_displayName = Lens.lens (\CreateGroup' {displayName} -> displayName) (\s@CreateGroup' {} a -> s {displayName = a} :: CreateGroup) Prelude.. Lens.mapping Data._Sensitive
   |                                                                                                              ^^^^^^^^^^^^^^^

gen/Amazonka/IdentityStore/CreateGroup.hs:101:122: warning: [GHC-02256] [-Wambiguous-fields]
    The record update s {identityStoreId = a} with type CreateGroup is ambiguous.
    This will not be supported by -XDuplicateRecordFields in future releases of GHC.
    |
101 | createGroup_identityStoreId = Lens.lens (\CreateGroup' {identityStoreId} -> identityStoreId) (\s@CreateGroup' {} a -> s {identityStoreId = a} :: CreateGroup)
    |                                                                                                                          ^^^^^^^^^^^^^^^^^^^

gen/Amazonka/IdentityStore/CreateGroup.hs:209:122: warning: [GHC-02256] [-Wambiguous-fields]
    The record update s {groupId = a} with type CreateGroupResponse is ambiguous.
    This will not be supported by -XDuplicateRecordFields in future releases of GHC.
    |
209 | createGroupResponse_groupId = Lens.lens (\CreateGroupResponse' {groupId} -> groupId) (\s@CreateGroupResponse' {} a -> s {groupId = a} :: CreateGroupResponse)
    |                                                                                                                          ^^^^^^^^^^^

gen/Amazonka/IdentityStore/CreateGroup.hs:213:146: warning: [GHC-02256] [-Wambiguous-fields]
    The record update s {identityStoreId = a} with type CreateGroupResponse is ambiguous.
    This will not be supported by -XDuplicateRecordFields in future releases of GHC.
    |
213 | createGroupResponse_identityStoreId = Lens.lens (\CreateGroupResponse' {identityStoreId} -> identityStoreId) (\s@CreateGroupResponse' {} a -> s {identityStoreId = a} :: CreateGroupResponse)
    |                                                                                                                                                  ^^^^^^^^^^^^^^^^^^^
[34 of 38] Compiling Amazonka.IdentityStore.UpdateGroup

gen/Amazonka/IdentityStore/UpdateGroup.hs:98:122: warning: [GHC-02256] [-Wambiguous-fields]
    The record update s {identityStoreId = a} with type UpdateGroup is ambiguous.
    This will not be supported by -XDuplicateRecordFields in future releases of GHC.
   |
98 | updateGroup_identityStoreId = Lens.lens (\UpdateGroup' {identityStoreId} -> identityStoreId) (\s@UpdateGroup' {} a -> s {identityStoreId = a} :: UpdateGroup)
   |                                                                                                                          ^^^^^^^^^^^^^^^^^^^

gen/Amazonka/IdentityStore/UpdateGroup.hs:102:98: warning: [GHC-02256] [-Wambiguous-fields]
    The record update s {groupId = a} with type UpdateGroup is ambiguous.
    This will not be supported by -XDuplicateRecordFields in future releases of GHC.
    |
102 | updateGroup_groupId = Lens.lens (\UpdateGroup' {groupId} -> groupId) (\s@UpdateGroup' {} a -> s {groupId = a} :: UpdateGroup)
    |                                                                                                  ^^^^^^^^^^^
[35 of 38] Compiling Amazonka.IdentityStore.UpdateUser

gen/Amazonka/IdentityStore/UpdateUser.hs:95:119: warning: [GHC-02256] [-Wambiguous-fields]
    The record update s {identityStoreId = a} with type UpdateUser is ambiguous.
    This will not be supported by -XDuplicateRecordFields in future releases of GHC.
   |
95 | updateUser_identityStoreId = Lens.lens (\UpdateUser' {identityStoreId} -> identityStoreId) (\s@UpdateUser' {} a -> s {identityStoreId = a} :: UpdateUser)
   |                                                                                                                       ^^^^^^^^^^^^^^^^^^^

gen/Amazonka/IdentityStore/UpdateUser.hs:99:92: warning: [GHC-02256] [-Wambiguous-fields]
    The record update s {userId = a} with type UpdateUser is ambiguous.
    This will not be supported by -XDuplicateRecordFields in future releases of GHC.
   |
99 | updateUser_userId = Lens.lens (\UpdateUser' {userId} -> userId) (\s@UpdateUser' {} a -> s {userId = a} :: UpdateUser)
   |                                                                                            ^^^^^^^^^^
[36 of 38] Compiling Amazonka.IdentityStore.Lens
[37 of 38] Compiling Amazonka.IdentityStore.Waiters
[38 of 38] Compiling Amazonka.IdentityStore
Configuring test suite 'amazonka-identitystore-test' for amazonka-identitystore-2.0...
Preprocessing test suite 'amazonka-identitystore-test' for amazonka-identitystore-2.0...
Building test suite 'amazonka-identitystore-test' for amazonka-identitystore-2.0...
[1 of 4] Compiling Test.Amazonka.IdentityStore
[2 of 4] Compiling Test.Amazonka.IdentityStore.Internal
[3 of 4] Compiling Test.Amazonka.Gen.IdentityStore
[4 of 4] Compiling Main
[5 of 5] Linking /tmp/workdir-amazonka-identitystore/amazonka-identitystore-2.0/dist-newstyle/build/x86_64-linux/ghc-9.6.6/amazonka-identitystore-2.0/t/amazonka-identitystore-test/build/amazonka-identitystore-test/amazonka-identitystore-test
