Build profile: -w ghc-9.6.6 -O1
In order, the following will be built (use -v for more details):
 - aern2-mp-0.2.15.1 (lib) (first run)
 - aern2-mp-0.2.15.1 (test:aern2-mp-test) (first run)
Configuring library for aern2-mp-0.2.15.1...
Preprocessing library for aern2-mp-0.2.15.1...
Building library for aern2-mp-0.2.15.1...
[ 1 of 37] Compiling AERN2.Kleenean
[ 2 of 37] Compiling AERN2.Limit
[ 3 of 37] Compiling AERN2.MP.Float.Auxi
[ 4 of 37] Compiling AERN2.MP.Precision
[ 5 of 37] Compiling AERN2.Norm
[ 6 of 37] Compiling AERN2.MP.Float.Type
[ 7 of 37] Compiling AERN2.MP.Float.Arithmetic
[ 8 of 37] Compiling AERN2.MP.Float.PreludeNum
[ 9 of 37] Compiling AERN2.MP.Float.Conversions
[10 of 37] Compiling AERN2.MP.Float.Operators
[11 of 37] Compiling AERN2.MP.Float.Tests

src/AERN2/MP/Float/Tests.hs:52:1: warning: [-Wunused-imports]
    The import of ‘AERN2.MP.Float.Arithmetic’ is redundant
      except perhaps to import instances from ‘AERN2.MP.Float.Arithmetic’
    To import instances alone, use: import AERN2.MP.Float.Arithmetic()
   |
52 | import AERN2.MP.Float.Arithmetic
   | ^^^^^^^^^^^^^^^^^^^^^^^^^^^^^^^^
[12 of 37] Compiling AERN2.MP.Float
[13 of 37] Compiling AERN2.MP.Accuracy
[14 of 37] Compiling AERN2.MP.Dyadic

src/AERN2/MP/Dyadic.hs:88:5: warning: [GHC-62161] [-Wincomplete-uni-patterns]
    Pattern match(es) are non-exhaustive
    In a pattern binding:
        Patterns of type ‘NormLog’ not matched: NormZero
   |
88 |     NormBits e = getNormLog (denominator xR)
   |     ^^^^^^^^^^^^^^^^^^^^^^^^^^^^^^^^^^^^^^^^
[15 of 37] Compiling AERN2.MP.ErrorBound
[16 of 37] Compiling AERN2.MP.Enclosure
[17 of 37] Compiling AERN2.Normalize
[18 of 37] Compiling AERN2.MP.Ball.Type

src/AERN2/MP/Ball/Type.hs:140:5: warning: [GHC-62161] [-Wincomplete-uni-patterns]
    Pattern match(es) are non-exhaustive
    In a pattern binding:
        Patterns of type ‘NormLog’ not matched: NormZero
    |
140 |     (NormBits nb) = bNorm
    |     ^^^^^^^^^^^^^^^^^^^^^
[19 of 37] Compiling AERN2.MP.Ball.Conversions
[20 of 37] Compiling AERN2.MP.Ball.Comparisons
[21 of 37] Compiling AERN2.MP.Ball.Field
[22 of 37] Compiling AERN2.MP.Ball.Limit
[23 of 37] Compiling AERN2.MP.Ball.Elementary
[24 of 37] Compiling AERN2.MP.Ball.Tests
[25 of 37] Compiling AERN2.MP.Ball.PreludeOps
[26 of 37] Compiling AERN2.MP.Ball
[27 of 37] Compiling AERN2.MP
[28 of 37] Compiling AERN2.MP.WithCurrentPrec.Type
[29 of 37] Compiling AERN2.MP.WithCurrentPrec.PreludeInstances
[30 of 37] Compiling AERN2.MP.WithCurrentPrec.Limit
[31 of 37] Compiling AERN2.MP.WithCurrentPrec.Field
[32 of 37] Compiling AERN2.MP.WithCurrentPrec.Elementary
[33 of 37] Compiling AERN2.MP.WithCurrentPrec.Comparisons
[34 of 37] Compiling AERN2.MP.WithCurrentPrec
[35 of 37] Compiling AERN2.Select
[36 of 37] Compiling AERN2.Utils.Bench
[37 of 37] Compiling Paths_aern2_mp
Configuring test suite 'aern2-mp-test' for aern2-mp-0.2.15.1...
Preprocessing test suite 'aern2-mp-test' for aern2-mp-0.2.15.1...
Building test suite 'aern2-mp-test' for aern2-mp-0.2.15.1...
[1 of 5] Compiling AERN2.MP.BallSpec
[2 of 5] Compiling AERN2.MP.DyadicSpec
[3 of 5] Compiling AERN2.MP.FloatSpec
[4 of 5] Compiling Main
[5 of 5] Compiling Paths_aern2_mp
[6 of 6] Linking /tmp/workdir-aern2-mp/aern2-mp-0.2.15.1/dist-newstyle/build/x86_64-linux/ghc-9.6.6/aern2-mp-0.2.15.1/t/aern2-mp-test/build/aern2-mp-test/aern2-mp-test
