Build profile: -w ghc-9.6.6 -O1
In order, the following will be built (use -v for more details):
 - gtk2hs-buildtools-0.13.11.0 (lib) (first run)
 - gtk2hs-buildtools-0.13.11.0 (exe:gtk2hsTypeGen) (first run)
 - gtk2hs-buildtools-0.13.11.0 (exe:gtk2hsHookGenerator) (first run)
 - gtk2hs-buildtools-0.13.11.0 (exe:gtk2hsC2hs) (first run)
Configuring library for gtk2hs-buildtools-0.13.11.0...
Preprocessing library for gtk2hs-buildtools-0.13.11.0...
Building library for gtk2hs-buildtools-0.13.11.0...
[ 1 of 46] Compiling BaseVersion
[ 2 of 46] Compiling C2HSConfig
[ 3 of 46] Compiling CInfo
[ 4 of 46] Compiling Config
[ 5 of 46] Compiling DLists

c2hs/base/general/DLists.hs:66:13: warning: [GHC-47082] [-Woperator-whitespace-ext-conflict]
    The prefix use of a ‘$’ would denote an untyped splice
      were the TemplateHaskell extension enabled.
    Suggested fix: Add whitespace after the ‘$’.
   |
66 | closeDL  = ($[])
   |             ^
[ 6 of 46] Compiling FNameOps
[ 7 of 46] Compiling FastMutInt
[ 8 of 46] Compiling FileOps
[ 9 of 46] Compiling Map
[10 of 46] Compiling Binary
[11 of 46] Compiling Paths_gtk2hs_buildtools
[12 of 46] Compiling HookGenerator
[13 of 46] Compiling Position
[14 of 46] Compiling Errors
[15 of 46] Compiling Lexers

c2hs/base/syntax/Lexers.hs:133:1: warning: [GHC-94817] [-Wtabs]
    Tab character found here, and in 172 further locations.
    Suggested fix: Please use spaces instead.
    |
133 |                lexactionErr, lexmeta, (>|<), (>||<), ctrlChars, ctrlLexer,
    | ^^^^^^^^
[16 of 46] Compiling Set
[17 of 46] Compiling StateTrans

c2hs/base/state/StateTrans.hs:123:3: warning: [-Wnoncanonical-monad-instances]
    Noncanonical ‘pure = return’ definition detected
    in the instance declaration for ‘Applicative (STB bs gs)’.
    Move definition from ‘return’ to ‘pure’
    See also: https://gitlab.haskell.org/ghc/ghc/-/wikis/proposal/monad-of-no-return
    |
123 |   pure  = return
    |   ^^^^^^^^^^^^^^

c2hs/base/state/StateTrans.hs:127:3: warning: [-Wnoncanonical-monad-instances]
    Noncanonical ‘return’ definition detected
    in the instance declaration for ‘Monad (STB bs gs)’.
    ‘return’ will eventually be removed in favour of ‘pure’
    Either remove definition for ‘return’ (recommended) or define as ‘return = pure’
    See also: https://gitlab.haskell.org/ghc/ghc/-/wikis/proposal/monad-of-no-return
    |
127 |   return = yield
    |   ^^^^^^^^^^^^^^

c2hs/base/state/StateTrans.hs:129:3: warning: [-Wnoncanonical-monad-instances]
    Noncanonical ‘(>>)’ definition detected
    in the instance declaration for ‘Monad (STB bs gs)’.
    ‘(>>)’ will eventually be removed in favour of ‘(*>)’
    Either remove definition for ‘(>>)’ (recommended) or define as ‘(>>) = (*>)’
    See also: https://gitlab.haskell.org/ghc/ghc/-/wikis/proposal/monad-of-no-return
    |
129 |   (>>)   = (+>)
    |   ^^^^^^^^^^^^^
[18 of 46] Compiling Switches
[19 of 46] Compiling TypeGen
[20 of 46] Compiling UNames
[21 of 46] Compiling StateBase

c2hs/base/state/StateBase.hs:106:3: warning: [-Wnoncanonical-monad-instances]
    Noncanonical ‘pure = return’ definition detected
    in the instance declaration for ‘Applicative (PreCST e s)’.
    Move definition from ‘return’ to ‘pure’
    See also: https://gitlab.haskell.org/ghc/ghc/-/wikis/proposal/monad-of-no-return
    |
106 |   pure  = return
    |   ^^^^^^^^^^^^^^

c2hs/base/state/StateBase.hs:110:3: warning: [-Wnoncanonical-monad-instances]
    Noncanonical ‘return’ definition detected
    in the instance declaration for ‘Monad (PreCST e s)’.
    ‘return’ will eventually be removed in favour of ‘pure’
    Either remove definition for ‘return’ (recommended) or define as ‘return = pure’
    See also: https://gitlab.haskell.org/ghc/ghc/-/wikis/proposal/monad-of-no-return
    |
110 |   return = yield
    |   ^^^^^^^^^^^^^^

c2hs/base/state/StateBase.hs:112:3: warning: [-Wnoncanonical-monad-instances]
    Noncanonical ‘(>>)’ definition detected
    in the instance declaration for ‘Monad (PreCST e s)’.
    ‘(>>)’ will eventually be removed in favour of ‘(*>)’
    Either remove definition for ‘(>>)’ (recommended) or define as ‘(>>) = (*>)’
    See also: https://gitlab.haskell.org/ghc/ghc/-/wikis/proposal/monad-of-no-return
    |
112 |   (>>)   = (+>)
    |   ^^^^^^^^^^^^^
[22 of 46] Compiling CIO

c2hs/base/state/CIO.hs:77:1: warning: [-Wdeprecations]
    Module ‘System.Cmd’ is deprecated: "Use \"System.Process\" instead"
   |
77 | import System.Cmd
   | ^^^^^^^^^^^^^^^^^
[23 of 46] Compiling State
[24 of 46] Compiling C2HSState
[25 of 46] Compiling Attributes
[26 of 46] Compiling Idents
[27 of 46] Compiling NameSpaces
[28 of 46] Compiling CTokens
[29 of 46] Compiling CParserMonad

c2hs/c/CParserMonad.hs:95:3: warning: [-Wnoncanonical-monad-instances]
    Noncanonical ‘pure = return’ definition detected
    in the instance declaration for ‘Applicative P’.
    Move definition from ‘return’ to ‘pure’
    See also: https://gitlab.haskell.org/ghc/ghc/-/wikis/proposal/monad-of-no-return
   |
95 |   pure = return
   |   ^^^^^^^^^^^^^

c2hs/c/CParserMonad.hs:99:3: warning: [-Wnoncanonical-monad-instances]
    Noncanonical ‘return’ definition detected
    in the instance declaration for ‘Monad P’.
    ‘return’ will eventually be removed in favour of ‘pure’
    Either remove definition for ‘return’ (recommended) or define as ‘return = pure’
    See also: https://gitlab.haskell.org/ghc/ghc/-/wikis/proposal/monad-of-no-return
   |
99 |   return = returnP
   |   ^^^^^^^^^^^^^^^^
[30 of 46] Compiling CLexer

c2hs/c/CLexer.x:73:14: warning: [GHC-94817] [-Wtabs]
    Tab character found here, and in 226 further locations.
    Suggested fix: Please use spaces instead.
   |
73 | import Position  (Position(..), Pos(posOf))
   |              ^^^
[31 of 46] Compiling CHSLexer
[32 of 46] Compiling CHS
[33 of 46] Compiling GenHeader
[34 of 46] Compiling CAST
[35 of 46] Compiling CPretty
[36 of 46] Compiling CAttrs
[37 of 46] Compiling CTrav
[38 of 46] Compiling CBuiltin
[39 of 46] Compiling CParser
[40 of 46] Compiling CNames
[41 of 46] Compiling C
[42 of 46] Compiling GBMonad
[43 of 46] Compiling GenBind
[44 of 46] Compiling Version
[45 of 46] Compiling Gtk2HsC2Hs
[46 of 46] Compiling Gtk2HsSetup
Configuring executable 'gtk2hsTypeGen' for gtk2hs-buildtools-0.13.11.0...
Preprocessing executable 'gtk2hsTypeGen' for gtk2hs-buildtools-0.13.11.0...
Building executable 'gtk2hsTypeGen' for gtk2hs-buildtools-0.13.11.0...
[1 of 1] Compiling Main
[2 of 2] Linking /tmp/workdir-gtk2hs-buildtools/gtk2hs-buildtools-0.13.11.0/dist-newstyle/build/x86_64-linux/ghc-9.6.6/gtk2hs-buildtools-0.13.11.0/x/gtk2hsTypeGen/build/gtk2hsTypeGen/gtk2hsTypeGen
Configuring executable 'gtk2hsHookGenerator' for gtk2hs-buildtools-0.13.11.0...
Preprocessing executable 'gtk2hsHookGenerator' for gtk2hs-buildtools-0.13.11.0...
Building executable 'gtk2hsHookGenerator' for gtk2hs-buildtools-0.13.11.0...
[1 of 1] Compiling Main
[2 of 2] Linking /tmp/workdir-gtk2hs-buildtools/gtk2hs-buildtools-0.13.11.0/dist-newstyle/build/x86_64-linux/ghc-9.6.6/gtk2hs-buildtools-0.13.11.0/x/gtk2hsHookGenerator/build/gtk2hsHookGenerator/gtk2hsHookGenerator
Configuring executable 'gtk2hsC2hs' for gtk2hs-buildtools-0.13.11.0...
Preprocessing executable 'gtk2hsC2hs' for gtk2hs-buildtools-0.13.11.0...
Building executable 'gtk2hsC2hs' for gtk2hs-buildtools-0.13.11.0...
[1 of 1] Compiling Main
[2 of 2] Linking /tmp/workdir-gtk2hs-buildtools/gtk2hs-buildtools-0.13.11.0/dist-newstyle/build/x86_64-linux/ghc-9.6.6/gtk2hs-buildtools-0.13.11.0/x/gtk2hsC2hs/build/gtk2hsC2hs/gtk2hsC2hs
