Build profile: -w ghc-9.6.6 -O1
In order, the following will be built (use -v for more details):
 - universum-1.8.2.1 (lib) (first run)
 - universum-1.8.2.1 (test:universum-test) (first run)
Configuring library for universum-1.8.2.1...
Preprocessing library for universum-1.8.2.1...
Building library for universum-1.8.2.1...
[ 1 of 40] Compiling Universum.Applicative
[ 2 of 40] Compiling Universum.Base
[ 3 of 40] Compiling Universum.Bool.Reexport
[ 4 of 40] Compiling Universum.Container.Reexport
[ 5 of 40] Compiling Universum.Function
[ 6 of 40] Compiling Universum.Functor.Reexport
[ 7 of 40] Compiling Universum.Functor.Fmap
[ 8 of 40] Compiling Universum.Functor
[ 9 of 40] Compiling Universum.Lifted.Concurrent
[10 of 40] Compiling Universum.Lifted.Env
[11 of 40] Compiling Universum.Lifted.File
[12 of 40] Compiling Universum.Lifted.IORef
[13 of 40] Compiling Universum.Lifted
[14 of 40] Compiling Universum.List.Reexport
[15 of 40] Compiling Universum.Monad.Reexport
[16 of 40] Compiling Universum.Monad.Maybe
[17 of 40] Compiling Universum.Monad.Either
[18 of 40] Compiling Universum.Monad.Trans
[19 of 40] Compiling Universum.Monoid
[20 of 40] Compiling Universum.Container.Class
[21 of 40] Compiling Universum.Container
[22 of 40] Compiling Universum.Monad.Container
[23 of 40] Compiling Universum.Monad
[24 of 40] Compiling Universum.List.Safe
[25 of 40] Compiling Universum.List
[26 of 40] Compiling Universum.Exception
[27 of 40] Compiling Universum.DeepSeq
[28 of 40] Compiling Universum.Bool.Guard
[29 of 40] Compiling Universum.Bool
[30 of 40] Compiling Universum.Nub
[31 of 40] Compiling Universum.Print.Internal
[32 of 40] Compiling Universum.Print
[33 of 40] Compiling Universum.Debug
[34 of 40] Compiling Universum.String.Reexport
[35 of 40] Compiling Universum.String.Conversion
[36 of 40] Compiling Universum.String
[37 of 40] Compiling Universum.TypeOps
[38 of 40] Compiling Universum.Unsafe
[39 of 40] Compiling Universum.VarArg
[40 of 40] Compiling Universum
Configuring test suite 'universum-test' for universum-1.8.2.1...
Preprocessing test suite 'universum-test' for universum-1.8.2.1...
Building test suite 'universum-test' for universum-1.8.2.1...
[1 of 7] Compiling Test.Universum.BoolMProps
[2 of 7] Compiling Test.Universum.Issue208
[3 of 7] Compiling Test.Universum.ListProps
[4 of 7] Compiling Test.Universum.StringProps
[5 of 7] Compiling Test.Universum.UtfProps
[6 of 7] Compiling Tree
[7 of 7] Compiling Main
[8 of 8] Linking /tmp/workdir-universum/universum-1.8.2.1/dist-newstyle/build/x86_64-linux/ghc-9.6.6/universum-1.8.2.1/t/universum-test/build/universum-test/universum-test
