Build profile: -w ghc-9.6.6 -O1
In order, the following will be built (use -v for more details):
 - toml-parser-1.3.2.0 (lib) (first run)
 - toml-parser-1.3.2.0 (test:unittests) (first run)
 - toml-parser-1.3.2.0 (test:readme) (first run)
Configuring library for toml-parser-1.3.2.0...
Preprocessing library for toml-parser-1.3.2.0...
Building library for toml-parser-1.3.2.0...
[ 1 of 20] Compiling Toml.FromValue.Matcher
[ 2 of 20] Compiling Toml.Lexer.Token
[ 3 of 20] Compiling Toml.Position
[ 4 of 20] Compiling Toml.Located
[ 5 of 20] Compiling Toml.Parser.Types
[ 6 of 20] Compiling Toml.Lexer.Utils
[ 7 of 20] Compiling Toml.Lexer
[ 8 of 20] Compiling Toml.Semantics.Ordered
[ 9 of 20] Compiling Toml.Value
[10 of 20] Compiling Toml.ToValue
[11 of 20] Compiling Toml.ToValue.Generic
[12 of 20] Compiling Toml.Semantics
[13 of 20] Compiling Toml.Pretty
[14 of 20] Compiling Toml.Parser.Utils
[15 of 20] Compiling Toml.Parser
[16 of 20] Compiling Toml.FromValue.ParseTable
[17 of 20] Compiling Toml.FromValue
[18 of 20] Compiling Toml.FromValue.Generic
[19 of 20] Compiling Toml.Generic
[20 of 20] Compiling Toml
Configuring test suite 'unittests' for toml-parser-1.3.2.0...
Preprocessing test suite 'unittests' for toml-parser-1.3.2.0...
Building test suite 'unittests' for toml-parser-1.3.2.0...
[ 1 of 10] Compiling DerivingViaSpec
[ 2 of 10] Compiling FromValueSpec
[ 3 of 10] Compiling LexerSpec
[ 4 of 10] Compiling QuoteStr
[ 5 of 10] Compiling PrettySpec
[ 6 of 10] Compiling HieDemoSpec
[ 7 of 10] Compiling DecodeSpec
[ 8 of 10] Compiling ToValueSpec
[ 9 of 10] Compiling TomlSpec
[10 of 10] Compiling Main
[11 of 11] Linking /tmp/workdir-toml-parser/toml-parser-1.3.2.0/dist-newstyle/build/x86_64-linux/ghc-9.6.6/toml-parser-1.3.2.0/t/unittests/build/unittests/unittests
Configuring test suite 'readme' for toml-parser-1.3.2.0...
Preprocessing test suite 'readme' for toml-parser-1.3.2.0...
Building test suite 'readme' for toml-parser-1.3.2.0...
[1 of 2] Compiling QuoteStr
[2 of 2] Compiling Main
[3 of 3] Linking /tmp/workdir-toml-parser/toml-parser-1.3.2.0/dist-newstyle/build/x86_64-linux/ghc-9.6.6/toml-parser-1.3.2.0/t/readme/build/readme/readme
