Build profile: -w ghc-9.6.6 -O1
In order, the following will be built (use -v for more details):
 - speedy-slice-0.3.2 (lib) (first run)
 - speedy-slice-0.3.2 (test:rosenbrock) (first run)
 - speedy-slice-0.3.2 (test:bnn) (first run)
Configuring library for speedy-slice-0.3.2...
Preprocessing library for speedy-slice-0.3.2...
Building library for speedy-slice-0.3.2...
[1 of 1] Compiling Numeric.MCMC.Slice
Configuring test suite 'rosenbrock' for speedy-slice-0.3.2...
Preprocessing test suite 'rosenbrock' for speedy-slice-0.3.2...
Building test suite 'rosenbrock' for speedy-slice-0.3.2...
[1 of 1] Compiling Main

test/Rosenbrock.hs:11:8: warning: [GHC-68441] [-Wdeprecations]
    In the use of ‘withSystemRandom’
    (imported from Numeric.MCMC.Slice, but defined in System.Random.MWC):
    Deprecated: "Use withSystemRandomST or createSystemSeed or createSystemRandom instead"
   |
11 | main = withSystemRandom . asGenIO $ \gen -> do
   |        ^^^^^^^^^^^^^^^^
[2 of 2] Linking /tmp/workdir-speedy-slice/speedy-slice-0.3.2/dist-newstyle/build/x86_64-linux/ghc-9.6.6/speedy-slice-0.3.2/t/rosenbrock/build/rosenbrock/rosenbrock
Configuring test suite 'bnn' for speedy-slice-0.3.2...
Preprocessing test suite 'bnn' for speedy-slice-0.3.2...
Building test suite 'bnn' for speedy-slice-0.3.2...
[1 of 1] Compiling Main

test/BNN.hs:14:8: warning: [GHC-68441] [-Wdeprecations]
    In the use of ‘withSystemRandom’
    (imported from Numeric.MCMC.Slice, but defined in System.Random.MWC):
    Deprecated: "Use withSystemRandomST or createSystemSeed or createSystemRandom instead"
   |
14 | main = withSystemRandom . asGenIO $ \gen -> do
   |        ^^^^^^^^^^^^^^^^
[2 of 2] Linking /tmp/workdir-speedy-slice/speedy-slice-0.3.2/dist-newstyle/build/x86_64-linux/ghc-9.6.6/speedy-slice-0.3.2/t/bnn/build/bnn/bnn
