Build profile: -w ghc-9.6.6 -O1
In order, the following will be built (use -v for more details):
 - monad-metrics-0.2.2.2 (lib) (first run)
 - monad-metrics-0.2.2.2 (test:monad-metrics-test) (first run)
Configuring library for monad-metrics-0.2.2.2...
Preprocessing library for monad-metrics-0.2.2.2...
Building library for monad-metrics-0.2.2.2...
[1 of 2] Compiling Control.Monad.Metrics.Internal
[2 of 2] Compiling Control.Monad.Metrics

src/Control/Monad/Metrics.hs:67:1: warning: [-Wunused-imports]
    The import of ‘Data.Monoid’ is redundant
      except perhaps to import instances from ‘Data.Monoid’
    To import instances alone, use: import Data.Monoid()
   |
67 | import           Data.Monoid                    (mempty)
   | ^^^^^^^^^^^^^^^^^^^^^^^^^^^^^^^^^^^^^^^^^^^^^^^^^^^^^^^^
Configuring test suite 'monad-metrics-test' for monad-metrics-0.2.2.2...
Preprocessing test suite 'monad-metrics-test' for monad-metrics-0.2.2.2...
Building test suite 'monad-metrics-test' for monad-metrics-0.2.2.2...
[1 of 1] Compiling Main
[2 of 2] Linking /tmp/workdir-monad-metrics/monad-metrics-0.2.2.2/dist-newstyle/build/x86_64-linux/ghc-9.6.6/monad-metrics-0.2.2.2/t/monad-metrics-test/build/monad-metrics-test/monad-metrics-test
