Build profile: -w ghc-9.6.6 -O1
In order, the following will be built (use -v for more details):
 - elm-bridge-0.8.4 (lib) (first run)
 - elm-bridge-0.8.4 (test:end-to-end-tests) (first run)
 - elm-bridge-0.8.4 (test:derive-elm-tests) (first run)
Configuring library for elm-bridge-0.8.4...
Preprocessing library for elm-bridge-0.8.4...
Building library for elm-bridge-0.8.4...
[1 of 7] Compiling Elm.TyRep
[2 of 7] Compiling Elm.Derive
[3 of 7] Compiling Elm.Utils
[4 of 7] Compiling Elm.TyRender
[5 of 7] Compiling Elm.Json
[6 of 7] Compiling Elm.Versions
[7 of 7] Compiling Elm.Module
Configuring test suite 'end-to-end-tests' for elm-bridge-0.8.4...
Preprocessing test suite 'end-to-end-tests' for elm-bridge-0.8.4...
Building test suite 'end-to-end-tests' for elm-bridge-0.8.4...
[1 of 1] Compiling Main
[2 of 2] Linking /tmp/workdir-elm-bridge/elm-bridge-0.8.4/dist-newstyle/build/x86_64-linux/ghc-9.6.6/elm-bridge-0.8.4/t/end-to-end-tests/build/end-to-end-tests/end-to-end-tests
Configuring test suite 'derive-elm-tests' for elm-bridge-0.8.4...
Preprocessing test suite 'derive-elm-tests' for elm-bridge-0.8.4...
Building test suite 'derive-elm-tests' for elm-bridge-0.8.4...
[1 of 6] Compiling Elm.DeriveSpec
[2 of 6] Compiling Elm.JsonSpec
[3 of 6] Compiling Elm.ModuleSpec
[4 of 6] Compiling Elm.TyRenderSpec
[5 of 6] Compiling Elm.TyRepSpec
[6 of 6] Compiling Main
[7 of 7] Linking /tmp/workdir-elm-bridge/elm-bridge-0.8.4/dist-newstyle/build/x86_64-linux/ghc-9.6.6/elm-bridge-0.8.4/t/derive-elm-tests/build/derive-elm-tests/derive-elm-tests
