Build profile: -w ghc-9.6.6 -O1
In order, the following will be built (use -v for more details):
 - amazonka-iot1click-devices-2.0 (lib) (first run)
 - amazonka-iot1click-devices-2.0 (test:amazonka-iot1click-devices-test) (first run)
Configuring library for amazonka-iot1click-devices-2.0...
Preprocessing library for amazonka-iot1click-devices-2.0...
Building library for amazonka-iot1click-devices-2.0...
[ 1 of 22] Compiling Amazonka.IoT1ClickDevices.Types.Attributes
[ 2 of 22] Compiling Amazonka.IoT1ClickDevices.Types.Device
[ 3 of 22] Compiling Amazonka.IoT1ClickDevices.Types.DeviceDescription
[ 4 of 22] Compiling Amazonka.IoT1ClickDevices.Types.DeviceEvent
[ 5 of 22] Compiling Amazonka.IoT1ClickDevices.Types.DeviceMethod
[ 6 of 22] Compiling Amazonka.IoT1ClickDevices.Types
[ 7 of 22] Compiling Amazonka.IoT1ClickDevices.TagResource

gen/Amazonka/IoT1ClickDevices/TagResource.hs:94:89: warning: [GHC-02256] [-Wambiguous-fields]
    The record update s {tags = a} with type TagResource is ambiguous.
    This will not be supported by -XDuplicateRecordFields in future releases of GHC.
   |
94 | tagResource_tags = Lens.lens (\TagResource' {tags} -> tags) (\s@TagResource' {} a -> s {tags = a} :: TagResource) Prelude.. Lens.coerced
   |                                                                                         ^^^^^^^^
[ 8 of 22] Compiling Amazonka.IoT1ClickDevices.ListTagsForResource

gen/Amazonka/IoT1ClickDevices/ListTagsForResource.hs:159:137: warning: [GHC-02256] [-Wambiguous-fields]
    The record update s {tags = a} with type ListTagsForResourceResponse is ambiguous.
    This will not be supported by -XDuplicateRecordFields in future releases of GHC.
    |
159 | listTagsForResourceResponse_tags = Lens.lens (\ListTagsForResourceResponse' {tags} -> tags) (\s@ListTagsForResourceResponse' {} a -> s {tags = a} :: ListTagsForResourceResponse) Prelude.. Lens.mapping Lens.coerced
    |                                                                                                                                         ^^^^^^^^
[ 9 of 22] Compiling Amazonka.IoT1ClickDevices.ListDevices

gen/Amazonka/IoT1ClickDevices/ListDevices.hs:92:107: warning: [GHC-02256] [-Wambiguous-fields]
    The record update s {deviceType = a} with type ListDevices is ambiguous.
    This will not be supported by -XDuplicateRecordFields in future releases of GHC.
   |
92 | listDevices_deviceType = Lens.lens (\ListDevices' {deviceType} -> deviceType) (\s@ListDevices' {} a -> s {deviceType = a} :: ListDevices)
   |                                                                                                           ^^^^^^^^^^^^^^

gen/Amazonka/IoT1ClickDevices/ListDevices.hs:101:104: warning: [GHC-02256] [-Wambiguous-fields]
    The record update s {nextToken = a} with type ListDevices is ambiguous.
    This will not be supported by -XDuplicateRecordFields in future releases of GHC.
    |
101 | listDevices_nextToken = Lens.lens (\ListDevices' {nextToken} -> nextToken) (\s@ListDevices' {} a -> s {nextToken = a} :: ListDevices)
    |                                                                                                        ^^^^^^^^^^^^^

gen/Amazonka/IoT1ClickDevices/ListDevices.hs:214:128: warning: [GHC-02256] [-Wambiguous-fields]
    The record update s {nextToken = a} with type ListDevicesResponse is ambiguous.
    This will not be supported by -XDuplicateRecordFields in future releases of GHC.
    |
214 | listDevicesResponse_nextToken = Lens.lens (\ListDevicesResponse' {nextToken} -> nextToken) (\s@ListDevicesResponse' {} a -> s {nextToken = a} :: ListDevicesResponse)
    |                                                                                                                                ^^^^^^^^^^^^^
[10 of 22] Compiling Amazonka.IoT1ClickDevices.ListDeviceEvents

gen/Amazonka/IoT1ClickDevices/ListDeviceEvents.hs:123:119: warning: [GHC-02256] [-Wambiguous-fields]
    The record update s {nextToken = a} with type ListDeviceEvents is ambiguous.
    This will not be supported by -XDuplicateRecordFields in future releases of GHC.
    |
123 | listDeviceEvents_nextToken = Lens.lens (\ListDeviceEvents' {nextToken} -> nextToken) (\s@ListDeviceEvents' {} a -> s {nextToken = a} :: ListDeviceEvents)
    |                                                                                                                       ^^^^^^^^^^^^^

gen/Amazonka/IoT1ClickDevices/ListDeviceEvents.hs:127:116: warning: [GHC-02256] [-Wambiguous-fields]
    The record update s {deviceId = a} with type ListDeviceEvents is ambiguous.
    This will not be supported by -XDuplicateRecordFields in future releases of GHC.
    |
127 | listDeviceEvents_deviceId = Lens.lens (\ListDeviceEvents' {deviceId} -> deviceId) (\s@ListDeviceEvents' {} a -> s {deviceId = a} :: ListDeviceEvents)
    |                                                                                                                    ^^^^^^^^^^^^

gen/Amazonka/IoT1ClickDevices/ListDeviceEvents.hs:262:143: warning: [GHC-02256] [-Wambiguous-fields]
    The record update s {nextToken = a} with type ListDeviceEventsResponse is ambiguous.
    This will not be supported by -XDuplicateRecordFields in future releases of GHC.
    |
262 | listDeviceEventsResponse_nextToken = Lens.lens (\ListDeviceEventsResponse' {nextToken} -> nextToken) (\s@ListDeviceEventsResponse' {} a -> s {nextToken = a} :: ListDeviceEventsResponse)
    |                                                                                                                                               ^^^^^^^^^^^^^
[11 of 22] Compiling Amazonka.IoT1ClickDevices.InvokeDeviceMethod

gen/Amazonka/IoT1ClickDevices/InvokeDeviceMethod.hs:98:122: warning: [GHC-02256] [-Wambiguous-fields]
    The record update s {deviceId = a} with type InvokeDeviceMethod is ambiguous.
    This will not be supported by -XDuplicateRecordFields in future releases of GHC.
   |
98 | invokeDeviceMethod_deviceId = Lens.lens (\InvokeDeviceMethod' {deviceId} -> deviceId) (\s@InvokeDeviceMethod' {} a -> s {deviceId = a} :: InvokeDeviceMethod)
   |                                                                                                                          ^^^^^^^^^^^^
[12 of 22] Compiling Amazonka.IoT1ClickDevices.InitiateDeviceClaim

gen/Amazonka/IoT1ClickDevices/InitiateDeviceClaim.hs:79:125: warning: [GHC-02256] [-Wambiguous-fields]
    The record update s {deviceId = a} with type InitiateDeviceClaim is ambiguous.
    This will not be supported by -XDuplicateRecordFields in future releases of GHC.
   |
79 | initiateDeviceClaim_deviceId = Lens.lens (\InitiateDeviceClaim' {deviceId} -> deviceId) (\s@InitiateDeviceClaim' {} a -> s {deviceId = a} :: InitiateDeviceClaim)
   |                                                                                                                             ^^^^^^^^^^^^
[13 of 22] Compiling Amazonka.IoT1ClickDevices.GetDeviceMethods

gen/Amazonka/IoT1ClickDevices/GetDeviceMethods.hs:76:116: warning: [GHC-02256] [-Wambiguous-fields]
    The record update s {deviceId = a} with type GetDeviceMethods is ambiguous.
    This will not be supported by -XDuplicateRecordFields in future releases of GHC.
   |
76 | getDeviceMethods_deviceId = Lens.lens (\GetDeviceMethods' {deviceId} -> deviceId) (\s@GetDeviceMethods' {} a -> s {deviceId = a} :: GetDeviceMethods)
   |                                                                                                                    ^^^^^^^^^^^^
[14 of 22] Compiling Amazonka.IoT1ClickDevices.FinalizeDeviceClaim

gen/Amazonka/IoT1ClickDevices/FinalizeDeviceClaim.hs:97:113: warning: [GHC-02256] [-Wambiguous-fields]
    The record update s {tags = a} with type FinalizeDeviceClaim is ambiguous.
    This will not be supported by -XDuplicateRecordFields in future releases of GHC.
   |
97 | finalizeDeviceClaim_tags = Lens.lens (\FinalizeDeviceClaim' {tags} -> tags) (\s@FinalizeDeviceClaim' {} a -> s {tags = a} :: FinalizeDeviceClaim) Prelude.. Lens.mapping Lens.coerced
   |                                                                                                                 ^^^^^^^^

gen/Amazonka/IoT1ClickDevices/FinalizeDeviceClaim.hs:101:125: warning: [GHC-02256] [-Wambiguous-fields]
    The record update s {deviceId = a} with type FinalizeDeviceClaim is ambiguous.
    This will not be supported by -XDuplicateRecordFields in future releases of GHC.
    |
101 | finalizeDeviceClaim_deviceId = Lens.lens (\FinalizeDeviceClaim' {deviceId} -> deviceId) (\s@FinalizeDeviceClaim' {} a -> s {deviceId = a} :: FinalizeDeviceClaim)
    |                                                                                                                             ^^^^^^^^^^^^
[15 of 22] Compiling Amazonka.IoT1ClickDevices.DescribeDevice

gen/Amazonka/IoT1ClickDevices/DescribeDevice.hs:76:110: warning: [GHC-02256] [-Wambiguous-fields]
    The record update s {deviceId = a} with type DescribeDevice is ambiguous.
    This will not be supported by -XDuplicateRecordFields in future releases of GHC.
   |
76 | describeDevice_deviceId = Lens.lens (\DescribeDevice' {deviceId} -> deviceId) (\s@DescribeDevice' {} a -> s {deviceId = a} :: DescribeDevice)
   |                                                                                                              ^^^^^^^^^^^^
[16 of 22] Compiling Amazonka.IoT1ClickDevices.ClaimDevicesByClaimCode

gen/Amazonka/IoT1ClickDevices/ClaimDevicesByClaimCode.hs:80:140: warning: [GHC-02256] [-Wambiguous-fields]
    The record update s {claimCode = a} with type ClaimDevicesByClaimCode is ambiguous.
    This will not be supported by -XDuplicateRecordFields in future releases of GHC.
   |
80 | claimDevicesByClaimCode_claimCode = Lens.lens (\ClaimDevicesByClaimCode' {claimCode} -> claimCode) (\s@ClaimDevicesByClaimCode' {} a -> s {claimCode = a} :: ClaimDevicesByClaimCode)
   |                                                                                                                                            ^^^^^^^^^^^^^

gen/Amazonka/IoT1ClickDevices/ClaimDevicesByClaimCode.hs:166:164: warning: [GHC-02256] [-Wambiguous-fields]
    The record update s {claimCode = a} with type ClaimDevicesByClaimCodeResponse is ambiguous.
    This will not be supported by -XDuplicateRecordFields in future releases of GHC.
    |
166 | claimDevicesByClaimCodeResponse_claimCode = Lens.lens (\ClaimDevicesByClaimCodeResponse' {claimCode} -> claimCode) (\s@ClaimDevicesByClaimCodeResponse' {} a -> s {claimCode = a} :: ClaimDevicesByClaimCodeResponse)
    |                                                                                                                                                                    ^^^^^^^^^^^^^
[17 of 22] Compiling Amazonka.IoT1ClickDevices.UnclaimDevice

gen/Amazonka/IoT1ClickDevices/UnclaimDevice.hs:75:107: warning: [GHC-02256] [-Wambiguous-fields]
    The record update s {deviceId = a} with type UnclaimDevice is ambiguous.
    This will not be supported by -XDuplicateRecordFields in future releases of GHC.
   |
75 | unclaimDevice_deviceId = Lens.lens (\UnclaimDevice' {deviceId} -> deviceId) (\s@UnclaimDevice' {} a -> s {deviceId = a} :: UnclaimDevice)
   |                                                                                                           ^^^^^^^^^^^^
[18 of 22] Compiling Amazonka.IoT1ClickDevices.UntagResource
[19 of 22] Compiling Amazonka.IoT1ClickDevices.UpdateDeviceState

gen/Amazonka/IoT1ClickDevices/UpdateDeviceState.hs:83:116: warning: [GHC-02256] [-Wambiguous-fields]
    The record update s {enabled = a} with type UpdateDeviceState is ambiguous.
    This will not be supported by -XDuplicateRecordFields in future releases of GHC.
   |
83 | updateDeviceState_enabled = Lens.lens (\UpdateDeviceState' {enabled} -> enabled) (\s@UpdateDeviceState' {} a -> s {enabled = a} :: UpdateDeviceState)
   |                                                                                                                    ^^^^^^^^^^^

gen/Amazonka/IoT1ClickDevices/UpdateDeviceState.hs:87:119: warning: [GHC-02256] [-Wambiguous-fields]
    The record update s {deviceId = a} with type UpdateDeviceState is ambiguous.
    This will not be supported by -XDuplicateRecordFields in future releases of GHC.
   |
87 | updateDeviceState_deviceId = Lens.lens (\UpdateDeviceState' {deviceId} -> deviceId) (\s@UpdateDeviceState' {} a -> s {deviceId = a} :: UpdateDeviceState)
   |                                                                                                                       ^^^^^^^^^^^^
[20 of 22] Compiling Amazonka.IoT1ClickDevices.Lens
[21 of 22] Compiling Amazonka.IoT1ClickDevices.Waiters
[22 of 22] Compiling Amazonka.IoT1ClickDevices
Configuring test suite 'amazonka-iot1click-devices-test' for amazonka-iot1click-devices-2.0...
Preprocessing test suite 'amazonka-iot1click-devices-test' for amazonka-iot1click-devices-2.0...
Building test suite 'amazonka-iot1click-devices-test' for amazonka-iot1click-devices-2.0...
[1 of 4] Compiling Test.Amazonka.IoT1ClickDevices
[2 of 4] Compiling Test.Amazonka.IoT1ClickDevices.Internal
[3 of 4] Compiling Test.Amazonka.Gen.IoT1ClickDevices
[4 of 4] Compiling Main
[5 of 5] Linking /tmp/workdir-amazonka-iot1click-devices/amazonka-iot1click-devices-2.0/dist-newstyle/build/x86_64-linux/ghc-9.6.6/amazonka-iot1click-devices-2.0/t/amazonka-iot1click-devices-test/build/amazonka-iot1click-devices-test/amazonka-iot1click-devices-test
