Build profile: -w ghc-9.6.6 -O1
In order, the following will be built (use -v for more details):
 - qrcode-core-0.9.9 (lib) (first run)
Configuring library for qrcode-core-0.9.9...
Preprocessing library for qrcode-core-0.9.9...
Building library for qrcode-core-0.9.9...
[ 1 of 31] Compiling Codec.QRCode.Base
[ 2 of 31] Compiling Codec.QRCode.Code.ReedSolomonEncoder
[ 3 of 31] Compiling Codec.QRCode.Data.ByteStreamBuilder
[ 4 of 31] Compiling Codec.QRCode.Data.ErrorLevel
[ 5 of 31] Compiling Codec.QRCode.Data.Mask
[ 6 of 31] Compiling Codec.QRCode.Data.QRCodeOptions
[ 7 of 31] Compiling Codec.QRCode.Data.QRImage
[ 8 of 31] Compiling Codec.QRCode.Data.Result
[ 9 of 31] Compiling Codec.QRCode.Data.TextEncoding
[10 of 31] Compiling Codec.QRCode.Data.ToInput
[11 of 31] Compiling Codec.QRCode.Data.Version
[12 of 31] Compiling Codec.QRCode.Data.QRSegment.Internal
[13 of 31] Compiling Codec.QRCode.Data.QRSegment
[14 of 31] Compiling Codec.QRCode.Data.QRIntermediate.Internal
[15 of 31] Compiling Codec.QRCode.Data.QRIntermediate
[16 of 31] Compiling Codec.QRCode.Code.Data
[17 of 31] Compiling Codec.QRCode.Data.MQRImage
[18 of 31] Compiling Codec.QRCode.Code.Image
[19 of 31] Compiling Codec.QRCode.Code.Mask
[20 of 31] Compiling Codec.QRCode.Code.Intermediate
[21 of 31] Compiling Codec.QRCode.Intermediate.Special
[22 of 31] Compiling Codec.QRCode.Mode.Alphanumeric
[23 of 31] Compiling Codec.QRCode.Mode.ECI
[24 of 31] Compiling Codec.QRCode.Mode.Byte
[25 of 31] Compiling Codec.QRCode.Mode.Kanji
[26 of 31] Compiling Codec.QRCode.Mode.Numeric
[27 of 31] Compiling Codec.QRCode.Mode.Mixed
[28 of 31] Compiling Codec.QRCode.Mode.Automatic
[29 of 31] Compiling Codec.QRCode.Intermediate
[30 of 31] Compiling Codec.QRCode
[31 of 31] Compiling Paths_qrcode_core
