Build profile: -w ghc-9.6.6 -O1
In order, the following will be built (use -v for more details):
 - apecs-physics-0.4.6 (lib) (first run)
Configuring library for apecs-physics-0.4.6...
Preprocessing library for apecs-physics-0.4.6...
Building library for apecs-physics-0.4.6...
[1 of 9] Compiling Apecs.Physics.Types

src/Apecs/Physics/Types.hs:24:1: warning: [-Wunused-imports]
    The import of ‘Data.Monoid’ is redundant
      except perhaps to import instances from ‘Data.Monoid’
    To import instances alone, use: import Data.Monoid()
   |
24 | import           Data.Monoid               ((<>))
   | ^^^^^^^^^^^^^^^^^^^^^^^^^^^^^^^^^^^^^^^^^^^^^^^^^
[2 of 9] Compiling Apecs.Physics.Space

src/Apecs/Physics/Space.hs:19:42: warning: [-Wunused-imports]
    The import of ‘liftIO’
    from module ‘Control.Monad.IO.Class’ is redundant
   |
19 | import           Control.Monad.IO.Class (liftIO, MonadIO)
   |                                          ^^^^^^
[3 of 9] Compiling Apecs.Physics.Shape

src/Apecs/Physics/Shape.hs:22:1: warning: [-Wunused-imports]
    The import of ‘Data.Monoid’ is redundant
      except perhaps to import instances from ‘Data.Monoid’
    To import instances alone, use: import Data.Monoid()
   |
22 | import           Data.Monoid          ((<>))
   | ^^^^^^^^^^^^^^^^^^^^^^^^^^^^^^^^^^^^^^^^^^^^
[4 of 9] Compiling Apecs.Physics.Query

src/Apecs/Physics/Query.hs:19:42: warning: [-Wunused-imports]
    The import of ‘liftIO’
    from module ‘Control.Monad.IO.Class’ is redundant
   |
19 | import           Control.Monad.IO.Class (liftIO, MonadIO)
   |                                          ^^^^^^
[5 of 9] Compiling Apecs.Physics.Geometry
[6 of 9] Compiling Apecs.Physics.Constraint

src/Apecs/Physics/Constraint.hs:23:42: warning: [-Wunused-imports]
    The import of ‘liftIO’
    from module ‘Control.Monad.IO.Class’ is redundant
   |
23 | import           Control.Monad.IO.Class (liftIO, MonadIO)
   |                                          ^^^^^^
[7 of 9] Compiling Apecs.Physics.Body

src/Apecs/Physics/Body.hs:21:42: warning: [-Wunused-imports]
    The import of ‘liftIO’
    from module ‘Control.Monad.IO.Class’ is redundant
   |
21 | import           Control.Monad.IO.Class (liftIO, MonadIO)
   |                                          ^^^^^^
[8 of 9] Compiling Apecs.Physics.Collision

src/Apecs/Physics/Collision.hs:25:51: warning: [-Wunused-imports]
    The import of ‘liftIO’
    from module ‘Control.Monad.IO.Class’ is redundant
   |
25 | import           Control.Monad.IO.Class (MonadIO, liftIO)
   |                                                   ^^^^^^
[9 of 9] Compiling Apecs.Physics
