Build profile: -w ghc-9.6.6 -O1
In order, the following will be built (use -v for more details):
 - midi-alsa-0.2.1 (lib:midi-alsa) (first run)
Warning: midi-alsa.cabal:50:21: version operators used. To use version
operators the package needs to specify at least 'cabal-version: >= 1.8'.
Warning: midi-alsa.cabal:47:19: version operators used. To use version
operators the package needs to specify at least 'cabal-version: >= 1.8'.
Warning: midi-alsa.cabal:41:20: version operators used. To use version
operators the package needs to specify at least 'cabal-version: >= 1.8'.
Warning: midi-alsa.cabal:42:22: version operators used. To use version
operators the package needs to specify at least 'cabal-version: >= 1.8'.
Warning: midi-alsa.cabal:43:29: version operators used. To use version
operators the package needs to specify at least 'cabal-version: >= 1.8'.
Warning: midi-alsa.cabal:44:26: version operators used. To use version
operators the package needs to specify at least 'cabal-version: >= 1.8'.
Warning: midi-alsa.cabal:9:1: The field "build-type" is specified more than
once at positions 9:1, 22:1
Configuring midi-alsa-0.2.1...
Preprocessing library for midi-alsa-0.2.1...
Building library for midi-alsa-0.2.1...
[1 of 4] Compiling Sound.MIDI.ALSA
[2 of 4] Compiling Sound.MIDI.ALSA.Check
[3 of 4] Compiling Sound.MIDI.ALSA.Construct
[4 of 4] Compiling Sound.MIDI.ALSA.Query
