Build profile: -w ghc-9.6.6 -O1
In order, the following will be built (use -v for more details):
 - amazonka-detective-2.0 (lib) (first run)
 - amazonka-detective-2.0 (test:amazonka-detective-test) (first run)
Configuring library for amazonka-detective-2.0...
Preprocessing library for amazonka-detective-2.0...
Building library for amazonka-detective-2.0...
[ 1 of 43] Compiling Amazonka.Detective.Types.Account
[ 2 of 43] Compiling Amazonka.Detective.Types.Administrator
[ 3 of 43] Compiling Amazonka.Detective.Types.DatasourcePackage
[ 4 of 43] Compiling Amazonka.Detective.Types.DatasourcePackageIngestState
[ 5 of 43] Compiling Amazonka.Detective.Types.DatasourcePackageUsageInfo
[ 6 of 43] Compiling Amazonka.Detective.Types.Graph
[ 7 of 43] Compiling Amazonka.Detective.Types.InvitationType
[ 8 of 43] Compiling Amazonka.Detective.Types.MemberDisabledReason
[ 9 of 43] Compiling Amazonka.Detective.Types.MemberStatus
[10 of 43] Compiling Amazonka.Detective.Types.MemberDetail

gen/Amazonka/Detective/Types/MemberDetail.hs:400:134: warning: [GHC-02256] [-Wambiguous-fields]
    The record update s {volumeUsageInBytes = a} with type MemberDetail is ambiguous.
    This will not be supported by -XDuplicateRecordFields in future releases of GHC.
    |
400 | memberDetail_volumeUsageInBytes = Lens.lens (\MemberDetail' {volumeUsageInBytes} -> volumeUsageInBytes) (\s@MemberDetail' {} a -> s {volumeUsageInBytes = a} :: MemberDetail)
    |                                                                                                                                      ^^^^^^^^^^^^^^^^^^^^^^
[11 of 43] Compiling Amazonka.Detective.Types.TimestampForCollection
[12 of 43] Compiling Amazonka.Detective.Types.MembershipDatasources
[13 of 43] Compiling Amazonka.Detective.Types.DatasourcePackageIngestDetail
[14 of 43] Compiling Amazonka.Detective.Types.UnprocessedAccount
[15 of 43] Compiling Amazonka.Detective.Types.UnprocessedGraph
[16 of 43] Compiling Amazonka.Detective.Types
[17 of 43] Compiling Amazonka.Detective.TagResource
[18 of 43] Compiling Amazonka.Detective.StartMonitoringMember

gen/Amazonka/Detective/StartMonitoringMember.hs:96:131: warning: [GHC-02256] [-Wambiguous-fields]
    The record update s {graphArn = a} with type StartMonitoringMember is ambiguous.
    This will not be supported by -XDuplicateRecordFields in future releases of GHC.
   |
96 | startMonitoringMember_graphArn = Lens.lens (\StartMonitoringMember' {graphArn} -> graphArn) (\s@StartMonitoringMember' {} a -> s {graphArn = a} :: StartMonitoringMember)
   |                                                                                                                                   ^^^^^^^^^^^^

gen/Amazonka/Detective/StartMonitoringMember.hs:103:134: warning: [GHC-02256] [-Wambiguous-fields]
    The record update s {accountId = a} with type StartMonitoringMember is ambiguous.
    This will not be supported by -XDuplicateRecordFields in future releases of GHC.
    |
103 | startMonitoringMember_accountId = Lens.lens (\StartMonitoringMember' {accountId} -> accountId) (\s@StartMonitoringMember' {} a -> s {accountId = a} :: StartMonitoringMember)
    |                                                                                                                                      ^^^^^^^^^^^^^
[19 of 43] Compiling Amazonka.Detective.RejectInvitation

gen/Amazonka/Detective/RejectInvitation.hs:86:116: warning: [GHC-02256] [-Wambiguous-fields]
    The record update s {graphArn = a} with type RejectInvitation is ambiguous.
    This will not be supported by -XDuplicateRecordFields in future releases of GHC.
   |
86 | rejectInvitation_graphArn = Lens.lens (\RejectInvitation' {graphArn} -> graphArn) (\s@RejectInvitation' {} a -> s {graphArn = a} :: RejectInvitation)
   |                                                                                                                    ^^^^^^^^^^^^
[20 of 43] Compiling Amazonka.Detective.ListTagsForResource
[21 of 43] Compiling Amazonka.Detective.ListOrganizationAdminAccounts

gen/Amazonka/Detective/ListOrganizationAdminAccounts.hs:94:158: warning: [GHC-02256] [-Wambiguous-fields]
    The record update s {nextToken = a} with type ListOrganizationAdminAccounts is ambiguous.
    This will not be supported by -XDuplicateRecordFields in future releases of GHC.
   |
94 | listOrganizationAdminAccounts_nextToken = Lens.lens (\ListOrganizationAdminAccounts' {nextToken} -> nextToken) (\s@ListOrganizationAdminAccounts' {} a -> s {nextToken = a} :: ListOrganizationAdminAccounts)
   |                                                                                                                                                              ^^^^^^^^^^^^^

gen/Amazonka/Detective/ListOrganizationAdminAccounts.hs:199:182: warning: [GHC-02256] [-Wambiguous-fields]
    The record update s {nextToken = a} with type ListOrganizationAdminAccountsResponse is ambiguous.
    This will not be supported by -XDuplicateRecordFields in future releases of GHC.
    |
199 | listOrganizationAdminAccountsResponse_nextToken = Lens.lens (\ListOrganizationAdminAccountsResponse' {nextToken} -> nextToken) (\s@ListOrganizationAdminAccountsResponse' {} a -> s {nextToken = a} :: ListOrganizationAdminAccountsResponse)
    |                                                                                                                                                                                      ^^^^^^^^^^^^^
[22 of 43] Compiling Amazonka.Detective.ListMembers

gen/Amazonka/Detective/ListMembers.hs:115:104: warning: [GHC-02256] [-Wambiguous-fields]
    The record update s {nextToken = a} with type ListMembers is ambiguous.
    This will not be supported by -XDuplicateRecordFields in future releases of GHC.
    |
115 | listMembers_nextToken = Lens.lens (\ListMembers' {nextToken} -> nextToken) (\s@ListMembers' {} a -> s {nextToken = a} :: ListMembers)
    |                                                                                                        ^^^^^^^^^^^^^

gen/Amazonka/Detective/ListMembers.hs:120:101: warning: [GHC-02256] [-Wambiguous-fields]
    The record update s {graphArn = a} with type ListMembers is ambiguous.
    This will not be supported by -XDuplicateRecordFields in future releases of GHC.
    |
120 | listMembers_graphArn = Lens.lens (\ListMembers' {graphArn} -> graphArn) (\s@ListMembers' {} a -> s {graphArn = a} :: ListMembers)
    |                                                                                                     ^^^^^^^^^^^^

gen/Amazonka/Detective/ListMembers.hs:247:128: warning: [GHC-02256] [-Wambiguous-fields]
    The record update s {nextToken = a} with type ListMembersResponse is ambiguous.
    This will not be supported by -XDuplicateRecordFields in future releases of GHC.
    |
247 | listMembersResponse_nextToken = Lens.lens (\ListMembersResponse' {nextToken} -> nextToken) (\s@ListMembersResponse' {} a -> s {nextToken = a} :: ListMembersResponse)
    |                                                                                                                                ^^^^^^^^^^^^^
[23 of 43] Compiling Amazonka.Detective.ListInvitations

gen/Amazonka/Detective/ListInvitations.hs:107:116: warning: [GHC-02256] [-Wambiguous-fields]
    The record update s {nextToken = a} with type ListInvitations is ambiguous.
    This will not be supported by -XDuplicateRecordFields in future releases of GHC.
    |
107 | listInvitations_nextToken = Lens.lens (\ListInvitations' {nextToken} -> nextToken) (\s@ListInvitations' {} a -> s {nextToken = a} :: ListInvitations)
    |                                                                                                                    ^^^^^^^^^^^^^

gen/Amazonka/Detective/ListInvitations.hs:209:140: warning: [GHC-02256] [-Wambiguous-fields]
    The record update s {nextToken = a} with type ListInvitationsResponse is ambiguous.
    This will not be supported by -XDuplicateRecordFields in future releases of GHC.
    |
209 | listInvitationsResponse_nextToken = Lens.lens (\ListInvitationsResponse' {nextToken} -> nextToken) (\s@ListInvitationsResponse' {} a -> s {nextToken = a} :: ListInvitationsResponse)
    |                                                                                                                                            ^^^^^^^^^^^^^
[24 of 43] Compiling Amazonka.Detective.ListGraphs

gen/Amazonka/Detective/ListGraphs.hs:104:101: warning: [GHC-02256] [-Wambiguous-fields]
    The record update s {nextToken = a} with type ListGraphs is ambiguous.
    This will not be supported by -XDuplicateRecordFields in future releases of GHC.
    |
104 | listGraphs_nextToken = Lens.lens (\ListGraphs' {nextToken} -> nextToken) (\s@ListGraphs' {} a -> s {nextToken = a} :: ListGraphs)
    |                                                                                                     ^^^^^^^^^^^^^

gen/Amazonka/Detective/ListGraphs.hs:203:125: warning: [GHC-02256] [-Wambiguous-fields]
    The record update s {nextToken = a} with type ListGraphsResponse is ambiguous.
    This will not be supported by -XDuplicateRecordFields in future releases of GHC.
    |
203 | listGraphsResponse_nextToken = Lens.lens (\ListGraphsResponse' {nextToken} -> nextToken) (\s@ListGraphsResponse' {} a -> s {nextToken = a} :: ListGraphsResponse)
    |                                                                                                                             ^^^^^^^^^^^^^
[25 of 43] Compiling Amazonka.Detective.ListDatasourcePackages

gen/Amazonka/Detective/ListDatasourcePackages.hs:101:137: warning: [GHC-02256] [-Wambiguous-fields]
    The record update s {nextToken = a} with type ListDatasourcePackages is ambiguous.
    This will not be supported by -XDuplicateRecordFields in future releases of GHC.
    |
101 | listDatasourcePackages_nextToken = Lens.lens (\ListDatasourcePackages' {nextToken} -> nextToken) (\s@ListDatasourcePackages' {} a -> s {nextToken = a} :: ListDatasourcePackages)
    |                                                                                                                                         ^^^^^^^^^^^^^

gen/Amazonka/Detective/ListDatasourcePackages.hs:105:134: warning: [GHC-02256] [-Wambiguous-fields]
    The record update s {graphArn = a} with type ListDatasourcePackages is ambiguous.
    This will not be supported by -XDuplicateRecordFields in future releases of GHC.
    |
105 | listDatasourcePackages_graphArn = Lens.lens (\ListDatasourcePackages' {graphArn} -> graphArn) (\s@ListDatasourcePackages' {} a -> s {graphArn = a} :: ListDatasourcePackages)
    |                                                                                                                                      ^^^^^^^^^^^^

gen/Amazonka/Detective/ListDatasourcePackages.hs:213:161: warning: [GHC-02256] [-Wambiguous-fields]
    The record update s {nextToken = a} with type ListDatasourcePackagesResponse is ambiguous.
    This will not be supported by -XDuplicateRecordFields in future releases of GHC.
    |
213 | listDatasourcePackagesResponse_nextToken = Lens.lens (\ListDatasourcePackagesResponse' {nextToken} -> nextToken) (\s@ListDatasourcePackagesResponse' {} a -> s {nextToken = a} :: ListDatasourcePackagesResponse)
    |                                                                                                                                                                 ^^^^^^^^^^^^^
[26 of 43] Compiling Amazonka.Detective.GetMembers

gen/Amazonka/Detective/GetMembers.hs:97:98: warning: [GHC-02256] [-Wambiguous-fields]
    The record update s {graphArn = a} with type GetMembers is ambiguous.
    This will not be supported by -XDuplicateRecordFields in future releases of GHC.
   |
97 | getMembers_graphArn = Lens.lens (\GetMembers' {graphArn} -> graphArn) (\s@GetMembers' {} a -> s {graphArn = a} :: GetMembers)
   |                                                                                                  ^^^^^^^^^^^^
[27 of 43] Compiling Amazonka.Detective.EnableOrganizationAdminAccount

gen/Amazonka/Detective/EnableOrganizationAdminAccount.hs:95:161: warning: [GHC-02256] [-Wambiguous-fields]
    The record update s {accountId = a} with type EnableOrganizationAdminAccount is ambiguous.
    This will not be supported by -XDuplicateRecordFields in future releases of GHC.
   |
95 | enableOrganizationAdminAccount_accountId = Lens.lens (\EnableOrganizationAdminAccount' {accountId} -> accountId) (\s@EnableOrganizationAdminAccount' {} a -> s {accountId = a} :: EnableOrganizationAdminAccount)
   |                                                                                                                                                                 ^^^^^^^^^^^^^
[28 of 43] Compiling Amazonka.Detective.DisassociateMembership

gen/Amazonka/Detective/DisassociateMembership.hs:87:134: warning: [GHC-02256] [-Wambiguous-fields]
    The record update s {graphArn = a} with type DisassociateMembership is ambiguous.
    This will not be supported by -XDuplicateRecordFields in future releases of GHC.
   |
87 | disassociateMembership_graphArn = Lens.lens (\DisassociateMembership' {graphArn} -> graphArn) (\s@DisassociateMembership' {} a -> s {graphArn = a} :: DisassociateMembership)
   |                                                                                                                                      ^^^^^^^^^^^^
[29 of 43] Compiling Amazonka.Detective.DisableOrganizationAdminAccount
[30 of 43] Compiling Amazonka.Detective.DescribeOrganizationConfiguration

gen/Amazonka/Detective/DescribeOrganizationConfiguration.hs:83:167: warning: [GHC-02256] [-Wambiguous-fields]
    The record update s {graphArn = a} with type DescribeOrganizationConfiguration is ambiguous.
    This will not be supported by -XDuplicateRecordFields in future releases of GHC.
   |
83 | describeOrganizationConfiguration_graphArn = Lens.lens (\DescribeOrganizationConfiguration' {graphArn} -> graphArn) (\s@DescribeOrganizationConfiguration' {} a -> s {graphArn = a} :: DescribeOrganizationConfiguration)
   |                                                                                                                                                                       ^^^^^^^^^^^^
[31 of 43] Compiling Amazonka.Detective.DeleteMembers

gen/Amazonka/Detective/DeleteMembers.hs:107:107: warning: [GHC-02256] [-Wambiguous-fields]
    The record update s {graphArn = a} with type DeleteMembers is ambiguous.
    This will not be supported by -XDuplicateRecordFields in future releases of GHC.
    |
107 | deleteMembers_graphArn = Lens.lens (\DeleteMembers' {graphArn} -> graphArn) (\s@DeleteMembers' {} a -> s {graphArn = a} :: DeleteMembers)
    |                                                                                                           ^^^^^^^^^^^^

gen/Amazonka/Detective/DeleteMembers.hs:113:113: warning: [GHC-02256] [-Wambiguous-fields]
    The record update s {accountIds = a} with type DeleteMembers is ambiguous.
    This will not be supported by -XDuplicateRecordFields in future releases of GHC.
    |
113 | deleteMembers_accountIds = Lens.lens (\DeleteMembers' {accountIds} -> accountIds) (\s@DeleteMembers' {} a -> s {accountIds = a} :: DeleteMembers) Prelude.. Lens.coerced
    |                                                                                                                 ^^^^^^^^^^^^^^

gen/Amazonka/Detective/DeleteMembers.hs:215:137: warning: [GHC-02256] [-Wambiguous-fields]
    The record update s {accountIds = a} with type DeleteMembersResponse is ambiguous.
    This will not be supported by -XDuplicateRecordFields in future releases of GHC.
    |
215 | deleteMembersResponse_accountIds = Lens.lens (\DeleteMembersResponse' {accountIds} -> accountIds) (\s@DeleteMembersResponse' {} a -> s {accountIds = a} :: DeleteMembersResponse) Prelude.. Lens.mapping Lens.coerced
    |                                                                                                                                         ^^^^^^^^^^^^^^
[32 of 43] Compiling Amazonka.Detective.DeleteGraph

gen/Amazonka/Detective/DeleteGraph.hs:76:101: warning: [GHC-02256] [-Wambiguous-fields]
    The record update s {graphArn = a} with type DeleteGraph is ambiguous.
    This will not be supported by -XDuplicateRecordFields in future releases of GHC.
   |
76 | deleteGraph_graphArn = Lens.lens (\DeleteGraph' {graphArn} -> graphArn) (\s@DeleteGraph' {} a -> s {graphArn = a} :: DeleteGraph)
   |                                                                                                     ^^^^^^^^^^^^
[33 of 43] Compiling Amazonka.Detective.CreateMembers

gen/Amazonka/Detective/CreateMembers.hs:165:107: warning: [GHC-02256] [-Wambiguous-fields]
    The record update s {graphArn = a} with type CreateMembers is ambiguous.
    This will not be supported by -XDuplicateRecordFields in future releases of GHC.
    |
165 | createMembers_graphArn = Lens.lens (\CreateMembers' {graphArn} -> graphArn) (\s@CreateMembers' {} a -> s {graphArn = a} :: CreateMembers)
    |                                                                                                           ^^^^^^^^^^^^
[34 of 43] Compiling Amazonka.Detective.CreateGraph

gen/Amazonka/Detective/CreateGraph.hs:178:125: warning: [GHC-02256] [-Wambiguous-fields]
    The record update s {graphArn = a} with type CreateGraphResponse is ambiguous.
    This will not be supported by -XDuplicateRecordFields in future releases of GHC.
    |
178 | createGraphResponse_graphArn = Lens.lens (\CreateGraphResponse' {graphArn} -> graphArn) (\s@CreateGraphResponse' {} a -> s {graphArn = a} :: CreateGraphResponse)
    |                                                                                                                             ^^^^^^^^^^^^
[35 of 43] Compiling Amazonka.Detective.BatchGetMembershipDatasources
[36 of 43] Compiling Amazonka.Detective.BatchGetGraphMemberDatasources

gen/Amazonka/Detective/BatchGetGraphMemberDatasources.hs:92:158: warning: [GHC-02256] [-Wambiguous-fields]
    The record update s {graphArn = a} with type BatchGetGraphMemberDatasources is ambiguous.
    This will not be supported by -XDuplicateRecordFields in future releases of GHC.
   |
92 | batchGetGraphMemberDatasources_graphArn = Lens.lens (\BatchGetGraphMemberDatasources' {graphArn} -> graphArn) (\s@BatchGetGraphMemberDatasources' {} a -> s {graphArn = a} :: BatchGetGraphMemberDatasources)
   |                                                                                                                                                              ^^^^^^^^^^^^
[37 of 43] Compiling Amazonka.Detective.AcceptInvitation

gen/Amazonka/Detective/AcceptInvitation.hs:86:116: warning: [GHC-02256] [-Wambiguous-fields]
    The record update s {graphArn = a} with type AcceptInvitation is ambiguous.
    This will not be supported by -XDuplicateRecordFields in future releases of GHC.
   |
86 | acceptInvitation_graphArn = Lens.lens (\AcceptInvitation' {graphArn} -> graphArn) (\s@AcceptInvitation' {} a -> s {graphArn = a} :: AcceptInvitation)
   |                                                                                                                    ^^^^^^^^^^^^
[38 of 43] Compiling Amazonka.Detective.UntagResource
[39 of 43] Compiling Amazonka.Detective.UpdateDatasourcePackages

gen/Amazonka/Detective/UpdateDatasourcePackages.hs:84:140: warning: [GHC-02256] [-Wambiguous-fields]
    The record update s {graphArn = a} with type UpdateDatasourcePackages is ambiguous.
    This will not be supported by -XDuplicateRecordFields in future releases of GHC.
   |
84 | updateDatasourcePackages_graphArn = Lens.lens (\UpdateDatasourcePackages' {graphArn} -> graphArn) (\s@UpdateDatasourcePackages' {} a -> s {graphArn = a} :: UpdateDatasourcePackages)
   |                                                                                                                                            ^^^^^^^^^^^^
[40 of 43] Compiling Amazonka.Detective.UpdateOrganizationConfiguration

gen/Amazonka/Detective/UpdateOrganizationConfiguration.hs:89:161: warning: [GHC-02256] [-Wambiguous-fields]
    The record update s {graphArn = a} with type UpdateOrganizationConfiguration is ambiguous.
    This will not be supported by -XDuplicateRecordFields in future releases of GHC.
   |
89 | updateOrganizationConfiguration_graphArn = Lens.lens (\UpdateOrganizationConfiguration' {graphArn} -> graphArn) (\s@UpdateOrganizationConfiguration' {} a -> s {graphArn = a} :: UpdateOrganizationConfiguration)
   |                                                                                                                                                                 ^^^^^^^^^^^^
[41 of 43] Compiling Amazonka.Detective.Lens
[42 of 43] Compiling Amazonka.Detective.Waiters
[43 of 43] Compiling Amazonka.Detective
Configuring test suite 'amazonka-detective-test' for amazonka-detective-2.0...
Preprocessing test suite 'amazonka-detective-test' for amazonka-detective-2.0...
Building test suite 'amazonka-detective-test' for amazonka-detective-2.0...
[1 of 4] Compiling Test.Amazonka.Detective
[2 of 4] Compiling Test.Amazonka.Detective.Internal
[3 of 4] Compiling Main
[4 of 4] Compiling Test.Amazonka.Gen.Detective
[5 of 5] Linking /tmp/workdir-amazonka-detective/amazonka-detective-2.0/dist-newstyle/build/x86_64-linux/ghc-9.6.6/amazonka-detective-2.0/t/amazonka-detective-test/build/amazonka-detective-test/amazonka-detective-test
