Build profile: -w ghc-9.6.6 -O1
In order, the following will be built (use -v for more details):
 - exact-pi-0.5.0.2 (lib) (first run)
 - exact-pi-0.5.0.2 (test:spec) (first run)
Configuring library for exact-pi-0.5.0.2...
Preprocessing library for exact-pi-0.5.0.2...
Building library for exact-pi-0.5.0.2...
[1 of 2] Compiling Data.ExactPi

src/Data/ExactPi.hs:200:3: warning: [-Wnoncanonical-monoid-instances]
    Noncanonical ‘(<>) = mappend’ definition detected
    in the instance declaration for ‘Semigroup ExactPi’.
    Move definition from ‘mappend’ to ‘(<>)’
    See also: https://gitlab.haskell.org/ghc/ghc/-/wikis/proposal/semigroup-monoid
    |
200 |   (<>) = mappend
    |   ^^^^^^^^^^^^^^

src/Data/ExactPi.hs:205:3: warning: [-Wnoncanonical-monoid-instances]
    Noncanonical ‘mappend’ definition detected
    in the instance declaration for ‘Monoid ExactPi’.
    ‘mappend’ will eventually be removed in favour of ‘(<>)’
    Either remove definition for ‘mappend’ (recommended) or define as ‘mappend = (<>)’
    See also: https://gitlab.haskell.org/ghc/ghc/-/wikis/proposal/semigroup-monoid
    |
205 |   mappend = (*)
    |   ^^^^^^^^^^^^^
[2 of 2] Compiling Data.ExactPi.TypeLevel
Configuring test suite 'spec' for exact-pi-0.5.0.2...
Preprocessing test suite 'spec' for exact-pi-0.5.0.2...
Building test suite 'spec' for exact-pi-0.5.0.2...
[1 of 2] Compiling TestUtils
[2 of 2] Compiling Main
[3 of 3] Linking /tmp/workdir-exact-pi/exact-pi-0.5.0.2/dist-newstyle/build/x86_64-linux/ghc-9.6.6/exact-pi-0.5.0.2/t/spec/build/spec/spec
