Build profile: -w ghc-9.6.6 -O1
In order, the following will be built (use -v for more details):
 - tasty-discover-5.0.0 (lib) (first run)
 - tasty-discover-5.0.0 (exe:tasty-discover) (first run)
 - tasty-discover-5.0.0 (test:tasty-discover-test) (first run)
Configuring library for tasty-discover-5.0.0...
Preprocessing library for tasty-discover-5.0.0...
Building library for tasty-discover-5.0.0...
[1 of 7] Compiling Paths_tasty_discover
[2 of 7] Compiling Test.Tasty.Discover.Internal.Config
[3 of 7] Compiling Test.Tasty.Discover.Internal.Generator
[4 of 7] Compiling Test.Tasty.Discover.Internal.Driver
[5 of 7] Compiling Test.Tasty.Discover.TastyInfo
[6 of 7] Compiling Test.Tasty.Discover
[7 of 7] Compiling Test.Tasty.Discover.Version
Configuring executable 'tasty-discover' for tasty-discover-5.0.0...
Preprocessing executable 'tasty-discover' for tasty-discover-5.0.0...
Building executable 'tasty-discover' for tasty-discover-5.0.0...
[1 of 2] Compiling Main
[2 of 2] Compiling Paths_tasty_discover
[3 of 3] Linking /tmp/workdir-tasty-discover/tasty-discover-5.0.0/dist-newstyle/build/x86_64-linux/ghc-9.6.6/tasty-discover-5.0.0/x/tasty-discover/build/tasty-discover/tasty-discover
Configuring test suite 'tasty-discover-test' for tasty-discover-5.0.0...
Preprocessing test suite 'tasty-discover-test' for tasty-discover-5.0.0...
Building test suite 'tasty-discover-test' for tasty-discover-5.0.0...
[1 of 7] Compiling ConfigTest
[2 of 7] Compiling DiscoverTest
[3 of 7] Compiling Paths_tasty_discover
[4 of 7] Compiling SubMod.FooBaz
[5 of 7] Compiling SubMod.PropTest
[6 of 7] Compiling SubMod.SubSubMod.PropTest
[7 of 7] Compiling Main
[8 of 8] Linking /tmp/workdir-tasty-discover/tasty-discover-5.0.0/dist-newstyle/build/x86_64-linux/ghc-9.6.6/tasty-discover-5.0.0/t/tasty-discover-test/build/tasty-discover-test/tasty-discover-test
