Build profile: -w ghc-9.6.6 -O1
In order, the following will be built (use -v for more details):
 - hspec-golden-aeson-0.9.0.0 (lib) (first run)
 - hspec-golden-aeson-0.9.0.0 (test:test) (first run)
Configuring library for hspec-golden-aeson-0.9.0.0...
Preprocessing library for hspec-golden-aeson-0.9.0.0...
Building library for hspec-golden-aeson-0.9.0.0...
[1 of 8] Compiling Paths_hspec_golden_aeson
[2 of 8] Compiling Test.Aeson.Internal.Utils
[3 of 8] Compiling Test.Aeson.Internal.RoundtripSpecs
[4 of 8] Compiling Test.Aeson.Internal.RandomSamples
[5 of 8] Compiling Test.Aeson.Internal.GoldenSpecs

src/Test/Aeson/Internal/GoldenSpecs.hs:24:1: warning: [-Wdodgy-imports]
    Module ‘Data.ByteString.Lazy’ does not export ‘putStrLn’
   |
24 | import           Data.ByteString.Lazy hiding (putStrLn)
   | ^^^^^^^^^^^^^^^^^^^^^^^^^^^^^^^^^^^^^^^^^^^^^^^^^^^^^^^

src/Test/Aeson/Internal/GoldenSpecs.hs:64:39: warning: [-Wunused-record-wildcards]
    No variables bound in the record wildcard match are used
      Possible fix: omit the ‘..’
   |
64 | goldenSpecsWithNote settings@Settings{..} proxy mNote = do
   |                                       ^^
[6 of 8] Compiling Test.Aeson.Internal.ADT.RoundtripSpecs
[7 of 8] Compiling Test.Aeson.Internal.ADT.GoldenSpecs
[8 of 8] Compiling Test.Aeson.GenericSpecs
Configuring test suite 'test' for hspec-golden-aeson-0.9.0.0...
Preprocessing test suite 'test' for hspec-golden-aeson-0.9.0.0...
Building test suite 'test' for hspec-golden-aeson-0.9.0.0...
[1 of 9] Compiling Paths_hspec_golden_aeson
[2 of 9] Compiling Test.Types
[3 of 9] Compiling Test.Types.AlteredSelector
[4 of 9] Compiling Test.Types.BrokenSerialization
[5 of 9] Compiling Test.Types.MismatchedToAndFromSerialization
[6 of 9] Compiling Test.Types.NewSelector
[7 of 9] Compiling Test.Utils
[8 of 9] Compiling Test.Aeson.GenericSpecsSpec
[9 of 9] Compiling Main
[10 of 10] Linking /tmp/workdir-hspec-golden-aeson/hspec-golden-aeson-0.9.0.0/dist-newstyle/build/x86_64-linux/ghc-9.6.6/hspec-golden-aeson-0.9.0.0/t/test/build/test/test
