Build profile: -w ghc-9.6.6 -O1
In order, the following will be built (use -v for more details):
 - fixed-vector-1.2.3.0 (lib) (first run)
 - fixed-vector-1.2.3.0 (test:fixed-vector-doctests) (first run)
Configuring library for fixed-vector-1.2.3.0...
Preprocessing library for fixed-vector-1.2.3.0...
Building library for fixed-vector-1.2.3.0...
[1 of 9] Compiling Data.Vector.Fixed.Cont
[2 of 9] Compiling Data.Vector.Fixed.Generic

Data/Vector/Fixed/Generic.hs:26:40: warning: [GHC-58520] [-Wtype-equality-requires-operators]
    The use of ‘~’ without TypeOperators
    will become an error in a future GHC release.
    Suggested fix: Perhaps you intended to use TypeOperators
   |
26 | mapG :: (Vector v a, Vector w b, Dim v ~ Dim w)
   |                                        ^

Data/Vector/Fixed/Generic.hs:34:41: warning: [GHC-58520] [-Wtype-equality-requires-operators]
    The use of ‘~’ without TypeOperators
    will become an error in a future GHC release.
    Suggested fix: Perhaps you intended to use TypeOperators
   |
34 | imapG :: (Vector v a, Vector w b, Dim v ~ Dim w)
   |                                         ^

Data/Vector/Fixed/Generic.hs:42:41: warning: [GHC-58520] [-Wtype-equality-requires-operators]
    The use of ‘~’ without TypeOperators
    will become an error in a future GHC release.
    Suggested fix: Perhaps you intended to use TypeOperators
   |
42 | mapMG :: (Vector v a, Vector w b, Dim w ~ Dim v, Monad m)
   |                                         ^

Data/Vector/Fixed/Generic.hs:50:42: warning: [GHC-58520] [-Wtype-equality-requires-operators]
    The use of ‘~’ without TypeOperators
    will become an error in a future GHC release.
    Suggested fix: Perhaps you intended to use TypeOperators
   |
50 | imapMG :: (Vector v a, Vector w b, Dim w ~ Dim v, Monad m)
   |                                          ^

Data/Vector/Fixed/Generic.hs:59:56: warning: [GHC-58520] [-Wtype-equality-requires-operators]
    The use of ‘~’ without TypeOperators
    will become an error in a future GHC release.
    Suggested fix: Perhaps you intended to use TypeOperators
   |
59 | zipWithG :: (Vector v a, Vector w b, Vector u c, Dim v ~ Dim u, Dim v ~ Dim w)
   |                                                        ^

Data/Vector/Fixed/Generic.hs:59:71: warning: [GHC-58520] [-Wtype-equality-requires-operators]
    The use of ‘~’ without TypeOperators
    will become an error in a future GHC release.
    Suggested fix: Perhaps you intended to use TypeOperators
   |
59 | zipWithG :: (Vector v a, Vector w b, Vector u c, Dim v ~ Dim u, Dim v ~ Dim w)
   |                                                                       ^

Data/Vector/Fixed/Generic.hs:66:57: warning: [GHC-58520] [-Wtype-equality-requires-operators]
    The use of ‘~’ without TypeOperators
    will become an error in a future GHC release.
    Suggested fix: Perhaps you intended to use TypeOperators
   |
66 | zipWithMG :: (Vector v a, Vector w b, Vector u c, Dim v ~ Dim u, Dim v ~ Dim w, Monad m)
   |                                                         ^

Data/Vector/Fixed/Generic.hs:66:72: warning: [GHC-58520] [-Wtype-equality-requires-operators]
    The use of ‘~’ without TypeOperators
    will become an error in a future GHC release.
    Suggested fix: Perhaps you intended to use TypeOperators
   |
66 | zipWithMG :: (Vector v a, Vector w b, Vector u c, Dim v ~ Dim u, Dim v ~ Dim w, Monad m)
   |                                                                        ^

Data/Vector/Fixed/Generic.hs:74:57: warning: [GHC-58520] [-Wtype-equality-requires-operators]
    The use of ‘~’ without TypeOperators
    will become an error in a future GHC release.
    Suggested fix: Perhaps you intended to use TypeOperators
   |
74 | izipWithG :: (Vector v a, Vector w b, Vector u c, Dim v ~ Dim u, Dim v ~ Dim w)
   |                                                         ^

Data/Vector/Fixed/Generic.hs:74:72: warning: [GHC-58520] [-Wtype-equality-requires-operators]
    The use of ‘~’ without TypeOperators
    will become an error in a future GHC release.
    Suggested fix: Perhaps you intended to use TypeOperators
   |
74 | izipWithG :: (Vector v a, Vector w b, Vector u c, Dim v ~ Dim u, Dim v ~ Dim w)
   |                                                                        ^

Data/Vector/Fixed/Generic.hs:82:58: warning: [GHC-58520] [-Wtype-equality-requires-operators]
    The use of ‘~’ without TypeOperators
    will become an error in a future GHC release.
    Suggested fix: Perhaps you intended to use TypeOperators
   |
82 | izipWithMG :: (Vector v a, Vector w b, Vector u c, Dim v ~ Dim u, Dim v ~ Dim w, Monad m)
   |                                                          ^

Data/Vector/Fixed/Generic.hs:82:73: warning: [GHC-58520] [-Wtype-equality-requires-operators]
    The use of ‘~’ without TypeOperators
    will become an error in a future GHC release.
    Suggested fix: Perhaps you intended to use TypeOperators
   |
82 | izipWithMG :: (Vector v a, Vector w b, Vector u c, Dim v ~ Dim u, Dim v ~ Dim w, Monad m)
   |                                                                         ^
[3 of 9] Compiling Data.Vector.Fixed.Internal
[4 of 9] Compiling Data.Vector.Fixed
[5 of 9] Compiling Data.Vector.Fixed.Mutable

Data/Vector/Fixed/Mutable.hs:167:14: warning: [GHC-58520] [-Wtype-equality-requires-operators]
    The use of ‘~’ without TypeOperators
    will become an error in a future GHC release.
    Suggested fix: Perhaps you intended to use TypeOperators
    |
167 | class (Dim v ~ DimM (Mutable v), MVector (Mutable v) a) => IVector v a where
    |              ^
[6 of 9] Compiling Data.Vector.Fixed.Boxed
[7 of 9] Compiling Data.Vector.Fixed.Primitive
[8 of 9] Compiling Data.Vector.Fixed.Storable
[9 of 9] Compiling Data.Vector.Fixed.Unboxed
Configuring test suite 'fixed-vector-doctests' for fixed-vector-1.2.3.0...
Preprocessing test suite 'fixed-vector-doctests' for fixed-vector-1.2.3.0...
Building test suite 'fixed-vector-doctests' for fixed-vector-1.2.3.0...
[1 of 1] Compiling Main
[2 of 2] Linking /tmp/workdir-fixed-vector/fixed-vector-1.2.3.0/dist-newstyle/build/x86_64-linux/ghc-9.6.6/fixed-vector-1.2.3.0/t/fixed-vector-doctests/build/fixed-vector-doctests/fixed-vector-doctests
