Build profile: -w ghc-9.6.6 -O1
In order, the following will be built (use -v for more details):
 - amazonka-pinpoint-email-2.0 (lib) (first run)
 - amazonka-pinpoint-email-2.0 (test:amazonka-pinpoint-email-test) (first run)
Configuring library for amazonka-pinpoint-email-2.0...
Preprocessing library for amazonka-pinpoint-email-2.0...
Building library for amazonka-pinpoint-email-2.0...
[ 1 of 92] Compiling Amazonka.PinpointEmail.Types.BehaviorOnMxFailure
[ 2 of 92] Compiling Amazonka.PinpointEmail.Types.BlacklistEntry
[ 3 of 92] Compiling Amazonka.PinpointEmail.Types.Content
[ 4 of 92] Compiling Amazonka.PinpointEmail.Types.Body
[ 5 of 92] Compiling Amazonka.PinpointEmail.Types.DeliverabilityDashboardAccountStatus
[ 6 of 92] Compiling Amazonka.PinpointEmail.Types.DeliverabilityTestStatus
[ 7 of 92] Compiling Amazonka.PinpointEmail.Types.DeliverabilityTestReport
[ 8 of 92] Compiling Amazonka.PinpointEmail.Types.Destination
[ 9 of 92] Compiling Amazonka.PinpointEmail.Types.DimensionValueSource
[10 of 92] Compiling Amazonka.PinpointEmail.Types.CloudWatchDimensionConfiguration
[11 of 92] Compiling Amazonka.PinpointEmail.Types.CloudWatchDestination
[12 of 92] Compiling Amazonka.PinpointEmail.Types.DkimStatus
[13 of 92] Compiling Amazonka.PinpointEmail.Types.DkimAttributes
[14 of 92] Compiling Amazonka.PinpointEmail.Types.DomainDeliverabilityCampaign
[15 of 92] Compiling Amazonka.PinpointEmail.Types.DomainIspPlacement
[16 of 92] Compiling Amazonka.PinpointEmail.Types.EventType
[17 of 92] Compiling Amazonka.PinpointEmail.Types.IdentityType
[18 of 92] Compiling Amazonka.PinpointEmail.Types.IdentityInfo
[19 of 92] Compiling Amazonka.PinpointEmail.Types.InboxPlacementTrackingOption
[20 of 92] Compiling Amazonka.PinpointEmail.Types.DomainDeliverabilityTrackingOption
[21 of 92] Compiling Amazonka.PinpointEmail.Types.KinesisFirehoseDestination
[22 of 92] Compiling Amazonka.PinpointEmail.Types.MailFromDomainStatus
[23 of 92] Compiling Amazonka.PinpointEmail.Types.MailFromAttributes
[24 of 92] Compiling Amazonka.PinpointEmail.Types.Message
[25 of 92] Compiling Amazonka.PinpointEmail.Types.MessageTag
[26 of 92] Compiling Amazonka.PinpointEmail.Types.PinpointDestination
[27 of 92] Compiling Amazonka.PinpointEmail.Types.PlacementStatistics
[28 of 92] Compiling Amazonka.PinpointEmail.Types.IspPlacement
[29 of 92] Compiling Amazonka.PinpointEmail.Types.RawMessage
[30 of 92] Compiling Amazonka.PinpointEmail.Types.ReputationOptions
[31 of 92] Compiling Amazonka.PinpointEmail.Types.SendQuota
[32 of 92] Compiling Amazonka.PinpointEmail.Types.SendingOptions
[33 of 92] Compiling Amazonka.PinpointEmail.Types.SnsDestination
[34 of 92] Compiling Amazonka.PinpointEmail.Types.EventDestinationDefinition
[35 of 92] Compiling Amazonka.PinpointEmail.Types.EventDestination
[36 of 92] Compiling Amazonka.PinpointEmail.Types.Tag
[37 of 92] Compiling Amazonka.PinpointEmail.Types.Template
[38 of 92] Compiling Amazonka.PinpointEmail.Types.EmailContent
[39 of 92] Compiling Amazonka.PinpointEmail.Types.TlsPolicy
[40 of 92] Compiling Amazonka.PinpointEmail.Types.DeliveryOptions
[41 of 92] Compiling Amazonka.PinpointEmail.Types.TrackingOptions
[42 of 92] Compiling Amazonka.PinpointEmail.Types.VolumeStatistics
[43 of 92] Compiling Amazonka.PinpointEmail.Types.OverallVolume
[44 of 92] Compiling Amazonka.PinpointEmail.Types.DailyVolume
[45 of 92] Compiling Amazonka.PinpointEmail.Types.WarmupStatus
[46 of 92] Compiling Amazonka.PinpointEmail.Types.DedicatedIp
[47 of 92] Compiling Amazonka.PinpointEmail.Types
[48 of 92] Compiling Amazonka.PinpointEmail.TagResource
[49 of 92] Compiling Amazonka.PinpointEmail.SendEmail

gen/Amazonka/PinpointEmail/SendEmail.hs:162:119: warning: [GHC-02256] [-Wambiguous-fields]
    The record update s {fromEmailAddress = a} with type SendEmail is ambiguous.
    This will not be supported by -XDuplicateRecordFields in future releases of GHC.
    |
162 | sendEmail_fromEmailAddress = Lens.lens (\SendEmail' {fromEmailAddress} -> fromEmailAddress) (\s@SendEmail' {} a -> s {fromEmailAddress = a} :: SendEmail)
    |                                                                                                                       ^^^^^^^^^^^^^^^^^^^^
[50 of 92] Compiling Amazonka.PinpointEmail.PutEmailIdentityMailFromAttributes

gen/Amazonka/PinpointEmail/PutEmailIdentityMailFromAttributes.hs:135:203: warning: [GHC-02256] [-Wambiguous-fields]
    The record update s {behaviorOnMxFailure = a} with type PutEmailIdentityMailFromAttributes is ambiguous.
    This will not be supported by -XDuplicateRecordFields in future releases of GHC.
    |
135 | putEmailIdentityMailFromAttributes_behaviorOnMxFailure = Lens.lens (\PutEmailIdentityMailFromAttributes' {behaviorOnMxFailure} -> behaviorOnMxFailure) (\s@PutEmailIdentityMailFromAttributes' {} a -> s {behaviorOnMxFailure = a} :: PutEmailIdentityMailFromAttributes)
    |                                                                                                                                                                                                           ^^^^^^^^^^^^^^^^^^^^^^^

gen/Amazonka/PinpointEmail/PutEmailIdentityMailFromAttributes.hs:147:188: warning: [GHC-02256] [-Wambiguous-fields]
    The record update s {mailFromDomain = a} with type PutEmailIdentityMailFromAttributes is ambiguous.
    This will not be supported by -XDuplicateRecordFields in future releases of GHC.
    |
147 | putEmailIdentityMailFromAttributes_mailFromDomain = Lens.lens (\PutEmailIdentityMailFromAttributes' {mailFromDomain} -> mailFromDomain) (\s@PutEmailIdentityMailFromAttributes' {} a -> s {mailFromDomain = a} :: PutEmailIdentityMailFromAttributes)
    |                                                                                                                                                                                            ^^^^^^^^^^^^^^^^^^
[51 of 92] Compiling Amazonka.PinpointEmail.PutEmailIdentityFeedbackAttributes
[52 of 92] Compiling Amazonka.PinpointEmail.PutEmailIdentityDkimAttributes

gen/Amazonka/PinpointEmail/PutEmailIdentityDkimAttributes.hs:101:176: warning: [GHC-02256] [-Wambiguous-fields]
    The record update s {signingEnabled = a} with type PutEmailIdentityDkimAttributes is ambiguous.
    This will not be supported by -XDuplicateRecordFields in future releases of GHC.
    |
101 | putEmailIdentityDkimAttributes_signingEnabled = Lens.lens (\PutEmailIdentityDkimAttributes' {signingEnabled} -> signingEnabled) (\s@PutEmailIdentityDkimAttributes' {} a -> s {signingEnabled = a} :: PutEmailIdentityDkimAttributes)
    |                                                                                                                                                                                ^^^^^^^^^^^^^^^^^^
[53 of 92] Compiling Amazonka.PinpointEmail.PutDeliverabilityDashboardOption
[54 of 92] Compiling Amazonka.PinpointEmail.PutDedicatedIpWarmupAttributes

gen/Amazonka/PinpointEmail/PutDedicatedIpWarmupAttributes.hs:93:140: warning: [GHC-02256] [-Wambiguous-fields]
    The record update s {ip = a} with type PutDedicatedIpWarmupAttributes is ambiguous.
    This will not be supported by -XDuplicateRecordFields in future releases of GHC.
   |
93 | putDedicatedIpWarmupAttributes_ip = Lens.lens (\PutDedicatedIpWarmupAttributes' {ip} -> ip) (\s@PutDedicatedIpWarmupAttributes' {} a -> s {ip = a} :: PutDedicatedIpWarmupAttributes)
   |                                                                                                                                            ^^^^^^

gen/Amazonka/PinpointEmail/PutDedicatedIpWarmupAttributes.hs:98:182: warning: [GHC-02256] [-Wambiguous-fields]
    The record update s {warmupPercentage = a} with type PutDedicatedIpWarmupAttributes is ambiguous.
    This will not be supported by -XDuplicateRecordFields in future releases of GHC.
   |
98 | putDedicatedIpWarmupAttributes_warmupPercentage = Lens.lens (\PutDedicatedIpWarmupAttributes' {warmupPercentage} -> warmupPercentage) (\s@PutDedicatedIpWarmupAttributes' {} a -> s {warmupPercentage = a} :: PutDedicatedIpWarmupAttributes)
   |                                                                                                                                                                                      ^^^^^^^^^^^^^^^^^^^^
[55 of 92] Compiling Amazonka.PinpointEmail.PutDedicatedIpInPool

gen/Amazonka/PinpointEmail/PutDedicatedIpInPool.hs:100:110: warning: [GHC-02256] [-Wambiguous-fields]
    The record update s {ip = a} with type PutDedicatedIpInPool is ambiguous.
    This will not be supported by -XDuplicateRecordFields in future releases of GHC.
    |
100 | putDedicatedIpInPool_ip = Lens.lens (\PutDedicatedIpInPool' {ip} -> ip) (\s@PutDedicatedIpInPool' {} a -> s {ip = a} :: PutDedicatedIpInPool)
    |                                                                                                              ^^^^^^
[56 of 92] Compiling Amazonka.PinpointEmail.PutConfigurationSetTrackingOptions

gen/Amazonka/PinpointEmail/PutConfigurationSetTrackingOptions.hs:91:206: warning: [GHC-02256] [-Wambiguous-fields]
    The record update s {customRedirectDomain = a} with type PutConfigurationSetTrackingOptions is ambiguous.
    This will not be supported by -XDuplicateRecordFields in future releases of GHC.
   |
91 | putConfigurationSetTrackingOptions_customRedirectDomain = Lens.lens (\PutConfigurationSetTrackingOptions' {customRedirectDomain} -> customRedirectDomain) (\s@PutConfigurationSetTrackingOptions' {} a -> s {customRedirectDomain = a} :: PutConfigurationSetTrackingOptions)
   |                                                                                                                                                                                                              ^^^^^^^^^^^^^^^^^^^^^^^^
[57 of 92] Compiling Amazonka.PinpointEmail.PutConfigurationSetSendingOptions

gen/Amazonka/PinpointEmail/PutConfigurationSetSendingOptions.hs:94:185: warning: [GHC-02256] [-Wambiguous-fields]
    The record update s {sendingEnabled = a} with type PutConfigurationSetSendingOptions is ambiguous.
    This will not be supported by -XDuplicateRecordFields in future releases of GHC.
   |
94 | putConfigurationSetSendingOptions_sendingEnabled = Lens.lens (\PutConfigurationSetSendingOptions' {sendingEnabled} -> sendingEnabled) (\s@PutConfigurationSetSendingOptions' {} a -> s {sendingEnabled = a} :: PutConfigurationSetSendingOptions)
   |                                                                                                                                                                                         ^^^^^^^^^^^^^^^^^^
[58 of 92] Compiling Amazonka.PinpointEmail.PutConfigurationSetReputationOptions

gen/Amazonka/PinpointEmail/PutConfigurationSetReputationOptions.hs:97:224: warning: [GHC-02256] [-Wambiguous-fields]
    The record update s {reputationMetricsEnabled = a} with type PutConfigurationSetReputationOptions is ambiguous.
    This will not be supported by -XDuplicateRecordFields in future releases of GHC.
   |
97 | putConfigurationSetReputationOptions_reputationMetricsEnabled = Lens.lens (\PutConfigurationSetReputationOptions' {reputationMetricsEnabled} -> reputationMetricsEnabled) (\s@PutConfigurationSetReputationOptions' {} a -> s {reputationMetricsEnabled = a} :: PutConfigurationSetReputationOptions)
   |                                                                                                                                                                                                                                ^^^^^^^^^^^^^^^^^^^^^^^^^^^^
[59 of 92] Compiling Amazonka.PinpointEmail.PutConfigurationSetDeliveryOptions

gen/Amazonka/PinpointEmail/PutConfigurationSetDeliveryOptions.hs:108:191: warning: [GHC-02256] [-Wambiguous-fields]
    The record update s {sendingPoolName = a} with type PutConfigurationSetDeliveryOptions is ambiguous.
    This will not be supported by -XDuplicateRecordFields in future releases of GHC.
    |
108 | putConfigurationSetDeliveryOptions_sendingPoolName = Lens.lens (\PutConfigurationSetDeliveryOptions' {sendingPoolName} -> sendingPoolName) (\s@PutConfigurationSetDeliveryOptions' {} a -> s {sendingPoolName = a} :: PutConfigurationSetDeliveryOptions)
    |                                                                                                                                                                                               ^^^^^^^^^^^^^^^^^^^

gen/Amazonka/PinpointEmail/PutConfigurationSetDeliveryOptions.hs:116:173: warning: [GHC-02256] [-Wambiguous-fields]
    The record update s {tlsPolicy = a} with type PutConfigurationSetDeliveryOptions is ambiguous.
    This will not be supported by -XDuplicateRecordFields in future releases of GHC.
    |
116 | putConfigurationSetDeliveryOptions_tlsPolicy = Lens.lens (\PutConfigurationSetDeliveryOptions' {tlsPolicy} -> tlsPolicy) (\s@PutConfigurationSetDeliveryOptions' {} a -> s {tlsPolicy = a} :: PutConfigurationSetDeliveryOptions)
    |                                                                                                                                                                             ^^^^^^^^^^^^^
[60 of 92] Compiling Amazonka.PinpointEmail.PutAccountSendingAttributes

gen/Amazonka/PinpointEmail/PutAccountSendingAttributes.hs:89:167: warning: [GHC-02256] [-Wambiguous-fields]
    The record update s {sendingEnabled = a} with type PutAccountSendingAttributes is ambiguous.
    This will not be supported by -XDuplicateRecordFields in future releases of GHC.
   |
89 | putAccountSendingAttributes_sendingEnabled = Lens.lens (\PutAccountSendingAttributes' {sendingEnabled} -> sendingEnabled) (\s@PutAccountSendingAttributes' {} a -> s {sendingEnabled = a} :: PutAccountSendingAttributes)
   |                                                                                                                                                                       ^^^^^^^^^^^^^^^^^^
[61 of 92] Compiling Amazonka.PinpointEmail.PutAccountDedicatedIpWarmupAttributes
[62 of 92] Compiling Amazonka.PinpointEmail.ListTagsForResource
[63 of 92] Compiling Amazonka.PinpointEmail.ListEmailIdentities

gen/Amazonka/PinpointEmail/ListEmailIdentities.hs:107:128: warning: [GHC-02256] [-Wambiguous-fields]
    The record update s {nextToken = a} with type ListEmailIdentities is ambiguous.
    This will not be supported by -XDuplicateRecordFields in future releases of GHC.
    |
107 | listEmailIdentities_nextToken = Lens.lens (\ListEmailIdentities' {nextToken} -> nextToken) (\s@ListEmailIdentities' {} a -> s {nextToken = a} :: ListEmailIdentities)
    |                                                                                                                                ^^^^^^^^^^^^^

gen/Amazonka/PinpointEmail/ListEmailIdentities.hs:246:152: warning: [GHC-02256] [-Wambiguous-fields]
    The record update s {nextToken = a} with type ListEmailIdentitiesResponse is ambiguous.
    This will not be supported by -XDuplicateRecordFields in future releases of GHC.
    |
246 | listEmailIdentitiesResponse_nextToken = Lens.lens (\ListEmailIdentitiesResponse' {nextToken} -> nextToken) (\s@ListEmailIdentitiesResponse' {} a -> s {nextToken = a} :: ListEmailIdentitiesResponse)
    |                                                                                                                                                        ^^^^^^^^^^^^^
[64 of 92] Compiling Amazonka.PinpointEmail.ListDomainDeliverabilityCampaigns

gen/Amazonka/PinpointEmail/ListDomainDeliverabilityCampaigns.hs:139:170: warning: [GHC-02256] [-Wambiguous-fields]
    The record update s {nextToken = a} with type ListDomainDeliverabilityCampaigns is ambiguous.
    This will not be supported by -XDuplicateRecordFields in future releases of GHC.
    |
139 | listDomainDeliverabilityCampaigns_nextToken = Lens.lens (\ListDomainDeliverabilityCampaigns' {nextToken} -> nextToken) (\s@ListDomainDeliverabilityCampaigns' {} a -> s {nextToken = a} :: ListDomainDeliverabilityCampaigns)
    |                                                                                                                                                                          ^^^^^^^^^^^^^

gen/Amazonka/PinpointEmail/ListDomainDeliverabilityCampaigns.hs:152:170: warning: [GHC-02256] [-Wambiguous-fields]
    The record update s {startDate = a} with type ListDomainDeliverabilityCampaigns is ambiguous.
    This will not be supported by -XDuplicateRecordFields in future releases of GHC.
    |
152 | listDomainDeliverabilityCampaigns_startDate = Lens.lens (\ListDomainDeliverabilityCampaigns' {startDate} -> startDate) (\s@ListDomainDeliverabilityCampaigns' {} a -> s {startDate = a} :: ListDomainDeliverabilityCampaigns) Prelude.. Data._Time
    |                                                                                                                                                                          ^^^^^^^^^^^^^

gen/Amazonka/PinpointEmail/ListDomainDeliverabilityCampaigns.hs:301:194: warning: [GHC-02256] [-Wambiguous-fields]
    The record update s {nextToken = a} with type ListDomainDeliverabilityCampaignsResponse is ambiguous.
    This will not be supported by -XDuplicateRecordFields in future releases of GHC.
    |
301 | listDomainDeliverabilityCampaignsResponse_nextToken = Lens.lens (\ListDomainDeliverabilityCampaignsResponse' {nextToken} -> nextToken) (\s@ListDomainDeliverabilityCampaignsResponse' {} a -> s {nextToken = a} :: ListDomainDeliverabilityCampaignsResponse)
    |                                                                                                                                                                                                  ^^^^^^^^^^^^^
[65 of 92] Compiling Amazonka.PinpointEmail.ListDeliverabilityTestReports

gen/Amazonka/PinpointEmail/ListDeliverabilityTestReports.hs:109:158: warning: [GHC-02256] [-Wambiguous-fields]
    The record update s {nextToken = a} with type ListDeliverabilityTestReports is ambiguous.
    This will not be supported by -XDuplicateRecordFields in future releases of GHC.
    |
109 | listDeliverabilityTestReports_nextToken = Lens.lens (\ListDeliverabilityTestReports' {nextToken} -> nextToken) (\s@ListDeliverabilityTestReports' {} a -> s {nextToken = a} :: ListDeliverabilityTestReports)
    |                                                                                                                                                              ^^^^^^^^^^^^^

gen/Amazonka/PinpointEmail/ListDeliverabilityTestReports.hs:253:182: warning: [GHC-02256] [-Wambiguous-fields]
    The record update s {nextToken = a} with type ListDeliverabilityTestReportsResponse is ambiguous.
    This will not be supported by -XDuplicateRecordFields in future releases of GHC.
    |
253 | listDeliverabilityTestReportsResponse_nextToken = Lens.lens (\ListDeliverabilityTestReportsResponse' {nextToken} -> nextToken) (\s@ListDeliverabilityTestReportsResponse' {} a -> s {nextToken = a} :: ListDeliverabilityTestReportsResponse)
    |                                                                                                                                                                                      ^^^^^^^^^^^^^
[66 of 92] Compiling Amazonka.PinpointEmail.ListDedicatedIpPools

gen/Amazonka/PinpointEmail/ListDedicatedIpPools.hs:96:131: warning: [GHC-02256] [-Wambiguous-fields]
    The record update s {nextToken = a} with type ListDedicatedIpPools is ambiguous.
    This will not be supported by -XDuplicateRecordFields in future releases of GHC.
   |
96 | listDedicatedIpPools_nextToken = Lens.lens (\ListDedicatedIpPools' {nextToken} -> nextToken) (\s@ListDedicatedIpPools' {} a -> s {nextToken = a} :: ListDedicatedIpPools)
   |                                                                                                                                   ^^^^^^^^^^^^^

gen/Amazonka/PinpointEmail/ListDedicatedIpPools.hs:230:155: warning: [GHC-02256] [-Wambiguous-fields]
    The record update s {nextToken = a} with type ListDedicatedIpPoolsResponse is ambiguous.
    This will not be supported by -XDuplicateRecordFields in future releases of GHC.
    |
230 | listDedicatedIpPoolsResponse_nextToken = Lens.lens (\ListDedicatedIpPoolsResponse' {nextToken} -> nextToken) (\s@ListDedicatedIpPoolsResponse' {} a -> s {nextToken = a} :: ListDedicatedIpPoolsResponse)
    |                                                                                                                                                           ^^^^^^^^^^^^^
[67 of 92] Compiling Amazonka.PinpointEmail.ListConfigurationSets

gen/Amazonka/PinpointEmail/ListConfigurationSets.hs:103:134: warning: [GHC-02256] [-Wambiguous-fields]
    The record update s {nextToken = a} with type ListConfigurationSets is ambiguous.
    This will not be supported by -XDuplicateRecordFields in future releases of GHC.
    |
103 | listConfigurationSets_nextToken = Lens.lens (\ListConfigurationSets' {nextToken} -> nextToken) (\s@ListConfigurationSets' {} a -> s {nextToken = a} :: ListConfigurationSets)
    |                                                                                                                                      ^^^^^^^^^^^^^

gen/Amazonka/PinpointEmail/ListConfigurationSets.hs:241:158: warning: [GHC-02256] [-Wambiguous-fields]
    The record update s {nextToken = a} with type ListConfigurationSetsResponse is ambiguous.
    This will not be supported by -XDuplicateRecordFields in future releases of GHC.
    |
241 | listConfigurationSetsResponse_nextToken = Lens.lens (\ListConfigurationSetsResponse' {nextToken} -> nextToken) (\s@ListConfigurationSetsResponse' {} a -> s {nextToken = a} :: ListConfigurationSetsResponse)
    |                                                                                                                                                              ^^^^^^^^^^^^^
[68 of 92] Compiling Amazonka.PinpointEmail.GetEmailIdentity

gen/Amazonka/PinpointEmail/GetEmailIdentity.hs:257:152: warning: [GHC-02256] [-Wambiguous-fields]
    The record update s {identityType = a} with type GetEmailIdentityResponse is ambiguous.
    This will not be supported by -XDuplicateRecordFields in future releases of GHC.
    |
257 | getEmailIdentityResponse_identityType = Lens.lens (\GetEmailIdentityResponse' {identityType} -> identityType) (\s@GetEmailIdentityResponse' {} a -> s {identityType = a} :: GetEmailIdentityResponse)
    |                                                                                                                                                        ^^^^^^^^^^^^^^^^
[69 of 92] Compiling Amazonka.PinpointEmail.GetDomainStatisticsReport

gen/Amazonka/PinpointEmail/GetDomainStatisticsReport.hs:106:137: warning: [GHC-02256] [-Wambiguous-fields]
    The record update s {domain = a} with type GetDomainStatisticsReport is ambiguous.
    This will not be supported by -XDuplicateRecordFields in future releases of GHC.
    |
106 | getDomainStatisticsReport_domain = Lens.lens (\GetDomainStatisticsReport' {domain} -> domain) (\s@GetDomainStatisticsReport' {} a -> s {domain = a} :: GetDomainStatisticsReport)
    |                                                                                                                                         ^^^^^^^^^^

gen/Amazonka/PinpointEmail/GetDomainStatisticsReport.hs:111:146: warning: [GHC-02256] [-Wambiguous-fields]
    The record update s {startDate = a} with type GetDomainStatisticsReport is ambiguous.
    This will not be supported by -XDuplicateRecordFields in future releases of GHC.
    |
111 | getDomainStatisticsReport_startDate = Lens.lens (\GetDomainStatisticsReport' {startDate} -> startDate) (\s@GetDomainStatisticsReport' {} a -> s {startDate = a} :: GetDomainStatisticsReport) Prelude.. Data._Time
    |                                                                                                                                                  ^^^^^^^^^^^^^
[70 of 92] Compiling Amazonka.PinpointEmail.GetDomainDeliverabilityCampaign

gen/Amazonka/PinpointEmail/GetDomainDeliverabilityCampaign.hs:98:167: warning: [GHC-02256] [-Wambiguous-fields]
    The record update s {campaignId = a} with type GetDomainDeliverabilityCampaign is ambiguous.
    This will not be supported by -XDuplicateRecordFields in future releases of GHC.
   |
98 | getDomainDeliverabilityCampaign_campaignId = Lens.lens (\GetDomainDeliverabilityCampaign' {campaignId} -> campaignId) (\s@GetDomainDeliverabilityCampaign' {} a -> s {campaignId = a} :: GetDomainDeliverabilityCampaign)
   |                                                                                                                                                                       ^^^^^^^^^^^^^^
[71 of 92] Compiling Amazonka.PinpointEmail.GetDeliverabilityTestReport

gen/Amazonka/PinpointEmail/GetDeliverabilityTestReport.hs:81:149: warning: [GHC-02256] [-Wambiguous-fields]
    The record update s {reportId = a} with type GetDeliverabilityTestReport is ambiguous.
    This will not be supported by -XDuplicateRecordFields in future releases of GHC.
   |
81 | getDeliverabilityTestReport_reportId = Lens.lens (\GetDeliverabilityTestReport' {reportId} -> reportId) (\s@GetDeliverabilityTestReport' {} a -> s {reportId = a} :: GetDeliverabilityTestReport)
   |                                                                                                                                                     ^^^^^^^^^^^^
[72 of 92] Compiling Amazonka.PinpointEmail.GetDeliverabilityDashboardOptions
[73 of 92] Compiling Amazonka.PinpointEmail.GetDedicatedIps

gen/Amazonka/PinpointEmail/GetDedicatedIps.hs:104:116: warning: [GHC-02256] [-Wambiguous-fields]
    The record update s {nextToken = a} with type GetDedicatedIps is ambiguous.
    This will not be supported by -XDuplicateRecordFields in future releases of GHC.
    |
104 | getDedicatedIps_nextToken = Lens.lens (\GetDedicatedIps' {nextToken} -> nextToken) (\s@GetDedicatedIps' {} a -> s {nextToken = a} :: GetDedicatedIps)
    |                                                                                                                    ^^^^^^^^^^^^^

gen/Amazonka/PinpointEmail/GetDedicatedIps.hs:116:113: warning: [GHC-02256] [-Wambiguous-fields]
    The record update s {poolName = a} with type GetDedicatedIps is ambiguous.
    This will not be supported by -XDuplicateRecordFields in future releases of GHC.
    |
116 | getDedicatedIps_poolName = Lens.lens (\GetDedicatedIps' {poolName} -> poolName) (\s@GetDedicatedIps' {} a -> s {poolName = a} :: GetDedicatedIps)
    |                                                                                                                 ^^^^^^^^^^^^

gen/Amazonka/PinpointEmail/GetDedicatedIps.hs:244:140: warning: [GHC-02256] [-Wambiguous-fields]
    The record update s {nextToken = a} with type GetDedicatedIpsResponse is ambiguous.
    This will not be supported by -XDuplicateRecordFields in future releases of GHC.
    |
244 | getDedicatedIpsResponse_nextToken = Lens.lens (\GetDedicatedIpsResponse' {nextToken} -> nextToken) (\s@GetDedicatedIpsResponse' {} a -> s {nextToken = a} :: GetDedicatedIpsResponse)
    |                                                                                                                                            ^^^^^^^^^^^^^
[74 of 92] Compiling Amazonka.PinpointEmail.GetDedicatedIp

gen/Amazonka/PinpointEmail/GetDedicatedIp.hs:84:92: warning: [GHC-02256] [-Wambiguous-fields]
    The record update s {ip = a} with type GetDedicatedIp is ambiguous.
    This will not be supported by -XDuplicateRecordFields in future releases of GHC.
   |
84 | getDedicatedIp_ip = Lens.lens (\GetDedicatedIp' {ip} -> ip) (\s@GetDedicatedIp' {} a -> s {ip = a} :: GetDedicatedIp)
   |                                                                                            ^^^^^^
[75 of 92] Compiling Amazonka.PinpointEmail.GetConfigurationSetEventDestinations
[76 of 92] Compiling Amazonka.PinpointEmail.GetConfigurationSet

gen/Amazonka/PinpointEmail/GetConfigurationSet.hs:96:161: warning: [GHC-02256] [-Wambiguous-fields]
    The record update s {configurationSetName = a} with type GetConfigurationSet is ambiguous.
    This will not be supported by -XDuplicateRecordFields in future releases of GHC.
   |
96 | getConfigurationSet_configurationSetName = Lens.lens (\GetConfigurationSet' {configurationSetName} -> configurationSetName) (\s@GetConfigurationSet' {} a -> s {configurationSetName = a} :: GetConfigurationSet)
   |                                                                                                                                                                 ^^^^^^^^^^^^^^^^^^^^^^^^

gen/Amazonka/PinpointEmail/GetConfigurationSet.hs:218:185: warning: [GHC-02256] [-Wambiguous-fields]
    The record update s {configurationSetName = a} with type GetConfigurationSetResponse is ambiguous.
    This will not be supported by -XDuplicateRecordFields in future releases of GHC.
    |
218 | getConfigurationSetResponse_configurationSetName = Lens.lens (\GetConfigurationSetResponse' {configurationSetName} -> configurationSetName) (\s@GetConfigurationSetResponse' {} a -> s {configurationSetName = a} :: GetConfigurationSetResponse)
    |                                                                                                                                                                                         ^^^^^^^^^^^^^^^^^^^^^^^^
[77 of 92] Compiling Amazonka.PinpointEmail.GetBlacklistReports
[78 of 92] Compiling Amazonka.PinpointEmail.GetAccount

gen/Amazonka/PinpointEmail/GetAccount.hs:268:140: warning: [GHC-02256] [-Wambiguous-fields]
    The record update s {sendingEnabled = a} with type GetAccountResponse is ambiguous.
    This will not be supported by -XDuplicateRecordFields in future releases of GHC.
    |
268 | getAccountResponse_sendingEnabled = Lens.lens (\GetAccountResponse' {sendingEnabled} -> sendingEnabled) (\s@GetAccountResponse' {} a -> s {sendingEnabled = a} :: GetAccountResponse)
    |                                                                                                                                            ^^^^^^^^^^^^^^^^^^
[79 of 92] Compiling Amazonka.PinpointEmail.DeleteEmailIdentity
[80 of 92] Compiling Amazonka.PinpointEmail.DeleteDedicatedIpPool

gen/Amazonka/PinpointEmail/DeleteDedicatedIpPool.hs:76:131: warning: [GHC-02256] [-Wambiguous-fields]
    The record update s {poolName = a} with type DeleteDedicatedIpPool is ambiguous.
    This will not be supported by -XDuplicateRecordFields in future releases of GHC.
   |
76 | deleteDedicatedIpPool_poolName = Lens.lens (\DeleteDedicatedIpPool' {poolName} -> poolName) (\s@DeleteDedicatedIpPool' {} a -> s {poolName = a} :: DeleteDedicatedIpPool)
   |                                                                                                                                   ^^^^^^^^^^^^
[81 of 92] Compiling Amazonka.PinpointEmail.DeleteConfigurationSetEventDestination
[82 of 92] Compiling Amazonka.PinpointEmail.DeleteConfigurationSet
[83 of 92] Compiling Amazonka.PinpointEmail.CreateEmailIdentity

gen/Amazonka/PinpointEmail/CreateEmailIdentity.hs:236:161: warning: [GHC-02256] [-Wambiguous-fields]
    The record update s {identityType = a} with type CreateEmailIdentityResponse is ambiguous.
    This will not be supported by -XDuplicateRecordFields in future releases of GHC.
    |
236 | createEmailIdentityResponse_identityType = Lens.lens (\CreateEmailIdentityResponse' {identityType} -> identityType) (\s@CreateEmailIdentityResponse' {} a -> s {identityType = a} :: CreateEmailIdentityResponse)
    |                                                                                                                                                                 ^^^^^^^^^^^^^^^^
[84 of 92] Compiling Amazonka.PinpointEmail.CreateDeliverabilityTestReport

gen/Amazonka/PinpointEmail/CreateDeliverabilityTestReport.hs:128:164: warning: [GHC-02256] [-Wambiguous-fields]
    The record update s {reportName = a} with type CreateDeliverabilityTestReport is ambiguous.
    This will not be supported by -XDuplicateRecordFields in future releases of GHC.
    |
128 | createDeliverabilityTestReport_reportName = Lens.lens (\CreateDeliverabilityTestReport' {reportName} -> reportName) (\s@CreateDeliverabilityTestReport' {} a -> s {reportName = a} :: CreateDeliverabilityTestReport)
    |                                                                                                                                                                    ^^^^^^^^^^^^^^

gen/Amazonka/PinpointEmail/CreateDeliverabilityTestReport.hs:138:182: warning: [GHC-02256] [-Wambiguous-fields]
    The record update s {fromEmailAddress = a} with type CreateDeliverabilityTestReport is ambiguous.
    This will not be supported by -XDuplicateRecordFields in future releases of GHC.
    |
138 | createDeliverabilityTestReport_fromEmailAddress = Lens.lens (\CreateDeliverabilityTestReport' {fromEmailAddress} -> fromEmailAddress) (\s@CreateDeliverabilityTestReport' {} a -> s {fromEmailAddress = a} :: CreateDeliverabilityTestReport)
    |                                                                                                                                                                                      ^^^^^^^^^^^^^^^^^^^^

gen/Amazonka/PinpointEmail/CreateDeliverabilityTestReport.hs:282:182: warning: [GHC-02256] [-Wambiguous-fields]
    The record update s {reportId = a} with type CreateDeliverabilityTestReportResponse is ambiguous.
    This will not be supported by -XDuplicateRecordFields in future releases of GHC.
    |
282 | createDeliverabilityTestReportResponse_reportId = Lens.lens (\CreateDeliverabilityTestReportResponse' {reportId} -> reportId) (\s@CreateDeliverabilityTestReportResponse' {} a -> s {reportId = a} :: CreateDeliverabilityTestReportResponse)
    |                                                                                                                                                                                      ^^^^^^^^^^^^

gen/Amazonka/PinpointEmail/CreateDeliverabilityTestReport.hs:291:230: warning: [GHC-02256] [-Wambiguous-fields]
    The record update s {deliverabilityTestStatus = a} with type CreateDeliverabilityTestReportResponse is ambiguous.
    This will not be supported by -XDuplicateRecordFields in future releases of GHC.
    |
291 | createDeliverabilityTestReportResponse_deliverabilityTestStatus = Lens.lens (\CreateDeliverabilityTestReportResponse' {deliverabilityTestStatus} -> deliverabilityTestStatus) (\s@CreateDeliverabilityTestReportResponse' {} a -> s {deliverabilityTestStatus = a} :: CreateDeliverabilityTestReportResponse)
    |                                                                                                                                                                                                                                      ^^^^^^^^^^^^^^^^^^^^^^^^^^^^
[85 of 92] Compiling Amazonka.PinpointEmail.CreateDedicatedIpPool

gen/Amazonka/PinpointEmail/CreateDedicatedIpPool.hs:95:131: warning: [GHC-02256] [-Wambiguous-fields]
    The record update s {poolName = a} with type CreateDedicatedIpPool is ambiguous.
    This will not be supported by -XDuplicateRecordFields in future releases of GHC.
   |
95 | createDedicatedIpPool_poolName = Lens.lens (\CreateDedicatedIpPool' {poolName} -> poolName) (\s@CreateDedicatedIpPool' {} a -> s {poolName = a} :: CreateDedicatedIpPool)
   |                                                                                                                                   ^^^^^^^^^^^^
[86 of 92] Compiling Amazonka.PinpointEmail.CreateConfigurationSetEventDestination
[87 of 92] Compiling Amazonka.PinpointEmail.CreateConfigurationSet
[88 of 92] Compiling Amazonka.PinpointEmail.UntagResource
[89 of 92] Compiling Amazonka.PinpointEmail.UpdateConfigurationSetEventDestination
[90 of 92] Compiling Amazonka.PinpointEmail.Lens
[91 of 92] Compiling Amazonka.PinpointEmail.Waiters
[92 of 92] Compiling Amazonka.PinpointEmail
Configuring test suite 'amazonka-pinpoint-email-test' for amazonka-pinpoint-email-2.0...
Preprocessing test suite 'amazonka-pinpoint-email-test' for amazonka-pinpoint-email-2.0...
Building test suite 'amazonka-pinpoint-email-test' for amazonka-pinpoint-email-2.0...
[1 of 4] Compiling Test.Amazonka.PinpointEmail
[2 of 4] Compiling Test.Amazonka.PinpointEmail.Internal
[3 of 4] Compiling Test.Amazonka.Gen.PinpointEmail
[4 of 4] Compiling Main
[5 of 5] Linking /tmp/workdir-amazonka-pinpoint-email/amazonka-pinpoint-email-2.0/dist-newstyle/build/x86_64-linux/ghc-9.6.6/amazonka-pinpoint-email-2.0/t/amazonka-pinpoint-email-test/build/amazonka-pinpoint-email-test/amazonka-pinpoint-email-test
