Build profile: -w ghc-9.6.6 -O1
In order, the following will be built (use -v for more details):
 - symmetry-operations-symbols-0.0.2.1 (lib) (first run)
 - symmetry-operations-symbols-0.0.2.1 (test:symmetry-operations-symbols-test) (first run)
 - symmetry-operations-symbols-0.0.2.1 (test:symmetry-operations-symbols-doctest) (first run)
Configuring library for symmetry-operations-symbols-0.0.2.1...
Preprocessing library for symmetry-operations-symbols-0.0.2.1...
Building library for symmetry-operations-symbols-0.0.2.1...
[ 1 of 13] Compiling Data.Matrix.SymmetryOperationsSymbols.Solve
[ 2 of 13] Compiling Data.Matrix.SymmetryOperationsSymbols.Symbol
[ 3 of 13] Compiling Data.Matrix.SymmetryOperationsSymbols.Common
[ 4 of 13] Compiling Data.Matrix.SymmetryOperationsSymbols.Calc
[ 5 of 13] Compiling Data.Matrix.SymmetryOperationsSymbols.Parser
[ 6 of 13] Compiling Data.Matrix.SymmetryOperationsSymbols.SymopGeom
[ 7 of 13] Compiling Data.Matrix.SymmetryOperationsSymbols.RotationCase
[ 8 of 13] Compiling Data.Matrix.SymmetryOperationsSymbols.RotInversionCase
[ 9 of 13] Compiling Data.Matrix.SymmetryOperationsSymbols.PlainText
[10 of 13] Compiling Data.Matrix.SymmetryOperationsSymbols.GlideOrReflectionCase
[11 of 13] Compiling Data.Matrix.SymmetryOperationsSymbols.UnitMatrixCase
[12 of 13] Compiling Data.Matrix.SymmetryOperationsSymbols
[13 of 13] Compiling Paths_symmetry_operations_symbols
Configuring test suite 'symmetry-operations-symbols-test' for symmetry-operations-symbols-0.0.2.1...
Preprocessing test suite 'symmetry-operations-symbols-test' for symmetry-operations-symbols-0.0.2.1...
Building test suite 'symmetry-operations-symbols-test' for symmetry-operations-symbols-0.0.2.1...
[1 of 7] Compiling ParseSpec
[2 of 7] Compiling Paths_symmetry_operations_symbols
[3 of 7] Compiling SymbolSpec
[4 of 7] Compiling TestDataHex
[5 of 7] Compiling TestDataOthers
[6 of 7] Compiling SymmetryOperationsSymbolsSpec
[7 of 7] Compiling Main
[8 of 8] Linking /tmp/workdir-symmetry-operations-symbols/symmetry-operations-symbols-0.0.2.1/dist-newstyle/build/x86_64-linux/ghc-9.6.6/symmetry-operations-symbols-0.0.2.1/t/symmetry-operations-symbols-test/build/symmetry-operations-symbols-test/symmetry-operations-symbols-test
Configuring test suite 'symmetry-operations-symbols-doctest' for symmetry-operations-symbols-0.0.2.1...
Preprocessing test suite 'symmetry-operations-symbols-doctest' for symmetry-operations-symbols-0.0.2.1...
Building test suite 'symmetry-operations-symbols-doctest' for symmetry-operations-symbols-0.0.2.1...
[1 of 2] Compiling Main
[2 of 2] Compiling Paths_symmetry_operations_symbols
[3 of 3] Linking /tmp/workdir-symmetry-operations-symbols/symmetry-operations-symbols-0.0.2.1/dist-newstyle/build/x86_64-linux/ghc-9.6.6/symmetry-operations-symbols-0.0.2.1/t/symmetry-operations-symbols-doctest/build/symmetry-operations-symbols-doctest/symmetry-operations-symbols-doctest
