Build profile: -w ghc-9.6.6 -O1
In order, the following will be built (use -v for more details):
 - cardano-coin-selection-1.0.1 (lib) (first run)
 - cardano-coin-selection-1.0.1 (test:unit) (first run)
Configuring library for cardano-coin-selection-1.0.1...
Preprocessing library for cardano-coin-selection-1.0.1...
Building library for cardano-coin-selection-1.0.1...
[ 1 of 11] Compiling Cardano.CoinSelection.Algorithm
[ 2 of 11] Compiling Internal.Coin
[ 3 of 11] Compiling Cardano.CoinSelection
[ 4 of 11] Compiling Cardano.CoinSelection.Algorithm.RandomImprove
[ 5 of 11] Compiling Cardano.CoinSelection.Algorithm.LargestFirst
[ 6 of 11] Compiling Internal.Invariant
[ 7 of 11] Compiling Internal.Rounding
[ 8 of 11] Compiling Internal
[ 9 of 11] Compiling Cardano.CoinSelection.Fee
[10 of 11] Compiling Cardano.CoinSelection.Algorithm.Migration
[11 of 11] Compiling Paths_cardano_coin_selection
Configuring test suite 'unit' for cardano-coin-selection-1.0.1...
Preprocessing test suite 'unit' for cardano-coin-selection-1.0.1...
Building test suite 'unit' for cardano-coin-selection-1.0.1...
[ 1 of 12] Compiling Cardano.Test.Utilities
[ 2 of 12] Compiling Cardano.CoinSelection.TypesSpec
[ 3 of 12] Compiling Cardano.CoinSelection.FeeSpec

src/test/Cardano/CoinSelection/FeeSpec.hs:460:30: warning: [GHC-62161] [-Wincomplete-uni-patterns]
    Pattern match(es) are non-exhaustive
    In a pattern binding:
        Patterns of type ‘Either String (CoinSelection i o)’ not matched:
            Left _
    |
460 |     isRight coinSel' ==> let Right s = coinSel' in prop s
    |                              ^^^^^^^^^^^^^^^^^^

src/test/Cardano/CoinSelection/FeeSpec.hs:736:9: warning: [GHC-62161] [-Wincomplete-uni-patterns]
    Pattern match(es) are non-exhaustive
    In a pattern binding:
        Patterns of type ‘Either
                            (FeeAdjustmentError i o) (CoinSelection i o, Fee)’ not matched:
            Left _
    |
736 |     let Right (sel', remainder) = reduceChangeOutputs opts sel
    |         ^^^^^^^^^^^^^^^^^^^^^^^^^^^^^^^^^^^^^^^^^^^^^^^^^^^^^^
[ 4 of 12] Compiling Internal.CoinSpec
[ 5 of 12] Compiling Paths_cardano_coin_selection
[ 6 of 12] Compiling Test.Vector.Shuffle
[ 7 of 12] Compiling Cardano.CoinSelectionSpec
[ 8 of 12] Compiling Cardano.CoinSelection.Algorithm.MigrationSpec
[ 9 of 12] Compiling Cardano.CoinSelection.Algorithm.LargestFirstSpec

src/test/Cardano/CoinSelection/Algorithm/LargestFirstSpec.hs:290:13: warning: [GHC-62161] [-Wincomplete-uni-patterns]
    Pattern match(es) are non-exhaustive
    In a pattern binding:
        Patterns of type ‘Either
                            CoinSelectionError (CoinSelectionResult i o)’ not matched:
            Left _
    |
290 |         let Right (CoinSelectionResult s _) = selection in
    |             ^^^^^^^^^^^^^^^^^^^^^^^^^^^^^^^^^^^^^^^^^^^

src/test/Cardano/CoinSelection/Algorithm/LargestFirstSpec.hs:314:13: warning: [GHC-62161] [-Wincomplete-uni-patterns]
    Pattern match(es) are non-exhaustive
    In a pattern binding:
        Patterns of type ‘Either
                            CoinSelectionError (CoinSelectionResult i o)’ not matched:
            Left _
    |
314 |         let Right (CoinSelectionResult selection _) = result in
    |             ^^^^^^^^^^^^^^^^^^^^^^^^^^^^^^^^^^^^^^^^^^^^^^^^

src/test/Cardano/CoinSelection/Algorithm/LargestFirstSpec.hs:341:13: warning: [GHC-62161] [-Wincomplete-uni-patterns]
    Pattern match(es) are non-exhaustive
    In a pattern binding:
        Patterns of type ‘Either
                            CoinSelectionError (CoinSelectionResult i o)’ not matched:
            Left _
    |
341 |         let Right (CoinSelectionResult selection _) = result in
    |             ^^^^^^^^^^^^^^^^^^^^^^^^^^^^^^^^^^^^^^^^^^^^^^^^
[10 of 12] Compiling Cardano.CoinSelection.Algorithm.RandomImproveSpec

src/test/Cardano/CoinSelection/Algorithm/RandomImproveSpec.hs:237:13: warning: [GHC-62161] [-Wincomplete-uni-patterns]
    Pattern match(es) are non-exhaustive
    In a pattern binding:
        Patterns of type ‘Either
                            CoinSelectionError (CoinSelectionResult i o)’ not matched:
            Left _
    |
237 |         let Right (CoinSelectionResult s1 _) = selection1 in
    |             ^^^^^^^^^^^^^^^^^^^^^^^^^^^^^^^^^^^^^^^^^^^^^

src/test/Cardano/CoinSelection/Algorithm/RandomImproveSpec.hs:238:13: warning: [GHC-62161] [-Wincomplete-uni-patterns]
    Pattern match(es) are non-exhaustive
    In a pattern binding:
        Patterns of type ‘Either
                            CoinSelectionError (CoinSelectionResult i o)’ not matched:
            Left _
    |
238 |         let Right (CoinSelectionResult s2 _) = selection2 in
    |             ^^^^^^^^^^^^^^^^^^^^^^^^^^^^^^^^^^^^^^^^^^^^^
[11 of 12] Compiling Test.Vector.ShuffleSpec
[12 of 12] Compiling Main
[13 of 13] Linking /tmp/workdir-cardano-coin-selection/cardano-coin-selection-1.0.1/dist-newstyle/build/x86_64-linux/ghc-9.6.6/cardano-coin-selection-1.0.1/t/unit/build/unit/unit
