Build profile: -w ghc-9.6.6 -O1
In order, the following will be built (use -v for more details):
 - zenacy-html-2.1.0 (lib) (first run)
 - zenacy-html-2.1.0 (test:zenacy-html-test) (first run)
 - zenacy-html-2.1.0 (exe:zenacy-html-exe) (first run)
Configuring library for zenacy-html-2.1.0...
Preprocessing library for zenacy-html-2.1.0...
Building library for zenacy-html-2.1.0...
[ 1 of 19] Compiling Zenacy.HTML.Internal.Char
[ 2 of 19] Compiling Zenacy.HTML.Internal.BS
[ 3 of 19] Compiling Zenacy.HTML.Internal.Buffer
[ 4 of 19] Compiling Zenacy.HTML.Internal.Core
[ 5 of 19] Compiling Zenacy.HTML.Internal.Image
[ 6 of 19] Compiling Zenacy.HTML.Internal.Trie
[ 7 of 19] Compiling Zenacy.HTML.Internal.Entity
[ 8 of 19] Compiling Zenacy.HTML.Internal.Types
[ 9 of 19] Compiling Zenacy.HTML.Internal.Token
[10 of 19] Compiling Zenacy.HTML.Internal.Lexer

src/Zenacy/HTML/Internal/Lexer.hs:1652:8: warning: [GHC-53633] [-Woverlapping-patterns]
    Pattern match is redundant
    In a multi-way if alternative: | c == chrGreater -> ...
     |
1652 |      | c == chrGreater -> do
     |        ^^^^^^^^^^^^^^^
[11 of 19] Compiling Zenacy.HTML.Internal.DOM
[12 of 19] Compiling Zenacy.HTML.Internal.Parser
[13 of 19] Compiling Zenacy.HTML.Internal.HTML
[14 of 19] Compiling Zenacy.HTML.Internal.Oper
[15 of 19] Compiling Zenacy.HTML.Internal.Render
[16 of 19] Compiling Zenacy.HTML.Internal.Filter
[17 of 19] Compiling Zenacy.HTML.Internal.Zip
[18 of 19] Compiling Zenacy.HTML.Internal.Query
[19 of 19] Compiling Zenacy.HTML
Configuring test suite 'zenacy-html-test' for zenacy-html-2.1.0...
Preprocessing test suite 'zenacy-html-test' for zenacy-html-2.1.0...
Building test suite 'zenacy-html-test' for zenacy-html-2.1.0...
[ 1 of 15] Compiling Examples
[ 2 of 15] Compiling Issues
[ 3 of 15] Compiling Samples
[ 4 of 15] Compiling Zenacy.HTML.Internal.Buffer.Tests
[ 5 of 15] Compiling Zenacy.HTML.Internal.Entity.Tests
[ 6 of 15] Compiling Zenacy.HTML.Internal.HTML.Tests
[ 7 of 15] Compiling Zenacy.HTML.Internal.Image.Tests
[ 8 of 15] Compiling Zenacy.HTML.Internal.Lexer.Tests
[ 9 of 15] Compiling Zenacy.HTML.Internal.Oper.Tests
[10 of 15] Compiling Zenacy.HTML.Internal.Parser.Tests
[11 of 15] Compiling Zenacy.HTML.Internal.Query.Tests
[12 of 15] Compiling Zenacy.HTML.Internal.Token.Tests
[13 of 15] Compiling Zenacy.HTML.Internal.Trie.Tests
[14 of 15] Compiling Zenacy.HTML.Internal.Zip.Tests
[15 of 15] Compiling Main
[16 of 16] Linking /tmp/workdir-zenacy-html/zenacy-html-2.1.0/dist-newstyle/build/x86_64-linux/ghc-9.6.6/zenacy-html-2.1.0/t/zenacy-html-test/build/zenacy-html-test/zenacy-html-test
Configuring executable 'zenacy-html-exe' for zenacy-html-2.1.0...
Preprocessing executable 'zenacy-html-exe' for zenacy-html-2.1.0...
Building executable 'zenacy-html-exe' for zenacy-html-2.1.0...
[1 of 1] Compiling Main
[2 of 2] Linking /tmp/workdir-zenacy-html/zenacy-html-2.1.0/dist-newstyle/build/x86_64-linux/ghc-9.6.6/zenacy-html-2.1.0/x/zenacy-html-exe/build/zenacy-html-exe/zenacy-html-exe
