Build profile: -w ghc-9.6.6 -O1
In order, the following will be built (use -v for more details):
 - safecopy-0.10.4.2 (lib) (first run)
 - safecopy-0.10.4.2 (test:instances) (first run)
 - safecopy-0.10.4.2 (test:generic) (first run)
Configuring library for safecopy-0.10.4.2...
Preprocessing library for safecopy-0.10.4.2...
Building library for safecopy-0.10.4.2...
[1 of 5] Compiling Data.SafeCopy.SafeCopy
[2 of 5] Compiling Data.SafeCopy.Instances
[3 of 5] Compiling Data.SafeCopy.Derive
[4 of 5] Compiling Data.SafeCopy.Internal
[5 of 5] Compiling Data.SafeCopy
Configuring test suite 'instances' for safecopy-0.10.4.2...
Preprocessing test suite 'instances' for safecopy-0.10.4.2...
Building test suite 'instances' for safecopy-0.10.4.2...
[1 of 1] Compiling Main

test/instances.hs:13:1: warning: [-Wunused-imports]
    The import of ‘Control.Applicative’ is redundant
      except perhaps to import instances from ‘Control.Applicative’
    To import instances alone, use: import Control.Applicative()
   |
13 | import Control.Applicative
   | ^^^^^^^^^^^^^^^^^^^^^^^^^^

test/instances.hs:23:19: warning: [-Wunused-imports]
    The import of ‘UniversalTime’ from module ‘Data.Time’ is redundant
   |
23 | import Data.Time (UniversalTime(..), ZonedTime(..))
   |                   ^^^^^^^^^^^^^^^^^

test/instances.hs:30:1: warning: [-Wunused-imports]
    The qualified import of ‘Data.Vector’ is redundant
      except perhaps to import instances from ‘Data.Vector’
    To import instances alone, use: import Data.Vector()
   |
30 | import qualified Data.Vector as V
   | ^^^^^^^^^^^^^^^^^^^^^^^^^^^^^^^^^

test/instances.hs:31:1: warning: [-Wunused-imports]
    The qualified import of ‘Data.Vector.Primitive’ is redundant
      except perhaps to import instances from ‘Data.Vector.Primitive’
    To import instances alone, use: import Data.Vector.Primitive()
   |
31 | import qualified Data.Vector.Primitive as VP
   | ^^^^^^^^^^^^^^^^^^^^^^^^^^^^^^^^^^^^^^^^^^^^

test/instances.hs:32:1: warning: [-Wunused-imports]
    The qualified import of ‘Data.Vector.Storable’ is redundant
      except perhaps to import instances from ‘Data.Vector.Storable’
    To import instances alone, use: import Data.Vector.Storable()
   |
32 | import qualified Data.Vector.Storable as VS
   | ^^^^^^^^^^^^^^^^^^^^^^^^^^^^^^^^^^^^^^^^^^^

test/instances.hs:33:1: warning: [-Wunused-imports]
    The qualified import of ‘Data.Vector.Unboxed’ is redundant
      except perhaps to import instances from ‘Data.Vector.Unboxed’
    To import instances alone, use: import Data.Vector.Unboxed()
   |
33 | import qualified Data.Vector.Unboxed as VU
   | ^^^^^^^^^^^^^^^^^^^^^^^^^^^^^^^^^^^^^^^^^^

test/instances.hs:73:17: warning: [GHC-68441] [-Wdeprecations]
    In the use of ‘printTestCase’
    (imported from Test.Tasty.QuickCheck, but defined in Test.QuickCheck.Property):
    Deprecated: "Use counterexample instead"
   |
73 | Left  e === _ = printTestCase e False
   |                 ^^^^^^^^^^^^^

test/instances.hs:74:17: warning: [GHC-68441] [-Wdeprecations]
    In the use of ‘printTestCase’
    (imported from Test.Tasty.QuickCheck, but defined in Test.QuickCheck.Property):
    Deprecated: "Use counterexample instead"
   |
74 | Right a === b = printTestCase (show a) $ a == b
   |                 ^^^^^^^^^^^^^

test/instances.hs:87:1: warning: [GHC-39584] not tested: Vector Int
   |
87 | do let a = conT ''Int
   | ^^^^^^^^^^^^^^^^^^^^^...

test/instances.hs:87:1: warning: [GHC-39584]
    not tested: CerealFloat040
   |
87 | do let a = conT ''Int
   | ^^^^^^^^^^^^^^^^^^^^^...

test/instances.hs:87:1: warning: [GHC-39584]
    not tested: CerealDouble040
   |
87 | do let a = conT ''Int
   | ^^^^^^^^^^^^^^^^^^^^^...

test/instances.hs:113:4: warning: [GHC-63397] [-Wname-shadowing]
    This binding for ‘classes’ shadows the existing binding
      imported from ‘Test.Tasty.QuickCheck’ at test/instances.hs:29:1-50
      (and originally defined in ‘Test.QuickCheck.Test’)
    |
113 |    classes <-
    |    ^^^^^^^
[2 of 2] Linking /tmp/workdir-safecopy/safecopy-0.10.4.2/dist-newstyle/build/x86_64-linux/ghc-9.6.6/safecopy-0.10.4.2/t/instances/build/instances/instances
Configuring test suite 'generic' for safecopy-0.10.4.2...
Preprocessing test suite 'generic' for safecopy-0.10.4.2...
Building test suite 'generic' for safecopy-0.10.4.2...
[1 of 1] Compiling Main

test/generic.hs:216:1: warning: [-Wunused-top-binds]
    Defined but not used: ‘t2’
    |
216 | t2 = (T2 'b')
    | ^^

test/generic.hs:217:1: warning: [-Wunused-top-binds]
    Defined but not used: ‘t3’
    |
217 | t3 = (T3 'c')
    | ^^

test/generic.hs:218:1: warning: [-Wunused-top-binds]
    Defined but not used: ‘t4’
    |
218 | t4 = T4 100 200 300
    | ^^

test/generic.hs:231:1: warning: [-Wunused-top-binds]
    Defined but not used: ‘t2g’
    |
231 | t2g = (T2G 'b')
    | ^^^

test/generic.hs:232:1: warning: [-Wunused-top-binds]
    Defined but not used: ‘t3g’
    |
232 | t3g = (T3G 'c')
    | ^^^

test/generic.hs:233:1: warning: [-Wunused-top-binds]
    Defined but not used: ‘t4g’
    |
233 | t4g = T4G 100 200 300
    | ^^^
[2 of 2] Linking /tmp/workdir-safecopy/safecopy-0.10.4.2/dist-newstyle/build/x86_64-linux/ghc-9.6.6/safecopy-0.10.4.2/t/generic/build/generic/generic
