Build profile: -w ghc-9.6.6 -O1
In order, the following will be built (use -v for more details):
 - proto-lens-0.7.1.5 (lib) (first run)
 - proto-lens-0.7.1.5 (test:parser_test) (first run)
 - proto-lens-0.7.1.5 (test:growing_test) (first run)
Configuring library for proto-lens-0.7.1.5...
Preprocessing library for proto-lens-0.7.1.5...
Building library for proto-lens-0.7.1.5...
[ 1 of 18] Compiling Data.ProtoLens.Encoding.Growing
[ 2 of 18] Compiling Data.ProtoLens.Encoding.Parser.Internal
[ 3 of 18] Compiling Data.ProtoLens.Encoding.Parser
[ 4 of 18] Compiling Data.ProtoLens.Encoding.Bytes
[ 5 of 18] Compiling Data.ProtoLens.Encoding.Parser.Unsafe
[ 6 of 18] Compiling Data.ProtoLens.Encoding.Wire
[ 7 of 18] Compiling Data.ProtoLens.Field
[ 8 of 18] Compiling Data.ProtoLens.Labels
[ 9 of 18] Compiling Data.ProtoLens.Message
[10 of 18] Compiling Data.ProtoLens.Encoding
[11 of 18] Compiling Data.ProtoLens.Default
[12 of 18] Compiling Data.ProtoLens.Message.Enum
[13 of 18] Compiling Data.ProtoLens.Prism
[14 of 18] Compiling Data.ProtoLens.Service.Types
[15 of 18] Compiling Data.ProtoLens.TextFormat.Parser
[16 of 18] Compiling Data.ProtoLens.TextFormat
[17 of 18] Compiling Data.ProtoLens
[18 of 18] Compiling Data.ProtoLens.Combinators
Configuring test suite 'parser_test' for proto-lens-0.7.1.5...
Preprocessing test suite 'parser_test' for proto-lens-0.7.1.5...
Building test suite 'parser_test' for proto-lens-0.7.1.5...
[1 of 2] Compiling Main
[2 of 2] Compiling Paths_proto_lens
[3 of 3] Linking /tmp/workdir-proto-lens/proto-lens-0.7.1.5/dist-newstyle/build/x86_64-linux/ghc-9.6.6/proto-lens-0.7.1.5/t/parser_test/build/parser_test/parser_test
Configuring test suite 'growing_test' for proto-lens-0.7.1.5...
Preprocessing test suite 'growing_test' for proto-lens-0.7.1.5...
Building test suite 'growing_test' for proto-lens-0.7.1.5...
[1 of 2] Compiling Main
[2 of 2] Compiling Paths_proto_lens
[3 of 3] Linking /tmp/workdir-proto-lens/proto-lens-0.7.1.5/dist-newstyle/build/x86_64-linux/ghc-9.6.6/proto-lens-0.7.1.5/t/growing_test/build/growing_test/growing_test
