Build profile: -w ghc-9.6.6 -O1
In order, the following will be built (use -v for more details):
 - logging-facade-0.3.1 (lib) (first run)
 - logging-facade-0.3.1 (test:spec) (first run)
Configuring library for logging-facade-0.3.1...
Preprocessing library for logging-facade-0.3.1...
Building library for logging-facade-0.3.1...
[1 of 5] Compiling Paths_logging_facade
[2 of 5] Compiling System.Logging.Facade.Types
[3 of 5] Compiling System.Logging.Facade.Sink
[4 of 5] Compiling System.Logging.Facade.Class
[5 of 5] Compiling System.Logging.Facade
Configuring test suite 'spec' for logging-facade-0.3.1...
Preprocessing test suite 'spec' for logging-facade-0.3.1...
Building test suite 'spec' for logging-facade-0.3.1...
[1 of 5] Compiling Helper
[2 of 5] Compiling Paths_logging_facade
[3 of 5] Compiling System.Logging.Facade.SinkSpec
[4 of 5] Compiling System.Logging.FacadeSpec
[5 of 5] Compiling Main
[6 of 6] Linking /tmp/workdir-logging-facade/logging-facade-0.3.1/dist-newstyle/build/x86_64-linux/ghc-9.6.6/logging-facade-0.3.1/t/spec/build/spec/spec
