Build profile: -w ghc-9.6.6 -O1
In order, the following will be built (use -v for more details):
 - hpack-0.36.1 (lib) (first run)
 - hpack-0.36.1 (test:spec) (first run)
 - hpack-0.36.1 (exe:hpack) (first run)
Configuring library for hpack-0.36.1...
Preprocessing library for hpack-0.36.1...
Building library for hpack-0.36.1...
[ 1 of 30] Compiling Data.Aeson.Config.Key
[ 2 of 30] Compiling Data.Aeson.Config.KeyMap
[ 3 of 30] Compiling Data.Aeson.Config.Util
[ 4 of 30] Compiling Hpack.Error
[ 5 of 30] Compiling Hpack.Haskell
[ 6 of 30] Compiling Hpack.Utf8
[ 7 of 30] Compiling Imports
[ 8 of 30] Compiling Hpack.Util
[ 9 of 30] Compiling Hpack.Syntax.Git
[10 of 30] Compiling Hpack.Render.Dsl
[11 of 30] Compiling Hpack.Render.Hints
[12 of 30] Compiling Hpack.Options
[13 of 30] Compiling Hpack.License
[14 of 30] Compiling Hpack.CabalFile
[15 of 30] Compiling Data.Aeson.Config.Parser
[16 of 30] Compiling Data.Aeson.Config.FromValue
[17 of 30] Compiling Hpack.Yaml
[18 of 30] Compiling Hpack.Syntax.ParseDependencies
[19 of 30] Compiling Hpack.Syntax.DependencyVersion
[20 of 30] Compiling Hpack.Syntax.Defaults
[21 of 30] Compiling Hpack.Defaults
[22 of 30] Compiling Data.Aeson.Config.Types
[23 of 30] Compiling Hpack.Syntax.Dependencies
[24 of 30] Compiling Hpack.Syntax.BuildTools
[25 of 30] Compiling Path
[26 of 30] Compiling Hpack.Module
[27 of 30] Compiling Paths_hpack
[28 of 30] Compiling Hpack.Config
[29 of 30] Compiling Hpack.Render
[30 of 30] Compiling Hpack
Configuring test suite 'spec' for hpack-0.36.1...
Preprocessing test suite 'spec' for hpack-0.36.1...
Building test suite 'spec' for hpack-0.36.1...
[ 1 of 53] Compiling Data.Aeson.Config.Key
[ 2 of 53] Compiling Data.Aeson.Config.KeyMap
[ 3 of 53] Compiling Data.Aeson.Config.Util
[ 4 of 53] Compiling Data.Aeson.Config.UtilSpec
[ 5 of 53] Compiling Hpack.Error
[ 6 of 53] Compiling Hpack.Haskell
[ 7 of 53] Compiling Hpack.HaskellSpec
[ 8 of 53] Compiling Hpack.Utf8
[ 9 of 53] Compiling Imports
[10 of 53] Compiling Hpack.Util
[11 of 53] Compiling Hpack.Syntax.Git
[12 of 53] Compiling Hpack.Render.Dsl
[13 of 53] Compiling Hpack.Render.Hints
[14 of 53] Compiling Hpack.Render.HintsSpec
[15 of 53] Compiling Hpack.Render.DslSpec
[16 of 53] Compiling Hpack.Options
[17 of 53] Compiling Hpack.License
[18 of 53] Compiling Hpack.CabalFile
[19 of 53] Compiling Data.Aeson.Config.Parser
[20 of 53] Compiling Data.Aeson.Config.FromValue
[21 of 53] Compiling Hpack.Yaml
[22 of 53] Compiling Hpack.Syntax.ParseDependencies
[23 of 53] Compiling Hpack.Syntax.DependencyVersion
[24 of 53] Compiling Hpack.Syntax.Defaults
[25 of 53] Compiling Hpack.Defaults
[26 of 53] Compiling Data.Aeson.Config.Types
[27 of 53] Compiling Hpack.Syntax.Dependencies
[28 of 53] Compiling Hpack.Syntax.BuildTools
[29 of 53] Compiling Path
[30 of 53] Compiling Hpack.Module
[31 of 53] Compiling Paths_hpack
[32 of 53] Compiling Hpack.Config
[33 of 53] Compiling Hpack.Render
[34 of 53] Compiling Helper
[35 of 53] Compiling Hpack.UtilSpec
[36 of 53] Compiling Hpack.Utf8Spec
[37 of 53] Compiling Hpack.Syntax.GitSpec
[38 of 53] Compiling Hpack.OptionsSpec
[39 of 53] Compiling Hpack.ModuleSpec
[40 of 53] Compiling Hpack.LicenseSpec
[41 of 53] Compiling Hpack.DefaultsSpec
[42 of 53] Compiling Data.Aeson.Config.FromValueSpec
[43 of 53] Compiling Hpack.Syntax.DependenciesSpec
[44 of 53] Compiling Hpack.Syntax.DefaultsSpec
[45 of 53] Compiling Hpack.Syntax.BuildToolsSpec
[46 of 53] Compiling Hpack.ConfigSpec
[47 of 53] Compiling Hpack.RenderSpec
[48 of 53] Compiling Data.Aeson.Config.TypesSpec
[49 of 53] Compiling Hpack
[50 of 53] Compiling HpackSpec
[51 of 53] Compiling Hpack.CabalFileSpec
[52 of 53] Compiling EndToEndSpec
[53 of 53] Compiling Main
[54 of 54] Linking /tmp/workdir-hpack/hpack-0.36.1/dist-newstyle/build/x86_64-linux/ghc-9.6.6/hpack-0.36.1/t/spec/build/spec/spec
Configuring executable 'hpack' for hpack-0.36.1...
Preprocessing executable 'hpack' for hpack-0.36.1...
Building executable 'hpack' for hpack-0.36.1...
[1 of 1] Compiling Main
[2 of 2] Linking /tmp/workdir-hpack/hpack-0.36.1/dist-newstyle/build/x86_64-linux/ghc-9.6.6/hpack-0.36.1/x/hpack/build/hpack/hpack
