Build profile: -w ghc-9.6.6 -O1
In order, the following will be built (use -v for more details):
 - serversession-backend-redis-1.0.5 (lib) (first run)
 - serversession-backend-redis-1.0.5 (test:tests) (first run)
Configuring library for serversession-backend-redis-1.0.5...
Preprocessing library for serversession-backend-redis-1.0.5...
Building library for serversession-backend-redis-1.0.5...
[1 of 2] Compiling Web.ServerSession.Backend.Redis.Internal

src/Web/ServerSession/Backend/Redis/Internal.hs:173:37: warning: [GHC-62161] [-Wincomplete-uni-patterns]
    Pattern match(es) are non-exhaustive
    In a pattern binding:
        Patterns of type ‘(ByteString, ByteString)’ not matched:
            (p, _) where p is not one of {"data:"}
    |
173 |         where removePrefix bs = let ("data:", key) = B8.splitAt 5 bs in key
    |                                     ^^^^^^^^^^^^^^^^^^^^^^^^^^^^^^^^
[2 of 2] Compiling Web.ServerSession.Backend.Redis
Configuring test suite 'tests' for serversession-backend-redis-1.0.5...
Preprocessing test suite 'tests' for serversession-backend-redis-1.0.5...
Building test suite 'tests' for serversession-backend-redis-1.0.5...
[1 of 1] Compiling Main
[2 of 2] Linking /tmp/workdir-serversession-backend-redis/serversession-backend-redis-1.0.5/dist-newstyle/build/x86_64-linux/ghc-9.6.6/serversession-backend-redis-1.0.5/t/tests/build/tests/tests
