Build profile: -w ghc-9.6.6 -O1
In order, the following will be built (use -v for more details):
 - formatting-7.2.0 (lib) (first run)
 - formatting-7.2.0 (test:formatting-test) (first run)
Configuring library for formatting-7.2.0...
Preprocessing library for formatting-7.2.0...
Building library for formatting-7.2.0...
[ 1 of 14] Compiling Data.Text.Format.Functions
[ 2 of 14] Compiling Data.Text.Format.Types

src/Data/Text/Format/Types.hs:21:1: warning: [GHC-38417] [-Wmissing-kind-signatures]
    Top-level type constructor with no standalone kind signature or CUSK:
      type Hex :: * -> *
   |
21 | newtype Hex a = Hex a
   | ^^^^^^^^^^^^^^^^^^^^^...

src/Data/Text/Format/Types.hs:25:1: warning: [GHC-38417] [-Wmissing-kind-signatures]
    Top-level type constructor with no standalone kind signature or CUSK:
      type Shown :: * -> *
   |
25 | newtype Shown a = Shown {
   | ^^^^^^^^^^^^^^^^^^^^^^^^^...
[ 3 of 14] Compiling Formatting.Buildable

src/Formatting/Buildable.hs:37:1: warning: [GHC-38417] [-Wmissing-kind-signatures]
    Top-level type constructor with no standalone kind signature or CUSK:
      type Buildable :: * -> Constraint
   |
37 | class Buildable p where
   | ^^^^^^^^^^^^^^^^^^^^^^^...
[ 4 of 14] Compiling Data.Text.Format
[ 5 of 14] Compiling Formatting.Internal

src/Formatting/Internal.hs:66:1: warning: [GHC-38417] [-Wmissing-kind-signatures]
    Top-level type constructor with no standalone kind signature or CUSK:
      type Format :: * -> * -> *
   |
66 | newtype Format r a =
   | ^^^^^^^^^^^^^^^^^^^^...

src/Formatting/Internal.hs:104:13: warning: [GHC-58520] [-Wtype-equality-requires-operators]
    The use of ‘~’ without TypeOperators
    will become an error in a future GHC release.
    Suggested fix: Perhaps you intended to use TypeOperators
    |
104 | instance (a ~ r) => IsString (Format r a) where
    |             ^
[ 6 of 14] Compiling Formatting.FromBuilder

src/Formatting/FromBuilder.hs:27:1: warning: [GHC-38417] [-Wmissing-kind-signatures]
    Top-level type constructor with no standalone kind signature or CUSK:
      type FromBuilder :: * -> Constraint
   |
27 | class FromBuilder a where
   | ^^^^^^^^^^^^^^^^^^^^^^^^^...
[ 7 of 14] Compiling Formatting.Formatters
[ 8 of 14] Compiling Formatting.Combinators
[ 9 of 14] Compiling Formatting
[10 of 14] Compiling Formatting.Examples
[11 of 14] Compiling Formatting.Clock
[12 of 14] Compiling Formatting.Internal.Raw
[13 of 14] Compiling Formatting.ShortFormatters
[14 of 14] Compiling Formatting.Time
Configuring test suite 'formatting-test' for formatting-7.2.0...
Preprocessing test suite 'formatting-test' for formatting-7.2.0...
Building test suite 'formatting-test' for formatting-7.2.0...
[1 of 1] Compiling Main
[2 of 2] Linking /tmp/workdir-formatting/formatting-7.2.0/dist-newstyle/build/x86_64-linux/ghc-9.6.6/formatting-7.2.0/t/formatting-test/build/formatting-test/formatting-test
