Build profile: -w ghc-9.6.6 -O1
In order, the following will be built (use -v for more details):
 - type-spec-0.4.0.0 (lib) (first run)
 - type-spec-0.4.0.0 (test:examples) (first run)
Configuring library for type-spec-0.4.0.0...
Preprocessing library for type-spec-0.4.0.0...
Building library for type-spec-0.4.0.0...

on the commandline: warning: [-Wdeprecated-flags]
    -XTypeInType is deprecated: use -XDataKinds and -XPolyKinds instead
[ 1 of 10] Compiling Test.TypeSpec.Internal.Apply
[ 2 of 10] Compiling Test.TypeSpec.Internal.Either
[ 3 of 10] Compiling Test.TypeSpec.Internal.Equality
[ 4 of 10] Compiling Test.TypeSpec.Internal.Result
[ 5 of 10] Compiling Test.TypeSpec.Core
[ 6 of 10] Compiling Test.TypeSpec.Group
[ 7 of 10] Compiling Test.TypeSpec.Label
[ 8 of 10] Compiling Test.TypeSpec.ShouldBe
[ 9 of 10] Compiling Test.TypeSpec
[10 of 10] Compiling Test.TypeSpecCrazy
Configuring test suite 'examples' for type-spec-0.4.0.0...
Preprocessing test suite 'examples' for type-spec-0.4.0.0...
Building test suite 'examples' for type-spec-0.4.0.0...

on the commandline: warning: [-Wdeprecated-flags]
    -XTypeInType is deprecated: use -XDataKinds and -XPolyKinds instead
[1 of 1] Compiling Main

on the commandline: warning: [-Wdeprecated-flags]
    -XTypeInType is deprecated: use -XDataKinds and -XPolyKinds instead
[2 of 2] Linking /tmp/workdir-type-spec/type-spec-0.4.0.0/dist-newstyle/build/x86_64-linux/ghc-9.6.6/type-spec-0.4.0.0/t/examples/build/examples/examples
