Build profile: -w ghc-9.6.6 -O1
In order, the following will be built (use -v for more details):
 - resourcet-1.3.0 (lib) (first run)
 - resourcet-1.3.0 (test:test) (first run)
Configuring library for resourcet-1.3.0...
Preprocessing library for resourcet-1.3.0...
Building library for resourcet-1.3.0...
[1 of 5] Compiling Data.Acquire.Internal

Data/Acquire/Internal.hs:17:1: warning: [-Wunused-imports]
    The import of ‘Control.Applicative’ is redundant
      except perhaps to import instances from ‘Control.Applicative’
    To import instances alone, use: import Control.Applicative()
   |
17 | import Control.Applicative (Applicative (..))
   | ^^^^^^^^^^^^^^^^^^^^^^^^^^^^^^^^^^^^^^^^^^^^^
[2 of 5] Compiling Control.Monad.Trans.Resource.Internal

Control/Monad/Trans/Resource/Internal.hs:28:29: warning: [-Wunused-imports]
    The import of ‘Applicative’
    from module ‘Control.Applicative’ is redundant
   |
28 | import Control.Applicative (Applicative (..), Alternative(..))
   |                             ^^^^^^^^^^^^^^^^

Control/Monad/Trans/Resource/Internal.hs:57:1: warning: [-Wunused-imports]
    The import of ‘Control.Monad.IO.Class’ is redundant
      except perhaps to import instances from ‘Control.Monad.IO.Class’
    To import instances alone, use: import Control.Monad.IO.Class()
   |
57 | import Control.Monad.IO.Class (MonadIO (..))
   | ^^^^^^^^^^^^^^^^^^^^^^^^^^^^^^^^^^^^^^^^^^^^

Control/Monad/Trans/Resource/Internal.hs:67:1: warning: [-Wunused-imports]
    The import of ‘Data.Word’ is redundant
      except perhaps to import instances from ‘Data.Word’
    To import instances alone, use: import Data.Word()
   |
67 | import Data.Word(Word)
   | ^^^^^^^^^^^^^^^^^^^^^^
[3 of 5] Compiling Data.Acquire
[4 of 5] Compiling Control.Monad.Trans.Resource
[5 of 5] Compiling UnliftIO.Resource
Configuring test suite 'test' for resourcet-1.3.0...
Preprocessing test suite 'test' for resourcet-1.3.0...
Building test suite 'test' for resourcet-1.3.0...
[1 of 1] Compiling Main
[2 of 2] Linking /tmp/workdir-resourcet/resourcet-1.3.0/dist-newstyle/build/x86_64-linux/ghc-9.6.6/resourcet-1.3.0/t/test/build/test/test
