Build profile: -w ghc-9.6.6 -O1
In order, the following will be built (use -v for more details):
 - hlint-3.6.1 (lib) (first run)
 - hlint-3.6.1 (exe:hlint) (first run)
Configuring library for hlint-3.6.1...
Preprocessing library for hlint-3.6.1...
Building library for hlint-3.6.1...
[ 1 of 61] Compiling EmbedData
[ 2 of 61] Compiling Extension
[ 3 of 61] Compiling Fixity
[ 4 of 61] Compiling GHC.Util.ApiAnnotation
[ 5 of 61] Compiling GHC.Util.Brackets
[ 6 of 61] Compiling GHC.Util.DynFlags
[ 7 of 61] Compiling GHC.Util.FreeVars
[ 8 of 61] Compiling GHC.Util.HsDecl
[ 9 of 61] Compiling GHC.Util.Scope
[10 of 61] Compiling GHC.Util.SrcLoc
[11 of 61] Compiling GHC.Util.View
[12 of 61] Compiling HsColour
[13 of 61] Compiling Parallel
[14 of 61] Compiling Paths_hlint
[15 of 61] Compiling Refact
[16 of 61] Compiling GHC.Util.HsExpr
[17 of 61] Compiling Timing
[18 of 61] Compiling Util
[19 of 61] Compiling GHC.Util.Unify
[20 of 61] Compiling GHC.Util
[21 of 61] Compiling Config.Type
[22 of 61] Compiling Idea
[23 of 61] Compiling Test.Util
[24 of 61] Compiling Test.InputOutput
[25 of 61] Compiling SARIF
[26 of 61] Compiling Report
[27 of 61] Compiling CC
[28 of 61] Compiling GHC.All
[29 of 61] Compiling Hint.Type
[30 of 61] Compiling Hint.Unsafe
[31 of 61] Compiling Hint.Smell
[32 of 61] Compiling Hint.Restrict
[33 of 61] Compiling Hint.Pragma
[34 of 61] Compiling Hint.Pattern
[35 of 61] Compiling Hint.NumLiteral
[36 of 61] Compiling Hint.NewType
[37 of 61] Compiling Hint.Naming
[38 of 61] Compiling Hint.Monad
[39 of 61] Compiling Hint.Match
[40 of 61] Compiling Hint.ListRec
[41 of 61] Compiling Hint.List
[42 of 61] Compiling Hint.Lambda
[43 of 61] Compiling Hint.Import
[44 of 61] Compiling Hint.Fixities
[45 of 61] Compiling Hint.Extensions
[46 of 61] Compiling Hint.Export
[47 of 61] Compiling Hint.Duplicate
[48 of 61] Compiling Hint.Comment
[49 of 61] Compiling Hint.Bracket
[50 of 61] Compiling Hint.All
[51 of 61] Compiling Config.Yaml
[52 of 61] Compiling Config.Read
[53 of 61] Compiling Config.Compute
[54 of 61] Compiling Config.Haskell
[55 of 61] Compiling CmdLine
[56 of 61] Compiling Apply
[57 of 61] Compiling Test.Annotations
[58 of 61] Compiling Test.All
[59 of 61] Compiling Summary
[60 of 61] Compiling HLint
[61 of 61] Compiling Language.Haskell.HLint
Configuring executable 'hlint' for hlint-3.6.1...
Preprocessing executable 'hlint' for hlint-3.6.1...
Building executable 'hlint' for hlint-3.6.1...
[1 of 1] Compiling Main
[2 of 2] Linking /tmp/workdir-hlint/hlint-3.6.1/dist-newstyle/build/x86_64-linux/ghc-9.6.6/hlint-3.6.1/x/hlint/build/hlint/hlint
