Build profile: -w ghc-9.6.6 -O1
In order, the following will be built (use -v for more details):
 - reactive-balsa-0.4.0.1 (lib:reactive-balsa) (first run)
Warning: reactive-balsa.cabal:76:21: version operators used. To use version
operators the package needs to specify at least 'cabal-version: >= 1.8'.
Warning: reactive-balsa.cabal:72:20: version operators used. To use version
operators the package needs to specify at least 'cabal-version: >= 1.8'.
Warning: reactive-balsa.cabal:73:19: version operators used. To use version
operators the package needs to specify at least 'cabal-version: >= 1.8'.
Warning: reactive-balsa.cabal:55:29: version operators used. To use version
operators the package needs to specify at least 'cabal-version: >= 1.8'.
Warning: reactive-balsa.cabal:56:35: version operators used. To use version
operators the package needs to specify at least 'cabal-version: >= 1.8'.
Warning: reactive-balsa.cabal:57:23: version operators used. To use version
operators the package needs to specify at least 'cabal-version: >= 1.8'.
Warning: reactive-balsa.cabal:58:18: version operators used. To use version
operators the package needs to specify at least 'cabal-version: >= 1.8'.
Warning: reactive-balsa.cabal:59:22: version operators used. To use version
operators the package needs to specify at least 'cabal-version: >= 1.8'.
Warning: reactive-balsa.cabal:60:23: version operators used. To use version
operators the package needs to specify at least 'cabal-version: >= 1.8'.
Warning: reactive-balsa.cabal:61:24: version operators used. To use version
operators the package needs to specify at least 'cabal-version: >= 1.8'.
Warning: reactive-balsa.cabal:62:26: version operators used. To use version
operators the package needs to specify at least 'cabal-version: >= 1.8'.
Warning: reactive-balsa.cabal:63:42: version operators used. To use version
operators the package needs to specify at least 'cabal-version: >= 1.8'.
Warning: reactive-balsa.cabal:64:29: version operators used. To use version
operators the package needs to specify at least 'cabal-version: >= 1.8'.
Warning: reactive-balsa.cabal:65:25: version operators used. To use version
operators the package needs to specify at least 'cabal-version: >= 1.8'.
Warning: reactive-balsa.cabal:66:26: version operators used. To use version
operators the package needs to specify at least 'cabal-version: >= 1.8'.
Warning: reactive-balsa.cabal:67:24: version operators used. To use version
operators the package needs to specify at least 'cabal-version: >= 1.8'.
Warning: reactive-balsa.cabal:68:26: version operators used. To use version
operators the package needs to specify at least 'cabal-version: >= 1.8'.
Warning: reactive-balsa.cabal:69:35: version operators used. To use version
operators the package needs to specify at least 'cabal-version: >= 1.8'.
Configuring reactive-balsa-0.4.0.1...
Preprocessing library for reactive-balsa-0.4.0.1...
Building library for reactive-balsa-0.4.0.1...
[1 of 5] Compiling Reactive.Banana.ALSA.Private

src/Reactive/Banana/ALSA/Private.hs:21:1: warning: [-Wunused-imports]
    The import of ‘Control.Applicative’ is redundant
      except perhaps to import instances from ‘Control.Applicative’
    To import instances alone, use: import Control.Applicative()
   |
21 | import Control.Applicative (Applicative, )
   | ^^^^^^^^^^^^^^^^^^^^^^^^^^^^^^^^^^^^^^^^^^
[2 of 5] Compiling Reactive.Banana.ALSA.Time
[3 of 5] Compiling Reactive.Banana.ALSA.Common

src/Reactive/Banana/ALSA/Common.hs:43:1: warning: [-Wunused-imports]
    The import of ‘Data.Foldable’ is redundant
      except perhaps to import instances from ‘Data.Foldable’
    To import instances alone, use: import Data.Foldable()
   |
43 | import Data.Foldable (Foldable, foldMap, )
   | ^^^^^^^^^^^^^^^^^^^^^^^^^^^^^^^^^^^^^^^^^^
[4 of 5] Compiling Reactive.Banana.ALSA.Sequencer

src/Reactive/Banana/ALSA/Sequencer.hs:31:1: warning: [-Wunused-imports]
    The import of ‘Control.Applicative’ is redundant
      except perhaps to import instances from ‘Control.Applicative’
    To import instances alone, use: import Control.Applicative()
   |
31 | import Control.Applicative ((<$>), )
   | ^^^^^^^^^^^^^^^^^^^^^^^^^^^^^^^^^^^^

src/Reactive/Banana/ALSA/Sequencer.hs:33:1: warning: [-Wunused-imports]
    The import of ‘Data.Monoid’ is redundant
      except perhaps to import instances from ‘Data.Monoid’
    To import instances alone, use: import Data.Monoid()
   |
33 | import Data.Monoid (mempty, )
   | ^^^^^^^^^^^^^^^^^^^^^^^^^^^^^

src/Reactive/Banana/ALSA/Sequencer.hs:130:1: warning: [GHC-90177] [-Worphans]
    Orphan instance: instance Process.Reactor Reactor
    Suggested fix:
      Move the instance declaration to the module of the class or of the type, or
      wrap the type with a newtype and declare the instance on the new type.
    |
130 | instance Process.Reactor Reactor where
    | ^^^^^^^^^^^^^^^^^^^^^^^^^^^^^^^^^^^^^^...
[5 of 5] Compiling Reactive.Banana.ALSA.Example

src/Reactive/Banana/ALSA/Example.hs:35:1: warning: [-Wunused-imports]
    The import of ‘Control.Applicative’ is redundant
      except perhaps to import instances from ‘Control.Applicative’
    To import instances alone, use: import Control.Applicative()
   |
35 | import Control.Applicative (pure, (<*>), (<$>), )
   | ^^^^^^^^^^^^^^^^^^^^^^^^^^^^^^^^^^^^^^^^^^^^^^^^^
