Build profile: -w ghc-9.6.6 -O1
In order, the following will be built (use -v for more details):
 - massiv-serialise-1.0.0.2 (lib) (first run)
 - massiv-serialise-1.0.0.2 (test:doctests) (first run)
 - massiv-serialise-1.0.0.2 (test:tests) (first run)
Configuring library for massiv-serialise-1.0.0.2...
Preprocessing library for massiv-serialise-1.0.0.2...
Building library for massiv-serialise-1.0.0.2...
[1 of 1] Compiling Massiv.Serialise

src/Massiv/Serialise.hs:141:8: warning: [GHC-68441] [-Wdeprecations]
    In the use of type constructor or class ‘Mutable’
    (imported from Data.Massiv.Array, but defined in Data.Massiv.Core.Common):
    Deprecated: "In favor of `Manifest`"
    |
141 |      , Mutable (ARepr v) e
    |        ^^^^^^^

src/Massiv/Serialise.hs:143:24: warning: [GHC-58520] [-Wtype-equality-requires-operators]
    The use of ‘~’ without TypeOperators
    will become an error in a future GHC release.
    Suggested fix: Perhaps you intended to use TypeOperators
    |
143 |      , VRepr (ARepr v) ~ v
    |                        ^

src/Massiv/Serialise.hs:160:8: warning: [GHC-68441] [-Wdeprecations]
    In the use of type constructor or class ‘Mutable’
    (imported from Data.Massiv.Array, but defined in Data.Massiv.Core.Common):
    Deprecated: "In favor of `Manifest`"
    |
160 |      , Mutable r e
    |        ^^^^^^^
Configuring test suite 'doctests' for massiv-serialise-1.0.0.2...
Preprocessing test suite 'doctests' for massiv-serialise-1.0.0.2...
Building test suite 'doctests' for massiv-serialise-1.0.0.2...
[1 of 1] Compiling Main
[2 of 2] Linking /tmp/workdir-massiv-serialise/massiv-serialise-1.0.0.2/dist-newstyle/build/x86_64-linux/ghc-9.6.6/massiv-serialise-1.0.0.2/t/doctests/build/doctests/doctests
Configuring test suite 'tests' for massiv-serialise-1.0.0.2...
Preprocessing test suite 'tests' for massiv-serialise-1.0.0.2...
Building test suite 'tests' for massiv-serialise-1.0.0.2...
[1 of 7] Compiling Common
[2 of 7] Compiling Test.Massiv.Serialise.BoxedSpec
[3 of 7] Compiling Test.Massiv.Serialise.CoreSpec
[4 of 7] Compiling Test.Massiv.Serialise.PrimitiveSpec
[5 of 7] Compiling Test.Massiv.Serialise.StorableSpec
[6 of 7] Compiling Test.Massiv.Serialise.UnboxedSpec
[7 of 7] Compiling Main
[8 of 8] Linking /tmp/workdir-massiv-serialise/massiv-serialise-1.0.0.2/dist-newstyle/build/x86_64-linux/ghc-9.6.6/massiv-serialise-1.0.0.2/t/tests/build/tests/tests
