Build profile: -w ghc-9.6.6 -O1
In order, the following will be built (use -v for more details):
 - varying-0.8.1.0 (lib) (first run)
 - varying-0.8.1.0 (exe:varying-example) (first run)
 - varying-0.8.1.0 (test:other) (first run)
 - varying-0.8.1.0 (test:doctests) (first run)
Configuring library for varying-0.8.1.0...
Preprocessing library for varying-0.8.1.0...
Building library for varying-0.8.1.0...
[1 of 6] Compiling Control.Varying.Core

src/Control/Varying/Core.hs:221:3: warning: [-Wnoncanonical-monoid-instances]
    Noncanonical ‘mappend’ definition detected
    in the instance declaration for ‘Monoid (VarT m a b)’.
    ‘mappend’ will eventually be removed in favour of ‘(<>)’
    Either remove definition for ‘mappend’ (recommended) or define as ‘mappend = (<>)’
    See also: https://gitlab.haskell.org/ghc/ghc/-/wikis/proposal/semigroup-monoid
    |
221 |   mappend = liftA2 mappend
    |   ^^^^^^^^^^^^^^^^^^^^^^^^
[2 of 6] Compiling Control.Varying.Event
[3 of 6] Compiling Control.Varying.Spline

src/Control/Varying/Spline.hs:93:3: warning: [-Wnoncanonical-monad-instances]
    Noncanonical ‘return’ definition detected
    in the instance declaration for ‘Monad (SplineT a b m)’.
    ‘return’ will eventually be removed in favour of ‘pure’
    Either remove definition for ‘return’ (recommended) or define as ‘return = pure’
    See also: https://gitlab.haskell.org/ghc/ghc/-/wikis/proposal/monad-of-no-return
   |
93 |   return = SplineT . const . return . Left
   |   ^^^^^^^^^^^^^^^^^^^^^^^^^^^^^^^^^^^^^^^^

src/Control/Varying/Spline.hs:114:3: warning: [-Wnoncanonical-monad-instances]
    Noncanonical ‘pure = return’ definition detected
    in the instance declaration for ‘Applicative (SplineT a b m)’.
    Move definition from ‘return’ to ‘pure’
    See also: https://gitlab.haskell.org/ghc/ghc/-/wikis/proposal/monad-of-no-return
    |
114 |   pure = return
    |   ^^^^^^^^^^^^^
[4 of 6] Compiling Control.Varying.Tween
[5 of 6] Compiling Control.Varying
[6 of 6] Compiling Paths_varying
Configuring executable 'varying-example' for varying-0.8.1.0...
Preprocessing executable 'varying-example' for varying-0.8.1.0...
Building executable 'varying-example' for varying-0.8.1.0...
[1 of 2] Compiling Main
[2 of 2] Compiling Paths_varying
[3 of 3] Linking /tmp/workdir-varying/varying-0.8.1.0/dist-newstyle/build/x86_64-linux/ghc-9.6.6/varying-0.8.1.0/x/varying-example/build/varying-example/varying-example
Configuring test suite 'other' for varying-0.8.1.0...
Preprocessing test suite 'other' for varying-0.8.1.0...
Building test suite 'other' for varying-0.8.1.0...
[1 of 1] Compiling Main
[2 of 2] Linking /tmp/workdir-varying/varying-0.8.1.0/dist-newstyle/build/x86_64-linux/ghc-9.6.6/varying-0.8.1.0/t/other/build/other/other
Configuring test suite 'doctests' for varying-0.8.1.0...
Preprocessing test suite 'doctests' for varying-0.8.1.0...
Building test suite 'doctests' for varying-0.8.1.0...
[1 of 1] Compiling Main
[2 of 2] Linking /tmp/workdir-varying/varying-0.8.1.0/dist-newstyle/build/x86_64-linux/ghc-9.6.6/varying-0.8.1.0/t/doctests/build/doctests/doctests
