Build profile: -w ghc-9.6.6 -O1
In order, the following will be built (use -v for more details):
 - perf-0.12.0.1 (lib) (first run)
 - perf-0.12.0.1 (exe:perf-explore) (first run)
Configuring library for perf-0.12.0.1...
Warning: [no-default-language] Packages using 'cabal-version: >= 1.10' and
before 'cabal-version: 3.4' must specify the 'default-language' field for each
component (e.g. Haskell98 or Haskell2010). If a component uses different
languages in different modules then list the other ones in the
'other-languages' field.
Preprocessing library for perf-0.12.0.1...
Building library for perf-0.12.0.1...

src/Perf/Types.hs:2:17: warning: [-Wunrecognised-warning-flags]
    unrecognised warning flag: -Wno-x-partial
  |
2 | {-# OPTIONS_GHC -Wno-x-partial #-}
  |                 ^^^^^^^^^^^^^^
[ 1 of 10] Compiling Perf.Stats
[ 2 of 10] Compiling Perf.Types
[ 3 of 10] Compiling Perf.Time
[ 4 of 10] Compiling Perf.Space
[ 5 of 10] Compiling Perf.Count
[ 6 of 10] Compiling Perf.Measure
[ 7 of 10] Compiling Perf.Report
[ 8 of 10] Compiling Perf.BigO
[ 9 of 10] Compiling Perf.Algos
[10 of 10] Compiling Perf
Configuring executable 'perf-explore' for perf-0.12.0.1...
Warning: [no-default-language] Packages using 'cabal-version: >= 1.10' and
before 'cabal-version: 3.4' must specify the 'default-language' field for each
component (e.g. Haskell98 or Haskell2010). If a component uses different
languages in different modules then list the other ones in the
'other-languages' field.
Preprocessing executable 'perf-explore' for perf-0.12.0.1...
Building executable 'perf-explore' for perf-0.12.0.1...
[1 of 1] Compiling Main
[1 of 2] Compiling Main
[2 of 2] Linking /tmp/workdir-perf/perf-0.12.0.1/dist-newstyle/build/x86_64-linux/ghc-9.6.6/perf-0.12.0.1/x/perf-explore/build/perf-explore/perf-explore
