Build profile: -w ghc-9.6.6 -O1
In order, the following will be built (use -v for more details):
 - rec-def-0.2.2 (lib) (first run)
 - rec-def-0.2.2 (test:dejafu) (first run)
 - rec-def-0.2.2 (test:spaceleak) (first run)
 - rec-def-0.2.2 (test:doctest) (first run)
Configuring library for rec-def-0.2.2...
Preprocessing library for rec-def-0.2.2...
Building library for rec-def-0.2.2...
[ 1 of 12] Compiling Data.POrder
[ 2 of 12] Compiling Data.Propagator.Class
[ 3 of 12] Compiling Data.Propagator.Naive
[ 4 of 12] Compiling Data.Propagator.P2
[ 5 of 12] Compiling System.IO.RecThunk
[ 6 of 12] Compiling Data.Propagator.Purify
[ 7 of 12] Compiling Data.Recursive.Internal
[ 8 of 12] Compiling Data.Recursive.Set
[ 9 of 12] Compiling Data.Recursive.Map
[10 of 12] Compiling Data.Recursive.DualBool
[11 of 12] Compiling Data.Recursive.Bool
[12 of 12] Compiling Data.Recursive.Examples
Configuring test suite 'dejafu' for rec-def-0.2.2...
Preprocessing test suite 'dejafu' for rec-def-0.2.2...
Building test suite 'dejafu' for rec-def-0.2.2...
[1 of 6] Compiling Data.POrder
[2 of 6] Compiling Data.Propagator.Class
[3 of 6] Compiling Data.Propagator.Naive
[4 of 6] Compiling Data.Propagator.P2
[5 of 6] Compiling System.IO.RecThunk
[6 of 6] Compiling Main
[7 of 7] Linking /tmp/workdir-rec-def/rec-def-0.2.2/dist-newstyle/build/x86_64-linux/ghc-9.6.6/rec-def-0.2.2/t/dejafu/build/dejafu/dejafu
Configuring test suite 'spaceleak' for rec-def-0.2.2...
Preprocessing test suite 'spaceleak' for rec-def-0.2.2...
Building test suite 'spaceleak' for rec-def-0.2.2...
[1 of 1] Compiling Main
[2 of 2] Linking /tmp/workdir-rec-def/rec-def-0.2.2/dist-newstyle/build/x86_64-linux/ghc-9.6.6/rec-def-0.2.2/t/spaceleak/build/spaceleak/spaceleak
Configuring test suite 'doctest' for rec-def-0.2.2...
Preprocessing test suite 'doctest' for rec-def-0.2.2...
Building test suite 'doctest' for rec-def-0.2.2...
[1 of 1] Compiling Main
[2 of 2] Linking /tmp/workdir-rec-def/rec-def-0.2.2/dist-newstyle/build/x86_64-linux/ghc-9.6.6/rec-def-0.2.2/t/doctest/build/doctest/doctest
