Build profile: -w ghc-9.6.6 -O1
In order, the following will be built (use -v for more details):
 - amazonka-cloudwatch-logs-2.0 (lib) (first run)
 - amazonka-cloudwatch-logs-2.0 (test:amazonka-cloudwatch-logs-test) (first run)
Configuring library for amazonka-cloudwatch-logs-2.0...
Preprocessing library for amazonka-cloudwatch-logs-2.0...
Building library for amazonka-cloudwatch-logs-2.0...
[ 1 of 76] Compiling Amazonka.CloudWatchLogs.Types.DataProtectionStatus
[ 2 of 76] Compiling Amazonka.CloudWatchLogs.Types.Destination
[ 3 of 76] Compiling Amazonka.CloudWatchLogs.Types.Distribution
[ 4 of 76] Compiling Amazonka.CloudWatchLogs.Types.ExportTaskExecutionInfo
[ 5 of 76] Compiling Amazonka.CloudWatchLogs.Types.ExportTaskStatusCode
[ 6 of 76] Compiling Amazonka.CloudWatchLogs.Types.ExportTaskStatus
[ 7 of 76] Compiling Amazonka.CloudWatchLogs.Types.ExportTask
[ 8 of 76] Compiling Amazonka.CloudWatchLogs.Types.FilteredLogEvent
[ 9 of 76] Compiling Amazonka.CloudWatchLogs.Types.InputLogEvent
[10 of 76] Compiling Amazonka.CloudWatchLogs.Types.LogGroup
[11 of 76] Compiling Amazonka.CloudWatchLogs.Types.LogGroupField
[12 of 76] Compiling Amazonka.CloudWatchLogs.Types.LogStream
[13 of 76] Compiling Amazonka.CloudWatchLogs.Types.MetricFilterMatchRecord
[14 of 76] Compiling Amazonka.CloudWatchLogs.Types.OrderBy
[15 of 76] Compiling Amazonka.CloudWatchLogs.Types.OutputLogEvent
[16 of 76] Compiling Amazonka.CloudWatchLogs.Types.QueryDefinition
[17 of 76] Compiling Amazonka.CloudWatchLogs.Types.QueryStatistics
[18 of 76] Compiling Amazonka.CloudWatchLogs.Types.QueryStatus
[19 of 76] Compiling Amazonka.CloudWatchLogs.Types.QueryInfo
[20 of 76] Compiling Amazonka.CloudWatchLogs.Types.RejectedLogEventsInfo
[21 of 76] Compiling Amazonka.CloudWatchLogs.Types.ResourcePolicy
[22 of 76] Compiling Amazonka.CloudWatchLogs.Types.ResultField
[23 of 76] Compiling Amazonka.CloudWatchLogs.Types.SearchedLogStream
[24 of 76] Compiling Amazonka.CloudWatchLogs.Types.StandardUnit
[25 of 76] Compiling Amazonka.CloudWatchLogs.Types.MetricTransformation
[26 of 76] Compiling Amazonka.CloudWatchLogs.Types.MetricFilter
[27 of 76] Compiling Amazonka.CloudWatchLogs.Types.SubscriptionFilter
[28 of 76] Compiling Amazonka.CloudWatchLogs.Types
[29 of 76] Compiling Amazonka.CloudWatchLogs.TestMetricFilter

gen/Amazonka/CloudWatchLogs/TestMetricFilter.hs:89:131: warning: [GHC-02256] [-Wambiguous-fields]
    The record update s {filterPattern = a} with type TestMetricFilter is ambiguous.
    This will not be supported by -XDuplicateRecordFields in future releases of GHC.
   |
89 | testMetricFilter_filterPattern = Lens.lens (\TestMetricFilter' {filterPattern} -> filterPattern) (\s@TestMetricFilter' {} a -> s {filterPattern = a} :: TestMetricFilter)
   |                                                                                                                                   ^^^^^^^^^^^^^^^^^
[30 of 76] Compiling Amazonka.CloudWatchLogs.TagResource
[31 of 76] Compiling Amazonka.CloudWatchLogs.StopQuery

gen/Amazonka/CloudWatchLogs/StopQuery.hs:80:92: warning: [GHC-02256] [-Wambiguous-fields]
    The record update s {queryId = a} with type StopQuery is ambiguous.
    This will not be supported by -XDuplicateRecordFields in future releases of GHC.
   |
80 | stopQuery_queryId = Lens.lens (\StopQuery' {queryId} -> queryId) (\s@StopQuery' {} a -> s {queryId = a} :: StopQuery)
   |                                                                                            ^^^^^^^^^^^
[32 of 76] Compiling Amazonka.CloudWatchLogs.StartQuery

gen/Amazonka/CloudWatchLogs/StartQuery.hs:207:110: warning: [GHC-02256] [-Wambiguous-fields]
    The record update s {logGroupName = a} with type StartQuery is ambiguous.
    This will not be supported by -XDuplicateRecordFields in future releases of GHC.
    |
207 | startQuery_logGroupName = Lens.lens (\StartQuery' {logGroupName} -> logGroupName) (\s@StartQuery' {} a -> s {logGroupName = a} :: StartQuery)
    |                                                                                                              ^^^^^^^^^^^^^^^^

gen/Amazonka/CloudWatchLogs/StartQuery.hs:215:113: warning: [GHC-02256] [-Wambiguous-fields]
    The record update s {logGroupNames = a} with type StartQuery is ambiguous.
    This will not be supported by -XDuplicateRecordFields in future releases of GHC.
    |
215 | startQuery_logGroupNames = Lens.lens (\StartQuery' {logGroupNames} -> logGroupNames) (\s@StartQuery' {} a -> s {logGroupNames = a} :: StartQuery) Prelude.. Lens.mapping Lens.coerced
    |                                                                                                                 ^^^^^^^^^^^^^^^^^

gen/Amazonka/CloudWatchLogs/StartQuery.hs:232:107: warning: [GHC-02256] [-Wambiguous-fields]
    The record update s {queryString = a} with type StartQuery is ambiguous.
    This will not be supported by -XDuplicateRecordFields in future releases of GHC.
    |
232 | startQuery_queryString = Lens.lens (\StartQuery' {queryString} -> queryString) (\s@StartQuery' {} a -> s {queryString = a} :: StartQuery)
    |                                                                                                           ^^^^^^^^^^^^^^^

gen/Amazonka/CloudWatchLogs/StartQuery.hs:333:119: warning: [GHC-02256] [-Wambiguous-fields]
    The record update s {queryId = a} with type StartQueryResponse is ambiguous.
    This will not be supported by -XDuplicateRecordFields in future releases of GHC.
    |
333 | startQueryResponse_queryId = Lens.lens (\StartQueryResponse' {queryId} -> queryId) (\s@StartQueryResponse' {} a -> s {queryId = a} :: StartQueryResponse)
    |                                                                                                                       ^^^^^^^^^^^
[33 of 76] Compiling Amazonka.CloudWatchLogs.PutSubscriptionFilter

gen/Amazonka/CloudWatchLogs/PutSubscriptionFilter.hs:200:143: warning: [GHC-02256] [-Wambiguous-fields]
    The record update s {distribution = a} with type PutSubscriptionFilter is ambiguous.
    This will not be supported by -XDuplicateRecordFields in future releases of GHC.
    |
200 | putSubscriptionFilter_distribution = Lens.lens (\PutSubscriptionFilter' {distribution} -> distribution) (\s@PutSubscriptionFilter' {} a -> s {distribution = a} :: PutSubscriptionFilter)
    |                                                                                                                                               ^^^^^^^^^^^^^^^^

gen/Amazonka/CloudWatchLogs/PutSubscriptionFilter.hs:207:128: warning: [GHC-02256] [-Wambiguous-fields]
    The record update s {roleArn = a} with type PutSubscriptionFilter is ambiguous.
    This will not be supported by -XDuplicateRecordFields in future releases of GHC.
    |
207 | putSubscriptionFilter_roleArn = Lens.lens (\PutSubscriptionFilter' {roleArn} -> roleArn) (\s@PutSubscriptionFilter' {} a -> s {roleArn = a} :: PutSubscriptionFilter)
    |                                                                                                                                ^^^^^^^^^^^

gen/Amazonka/CloudWatchLogs/PutSubscriptionFilter.hs:211:143: warning: [GHC-02256] [-Wambiguous-fields]
    The record update s {logGroupName = a} with type PutSubscriptionFilter is ambiguous.
    This will not be supported by -XDuplicateRecordFields in future releases of GHC.
    |
211 | putSubscriptionFilter_logGroupName = Lens.lens (\PutSubscriptionFilter' {logGroupName} -> logGroupName) (\s@PutSubscriptionFilter' {} a -> s {logGroupName = a} :: PutSubscriptionFilter)
    |                                                                                                                                               ^^^^^^^^^^^^^^^^

gen/Amazonka/CloudWatchLogs/PutSubscriptionFilter.hs:218:137: warning: [GHC-02256] [-Wambiguous-fields]
    The record update s {filterName = a} with type PutSubscriptionFilter is ambiguous.
    This will not be supported by -XDuplicateRecordFields in future releases of GHC.
    |
218 | putSubscriptionFilter_filterName = Lens.lens (\PutSubscriptionFilter' {filterName} -> filterName) (\s@PutSubscriptionFilter' {} a -> s {filterName = a} :: PutSubscriptionFilter)
    |                                                                                                                                         ^^^^^^^^^^^^^^

gen/Amazonka/CloudWatchLogs/PutSubscriptionFilter.hs:222:146: warning: [GHC-02256] [-Wambiguous-fields]
    The record update s {filterPattern = a} with type PutSubscriptionFilter is ambiguous.
    This will not be supported by -XDuplicateRecordFields in future releases of GHC.
    |
222 | putSubscriptionFilter_filterPattern = Lens.lens (\PutSubscriptionFilter' {filterPattern} -> filterPattern) (\s@PutSubscriptionFilter' {} a -> s {filterPattern = a} :: PutSubscriptionFilter)
    |                                                                                                                                                  ^^^^^^^^^^^^^^^^^

gen/Amazonka/CloudWatchLogs/PutSubscriptionFilter.hs:245:149: warning: [GHC-02256] [-Wambiguous-fields]
    The record update s {destinationArn = a} with type PutSubscriptionFilter is ambiguous.
    This will not be supported by -XDuplicateRecordFields in future releases of GHC.
    |
245 | putSubscriptionFilter_destinationArn = Lens.lens (\PutSubscriptionFilter' {destinationArn} -> destinationArn) (\s@PutSubscriptionFilter' {} a -> s {destinationArn = a} :: PutSubscriptionFilter)
    |                                                                                                                                                     ^^^^^^^^^^^^^^^^^^
[34 of 76] Compiling Amazonka.CloudWatchLogs.PutRetentionPolicy

gen/Amazonka/CloudWatchLogs/PutRetentionPolicy.hs:97:134: warning: [GHC-02256] [-Wambiguous-fields]
    The record update s {logGroupName = a} with type PutRetentionPolicy is ambiguous.
    This will not be supported by -XDuplicateRecordFields in future releases of GHC.
   |
97 | putRetentionPolicy_logGroupName = Lens.lens (\PutRetentionPolicy' {logGroupName} -> logGroupName) (\s@PutRetentionPolicy' {} a -> s {logGroupName = a} :: PutRetentionPolicy)
   |                                                                                                                                      ^^^^^^^^^^^^^^^^

gen/Amazonka/CloudWatchLogs/PutRetentionPolicy.hs:101:143: warning: [GHC-02256] [-Wambiguous-fields]
    The record update s {retentionInDays = a} with type PutRetentionPolicy is ambiguous.
    This will not be supported by -XDuplicateRecordFields in future releases of GHC.
    |
101 | putRetentionPolicy_retentionInDays = Lens.lens (\PutRetentionPolicy' {retentionInDays} -> retentionInDays) (\s@PutRetentionPolicy' {} a -> s {retentionInDays = a} :: PutRetentionPolicy)
    |                                                                                                                                               ^^^^^^^^^^^^^^^^^^^
[35 of 76] Compiling Amazonka.CloudWatchLogs.PutResourcePolicy

gen/Amazonka/CloudWatchLogs/PutResourcePolicy.hs:145:137: warning: [GHC-02256] [-Wambiguous-fields]
    The record update s {policyDocument = a} with type PutResourcePolicy is ambiguous.
    This will not be supported by -XDuplicateRecordFields in future releases of GHC.
    |
145 | putResourcePolicy_policyDocument = Lens.lens (\PutResourcePolicy' {policyDocument} -> policyDocument) (\s@PutResourcePolicy' {} a -> s {policyDocument = a} :: PutResourcePolicy)
    |                                                                                                                                         ^^^^^^^^^^^^^^^^^^

gen/Amazonka/CloudWatchLogs/PutResourcePolicy.hs:149:125: warning: [GHC-02256] [-Wambiguous-fields]
    The record update s {policyName = a} with type PutResourcePolicy is ambiguous.
    This will not be supported by -XDuplicateRecordFields in future releases of GHC.
    |
149 | putResourcePolicy_policyName = Lens.lens (\PutResourcePolicy' {policyName} -> policyName) (\s@PutResourcePolicy' {} a -> s {policyName = a} :: PutResourcePolicy)
    |                                                                                                                             ^^^^^^^^^^^^^^
[36 of 76] Compiling Amazonka.CloudWatchLogs.PutQueryDefinition

gen/Amazonka/CloudWatchLogs/PutQueryDefinition.hs:147:137: warning: [GHC-02256] [-Wambiguous-fields]
    The record update s {logGroupNames = a} with type PutQueryDefinition is ambiguous.
    This will not be supported by -XDuplicateRecordFields in future releases of GHC.
    |
147 | putQueryDefinition_logGroupNames = Lens.lens (\PutQueryDefinition' {logGroupNames} -> logGroupNames) (\s@PutQueryDefinition' {} a -> s {logGroupNames = a} :: PutQueryDefinition) Prelude.. Lens.mapping Lens.coerced
    |                                                                                                                                         ^^^^^^^^^^^^^^^^^

gen/Amazonka/CloudWatchLogs/PutQueryDefinition.hs:158:149: warning: [GHC-02256] [-Wambiguous-fields]
    The record update s {queryDefinitionId = a} with type PutQueryDefinition is ambiguous.
    This will not be supported by -XDuplicateRecordFields in future releases of GHC.
    |
158 | putQueryDefinition_queryDefinitionId = Lens.lens (\PutQueryDefinition' {queryDefinitionId} -> queryDefinitionId) (\s@PutQueryDefinition' {} a -> s {queryDefinitionId = a} :: PutQueryDefinition)
    |                                                                                                                                                     ^^^^^^^^^^^^^^^^^^^^^

gen/Amazonka/CloudWatchLogs/PutQueryDefinition.hs:166:110: warning: [GHC-02256] [-Wambiguous-fields]
    The record update s {name = a} with type PutQueryDefinition is ambiguous.
    This will not be supported by -XDuplicateRecordFields in future releases of GHC.
    |
166 | putQueryDefinition_name = Lens.lens (\PutQueryDefinition' {name} -> name) (\s@PutQueryDefinition' {} a -> s {name = a} :: PutQueryDefinition)
    |                                                                                                              ^^^^^^^^

gen/Amazonka/CloudWatchLogs/PutQueryDefinition.hs:171:131: warning: [GHC-02256] [-Wambiguous-fields]
    The record update s {queryString = a} with type PutQueryDefinition is ambiguous.
    This will not be supported by -XDuplicateRecordFields in future releases of GHC.
    |
171 | putQueryDefinition_queryString = Lens.lens (\PutQueryDefinition' {queryString} -> queryString) (\s@PutQueryDefinition' {} a -> s {queryString = a} :: PutQueryDefinition)
    |                                                                                                                                   ^^^^^^^^^^^^^^^

gen/Amazonka/CloudWatchLogs/PutQueryDefinition.hs:268:173: warning: [GHC-02256] [-Wambiguous-fields]
    The record update s {queryDefinitionId = a} with type PutQueryDefinitionResponse is ambiguous.
    This will not be supported by -XDuplicateRecordFields in future releases of GHC.
    |
268 | putQueryDefinitionResponse_queryDefinitionId = Lens.lens (\PutQueryDefinitionResponse' {queryDefinitionId} -> queryDefinitionId) (\s@PutQueryDefinitionResponse' {} a -> s {queryDefinitionId = a} :: PutQueryDefinitionResponse)
    |                                                                                                                                                                             ^^^^^^^^^^^^^^^^^^^^^
[37 of 76] Compiling Amazonka.CloudWatchLogs.PutMetricFilter

gen/Amazonka/CloudWatchLogs/PutMetricFilter.hs:125:125: warning: [GHC-02256] [-Wambiguous-fields]
    The record update s {logGroupName = a} with type PutMetricFilter is ambiguous.
    This will not be supported by -XDuplicateRecordFields in future releases of GHC.
    |
125 | putMetricFilter_logGroupName = Lens.lens (\PutMetricFilter' {logGroupName} -> logGroupName) (\s@PutMetricFilter' {} a -> s {logGroupName = a} :: PutMetricFilter)
    |                                                                                                                             ^^^^^^^^^^^^^^^^

gen/Amazonka/CloudWatchLogs/PutMetricFilter.hs:129:119: warning: [GHC-02256] [-Wambiguous-fields]
    The record update s {filterName = a} with type PutMetricFilter is ambiguous.
    This will not be supported by -XDuplicateRecordFields in future releases of GHC.
    |
129 | putMetricFilter_filterName = Lens.lens (\PutMetricFilter' {filterName} -> filterName) (\s@PutMetricFilter' {} a -> s {filterName = a} :: PutMetricFilter)
    |                                                                                                                       ^^^^^^^^^^^^^^

gen/Amazonka/CloudWatchLogs/PutMetricFilter.hs:133:128: warning: [GHC-02256] [-Wambiguous-fields]
    The record update s {filterPattern = a} with type PutMetricFilter is ambiguous.
    This will not be supported by -XDuplicateRecordFields in future releases of GHC.
    |
133 | putMetricFilter_filterPattern = Lens.lens (\PutMetricFilter' {filterPattern} -> filterPattern) (\s@PutMetricFilter' {} a -> s {filterPattern = a} :: PutMetricFilter)
    |                                                                                                                                ^^^^^^^^^^^^^^^^^

gen/Amazonka/CloudWatchLogs/PutMetricFilter.hs:137:152: warning: [GHC-02256] [-Wambiguous-fields]
    The record update s {metricTransformations = a} with type PutMetricFilter is ambiguous.
    This will not be supported by -XDuplicateRecordFields in future releases of GHC.
    |
137 | putMetricFilter_metricTransformations = Lens.lens (\PutMetricFilter' {metricTransformations} -> metricTransformations) (\s@PutMetricFilter' {} a -> s {metricTransformations = a} :: PutMetricFilter) Prelude.. Lens.coerced
    |                                                                                                                                                        ^^^^^^^^^^^^^^^^^^^^^^^^^
[38 of 76] Compiling Amazonka.CloudWatchLogs.PutLogEvents

gen/Amazonka/CloudWatchLogs/PutLogEvents.hs:166:116: warning: [GHC-02256] [-Wambiguous-fields]
    The record update s {logGroupName = a} with type PutLogEvents is ambiguous.
    This will not be supported by -XDuplicateRecordFields in future releases of GHC.
    |
166 | putLogEvents_logGroupName = Lens.lens (\PutLogEvents' {logGroupName} -> logGroupName) (\s@PutLogEvents' {} a -> s {logGroupName = a} :: PutLogEvents)
    |                                                                                                                    ^^^^^^^^^^^^^^^^

gen/Amazonka/CloudWatchLogs/PutLogEvents.hs:170:119: warning: [GHC-02256] [-Wambiguous-fields]
    The record update s {logStreamName = a} with type PutLogEvents is ambiguous.
    This will not be supported by -XDuplicateRecordFields in future releases of GHC.
    |
170 | putLogEvents_logStreamName = Lens.lens (\PutLogEvents' {logStreamName} -> logStreamName) (\s@PutLogEvents' {} a -> s {logStreamName = a} :: PutLogEvents)
    |                                                                                                                       ^^^^^^^^^^^^^^^^^
[39 of 76] Compiling Amazonka.CloudWatchLogs.PutDestinationPolicy

gen/Amazonka/CloudWatchLogs/PutDestinationPolicy.hs:132:149: warning: [GHC-02256] [-Wambiguous-fields]
    The record update s {destinationName = a} with type PutDestinationPolicy is ambiguous.
    This will not be supported by -XDuplicateRecordFields in future releases of GHC.
    |
132 | putDestinationPolicy_destinationName = Lens.lens (\PutDestinationPolicy' {destinationName} -> destinationName) (\s@PutDestinationPolicy' {} a -> s {destinationName = a} :: PutDestinationPolicy)
    |                                                                                                                                                     ^^^^^^^^^^^^^^^^^^^

gen/Amazonka/CloudWatchLogs/PutDestinationPolicy.hs:138:140: warning: [GHC-02256] [-Wambiguous-fields]
    The record update s {accessPolicy = a} with type PutDestinationPolicy is ambiguous.
    This will not be supported by -XDuplicateRecordFields in future releases of GHC.
    |
138 | putDestinationPolicy_accessPolicy = Lens.lens (\PutDestinationPolicy' {accessPolicy} -> accessPolicy) (\s@PutDestinationPolicy' {} a -> s {accessPolicy = a} :: PutDestinationPolicy)
    |                                                                                                                                            ^^^^^^^^^^^^^^^^
[40 of 76] Compiling Amazonka.CloudWatchLogs.PutDestination

gen/Amazonka/CloudWatchLogs/PutDestination.hs:137:131: warning: [GHC-02256] [-Wambiguous-fields]
    The record update s {destinationName = a} with type PutDestination is ambiguous.
    This will not be supported by -XDuplicateRecordFields in future releases of GHC.
    |
137 | putDestination_destinationName = Lens.lens (\PutDestination' {destinationName} -> destinationName) (\s@PutDestination' {} a -> s {destinationName = a} :: PutDestination)
    |                                                                                                                                   ^^^^^^^^^^^^^^^^^^^

gen/Amazonka/CloudWatchLogs/PutDestination.hs:142:113: warning: [GHC-02256] [-Wambiguous-fields]
    The record update s {targetArn = a} with type PutDestination is ambiguous.
    This will not be supported by -XDuplicateRecordFields in future releases of GHC.
    |
142 | putDestination_targetArn = Lens.lens (\PutDestination' {targetArn} -> targetArn) (\s@PutDestination' {} a -> s {targetArn = a} :: PutDestination)
    |                                                                                                                 ^^^^^^^^^^^^^

gen/Amazonka/CloudWatchLogs/PutDestination.hs:147:107: warning: [GHC-02256] [-Wambiguous-fields]
    The record update s {roleArn = a} with type PutDestination is ambiguous.
    This will not be supported by -XDuplicateRecordFields in future releases of GHC.
    |
147 | putDestination_roleArn = Lens.lens (\PutDestination' {roleArn} -> roleArn) (\s@PutDestination' {} a -> s {roleArn = a} :: PutDestination)
    |                                                                                                           ^^^^^^^^^^^

gen/Amazonka/CloudWatchLogs/PutDestination.hs:244:143: warning: [GHC-02256] [-Wambiguous-fields]
    The record update s {destination = a} with type PutDestinationResponse is ambiguous.
    This will not be supported by -XDuplicateRecordFields in future releases of GHC.
    |
244 | putDestinationResponse_destination = Lens.lens (\PutDestinationResponse' {destination} -> destination) (\s@PutDestinationResponse' {} a -> s {destination = a} :: PutDestinationResponse)
    |                                                                                                                                               ^^^^^^^^^^^^^^^
[41 of 76] Compiling Amazonka.CloudWatchLogs.PutDataProtectionPolicy

gen/Amazonka/CloudWatchLogs/PutDataProtectionPolicy.hs:173:167: warning: [GHC-02256] [-Wambiguous-fields]
    The record update s {logGroupIdentifier = a} with type PutDataProtectionPolicy is ambiguous.
    This will not be supported by -XDuplicateRecordFields in future releases of GHC.
    |
173 | putDataProtectionPolicy_logGroupIdentifier = Lens.lens (\PutDataProtectionPolicy' {logGroupIdentifier} -> logGroupIdentifier) (\s@PutDataProtectionPolicy' {} a -> s {logGroupIdentifier = a} :: PutDataProtectionPolicy)
    |                                                                                                                                                                       ^^^^^^^^^^^^^^^^^^^^^^

gen/Amazonka/CloudWatchLogs/PutDataProtectionPolicy.hs:208:155: warning: [GHC-02256] [-Wambiguous-fields]
    The record update s {policyDocument = a} with type PutDataProtectionPolicy is ambiguous.
    This will not be supported by -XDuplicateRecordFields in future releases of GHC.
    |
208 | putDataProtectionPolicy_policyDocument = Lens.lens (\PutDataProtectionPolicy' {policyDocument} -> policyDocument) (\s@PutDataProtectionPolicy' {} a -> s {policyDocument = a} :: PutDataProtectionPolicy)
    |                                                                                                                                                           ^^^^^^^^^^^^^^^^^^

gen/Amazonka/CloudWatchLogs/PutDataProtectionPolicy.hs:312:182: warning: [GHC-02256] [-Wambiguous-fields]
    The record update s {lastUpdatedTime = a} with type PutDataProtectionPolicyResponse is ambiguous.
    This will not be supported by -XDuplicateRecordFields in future releases of GHC.
    |
312 | putDataProtectionPolicyResponse_lastUpdatedTime = Lens.lens (\PutDataProtectionPolicyResponse' {lastUpdatedTime} -> lastUpdatedTime) (\s@PutDataProtectionPolicyResponse' {} a -> s {lastUpdatedTime = a} :: PutDataProtectionPolicyResponse)
    |                                                                                                                                                                                      ^^^^^^^^^^^^^^^^^^^

gen/Amazonka/CloudWatchLogs/PutDataProtectionPolicy.hs:316:191: warning: [GHC-02256] [-Wambiguous-fields]
    The record update s {logGroupIdentifier = a} with type PutDataProtectionPolicyResponse is ambiguous.
    This will not be supported by -XDuplicateRecordFields in future releases of GHC.
    |
316 | putDataProtectionPolicyResponse_logGroupIdentifier = Lens.lens (\PutDataProtectionPolicyResponse' {logGroupIdentifier} -> logGroupIdentifier) (\s@PutDataProtectionPolicyResponse' {} a -> s {logGroupIdentifier = a} :: PutDataProtectionPolicyResponse)
    |                                                                                                                                                                                               ^^^^^^^^^^^^^^^^^^^^^^

gen/Amazonka/CloudWatchLogs/PutDataProtectionPolicy.hs:320:179: warning: [GHC-02256] [-Wambiguous-fields]
    The record update s {policyDocument = a} with type PutDataProtectionPolicyResponse is ambiguous.
    This will not be supported by -XDuplicateRecordFields in future releases of GHC.
    |
320 | putDataProtectionPolicyResponse_policyDocument = Lens.lens (\PutDataProtectionPolicyResponse' {policyDocument} -> policyDocument) (\s@PutDataProtectionPolicyResponse' {} a -> s {policyDocument = a} :: PutDataProtectionPolicyResponse)
    |                                                                                                                                                                                   ^^^^^^^^^^^^^^^^^^
[42 of 76] Compiling Amazonka.CloudWatchLogs.ListTagsForResource
[43 of 76] Compiling Amazonka.CloudWatchLogs.GetQueryResults

gen/Amazonka/CloudWatchLogs/GetQueryResults.hs:96:110: warning: [GHC-02256] [-Wambiguous-fields]
    The record update s {queryId = a} with type GetQueryResults is ambiguous.
    This will not be supported by -XDuplicateRecordFields in future releases of GHC.
   |
96 | getQueryResults_queryId = Lens.lens (\GetQueryResults' {queryId} -> queryId) (\s@GetQueryResults' {} a -> s {queryId = a} :: GetQueryResults)
   |                                                                                                              ^^^^^^^^^^^

gen/Amazonka/CloudWatchLogs/GetQueryResults.hs:241:131: warning: [GHC-02256] [-Wambiguous-fields]
    The record update s {status = a} with type GetQueryResultsResponse is ambiguous.
    This will not be supported by -XDuplicateRecordFields in future releases of GHC.
    |
241 | getQueryResultsResponse_status = Lens.lens (\GetQueryResultsResponse' {status} -> status) (\s@GetQueryResultsResponse' {} a -> s {status = a} :: GetQueryResultsResponse)
    |                                                                                                                                   ^^^^^^^^^^
[44 of 76] Compiling Amazonka.CloudWatchLogs.GetLogRecord
[45 of 76] Compiling Amazonka.CloudWatchLogs.GetLogGroupFields

gen/Amazonka/CloudWatchLogs/GetLogGroupFields.hs:153:131: warning: [GHC-02256] [-Wambiguous-fields]
    The record update s {logGroupName = a} with type GetLogGroupFields is ambiguous.
    This will not be supported by -XDuplicateRecordFields in future releases of GHC.
    |
153 | getLogGroupFields_logGroupName = Lens.lens (\GetLogGroupFields' {logGroupName} -> logGroupName) (\s@GetLogGroupFields' {} a -> s {logGroupName = a} :: GetLogGroupFields)
    |                                                                                                                                   ^^^^^^^^^^^^^^^^
[46 of 76] Compiling Amazonka.CloudWatchLogs.GetLogEvents

gen/Amazonka/CloudWatchLogs/GetLogEvents.hs:244:116: warning: [GHC-02256] [-Wambiguous-fields]
    The record update s {logGroupName = a} with type GetLogEvents is ambiguous.
    This will not be supported by -XDuplicateRecordFields in future releases of GHC.
    |
244 | getLogEvents_logGroupName = Lens.lens (\GetLogEvents' {logGroupName} -> logGroupName) (\s@GetLogEvents' {} a -> s {logGroupName = a} :: GetLogEvents)
    |                                                                                                                    ^^^^^^^^^^^^^^^^

gen/Amazonka/CloudWatchLogs/GetLogEvents.hs:248:119: warning: [GHC-02256] [-Wambiguous-fields]
    The record update s {logStreamName = a} with type GetLogEvents is ambiguous.
    This will not be supported by -XDuplicateRecordFields in future releases of GHC.
    |
248 | getLogEvents_logStreamName = Lens.lens (\GetLogEvents' {logStreamName} -> logStreamName) (\s@GetLogEvents' {} a -> s {logStreamName = a} :: GetLogEvents)
    |                                                                                                                       ^^^^^^^^^^^^^^^^^
[47 of 76] Compiling Amazonka.CloudWatchLogs.GetDataProtectionPolicy

gen/Amazonka/CloudWatchLogs/GetDataProtectionPolicy.hs:83:167: warning: [GHC-02256] [-Wambiguous-fields]
    The record update s {logGroupIdentifier = a} with type GetDataProtectionPolicy is ambiguous.
    This will not be supported by -XDuplicateRecordFields in future releases of GHC.
   |
83 | getDataProtectionPolicy_logGroupIdentifier = Lens.lens (\GetDataProtectionPolicy' {logGroupIdentifier} -> logGroupIdentifier) (\s@GetDataProtectionPolicy' {} a -> s {logGroupIdentifier = a} :: GetDataProtectionPolicy)
   |                                                                                                                                                                       ^^^^^^^^^^^^^^^^^^^^^^

gen/Amazonka/CloudWatchLogs/GetDataProtectionPolicy.hs:182:182: warning: [GHC-02256] [-Wambiguous-fields]
    The record update s {lastUpdatedTime = a} with type GetDataProtectionPolicyResponse is ambiguous.
    This will not be supported by -XDuplicateRecordFields in future releases of GHC.
    |
182 | getDataProtectionPolicyResponse_lastUpdatedTime = Lens.lens (\GetDataProtectionPolicyResponse' {lastUpdatedTime} -> lastUpdatedTime) (\s@GetDataProtectionPolicyResponse' {} a -> s {lastUpdatedTime = a} :: GetDataProtectionPolicyResponse)
    |                                                                                                                                                                                      ^^^^^^^^^^^^^^^^^^^

gen/Amazonka/CloudWatchLogs/GetDataProtectionPolicy.hs:186:191: warning: [GHC-02256] [-Wambiguous-fields]
    The record update s {logGroupIdentifier = a} with type GetDataProtectionPolicyResponse is ambiguous.
    This will not be supported by -XDuplicateRecordFields in future releases of GHC.
    |
186 | getDataProtectionPolicyResponse_logGroupIdentifier = Lens.lens (\GetDataProtectionPolicyResponse' {logGroupIdentifier} -> logGroupIdentifier) (\s@GetDataProtectionPolicyResponse' {} a -> s {logGroupIdentifier = a} :: GetDataProtectionPolicyResponse)
    |                                                                                                                                                                                               ^^^^^^^^^^^^^^^^^^^^^^

gen/Amazonka/CloudWatchLogs/GetDataProtectionPolicy.hs:190:179: warning: [GHC-02256] [-Wambiguous-fields]
    The record update s {policyDocument = a} with type GetDataProtectionPolicyResponse is ambiguous.
    This will not be supported by -XDuplicateRecordFields in future releases of GHC.
    |
190 | getDataProtectionPolicyResponse_policyDocument = Lens.lens (\GetDataProtectionPolicyResponse' {policyDocument} -> policyDocument) (\s@GetDataProtectionPolicyResponse' {} a -> s {policyDocument = a} :: GetDataProtectionPolicyResponse)
    |                                                                                                                                                                                   ^^^^^^^^^^^^^^^^^^
[48 of 76] Compiling Amazonka.CloudWatchLogs.FilterLogEvents

gen/Amazonka/CloudWatchLogs/FilterLogEvents.hs:247:128: warning: [GHC-02256] [-Wambiguous-fields]
    The record update s {filterPattern = a} with type FilterLogEvents is ambiguous.
    This will not be supported by -XDuplicateRecordFields in future releases of GHC.
    |
247 | filterLogEvents_filterPattern = Lens.lens (\FilterLogEvents' {filterPattern} -> filterPattern) (\s@FilterLogEvents' {} a -> s {filterPattern = a} :: FilterLogEvents)
    |                                                                                                                                ^^^^^^^^^^^^^^^^^

gen/Amazonka/CloudWatchLogs/FilterLogEvents.hs:295:116: warning: [GHC-02256] [-Wambiguous-fields]
    The record update s {nextToken = a} with type FilterLogEvents is ambiguous.
    This will not be supported by -XDuplicateRecordFields in future releases of GHC.
    |
295 | filterLogEvents_nextToken = Lens.lens (\FilterLogEvents' {nextToken} -> nextToken) (\s@FilterLogEvents' {} a -> s {nextToken = a} :: FilterLogEvents)
    |                                                                                                                    ^^^^^^^^^^^^^

gen/Amazonka/CloudWatchLogs/FilterLogEvents.hs:316:125: warning: [GHC-02256] [-Wambiguous-fields]
    The record update s {logGroupName = a} with type FilterLogEvents is ambiguous.
    This will not be supported by -XDuplicateRecordFields in future releases of GHC.
    |
316 | filterLogEvents_logGroupName = Lens.lens (\FilterLogEvents' {logGroupName} -> logGroupName) (\s@FilterLogEvents' {} a -> s {logGroupName = a} :: FilterLogEvents)
    |                                                                                                                             ^^^^^^^^^^^^^^^^

gen/Amazonka/CloudWatchLogs/FilterLogEvents.hs:481:140: warning: [GHC-02256] [-Wambiguous-fields]
    The record update s {nextToken = a} with type FilterLogEventsResponse is ambiguous.
    This will not be supported by -XDuplicateRecordFields in future releases of GHC.
    |
481 | filterLogEventsResponse_nextToken = Lens.lens (\FilterLogEventsResponse' {nextToken} -> nextToken) (\s@FilterLogEventsResponse' {} a -> s {nextToken = a} :: FilterLogEventsResponse)
    |                                                                                                                                            ^^^^^^^^^^^^^
[49 of 76] Compiling Amazonka.CloudWatchLogs.DisassociateKmsKey

gen/Amazonka/CloudWatchLogs/DisassociateKmsKey.hs:78:134: warning: [GHC-02256] [-Wambiguous-fields]
    The record update s {logGroupName = a} with type DisassociateKmsKey is ambiguous.
    This will not be supported by -XDuplicateRecordFields in future releases of GHC.
   |
78 | disassociateKmsKey_logGroupName = Lens.lens (\DisassociateKmsKey' {logGroupName} -> logGroupName) (\s@DisassociateKmsKey' {} a -> s {logGroupName = a} :: DisassociateKmsKey)
   |                                                                                                                                      ^^^^^^^^^^^^^^^^
[50 of 76] Compiling Amazonka.CloudWatchLogs.DescribeSubscriptionFilters

gen/Amazonka/CloudWatchLogs/DescribeSubscriptionFilters.hs:118:152: warning: [GHC-02256] [-Wambiguous-fields]
    The record update s {nextToken = a} with type DescribeSubscriptionFilters is ambiguous.
    This will not be supported by -XDuplicateRecordFields in future releases of GHC.
    |
118 | describeSubscriptionFilters_nextToken = Lens.lens (\DescribeSubscriptionFilters' {nextToken} -> nextToken) (\s@DescribeSubscriptionFilters' {} a -> s {nextToken = a} :: DescribeSubscriptionFilters)
    |                                                                                                                                                        ^^^^^^^^^^^^^

gen/Amazonka/CloudWatchLogs/DescribeSubscriptionFilters.hs:122:161: warning: [GHC-02256] [-Wambiguous-fields]
    The record update s {logGroupName = a} with type DescribeSubscriptionFilters is ambiguous.
    This will not be supported by -XDuplicateRecordFields in future releases of GHC.
    |
122 | describeSubscriptionFilters_logGroupName = Lens.lens (\DescribeSubscriptionFilters' {logGroupName} -> logGroupName) (\s@DescribeSubscriptionFilters' {} a -> s {logGroupName = a} :: DescribeSubscriptionFilters)
    |                                                                                                                                                                 ^^^^^^^^^^^^^^^^

gen/Amazonka/CloudWatchLogs/DescribeSubscriptionFilters.hs:249:176: warning: [GHC-02256] [-Wambiguous-fields]
    The record update s {nextToken = a} with type DescribeSubscriptionFiltersResponse is ambiguous.
    This will not be supported by -XDuplicateRecordFields in future releases of GHC.
    |
249 | describeSubscriptionFiltersResponse_nextToken = Lens.lens (\DescribeSubscriptionFiltersResponse' {nextToken} -> nextToken) (\s@DescribeSubscriptionFiltersResponse' {} a -> s {nextToken = a} :: DescribeSubscriptionFiltersResponse)
    |                                                                                                                                                                                ^^^^^^^^^^^^^
[51 of 76] Compiling Amazonka.CloudWatchLogs.DescribeResourcePolicies

gen/Amazonka/CloudWatchLogs/DescribeResourcePolicies.hs:90:143: warning: [GHC-02256] [-Wambiguous-fields]
    The record update s {nextToken = a} with type DescribeResourcePolicies is ambiguous.
    This will not be supported by -XDuplicateRecordFields in future releases of GHC.
   |
90 | describeResourcePolicies_nextToken = Lens.lens (\DescribeResourcePolicies' {nextToken} -> nextToken) (\s@DescribeResourcePolicies' {} a -> s {nextToken = a} :: DescribeResourcePolicies)
   |                                                                                                                                               ^^^^^^^^^^^^^

gen/Amazonka/CloudWatchLogs/DescribeResourcePolicies.hs:210:167: warning: [GHC-02256] [-Wambiguous-fields]
    The record update s {nextToken = a} with type DescribeResourcePoliciesResponse is ambiguous.
    This will not be supported by -XDuplicateRecordFields in future releases of GHC.
    |
210 | describeResourcePoliciesResponse_nextToken = Lens.lens (\DescribeResourcePoliciesResponse' {nextToken} -> nextToken) (\s@DescribeResourcePoliciesResponse' {} a -> s {nextToken = a} :: DescribeResourcePoliciesResponse)
    |                                                                                                                                                                       ^^^^^^^^^^^^^
[52 of 76] Compiling Amazonka.CloudWatchLogs.DescribeQueryDefinitions

gen/Amazonka/CloudWatchLogs/DescribeQueryDefinitions.hs:99:143: warning: [GHC-02256] [-Wambiguous-fields]
    The record update s {nextToken = a} with type DescribeQueryDefinitions is ambiguous.
    This will not be supported by -XDuplicateRecordFields in future releases of GHC.
   |
99 | describeQueryDefinitions_nextToken = Lens.lens (\DescribeQueryDefinitions' {nextToken} -> nextToken) (\s@DescribeQueryDefinitions' {} a -> s {nextToken = a} :: DescribeQueryDefinitions)
   |                                                                                                                                               ^^^^^^^^^^^^^

gen/Amazonka/CloudWatchLogs/DescribeQueryDefinitions.hs:206:167: warning: [GHC-02256] [-Wambiguous-fields]
    The record update s {nextToken = a} with type DescribeQueryDefinitionsResponse is ambiguous.
    This will not be supported by -XDuplicateRecordFields in future releases of GHC.
    |
206 | describeQueryDefinitionsResponse_nextToken = Lens.lens (\DescribeQueryDefinitionsResponse' {nextToken} -> nextToken) (\s@DescribeQueryDefinitionsResponse' {} a -> s {nextToken = a} :: DescribeQueryDefinitionsResponse)
    |                                                                                                                                                                       ^^^^^^^^^^^^^
[53 of 76] Compiling Amazonka.CloudWatchLogs.DescribeQueries

gen/Amazonka/CloudWatchLogs/DescribeQueries.hs:102:125: warning: [GHC-02256] [-Wambiguous-fields]
    The record update s {logGroupName = a} with type DescribeQueries is ambiguous.
    This will not be supported by -XDuplicateRecordFields in future releases of GHC.
    |
102 | describeQueries_logGroupName = Lens.lens (\DescribeQueries' {logGroupName} -> logGroupName) (\s@DescribeQueries' {} a -> s {logGroupName = a} :: DescribeQueries)
    |                                                                                                                             ^^^^^^^^^^^^^^^^

gen/Amazonka/CloudWatchLogs/DescribeQueries.hs:110:116: warning: [GHC-02256] [-Wambiguous-fields]
    The record update s {nextToken = a} with type DescribeQueries is ambiguous.
    This will not be supported by -XDuplicateRecordFields in future releases of GHC.
    |
110 | describeQueries_nextToken = Lens.lens (\DescribeQueries' {nextToken} -> nextToken) (\s@DescribeQueries' {} a -> s {nextToken = a} :: DescribeQueries)
    |                                                                                                                    ^^^^^^^^^^^^^

gen/Amazonka/CloudWatchLogs/DescribeQueries.hs:116:107: warning: [GHC-02256] [-Wambiguous-fields]
    The record update s {status = a} with type DescribeQueries is ambiguous.
    This will not be supported by -XDuplicateRecordFields in future releases of GHC.
    |
116 | describeQueries_status = Lens.lens (\DescribeQueries' {status} -> status) (\s@DescribeQueries' {} a -> s {status = a} :: DescribeQueries)
    |                                                                                                           ^^^^^^^^^^

gen/Amazonka/CloudWatchLogs/DescribeQueries.hs:239:140: warning: [GHC-02256] [-Wambiguous-fields]
    The record update s {nextToken = a} with type DescribeQueriesResponse is ambiguous.
    This will not be supported by -XDuplicateRecordFields in future releases of GHC.
    |
239 | describeQueriesResponse_nextToken = Lens.lens (\DescribeQueriesResponse' {nextToken} -> nextToken) (\s@DescribeQueriesResponse' {} a -> s {nextToken = a} :: DescribeQueriesResponse)
    |                                                                                                                                            ^^^^^^^^^^^^^
[54 of 76] Compiling Amazonka.CloudWatchLogs.DescribeMetricFilters

gen/Amazonka/CloudWatchLogs/DescribeMetricFilters.hs:135:143: warning: [GHC-02256] [-Wambiguous-fields]
    The record update s {logGroupName = a} with type DescribeMetricFilters is ambiguous.
    This will not be supported by -XDuplicateRecordFields in future releases of GHC.
    |
135 | describeMetricFilters_logGroupName = Lens.lens (\DescribeMetricFilters' {logGroupName} -> logGroupName) (\s@DescribeMetricFilters' {} a -> s {logGroupName = a} :: DescribeMetricFilters)
    |                                                                                                                                               ^^^^^^^^^^^^^^^^

gen/Amazonka/CloudWatchLogs/DescribeMetricFilters.hs:141:137: warning: [GHC-02256] [-Wambiguous-fields]
    The record update s {metricName = a} with type DescribeMetricFilters is ambiguous.
    This will not be supported by -XDuplicateRecordFields in future releases of GHC.
    |
141 | describeMetricFilters_metricName = Lens.lens (\DescribeMetricFilters' {metricName} -> metricName) (\s@DescribeMetricFilters' {} a -> s {metricName = a} :: DescribeMetricFilters)
    |                                                                                                                                         ^^^^^^^^^^^^^^

gen/Amazonka/CloudWatchLogs/DescribeMetricFilters.hs:147:152: warning: [GHC-02256] [-Wambiguous-fields]
    The record update s {metricNamespace = a} with type DescribeMetricFilters is ambiguous.
    This will not be supported by -XDuplicateRecordFields in future releases of GHC.
    |
147 | describeMetricFilters_metricNamespace = Lens.lens (\DescribeMetricFilters' {metricNamespace} -> metricNamespace) (\s@DescribeMetricFilters' {} a -> s {metricNamespace = a} :: DescribeMetricFilters)
    |                                                                                                                                                        ^^^^^^^^^^^^^^^^^^^

gen/Amazonka/CloudWatchLogs/DescribeMetricFilters.hs:152:134: warning: [GHC-02256] [-Wambiguous-fields]
    The record update s {nextToken = a} with type DescribeMetricFilters is ambiguous.
    This will not be supported by -XDuplicateRecordFields in future releases of GHC.
    |
152 | describeMetricFilters_nextToken = Lens.lens (\DescribeMetricFilters' {nextToken} -> nextToken) (\s@DescribeMetricFilters' {} a -> s {nextToken = a} :: DescribeMetricFilters)
    |                                                                                                                                      ^^^^^^^^^^^^^

gen/Amazonka/CloudWatchLogs/DescribeMetricFilters.hs:287:158: warning: [GHC-02256] [-Wambiguous-fields]
    The record update s {nextToken = a} with type DescribeMetricFiltersResponse is ambiguous.
    This will not be supported by -XDuplicateRecordFields in future releases of GHC.
    |
287 | describeMetricFiltersResponse_nextToken = Lens.lens (\DescribeMetricFiltersResponse' {nextToken} -> nextToken) (\s@DescribeMetricFiltersResponse' {} a -> s {nextToken = a} :: DescribeMetricFiltersResponse)
    |                                                                                                                                                              ^^^^^^^^^^^^^
[55 of 76] Compiling Amazonka.CloudWatchLogs.DescribeLogStreams

gen/Amazonka/CloudWatchLogs/DescribeLogStreams.hs:205:125: warning: [GHC-02256] [-Wambiguous-fields]
    The record update s {nextToken = a} with type DescribeLogStreams is ambiguous.
    This will not be supported by -XDuplicateRecordFields in future releases of GHC.
    |
205 | describeLogStreams_nextToken = Lens.lens (\DescribeLogStreams' {nextToken} -> nextToken) (\s@DescribeLogStreams' {} a -> s {nextToken = a} :: DescribeLogStreams)
    |                                                                                                                             ^^^^^^^^^^^^^

gen/Amazonka/CloudWatchLogs/DescribeLogStreams.hs:228:134: warning: [GHC-02256] [-Wambiguous-fields]
    The record update s {logGroupName = a} with type DescribeLogStreams is ambiguous.
    This will not be supported by -XDuplicateRecordFields in future releases of GHC.
    |
228 | describeLogStreams_logGroupName = Lens.lens (\DescribeLogStreams' {logGroupName} -> logGroupName) (\s@DescribeLogStreams' {} a -> s {logGroupName = a} :: DescribeLogStreams)
    |                                                                                                                                      ^^^^^^^^^^^^^^^^

gen/Amazonka/CloudWatchLogs/DescribeLogStreams.hs:366:149: warning: [GHC-02256] [-Wambiguous-fields]
    The record update s {nextToken = a} with type DescribeLogStreamsResponse is ambiguous.
    This will not be supported by -XDuplicateRecordFields in future releases of GHC.
    |
366 | describeLogStreamsResponse_nextToken = Lens.lens (\DescribeLogStreamsResponse' {nextToken} -> nextToken) (\s@DescribeLogStreamsResponse' {} a -> s {nextToken = a} :: DescribeLogStreamsResponse)
    |                                                                                                                                                     ^^^^^^^^^^^^^
[56 of 76] Compiling Amazonka.CloudWatchLogs.DescribeLogGroups

gen/Amazonka/CloudWatchLogs/DescribeLogGroups.hs:219:122: warning: [GHC-02256] [-Wambiguous-fields]
    The record update s {nextToken = a} with type DescribeLogGroups is ambiguous.
    This will not be supported by -XDuplicateRecordFields in future releases of GHC.
    |
219 | describeLogGroups_nextToken = Lens.lens (\DescribeLogGroups' {nextToken} -> nextToken) (\s@DescribeLogGroups' {} a -> s {nextToken = a} :: DescribeLogGroups)
    |                                                                                                                          ^^^^^^^^^^^^^

gen/Amazonka/CloudWatchLogs/DescribeLogGroups.hs:365:146: warning: [GHC-02256] [-Wambiguous-fields]
    The record update s {nextToken = a} with type DescribeLogGroupsResponse is ambiguous.
    This will not be supported by -XDuplicateRecordFields in future releases of GHC.
    |
365 | describeLogGroupsResponse_nextToken = Lens.lens (\DescribeLogGroupsResponse' {nextToken} -> nextToken) (\s@DescribeLogGroupsResponse' {} a -> s {nextToken = a} :: DescribeLogGroupsResponse)
    |                                                                                                                                                  ^^^^^^^^^^^^^
[57 of 76] Compiling Amazonka.CloudWatchLogs.DescribeExportTasks

gen/Amazonka/CloudWatchLogs/DescribeExportTasks.hs:111:128: warning: [GHC-02256] [-Wambiguous-fields]
    The record update s {nextToken = a} with type DescribeExportTasks is ambiguous.
    This will not be supported by -XDuplicateRecordFields in future releases of GHC.
    |
111 | describeExportTasks_nextToken = Lens.lens (\DescribeExportTasks' {nextToken} -> nextToken) (\s@DescribeExportTasks' {} a -> s {nextToken = a} :: DescribeExportTasks)
    |                                                                                                                                ^^^^^^^^^^^^^

gen/Amazonka/CloudWatchLogs/DescribeExportTasks.hs:121:119: warning: [GHC-02256] [-Wambiguous-fields]
    The record update s {taskId = a} with type DescribeExportTasks is ambiguous.
    This will not be supported by -XDuplicateRecordFields in future releases of GHC.
    |
121 | describeExportTasks_taskId = Lens.lens (\DescribeExportTasks' {taskId} -> taskId) (\s@DescribeExportTasks' {} a -> s {taskId = a} :: DescribeExportTasks)
    |                                                                                                                       ^^^^^^^^^^

gen/Amazonka/CloudWatchLogs/DescribeExportTasks.hs:248:152: warning: [GHC-02256] [-Wambiguous-fields]
    The record update s {nextToken = a} with type DescribeExportTasksResponse is ambiguous.
    This will not be supported by -XDuplicateRecordFields in future releases of GHC.
    |
248 | describeExportTasksResponse_nextToken = Lens.lens (\DescribeExportTasksResponse' {nextToken} -> nextToken) (\s@DescribeExportTasksResponse' {} a -> s {nextToken = a} :: DescribeExportTasksResponse)
    |                                                                                                                                                        ^^^^^^^^^^^^^
[58 of 76] Compiling Amazonka.CloudWatchLogs.DescribeDestinations

gen/Amazonka/CloudWatchLogs/DescribeDestinations.hs:109:131: warning: [GHC-02256] [-Wambiguous-fields]
    The record update s {nextToken = a} with type DescribeDestinations is ambiguous.
    This will not be supported by -XDuplicateRecordFields in future releases of GHC.
    |
109 | describeDestinations_nextToken = Lens.lens (\DescribeDestinations' {nextToken} -> nextToken) (\s@DescribeDestinations' {} a -> s {nextToken = a} :: DescribeDestinations)
    |                                                                                                                                   ^^^^^^^^^^^^^

gen/Amazonka/CloudWatchLogs/DescribeDestinations.hs:234:155: warning: [GHC-02256] [-Wambiguous-fields]
    The record update s {nextToken = a} with type DescribeDestinationsResponse is ambiguous.
    This will not be supported by -XDuplicateRecordFields in future releases of GHC.
    |
234 | describeDestinationsResponse_nextToken = Lens.lens (\DescribeDestinationsResponse' {nextToken} -> nextToken) (\s@DescribeDestinationsResponse' {} a -> s {nextToken = a} :: DescribeDestinationsResponse)
    |                                                                                                                                                           ^^^^^^^^^^^^^
[59 of 76] Compiling Amazonka.CloudWatchLogs.DeleteSubscriptionFilter

gen/Amazonka/CloudWatchLogs/DeleteSubscriptionFilter.hs:84:152: warning: [GHC-02256] [-Wambiguous-fields]
    The record update s {logGroupName = a} with type DeleteSubscriptionFilter is ambiguous.
    This will not be supported by -XDuplicateRecordFields in future releases of GHC.
   |
84 | deleteSubscriptionFilter_logGroupName = Lens.lens (\DeleteSubscriptionFilter' {logGroupName} -> logGroupName) (\s@DeleteSubscriptionFilter' {} a -> s {logGroupName = a} :: DeleteSubscriptionFilter)
   |                                                                                                                                                        ^^^^^^^^^^^^^^^^

gen/Amazonka/CloudWatchLogs/DeleteSubscriptionFilter.hs:88:146: warning: [GHC-02256] [-Wambiguous-fields]
    The record update s {filterName = a} with type DeleteSubscriptionFilter is ambiguous.
    This will not be supported by -XDuplicateRecordFields in future releases of GHC.
   |
88 | deleteSubscriptionFilter_filterName = Lens.lens (\DeleteSubscriptionFilter' {filterName} -> filterName) (\s@DeleteSubscriptionFilter' {} a -> s {filterName = a} :: DeleteSubscriptionFilter)
   |                                                                                                                                                  ^^^^^^^^^^^^^^
[60 of 76] Compiling Amazonka.CloudWatchLogs.DeleteRetentionPolicy

gen/Amazonka/CloudWatchLogs/DeleteRetentionPolicy.hs:77:143: warning: [GHC-02256] [-Wambiguous-fields]
    The record update s {logGroupName = a} with type DeleteRetentionPolicy is ambiguous.
    This will not be supported by -XDuplicateRecordFields in future releases of GHC.
   |
77 | deleteRetentionPolicy_logGroupName = Lens.lens (\DeleteRetentionPolicy' {logGroupName} -> logGroupName) (\s@DeleteRetentionPolicy' {} a -> s {logGroupName = a} :: DeleteRetentionPolicy)
   |                                                                                                                                               ^^^^^^^^^^^^^^^^
[61 of 76] Compiling Amazonka.CloudWatchLogs.DeleteResourcePolicy

gen/Amazonka/CloudWatchLogs/DeleteResourcePolicy.hs:70:134: warning: [GHC-02256] [-Wambiguous-fields]
    The record update s {policyName = a} with type DeleteResourcePolicy is ambiguous.
    This will not be supported by -XDuplicateRecordFields in future releases of GHC.
   |
70 | deleteResourcePolicy_policyName = Lens.lens (\DeleteResourcePolicy' {policyName} -> policyName) (\s@DeleteResourcePolicy' {} a -> s {policyName = a} :: DeleteResourcePolicy)
   |                                                                                                                                      ^^^^^^^^^^^^^^
[62 of 76] Compiling Amazonka.CloudWatchLogs.DeleteQueryDefinition

gen/Amazonka/CloudWatchLogs/DeleteQueryDefinition.hs:91:158: warning: [GHC-02256] [-Wambiguous-fields]
    The record update s {queryDefinitionId = a} with type DeleteQueryDefinition is ambiguous.
    This will not be supported by -XDuplicateRecordFields in future releases of GHC.
   |
91 | deleteQueryDefinition_queryDefinitionId = Lens.lens (\DeleteQueryDefinition' {queryDefinitionId} -> queryDefinitionId) (\s@DeleteQueryDefinition' {} a -> s {queryDefinitionId = a} :: DeleteQueryDefinition)
   |                                                                                                                                                              ^^^^^^^^^^^^^^^^^^^^^
[63 of 76] Compiling Amazonka.CloudWatchLogs.DeleteMetricFilter

gen/Amazonka/CloudWatchLogs/DeleteMetricFilter.hs:81:134: warning: [GHC-02256] [-Wambiguous-fields]
    The record update s {logGroupName = a} with type DeleteMetricFilter is ambiguous.
    This will not be supported by -XDuplicateRecordFields in future releases of GHC.
   |
81 | deleteMetricFilter_logGroupName = Lens.lens (\DeleteMetricFilter' {logGroupName} -> logGroupName) (\s@DeleteMetricFilter' {} a -> s {logGroupName = a} :: DeleteMetricFilter)
   |                                                                                                                                      ^^^^^^^^^^^^^^^^

gen/Amazonka/CloudWatchLogs/DeleteMetricFilter.hs:85:128: warning: [GHC-02256] [-Wambiguous-fields]
    The record update s {filterName = a} with type DeleteMetricFilter is ambiguous.
    This will not be supported by -XDuplicateRecordFields in future releases of GHC.
   |
85 | deleteMetricFilter_filterName = Lens.lens (\DeleteMetricFilter' {filterName} -> filterName) (\s@DeleteMetricFilter' {} a -> s {filterName = a} :: DeleteMetricFilter)
   |                                                                                                                                ^^^^^^^^^^^^^^
[64 of 76] Compiling Amazonka.CloudWatchLogs.DeleteLogStream

gen/Amazonka/CloudWatchLogs/DeleteLogStream.hs:82:125: warning: [GHC-02256] [-Wambiguous-fields]
    The record update s {logGroupName = a} with type DeleteLogStream is ambiguous.
    This will not be supported by -XDuplicateRecordFields in future releases of GHC.
   |
82 | deleteLogStream_logGroupName = Lens.lens (\DeleteLogStream' {logGroupName} -> logGroupName) (\s@DeleteLogStream' {} a -> s {logGroupName = a} :: DeleteLogStream)
   |                                                                                                                             ^^^^^^^^^^^^^^^^

gen/Amazonka/CloudWatchLogs/DeleteLogStream.hs:86:128: warning: [GHC-02256] [-Wambiguous-fields]
    The record update s {logStreamName = a} with type DeleteLogStream is ambiguous.
    This will not be supported by -XDuplicateRecordFields in future releases of GHC.
   |
86 | deleteLogStream_logStreamName = Lens.lens (\DeleteLogStream' {logStreamName} -> logStreamName) (\s@DeleteLogStream' {} a -> s {logStreamName = a} :: DeleteLogStream)
   |                                                                                                                                ^^^^^^^^^^^^^^^^^
[65 of 76] Compiling Amazonka.CloudWatchLogs.DeleteLogGroup

gen/Amazonka/CloudWatchLogs/DeleteLogGroup.hs:72:122: warning: [GHC-02256] [-Wambiguous-fields]
    The record update s {logGroupName = a} with type DeleteLogGroup is ambiguous.
    This will not be supported by -XDuplicateRecordFields in future releases of GHC.
   |
72 | deleteLogGroup_logGroupName = Lens.lens (\DeleteLogGroup' {logGroupName} -> logGroupName) (\s@DeleteLogGroup' {} a -> s {logGroupName = a} :: DeleteLogGroup)
   |                                                                                                                          ^^^^^^^^^^^^^^^^
[66 of 76] Compiling Amazonka.CloudWatchLogs.DeleteDestination

gen/Amazonka/CloudWatchLogs/DeleteDestination.hs:76:140: warning: [GHC-02256] [-Wambiguous-fields]
    The record update s {destinationName = a} with type DeleteDestination is ambiguous.
    This will not be supported by -XDuplicateRecordFields in future releases of GHC.
   |
76 | deleteDestination_destinationName = Lens.lens (\DeleteDestination' {destinationName} -> destinationName) (\s@DeleteDestination' {} a -> s {destinationName = a} :: DeleteDestination)
   |                                                                                                                                            ^^^^^^^^^^^^^^^^^^^
[67 of 76] Compiling Amazonka.CloudWatchLogs.DeleteDataProtectionPolicy
[68 of 76] Compiling Amazonka.CloudWatchLogs.CreateLogStream

gen/Amazonka/CloudWatchLogs/CreateLogStream.hs:95:125: warning: [GHC-02256] [-Wambiguous-fields]
    The record update s {logGroupName = a} with type CreateLogStream is ambiguous.
    This will not be supported by -XDuplicateRecordFields in future releases of GHC.
   |
95 | createLogStream_logGroupName = Lens.lens (\CreateLogStream' {logGroupName} -> logGroupName) (\s@CreateLogStream' {} a -> s {logGroupName = a} :: CreateLogStream)
   |                                                                                                                             ^^^^^^^^^^^^^^^^

gen/Amazonka/CloudWatchLogs/CreateLogStream.hs:99:128: warning: [GHC-02256] [-Wambiguous-fields]
    The record update s {logStreamName = a} with type CreateLogStream is ambiguous.
    This will not be supported by -XDuplicateRecordFields in future releases of GHC.
   |
99 | createLogStream_logStreamName = Lens.lens (\CreateLogStream' {logStreamName} -> logStreamName) (\s@CreateLogStream' {} a -> s {logStreamName = a} :: CreateLogStream)
   |                                                                                                                                ^^^^^^^^^^^^^^^^^
[69 of 76] Compiling Amazonka.CloudWatchLogs.CreateLogGroup

gen/Amazonka/CloudWatchLogs/CreateLogGroup.hs:139:110: warning: [GHC-02256] [-Wambiguous-fields]
    The record update s {kmsKeyId = a} with type CreateLogGroup is ambiguous.
    This will not be supported by -XDuplicateRecordFields in future releases of GHC.
    |
139 | createLogGroup_kmsKeyId = Lens.lens (\CreateLogGroup' {kmsKeyId} -> kmsKeyId) (\s@CreateLogGroup' {} a -> s {kmsKeyId = a} :: CreateLogGroup)
    |                                                                                                              ^^^^^^^^^^^^

gen/Amazonka/CloudWatchLogs/CreateLogGroup.hs:156:122: warning: [GHC-02256] [-Wambiguous-fields]
    The record update s {logGroupName = a} with type CreateLogGroup is ambiguous.
    This will not be supported by -XDuplicateRecordFields in future releases of GHC.
    |
156 | createLogGroup_logGroupName = Lens.lens (\CreateLogGroup' {logGroupName} -> logGroupName) (\s@CreateLogGroup' {} a -> s {logGroupName = a} :: CreateLogGroup)
    |                                                                                                                          ^^^^^^^^^^^^^^^^
[70 of 76] Compiling Amazonka.CloudWatchLogs.CreateExportTask

gen/Amazonka/CloudWatchLogs/CreateExportTask.hs:171:143: warning: [GHC-02256] [-Wambiguous-fields]
    The record update s {destinationPrefix = a} with type CreateExportTask is ambiguous.
    This will not be supported by -XDuplicateRecordFields in future releases of GHC.
    |
171 | createExportTask_destinationPrefix = Lens.lens (\CreateExportTask' {destinationPrefix} -> destinationPrefix) (\s@CreateExportTask' {} a -> s {destinationPrefix = a} :: CreateExportTask)
    |                                                                                                                                               ^^^^^^^^^^^^^^^^^^^^^

gen/Amazonka/CloudWatchLogs/CreateExportTask.hs:180:116: warning: [GHC-02256] [-Wambiguous-fields]
    The record update s {taskName = a} with type CreateExportTask is ambiguous.
    This will not be supported by -XDuplicateRecordFields in future releases of GHC.
    |
180 | createExportTask_taskName = Lens.lens (\CreateExportTask' {taskName} -> taskName) (\s@CreateExportTask' {} a -> s {taskName = a} :: CreateExportTask)
    |                                                                                                                    ^^^^^^^^^^^^

gen/Amazonka/CloudWatchLogs/CreateExportTask.hs:184:128: warning: [GHC-02256] [-Wambiguous-fields]
    The record update s {logGroupName = a} with type CreateExportTask is ambiguous.
    This will not be supported by -XDuplicateRecordFields in future releases of GHC.
    |
184 | createExportTask_logGroupName = Lens.lens (\CreateExportTask' {logGroupName} -> logGroupName) (\s@CreateExportTask' {} a -> s {logGroupName = a} :: CreateExportTask)
    |                                                                                                                                ^^^^^^^^^^^^^^^^

gen/Amazonka/CloudWatchLogs/CreateExportTask.hs:190:104: warning: [GHC-02256] [-Wambiguous-fields]
    The record update s {from = a} with type CreateExportTask is ambiguous.
    This will not be supported by -XDuplicateRecordFields in future releases of GHC.
    |
190 | createExportTask_from = Lens.lens (\CreateExportTask' {from} -> from) (\s@CreateExportTask' {} a -> s {from = a} :: CreateExportTask)
    |                                                                                                        ^^^^^^^^

gen/Amazonka/CloudWatchLogs/CreateExportTask.hs:199:98: warning: [GHC-02256] [-Wambiguous-fields]
    The record update s {to = a} with type CreateExportTask is ambiguous.
    This will not be supported by -XDuplicateRecordFields in future releases of GHC.
    |
199 | createExportTask_to = Lens.lens (\CreateExportTask' {to} -> to) (\s@CreateExportTask' {} a -> s {to = a} :: CreateExportTask)
    |                                                                                                  ^^^^^^

gen/Amazonka/CloudWatchLogs/CreateExportTask.hs:204:125: warning: [GHC-02256] [-Wambiguous-fields]
    The record update s {destination = a} with type CreateExportTask is ambiguous.
    This will not be supported by -XDuplicateRecordFields in future releases of GHC.
    |
204 | createExportTask_destination = Lens.lens (\CreateExportTask' {destination} -> destination) (\s@CreateExportTask' {} a -> s {destination = a} :: CreateExportTask)
    |                                                                                                                             ^^^^^^^^^^^^^^^

gen/Amazonka/CloudWatchLogs/CreateExportTask.hs:310:134: warning: [GHC-02256] [-Wambiguous-fields]
    The record update s {taskId = a} with type CreateExportTaskResponse is ambiguous.
    This will not be supported by -XDuplicateRecordFields in future releases of GHC.
    |
310 | createExportTaskResponse_taskId = Lens.lens (\CreateExportTaskResponse' {taskId} -> taskId) (\s@CreateExportTaskResponse' {} a -> s {taskId = a} :: CreateExportTaskResponse)
    |                                                                                                                                      ^^^^^^^^^^
[71 of 76] Compiling Amazonka.CloudWatchLogs.CancelExportTask

gen/Amazonka/CloudWatchLogs/CancelExportTask.hs:73:110: warning: [GHC-02256] [-Wambiguous-fields]
    The record update s {taskId = a} with type CancelExportTask is ambiguous.
    This will not be supported by -XDuplicateRecordFields in future releases of GHC.
   |
73 | cancelExportTask_taskId = Lens.lens (\CancelExportTask' {taskId} -> taskId) (\s@CancelExportTask' {} a -> s {taskId = a} :: CancelExportTask)
   |                                                                                                              ^^^^^^^^^^
[72 of 76] Compiling Amazonka.CloudWatchLogs.AssociateKmsKey

gen/Amazonka/CloudWatchLogs/AssociateKmsKey.hs:107:125: warning: [GHC-02256] [-Wambiguous-fields]
    The record update s {logGroupName = a} with type AssociateKmsKey is ambiguous.
    This will not be supported by -XDuplicateRecordFields in future releases of GHC.
    |
107 | associateKmsKey_logGroupName = Lens.lens (\AssociateKmsKey' {logGroupName} -> logGroupName) (\s@AssociateKmsKey' {} a -> s {logGroupName = a} :: AssociateKmsKey)
    |                                                                                                                             ^^^^^^^^^^^^^^^^

gen/Amazonka/CloudWatchLogs/AssociateKmsKey.hs:115:113: warning: [GHC-02256] [-Wambiguous-fields]
    The record update s {kmsKeyId = a} with type AssociateKmsKey is ambiguous.
    This will not be supported by -XDuplicateRecordFields in future releases of GHC.
    |
115 | associateKmsKey_kmsKeyId = Lens.lens (\AssociateKmsKey' {kmsKeyId} -> kmsKeyId) (\s@AssociateKmsKey' {} a -> s {kmsKeyId = a} :: AssociateKmsKey)
    |                                                                                                                 ^^^^^^^^^^^^
[73 of 76] Compiling Amazonka.CloudWatchLogs.UntagResource
[74 of 76] Compiling Amazonka.CloudWatchLogs.Lens
[75 of 76] Compiling Amazonka.CloudWatchLogs.Waiters
[76 of 76] Compiling Amazonka.CloudWatchLogs
Configuring test suite 'amazonka-cloudwatch-logs-test' for amazonka-cloudwatch-logs-2.0...
Preprocessing test suite 'amazonka-cloudwatch-logs-test' for amazonka-cloudwatch-logs-2.0...
Building test suite 'amazonka-cloudwatch-logs-test' for amazonka-cloudwatch-logs-2.0...
[1 of 4] Compiling Test.Amazonka.CloudWatchLogs
[2 of 4] Compiling Test.Amazonka.CloudWatchLogs.Internal
[3 of 4] Compiling Main
[4 of 4] Compiling Test.Amazonka.Gen.CloudWatchLogs
[5 of 5] Linking /tmp/workdir-amazonka-cloudwatch-logs/amazonka-cloudwatch-logs-2.0/dist-newstyle/build/x86_64-linux/ghc-9.6.6/amazonka-cloudwatch-logs-2.0/t/amazonka-cloudwatch-logs-test/build/amazonka-cloudwatch-logs-test/amazonka-cloudwatch-logs-test
