Build profile: -w ghc-9.6.6 -O1
In order, the following will be built (use -v for more details):
 - amazonka-healthlake-2.0 (lib) (first run)
 - amazonka-healthlake-2.0 (test:amazonka-healthlake-test) (first run)
Configuring library for amazonka-healthlake-2.0...
Preprocessing library for amazonka-healthlake-2.0...
Building library for amazonka-healthlake-2.0...
[ 1 of 33] Compiling Amazonka.HealthLake.Types.CmkType
[ 2 of 33] Compiling Amazonka.HealthLake.Types.DatastoreStatus
[ 3 of 33] Compiling Amazonka.HealthLake.Types.DatastoreFilter
[ 4 of 33] Compiling Amazonka.HealthLake.Types.FHIRVersion
[ 5 of 33] Compiling Amazonka.HealthLake.Types.InputDataConfig
[ 6 of 33] Compiling Amazonka.HealthLake.Types.JobStatus
[ 7 of 33] Compiling Amazonka.HealthLake.Types.KmsEncryptionConfig
[ 8 of 33] Compiling Amazonka.HealthLake.Types.PreloadDataType
[ 9 of 33] Compiling Amazonka.HealthLake.Types.PreloadDataConfig
[10 of 33] Compiling Amazonka.HealthLake.Types.S3Configuration
[11 of 33] Compiling Amazonka.HealthLake.Types.OutputDataConfig
[12 of 33] Compiling Amazonka.HealthLake.Types.ImportJobProperties
[13 of 33] Compiling Amazonka.HealthLake.Types.ExportJobProperties
[14 of 33] Compiling Amazonka.HealthLake.Types.SseConfiguration
[15 of 33] Compiling Amazonka.HealthLake.Types.DatastoreProperties
[16 of 33] Compiling Amazonka.HealthLake.Types.Tag
[17 of 33] Compiling Amazonka.HealthLake.Types
[18 of 33] Compiling Amazonka.HealthLake.TagResource
[19 of 33] Compiling Amazonka.HealthLake.StartFHIRImportJob

gen/Amazonka/HealthLake/StartFHIRImportJob.hs:125:119: warning: [GHC-02256] [-Wambiguous-fields]
    The record update s {jobName = a} with type StartFHIRImportJob is ambiguous.
    This will not be supported by -XDuplicateRecordFields in future releases of GHC.
    |
125 | startFHIRImportJob_jobName = Lens.lens (\StartFHIRImportJob' {jobName} -> jobName) (\s@StartFHIRImportJob' {} a -> s {jobName = a} :: StartFHIRImportJob)
    |                                                                                                                       ^^^^^^^^^^^

gen/Amazonka/HealthLake/StartFHIRImportJob.hs:130:143: warning: [GHC-02256] [-Wambiguous-fields]
    The record update s {inputDataConfig = a} with type StartFHIRImportJob is ambiguous.
    This will not be supported by -XDuplicateRecordFields in future releases of GHC.
    |
130 | startFHIRImportJob_inputDataConfig = Lens.lens (\StartFHIRImportJob' {inputDataConfig} -> inputDataConfig) (\s@StartFHIRImportJob' {} a -> s {inputDataConfig = a} :: StartFHIRImportJob)
    |                                                                                                                                               ^^^^^^^^^^^^^^^^^^^

gen/Amazonka/HealthLake/StartFHIRImportJob.hs:134:155: warning: [GHC-02256] [-Wambiguous-fields]
    The record update s {jobOutputDataConfig = a} with type StartFHIRImportJob is ambiguous.
    This will not be supported by -XDuplicateRecordFields in future releases of GHC.
    |
134 | startFHIRImportJob_jobOutputDataConfig = Lens.lens (\StartFHIRImportJob' {jobOutputDataConfig} -> jobOutputDataConfig) (\s@StartFHIRImportJob' {} a -> s {jobOutputDataConfig = a} :: StartFHIRImportJob)
    |                                                                                                                                                           ^^^^^^^^^^^^^^^^^^^^^^^

gen/Amazonka/HealthLake/StartFHIRImportJob.hs:138:131: warning: [GHC-02256] [-Wambiguous-fields]
    The record update s {datastoreId = a} with type StartFHIRImportJob is ambiguous.
    This will not be supported by -XDuplicateRecordFields in future releases of GHC.
    |
138 | startFHIRImportJob_datastoreId = Lens.lens (\StartFHIRImportJob' {datastoreId} -> datastoreId) (\s@StartFHIRImportJob' {} a -> s {datastoreId = a} :: StartFHIRImportJob)
    |                                                                                                                                   ^^^^^^^^^^^^^^^

gen/Amazonka/HealthLake/StartFHIRImportJob.hs:143:149: warning: [GHC-02256] [-Wambiguous-fields]
    The record update s {dataAccessRoleArn = a} with type StartFHIRImportJob is ambiguous.
    This will not be supported by -XDuplicateRecordFields in future releases of GHC.
    |
143 | startFHIRImportJob_dataAccessRoleArn = Lens.lens (\StartFHIRImportJob' {dataAccessRoleArn} -> dataAccessRoleArn) (\s@StartFHIRImportJob' {} a -> s {dataAccessRoleArn = a} :: StartFHIRImportJob)
    |                                                                                                                                                     ^^^^^^^^^^^^^^^^^^^^^

gen/Amazonka/HealthLake/StartFHIRImportJob.hs:271:155: warning: [GHC-02256] [-Wambiguous-fields]
    The record update s {datastoreId = a} with type StartFHIRImportJobResponse is ambiguous.
    This will not be supported by -XDuplicateRecordFields in future releases of GHC.
    |
271 | startFHIRImportJobResponse_datastoreId = Lens.lens (\StartFHIRImportJobResponse' {datastoreId} -> datastoreId) (\s@StartFHIRImportJobResponse' {} a -> s {datastoreId = a} :: StartFHIRImportJobResponse)
    |                                                                                                                                                           ^^^^^^^^^^^^^^^

gen/Amazonka/HealthLake/StartFHIRImportJob.hs:279:137: warning: [GHC-02256] [-Wambiguous-fields]
    The record update s {jobId = a} with type StartFHIRImportJobResponse is ambiguous.
    This will not be supported by -XDuplicateRecordFields in future releases of GHC.
    |
279 | startFHIRImportJobResponse_jobId = Lens.lens (\StartFHIRImportJobResponse' {jobId} -> jobId) (\s@StartFHIRImportJobResponse' {} a -> s {jobId = a} :: StartFHIRImportJobResponse)
    |                                                                                                                                         ^^^^^^^^^

gen/Amazonka/HealthLake/StartFHIRImportJob.hs:283:149: warning: [GHC-02256] [-Wambiguous-fields]
    The record update s {jobStatus = a} with type StartFHIRImportJobResponse is ambiguous.
    This will not be supported by -XDuplicateRecordFields in future releases of GHC.
    |
283 | startFHIRImportJobResponse_jobStatus = Lens.lens (\StartFHIRImportJobResponse' {jobStatus} -> jobStatus) (\s@StartFHIRImportJobResponse' {} a -> s {jobStatus = a} :: StartFHIRImportJobResponse)
    |                                                                                                                                                     ^^^^^^^^^^^^^
[20 of 33] Compiling Amazonka.HealthLake.StartFHIRExportJob

gen/Amazonka/HealthLake/StartFHIRExportJob.hs:117:119: warning: [GHC-02256] [-Wambiguous-fields]
    The record update s {jobName = a} with type StartFHIRExportJob is ambiguous.
    This will not be supported by -XDuplicateRecordFields in future releases of GHC.
    |
117 | startFHIRExportJob_jobName = Lens.lens (\StartFHIRExportJob' {jobName} -> jobName) (\s@StartFHIRExportJob' {} a -> s {jobName = a} :: StartFHIRExportJob)
    |                                                                                                                       ^^^^^^^^^^^

gen/Amazonka/HealthLake/StartFHIRExportJob.hs:122:146: warning: [GHC-02256] [-Wambiguous-fields]
    The record update s {outputDataConfig = a} with type StartFHIRExportJob is ambiguous.
    This will not be supported by -XDuplicateRecordFields in future releases of GHC.
    |
122 | startFHIRExportJob_outputDataConfig = Lens.lens (\StartFHIRExportJob' {outputDataConfig} -> outputDataConfig) (\s@StartFHIRExportJob' {} a -> s {outputDataConfig = a} :: StartFHIRExportJob)
    |                                                                                                                                                  ^^^^^^^^^^^^^^^^^^^^

gen/Amazonka/HealthLake/StartFHIRExportJob.hs:127:131: warning: [GHC-02256] [-Wambiguous-fields]
    The record update s {datastoreId = a} with type StartFHIRExportJob is ambiguous.
    This will not be supported by -XDuplicateRecordFields in future releases of GHC.
    |
127 | startFHIRExportJob_datastoreId = Lens.lens (\StartFHIRExportJob' {datastoreId} -> datastoreId) (\s@StartFHIRExportJob' {} a -> s {datastoreId = a} :: StartFHIRExportJob)
    |                                                                                                                                   ^^^^^^^^^^^^^^^

gen/Amazonka/HealthLake/StartFHIRExportJob.hs:131:149: warning: [GHC-02256] [-Wambiguous-fields]
    The record update s {dataAccessRoleArn = a} with type StartFHIRExportJob is ambiguous.
    This will not be supported by -XDuplicateRecordFields in future releases of GHC.
    |
131 | startFHIRExportJob_dataAccessRoleArn = Lens.lens (\StartFHIRExportJob' {dataAccessRoleArn} -> dataAccessRoleArn) (\s@StartFHIRExportJob' {} a -> s {dataAccessRoleArn = a} :: StartFHIRExportJob)
    |                                                                                                                                                     ^^^^^^^^^^^^^^^^^^^^^

gen/Amazonka/HealthLake/StartFHIRExportJob.hs:260:155: warning: [GHC-02256] [-Wambiguous-fields]
    The record update s {datastoreId = a} with type StartFHIRExportJobResponse is ambiguous.
    This will not be supported by -XDuplicateRecordFields in future releases of GHC.
    |
260 | startFHIRExportJobResponse_datastoreId = Lens.lens (\StartFHIRExportJobResponse' {datastoreId} -> datastoreId) (\s@StartFHIRExportJobResponse' {} a -> s {datastoreId = a} :: StartFHIRExportJobResponse)
    |                                                                                                                                                           ^^^^^^^^^^^^^^^

gen/Amazonka/HealthLake/StartFHIRExportJob.hs:268:137: warning: [GHC-02256] [-Wambiguous-fields]
    The record update s {jobId = a} with type StartFHIRExportJobResponse is ambiguous.
    This will not be supported by -XDuplicateRecordFields in future releases of GHC.
    |
268 | startFHIRExportJobResponse_jobId = Lens.lens (\StartFHIRExportJobResponse' {jobId} -> jobId) (\s@StartFHIRExportJobResponse' {} a -> s {jobId = a} :: StartFHIRExportJobResponse)
    |                                                                                                                                         ^^^^^^^^^

gen/Amazonka/HealthLake/StartFHIRExportJob.hs:273:149: warning: [GHC-02256] [-Wambiguous-fields]
    The record update s {jobStatus = a} with type StartFHIRExportJobResponse is ambiguous.
    This will not be supported by -XDuplicateRecordFields in future releases of GHC.
    |
273 | startFHIRExportJobResponse_jobStatus = Lens.lens (\StartFHIRExportJobResponse' {jobStatus} -> jobStatus) (\s@StartFHIRExportJobResponse' {} a -> s {jobStatus = a} :: StartFHIRExportJobResponse)
    |                                                                                                                                                     ^^^^^^^^^^^^^
[21 of 33] Compiling Amazonka.HealthLake.ListTagsForResource
[22 of 33] Compiling Amazonka.HealthLake.ListFHIRImportJobs

gen/Amazonka/HealthLake/ListFHIRImportJobs.hs:130:119: warning: [GHC-02256] [-Wambiguous-fields]
    The record update s {jobName = a} with type ListFHIRImportJobs is ambiguous.
    This will not be supported by -XDuplicateRecordFields in future releases of GHC.
    |
130 | listFHIRImportJobs_jobName = Lens.lens (\ListFHIRImportJobs' {jobName} -> jobName) (\s@ListFHIRImportJobs' {} a -> s {jobName = a} :: ListFHIRImportJobs)
    |                                                                                                                       ^^^^^^^^^^^

gen/Amazonka/HealthLake/ListFHIRImportJobs.hs:135:125: warning: [GHC-02256] [-Wambiguous-fields]
    The record update s {jobStatus = a} with type ListFHIRImportJobs is ambiguous.
    This will not be supported by -XDuplicateRecordFields in future releases of GHC.
    |
135 | listFHIRImportJobs_jobStatus = Lens.lens (\ListFHIRImportJobs' {jobStatus} -> jobStatus) (\s@ListFHIRImportJobs' {} a -> s {jobStatus = a} :: ListFHIRImportJobs)
    |                                                                                                                             ^^^^^^^^^^^^^

gen/Amazonka/HealthLake/ListFHIRImportJobs.hs:145:125: warning: [GHC-02256] [-Wambiguous-fields]
    The record update s {nextToken = a} with type ListFHIRImportJobs is ambiguous.
    This will not be supported by -XDuplicateRecordFields in future releases of GHC.
    |
145 | listFHIRImportJobs_nextToken = Lens.lens (\ListFHIRImportJobs' {nextToken} -> nextToken) (\s@ListFHIRImportJobs' {} a -> s {nextToken = a} :: ListFHIRImportJobs)
    |                                                                                                                             ^^^^^^^^^^^^^

gen/Amazonka/HealthLake/ListFHIRImportJobs.hs:160:131: warning: [GHC-02256] [-Wambiguous-fields]
    The record update s {datastoreId = a} with type ListFHIRImportJobs is ambiguous.
    This will not be supported by -XDuplicateRecordFields in future releases of GHC.
    |
160 | listFHIRImportJobs_datastoreId = Lens.lens (\ListFHIRImportJobs' {datastoreId} -> datastoreId) (\s@ListFHIRImportJobs' {} a -> s {datastoreId = a} :: ListFHIRImportJobs)
    |                                                                                                                                   ^^^^^^^^^^^^^^^

gen/Amazonka/HealthLake/ListFHIRImportJobs.hs:281:149: warning: [GHC-02256] [-Wambiguous-fields]
    The record update s {nextToken = a} with type ListFHIRImportJobsResponse is ambiguous.
    This will not be supported by -XDuplicateRecordFields in future releases of GHC.
    |
281 | listFHIRImportJobsResponse_nextToken = Lens.lens (\ListFHIRImportJobsResponse' {nextToken} -> nextToken) (\s@ListFHIRImportJobsResponse' {} a -> s {nextToken = a} :: ListFHIRImportJobsResponse)
    |                                                                                                                                                     ^^^^^^^^^^^^^
[23 of 33] Compiling Amazonka.HealthLake.ListFHIRExportJobs

gen/Amazonka/HealthLake/ListFHIRExportJobs.hs:130:119: warning: [GHC-02256] [-Wambiguous-fields]
    The record update s {jobName = a} with type ListFHIRExportJobs is ambiguous.
    This will not be supported by -XDuplicateRecordFields in future releases of GHC.
    |
130 | listFHIRExportJobs_jobName = Lens.lens (\ListFHIRExportJobs' {jobName} -> jobName) (\s@ListFHIRExportJobs' {} a -> s {jobName = a} :: ListFHIRExportJobs)
    |                                                                                                                       ^^^^^^^^^^^

gen/Amazonka/HealthLake/ListFHIRExportJobs.hs:135:125: warning: [GHC-02256] [-Wambiguous-fields]
    The record update s {jobStatus = a} with type ListFHIRExportJobs is ambiguous.
    This will not be supported by -XDuplicateRecordFields in future releases of GHC.
    |
135 | listFHIRExportJobs_jobStatus = Lens.lens (\ListFHIRExportJobs' {jobStatus} -> jobStatus) (\s@ListFHIRExportJobs' {} a -> s {jobStatus = a} :: ListFHIRExportJobs)
    |                                                                                                                             ^^^^^^^^^^^^^

gen/Amazonka/HealthLake/ListFHIRExportJobs.hs:145:125: warning: [GHC-02256] [-Wambiguous-fields]
    The record update s {nextToken = a} with type ListFHIRExportJobs is ambiguous.
    This will not be supported by -XDuplicateRecordFields in future releases of GHC.
    |
145 | listFHIRExportJobs_nextToken = Lens.lens (\ListFHIRExportJobs' {nextToken} -> nextToken) (\s@ListFHIRExportJobs' {} a -> s {nextToken = a} :: ListFHIRExportJobs)
    |                                                                                                                             ^^^^^^^^^^^^^

gen/Amazonka/HealthLake/ListFHIRExportJobs.hs:160:131: warning: [GHC-02256] [-Wambiguous-fields]
    The record update s {datastoreId = a} with type ListFHIRExportJobs is ambiguous.
    This will not be supported by -XDuplicateRecordFields in future releases of GHC.
    |
160 | listFHIRExportJobs_datastoreId = Lens.lens (\ListFHIRExportJobs' {datastoreId} -> datastoreId) (\s@ListFHIRExportJobs' {} a -> s {datastoreId = a} :: ListFHIRExportJobs)
    |                                                                                                                                   ^^^^^^^^^^^^^^^

gen/Amazonka/HealthLake/ListFHIRExportJobs.hs:281:149: warning: [GHC-02256] [-Wambiguous-fields]
    The record update s {nextToken = a} with type ListFHIRExportJobsResponse is ambiguous.
    This will not be supported by -XDuplicateRecordFields in future releases of GHC.
    |
281 | listFHIRExportJobsResponse_nextToken = Lens.lens (\ListFHIRExportJobsResponse' {nextToken} -> nextToken) (\s@ListFHIRExportJobsResponse' {} a -> s {nextToken = a} :: ListFHIRExportJobsResponse)
    |                                                                                                                                                     ^^^^^^^^^^^^^
[24 of 33] Compiling Amazonka.HealthLake.ListFHIRDatastores

gen/Amazonka/HealthLake/ListFHIRDatastores.hs:100:125: warning: [GHC-02256] [-Wambiguous-fields]
    The record update s {nextToken = a} with type ListFHIRDatastores is ambiguous.
    This will not be supported by -XDuplicateRecordFields in future releases of GHC.
    |
100 | listFHIRDatastores_nextToken = Lens.lens (\ListFHIRDatastores' {nextToken} -> nextToken) (\s@ListFHIRDatastores' {} a -> s {nextToken = a} :: ListFHIRDatastores)
    |                                                                                                                             ^^^^^^^^^^^^^

gen/Amazonka/HealthLake/ListFHIRDatastores.hs:202:149: warning: [GHC-02256] [-Wambiguous-fields]
    The record update s {nextToken = a} with type ListFHIRDatastoresResponse is ambiguous.
    This will not be supported by -XDuplicateRecordFields in future releases of GHC.
    |
202 | listFHIRDatastoresResponse_nextToken = Lens.lens (\ListFHIRDatastoresResponse' {nextToken} -> nextToken) (\s@ListFHIRDatastoresResponse' {} a -> s {nextToken = a} :: ListFHIRDatastoresResponse)
    |                                                                                                                                                     ^^^^^^^^^^^^^
[25 of 33] Compiling Amazonka.HealthLake.DescribeFHIRImportJob

gen/Amazonka/HealthLake/DescribeFHIRImportJob.hs:86:140: warning: [GHC-02256] [-Wambiguous-fields]
    The record update s {datastoreId = a} with type DescribeFHIRImportJob is ambiguous.
    This will not be supported by -XDuplicateRecordFields in future releases of GHC.
   |
86 | describeFHIRImportJob_datastoreId = Lens.lens (\DescribeFHIRImportJob' {datastoreId} -> datastoreId) (\s@DescribeFHIRImportJob' {} a -> s {datastoreId = a} :: DescribeFHIRImportJob)
   |                                                                                                                                            ^^^^^^^^^^^^^^^

gen/Amazonka/HealthLake/DescribeFHIRImportJob.hs:90:122: warning: [GHC-02256] [-Wambiguous-fields]
    The record update s {jobId = a} with type DescribeFHIRImportJob is ambiguous.
    This will not be supported by -XDuplicateRecordFields in future releases of GHC.
   |
90 | describeFHIRImportJob_jobId = Lens.lens (\DescribeFHIRImportJob' {jobId} -> jobId) (\s@DescribeFHIRImportJob' {} a -> s {jobId = a} :: DescribeFHIRImportJob)
   |                                                                                                                          ^^^^^^^^^
[26 of 33] Compiling Amazonka.HealthLake.DescribeFHIRExportJob

gen/Amazonka/HealthLake/DescribeFHIRExportJob.hs:89:140: warning: [GHC-02256] [-Wambiguous-fields]
    The record update s {datastoreId = a} with type DescribeFHIRExportJob is ambiguous.
    This will not be supported by -XDuplicateRecordFields in future releases of GHC.
   |
89 | describeFHIRExportJob_datastoreId = Lens.lens (\DescribeFHIRExportJob' {datastoreId} -> datastoreId) (\s@DescribeFHIRExportJob' {} a -> s {datastoreId = a} :: DescribeFHIRExportJob)
   |                                                                                                                                            ^^^^^^^^^^^^^^^

gen/Amazonka/HealthLake/DescribeFHIRExportJob.hs:93:122: warning: [GHC-02256] [-Wambiguous-fields]
    The record update s {jobId = a} with type DescribeFHIRExportJob is ambiguous.
    This will not be supported by -XDuplicateRecordFields in future releases of GHC.
   |
93 | describeFHIRExportJob_jobId = Lens.lens (\DescribeFHIRExportJob' {jobId} -> jobId) (\s@DescribeFHIRExportJob' {} a -> s {jobId = a} :: DescribeFHIRExportJob)
   |                                                                                                                          ^^^^^^^^^
[27 of 33] Compiling Amazonka.HealthLake.DescribeFHIRDatastore

gen/Amazonka/HealthLake/DescribeFHIRDatastore.hs:81:140: warning: [GHC-02256] [-Wambiguous-fields]
    The record update s {datastoreId = a} with type DescribeFHIRDatastore is ambiguous.
    This will not be supported by -XDuplicateRecordFields in future releases of GHC.
   |
81 | describeFHIRDatastore_datastoreId = Lens.lens (\DescribeFHIRDatastore' {datastoreId} -> datastoreId) (\s@DescribeFHIRDatastore' {} a -> s {datastoreId = a} :: DescribeFHIRDatastore)
   |                                                                                                                                            ^^^^^^^^^^^^^^^
[28 of 33] Compiling Amazonka.HealthLake.DeleteFHIRDatastore

gen/Amazonka/HealthLake/DeleteFHIRDatastore.hs:76:134: warning: [GHC-02256] [-Wambiguous-fields]
    The record update s {datastoreId = a} with type DeleteFHIRDatastore is ambiguous.
    This will not be supported by -XDuplicateRecordFields in future releases of GHC.
   |
76 | deleteFHIRDatastore_datastoreId = Lens.lens (\DeleteFHIRDatastore' {datastoreId} -> datastoreId) (\s@DeleteFHIRDatastore' {} a -> s {datastoreId = a} :: DeleteFHIRDatastore)
   |                                                                                                                                      ^^^^^^^^^^^^^^^

gen/Amazonka/HealthLake/DeleteFHIRDatastore.hs:200:158: warning: [GHC-02256] [-Wambiguous-fields]
    The record update s {datastoreId = a} with type DeleteFHIRDatastoreResponse is ambiguous.
    This will not be supported by -XDuplicateRecordFields in future releases of GHC.
    |
200 | deleteFHIRDatastoreResponse_datastoreId = Lens.lens (\DeleteFHIRDatastoreResponse' {datastoreId} -> datastoreId) (\s@DeleteFHIRDatastoreResponse' {} a -> s {datastoreId = a} :: DeleteFHIRDatastoreResponse)
    |                                                                                                                                                              ^^^^^^^^^^^^^^^

gen/Amazonka/HealthLake/DeleteFHIRDatastore.hs:205:161: warning: [GHC-02256] [-Wambiguous-fields]
    The record update s {datastoreArn = a} with type DeleteFHIRDatastoreResponse is ambiguous.
    This will not be supported by -XDuplicateRecordFields in future releases of GHC.
    |
205 | deleteFHIRDatastoreResponse_datastoreArn = Lens.lens (\DeleteFHIRDatastoreResponse' {datastoreArn} -> datastoreArn) (\s@DeleteFHIRDatastoreResponse' {} a -> s {datastoreArn = a} :: DeleteFHIRDatastoreResponse)
    |                                                                                                                                                                 ^^^^^^^^^^^^^^^^

gen/Amazonka/HealthLake/DeleteFHIRDatastore.hs:209:170: warning: [GHC-02256] [-Wambiguous-fields]
    The record update s {datastoreStatus = a} with type DeleteFHIRDatastoreResponse is ambiguous.
    This will not be supported by -XDuplicateRecordFields in future releases of GHC.
    |
209 | deleteFHIRDatastoreResponse_datastoreStatus = Lens.lens (\DeleteFHIRDatastoreResponse' {datastoreStatus} -> datastoreStatus) (\s@DeleteFHIRDatastoreResponse' {} a -> s {datastoreStatus = a} :: DeleteFHIRDatastoreResponse)
    |                                                                                                                                                                          ^^^^^^^^^^^^^^^^^^^

gen/Amazonka/HealthLake/DeleteFHIRDatastore.hs:214:176: warning: [GHC-02256] [-Wambiguous-fields]
    The record update s {datastoreEndpoint = a} with type DeleteFHIRDatastoreResponse is ambiguous.
    This will not be supported by -XDuplicateRecordFields in future releases of GHC.
    |
214 | deleteFHIRDatastoreResponse_datastoreEndpoint = Lens.lens (\DeleteFHIRDatastoreResponse' {datastoreEndpoint} -> datastoreEndpoint) (\s@DeleteFHIRDatastoreResponse' {} a -> s {datastoreEndpoint = a} :: DeleteFHIRDatastoreResponse)
    |                                                                                                                                                                                ^^^^^^^^^^^^^^^^^^^^^
[29 of 33] Compiling Amazonka.HealthLake.CreateFHIRDatastore

gen/Amazonka/HealthLake/CreateFHIRDatastore.hs:120:140: warning: [GHC-02256] [-Wambiguous-fields]
    The record update s {datastoreName = a} with type CreateFHIRDatastore is ambiguous.
    This will not be supported by -XDuplicateRecordFields in future releases of GHC.
    |
120 | createFHIRDatastore_datastoreName = Lens.lens (\CreateFHIRDatastore' {datastoreName} -> datastoreName) (\s@CreateFHIRDatastore' {} a -> s {datastoreName = a} :: CreateFHIRDatastore)
    |                                                                                                                                            ^^^^^^^^^^^^^^^^^

gen/Amazonka/HealthLake/CreateFHIRDatastore.hs:126:152: warning: [GHC-02256] [-Wambiguous-fields]
    The record update s {preloadDataConfig = a} with type CreateFHIRDatastore is ambiguous.
    This will not be supported by -XDuplicateRecordFields in future releases of GHC.
    |
126 | createFHIRDatastore_preloadDataConfig = Lens.lens (\CreateFHIRDatastore' {preloadDataConfig} -> preloadDataConfig) (\s@CreateFHIRDatastore' {} a -> s {preloadDataConfig = a} :: CreateFHIRDatastore)
    |                                                                                                                                                        ^^^^^^^^^^^^^^^^^^^^^

gen/Amazonka/HealthLake/CreateFHIRDatastore.hs:131:149: warning: [GHC-02256] [-Wambiguous-fields]
    The record update s {sseConfiguration = a} with type CreateFHIRDatastore is ambiguous.
    This will not be supported by -XDuplicateRecordFields in future releases of GHC.
    |
131 | createFHIRDatastore_sseConfiguration = Lens.lens (\CreateFHIRDatastore' {sseConfiguration} -> sseConfiguration) (\s@CreateFHIRDatastore' {} a -> s {sseConfiguration = a} :: CreateFHIRDatastore)
    |                                                                                                                                                     ^^^^^^^^^^^^^^^^^^^^

gen/Amazonka/HealthLake/CreateFHIRDatastore.hs:139:161: warning: [GHC-02256] [-Wambiguous-fields]
    The record update s {datastoreTypeVersion = a} with type CreateFHIRDatastore is ambiguous.
    This will not be supported by -XDuplicateRecordFields in future releases of GHC.
    |
139 | createFHIRDatastore_datastoreTypeVersion = Lens.lens (\CreateFHIRDatastore' {datastoreTypeVersion} -> datastoreTypeVersion) (\s@CreateFHIRDatastore' {} a -> s {datastoreTypeVersion = a} :: CreateFHIRDatastore)
    |                                                                                                                                                                 ^^^^^^^^^^^^^^^^^^^^^^^^

gen/Amazonka/HealthLake/CreateFHIRDatastore.hs:290:158: warning: [GHC-02256] [-Wambiguous-fields]
    The record update s {datastoreId = a} with type CreateFHIRDatastoreResponse is ambiguous.
    This will not be supported by -XDuplicateRecordFields in future releases of GHC.
    |
290 | createFHIRDatastoreResponse_datastoreId = Lens.lens (\CreateFHIRDatastoreResponse' {datastoreId} -> datastoreId) (\s@CreateFHIRDatastoreResponse' {} a -> s {datastoreId = a} :: CreateFHIRDatastoreResponse)
    |                                                                                                                                                              ^^^^^^^^^^^^^^^

gen/Amazonka/HealthLake/CreateFHIRDatastore.hs:295:161: warning: [GHC-02256] [-Wambiguous-fields]
    The record update s {datastoreArn = a} with type CreateFHIRDatastoreResponse is ambiguous.
    This will not be supported by -XDuplicateRecordFields in future releases of GHC.
    |
295 | createFHIRDatastoreResponse_datastoreArn = Lens.lens (\CreateFHIRDatastoreResponse' {datastoreArn} -> datastoreArn) (\s@CreateFHIRDatastoreResponse' {} a -> s {datastoreArn = a} :: CreateFHIRDatastoreResponse)
    |                                                                                                                                                                 ^^^^^^^^^^^^^^^^

gen/Amazonka/HealthLake/CreateFHIRDatastore.hs:300:170: warning: [GHC-02256] [-Wambiguous-fields]
    The record update s {datastoreStatus = a} with type CreateFHIRDatastoreResponse is ambiguous.
    This will not be supported by -XDuplicateRecordFields in future releases of GHC.
    |
300 | createFHIRDatastoreResponse_datastoreStatus = Lens.lens (\CreateFHIRDatastoreResponse' {datastoreStatus} -> datastoreStatus) (\s@CreateFHIRDatastoreResponse' {} a -> s {datastoreStatus = a} :: CreateFHIRDatastoreResponse)
    |                                                                                                                                                                          ^^^^^^^^^^^^^^^^^^^

gen/Amazonka/HealthLake/CreateFHIRDatastore.hs:305:176: warning: [GHC-02256] [-Wambiguous-fields]
    The record update s {datastoreEndpoint = a} with type CreateFHIRDatastoreResponse is ambiguous.
    This will not be supported by -XDuplicateRecordFields in future releases of GHC.
    |
305 | createFHIRDatastoreResponse_datastoreEndpoint = Lens.lens (\CreateFHIRDatastoreResponse' {datastoreEndpoint} -> datastoreEndpoint) (\s@CreateFHIRDatastoreResponse' {} a -> s {datastoreEndpoint = a} :: CreateFHIRDatastoreResponse)
    |                                                                                                                                                                                ^^^^^^^^^^^^^^^^^^^^^
[30 of 33] Compiling Amazonka.HealthLake.UntagResource
[31 of 33] Compiling Amazonka.HealthLake.Lens
[32 of 33] Compiling Amazonka.HealthLake.Waiters
[33 of 33] Compiling Amazonka.HealthLake
Configuring test suite 'amazonka-healthlake-test' for amazonka-healthlake-2.0...
Preprocessing test suite 'amazonka-healthlake-test' for amazonka-healthlake-2.0...
Building test suite 'amazonka-healthlake-test' for amazonka-healthlake-2.0...
[1 of 4] Compiling Test.Amazonka.HealthLake
[2 of 4] Compiling Test.Amazonka.HealthLake.Internal
[3 of 4] Compiling Test.Amazonka.Gen.HealthLake
[4 of 4] Compiling Main
[5 of 5] Linking /tmp/workdir-amazonka-healthlake/amazonka-healthlake-2.0/dist-newstyle/build/x86_64-linux/ghc-9.6.6/amazonka-healthlake-2.0/t/amazonka-healthlake-test/build/amazonka-healthlake-test/amazonka-healthlake-test
