Build profile: -w ghc-9.6.6 -O1
In order, the following will be built (use -v for more details):
 - rrb-vector-0.2.1.0 (lib) (first run)
 - rrb-vector-0.2.1.0 (test:test) (first run)
Configuring library for rrb-vector-0.2.1.0...
Preprocessing library for rrb-vector-0.2.1.0...
Building library for rrb-vector-0.2.1.0...
[1 of 6] Compiling Data.RRBVector.Internal.Array
[2 of 6] Compiling Data.RRBVector.Internal.IntRef
[3 of 6] Compiling Data.RRBVector.Internal.Buffer
[4 of 6] Compiling Data.RRBVector.Internal

src/Data/RRBVector/Internal.hs:722:47: warning: [GHC-62161] [-Wincomplete-uni-patterns]
    Pattern match(es) are non-exhaustive
    In a lambda abstraction:
        Patterns of type ‘Tree a’ not matched:
            Balanced _
            Unbalanced _ _
    |
722 |         | sh == blockShift = mergeRebalance' (\(Leaf arr) -> arr) Leaf
    |                                               ^^^^^^^^^^^^^^^^^^
[5 of 6] Compiling Data.RRBVector.Internal.Debug
[6 of 6] Compiling Data.RRBVector
Configuring test suite 'test' for rrb-vector-0.2.1.0...
Preprocessing test suite 'test' for rrb-vector-0.2.1.0...
Building test suite 'test' for rrb-vector-0.2.1.0...
[1 of 4] Compiling Arbitrary
[2 of 4] Compiling Properties
[3 of 4] Compiling Strictness
[4 of 4] Compiling Main
[5 of 5] Linking /tmp/workdir-rrb-vector/rrb-vector-0.2.1.0/dist-newstyle/build/x86_64-linux/ghc-9.6.6/rrb-vector-0.2.1.0/t/test/build/test/test
