Build profile: -w ghc-9.6.6 -O1
In order, the following will be built (use -v for more details):
 - nanovg-0.8.1.0 (lib) (first run)
 - nanovg-0.8.1.0 (test:nanovg-test) (first run)
Configuring library for nanovg-0.8.1.0...
Preprocessing library for nanovg-0.8.1.0...
Building library for nanovg-0.8.1.0...
[ 1 of 18] Compiling NanoVG.Internal.Color

src/NanoVG/Internal/Color.chs:8:1: warning: [-Wunused-imports]
    The import of ‘Control.Applicative’ is redundant
      except perhaps to import instances from ‘Control.Applicative’
    To import instances alone, use: import Control.Applicative()
  |
8 | import Foreign.Storable
  | ^^^^^^^^^^^^^^^^^^^^^^^^^^^^^^^^^
[ 2 of 18] Compiling NanoVG.Internal.Context
[ 3 of 18] Compiling NanoVG.Internal.CreateContext

src/NanoVG/Internal/CreateContext.chs:2:1: warning: [-Wunused-imports]
    The qualified import of ‘Foreign.Ptr’ is redundant
      except perhaps to import instances from ‘Foreign.Ptr’
    To import instances alone, use: import Foreign.Ptr()
  |
2 | 
  | ^^^^^^^^^^^^^^^^^^^^^^^^^^^^^^^^^^^^^^^

src/NanoVG/Internal/CreateContext.chs:7:1: warning: [GHC-99623] [-Wdodgy-imports]
    The import item ‘Word32(..)’ suggests that
    ‘Word32’ has (in-scope) constructors or class methods,
    but it has none
  |
7 | #include "nanovg_gl.h"
  | ^^^^^^^^^^^^^^^^^^^^^^^^^^^^^
[ 4 of 18] Compiling NanoVG.Internal.FFIHelpers
[ 5 of 18] Compiling NanoVG.Internal.FixedVector

src/NanoVG/Internal/FixedVector.hs:4:1: warning: [-Wunused-imports]
    The import of ‘Data.Foldable’ is redundant
      except perhaps to import instances from ‘Data.Foldable’
    To import instances alone, use: import Data.Foldable()
  |
4 | import Data.Foldable (Foldable)
  | ^^^^^^^^^^^^^^^^^^^^^^^^^^^^^^^

src/NanoVG/Internal/FixedVector.hs:5:1: warning: [-Wunused-imports]
    The import of ‘Data.Traversable’ is redundant
      except perhaps to import instances from ‘Data.Traversable’
    To import instances alone, use: import Data.Traversable()
  |
5 | import Data.Traversable (Traversable)
  | ^^^^^^^^^^^^^^^^^^^^^^^^^^^^^^^^^^^^^
[ 6 of 18] Compiling NanoVG.Internal.GlobalComposite

src/NanoVG/Internal/GlobalComposite.chs:3:1: warning: [-Wunused-imports]
    The qualified import of ‘Foreign.Ptr’ is redundant
      except perhaps to import instances from ‘Foreign.Ptr’
    To import instances alone, use: import Foreign.Ptr()
  |
3 | import NanoVG.Internal.Context
  | ^^^^^^^^^^^^^^^^^^^^^^^^^^^^^^^^^^^^^^^
[ 7 of 18] Compiling NanoVG.Internal.Path

src/NanoVG/Internal/Path.chs:3:1: warning: [-Wunused-imports]
    The qualified import of ‘Foreign.Ptr’ is redundant
      except perhaps to import instances from ‘Foreign.Ptr’
    To import instances alone, use: import Foreign.Ptr()
  |
3 | import Foreign.C.Types
  | ^^^^^^^^^^^^^^^^^^^^^^^^^^^^^^^^^^^^^^^
[ 8 of 18] Compiling NanoVG.Internal.Scissor

src/NanoVG/Internal/Scissor.chs:3:1: warning: [-Wunused-imports]
    The qualified import of ‘Foreign.Ptr’ is redundant
      except perhaps to import instances from ‘Foreign.Ptr’
    To import instances alone, use: import Foreign.Ptr()
  |
3 | import Foreign.C.Types
  | ^^^^^^^^^^^^^^^^^^^^^^^^^^^^^^^^^^^^^^^
[ 9 of 18] Compiling NanoVG.Internal.State

src/NanoVG/Internal/State.chs:2:1: warning: [-Wunused-imports]
    The qualified import of ‘Foreign.Ptr’ is redundant
      except perhaps to import instances from ‘Foreign.Ptr’
    To import instances alone, use: import Foreign.Ptr()
  |
2 | 
  | ^^^^^^^^^^^^^^^^^^^^^^^^^^^^^^^^^^^^^^^
[10 of 18] Compiling NanoVG.Internal.Transformation

src/NanoVG/Internal/Transformation.chs:9:1: warning: [-Wunused-imports]
    The import of ‘Control.Applicative’ is redundant
      except perhaps to import instances from ‘Control.Applicative’
    To import instances alone, use: import Control.Applicative()
  |
9 | import Foreign.Storable
  | ^^^^^^^^^^^^^^^^^^^^^^^^^^^^^^^^^
[11 of 18] Compiling NanoVG.Internal.Types
[12 of 18] Compiling NanoVG.Internal.Text

src/NanoVG/Internal/Text.chs:10:1: warning: [-Wunused-imports]
    The import of ‘Control.Applicative’ is redundant
      except perhaps to import instances from ‘Control.Applicative’
    To import instances alone, use: import Control.Applicative()
   |
10 | import           Foreign.Marshal.Alloc
   | ^^^^^^^^^^^^^^^^^^^^^^^^^^^^^^^^^^^^^^^^^^^
[13 of 18] Compiling NanoVG.Internal.Paint

src/NanoVG/Internal/Paint.chs:9:1: warning: [-Wunused-imports]
    The import of ‘Control.Applicative’ is redundant
      except perhaps to import instances from ‘Control.Applicative’
    To import instances alone, use: import Control.Applicative()
  |
9 | import Foreign.Storable
  | ^^^^^^^^^^^^^^^^^^^^^^^^^^^^^^^^^
[14 of 18] Compiling NanoVG.Internal.Style

src/NanoVG/Internal/Style.chs:3:1: warning: [-Wunused-imports]
    The qualified import of ‘Foreign.Ptr’ is redundant
      except perhaps to import instances from ‘Foreign.Ptr’
    To import instances alone, use: import Foreign.Ptr()
  |
3 | import Foreign.C.Types
  | ^^^^^^^^^^^^^^^^^^^^^^^^^^^^^^^^^^^^^^^
[15 of 18] Compiling NanoVG.Internal.Image
[16 of 18] Compiling NanoVG.Internal.GL3

src/NanoVG/Internal/GL3.chs:8:1: warning: [-Wunused-imports]
    The import of ‘Data.Word’ is redundant
      except perhaps to import instances from ‘Data.Word’
    To import instances alone, use: import Data.Word()
  |
8 | import           NanoVG.Internal.Types
  | ^^^^^^^^^^^^^^^^^^^^^^^^^^
[17 of 18] Compiling NanoVG.Internal

src/NanoVG/Internal.chs:106:1: warning: [-Wunused-imports]
    The qualified import of ‘Foreign.Ptr’ is redundant
      except perhaps to import instances from ‘Foreign.Ptr’
    To import instances alone, use: import Foreign.Ptr()
    |
106 | import Foreign.C.Types
    | ^^^^^^^^^^^^^^^^^^^^^^^^^^^^^^^^^^^^^^^
[18 of 18] Compiling NanoVG

src/NanoVG.hs:156:1: warning: [-Wunused-imports]
    The import of ‘Data.Functor’ is redundant
      except perhaps to import instances from ‘Data.Functor’
    To import instances alone, use: import Data.Functor()
    |
156 | import           Data.Functor ((<$>))
    | ^^^^^^^^^^^^^^^^^^^^^^^^^^^^^^^^^^^^^
Configuring test suite 'nanovg-test' for nanovg-0.8.1.0...
Preprocessing test suite 'nanovg-test' for nanovg-0.8.1.0...
Building test suite 'nanovg-test' for nanovg-0.8.1.0...
[1 of 3] Compiling Contexts
[2 of 3] Compiling NanoVGSpec
[3 of 3] Compiling Main
[4 of 4] Linking /tmp/workdir-nanovg/nanovg-0.8.1.0/dist-newstyle/build/x86_64-linux/ghc-9.6.6/nanovg-0.8.1.0/t/nanovg-test/build/nanovg-test/nanovg-test
