Build profile: -w ghc-9.6.6 -O1
In order, the following will be built (use -v for more details):
 - intervals-0.9.2 (lib) (first run)
 - intervals-0.9.2 (test:doctests) (first run)
Configuring library for intervals-0.9.2...
Preprocessing library for intervals-0.9.2...
Building library for intervals-0.9.2...
[1 of 6] Compiling Numeric.Interval.Exception
[2 of 6] Compiling Numeric.Interval.Internal
[3 of 6] Compiling Numeric.Interval
[4 of 6] Compiling Numeric.Interval.Kaucher

src/Numeric/Interval/Kaucher.hs:120:3: warning: [-Wnoncanonical-monad-instances]
    Noncanonical ‘return’ definition detected
    in the instance declaration for ‘Monad Interval’.
    ‘return’ will eventually be removed in favour of ‘pure’
    Either remove definition for ‘return’ (recommended) or define as ‘return = pure’
    See also: https://gitlab.haskell.org/ghc/ghc/-/wikis/proposal/monad-of-no-return
    |
120 |   return a = I a a
    |   ^^^^^^^^^^^^^^^^
[5 of 6] Compiling Numeric.Interval.NonEmpty.Internal
[6 of 6] Compiling Numeric.Interval.NonEmpty
Configuring test suite 'doctests' for intervals-0.9.2...
Preprocessing test suite 'doctests' for intervals-0.9.2...
Building test suite 'doctests' for intervals-0.9.2...
[1 of 1] Compiling Main
[2 of 2] Linking /tmp/workdir-intervals/intervals-0.9.2/dist-newstyle/build/x86_64-linux/ghc-9.6.6/intervals-0.9.2/t/doctests/build/doctests/doctests
