Build profile: -w ghc-9.6.6 -O1
In order, the following will be built (use -v for more details):
 - quickcheck-transformer-0.3.1.2 (lib) (first run)
Configuring library for quickcheck-transformer-0.3.1.2...
Preprocessing library for quickcheck-transformer-0.3.1.2...
Building library for quickcheck-transformer-0.3.1.2...
[1 of 2] Compiling Test.QuickCheck.GenT.Private

src-fail/from-4.13/Test/QuickCheck/GenT/Private.hs:17:3: warning: [-Wnoncanonical-monad-instances]
    Noncanonical ‘return’ definition detected
    in the instance declaration for ‘Monad (GenT m)’.
    ‘return’ will eventually be removed in favour of ‘pure’
    Either remove definition for ‘return’ (recommended) or define as ‘return = pure’
    See also: https://gitlab.haskell.org/ghc/ghc/-/wikis/proposal/monad-of-no-return
   |
17 |   return a = GenT (\_ _ -> return a)
   |   ^^^^^^^^^^^^^^^^^^^^^^^^^^^^^^^^^^

src-fail/from-4.13/Test/QuickCheck/GenT/Private.hs:27:3: warning: [-Wnoncanonical-monad-instances]
    Noncanonical ‘pure = return’ definition detected
    in the instance declaration for ‘Applicative (GenT m)’.
    Move definition from ‘return’ to ‘pure’
    See also: https://gitlab.haskell.org/ghc/ghc/-/wikis/proposal/monad-of-no-return
   |
27 |   pure = return
   |   ^^^^^^^^^^^^^
[2 of 2] Compiling Test.QuickCheck.GenT

src/Test/QuickCheck/GenT.hs:30:1: warning: [-Wunused-imports]
    The import of ‘Control.Applicative’ is redundant
      except perhaps to import instances from ‘Control.Applicative’
    To import instances alone, use: import Control.Applicative()
   |
30 | import Control.Applicative (Applicative, (<$>))
   | ^^^^^^^^^^^^^^^^^^^^^^^^^^^^^^^^^^^^^^^^^^^^^^^
