Build profile: -w ghc-9.6.6 -O1
In order, the following will be built (use -v for more details):
 - file-io-0.1.4 (lib) (first run)
 - file-io-0.1.4 (test:T15Win) (first run)
 - file-io-0.1.4 (test:T8) (first run)
 - file-io-0.1.4 (test:T15) (first run)
 - file-io-0.1.4 (test:T14) (first run)
 - file-io-0.1.4 (test:Properties) (first run)
 - file-io-0.1.4 (test:CLC237) (first run)
Configuring library for file-io-0.1.4...
Preprocessing library for file-io-0.1.4...
Building library for file-io-0.1.4...
[1 of 5] Compiling System.File.Platform

posix/System/File/Platform.hs:34:1: warning: [-Wdeprecations]
    Module ‘System.OsString.Internal.Types’ is deprecated:
      "Use System.OsString.Internal.Types from os-string >= 2.0.0 package instead. This module will be removed in filepath >= 1.5."
   |
34 | import "filepath" System.OsString.Internal.Types (PosixString(..), PosixChar(..))
   | ^^^^^^^^^^^^^^^^^^^^^^^^^^^^^^^^^^^^^^^^^^^^^^^^^^^^^^^^^^^^^^^^^^^^^^^^^^^^^^^^^

posix/System/File/Platform.hs:35:1: warning: [-Wdeprecations]
    Module ‘System.OsPath.Data.ByteString.Short’ is deprecated:
      "Use System.OsString.Data.ByteString.Short from os-string >= 2.0.0 package instead. This module will be removed in filepath >= 1.5."
   |
35 | import qualified "filepath" System.OsPath.Data.ByteString.Short as BC
   | ^^^^^^^^^^^^^^^^^^^^^^^^^^^^^^^^^^^^^^^^^^^^^^^^^^^^^^^^^^^^^^^^^^^^^
[2 of 5] Compiling System.File.OsPath.Internal

System/File/OsPath/Internal.hs:25:1: warning: [-Wdeprecations]
    Module ‘System.OsString.Internal.Types’ is deprecated:
      "Use System.OsString.Internal.Types from os-string >= 2.0.0 package instead. This module will be removed in filepath >= 1.5."
   |
25 | import System.OsString.Internal.Types
   | ^^^^^^^^^^^^^^^^^^^^^^^^^^^^^^^^^^^^^
[3 of 5] Compiling System.File.OsPath
[4 of 5] Compiling System.File.PlatformPath.Internal

System/File/PlatformPath/Internal.hs:34:1: warning: [-Wdeprecations]
    Module ‘System.OsString.Internal.Types’ is deprecated:
      "Use System.OsString.Internal.Types from os-string >= 2.0.0 package instead. This module will be removed in filepath >= 1.5."
   |
34 | import System.OsString.Internal.Types
   | ^^^^^^^^^^^^^^^^^^^^^^^^^^^^^^^^^^^^^
[5 of 5] Compiling System.File.PlatformPath
Configuring test suite 'T15Win' for file-io-0.1.4...
Preprocessing test suite 'T15Win' for file-io-0.1.4...
Building test suite 'T15Win' for file-io-0.1.4...
[1 of 1] Compiling Main
[2 of 2] Linking /tmp/workdir-file-io/file-io-0.1.4/dist-newstyle/build/x86_64-linux/ghc-9.6.6/file-io-0.1.4/t/T15Win/build/T15Win/T15Win
Configuring test suite 'T8' for file-io-0.1.4...
Preprocessing test suite 'T8' for file-io-0.1.4...
Building test suite 'T8' for file-io-0.1.4...
[1 of 1] Compiling Main
[2 of 2] Linking /tmp/workdir-file-io/file-io-0.1.4/dist-newstyle/build/x86_64-linux/ghc-9.6.6/file-io-0.1.4/t/T8/build/T8/T8
Configuring test suite 'T15' for file-io-0.1.4...
Preprocessing test suite 'T15' for file-io-0.1.4...
Building test suite 'T15' for file-io-0.1.4...
[1 of 1] Compiling Main
[2 of 2] Linking /tmp/workdir-file-io/file-io-0.1.4/dist-newstyle/build/x86_64-linux/ghc-9.6.6/file-io-0.1.4/t/T15/build/T15/T15
Configuring test suite 'T14' for file-io-0.1.4...
Preprocessing test suite 'T14' for file-io-0.1.4...
Building test suite 'T14' for file-io-0.1.4...
[1 of 1] Compiling Main
[2 of 2] Linking /tmp/workdir-file-io/file-io-0.1.4/dist-newstyle/build/x86_64-linux/ghc-9.6.6/file-io-0.1.4/t/T14/build/T14/T14
Configuring test suite 'Properties' for file-io-0.1.4...
Preprocessing test suite 'Properties' for file-io-0.1.4...
Building test suite 'Properties' for file-io-0.1.4...
[1 of 1] Compiling Main
[2 of 2] Linking /tmp/workdir-file-io/file-io-0.1.4/dist-newstyle/build/x86_64-linux/ghc-9.6.6/file-io-0.1.4/t/Properties/build/Properties/Properties
Configuring test suite 'CLC237' for file-io-0.1.4...
Preprocessing test suite 'CLC237' for file-io-0.1.4...
Building test suite 'CLC237' for file-io-0.1.4...
[1 of 1] Compiling Main
[2 of 2] Linking /tmp/workdir-file-io/file-io-0.1.4/dist-newstyle/build/x86_64-linux/ghc-9.6.6/file-io-0.1.4/t/CLC237/build/CLC237/CLC237
