Build profile: -w ghc-9.6.6 -O1
In order, the following will be built (use -v for more details):
 - rcu-0.2.7 (lib) (first run)
 - rcu-0.2.7 (exe:MoveStringQSBR) (first run)
 - rcu-0.2.7 (exe:MoveStringGC) (first run)
Configuring library for rcu-0.2.7...
Preprocessing library for rcu-0.2.7...
Building library for rcu-0.2.7...
[1 of 5] Compiling Control.Concurrent.RCU.Class
[2 of 5] Compiling Control.Concurrent.RCU.GC.Internal
[3 of 5] Compiling Control.Concurrent.RCU.GC
[4 of 5] Compiling Control.Concurrent.RCU.QSBR.Internal
[5 of 5] Compiling Control.Concurrent.RCU.QSBR
Configuring executable 'MoveStringQSBR' for rcu-0.2.7...
Preprocessing executable 'MoveStringQSBR' for rcu-0.2.7...
Building executable 'MoveStringQSBR' for rcu-0.2.7...
[1 of 1] Compiling Main
[2 of 2] Linking /tmp/workdir-rcu/rcu-0.2.7/dist-newstyle/build/x86_64-linux/ghc-9.6.6/rcu-0.2.7/x/MoveStringQSBR/build/MoveStringQSBR/MoveStringQSBR
Configuring executable 'MoveStringGC' for rcu-0.2.7...
Preprocessing executable 'MoveStringGC' for rcu-0.2.7...
Building executable 'MoveStringGC' for rcu-0.2.7...
[1 of 1] Compiling Main
[2 of 2] Linking /tmp/workdir-rcu/rcu-0.2.7/dist-newstyle/build/x86_64-linux/ghc-9.6.6/rcu-0.2.7/x/MoveStringGC/build/MoveStringGC/MoveStringGC
