Build profile: -w ghc-9.6.6 -O1
In order, the following will be built (use -v for more details):
 - unliftio-0.2.25.0 (lib) (first run)
 - unliftio-0.2.25.0 (test:unliftio-spec) (first run)
Configuring library for unliftio-0.2.25.0...
Preprocessing library for unliftio-0.2.25.0...
Building library for unliftio-0.2.25.0...
[ 1 of 23] Compiling Paths_unliftio
[ 2 of 23] Compiling UnliftIO.Chan
[ 3 of 23] Compiling UnliftIO.Directory
[ 4 of 23] Compiling UnliftIO.Environment
[ 5 of 23] Compiling UnliftIO.Exception
[ 6 of 23] Compiling UnliftIO.Exception.Lens
[ 7 of 23] Compiling UnliftIO.Foreign
[ 8 of 23] Compiling UnliftIO.IO
[ 9 of 23] Compiling UnliftIO.IORef
[10 of 23] Compiling UnliftIO.Internals.Async

src/UnliftIO/Internals/Async.hs:513:3: warning: [-Wnoncanonical-monoid-instances]
    Noncanonical ‘mappend’ definition detected
    in the instance declaration for ‘Monoid (Conc m a)’.
    ‘mappend’ will eventually be removed in favour of ‘(<>)’
    Either remove definition for ‘mappend’ (recommended) or define as ‘mappend = (<>)’
    See also: https://gitlab.haskell.org/ghc/ghc/-/wikis/proposal/semigroup-monoid
    |
513 |   mappend = liftA2 mappend
    |   ^^^^^^^^^^^^^^^^^^^^^^^^
[11 of 23] Compiling UnliftIO.Async
[12 of 23] Compiling UnliftIO.MVar
[13 of 23] Compiling UnliftIO.IO.File.Posix
[14 of 23] Compiling UnliftIO.IO.File
[15 of 23] Compiling UnliftIO.Concurrent
[16 of 23] Compiling UnliftIO.Memoize
[17 of 23] Compiling UnliftIO.Process
[18 of 23] Compiling UnliftIO.QSem
[19 of 23] Compiling UnliftIO.QSemN
[20 of 23] Compiling UnliftIO.STM
[21 of 23] Compiling UnliftIO.Temporary
[22 of 23] Compiling UnliftIO.Timeout
[23 of 23] Compiling UnliftIO
Configuring test suite 'unliftio-spec' for unliftio-0.2.25.0...
Preprocessing test suite 'unliftio-spec' for unliftio-0.2.25.0...
Building test suite 'unliftio-spec' for unliftio-0.2.25.0...
[1 of 9] Compiling Paths_unliftio
[2 of 9] Compiling UnliftIO.AsyncSpec
[3 of 9] Compiling UnliftIO.DirectorySpec
[4 of 9] Compiling UnliftIO.ExceptionSpec
[5 of 9] Compiling UnliftIO.IO.FileSpec
[6 of 9] Compiling UnliftIO.IOSpec
[7 of 9] Compiling UnliftIO.MemoizeSpec
[8 of 9] Compiling UnliftIO.PooledAsyncSpec
[9 of 9] Compiling Main
[10 of 10] Linking /tmp/workdir-unliftio/unliftio-0.2.25.0/dist-newstyle/build/x86_64-linux/ghc-9.6.6/unliftio-0.2.25.0/t/unliftio-spec/build/unliftio-spec/unliftio-spec
