Build profile: -w ghc-9.6.6 -O1
In order, the following will be built (use -v for more details):
 - http-date-0.0.11 (lib) (first run)
 - http-date-0.0.11 (test:doctests) (first run)
 - http-date-0.0.11 (test:spec) (first run)
Configuring library for http-date-0.0.11...
Preprocessing library for http-date-0.0.11...
Building library for http-date-0.0.11...
[1 of 5] Compiling Network.HTTP.Date.Types
[2 of 5] Compiling Network.HTTP.Date.Parser
[3 of 5] Compiling Network.HTTP.Date.Formatter

Network/HTTP/Date/Formatter.hs:51:7: warning: [GHC-68441] [-Wdeprecations]
    In the use of ‘memcpy’
    (imported from Data.ByteString.Internal, but defined in Data.ByteString.Internal.Type):
    Deprecated: "Use Foreign.Marshal.Utils.copyBytes instead"
   |
51 |       memcpy ptr (fp `plusPtr` o) 3
   |       ^^^^^^
[4 of 5] Compiling Network.HTTP.Date.Converter
[5 of 5] Compiling Network.HTTP.Date
Configuring test suite 'doctests' for http-date-0.0.11...
Preprocessing test suite 'doctests' for http-date-0.0.11...
Building test suite 'doctests' for http-date-0.0.11...
[1 of 1] Compiling Main
[2 of 2] Linking /tmp/workdir-http-date/http-date-0.0.11/dist-newstyle/build/x86_64-linux/ghc-9.6.6/http-date-0.0.11/t/doctests/build/doctests/doctests
Configuring test suite 'spec' for http-date-0.0.11...
Preprocessing test suite 'spec' for http-date-0.0.11...
Building test suite 'spec' for http-date-0.0.11...
[1 of 3] Compiling Model
[2 of 3] Compiling DateSpec
[3 of 3] Compiling Main
[4 of 4] Linking /tmp/workdir-http-date/http-date-0.0.11/dist-newstyle/build/x86_64-linux/ghc-9.6.6/http-date-0.0.11/t/spec/build/spec/spec
