Build profile: -w ghc-9.6.6 -O1
In order, the following will be built (use -v for more details):
 - sound-collage-0.2.1 (exe:sound-collage) (first run)
Configuring executable 'sound-collage' for sound-collage-0.2.1...
Preprocessing executable 'sound-collage' for sound-collage-0.2.1...
Building executable 'sound-collage' for sound-collage-0.2.1...
[1 of 4] Compiling PathFormat
[2 of 4] Compiling Option

src/Option.hs:14:1: warning: [-Wunused-imports]
    The import of ‘Control.Applicative’ is redundant
      except perhaps to import instances from ‘Control.Applicative’
    To import instances alone, use: import Control.Applicative()
   |
14 | import Control.Applicative (pure, (<*>), )
   | ^^^^^^^^^^^^^^^^^^^^^^^^^^^^^^^^^^^^^^^^^^

src/Option.hs:15:1: warning: [-Wunused-imports]
    The import of ‘Data.Monoid’ is redundant
      except perhaps to import instances from ‘Data.Monoid’
    To import instances alone, use: import Data.Monoid()
   |
15 | import Data.Monoid ((<>), )
   | ^^^^^^^^^^^^^^^^^^^^^^^^^^^
[3 of 4] Compiling SoundCollage
[4 of 4] Compiling Main

src/Main.hs:16:1: warning: [-Wunused-imports]
    The import of ‘Control.Applicative’ is redundant
      except perhaps to import instances from ‘Control.Applicative’
    To import instances alone, use: import Control.Applicative()
   |
16 | import Control.Applicative (pure, (<*>), )
   | ^^^^^^^^^^^^^^^^^^^^^^^^^^^^^^^^^^^^^^^^^^

src/Main.hs:17:1: warning: [-Wunused-imports]
    The import of ‘Data.Monoid’ is redundant
      except perhaps to import instances from ‘Data.Monoid’
    To import instances alone, use: import Data.Monoid()
   |
17 | import Data.Monoid ((<>), )
   | ^^^^^^^^^^^^^^^^^^^^^^^^^^^
[5 of 5] Linking /tmp/workdir-sound-collage/sound-collage-0.2.1/dist-newstyle/build/x86_64-linux/ghc-9.6.6/sound-collage-0.2.1/x/sound-collage/build/sound-collage/sound-collage
