Build profile: -w ghc-9.6.6 -O1
In order, the following will be built (use -v for more details):
 - haskell-gi-base-0.26.8 (lib) (first run)
Configuring library for haskell-gi-base-0.26.8...
Preprocessing library for haskell-gi-base-0.26.8...
Building library for haskell-gi-base-0.26.8...
[ 1 of 25] Compiling Data.GI.Base.CallStack
[ 2 of 25] Compiling Data.GI.Base.Internal.CTypes
[ 3 of 25] Compiling Data.GI.Base.Overloading[boot]
[ 4 of 25] Compiling Data.GI.Base.BasicTypes
[ 5 of 25] Compiling Data.GI.Base.Overloading
[ 6 of 25] Compiling Data.GI.Base.GType
[ 7 of 25] Compiling Data.GI.Base.GArray
[ 8 of 25] Compiling Data.GI.Base.Utils
[ 9 of 25] Compiling Data.GI.Base.ManagedPtr
[10 of 25] Compiling Data.GI.Base.GClosure
[11 of 25] Compiling Data.GI.Base.BasicConversions
[12 of 25] Compiling Data.GI.Base.GVariant
[13 of 25] Compiling Data.GI.Base.GValue
[14 of 25] Compiling Data.GI.Base.GHashTable
[15 of 25] Compiling Data.GI.Base.GQuark
[16 of 25] Compiling Data.GI.Base.GParamSpec
[17 of 25] Compiling Data.GI.Base.Signals[boot]
[18 of 25] Compiling Data.GI.Base.Attributes
[19 of 25] Compiling Data.GI.Base.Signals
[20 of 25] Compiling Data.GI.Base.GObject
[21 of 25] Compiling Data.GI.Base.Constructible
[22 of 25] Compiling Data.GI.Base.GError
[23 of 25] Compiling Data.GI.Base.ShortPrelude
[24 of 25] Compiling Data.GI.Base.Properties
[25 of 25] Compiling Data.GI.Base
