Build profile: -w ghc-9.6.6 -O1
In order, the following will be built (use -v for more details):
 - amazonka-application-insights-2.0 (lib) (first run)
 - amazonka-application-insights-2.0 (test:amazonka-application-insights-test) (first run)
Configuring library for amazonka-application-insights-2.0...
Preprocessing library for amazonka-application-insights-2.0...
Building library for amazonka-application-insights-2.0...
[ 1 of 51] Compiling Amazonka.ApplicationInsights.Types.CloudWatchEventSource
[ 2 of 51] Compiling Amazonka.ApplicationInsights.Types.ConfigurationEventResourceType
[ 3 of 51] Compiling Amazonka.ApplicationInsights.Types.ConfigurationEventStatus
[ 4 of 51] Compiling Amazonka.ApplicationInsights.Types.ConfigurationEvent
[ 5 of 51] Compiling Amazonka.ApplicationInsights.Types.DiscoveryType
[ 6 of 51] Compiling Amazonka.ApplicationInsights.Types.ApplicationInfo
[ 7 of 51] Compiling Amazonka.ApplicationInsights.Types.FeedbackKey
[ 8 of 51] Compiling Amazonka.ApplicationInsights.Types.FeedbackValue
[ 9 of 51] Compiling Amazonka.ApplicationInsights.Types.GroupingType
[10 of 51] Compiling Amazonka.ApplicationInsights.Types.LogFilter
[11 of 51] Compiling Amazonka.ApplicationInsights.Types.LogPattern
[12 of 51] Compiling Amazonka.ApplicationInsights.Types.Observation
[13 of 51] Compiling Amazonka.ApplicationInsights.Types.OsType
[14 of 51] Compiling Amazonka.ApplicationInsights.Types.RelatedObservations
[15 of 51] Compiling Amazonka.ApplicationInsights.Types.SeverityLevel
[16 of 51] Compiling Amazonka.ApplicationInsights.Types.Status
[17 of 51] Compiling Amazonka.ApplicationInsights.Types.Problem
[18 of 51] Compiling Amazonka.ApplicationInsights.Types.Tag
[19 of 51] Compiling Amazonka.ApplicationInsights.Types.Tier
[20 of 51] Compiling Amazonka.ApplicationInsights.Types.ApplicationComponent
[21 of 51] Compiling Amazonka.ApplicationInsights.Types
[22 of 51] Compiling Amazonka.ApplicationInsights.TagResource
[23 of 51] Compiling Amazonka.ApplicationInsights.ListTagsForResource
[24 of 51] Compiling Amazonka.ApplicationInsights.ListProblems

gen/Amazonka/ApplicationInsights/ListProblems.hs:117:119: warning: [GHC-02256] [-Wambiguous-fields]
    The record update s {componentName = a} with type ListProblems is ambiguous.
    This will not be supported by -XDuplicateRecordFields in future releases of GHC.
    |
117 | listProblems_componentName = Lens.lens (\ListProblems' {componentName} -> componentName) (\s@ListProblems' {} a -> s {componentName = a} :: ListProblems)
    |                                                                                                                       ^^^^^^^^^^^^^^^^^

gen/Amazonka/ApplicationInsights/ListProblems.hs:122:101: warning: [GHC-02256] [-Wambiguous-fields]
    The record update s {endTime = a} with type ListProblems is ambiguous.
    This will not be supported by -XDuplicateRecordFields in future releases of GHC.
    |
122 | listProblems_endTime = Lens.lens (\ListProblems' {endTime} -> endTime) (\s@ListProblems' {} a -> s {endTime = a} :: ListProblems) Prelude.. Lens.mapping Data._Time
    |                                                                                                     ^^^^^^^^^^^

gen/Amazonka/ApplicationInsights/ListProblems.hs:132:107: warning: [GHC-02256] [-Wambiguous-fields]
    The record update s {nextToken = a} with type ListProblems is ambiguous.
    This will not be supported by -XDuplicateRecordFields in future releases of GHC.
    |
132 | listProblems_nextToken = Lens.lens (\ListProblems' {nextToken} -> nextToken) (\s@ListProblems' {} a -> s {nextToken = a} :: ListProblems)
    |                                                                                                           ^^^^^^^^^^^^^

gen/Amazonka/ApplicationInsights/ListProblems.hs:136:131: warning: [GHC-02256] [-Wambiguous-fields]
    The record update s {resourceGroupName = a} with type ListProblems is ambiguous.
    This will not be supported by -XDuplicateRecordFields in future releases of GHC.
    |
136 | listProblems_resourceGroupName = Lens.lens (\ListProblems' {resourceGroupName} -> resourceGroupName) (\s@ListProblems' {} a -> s {resourceGroupName = a} :: ListProblems)
    |                                                                                                                                   ^^^^^^^^^^^^^^^^^^^^^

gen/Amazonka/ApplicationInsights/ListProblems.hs:142:107: warning: [GHC-02256] [-Wambiguous-fields]
    The record update s {startTime = a} with type ListProblems is ambiguous.
    This will not be supported by -XDuplicateRecordFields in future releases of GHC.
    |
142 | listProblems_startTime = Lens.lens (\ListProblems' {startTime} -> startTime) (\s@ListProblems' {} a -> s {startTime = a} :: ListProblems) Prelude.. Lens.mapping Data._Time
    |                                                                                                           ^^^^^^^^^^^^^

gen/Amazonka/ApplicationInsights/ListProblems.hs:257:131: warning: [GHC-02256] [-Wambiguous-fields]
    The record update s {nextToken = a} with type ListProblemsResponse is ambiguous.
    This will not be supported by -XDuplicateRecordFields in future releases of GHC.
    |
257 | listProblemsResponse_nextToken = Lens.lens (\ListProblemsResponse' {nextToken} -> nextToken) (\s@ListProblemsResponse' {} a -> s {nextToken = a} :: ListProblemsResponse)
    |                                                                                                                                   ^^^^^^^^^^^^^

gen/Amazonka/ApplicationInsights/ListProblems.hs:265:155: warning: [GHC-02256] [-Wambiguous-fields]
    The record update s {resourceGroupName = a} with type ListProblemsResponse is ambiguous.
    This will not be supported by -XDuplicateRecordFields in future releases of GHC.
    |
265 | listProblemsResponse_resourceGroupName = Lens.lens (\ListProblemsResponse' {resourceGroupName} -> resourceGroupName) (\s@ListProblemsResponse' {} a -> s {resourceGroupName = a} :: ListProblemsResponse)
    |                                                                                                                                                           ^^^^^^^^^^^^^^^^^^^^^
[25 of 51] Compiling Amazonka.ApplicationInsights.ListLogPatterns

gen/Amazonka/ApplicationInsights/ListLogPatterns.hs:107:116: warning: [GHC-02256] [-Wambiguous-fields]
    The record update s {nextToken = a} with type ListLogPatterns is ambiguous.
    This will not be supported by -XDuplicateRecordFields in future releases of GHC.
    |
107 | listLogPatterns_nextToken = Lens.lens (\ListLogPatterns' {nextToken} -> nextToken) (\s@ListLogPatterns' {} a -> s {nextToken = a} :: ListLogPatterns)
    |                                                                                                                    ^^^^^^^^^^^^^

gen/Amazonka/ApplicationInsights/ListLogPatterns.hs:111:131: warning: [GHC-02256] [-Wambiguous-fields]
    The record update s {patternSetName = a} with type ListLogPatterns is ambiguous.
    This will not be supported by -XDuplicateRecordFields in future releases of GHC.
    |
111 | listLogPatterns_patternSetName = Lens.lens (\ListLogPatterns' {patternSetName} -> patternSetName) (\s@ListLogPatterns' {} a -> s {patternSetName = a} :: ListLogPatterns)
    |                                                                                                                                   ^^^^^^^^^^^^^^^^^^

gen/Amazonka/ApplicationInsights/ListLogPatterns.hs:115:140: warning: [GHC-02256] [-Wambiguous-fields]
    The record update s {resourceGroupName = a} with type ListLogPatterns is ambiguous.
    This will not be supported by -XDuplicateRecordFields in future releases of GHC.
    |
115 | listLogPatterns_resourceGroupName = Lens.lens (\ListLogPatterns' {resourceGroupName} -> resourceGroupName) (\s@ListLogPatterns' {} a -> s {resourceGroupName = a} :: ListLogPatterns)
    |                                                                                                                                            ^^^^^^^^^^^^^^^^^^^^^

gen/Amazonka/ApplicationInsights/ListLogPatterns.hs:232:140: warning: [GHC-02256] [-Wambiguous-fields]
    The record update s {nextToken = a} with type ListLogPatternsResponse is ambiguous.
    This will not be supported by -XDuplicateRecordFields in future releases of GHC.
    |
232 | listLogPatternsResponse_nextToken = Lens.lens (\ListLogPatternsResponse' {nextToken} -> nextToken) (\s@ListLogPatternsResponse' {} a -> s {nextToken = a} :: ListLogPatternsResponse)
    |                                                                                                                                            ^^^^^^^^^^^^^

gen/Amazonka/ApplicationInsights/ListLogPatterns.hs:236:164: warning: [GHC-02256] [-Wambiguous-fields]
    The record update s {resourceGroupName = a} with type ListLogPatternsResponse is ambiguous.
    This will not be supported by -XDuplicateRecordFields in future releases of GHC.
    |
236 | listLogPatternsResponse_resourceGroupName = Lens.lens (\ListLogPatternsResponse' {resourceGroupName} -> resourceGroupName) (\s@ListLogPatternsResponse' {} a -> s {resourceGroupName = a} :: ListLogPatternsResponse)
    |                                                                                                                                                                    ^^^^^^^^^^^^^^^^^^^^^
[26 of 51] Compiling Amazonka.ApplicationInsights.ListLogPatternSets

gen/Amazonka/ApplicationInsights/ListLogPatternSets.hs:101:125: warning: [GHC-02256] [-Wambiguous-fields]
    The record update s {nextToken = a} with type ListLogPatternSets is ambiguous.
    This will not be supported by -XDuplicateRecordFields in future releases of GHC.
    |
101 | listLogPatternSets_nextToken = Lens.lens (\ListLogPatternSets' {nextToken} -> nextToken) (\s@ListLogPatternSets' {} a -> s {nextToken = a} :: ListLogPatternSets)
    |                                                                                                                             ^^^^^^^^^^^^^

gen/Amazonka/ApplicationInsights/ListLogPatternSets.hs:105:149: warning: [GHC-02256] [-Wambiguous-fields]
    The record update s {resourceGroupName = a} with type ListLogPatternSets is ambiguous.
    This will not be supported by -XDuplicateRecordFields in future releases of GHC.
    |
105 | listLogPatternSets_resourceGroupName = Lens.lens (\ListLogPatternSets' {resourceGroupName} -> resourceGroupName) (\s@ListLogPatternSets' {} a -> s {resourceGroupName = a} :: ListLogPatternSets)
    |                                                                                                                                                     ^^^^^^^^^^^^^^^^^^^^^

gen/Amazonka/ApplicationInsights/ListLogPatternSets.hs:218:149: warning: [GHC-02256] [-Wambiguous-fields]
    The record update s {nextToken = a} with type ListLogPatternSetsResponse is ambiguous.
    This will not be supported by -XDuplicateRecordFields in future releases of GHC.
    |
218 | listLogPatternSetsResponse_nextToken = Lens.lens (\ListLogPatternSetsResponse' {nextToken} -> nextToken) (\s@ListLogPatternSetsResponse' {} a -> s {nextToken = a} :: ListLogPatternSetsResponse)
    |                                                                                                                                                     ^^^^^^^^^^^^^

gen/Amazonka/ApplicationInsights/ListLogPatternSets.hs:222:173: warning: [GHC-02256] [-Wambiguous-fields]
    The record update s {resourceGroupName = a} with type ListLogPatternSetsResponse is ambiguous.
    This will not be supported by -XDuplicateRecordFields in future releases of GHC.
    |
222 | listLogPatternSetsResponse_resourceGroupName = Lens.lens (\ListLogPatternSetsResponse' {resourceGroupName} -> resourceGroupName) (\s@ListLogPatternSetsResponse' {} a -> s {resourceGroupName = a} :: ListLogPatternSetsResponse)
    |                                                                                                                                                                             ^^^^^^^^^^^^^^^^^^^^^
[27 of 51] Compiling Amazonka.ApplicationInsights.ListConfigurationHistory

gen/Amazonka/ApplicationInsights/ListConfigurationHistory.hs:141:137: warning: [GHC-02256] [-Wambiguous-fields]
    The record update s {endTime = a} with type ListConfigurationHistory is ambiguous.
    This will not be supported by -XDuplicateRecordFields in future releases of GHC.
    |
141 | listConfigurationHistory_endTime = Lens.lens (\ListConfigurationHistory' {endTime} -> endTime) (\s@ListConfigurationHistory' {} a -> s {endTime = a} :: ListConfigurationHistory) Prelude.. Lens.mapping Data._Time
    |                                                                                                                                         ^^^^^^^^^^^

gen/Amazonka/ApplicationInsights/ListConfigurationHistory.hs:146:149: warning: [GHC-02256] [-Wambiguous-fields]
    The record update s {eventStatus = a} with type ListConfigurationHistory is ambiguous.
    This will not be supported by -XDuplicateRecordFields in future releases of GHC.
    |
146 | listConfigurationHistory_eventStatus = Lens.lens (\ListConfigurationHistory' {eventStatus} -> eventStatus) (\s@ListConfigurationHistory' {} a -> s {eventStatus = a} :: ListConfigurationHistory)
    |                                                                                                                                                     ^^^^^^^^^^^^^^^

gen/Amazonka/ApplicationInsights/ListConfigurationHistory.hs:165:143: warning: [GHC-02256] [-Wambiguous-fields]
    The record update s {nextToken = a} with type ListConfigurationHistory is ambiguous.
    This will not be supported by -XDuplicateRecordFields in future releases of GHC.
    |
165 | listConfigurationHistory_nextToken = Lens.lens (\ListConfigurationHistory' {nextToken} -> nextToken) (\s@ListConfigurationHistory' {} a -> s {nextToken = a} :: ListConfigurationHistory)
    |                                                                                                                                               ^^^^^^^^^^^^^

gen/Amazonka/ApplicationInsights/ListConfigurationHistory.hs:169:167: warning: [GHC-02256] [-Wambiguous-fields]
    The record update s {resourceGroupName = a} with type ListConfigurationHistory is ambiguous.
    This will not be supported by -XDuplicateRecordFields in future releases of GHC.
    |
169 | listConfigurationHistory_resourceGroupName = Lens.lens (\ListConfigurationHistory' {resourceGroupName} -> resourceGroupName) (\s@ListConfigurationHistory' {} a -> s {resourceGroupName = a} :: ListConfigurationHistory)
    |                                                                                                                                                                       ^^^^^^^^^^^^^^^^^^^^^

gen/Amazonka/ApplicationInsights/ListConfigurationHistory.hs:173:143: warning: [GHC-02256] [-Wambiguous-fields]
    The record update s {startTime = a} with type ListConfigurationHistory is ambiguous.
    This will not be supported by -XDuplicateRecordFields in future releases of GHC.
    |
173 | listConfigurationHistory_startTime = Lens.lens (\ListConfigurationHistory' {startTime} -> startTime) (\s@ListConfigurationHistory' {} a -> s {startTime = a} :: ListConfigurationHistory) Prelude.. Lens.mapping Data._Time
    |                                                                                                                                               ^^^^^^^^^^^^^

gen/Amazonka/ApplicationInsights/ListConfigurationHistory.hs:295:167: warning: [GHC-02256] [-Wambiguous-fields]
    The record update s {nextToken = a} with type ListConfigurationHistoryResponse is ambiguous.
    This will not be supported by -XDuplicateRecordFields in future releases of GHC.
    |
295 | listConfigurationHistoryResponse_nextToken = Lens.lens (\ListConfigurationHistoryResponse' {nextToken} -> nextToken) (\s@ListConfigurationHistoryResponse' {} a -> s {nextToken = a} :: ListConfigurationHistoryResponse)
    |                                                                                                                                                                       ^^^^^^^^^^^^^
[28 of 51] Compiling Amazonka.ApplicationInsights.ListComponents

gen/Amazonka/ApplicationInsights/ListComponents.hs:101:113: warning: [GHC-02256] [-Wambiguous-fields]
    The record update s {nextToken = a} with type ListComponents is ambiguous.
    This will not be supported by -XDuplicateRecordFields in future releases of GHC.
    |
101 | listComponents_nextToken = Lens.lens (\ListComponents' {nextToken} -> nextToken) (\s@ListComponents' {} a -> s {nextToken = a} :: ListComponents)
    |                                                                                                                 ^^^^^^^^^^^^^

gen/Amazonka/ApplicationInsights/ListComponents.hs:105:137: warning: [GHC-02256] [-Wambiguous-fields]
    The record update s {resourceGroupName = a} with type ListComponents is ambiguous.
    This will not be supported by -XDuplicateRecordFields in future releases of GHC.
    |
105 | listComponents_resourceGroupName = Lens.lens (\ListComponents' {resourceGroupName} -> resourceGroupName) (\s@ListComponents' {} a -> s {resourceGroupName = a} :: ListComponents)
    |                                                                                                                                         ^^^^^^^^^^^^^^^^^^^^^

gen/Amazonka/ApplicationInsights/ListComponents.hs:212:137: warning: [GHC-02256] [-Wambiguous-fields]
    The record update s {nextToken = a} with type ListComponentsResponse is ambiguous.
    This will not be supported by -XDuplicateRecordFields in future releases of GHC.
    |
212 | listComponentsResponse_nextToken = Lens.lens (\ListComponentsResponse' {nextToken} -> nextToken) (\s@ListComponentsResponse' {} a -> s {nextToken = a} :: ListComponentsResponse)
    |                                                                                                                                         ^^^^^^^^^^^^^
[29 of 51] Compiling Amazonka.ApplicationInsights.ListApplications

gen/Amazonka/ApplicationInsights/ListApplications.hs:92:119: warning: [GHC-02256] [-Wambiguous-fields]
    The record update s {nextToken = a} with type ListApplications is ambiguous.
    This will not be supported by -XDuplicateRecordFields in future releases of GHC.
   |
92 | listApplications_nextToken = Lens.lens (\ListApplications' {nextToken} -> nextToken) (\s@ListApplications' {} a -> s {nextToken = a} :: ListApplications)
   |                                                                                                                       ^^^^^^^^^^^^^

gen/Amazonka/ApplicationInsights/ListApplications.hs:198:143: warning: [GHC-02256] [-Wambiguous-fields]
    The record update s {nextToken = a} with type ListApplicationsResponse is ambiguous.
    This will not be supported by -XDuplicateRecordFields in future releases of GHC.
    |
198 | listApplicationsResponse_nextToken = Lens.lens (\ListApplicationsResponse' {nextToken} -> nextToken) (\s@ListApplicationsResponse' {} a -> s {nextToken = a} :: ListApplicationsResponse)
    |                                                                                                                                               ^^^^^^^^^^^^^
[30 of 51] Compiling Amazonka.ApplicationInsights.DescribeProblemObservations
[31 of 51] Compiling Amazonka.ApplicationInsights.DescribeProblem
[32 of 51] Compiling Amazonka.ApplicationInsights.DescribeObservation
[33 of 51] Compiling Amazonka.ApplicationInsights.DescribeLogPattern

gen/Amazonka/ApplicationInsights/DescribeLogPattern.hs:98:149: warning: [GHC-02256] [-Wambiguous-fields]
    The record update s {resourceGroupName = a} with type DescribeLogPattern is ambiguous.
    This will not be supported by -XDuplicateRecordFields in future releases of GHC.
   |
98 | describeLogPattern_resourceGroupName = Lens.lens (\DescribeLogPattern' {resourceGroupName} -> resourceGroupName) (\s@DescribeLogPattern' {} a -> s {resourceGroupName = a} :: DescribeLogPattern)
   |                                                                                                                                                     ^^^^^^^^^^^^^^^^^^^^^

gen/Amazonka/ApplicationInsights/DescribeLogPattern.hs:102:140: warning: [GHC-02256] [-Wambiguous-fields]
    The record update s {patternSetName = a} with type DescribeLogPattern is ambiguous.
    This will not be supported by -XDuplicateRecordFields in future releases of GHC.
    |
102 | describeLogPattern_patternSetName = Lens.lens (\DescribeLogPattern' {patternSetName} -> patternSetName) (\s@DescribeLogPattern' {} a -> s {patternSetName = a} :: DescribeLogPattern)
    |                                                                                                                                            ^^^^^^^^^^^^^^^^^^

gen/Amazonka/ApplicationInsights/DescribeLogPattern.hs:106:131: warning: [GHC-02256] [-Wambiguous-fields]
    The record update s {patternName = a} with type DescribeLogPattern is ambiguous.
    This will not be supported by -XDuplicateRecordFields in future releases of GHC.
    |
106 | describeLogPattern_patternName = Lens.lens (\DescribeLogPattern' {patternName} -> patternName) (\s@DescribeLogPattern' {} a -> s {patternName = a} :: DescribeLogPattern)
    |                                                                                                                                   ^^^^^^^^^^^^^^^

gen/Amazonka/ApplicationInsights/DescribeLogPattern.hs:211:173: warning: [GHC-02256] [-Wambiguous-fields]
    The record update s {resourceGroupName = a} with type DescribeLogPatternResponse is ambiguous.
    This will not be supported by -XDuplicateRecordFields in future releases of GHC.
    |
211 | describeLogPatternResponse_resourceGroupName = Lens.lens (\DescribeLogPatternResponse' {resourceGroupName} -> resourceGroupName) (\s@DescribeLogPatternResponse' {} a -> s {resourceGroupName = a} :: DescribeLogPatternResponse)
    |                                                                                                                                                                             ^^^^^^^^^^^^^^^^^^^^^
[34 of 51] Compiling Amazonka.ApplicationInsights.DescribeComponentConfigurationRecommendation

gen/Amazonka/ApplicationInsights/DescribeComponentConfigurationRecommendation.hs:98:227: warning: [GHC-02256] [-Wambiguous-fields]
    The record update s {resourceGroupName = a} with type DescribeComponentConfigurationRecommendation is ambiguous.
    This will not be supported by -XDuplicateRecordFields in future releases of GHC.
   |
98 | describeComponentConfigurationRecommendation_resourceGroupName = Lens.lens (\DescribeComponentConfigurationRecommendation' {resourceGroupName} -> resourceGroupName) (\s@DescribeComponentConfigurationRecommendation' {} a -> s {resourceGroupName = a} :: DescribeComponentConfigurationRecommendation)
   |                                                                                                                                                                                                                                   ^^^^^^^^^^^^^^^^^^^^^

gen/Amazonka/ApplicationInsights/DescribeComponentConfigurationRecommendation.hs:102:215: warning: [GHC-02256] [-Wambiguous-fields]
    The record update s {componentName = a} with type DescribeComponentConfigurationRecommendation is ambiguous.
    This will not be supported by -XDuplicateRecordFields in future releases of GHC.
    |
102 | describeComponentConfigurationRecommendation_componentName = Lens.lens (\DescribeComponentConfigurationRecommendation' {componentName} -> componentName) (\s@DescribeComponentConfigurationRecommendation' {} a -> s {componentName = a} :: DescribeComponentConfigurationRecommendation)
    |                                                                                                                                                                                                                       ^^^^^^^^^^^^^^^^^

gen/Amazonka/ApplicationInsights/DescribeComponentConfigurationRecommendation.hs:106:188: warning: [GHC-02256] [-Wambiguous-fields]
    The record update s {tier = a} with type DescribeComponentConfigurationRecommendation is ambiguous.
    This will not be supported by -XDuplicateRecordFields in future releases of GHC.
    |
106 | describeComponentConfigurationRecommendation_tier = Lens.lens (\DescribeComponentConfigurationRecommendation' {tier} -> tier) (\s@DescribeComponentConfigurationRecommendation' {} a -> s {tier = a} :: DescribeComponentConfigurationRecommendation)
    |                                                                                                                                                                                            ^^^^^^^^
[35 of 51] Compiling Amazonka.ApplicationInsights.DescribeComponentConfiguration

gen/Amazonka/ApplicationInsights/DescribeComponentConfiguration.hs:90:185: warning: [GHC-02256] [-Wambiguous-fields]
    The record update s {resourceGroupName = a} with type DescribeComponentConfiguration is ambiguous.
    This will not be supported by -XDuplicateRecordFields in future releases of GHC.
   |
90 | describeComponentConfiguration_resourceGroupName = Lens.lens (\DescribeComponentConfiguration' {resourceGroupName} -> resourceGroupName) (\s@DescribeComponentConfiguration' {} a -> s {resourceGroupName = a} :: DescribeComponentConfiguration)
   |                                                                                                                                                                                         ^^^^^^^^^^^^^^^^^^^^^

gen/Amazonka/ApplicationInsights/DescribeComponentConfiguration.hs:94:173: warning: [GHC-02256] [-Wambiguous-fields]
    The record update s {componentName = a} with type DescribeComponentConfiguration is ambiguous.
    This will not be supported by -XDuplicateRecordFields in future releases of GHC.
   |
94 | describeComponentConfiguration_componentName = Lens.lens (\DescribeComponentConfiguration' {componentName} -> componentName) (\s@DescribeComponentConfiguration' {} a -> s {componentName = a} :: DescribeComponentConfiguration)
   |                                                                                                                                                                             ^^^^^^^^^^^^^^^^^

gen/Amazonka/ApplicationInsights/DescribeComponentConfiguration.hs:224:179: warning: [GHC-02256] [-Wambiguous-fields]
    The record update s {monitor = a} with type DescribeComponentConfigurationResponse is ambiguous.
    This will not be supported by -XDuplicateRecordFields in future releases of GHC.
    |
224 | describeComponentConfigurationResponse_monitor = Lens.lens (\DescribeComponentConfigurationResponse' {monitor} -> monitor) (\s@DescribeComponentConfigurationResponse' {} a -> s {monitor = a} :: DescribeComponentConfigurationResponse)
    |                                                                                                                                                                                   ^^^^^^^^^^^

gen/Amazonka/ApplicationInsights/DescribeComponentConfiguration.hs:230:170: warning: [GHC-02256] [-Wambiguous-fields]
    The record update s {tier = a} with type DescribeComponentConfigurationResponse is ambiguous.
    This will not be supported by -XDuplicateRecordFields in future releases of GHC.
    |
230 | describeComponentConfigurationResponse_tier = Lens.lens (\DescribeComponentConfigurationResponse' {tier} -> tier) (\s@DescribeComponentConfigurationResponse' {} a -> s {tier = a} :: DescribeComponentConfigurationResponse)
    |                                                                                                                                                                          ^^^^^^^^
[36 of 51] Compiling Amazonka.ApplicationInsights.DescribeComponent

gen/Amazonka/ApplicationInsights/DescribeComponent.hs:90:146: warning: [GHC-02256] [-Wambiguous-fields]
    The record update s {resourceGroupName = a} with type DescribeComponent is ambiguous.
    This will not be supported by -XDuplicateRecordFields in future releases of GHC.
   |
90 | describeComponent_resourceGroupName = Lens.lens (\DescribeComponent' {resourceGroupName} -> resourceGroupName) (\s@DescribeComponent' {} a -> s {resourceGroupName = a} :: DescribeComponent)
   |                                                                                                                                                  ^^^^^^^^^^^^^^^^^^^^^

gen/Amazonka/ApplicationInsights/DescribeComponent.hs:94:134: warning: [GHC-02256] [-Wambiguous-fields]
    The record update s {componentName = a} with type DescribeComponent is ambiguous.
    This will not be supported by -XDuplicateRecordFields in future releases of GHC.
   |
94 | describeComponent_componentName = Lens.lens (\DescribeComponent' {componentName} -> componentName) (\s@DescribeComponent' {} a -> s {componentName = a} :: DescribeComponent)
   |                                                                                                                                      ^^^^^^^^^^^^^^^^^
[37 of 51] Compiling Amazonka.ApplicationInsights.DescribeApplication

gen/Amazonka/ApplicationInsights/DescribeApplication.hs:78:152: warning: [GHC-02256] [-Wambiguous-fields]
    The record update s {resourceGroupName = a} with type DescribeApplication is ambiguous.
    This will not be supported by -XDuplicateRecordFields in future releases of GHC.
   |
78 | describeApplication_resourceGroupName = Lens.lens (\DescribeApplication' {resourceGroupName} -> resourceGroupName) (\s@DescribeApplication' {} a -> s {resourceGroupName = a} :: DescribeApplication)
   |                                                                                                                                                        ^^^^^^^^^^^^^^^^^^^^^
[38 of 51] Compiling Amazonka.ApplicationInsights.DeleteLogPattern

gen/Amazonka/ApplicationInsights/DeleteLogPattern.hs:96:143: warning: [GHC-02256] [-Wambiguous-fields]
    The record update s {resourceGroupName = a} with type DeleteLogPattern is ambiguous.
    This will not be supported by -XDuplicateRecordFields in future releases of GHC.
   |
96 | deleteLogPattern_resourceGroupName = Lens.lens (\DeleteLogPattern' {resourceGroupName} -> resourceGroupName) (\s@DeleteLogPattern' {} a -> s {resourceGroupName = a} :: DeleteLogPattern)
   |                                                                                                                                               ^^^^^^^^^^^^^^^^^^^^^

gen/Amazonka/ApplicationInsights/DeleteLogPattern.hs:100:134: warning: [GHC-02256] [-Wambiguous-fields]
    The record update s {patternSetName = a} with type DeleteLogPattern is ambiguous.
    This will not be supported by -XDuplicateRecordFields in future releases of GHC.
    |
100 | deleteLogPattern_patternSetName = Lens.lens (\DeleteLogPattern' {patternSetName} -> patternSetName) (\s@DeleteLogPattern' {} a -> s {patternSetName = a} :: DeleteLogPattern)
    |                                                                                                                                      ^^^^^^^^^^^^^^^^^^

gen/Amazonka/ApplicationInsights/DeleteLogPattern.hs:104:125: warning: [GHC-02256] [-Wambiguous-fields]
    The record update s {patternName = a} with type DeleteLogPattern is ambiguous.
    This will not be supported by -XDuplicateRecordFields in future releases of GHC.
    |
104 | deleteLogPattern_patternName = Lens.lens (\DeleteLogPattern' {patternName} -> patternName) (\s@DeleteLogPattern' {} a -> s {patternName = a} :: DeleteLogPattern)
    |                                                                                                                             ^^^^^^^^^^^^^^^
[39 of 51] Compiling Amazonka.ApplicationInsights.DeleteComponent

gen/Amazonka/ApplicationInsights/DeleteComponent.hs:89:140: warning: [GHC-02256] [-Wambiguous-fields]
    The record update s {resourceGroupName = a} with type DeleteComponent is ambiguous.
    This will not be supported by -XDuplicateRecordFields in future releases of GHC.
   |
89 | deleteComponent_resourceGroupName = Lens.lens (\DeleteComponent' {resourceGroupName} -> resourceGroupName) (\s@DeleteComponent' {} a -> s {resourceGroupName = a} :: DeleteComponent)
   |                                                                                                                                            ^^^^^^^^^^^^^^^^^^^^^

gen/Amazonka/ApplicationInsights/DeleteComponent.hs:93:128: warning: [GHC-02256] [-Wambiguous-fields]
    The record update s {componentName = a} with type DeleteComponent is ambiguous.
    This will not be supported by -XDuplicateRecordFields in future releases of GHC.
   |
93 | deleteComponent_componentName = Lens.lens (\DeleteComponent' {componentName} -> componentName) (\s@DeleteComponent' {} a -> s {componentName = a} :: DeleteComponent)
   |                                                                                                                                ^^^^^^^^^^^^^^^^^
[40 of 51] Compiling Amazonka.ApplicationInsights.DeleteApplication

gen/Amazonka/ApplicationInsights/DeleteApplication.hs:78:146: warning: [GHC-02256] [-Wambiguous-fields]
    The record update s {resourceGroupName = a} with type DeleteApplication is ambiguous.
    This will not be supported by -XDuplicateRecordFields in future releases of GHC.
   |
78 | deleteApplication_resourceGroupName = Lens.lens (\DeleteApplication' {resourceGroupName} -> resourceGroupName) (\s@DeleteApplication' {} a -> s {resourceGroupName = a} :: DeleteApplication)
   |                                                                                                                                                  ^^^^^^^^^^^^^^^^^^^^^
[41 of 51] Compiling Amazonka.ApplicationInsights.CreateLogPattern

gen/Amazonka/ApplicationInsights/CreateLogPattern.hs:138:143: warning: [GHC-02256] [-Wambiguous-fields]
    The record update s {resourceGroupName = a} with type CreateLogPattern is ambiguous.
    This will not be supported by -XDuplicateRecordFields in future releases of GHC.
    |
138 | createLogPattern_resourceGroupName = Lens.lens (\CreateLogPattern' {resourceGroupName} -> resourceGroupName) (\s@CreateLogPattern' {} a -> s {resourceGroupName = a} :: CreateLogPattern)
    |                                                                                                                                               ^^^^^^^^^^^^^^^^^^^^^

gen/Amazonka/ApplicationInsights/CreateLogPattern.hs:142:134: warning: [GHC-02256] [-Wambiguous-fields]
    The record update s {patternSetName = a} with type CreateLogPattern is ambiguous.
    This will not be supported by -XDuplicateRecordFields in future releases of GHC.
    |
142 | createLogPattern_patternSetName = Lens.lens (\CreateLogPattern' {patternSetName} -> patternSetName) (\s@CreateLogPattern' {} a -> s {patternSetName = a} :: CreateLogPattern)
    |                                                                                                                                      ^^^^^^^^^^^^^^^^^^

gen/Amazonka/ApplicationInsights/CreateLogPattern.hs:146:125: warning: [GHC-02256] [-Wambiguous-fields]
    The record update s {patternName = a} with type CreateLogPattern is ambiguous.
    This will not be supported by -XDuplicateRecordFields in future releases of GHC.
    |
146 | createLogPattern_patternName = Lens.lens (\CreateLogPattern' {patternName} -> patternName) (\s@CreateLogPattern' {} a -> s {patternName = a} :: CreateLogPattern)
    |                                                                                                                             ^^^^^^^^^^^^^^^

gen/Amazonka/ApplicationInsights/CreateLogPattern.hs:152:115: warning: [GHC-02256] [-Wambiguous-fields]
    The record update s {pattern' = a} with type CreateLogPattern is ambiguous.
    This will not be supported by -XDuplicateRecordFields in future releases of GHC.
    |
152 | createLogPattern_pattern = Lens.lens (\CreateLogPattern' {pattern'} -> pattern') (\s@CreateLogPattern' {} a -> s {pattern' = a} :: CreateLogPattern)
    |                                                                                                                   ^^^^^^^^^^^^

gen/Amazonka/ApplicationInsights/CreateLogPattern.hs:165:104: warning: [GHC-02256] [-Wambiguous-fields]
    The record update s {rank = a} with type CreateLogPattern is ambiguous.
    This will not be supported by -XDuplicateRecordFields in future releases of GHC.
    |
165 | createLogPattern_rank = Lens.lens (\CreateLogPattern' {rank} -> rank) (\s@CreateLogPattern' {} a -> s {rank = a} :: CreateLogPattern)
    |                                                                                                        ^^^^^^^^

gen/Amazonka/ApplicationInsights/CreateLogPattern.hs:276:167: warning: [GHC-02256] [-Wambiguous-fields]
    The record update s {resourceGroupName = a} with type CreateLogPatternResponse is ambiguous.
    This will not be supported by -XDuplicateRecordFields in future releases of GHC.
    |
276 | createLogPatternResponse_resourceGroupName = Lens.lens (\CreateLogPatternResponse' {resourceGroupName} -> resourceGroupName) (\s@CreateLogPatternResponse' {} a -> s {resourceGroupName = a} :: CreateLogPatternResponse)
    |                                                                                                                                                                       ^^^^^^^^^^^^^^^^^^^^^
[42 of 51] Compiling Amazonka.ApplicationInsights.CreateComponent

gen/Amazonka/ApplicationInsights/CreateComponent.hs:94:140: warning: [GHC-02256] [-Wambiguous-fields]
    The record update s {resourceGroupName = a} with type CreateComponent is ambiguous.
    This will not be supported by -XDuplicateRecordFields in future releases of GHC.
   |
94 | createComponent_resourceGroupName = Lens.lens (\CreateComponent' {resourceGroupName} -> resourceGroupName) (\s@CreateComponent' {} a -> s {resourceGroupName = a} :: CreateComponent)
   |                                                                                                                                            ^^^^^^^^^^^^^^^^^^^^^

gen/Amazonka/ApplicationInsights/CreateComponent.hs:98:128: warning: [GHC-02256] [-Wambiguous-fields]
    The record update s {componentName = a} with type CreateComponent is ambiguous.
    This will not be supported by -XDuplicateRecordFields in future releases of GHC.
   |
98 | createComponent_componentName = Lens.lens (\CreateComponent' {componentName} -> componentName) (\s@CreateComponent' {} a -> s {componentName = a} :: CreateComponent)
   |                                                                                                                                ^^^^^^^^^^^^^^^^^
[43 of 51] Compiling Amazonka.ApplicationInsights.CreateApplication

gen/Amazonka/ApplicationInsights/CreateApplication.hs:141:146: warning: [GHC-02256] [-Wambiguous-fields]
    The record update s {autoConfigEnabled = a} with type CreateApplication is ambiguous.
    This will not be supported by -XDuplicateRecordFields in future releases of GHC.
    |
141 | createApplication_autoConfigEnabled = Lens.lens (\CreateApplication' {autoConfigEnabled} -> autoConfigEnabled) (\s@CreateApplication' {} a -> s {autoConfigEnabled = a} :: CreateApplication)
    |                                                                                                                                                  ^^^^^^^^^^^^^^^^^^^^^

gen/Amazonka/ApplicationInsights/CreateApplication.hs:152:146: warning: [GHC-02256] [-Wambiguous-fields]
    The record update s {cWEMonitorEnabled = a} with type CreateApplication is ambiguous.
    This will not be supported by -XDuplicateRecordFields in future releases of GHC.
    |
152 | createApplication_cWEMonitorEnabled = Lens.lens (\CreateApplication' {cWEMonitorEnabled} -> cWEMonitorEnabled) (\s@CreateApplication' {} a -> s {cWEMonitorEnabled = a} :: CreateApplication)
    |                                                                                                                                                  ^^^^^^^^^^^^^^^^^^^^^

gen/Amazonka/ApplicationInsights/CreateApplication.hs:163:143: warning: [GHC-02256] [-Wambiguous-fields]
    The record update s {opsCenterEnabled = a} with type CreateApplication is ambiguous.
    This will not be supported by -XDuplicateRecordFields in future releases of GHC.
    |
163 | createApplication_opsCenterEnabled = Lens.lens (\CreateApplication' {opsCenterEnabled} -> opsCenterEnabled) (\s@CreateApplication' {} a -> s {opsCenterEnabled = a} :: CreateApplication)
    |                                                                                                                                               ^^^^^^^^^^^^^^^^^^^^

gen/Amazonka/ApplicationInsights/CreateApplication.hs:169:149: warning: [GHC-02256] [-Wambiguous-fields]
    The record update s {opsItemSNSTopicArn = a} with type CreateApplication is ambiguous.
    This will not be supported by -XDuplicateRecordFields in future releases of GHC.
    |
169 | createApplication_opsItemSNSTopicArn = Lens.lens (\CreateApplication' {opsItemSNSTopicArn} -> opsItemSNSTopicArn) (\s@CreateApplication' {} a -> s {opsItemSNSTopicArn = a} :: CreateApplication)
    |                                                                                                                                                     ^^^^^^^^^^^^^^^^^^^^^^

gen/Amazonka/ApplicationInsights/CreateApplication.hs:173:146: warning: [GHC-02256] [-Wambiguous-fields]
    The record update s {resourceGroupName = a} with type CreateApplication is ambiguous.
    This will not be supported by -XDuplicateRecordFields in future releases of GHC.
    |
173 | createApplication_resourceGroupName = Lens.lens (\CreateApplication' {resourceGroupName} -> resourceGroupName) (\s@CreateApplication' {} a -> s {resourceGroupName = a} :: CreateApplication)
    |                                                                                                                                                  ^^^^^^^^^^^^^^^^^^^^^
[44 of 51] Compiling Amazonka.ApplicationInsights.UntagResource
[45 of 51] Compiling Amazonka.ApplicationInsights.UpdateApplication

gen/Amazonka/ApplicationInsights/UpdateApplication.hs:120:146: warning: [GHC-02256] [-Wambiguous-fields]
    The record update s {autoConfigEnabled = a} with type UpdateApplication is ambiguous.
    This will not be supported by -XDuplicateRecordFields in future releases of GHC.
    |
120 | updateApplication_autoConfigEnabled = Lens.lens (\UpdateApplication' {autoConfigEnabled} -> autoConfigEnabled) (\s@UpdateApplication' {} a -> s {autoConfigEnabled = a} :: UpdateApplication)
    |                                                                                                                                                  ^^^^^^^^^^^^^^^^^^^^^

gen/Amazonka/ApplicationInsights/UpdateApplication.hs:126:146: warning: [GHC-02256] [-Wambiguous-fields]
    The record update s {cWEMonitorEnabled = a} with type UpdateApplication is ambiguous.
    This will not be supported by -XDuplicateRecordFields in future releases of GHC.
    |
126 | updateApplication_cWEMonitorEnabled = Lens.lens (\UpdateApplication' {cWEMonitorEnabled} -> cWEMonitorEnabled) (\s@UpdateApplication' {} a -> s {cWEMonitorEnabled = a} :: UpdateApplication)
    |                                                                                                                                                  ^^^^^^^^^^^^^^^^^^^^^

gen/Amazonka/ApplicationInsights/UpdateApplication.hs:131:143: warning: [GHC-02256] [-Wambiguous-fields]
    The record update s {opsCenterEnabled = a} with type UpdateApplication is ambiguous.
    This will not be supported by -XDuplicateRecordFields in future releases of GHC.
    |
131 | updateApplication_opsCenterEnabled = Lens.lens (\UpdateApplication' {opsCenterEnabled} -> opsCenterEnabled) (\s@UpdateApplication' {} a -> s {opsCenterEnabled = a} :: UpdateApplication)
    |                                                                                                                                               ^^^^^^^^^^^^^^^^^^^^

gen/Amazonka/ApplicationInsights/UpdateApplication.hs:137:149: warning: [GHC-02256] [-Wambiguous-fields]
    The record update s {opsItemSNSTopicArn = a} with type UpdateApplication is ambiguous.
    This will not be supported by -XDuplicateRecordFields in future releases of GHC.
    |
137 | updateApplication_opsItemSNSTopicArn = Lens.lens (\UpdateApplication' {opsItemSNSTopicArn} -> opsItemSNSTopicArn) (\s@UpdateApplication' {} a -> s {opsItemSNSTopicArn = a} :: UpdateApplication)
    |                                                                                                                                                     ^^^^^^^^^^^^^^^^^^^^^^

gen/Amazonka/ApplicationInsights/UpdateApplication.hs:146:146: warning: [GHC-02256] [-Wambiguous-fields]
    The record update s {resourceGroupName = a} with type UpdateApplication is ambiguous.
    This will not be supported by -XDuplicateRecordFields in future releases of GHC.
    |
146 | updateApplication_resourceGroupName = Lens.lens (\UpdateApplication' {resourceGroupName} -> resourceGroupName) (\s@UpdateApplication' {} a -> s {resourceGroupName = a} :: UpdateApplication)
    |                                                                                                                                                  ^^^^^^^^^^^^^^^^^^^^^
[46 of 51] Compiling Amazonka.ApplicationInsights.UpdateComponent

gen/Amazonka/ApplicationInsights/UpdateComponent.hs:108:140: warning: [GHC-02256] [-Wambiguous-fields]
    The record update s {resourceGroupName = a} with type UpdateComponent is ambiguous.
    This will not be supported by -XDuplicateRecordFields in future releases of GHC.
    |
108 | updateComponent_resourceGroupName = Lens.lens (\UpdateComponent' {resourceGroupName} -> resourceGroupName) (\s@UpdateComponent' {} a -> s {resourceGroupName = a} :: UpdateComponent)
    |                                                                                                                                            ^^^^^^^^^^^^^^^^^^^^^

gen/Amazonka/ApplicationInsights/UpdateComponent.hs:112:128: warning: [GHC-02256] [-Wambiguous-fields]
    The record update s {componentName = a} with type UpdateComponent is ambiguous.
    This will not be supported by -XDuplicateRecordFields in future releases of GHC.
    |
112 | updateComponent_componentName = Lens.lens (\UpdateComponent' {componentName} -> componentName) (\s@UpdateComponent' {} a -> s {componentName = a} :: UpdateComponent)
    |                                                                                                                                ^^^^^^^^^^^^^^^^^
[47 of 51] Compiling Amazonka.ApplicationInsights.UpdateComponentConfiguration

gen/Amazonka/ApplicationInsights/UpdateComponentConfiguration.hs:131:179: warning: [GHC-02256] [-Wambiguous-fields]
    The record update s {autoConfigEnabled = a} with type UpdateComponentConfiguration is ambiguous.
    This will not be supported by -XDuplicateRecordFields in future releases of GHC.
    |
131 | updateComponentConfiguration_autoConfigEnabled = Lens.lens (\UpdateComponentConfiguration' {autoConfigEnabled} -> autoConfigEnabled) (\s@UpdateComponentConfiguration' {} a -> s {autoConfigEnabled = a} :: UpdateComponentConfiguration)
    |                                                                                                                                                                                   ^^^^^^^^^^^^^^^^^^^^^

gen/Amazonka/ApplicationInsights/UpdateComponentConfiguration.hs:146:149: warning: [GHC-02256] [-Wambiguous-fields]
    The record update s {monitor = a} with type UpdateComponentConfiguration is ambiguous.
    This will not be supported by -XDuplicateRecordFields in future releases of GHC.
    |
146 | updateComponentConfiguration_monitor = Lens.lens (\UpdateComponentConfiguration' {monitor} -> monitor) (\s@UpdateComponentConfiguration' {} a -> s {monitor = a} :: UpdateComponentConfiguration)
    |                                                                                                                                                     ^^^^^^^^^^^

gen/Amazonka/ApplicationInsights/UpdateComponentConfiguration.hs:150:140: warning: [GHC-02256] [-Wambiguous-fields]
    The record update s {tier = a} with type UpdateComponentConfiguration is ambiguous.
    This will not be supported by -XDuplicateRecordFields in future releases of GHC.
    |
150 | updateComponentConfiguration_tier = Lens.lens (\UpdateComponentConfiguration' {tier} -> tier) (\s@UpdateComponentConfiguration' {} a -> s {tier = a} :: UpdateComponentConfiguration)
    |                                                                                                                                            ^^^^^^^^

gen/Amazonka/ApplicationInsights/UpdateComponentConfiguration.hs:154:179: warning: [GHC-02256] [-Wambiguous-fields]
    The record update s {resourceGroupName = a} with type UpdateComponentConfiguration is ambiguous.
    This will not be supported by -XDuplicateRecordFields in future releases of GHC.
    |
154 | updateComponentConfiguration_resourceGroupName = Lens.lens (\UpdateComponentConfiguration' {resourceGroupName} -> resourceGroupName) (\s@UpdateComponentConfiguration' {} a -> s {resourceGroupName = a} :: UpdateComponentConfiguration)
    |                                                                                                                                                                                   ^^^^^^^^^^^^^^^^^^^^^

gen/Amazonka/ApplicationInsights/UpdateComponentConfiguration.hs:158:167: warning: [GHC-02256] [-Wambiguous-fields]
    The record update s {componentName = a} with type UpdateComponentConfiguration is ambiguous.
    This will not be supported by -XDuplicateRecordFields in future releases of GHC.
    |
158 | updateComponentConfiguration_componentName = Lens.lens (\UpdateComponentConfiguration' {componentName} -> componentName) (\s@UpdateComponentConfiguration' {} a -> s {componentName = a} :: UpdateComponentConfiguration)
    |                                                                                                                                                                       ^^^^^^^^^^^^^^^^^
[48 of 51] Compiling Amazonka.ApplicationInsights.UpdateLogPattern

gen/Amazonka/ApplicationInsights/UpdateLogPattern.hs:133:115: warning: [GHC-02256] [-Wambiguous-fields]
    The record update s {pattern' = a} with type UpdateLogPattern is ambiguous.
    This will not be supported by -XDuplicateRecordFields in future releases of GHC.
    |
133 | updateLogPattern_pattern = Lens.lens (\UpdateLogPattern' {pattern'} -> pattern') (\s@UpdateLogPattern' {} a -> s {pattern' = a} :: UpdateLogPattern)
    |                                                                                                                   ^^^^^^^^^^^^

gen/Amazonka/ApplicationInsights/UpdateLogPattern.hs:146:104: warning: [GHC-02256] [-Wambiguous-fields]
    The record update s {rank = a} with type UpdateLogPattern is ambiguous.
    This will not be supported by -XDuplicateRecordFields in future releases of GHC.
    |
146 | updateLogPattern_rank = Lens.lens (\UpdateLogPattern' {rank} -> rank) (\s@UpdateLogPattern' {} a -> s {rank = a} :: UpdateLogPattern)
    |                                                                                                        ^^^^^^^^

gen/Amazonka/ApplicationInsights/UpdateLogPattern.hs:150:143: warning: [GHC-02256] [-Wambiguous-fields]
    The record update s {resourceGroupName = a} with type UpdateLogPattern is ambiguous.
    This will not be supported by -XDuplicateRecordFields in future releases of GHC.
    |
150 | updateLogPattern_resourceGroupName = Lens.lens (\UpdateLogPattern' {resourceGroupName} -> resourceGroupName) (\s@UpdateLogPattern' {} a -> s {resourceGroupName = a} :: UpdateLogPattern)
    |                                                                                                                                               ^^^^^^^^^^^^^^^^^^^^^

gen/Amazonka/ApplicationInsights/UpdateLogPattern.hs:154:134: warning: [GHC-02256] [-Wambiguous-fields]
    The record update s {patternSetName = a} with type UpdateLogPattern is ambiguous.
    This will not be supported by -XDuplicateRecordFields in future releases of GHC.
    |
154 | updateLogPattern_patternSetName = Lens.lens (\UpdateLogPattern' {patternSetName} -> patternSetName) (\s@UpdateLogPattern' {} a -> s {patternSetName = a} :: UpdateLogPattern)
    |                                                                                                                                      ^^^^^^^^^^^^^^^^^^

gen/Amazonka/ApplicationInsights/UpdateLogPattern.hs:158:125: warning: [GHC-02256] [-Wambiguous-fields]
    The record update s {patternName = a} with type UpdateLogPattern is ambiguous.
    This will not be supported by -XDuplicateRecordFields in future releases of GHC.
    |
158 | updateLogPattern_patternName = Lens.lens (\UpdateLogPattern' {patternName} -> patternName) (\s@UpdateLogPattern' {} a -> s {patternName = a} :: UpdateLogPattern)
    |                                                                                                                             ^^^^^^^^^^^^^^^

gen/Amazonka/ApplicationInsights/UpdateLogPattern.hs:269:167: warning: [GHC-02256] [-Wambiguous-fields]
    The record update s {resourceGroupName = a} with type UpdateLogPatternResponse is ambiguous.
    This will not be supported by -XDuplicateRecordFields in future releases of GHC.
    |
269 | updateLogPatternResponse_resourceGroupName = Lens.lens (\UpdateLogPatternResponse' {resourceGroupName} -> resourceGroupName) (\s@UpdateLogPatternResponse' {} a -> s {resourceGroupName = a} :: UpdateLogPatternResponse)
    |                                                                                                                                                                       ^^^^^^^^^^^^^^^^^^^^^
[49 of 51] Compiling Amazonka.ApplicationInsights.Lens
[50 of 51] Compiling Amazonka.ApplicationInsights.Waiters
[51 of 51] Compiling Amazonka.ApplicationInsights
Configuring test suite 'amazonka-application-insights-test' for amazonka-application-insights-2.0...
Preprocessing test suite 'amazonka-application-insights-test' for amazonka-application-insights-2.0...
Building test suite 'amazonka-application-insights-test' for amazonka-application-insights-2.0...
[1 of 4] Compiling Test.Amazonka.ApplicationInsights
[2 of 4] Compiling Test.Amazonka.ApplicationInsights.Internal
[3 of 4] Compiling Main
[4 of 4] Compiling Test.Amazonka.Gen.ApplicationInsights
[5 of 5] Linking /tmp/workdir-amazonka-application-insights/amazonka-application-insights-2.0/dist-newstyle/build/x86_64-linux/ghc-9.6.6/amazonka-application-insights-2.0/t/amazonka-application-insights-test/build/amazonka-application-insights-test/amazonka-application-insights-test
