Build profile: -w ghc-9.6.6 -O1
In order, the following will be built (use -v for more details):
 - optics-extra-0.4.2.1 (lib) (first run)
Configuring library for optics-extra-0.4.2.1...
Preprocessing library for optics-extra-0.4.2.1...
Building library for optics-extra-0.4.2.1...
[ 1 of 24] Compiling Data.HashMap.Optics
[ 2 of 24] Compiling Data.HashSet.Optics
[ 3 of 24] Compiling Data.Text.Lazy.Optics
[ 4 of 24] Compiling Data.Text.Strict.Optics
[ 5 of 24] Compiling Data.Text.Optics
[ 6 of 24] Compiling Optics.At
[ 7 of 24] Compiling Optics.Cons
[ 8 of 24] Compiling Optics.Empty
[ 9 of 24] Compiling Optics.Extra.Internal.ByteString
[10 of 24] Compiling Data.ByteString.Strict.Optics
[11 of 24] Compiling Data.ByteString.Lazy.Optics
[12 of 24] Compiling Data.ByteString.Optics
[13 of 24] Compiling Optics.Extra.Internal.Vector
[14 of 24] Compiling Data.Vector.Generic.Optics
[15 of 24] Compiling Data.Vector.Optics
[16 of 24] Compiling Optics.Extra.Internal.Zoom
[17 of 24] Compiling Optics.Indexed
[18 of 24] Compiling Optics.Each
[19 of 24] Compiling Optics.State
[20 of 24] Compiling Optics.View
[21 of 24] Compiling Optics.Passthrough
[22 of 24] Compiling Optics.State.Operators
[23 of 24] Compiling Optics.Zoom
[24 of 24] Compiling Optics.Extra
