Build profile: -w ghc-9.6.6 -O1
In order, the following will be built (use -v for more details):
 - filepattern-0.1.3 (lib) (first run)
 - filepattern-0.1.3 (test:filepattern-test) (first run)
Configuring library for filepattern-0.1.3...
Preprocessing library for filepattern-0.1.3...
Building library for filepattern-0.1.3...
[1 of 8] Compiling System.FilePattern.ListBy
[2 of 8] Compiling System.FilePattern.Monads
[3 of 8] Compiling System.FilePattern.Tree
[4 of 8] Compiling System.FilePattern.Wildcard
[5 of 8] Compiling System.FilePattern.Core
[6 of 8] Compiling System.FilePattern.Step
[7 of 8] Compiling System.FilePattern.Directory
[8 of 8] Compiling System.FilePattern
Configuring test suite 'filepattern-test' for filepattern-0.1.3...
Preprocessing test suite 'filepattern-test' for filepattern-0.1.3...
Building test suite 'filepattern-test' for filepattern-0.1.3...
[1 of 3] Compiling Test.Util
[2 of 3] Compiling Test.Cases
[3 of 3] Compiling Main
[4 of 4] Linking /tmp/workdir-filepattern/filepattern-0.1.3/dist-newstyle/build/x86_64-linux/ghc-9.6.6/filepattern-0.1.3/t/filepattern-test/build/filepattern-test/filepattern-test
