Build profile: -w ghc-9.6.6 -O1
In order, the following will be built (use -v for more details):
 - polysemy-1.9.2.0 (lib:polysemy, test:polysemy-test) (first run)
[1 of 2] Compiling Main             ( /tmp/workdir-polysemy/polysemy-1.9.2.0/dist-newstyle/build/x86_64-linux/ghc-9.6.6/polysemy-1.9.2.0/setup/setup.hs, /tmp/workdir-polysemy/polysemy-1.9.2.0/dist-newstyle/build/x86_64-linux/ghc-9.6.6/polysemy-1.9.2.0/setup/Main.o )
[2 of 2] Linking /tmp/workdir-polysemy/polysemy-1.9.2.0/dist-newstyle/build/x86_64-linux/ghc-9.6.6/polysemy-1.9.2.0/setup/setup
Configuring polysemy-1.9.2.0...
Preprocessing library for polysemy-1.9.2.0..
Building library for polysemy-1.9.2.0..
[ 1 of 44] Compiling Paths_polysemy
[ 2 of 44] Compiling Polysemy.Embed.Type
[ 3 of 44] Compiling Polysemy.Fail.Type
[ 4 of 44] Compiling Polysemy.Internal.CustomErrors.Redefined
[ 5 of 44] Compiling Polysemy.Internal.Fixpoint
[ 6 of 44] Compiling Polysemy.Internal.Kind
[ 7 of 44] Compiling Polysemy.Internal.CustomErrors
[ 8 of 44] Compiling Polysemy.Internal.NonDet
[ 9 of 44] Compiling Polysemy.Internal.PluginLookup
[10 of 44] Compiling Polysemy.Internal.Sing
[11 of 44] Compiling Polysemy.Internal.Index
[12 of 44] Compiling Polysemy.Internal[boot]
[13 of 44] Compiling Polysemy.Internal.Union
[14 of 44] Compiling Polysemy.Internal
[15 of 44] Compiling Polysemy.Internal.Tactics
[16 of 44] Compiling Polysemy.Internal.TH.Common

src/Polysemy/Internal/TH/Common.hs:101:7: warning: [GHC-62161] [-Wincomplete-uni-patterns]
    Pattern match(es) are non-exhaustive
    In a pattern binding:
        Patterns of type ‘([Type], [Type])’ not matched:
            (_, [])
            (_, (_:_:_))
    |
101 |   let (con_args, [con_return_type]) = splitAtEnd 1
    |       ^^^^^^^^^^^^^^^^^^^^^^^^^^^^^^^^^^^^^^^^^^^^...
[17 of 44] Compiling Polysemy.Internal.TH.Effect
[18 of 44] Compiling Polysemy.Internal.Combinators
[19 of 44] Compiling Polysemy.Internal.Strategy
[20 of 44] Compiling Polysemy.Final
[21 of 44] Compiling Polysemy
[22 of 44] Compiling Polysemy.Internal.Scoped
[23 of 44] Compiling Polysemy.Internal.Bundle
[24 of 44] Compiling Polysemy.Fixpoint
[25 of 44] Compiling Polysemy.Embed
[26 of 44] Compiling Polysemy.IO
[27 of 44] Compiling Polysemy.Async
[28 of 44] Compiling Polysemy.Error
[29 of 44] Compiling Polysemy.Bundle
[30 of 44] Compiling Polysemy.Internal.Writer
[31 of 44] Compiling Polysemy.Membership
[32 of 44] Compiling Polysemy.NonDet
[33 of 44] Compiling Polysemy.Fail
[34 of 44] Compiling Polysemy.Opaque
[35 of 44] Compiling Polysemy.Resource
[36 of 44] Compiling Polysemy.Scoped
[37 of 44] Compiling Polysemy.State
[38 of 44] Compiling Polysemy.Output
[39 of 44] Compiling Polysemy.Input
[40 of 44] Compiling Polysemy.Reader
[41 of 44] Compiling Polysemy.AtomicState
[42 of 44] Compiling Polysemy.Tagged
[43 of 44] Compiling Polysemy.Trace
[44 of 44] Compiling Polysemy.Writer
Preprocessing test suite 'polysemy-test' for polysemy-1.9.2.0..
Building test suite 'polysemy-test' for polysemy-1.9.2.0..
[ 1 of 20] Compiling AlternativeSpec
[ 2 of 20] Compiling BracketSpec
[ 3 of 20] Compiling Build_doctests
[ 4 of 20] Compiling DoctestSpec
[ 5 of 20] Compiling ErrorSpec
[ 6 of 20] Compiling FailSpec
[ 7 of 20] Compiling FinalSpec
[ 8 of 20] Compiling FixpointSpec
[ 9 of 20] Compiling FusionSpec
[10 of 20] Compiling HigherOrderSpec
[11 of 20] Compiling InterceptSpec
[12 of 20] Compiling KnownRowSpec
[13 of 20] Compiling OutputSpec
[14 of 20] Compiling Paths_polysemy
[15 of 20] Compiling ScopedSpec
[16 of 20] Compiling TacticsSpec
[17 of 20] Compiling ThEffectSpec
[18 of 20] Compiling TypeErrors
[19 of 20] Compiling WriterSpec
[20 of 20] Compiling Main
[21 of 21] Linking /tmp/workdir-polysemy/polysemy-1.9.2.0/dist-newstyle/build/x86_64-linux/ghc-9.6.6/polysemy-1.9.2.0/build/polysemy-test/polysemy-test
