Build profile: -w ghc-9.6.6 -O1
In order, the following will be built (use -v for more details):
 - ptr-poker-0.1.2.14 (lib) (first run)
 - ptr-poker-0.1.2.14 (test:test) (first run)
Configuring library for ptr-poker-0.1.2.14...
Preprocessing library for ptr-poker-0.1.2.14...
Building library for ptr-poker-0.1.2.14...
[ 1 of 10] Compiling PtrPoker.Prelude
[ 2 of 10] Compiling PtrPoker.IO.Prim
[ 3 of 10] Compiling PtrPoker.Ffi
[ 4 of 10] Compiling PtrPoker.Compat.Text
[ 5 of 10] Compiling PtrPoker.Compat.ForeignPtr
[ 6 of 10] Compiling PtrPoker.Compat.ByteString
[ 7 of 10] Compiling PtrPoker.Poke
[ 8 of 10] Compiling PtrPoker.ByteString
[ 9 of 10] Compiling PtrPoker.Size
[10 of 10] Compiling PtrPoker.Write
Configuring test suite 'test' for ptr-poker-0.1.2.14...
Preprocessing test suite 'test' for ptr-poker-0.1.2.14...
Building test suite 'test' for ptr-poker-0.1.2.14...
[1 of 1] Compiling Main
[2 of 2] Linking /tmp/workdir-ptr-poker/ptr-poker-0.1.2.14/dist-newstyle/build/x86_64-linux/ghc-9.6.6/ptr-poker-0.1.2.14/t/test/build/test/test
