Build profile: -w ghc-9.6.6 -O1
In order, the following will be built (use -v for more details):
 - type-level-kv-list-2.0.2.0 (lib) (first run)
 - type-level-kv-list-2.0.2.0 (test:doctest) (first run)
Configuring library for type-level-kv-list-2.0.2.0...
Preprocessing library for type-level-kv-list-2.0.2.0...
Building library for type-level-kv-list-2.0.2.0...
[1 of 2] Compiling Data.KVList

src/Data/KVList.hs:186:1: warning: [GHC-94210] [-Woverlapping-patterns]
    Pattern match has inaccessible right hand side
    In an equation for ‘get_’: get_ _ KVNil KVNil = ...
    |
186 | get_ _ KVNil KVNil = error "Unreachable: The KVList is empty."
    | ^^^^^^^^^^^^^^^^^^^^^^^^^^^^^^^^^^^^^^^^^^^^^^^^^^^^^^^^^^^^^^
[2 of 2] Compiling Paths_type_level_kv_list
Configuring test suite 'doctest' for type-level-kv-list-2.0.2.0...
Preprocessing test suite 'doctest' for type-level-kv-list-2.0.2.0...
Building test suite 'doctest' for type-level-kv-list-2.0.2.0...
[1 of 1] Compiling Main
[2 of 2] Linking /tmp/workdir-type-level-kv-list/type-level-kv-list-2.0.2.0/dist-newstyle/build/x86_64-linux/ghc-9.6.6/type-level-kv-list-2.0.2.0/t/doctest/build/doctest/doctest
