Build profile: -w ghc-9.6.6 -O1
In order, the following will be built (use -v for more details):
 - hxt-9.3.1.22 (lib) (first run)
Configuring library for hxt-9.3.1.22...
Preprocessing library for hxt-9.3.1.22...
Building library for hxt-9.3.1.22...
[ 1 of 82] Compiling Control.Arrow.ArrowIO
[ 2 of 82] Compiling Control.Arrow.ArrowExc
[ 3 of 82] Compiling Control.Arrow.ArrowList
[ 4 of 82] Compiling Control.Arrow.ArrowIf
[ 5 of 82] Compiling Control.Arrow.ArrowState
[ 6 of 82] Compiling Control.FlatSeq
[ 7 of 82] Compiling Control.Arrow.ArrowNF
[ 8 of 82] Compiling Data.AssocList
[ 9 of 82] Compiling Data.Atom
[10 of 82] Compiling Data.Function.Selector
[11 of 82] Compiling Data.Tree.Class
[12 of 82] Compiling Control.Arrow.ArrowTree
[13 of 82] Compiling Data.Tree.NTree.TypeDefs
[14 of 82] Compiling Data.Tree.NTree.Edit
[15 of 82] Compiling Data.Tree.NavigatableTree.Class
[16 of 82] Compiling Data.Tree.NavigatableTree.XPathAxis
[17 of 82] Compiling Data.Tree.NTree.Zipper.TypeDefs

src/Data/Tree/NTree/Zipper/TypeDefs.hs:92:5: warning: [GHC-62161] [-Wincomplete-uni-patterns]
    Pattern match(es) are non-exhaustive
    In a pattern binding:
        Patterns of type ‘NTZipper a’ not matched: NTZ _ []
   |
92 |     NTZ t (bc : bcs)    = z
   |     ^^^^^^^^^^^^^^^^^^^^^^^

src/Data/Tree/NTree/Zipper/TypeDefs.hs:110:5: warning: [GHC-62161] [-Wincomplete-uni-patterns]
    Pattern match(es) are non-exhaustive
    In a pattern binding:
        Patterns of type ‘NTZipper a’ not matched: NTZ _ []
    |
110 |     (NTZ t (bc : bcs))  = z
    |     ^^^^^^^^^^^^^^^^^^^^^^^

src/Data/Tree/NTree/Zipper/TypeDefs.hs:124:5: warning: [GHC-62161] [-Wincomplete-uni-patterns]
    Pattern match(es) are non-exhaustive
    In a pattern binding:
        Patterns of type ‘NTZipper a’ not matched: NTZ _ []
    |
124 |     (NTZ t (bc : bcs))  = z
    |     ^^^^^^^^^^^^^^^^^^^^^^^

src/Data/Tree/NTree/Zipper/TypeDefs.hs:136:5: warning: [GHC-62161] [-Wincomplete-uni-patterns]
    Pattern match(es) are non-exhaustive
    In a pattern binding:
        Patterns of type ‘NTZipper a’ not matched: NTZ _ []
    |
136 |     (NTZ t' (bc : bcs)) = z
    |     ^^^^^^^^^^^^^^^^^^^^^^^

src/Data/Tree/NTree/Zipper/TypeDefs.hs:145:5: warning: [GHC-62161] [-Wincomplete-uni-patterns]
    Pattern match(es) are non-exhaustive
    In a pattern binding:
        Patterns of type ‘NTZipper a’ not matched: NTZ _ []
    |
145 |     (NTZ t' (bc : bcs)) = z
    |     ^^^^^^^^^^^^^^^^^^^^^^^

src/Data/Tree/NTree/Zipper/TypeDefs.hs:155:5: warning: [GHC-62161] [-Wincomplete-uni-patterns]
    Pattern match(es) are non-exhaustive
    In a pattern binding:
        Patterns of type ‘NTZipper a’ not matched: NTZ _ []
    |
155 |     (NTZ t' (bc : bcs)) = z
    |     ^^^^^^^^^^^^^^^^^^^^^^^

src/Data/Tree/NTree/Zipper/TypeDefs.hs:165:5: warning: [GHC-62161] [-Wincomplete-uni-patterns]
    Pattern match(es) are non-exhaustive
    In a pattern binding:
        Patterns of type ‘NTZipper a’ not matched: NTZ _ []
    |
165 |     (NTZ t' (bc : bcs)) = z
    |     ^^^^^^^^^^^^^^^^^^^^^^^
[18 of 82] Compiling Control.Arrow.ArrowNavigatableTree
[19 of 82] Compiling Control.Arrow.StateListArrow
[20 of 82] Compiling Control.Arrow.ListArrow
[21 of 82] Compiling Control.Arrow.NTreeEdit
[22 of 82] Compiling Control.Arrow.IOStateListArrow
[23 of 82] Compiling Control.Arrow.IOListArrow
[24 of 82] Compiling Control.Arrow.ListArrows
[25 of 82] Compiling Text.XML.HXT.DOM.MimeTypeDefaults
[26 of 82] Compiling Text.XML.HXT.DOM.MimeTypes
[27 of 82] Compiling Text.XML.HXT.DOM.Util
[28 of 82] Compiling Text.XML.HXT.DOM.XmlKeywords
[29 of 82] Compiling Text.XML.HXT.DOM.QualifiedName

src/Text/XML/HXT/DOM/QualifiedName.hs:328:5: warning: [GHC-62161] [-Wincomplete-uni-patterns]
    Pattern match(es) are non-exhaustive
    In a pattern binding:
        Patterns of type ‘([Char], [Char])’ not matched: (_, [])
    |
328 |     (px, (_ : lp)) = span (/= ':') n
    |     ^^^^^^^^^^^^^^^^^^^^^^^^^^^^^^^^

src/Text/XML/HXT/DOM/QualifiedName.hs:533:1: warning: [GHC-62161] [-Wincomplete-uni-patterns]
    Pattern match(es) are non-exhaustive
    In a pattern binding:
        Patterns of type ‘[XName]’ not matched:
            []
            [_]
            [_, _]
            [_, _, _]
            ...
    |
533 | initialXNames@[
    | ^^^^^^^^^^^^^^^...

src/Text/XML/HXT/DOM/QualifiedName.hs:551:1: warning: [GHC-62161] [-Wincomplete-uni-patterns]
    Pattern match(es) are non-exhaustive
    In a pattern binding:
        Patterns of type ‘[QName]’ not matched:
            []
            (_:_:_)
    |
551 | initialQNames@[xmlnsQN] = [QN xmlnsXName nullXName xmlnsNamespaceXName]
    | ^^^^^^^^^^^^^^^^^^^^^^^^^^^^^^^^^^^^^^^^^^^^^^^^^^^^^^^^^^^^^^^^^^^^^^^
[30 of 82] Compiling Text.XML.HXT.DOM.TypeDefs
[31 of 82] Compiling Text.XML.HXT.DOM.Interface
[32 of 82] Compiling Text.XML.HXT.Arrow.XmlState.TypeDefs
[33 of 82] Compiling Text.XML.HXT.Arrow.XmlState.MimeTypeTable
[34 of 82] Compiling Text.XML.HXT.DOM.XmlNode
[35 of 82] Compiling Text.XML.HXT.DOM.ShowXml

src/Text/XML/HXT/DOM/ShowXml.hs:346:11: warning: [GHC-62161] [-Wincomplete-uni-patterns]
    Pattern match(es) are non-exhaustive
    In a pattern binding:
        Patterns of type ‘XmlTrees’ not matched:
            []
            ((NTree (XText _) _):_)
            ((NTree (XBlob _) _):_)
            ((NTree (XCharRef _) _):_)
            ...
    |
346 |           [(NTree (XDTD CONTENT al1) cs1)] = cs
    |           ^^^^^^^^^^^^^^^^^^^^^^^^^^^^^^^^^^^^^
[36 of 82] Compiling Text.XML.HXT.Arrow.XmlRegex
[37 of 82] Compiling Text.XML.HXT.DOM.FormatXmlTree
[38 of 82] Compiling Text.XML.HXT.Arrow.XmlArrow
[39 of 82] Compiling Text.XML.HXT.Arrow.XmlState.ErrorHandling
[40 of 82] Compiling Text.XML.HXT.Arrow.XmlState.SystemConfig
[41 of 82] Compiling Text.XML.HXT.Arrow.XmlOptions
[42 of 82] Compiling Text.XML.HXT.Arrow.Binary
[43 of 82] Compiling Text.XML.HXT.Arrow.Namespace
[44 of 82] Compiling Text.XML.HXT.DTDValidation.RE
[45 of 82] Compiling Text.XML.HXT.DTDValidation.TypeDefs
[46 of 82] Compiling Text.XML.HXT.IO.GetFILE
[47 of 82] Compiling Text.XML.HXT.Parser.ProtocolHandlerUtil
[48 of 82] Compiling Text.XML.HXT.Parser.XmlCharParser
[49 of 82] Compiling Text.XML.HXT.Parser.XmlEntities
[50 of 82] Compiling Text.XML.HXT.Parser.XhtmlEntities
[51 of 82] Compiling Text.XML.HXT.Parser.XmlTokenParser
[52 of 82] Compiling Text.XML.HXT.Parser.XmlDTDTokenParser
[53 of 82] Compiling Text.XML.HXT.Parser.XmlParsec
[54 of 82] Compiling Text.XML.HXT.DTDValidation.AttributeValueValidation
[55 of 82] Compiling Text.XML.HXT.DTDValidation.IdValidation
[56 of 82] Compiling Text.XML.HXT.DTDValidation.DocTransformation
[57 of 82] Compiling Text.XML.HXT.DTDValidation.DTDValidation
[58 of 82] Compiling Text.XML.HXT.Parser.XmlDTDParser

src/Text/XML/HXT/Parser/XmlDTDParser.hs:98:23: warning: [GHC-62161] [-Wincomplete-uni-patterns]
    Pattern match(es) are non-exhaustive
    In a pattern binding:
        Patterns of type ‘(Int, [(Int, String, SourcePos)])’ not matched:
            (_, [])
   |
98 |                   let (_i, (top, _n, _p) : _s) = xps_userState s
   |                       ^^^^^^^^^^^^^^^^^^^^^^^^^^^^^^^^^^^^^^^^^^

src/Text/XML/HXT/Parser/XmlDTDParser.hs:104:23: warning: [GHC-62161] [-Wincomplete-uni-patterns]
    Pattern match(es) are non-exhaustive
    In a pattern binding:
        Patterns of type ‘(Int, [(Int, String, SourcePos)])’ not matched:
            (_, [])
    |
104 |                   let (_i, (_top, _n, p) : _s) = xps_userState s
    |                       ^^^^^^^^^^^^^^^^^^^^^^^^^^^^^^^^^^^^^^^^^^
[59 of 82] Compiling Text.XML.HXT.Parser.HtmlParsec
[60 of 82] Compiling Text.XML.HXT.Arrow.ParserInterface
[61 of 82] Compiling Text.XML.HXT.Arrow.Edit
[62 of 82] Compiling Text.XML.HXT.DTDValidation.XmlRE
[63 of 82] Compiling Text.XML.HXT.DTDValidation.DocValidation
[64 of 82] Compiling Text.XML.HXT.DTDValidation.Validation
[65 of 82] Compiling Text.XML.HXT.Arrow.XmlState.TraceHandling
[66 of 82] Compiling Text.XML.HXT.Arrow.XmlState.URIHandling
[67 of 82] Compiling Text.XML.HXT.Arrow.XmlState.RunIOStateArrow
[68 of 82] Compiling Text.XML.HXT.Arrow.XmlState
[69 of 82] Compiling Text.XML.HXT.Arrow.DocumentInput
[70 of 82] Compiling Text.XML.HXT.Arrow.GeneralEntitySubstitution
[71 of 82] Compiling Text.XML.HXT.Arrow.DocumentOutput
[72 of 82] Compiling Text.XML.HXT.Arrow.WriteDocument
[73 of 82] Compiling Text.XML.HXT.Arrow.DTDProcessing
[74 of 82] Compiling Text.XML.HXT.Arrow.ProcessDocument
[75 of 82] Compiling Text.XML.HXT.Arrow.ReadDocument
[76 of 82] Compiling Text.XML.HXT.Version
[77 of 82] Compiling Text.XML.HXT.XMLSchema.DataTypeLibW3CNames
[78 of 82] Compiling Text.XML.HXT.Arrow.Pickle.Schema
[79 of 82] Compiling Text.XML.HXT.Arrow.Pickle.Xml

src/Text/XML/HXT/Arrow/Pickle/Xml.hs:1246:26: warning: [GHC-62161] [-Wincomplete-uni-patterns]
    Pattern match(es) are non-exhaustive
    In a lambda abstraction:
        Patterns of type ‘Either l r’ not matched: Right _
     |
1246 |                        , \ (Left l ) -> l  -- Deconstruct.
     |                          ^^^^^^^^^^^^^^^^

src/Text/XML/HXT/Arrow/Pickle/Xml.hs:1249:26: warning: [GHC-62161] [-Wincomplete-uni-patterns]
    Pattern match(es) are non-exhaustive
    In a lambda abstraction:
        Patterns of type ‘Either l r’ not matched: Left _
     |
1249 |                        , \ (Right r) -> r  -- Deconstruct.
     |                          ^^^^^^^^^^^^^^^^
[80 of 82] Compiling Text.XML.HXT.Arrow.Pickle.DTD

src/Text/XML/HXT/Arrow/Pickle/DTD.hs:61:47: warning: [GHC-62161] [-Wincomplete-uni-patterns]
    Pattern match(es) are non-exhaustive
    In a lambda abstraction:
        Patterns of type ‘Schema’ not matched:
            Any
            Seq _
            Alt _
            Rep _ _ _
            ...
   |
61 |       concatMap (uncurry checkContentModell . \ (Element n sc) -> (n,sc)) es1
   |                                               ^^^^^^^^^^^^^^^^^^^^^^^^^^
[81 of 82] Compiling Text.XML.HXT.Arrow.Pickle
[82 of 82] Compiling Text.XML.HXT.Core
