Build profile: -w ghc-9.6.6 -O1
In order, the following will be built (use -v for more details):
 - commutative-0.0.2 (lib) (first run)
 - commutative-0.0.2 (test:sets-test) (first run)
Configuring library for commutative-0.0.2...
Preprocessing library for commutative-0.0.2...
Building library for commutative-0.0.2...
[1 of 3] Compiling Data.Commutative

src/Data/Commutative.hs:13:22: warning: [-Wunused-imports]
    The import of ‘mappend’ from module ‘Data.Monoid’ is redundant
   |
13 |                    , mappend
   |                      ^^^^^^^

src/Data/Commutative.hs:15:1: warning: [-Wunused-imports]
    The import of ‘Control.Applicative’ is redundant
      except perhaps to import instances from ‘Control.Applicative’
    To import instances alone, use: import Control.Applicative()
   |
15 | import Control.Applicative
   | ^^^^^^^^^^^^^^^^^^^^^^^^^^

src/Data/Commutative.hs:18:1: warning: [-Wunused-imports]
    The qualified import of ‘Data.Vector’ is redundant
      except perhaps to import instances from ‘Data.Vector’
    To import instances alone, use: import Data.Vector()
   |
18 | import qualified Data.Vector as Vector
   | ^^^^^^^^^^^^^^^^^^^^^^^^^^^^^^^^^^^^^^
[2 of 3] Compiling Data.Mergeable
[3 of 3] Compiling Paths_commutative
Configuring test suite 'sets-test' for commutative-0.0.2...
Preprocessing test suite 'sets-test' for commutative-0.0.2...
Building test suite 'sets-test' for commutative-0.0.2...
[1 of 3] Compiling Data.CommutativeSpec

test/Data/CommutativeSpec.hs:8:1: warning: [-Wunused-imports]
    The import of ‘Data.Maybe’ is redundant
      except perhaps to import instances from ‘Data.Maybe’
    To import instances alone, use: import Data.Maybe()
  |
8 | import Data.Maybe (isJust)
  | ^^^^^^^^^^^^^^^^^^^^^^^^^^

test/Data/CommutativeSpec.hs:10:1: warning: [-Wunused-imports]
    The import of ‘Control.Applicative’ is redundant
      except perhaps to import instances from ‘Control.Applicative’
    To import instances alone, use: import Control.Applicative()
   |
10 | import Control.Applicative
   | ^^^^^^^^^^^^^^^^^^^^^^^^^^

test/Data/CommutativeSpec.hs:14:1: warning: [-Wunused-imports]
    The import of ‘Test.QuickCheck’ is redundant
      except perhaps to import instances from ‘Test.QuickCheck’
    To import instances alone, use: import Test.QuickCheck()
   |
14 | import Test.QuickCheck
   | ^^^^^^^^^^^^^^^^^^^^^^

test/Data/CommutativeSpec.hs:15:1: warning: [-Wunused-imports]
    The import of ‘Test.QuickCheck.Instances’ is redundant
      except perhaps to import instances from ‘Test.QuickCheck.Instances’
    To import instances alone, use: import Test.QuickCheck.Instances()
   |
15 | import Test.QuickCheck.Instances
   | ^^^^^^^^^^^^^^^^^^^^^^^^^^^^^^^^

test/Data/CommutativeSpec.hs:65:1: warning: [GHC-90177] [-Worphans]
    Orphan instance: instance Arbitrary a => Arbitrary (OneOf a)
    Suggested fix:
      Move the instance declaration to the module of the class or of the type, or
      wrap the type with a newtype and declare the instance on the new type.
   |
65 | instance Arbitrary a => Arbitrary (OneOf a) where
   | ^^^^^^^^^^^^^^^^^^^^^^^^^^^^^^^^^^^^^^^^^^^^^^^^^...
[2 of 3] Compiling Main
[3 of 3] Compiling Paths_commutative
[4 of 4] Linking /tmp/workdir-commutative/commutative-0.0.2/dist-newstyle/build/x86_64-linux/ghc-9.6.6/commutative-0.0.2/t/sets-test/build/sets-test/sets-test
