Build profile: -w ghc-9.6.6 -O1
In order, the following will be built (use -v for more details):
 - graphviz-2999.20.2.0 (lib) (first run)
 - graphviz-2999.20.2.0 (test:graphviz-testsuite) (first run)
Configuring library for graphviz-2999.20.2.0...
Preprocessing library for graphviz-2999.20.2.0...
Building library for graphviz-2999.20.2.0...
[ 1 of 31] Compiling Data.GraphViz.Attributes.ColorScheme
[ 2 of 31] Compiling Data.GraphViz.Exception
[ 3 of 31] Compiling Data.GraphViz.Internal.State
[ 4 of 31] Compiling Data.GraphViz.Internal.Util

Data/GraphViz/Internal/Util.hs:41:23: warning: [GHC-47082] [-Woperator-whitespace-ext-conflict]
    The prefix use of a ‘$’ would denote an untyped splice
      were the TemplateHaskell extension enabled.
    Suggested fix: Add whitespace after the ‘$’.
   |
41 | frstIDString c = any ($c) [ isAsciiUpper
   |                       ^
[ 5 of 31] Compiling Data.GraphViz.Parsing

Data/GraphViz/Parsing.hs:328:24: warning: [GHC-47082] [-Woperator-whitespace-ext-conflict]
    The prefix use of a ‘%’ would denote a multiplicity annotation
      were the LinearTypes extension enabled.
    Suggested fix: Add whitespace after the ‘%’.
    |
328 |                     . (%1) . runParser' parseInt) (ds `T.append` frac')
    |                        ^
[ 6 of 31] Compiling Data.GraphViz.PreProcessing
[ 7 of 31] Compiling Data.GraphViz.Printing
[ 8 of 31] Compiling Data.GraphViz.Commands.Available
[ 9 of 31] Compiling Data.GraphViz.Attributes.Internal
[10 of 31] Compiling Data.GraphViz.Attributes.Colors.X11
[11 of 31] Compiling Data.GraphViz.Attributes.Colors.SVG
[12 of 31] Compiling Data.GraphViz.Attributes.Colors.Brewer
[13 of 31] Compiling Data.GraphViz.Attributes.Colors

Data/GraphViz/Attributes/Colors.hs:154:26: warning: [GHC-62161] [-Wincomplete-uni-patterns]
    Pattern match(es) are non-exhaustive
    In a pattern binding:
        Patterns of type ‘[(Word8, String)]’ not matched:
            []
            ((_, (_:_)):_)
            ((_, []):_:_)
    |
154 |                      let [(n, [])] = readHex [c1, c2]
    |                          ^^^^^^^^^^^^^^^^^^^^^^^^^^^^

Data/GraphViz/Attributes/Colors.hs:320:17: warning: [GHC-81995] [-Wunused-do-bind]
    A do-notation statement discarded a result of type ‘Char’
    Suggested fix: Suppress this warning by saying ‘_ <- character '/'’
    |
320 |       mQts ( do character '/'
    |                 ^^^^^^^^^^^^^

Data/GraphViz/Attributes/Colors.hs:322:17: warning: [GHC-81995] [-Wunused-do-bind]
    A do-notation statement discarded a result of type ‘Char’
    Suggested fix: Suppress this warning by saying ‘_ <- character '/'’
    |
322 |                 character '/'
    |                 ^^^^^^^^^^^^^
[14 of 31] Compiling Data.GraphViz.Attributes.HTML

Data/GraphViz/Attributes/HTML.hs:621:21: warning: [GHC-81995] [-Wunused-do-bind]
    A do-notation statement discarded a result of type ‘Char’
    Suggested fix: Suppress this warning by saying ‘_ <- character '&'’
    |
621 |     parseEscpd = do character '&'
    |                     ^^^^^^^^^^^^^

Data/GraphViz/Attributes/HTML.hs:621:21: warning: [GHC-81995] [-Wunused-do-bind]
    A do-notation statement discarded a result of type ‘Char’
    Suggested fix: Suppress this warning by saying ‘_ <- character '&'’
    |
621 |     parseEscpd = do character '&'
    |                     ^^^^^^^^^^^^^

Data/GraphViz/Attributes/HTML.hs:623:21: warning: [GHC-81995] [-Wunused-do-bind]
    A do-notation statement discarded a result of type ‘Char’
    Suggested fix: Suppress this warning by saying ‘_ <- character ';'’
    |
623 |                     character ';'
    |                     ^^^^^^^^^^^^^

Data/GraphViz/Attributes/HTML.hs:623:21: warning: [GHC-81995] [-Wunused-do-bind]
    A do-notation statement discarded a result of type ‘Char’
    Suggested fix: Suppress this warning by saying ‘_ <- character ';'’
    |
623 |                     character ';'
    |                     ^^^^^^^^^^^^^
[15 of 31] Compiling Data.GraphViz.Attributes.Values

Data/GraphViz/Attributes/Values.hs:1376:31: warning: [GHC-47082] [-Woperator-whitespace-ext-conflict]
    The prefix use of a ‘$’ would denote an untyped splice
      were the TemplateHaskell extension enabled.
    Suggested fix: Add whitespace after the ‘$’.
     |
1376 |            $ mapM (unqtDot . ($vp)) [wVal, hVal, zVal]
     |                               ^
[16 of 31] Compiling Data.GraphViz.Attributes.Arrows
[17 of 31] Compiling Data.GraphViz.Attributes.Complete
[18 of 31] Compiling Data.GraphViz.Attributes.Same
[19 of 31] Compiling Data.GraphViz.Attributes
[20 of 31] Compiling Data.GraphViz.Types.Internal.Common

Data/GraphViz/Types/Internal/Common.hs:318:57: warning: [GHC-47082] [-Woperator-whitespace-ext-conflict]
    The prefix use of a ‘$’ would denote an untyped splice
      were the TemplateHaskell extension enabled.
    Suggested fix: Add whitespace after the ‘$’.
    |
318 |                        ef = return $ \ as -> concatMap ($as) efs
    |                                                         ^
[21 of 31] Compiling Data.GraphViz.Types.Canonical
[22 of 31] Compiling Data.GraphViz.Algorithms.Clustering
[23 of 31] Compiling Data.GraphViz.Types.State

Data/GraphViz/Types/State.hs:145:51: warning: [GHC-81995] [-Wunused-do-bind]
    A do-notation statement discarded a result of type ‘a’
    Suggested fix: Suppress this warning by saying ‘_ <- cntns’
    |
145 |                            recursiveCall mid $ do cntns
    |                                                   ^^^^^
[24 of 31] Compiling Data.GraphViz.Types
[25 of 31] Compiling Data.GraphViz.Commands.IO

Data/GraphViz/Commands/IO.hs:168:11: warning: [GHC-81995] [-Wunused-do-bind]
    A do-notation statement discarded a result of type
      ‘GHC.Conc.Sync.ThreadId’
    Suggested fix:
      Suppress this warning by saying
        ‘_ <- forkIO $ signalWhenDone hGetContents' errp mvErr’
    |
168 |           forkIO $ signalWhenDone hGetContents' errp mvErr
    |           ^^^^^^^^^^^^^^^^^^^^^^^^^^^^^^^^^^^^^^^^^^^^^^^^

Data/GraphViz/Commands/IO.hs:169:11: warning: [GHC-81995] [-Wunused-do-bind]
    A do-notation statement discarded a result of type
      ‘GHC.Conc.Sync.ThreadId’
    Suggested fix:
      Suppress this warning by saying
        ‘_ <- forkIO $ signalWhenDone hf' outp mvOutput’
    |
169 |           forkIO $ signalWhenDone hf' outp mvOutput
    |           ^^^^^^^^^^^^^^^^^^^^^^^^^^^^^^^^^^^^^^^^^

Data/GraphViz/Commands/IO.hs:207:22: warning: [GHC-81995] [-Wunused-do-bind]
    A do-notation statement discarded a result of type ‘Int’
    Suggested fix:
      Suppress this warning by saying ‘_ <- evaluate $ length r’
    |
207 |                      evaluate $ length r
    |                      ^^^^^^^^^^^^^^^^^^^
[26 of 31] Compiling Data.GraphViz.Commands
[27 of 31] Compiling Data.GraphViz.Algorithms
[28 of 31] Compiling Data.GraphViz.Types.Generalised
[29 of 31] Compiling Data.GraphViz.Types.Monadic

Data/GraphViz/Types/Monadic.hs:139:3: warning: [-Wnoncanonical-monoid-instances]
    Noncanonical ‘mappend’ definition detected
    in the instance declaration for ‘Monoid (DotM n a)’.
    ‘mappend’ will eventually be removed in favour of ‘(<>)’
    Either remove definition for ‘mappend’ (recommended) or define as ‘mappend = (<>)’
    See also: https://gitlab.haskell.org/ghc/ghc/-/wikis/proposal/semigroup-monoid
    |
139 |   mappend (DotM x1) (DotM x2) = DotM (mappend x1 x2)
    |   ^^^^^^^^^^^^^^^^^^^^^^^^^^^^^^^^^^^^^^^^^^^^^^^^^^
[30 of 31] Compiling Data.GraphViz.Types.Graph

Data/GraphViz/Types/Graph.hs:112:51: warning: [-Wunused-imports]
    The import of ‘liftA2’
    from module ‘Control.Applicative’ is redundant
    |
112 | import           Control.Applicative             (liftA2, (<|>))
    |                                                   ^^^^^^

Data/GraphViz/Types/Graph.hs:393:5: warning: [GHC-62161] [-Wincomplete-uni-patterns]
    Pattern match(es) are non-exhaustive
    In a pattern binding:
        Patterns of type ‘(Maybe (NodeInfo n),
                           Map n (NodeInfo n))’ not matched:
            (Nothing, _)
    |
393 |     (Just (NI mc as ps ss), ns') = M.updateLookupWithKey (const . const Nothing) n ns
    |     ^^^^^^^^^^^^^^^^^^^^^^^^^^^^^^^^^^^^^^^^^^^^^^^^^^^^^^^^^^^^^^^^^^^^^^^^^^^^^^^^^

Data/GraphViz/Types/Graph.hs:652:9: warning: [GHC-62161] [-Wincomplete-uni-patterns]
    Pattern match(es) are non-exhaustive
    In a pattern binding:
        Patterns of type ‘Maybe GraphID’ not matched: Nothing
    |
652 |         msgid@(Just sgid) = C.subGraphID sg
    |         ^^^^^^^^^^^^^^^^^^^^^^^^^^^^^^^^^^^
[31 of 31] Compiling Data.GraphViz
Configuring test suite 'graphviz-testsuite' for graphviz-2999.20.2.0...
Preprocessing test suite 'graphviz-testsuite' for graphviz-2999.20.2.0...
Building test suite 'graphviz-testsuite' for graphviz-2999.20.2.0...
[ 1 of 19] Compiling Data.GraphViz.Testing.Instances.Helpers
[ 2 of 19] Compiling Data.GraphViz.Testing.Instances.Attributes
[ 3 of 19] Compiling Data.GraphViz.Testing.Instances.Common
[ 4 of 19] Compiling Data.GraphViz.Testing.Instances.Generalised
[ 5 of 19] Compiling Data.GraphViz.Testing.Instances.Canonical
[ 6 of 19] Compiling Data.GraphViz.Testing.Instances.Graph
[ 7 of 19] Compiling Data.GraphViz.Testing.Instances
[ 8 of 19] Compiling Data.GraphViz.Testing.Proxy

tests/Data/GraphViz/Testing/Proxy.hs:18:21: warning: [GHC-39567] [-Wstar-is-type]
    Using ‘*’ (or its Unicode variant) to mean ‘Data.Kind.Type’
    relies on the StarIsType extension, which will become
    deprecated in the future.
    Suggested fix: Use ‘Type’ from ‘Data.Kind’ instead.
   |
18 | data DGProxy (dg :: * -> *) = DGProxy
   |                     ^

tests/Data/GraphViz/Testing/Proxy.hs:18:26: warning: [GHC-39567] [-Wstar-is-type]
    Using ‘*’ (or its Unicode variant) to mean ‘Data.Kind.Type’
    relies on the StarIsType extension, which will become
    deprecated in the future.
    Suggested fix: Use ‘Type’ from ‘Data.Kind’ instead.
   |
18 | data DGProxy (dg :: * -> *) = DGProxy
   |                          ^
[ 9 of 19] Compiling Data.GraphViz.Testing.Properties
[10 of 19] Compiling Data.GraphViz.PreProcessingSpec
[11 of 19] Compiling Data.GraphViz.Attributes.HTMLSpec
[12 of 19] Compiling Data.GraphViz.Attributes.CompleteSpec
[13 of 19] Compiling Data.GraphViz.AlgorithmsSpec
[14 of 19] Compiling Data.GraphViz.Types.CanonicalSpec
[15 of 19] Compiling Data.GraphViz.Types.GeneralisedSpec
[16 of 19] Compiling Data.GraphViz.Types.GraphSpec
[17 of 19] Compiling Data.GraphVizSpec
[18 of 19] Compiling Spec
[19 of 19] Compiling Main
[20 of 20] Linking /tmp/workdir-graphviz/graphviz-2999.20.2.0/dist-newstyle/build/x86_64-linux/ghc-9.6.6/graphviz-2999.20.2.0/t/graphviz-testsuite/build/graphviz-testsuite/graphviz-testsuite
