Build profile: -w ghc-9.6.6 -O1
In order, the following will be built (use -v for more details):
 - graphula-2.1.0.0 (lib) (first run)
 - graphula-2.1.0.0 (test:readme) (first run)
Configuring library for graphula-2.1.0.0...
Preprocessing library for graphula-2.1.0.0...
Building library for graphula-2.1.0.0...
[ 1 of 11] Compiling Graphula.Class
[ 2 of 11] Compiling Graphula.Arbitrary
[ 3 of 11] Compiling Graphula.Dependencies.Generic
[ 4 of 11] Compiling Graphula.Idempotent
[ 5 of 11] Compiling Graphula.Logged
[ 6 of 11] Compiling Graphula.NoConstraint
[ 7 of 11] Compiling Graphula.Dependencies
[ 8 of 11] Compiling Graphula.Node
[ 9 of 11] Compiling Graphula
[10 of 11] Compiling Graphula.Key
[11 of 11] Compiling Paths_graphula
Configuring test suite 'readme' for graphula-2.1.0.0...
Preprocessing test suite 'readme' for graphula-2.1.0.0...
Building test suite 'readme' for graphula-2.1.0.0...
[1 of 2] Compiling Main
[2 of 2] Compiling Paths_graphula
[3 of 3] Linking /tmp/workdir-graphula/graphula-2.1.0.0/dist-newstyle/build/x86_64-linux/ghc-9.6.6/graphula-2.1.0.0/t/readme/build/readme/readme
