Build profile: -w ghc-9.6.6 -O1
In order, the following will be built (use -v for more details):
 - data-msgpack-types-0.0.3 (lib) (first run)
 - data-msgpack-types-0.0.3 (test:testsuite) (first run)
Configuring library for data-msgpack-types-0.0.3...
Preprocessing library for data-msgpack-types-0.0.3...
Building library for data-msgpack-types-0.0.3...
[1 of 8] Compiling Data.MessagePack.Types.Assoc
[2 of 8] Compiling Data.MessagePack.Types.Object
[3 of 8] Compiling Data.MessagePack.Types.Class
[4 of 8] Compiling Data.MessagePack.Types.Generic

src/Data/MessagePack/Types/Generic.hs:139:22: warning: [GHC-39567] [-Wstar-is-type]
    Using ‘*’ (or its Unicode variant) to mean ‘Data.Kind.Type’
    relies on the StarIsType extension, which will become
    deprecated in the future.
    Suggested fix: Use ‘Type’ from ‘Data.Kind’ instead.
    |
139 | newtype Tagged (s :: * -> *) b = Tagged { unTagged :: b }
    |                      ^

src/Data/MessagePack/Types/Generic.hs:139:27: warning: [GHC-39567] [-Wstar-is-type]
    Using ‘*’ (or its Unicode variant) to mean ‘Data.Kind.Type’
    relies on the StarIsType extension, which will become
    deprecated in the future.
    Suggested fix: Use ‘Type’ from ‘Data.Kind’ instead.
    |
139 | newtype Tagged (s :: * -> *) b = Tagged { unTagged :: b }
    |                           ^
[5 of 8] Compiling Data.MessagePack.Types.Instances
[6 of 8] Compiling Data.MessagePack.Types.Option

src/Data/MessagePack/Types/Option.hs:36:3: warning: [-Wnoncanonical-monad-instances]
    Noncanonical ‘return’ definition detected
    in the instance declaration for ‘Monad Option’.
    ‘return’ will eventually be removed in favour of ‘pure’
    Either remove definition for ‘return’ (recommended) or define as ‘return = pure’
    See also: https://gitlab.haskell.org/ghc/ghc/-/wikis/proposal/monad-of-no-return
   |
36 |   return = Some
   |   ^^^^^^^^^^^^^
[7 of 8] Compiling Data.MessagePack.Types
[8 of 8] Compiling Data.MessagePack.Types.Result
Configuring test suite 'testsuite' for data-msgpack-types-0.0.3...
Preprocessing test suite 'testsuite' for data-msgpack-types-0.0.3...
Building test suite 'testsuite' for data-msgpack-types-0.0.3...
[1 of 3] Compiling Data.MessagePack.OptionSpec
[2 of 3] Compiling Data.MessagePack.ResultSpec
[3 of 3] Compiling Main
[4 of 4] Linking /tmp/workdir-data-msgpack-types/data-msgpack-types-0.0.3/dist-newstyle/build/x86_64-linux/ghc-9.6.6/data-msgpack-types-0.0.3/t/testsuite/build/testsuite/testsuite
