Build profile: -w ghc-9.6.6 -O1
In order, the following will be built (use -v for more details):
 - bugsnag-1.1.0.0 (lib) (first run)
 - bugsnag-1.1.0.0 (test:spec) (first run)
Configuring library for bugsnag-1.1.0.0...
Preprocessing library for bugsnag-1.1.0.0...
Building library for bugsnag-1.1.0.0...
[ 1 of 12] Compiling Data.Aeson.Compat
[ 2 of 12] Compiling Data.Bugsnag
[ 3 of 12] Compiling Network.Bugsnag.CodeIndex
[ 4 of 12] Compiling Network.Bugsnag.Device
[ 5 of 12] Compiling Network.Bugsnag.Exception.Parse
[ 6 of 12] Compiling Network.Bugsnag.Exception
[ 7 of 12] Compiling Network.Bugsnag.MetaData
[ 8 of 12] Compiling Network.Bugsnag.StackFrame
[ 9 of 12] Compiling Network.Bugsnag.BeforeNotify
[10 of 12] Compiling Data.Bugsnag.Settings
[11 of 12] Compiling Network.Bugsnag.Notify
[12 of 12] Compiling Network.Bugsnag
Configuring test suite 'spec' for bugsnag-1.1.0.0...
Preprocessing test suite 'spec' for bugsnag-1.1.0.0...
Building test suite 'spec' for bugsnag-1.1.0.0...
[1 of 7] Compiling Examples
[2 of 7] Compiling Network.Bugsnag.BeforeNotifySpec
[3 of 7] Compiling Network.Bugsnag.CodeIndexSpec
[4 of 7] Compiling Network.Bugsnag.DeviceSpec
[5 of 7] Compiling Network.Bugsnag.ExceptionSpec
[6 of 7] Compiling Main
[7 of 7] Compiling Paths_bugsnag
[8 of 8] Linking /tmp/workdir-bugsnag/bugsnag-1.1.0.0/dist-newstyle/build/x86_64-linux/ghc-9.6.6/bugsnag-1.1.0.0/t/spec/build/spec/spec
