Build profile: -w ghc-9.6.6 -O1
In order, the following will be built (use -v for more details):
 - amazonka-sagemaker-geospatial-2.0 (lib) (first run)
 - amazonka-sagemaker-geospatial-2.0 (test:amazonka-sagemaker-geospatial-test) (first run)
Configuring library for amazonka-sagemaker-geospatial-2.0...
Preprocessing library for amazonka-sagemaker-geospatial-2.0...
Building library for amazonka-sagemaker-geospatial-2.0...
[  1 of 107] Compiling Amazonka.SageMakerGeoSpatial.Types.AlgorithmNameCloudRemoval
[  2 of 107] Compiling Amazonka.SageMakerGeoSpatial.Types.AlgorithmNameGeoMosaic
[  3 of 107] Compiling Amazonka.SageMakerGeoSpatial.Types.AlgorithmNameResampling
[  4 of 107] Compiling Amazonka.SageMakerGeoSpatial.Types.AssetValue
[  5 of 107] Compiling Amazonka.SageMakerGeoSpatial.Types.CloudMaskingConfigInput
[  6 of 107] Compiling Amazonka.SageMakerGeoSpatial.Types.CloudRemovalConfigInput
[  7 of 107] Compiling Amazonka.SageMakerGeoSpatial.Types.ComparisonOperator
[  8 of 107] Compiling Amazonka.SageMakerGeoSpatial.Types.DataCollectionType
[  9 of 107] Compiling Amazonka.SageMakerGeoSpatial.Types.EarthObservationJobErrorType
[ 10 of 107] Compiling Amazonka.SageMakerGeoSpatial.Types.EarthObservationJobErrorDetails
[ 11 of 107] Compiling Amazonka.SageMakerGeoSpatial.Types.EarthObservationJobExportStatus
[ 12 of 107] Compiling Amazonka.SageMakerGeoSpatial.Types.EarthObservationJobStatus
[ 13 of 107] Compiling Amazonka.SageMakerGeoSpatial.Types.EoCloudCoverInput
[ 14 of 107] Compiling Amazonka.SageMakerGeoSpatial.Types.ExportErrorType
[ 15 of 107] Compiling Amazonka.SageMakerGeoSpatial.Types.ExportErrorDetailsOutput
[ 16 of 107] Compiling Amazonka.SageMakerGeoSpatial.Types.ExportErrorDetails
[ 17 of 107] Compiling Amazonka.SageMakerGeoSpatial.Types.ExportS3DataInput
[ 18 of 107] Compiling Amazonka.SageMakerGeoSpatial.Types.Filter
[ 19 of 107] Compiling Amazonka.SageMakerGeoSpatial.Types.GeoMosaicConfigInput
[ 20 of 107] Compiling Amazonka.SageMakerGeoSpatial.Types.Geometry
[ 21 of 107] Compiling Amazonka.SageMakerGeoSpatial.Types.GroupBy
[ 22 of 107] Compiling Amazonka.SageMakerGeoSpatial.Types.LandCoverSegmentationConfigInput
[ 23 of 107] Compiling Amazonka.SageMakerGeoSpatial.Types.LandsatCloudCoverLandInput
[ 24 of 107] Compiling Amazonka.SageMakerGeoSpatial.Types.ListEarthObservationJobOutputConfig
[ 25 of 107] Compiling Amazonka.SageMakerGeoSpatial.Types.LogicalOperator
[ 26 of 107] Compiling Amazonka.SageMakerGeoSpatial.Types.MapMatchingConfig
[ 27 of 107] Compiling Amazonka.SageMakerGeoSpatial.Types.MetadataProvider
[ 28 of 107] Compiling Amazonka.SageMakerGeoSpatial.Types.MultiPolygonGeometryInput
[ 29 of 107] Compiling Amazonka.SageMakerGeoSpatial.Types.OutputConfigInput
[ 30 of 107] Compiling Amazonka.SageMakerGeoSpatial.Types.OutputType
[ 31 of 107] Compiling Amazonka.SageMakerGeoSpatial.Types.OutputBand
[ 32 of 107] Compiling Amazonka.SageMakerGeoSpatial.Types.Operation
[ 33 of 107] Compiling Amazonka.SageMakerGeoSpatial.Types.CustomIndicesInput
[ 34 of 107] Compiling Amazonka.SageMakerGeoSpatial.Types.BandMathConfigInput
[ 35 of 107] Compiling Amazonka.SageMakerGeoSpatial.Types.PlatformInput
[ 36 of 107] Compiling Amazonka.SageMakerGeoSpatial.Types.PolygonGeometryInput
[ 37 of 107] Compiling Amazonka.SageMakerGeoSpatial.Types.AreaOfInterestGeometry
[ 38 of 107] Compiling Amazonka.SageMakerGeoSpatial.Types.AreaOfInterest
[ 39 of 107] Compiling Amazonka.SageMakerGeoSpatial.Types.PredefinedResolution
[ 40 of 107] Compiling Amazonka.SageMakerGeoSpatial.Types.Properties
[ 41 of 107] Compiling Amazonka.SageMakerGeoSpatial.Types.ItemSource
[ 42 of 107] Compiling Amazonka.SageMakerGeoSpatial.Types.RasterDataCollectionMetadata

gen/Amazonka/SageMakerGeoSpatial/Types/RasterDataCollectionMetadata.hs:114:140: warning: [GHC-02256] [-Wambiguous-fields]
    The record update s {name = a} with type RasterDataCollectionMetadata is ambiguous.
    This will not be supported by -XDuplicateRecordFields in future releases of GHC.
    |
114 | rasterDataCollectionMetadata_name = Lens.lens (\RasterDataCollectionMetadata' {name} -> name) (\s@RasterDataCollectionMetadata' {} a -> s {name = a} :: RasterDataCollectionMetadata)
    |                                                                                                                                            ^^^^^^^^

gen/Amazonka/SageMakerGeoSpatial/Types/RasterDataCollectionMetadata.hs:121:142: warning: [GHC-02256] [-Wambiguous-fields]
    The record update s {type' = a} with type RasterDataCollectionMetadata is ambiguous.
    This will not be supported by -XDuplicateRecordFields in future releases of GHC.
    |
121 | rasterDataCollectionMetadata_type = Lens.lens (\RasterDataCollectionMetadata' {type'} -> type') (\s@RasterDataCollectionMetadata' {} a -> s {type' = a} :: RasterDataCollectionMetadata)
    |                                                                                                                                              ^^^^^^^^^
[ 43 of 107] Compiling Amazonka.SageMakerGeoSpatial.Types.ReverseGeocodingConfig
[ 44 of 107] Compiling Amazonka.SageMakerGeoSpatial.Types.S3DataInput
[ 45 of 107] Compiling Amazonka.SageMakerGeoSpatial.Types.EojDataSourceConfigInput
[ 46 of 107] Compiling Amazonka.SageMakerGeoSpatial.Types.SortOrder
[ 47 of 107] Compiling Amazonka.SageMakerGeoSpatial.Types.TargetOptions
[ 48 of 107] Compiling Amazonka.SageMakerGeoSpatial.Types.TemporalStatistics
[ 49 of 107] Compiling Amazonka.SageMakerGeoSpatial.Types.TemporalStatisticsConfigInput
[ 50 of 107] Compiling Amazonka.SageMakerGeoSpatial.Types.TimeRangeFilterInput
[ 51 of 107] Compiling Amazonka.SageMakerGeoSpatial.Types.Unit
[ 52 of 107] Compiling Amazonka.SageMakerGeoSpatial.Types.UserDefined
[ 53 of 107] Compiling Amazonka.SageMakerGeoSpatial.Types.OutputResolutionStackInput
[ 54 of 107] Compiling Amazonka.SageMakerGeoSpatial.Types.StackConfigInput
[ 55 of 107] Compiling Amazonka.SageMakerGeoSpatial.Types.OutputResolutionResamplingInput
[ 56 of 107] Compiling Amazonka.SageMakerGeoSpatial.Types.ResamplingConfigInput
[ 57 of 107] Compiling Amazonka.SageMakerGeoSpatial.Types.VectorEnrichmentJobConfig
[ 58 of 107] Compiling Amazonka.SageMakerGeoSpatial.Types.VectorEnrichmentJobDocumentType
[ 59 of 107] Compiling Amazonka.SageMakerGeoSpatial.Types.VectorEnrichmentJobErrorType
[ 60 of 107] Compiling Amazonka.SageMakerGeoSpatial.Types.VectorEnrichmentJobErrorDetails
[ 61 of 107] Compiling Amazonka.SageMakerGeoSpatial.Types.VectorEnrichmentJobExportErrorType
[ 62 of 107] Compiling Amazonka.SageMakerGeoSpatial.Types.VectorEnrichmentJobExportErrorDetails
[ 63 of 107] Compiling Amazonka.SageMakerGeoSpatial.Types.VectorEnrichmentJobExportStatus
[ 64 of 107] Compiling Amazonka.SageMakerGeoSpatial.Types.VectorEnrichmentJobS3Data
[ 65 of 107] Compiling Amazonka.SageMakerGeoSpatial.Types.VectorEnrichmentJobDataSourceConfigInput
[ 66 of 107] Compiling Amazonka.SageMakerGeoSpatial.Types.VectorEnrichmentJobInputConfig
[ 67 of 107] Compiling Amazonka.SageMakerGeoSpatial.Types.ExportVectorEnrichmentJobOutputConfig
[ 68 of 107] Compiling Amazonka.SageMakerGeoSpatial.Types.VectorEnrichmentJobStatus
[ 69 of 107] Compiling Amazonka.SageMakerGeoSpatial.Types.VectorEnrichmentJobType
[ 70 of 107] Compiling Amazonka.SageMakerGeoSpatial.Types.ListVectorEnrichmentJobOutputConfig
[ 71 of 107] Compiling Amazonka.SageMakerGeoSpatial.Types.ViewOffNadirInput
[ 72 of 107] Compiling Amazonka.SageMakerGeoSpatial.Types.ViewSunAzimuthInput
[ 73 of 107] Compiling Amazonka.SageMakerGeoSpatial.Types.ViewSunElevationInput
[ 74 of 107] Compiling Amazonka.SageMakerGeoSpatial.Types.Property
[ 75 of 107] Compiling Amazonka.SageMakerGeoSpatial.Types.PropertyFilter
[ 76 of 107] Compiling Amazonka.SageMakerGeoSpatial.Types.PropertyFilters
[ 77 of 107] Compiling Amazonka.SageMakerGeoSpatial.Types.RasterDataCollectionQueryWithBandFilterInput
[ 78 of 107] Compiling Amazonka.SageMakerGeoSpatial.Types.RasterDataCollectionQueryOutput
[ 79 of 107] Compiling Amazonka.SageMakerGeoSpatial.Types.InputConfigOutput
[ 80 of 107] Compiling Amazonka.SageMakerGeoSpatial.Types.RasterDataCollectionQueryInput
[ 81 of 107] Compiling Amazonka.SageMakerGeoSpatial.Types.InputConfigInput
[ 82 of 107] Compiling Amazonka.SageMakerGeoSpatial.Types.ZonalStatistics
[ 83 of 107] Compiling Amazonka.SageMakerGeoSpatial.Types.ZonalStatisticsConfigInput
[ 84 of 107] Compiling Amazonka.SageMakerGeoSpatial.Types.JobConfigInput
[ 85 of 107] Compiling Amazonka.SageMakerGeoSpatial.Types
[ 86 of 107] Compiling Amazonka.SageMakerGeoSpatial.TagResource

gen/Amazonka/SageMakerGeoSpatial/TagResource.hs:86:89: warning: [GHC-02256] [-Wambiguous-fields]
    The record update s {tags = a} with type TagResource is ambiguous.
    This will not be supported by -XDuplicateRecordFields in future releases of GHC.
   |
86 | tagResource_tags = Lens.lens (\TagResource' {tags} -> tags) (\s@TagResource' {} a -> s {tags = a} :: TagResource) Prelude.. Lens.coerced
   |                                                                                         ^^^^^^^^
[ 87 of 107] Compiling Amazonka.SageMakerGeoSpatial.StopVectorEnrichmentJob

gen/Amazonka/SageMakerGeoSpatial/StopVectorEnrichmentJob.hs:74:122: warning: [GHC-02256] [-Wambiguous-fields]
    The record update s {arn = a} with type StopVectorEnrichmentJob is ambiguous.
    This will not be supported by -XDuplicateRecordFields in future releases of GHC.
   |
74 | stopVectorEnrichmentJob_arn = Lens.lens (\StopVectorEnrichmentJob' {arn} -> arn) (\s@StopVectorEnrichmentJob' {} a -> s {arn = a} :: StopVectorEnrichmentJob)
   |                                                                                                                          ^^^^^^^
[ 88 of 107] Compiling Amazonka.SageMakerGeoSpatial.StopEarthObservationJob

gen/Amazonka/SageMakerGeoSpatial/StopEarthObservationJob.hs:77:122: warning: [GHC-02256] [-Wambiguous-fields]
    The record update s {arn = a} with type StopEarthObservationJob is ambiguous.
    This will not be supported by -XDuplicateRecordFields in future releases of GHC.
   |
77 | stopEarthObservationJob_arn = Lens.lens (\StopEarthObservationJob' {arn} -> arn) (\s@StopEarthObservationJob' {} a -> s {arn = a} :: StopEarthObservationJob)
   |                                                                                                                          ^^^^^^^
[ 89 of 107] Compiling Amazonka.SageMakerGeoSpatial.StartVectorEnrichmentJob

gen/Amazonka/SageMakerGeoSpatial/StartVectorEnrichmentJob.hs:144:140: warning: [GHC-02256] [-Wambiguous-fields]
    The record update s {kmsKeyId = a} with type StartVectorEnrichmentJob is ambiguous.
    This will not be supported by -XDuplicateRecordFields in future releases of GHC.
    |
144 | startVectorEnrichmentJob_kmsKeyId = Lens.lens (\StartVectorEnrichmentJob' {kmsKeyId} -> kmsKeyId) (\s@StartVectorEnrichmentJob' {} a -> s {kmsKeyId = a} :: StartVectorEnrichmentJob)
    |                                                                                                                                            ^^^^^^^^^^^^

gen/Amazonka/SageMakerGeoSpatial/StartVectorEnrichmentJob.hs:148:128: warning: [GHC-02256] [-Wambiguous-fields]
    The record update s {tags = a} with type StartVectorEnrichmentJob is ambiguous.
    This will not be supported by -XDuplicateRecordFields in future releases of GHC.
    |
148 | startVectorEnrichmentJob_tags = Lens.lens (\StartVectorEnrichmentJob' {tags} -> tags) (\s@StartVectorEnrichmentJob' {} a -> s {tags = a} :: StartVectorEnrichmentJob) Prelude.. Lens.mapping Lens.coerced
    |                                                                                                                                ^^^^^^^^

gen/Amazonka/SageMakerGeoSpatial/StartVectorEnrichmentJob.hs:153:164: warning: [GHC-02256] [-Wambiguous-fields]
    The record update s {executionRoleArn = a} with type StartVectorEnrichmentJob is ambiguous.
    This will not be supported by -XDuplicateRecordFields in future releases of GHC.
    |
153 | startVectorEnrichmentJob_executionRoleArn = Lens.lens (\StartVectorEnrichmentJob' {executionRoleArn} -> executionRoleArn) (\s@StartVectorEnrichmentJob' {} a -> s {executionRoleArn = a} :: StartVectorEnrichmentJob)
    |                                                                                                                                                                    ^^^^^^^^^^^^^^^^^^^^

gen/Amazonka/SageMakerGeoSpatial/StartVectorEnrichmentJob.hs:157:149: warning: [GHC-02256] [-Wambiguous-fields]
    The record update s {inputConfig = a} with type StartVectorEnrichmentJob is ambiguous.
    This will not be supported by -XDuplicateRecordFields in future releases of GHC.
    |
157 | startVectorEnrichmentJob_inputConfig = Lens.lens (\StartVectorEnrichmentJob' {inputConfig} -> inputConfig) (\s@StartVectorEnrichmentJob' {} a -> s {inputConfig = a} :: StartVectorEnrichmentJob)
    |                                                                                                                                                     ^^^^^^^^^^^^^^^

gen/Amazonka/SageMakerGeoSpatial/StartVectorEnrichmentJob.hs:161:143: warning: [GHC-02256] [-Wambiguous-fields]
    The record update s {jobConfig = a} with type StartVectorEnrichmentJob is ambiguous.
    This will not be supported by -XDuplicateRecordFields in future releases of GHC.
    |
161 | startVectorEnrichmentJob_jobConfig = Lens.lens (\StartVectorEnrichmentJob' {jobConfig} -> jobConfig) (\s@StartVectorEnrichmentJob' {} a -> s {jobConfig = a} :: StartVectorEnrichmentJob)
    |                                                                                                                                               ^^^^^^^^^^^^^

gen/Amazonka/SageMakerGeoSpatial/StartVectorEnrichmentJob.hs:165:128: warning: [GHC-02256] [-Wambiguous-fields]
    The record update s {name = a} with type StartVectorEnrichmentJob is ambiguous.
    This will not be supported by -XDuplicateRecordFields in future releases of GHC.
    |
165 | startVectorEnrichmentJob_name = Lens.lens (\StartVectorEnrichmentJob' {name} -> name) (\s@StartVectorEnrichmentJob' {} a -> s {name = a} :: StartVectorEnrichmentJob)
    |                                                                                                                                ^^^^^^^^

gen/Amazonka/SageMakerGeoSpatial/StartVectorEnrichmentJob.hs:361:164: warning: [GHC-02256] [-Wambiguous-fields]
    The record update s {kmsKeyId = a} with type StartVectorEnrichmentJobResponse is ambiguous.
    This will not be supported by -XDuplicateRecordFields in future releases of GHC.
    |
361 | startVectorEnrichmentJobResponse_kmsKeyId = Lens.lens (\StartVectorEnrichmentJobResponse' {kmsKeyId} -> kmsKeyId) (\s@StartVectorEnrichmentJobResponse' {} a -> s {kmsKeyId = a} :: StartVectorEnrichmentJobResponse)
    |                                                                                                                                                                    ^^^^^^^^^^^^

gen/Amazonka/SageMakerGeoSpatial/StartVectorEnrichmentJob.hs:365:152: warning: [GHC-02256] [-Wambiguous-fields]
    The record update s {tags = a} with type StartVectorEnrichmentJobResponse is ambiguous.
    This will not be supported by -XDuplicateRecordFields in future releases of GHC.
    |
365 | startVectorEnrichmentJobResponse_tags = Lens.lens (\StartVectorEnrichmentJobResponse' {tags} -> tags) (\s@StartVectorEnrichmentJobResponse' {} a -> s {tags = a} :: StartVectorEnrichmentJobResponse) Prelude.. Lens.mapping Lens.coerced
    |                                                                                                                                                        ^^^^^^^^

gen/Amazonka/SageMakerGeoSpatial/StartVectorEnrichmentJob.hs:373:149: warning: [GHC-02256] [-Wambiguous-fields]
    The record update s {arn = a} with type StartVectorEnrichmentJobResponse is ambiguous.
    This will not be supported by -XDuplicateRecordFields in future releases of GHC.
    |
373 | startVectorEnrichmentJobResponse_arn = Lens.lens (\StartVectorEnrichmentJobResponse' {arn} -> arn) (\s@StartVectorEnrichmentJobResponse' {} a -> s {arn = a} :: StartVectorEnrichmentJobResponse)
    |                                                                                                                                                     ^^^^^^^

gen/Amazonka/SageMakerGeoSpatial/StartVectorEnrichmentJob.hs:377:176: warning: [GHC-02256] [-Wambiguous-fields]
    The record update s {creationTime = a} with type StartVectorEnrichmentJobResponse is ambiguous.
    This will not be supported by -XDuplicateRecordFields in future releases of GHC.
    |
377 | startVectorEnrichmentJobResponse_creationTime = Lens.lens (\StartVectorEnrichmentJobResponse' {creationTime} -> creationTime) (\s@StartVectorEnrichmentJobResponse' {} a -> s {creationTime = a} :: StartVectorEnrichmentJobResponse) Prelude.. Data._Time
    |                                                                                                                                                                                ^^^^^^^^^^^^^^^^

gen/Amazonka/SageMakerGeoSpatial/StartVectorEnrichmentJob.hs:381:191: warning: [GHC-02256] [-Wambiguous-fields]
    The record update s {durationInSeconds = a} with type StartVectorEnrichmentJobResponse is ambiguous.
    This will not be supported by -XDuplicateRecordFields in future releases of GHC.
    |
381 | startVectorEnrichmentJobResponse_durationInSeconds = Lens.lens (\StartVectorEnrichmentJobResponse' {durationInSeconds} -> durationInSeconds) (\s@StartVectorEnrichmentJobResponse' {} a -> s {durationInSeconds = a} :: StartVectorEnrichmentJobResponse)
    |                                                                                                                                                                                               ^^^^^^^^^^^^^^^^^^^^^

gen/Amazonka/SageMakerGeoSpatial/StartVectorEnrichmentJob.hs:386:188: warning: [GHC-02256] [-Wambiguous-fields]
    The record update s {executionRoleArn = a} with type StartVectorEnrichmentJobResponse is ambiguous.
    This will not be supported by -XDuplicateRecordFields in future releases of GHC.
    |
386 | startVectorEnrichmentJobResponse_executionRoleArn = Lens.lens (\StartVectorEnrichmentJobResponse' {executionRoleArn} -> executionRoleArn) (\s@StartVectorEnrichmentJobResponse' {} a -> s {executionRoleArn = a} :: StartVectorEnrichmentJobResponse)
    |                                                                                                                                                                                            ^^^^^^^^^^^^^^^^^^^^

gen/Amazonka/SageMakerGeoSpatial/StartVectorEnrichmentJob.hs:390:173: warning: [GHC-02256] [-Wambiguous-fields]
    The record update s {inputConfig = a} with type StartVectorEnrichmentJobResponse is ambiguous.
    This will not be supported by -XDuplicateRecordFields in future releases of GHC.
    |
390 | startVectorEnrichmentJobResponse_inputConfig = Lens.lens (\StartVectorEnrichmentJobResponse' {inputConfig} -> inputConfig) (\s@StartVectorEnrichmentJobResponse' {} a -> s {inputConfig = a} :: StartVectorEnrichmentJobResponse)
    |                                                                                                                                                                             ^^^^^^^^^^^^^^^

gen/Amazonka/SageMakerGeoSpatial/StartVectorEnrichmentJob.hs:394:167: warning: [GHC-02256] [-Wambiguous-fields]
    The record update s {jobConfig = a} with type StartVectorEnrichmentJobResponse is ambiguous.
    This will not be supported by -XDuplicateRecordFields in future releases of GHC.
    |
394 | startVectorEnrichmentJobResponse_jobConfig = Lens.lens (\StartVectorEnrichmentJobResponse' {jobConfig} -> jobConfig) (\s@StartVectorEnrichmentJobResponse' {} a -> s {jobConfig = a} :: StartVectorEnrichmentJobResponse)
    |                                                                                                                                                                       ^^^^^^^^^^^^^

gen/Amazonka/SageMakerGeoSpatial/StartVectorEnrichmentJob.hs:398:152: warning: [GHC-02256] [-Wambiguous-fields]
    The record update s {name = a} with type StartVectorEnrichmentJobResponse is ambiguous.
    This will not be supported by -XDuplicateRecordFields in future releases of GHC.
    |
398 | startVectorEnrichmentJobResponse_name = Lens.lens (\StartVectorEnrichmentJobResponse' {name} -> name) (\s@StartVectorEnrichmentJobResponse' {} a -> s {name = a} :: StartVectorEnrichmentJobResponse)
    |                                                                                                                                                        ^^^^^^^^

gen/Amazonka/SageMakerGeoSpatial/StartVectorEnrichmentJob.hs:402:158: warning: [GHC-02256] [-Wambiguous-fields]
    The record update s {status = a} with type StartVectorEnrichmentJobResponse is ambiguous.
    This will not be supported by -XDuplicateRecordFields in future releases of GHC.
    |
402 | startVectorEnrichmentJobResponse_status = Lens.lens (\StartVectorEnrichmentJobResponse' {status} -> status) (\s@StartVectorEnrichmentJobResponse' {} a -> s {status = a} :: StartVectorEnrichmentJobResponse)
    |                                                                                                                                                              ^^^^^^^^^^

gen/Amazonka/SageMakerGeoSpatial/StartVectorEnrichmentJob.hs:406:154: warning: [GHC-02256] [-Wambiguous-fields]
    The record update s {type' = a} with type StartVectorEnrichmentJobResponse is ambiguous.
    This will not be supported by -XDuplicateRecordFields in future releases of GHC.
    |
406 | startVectorEnrichmentJobResponse_type = Lens.lens (\StartVectorEnrichmentJobResponse' {type'} -> type') (\s@StartVectorEnrichmentJobResponse' {} a -> s {type' = a} :: StartVectorEnrichmentJobResponse)
    |                                                                                                                                                          ^^^^^^^^^
[ 90 of 107] Compiling Amazonka.SageMakerGeoSpatial.StartEarthObservationJob

gen/Amazonka/SageMakerGeoSpatial/StartEarthObservationJob.hs:139:164: warning: [GHC-02256] [-Wambiguous-fields]
    The record update s {executionRoleArn = a} with type StartEarthObservationJob is ambiguous.
    This will not be supported by -XDuplicateRecordFields in future releases of GHC.
    |
139 | startEarthObservationJob_executionRoleArn = Lens.lens (\StartEarthObservationJob' {executionRoleArn} -> executionRoleArn) (\s@StartEarthObservationJob' {} a -> s {executionRoleArn = a} :: StartEarthObservationJob)
    |                                                                                                                                                                    ^^^^^^^^^^^^^^^^^^^^

gen/Amazonka/SageMakerGeoSpatial/StartEarthObservationJob.hs:144:140: warning: [GHC-02256] [-Wambiguous-fields]
    The record update s {kmsKeyId = a} with type StartEarthObservationJob is ambiguous.
    This will not be supported by -XDuplicateRecordFields in future releases of GHC.
    |
144 | startEarthObservationJob_kmsKeyId = Lens.lens (\StartEarthObservationJob' {kmsKeyId} -> kmsKeyId) (\s@StartEarthObservationJob' {} a -> s {kmsKeyId = a} :: StartEarthObservationJob)
    |                                                                                                                                            ^^^^^^^^^^^^

gen/Amazonka/SageMakerGeoSpatial/StartEarthObservationJob.hs:148:128: warning: [GHC-02256] [-Wambiguous-fields]
    The record update s {tags = a} with type StartEarthObservationJob is ambiguous.
    This will not be supported by -XDuplicateRecordFields in future releases of GHC.
    |
148 | startEarthObservationJob_tags = Lens.lens (\StartEarthObservationJob' {tags} -> tags) (\s@StartEarthObservationJob' {} a -> s {tags = a} :: StartEarthObservationJob) Prelude.. Lens.mapping Lens.coerced
    |                                                                                                                                ^^^^^^^^

gen/Amazonka/SageMakerGeoSpatial/StartEarthObservationJob.hs:152:149: warning: [GHC-02256] [-Wambiguous-fields]
    The record update s {inputConfig = a} with type StartEarthObservationJob is ambiguous.
    This will not be supported by -XDuplicateRecordFields in future releases of GHC.
    |
152 | startEarthObservationJob_inputConfig = Lens.lens (\StartEarthObservationJob' {inputConfig} -> inputConfig) (\s@StartEarthObservationJob' {} a -> s {inputConfig = a} :: StartEarthObservationJob)
    |                                                                                                                                                     ^^^^^^^^^^^^^^^

gen/Amazonka/SageMakerGeoSpatial/StartEarthObservationJob.hs:156:143: warning: [GHC-02256] [-Wambiguous-fields]
    The record update s {jobConfig = a} with type StartEarthObservationJob is ambiguous.
    This will not be supported by -XDuplicateRecordFields in future releases of GHC.
    |
156 | startEarthObservationJob_jobConfig = Lens.lens (\StartEarthObservationJob' {jobConfig} -> jobConfig) (\s@StartEarthObservationJob' {} a -> s {jobConfig = a} :: StartEarthObservationJob)
    |                                                                                                                                               ^^^^^^^^^^^^^

gen/Amazonka/SageMakerGeoSpatial/StartEarthObservationJob.hs:160:128: warning: [GHC-02256] [-Wambiguous-fields]
    The record update s {name = a} with type StartEarthObservationJob is ambiguous.
    This will not be supported by -XDuplicateRecordFields in future releases of GHC.
    |
160 | startEarthObservationJob_name = Lens.lens (\StartEarthObservationJob' {name} -> name) (\s@StartEarthObservationJob' {} a -> s {name = a} :: StartEarthObservationJob)
    |                                                                                                                                ^^^^^^^^

gen/Amazonka/SageMakerGeoSpatial/StartEarthObservationJob.hs:341:188: warning: [GHC-02256] [-Wambiguous-fields]
    The record update s {executionRoleArn = a} with type StartEarthObservationJobResponse is ambiguous.
    This will not be supported by -XDuplicateRecordFields in future releases of GHC.
    |
341 | startEarthObservationJobResponse_executionRoleArn = Lens.lens (\StartEarthObservationJobResponse' {executionRoleArn} -> executionRoleArn) (\s@StartEarthObservationJobResponse' {} a -> s {executionRoleArn = a} :: StartEarthObservationJobResponse)
    |                                                                                                                                                                                            ^^^^^^^^^^^^^^^^^^^^

gen/Amazonka/SageMakerGeoSpatial/StartEarthObservationJob.hs:345:173: warning: [GHC-02256] [-Wambiguous-fields]
    The record update s {inputConfig = a} with type StartEarthObservationJobResponse is ambiguous.
    This will not be supported by -XDuplicateRecordFields in future releases of GHC.
    |
345 | startEarthObservationJobResponse_inputConfig = Lens.lens (\StartEarthObservationJobResponse' {inputConfig} -> inputConfig) (\s@StartEarthObservationJobResponse' {} a -> s {inputConfig = a} :: StartEarthObservationJobResponse)
    |                                                                                                                                                                             ^^^^^^^^^^^^^^^

gen/Amazonka/SageMakerGeoSpatial/StartEarthObservationJob.hs:350:164: warning: [GHC-02256] [-Wambiguous-fields]
    The record update s {kmsKeyId = a} with type StartEarthObservationJobResponse is ambiguous.
    This will not be supported by -XDuplicateRecordFields in future releases of GHC.
    |
350 | startEarthObservationJobResponse_kmsKeyId = Lens.lens (\StartEarthObservationJobResponse' {kmsKeyId} -> kmsKeyId) (\s@StartEarthObservationJobResponse' {} a -> s {kmsKeyId = a} :: StartEarthObservationJobResponse)
    |                                                                                                                                                                    ^^^^^^^^^^^^

gen/Amazonka/SageMakerGeoSpatial/StartEarthObservationJob.hs:354:152: warning: [GHC-02256] [-Wambiguous-fields]
    The record update s {tags = a} with type StartEarthObservationJobResponse is ambiguous.
    This will not be supported by -XDuplicateRecordFields in future releases of GHC.
    |
354 | startEarthObservationJobResponse_tags = Lens.lens (\StartEarthObservationJobResponse' {tags} -> tags) (\s@StartEarthObservationJobResponse' {} a -> s {tags = a} :: StartEarthObservationJobResponse) Prelude.. Lens.mapping Lens.coerced
    |                                                                                                                                                        ^^^^^^^^

gen/Amazonka/SageMakerGeoSpatial/StartEarthObservationJob.hs:362:149: warning: [GHC-02256] [-Wambiguous-fields]
    The record update s {arn = a} with type StartEarthObservationJobResponse is ambiguous.
    This will not be supported by -XDuplicateRecordFields in future releases of GHC.
    |
362 | startEarthObservationJobResponse_arn = Lens.lens (\StartEarthObservationJobResponse' {arn} -> arn) (\s@StartEarthObservationJobResponse' {} a -> s {arn = a} :: StartEarthObservationJobResponse)
    |                                                                                                                                                     ^^^^^^^

gen/Amazonka/SageMakerGeoSpatial/StartEarthObservationJob.hs:366:176: warning: [GHC-02256] [-Wambiguous-fields]
    The record update s {creationTime = a} with type StartEarthObservationJobResponse is ambiguous.
    This will not be supported by -XDuplicateRecordFields in future releases of GHC.
    |
366 | startEarthObservationJobResponse_creationTime = Lens.lens (\StartEarthObservationJobResponse' {creationTime} -> creationTime) (\s@StartEarthObservationJobResponse' {} a -> s {creationTime = a} :: StartEarthObservationJobResponse) Prelude.. Data._Time
    |                                                                                                                                                                                ^^^^^^^^^^^^^^^^

gen/Amazonka/SageMakerGeoSpatial/StartEarthObservationJob.hs:370:191: warning: [GHC-02256] [-Wambiguous-fields]
    The record update s {durationInSeconds = a} with type StartEarthObservationJobResponse is ambiguous.
    This will not be supported by -XDuplicateRecordFields in future releases of GHC.
    |
370 | startEarthObservationJobResponse_durationInSeconds = Lens.lens (\StartEarthObservationJobResponse' {durationInSeconds} -> durationInSeconds) (\s@StartEarthObservationJobResponse' {} a -> s {durationInSeconds = a} :: StartEarthObservationJobResponse)
    |                                                                                                                                                                                               ^^^^^^^^^^^^^^^^^^^^^

gen/Amazonka/SageMakerGeoSpatial/StartEarthObservationJob.hs:374:167: warning: [GHC-02256] [-Wambiguous-fields]
    The record update s {jobConfig = a} with type StartEarthObservationJobResponse is ambiguous.
    This will not be supported by -XDuplicateRecordFields in future releases of GHC.
    |
374 | startEarthObservationJobResponse_jobConfig = Lens.lens (\StartEarthObservationJobResponse' {jobConfig} -> jobConfig) (\s@StartEarthObservationJobResponse' {} a -> s {jobConfig = a} :: StartEarthObservationJobResponse)
    |                                                                                                                                                                       ^^^^^^^^^^^^^

gen/Amazonka/SageMakerGeoSpatial/StartEarthObservationJob.hs:378:152: warning: [GHC-02256] [-Wambiguous-fields]
    The record update s {name = a} with type StartEarthObservationJobResponse is ambiguous.
    This will not be supported by -XDuplicateRecordFields in future releases of GHC.
    |
378 | startEarthObservationJobResponse_name = Lens.lens (\StartEarthObservationJobResponse' {name} -> name) (\s@StartEarthObservationJobResponse' {} a -> s {name = a} :: StartEarthObservationJobResponse)
    |                                                                                                                                                        ^^^^^^^^

gen/Amazonka/SageMakerGeoSpatial/StartEarthObservationJob.hs:382:158: warning: [GHC-02256] [-Wambiguous-fields]
    The record update s {status = a} with type StartEarthObservationJobResponse is ambiguous.
    This will not be supported by -XDuplicateRecordFields in future releases of GHC.
    |
382 | startEarthObservationJobResponse_status = Lens.lens (\StartEarthObservationJobResponse' {status} -> status) (\s@StartEarthObservationJobResponse' {} a -> s {status = a} :: StartEarthObservationJobResponse)
    |                                                                                                                                                              ^^^^^^^^^^
[ 91 of 107] Compiling Amazonka.SageMakerGeoSpatial.SearchRasterDataCollection

gen/Amazonka/SageMakerGeoSpatial/SearchRasterDataCollection.hs:100:149: warning: [GHC-02256] [-Wambiguous-fields]
    The record update s {nextToken = a} with type SearchRasterDataCollection is ambiguous.
    This will not be supported by -XDuplicateRecordFields in future releases of GHC.
    |
100 | searchRasterDataCollection_nextToken = Lens.lens (\SearchRasterDataCollection' {nextToken} -> nextToken) (\s@SearchRasterDataCollection' {} a -> s {nextToken = a} :: SearchRasterDataCollection) Prelude.. Lens.mapping Data._Sensitive
    |                                                                                                                                                     ^^^^^^^^^^^^^

gen/Amazonka/SageMakerGeoSpatial/SearchRasterDataCollection.hs:104:131: warning: [GHC-02256] [-Wambiguous-fields]
    The record update s {arn = a} with type SearchRasterDataCollection is ambiguous.
    This will not be supported by -XDuplicateRecordFields in future releases of GHC.
    |
104 | searchRasterDataCollection_arn = Lens.lens (\SearchRasterDataCollection' {arn} -> arn) (\s@SearchRasterDataCollection' {} a -> s {arn = a} :: SearchRasterDataCollection)
    |                                                                                                                                   ^^^^^^^

gen/Amazonka/SageMakerGeoSpatial/SearchRasterDataCollection.hs:107:197: warning: [GHC-02256] [-Wambiguous-fields]
    The record update s {rasterDataCollectionQuery = a} with type SearchRasterDataCollection is ambiguous.
    This will not be supported by -XDuplicateRecordFields in future releases of GHC.
    |
107 | searchRasterDataCollection_rasterDataCollectionQuery = Lens.lens (\SearchRasterDataCollection' {rasterDataCollectionQuery} -> rasterDataCollectionQuery) (\s@SearchRasterDataCollection' {} a -> s {rasterDataCollectionQuery = a} :: SearchRasterDataCollection)
    |                                                                                                                                                                                                     ^^^^^^^^^^^^^^^^^^^^^^^^^^^^^

gen/Amazonka/SageMakerGeoSpatial/SearchRasterDataCollection.hs:221:173: warning: [GHC-02256] [-Wambiguous-fields]
    The record update s {nextToken = a} with type SearchRasterDataCollectionResponse is ambiguous.
    This will not be supported by -XDuplicateRecordFields in future releases of GHC.
    |
221 | searchRasterDataCollectionResponse_nextToken = Lens.lens (\SearchRasterDataCollectionResponse' {nextToken} -> nextToken) (\s@SearchRasterDataCollectionResponse' {} a -> s {nextToken = a} :: SearchRasterDataCollectionResponse) Prelude.. Lens.mapping Data._Sensitive
    |                                                                                                                                                                             ^^^^^^^^^^^^^
[ 92 of 107] Compiling Amazonka.SageMakerGeoSpatial.ListVectorEnrichmentJobs

gen/Amazonka/SageMakerGeoSpatial/ListVectorEnrichmentJobs.hs:112:143: warning: [GHC-02256] [-Wambiguous-fields]
    The record update s {nextToken = a} with type ListVectorEnrichmentJobs is ambiguous.
    This will not be supported by -XDuplicateRecordFields in future releases of GHC.
    |
112 | listVectorEnrichmentJobs_nextToken = Lens.lens (\ListVectorEnrichmentJobs' {nextToken} -> nextToken) (\s@ListVectorEnrichmentJobs' {} a -> s {nextToken = a} :: ListVectorEnrichmentJobs) Prelude.. Lens.mapping Data._Sensitive
    |                                                                                                                                               ^^^^^^^^^^^^^

gen/Amazonka/SageMakerGeoSpatial/ListVectorEnrichmentJobs.hs:254:167: warning: [GHC-02256] [-Wambiguous-fields]
    The record update s {nextToken = a} with type ListVectorEnrichmentJobsResponse is ambiguous.
    This will not be supported by -XDuplicateRecordFields in future releases of GHC.
    |
254 | listVectorEnrichmentJobsResponse_nextToken = Lens.lens (\ListVectorEnrichmentJobsResponse' {nextToken} -> nextToken) (\s@ListVectorEnrichmentJobsResponse' {} a -> s {nextToken = a} :: ListVectorEnrichmentJobsResponse) Prelude.. Lens.mapping Data._Sensitive
    |                                                                                                                                                                       ^^^^^^^^^^^^^
[ 93 of 107] Compiling Amazonka.SageMakerGeoSpatial.ListTagsForResource

gen/Amazonka/SageMakerGeoSpatial/ListTagsForResource.hs:150:137: warning: [GHC-02256] [-Wambiguous-fields]
    The record update s {tags = a} with type ListTagsForResourceResponse is ambiguous.
    This will not be supported by -XDuplicateRecordFields in future releases of GHC.
    |
150 | listTagsForResourceResponse_tags = Lens.lens (\ListTagsForResourceResponse' {tags} -> tags) (\s@ListTagsForResourceResponse' {} a -> s {tags = a} :: ListTagsForResourceResponse) Prelude.. Lens.mapping Lens.coerced
    |                                                                                                                                         ^^^^^^^^
[ 94 of 107] Compiling Amazonka.SageMakerGeoSpatial.ListRasterDataCollections

gen/Amazonka/SageMakerGeoSpatial/ListRasterDataCollections.hs:92:146: warning: [GHC-02256] [-Wambiguous-fields]
    The record update s {nextToken = a} with type ListRasterDataCollections is ambiguous.
    This will not be supported by -XDuplicateRecordFields in future releases of GHC.
   |
92 | listRasterDataCollections_nextToken = Lens.lens (\ListRasterDataCollections' {nextToken} -> nextToken) (\s@ListRasterDataCollections' {} a -> s {nextToken = a} :: ListRasterDataCollections) Prelude.. Lens.mapping Data._Sensitive
   |                                                                                                                                                  ^^^^^^^^^^^^^

gen/Amazonka/SageMakerGeoSpatial/ListRasterDataCollections.hs:207:170: warning: [GHC-02256] [-Wambiguous-fields]
    The record update s {nextToken = a} with type ListRasterDataCollectionsResponse is ambiguous.
    This will not be supported by -XDuplicateRecordFields in future releases of GHC.
    |
207 | listRasterDataCollectionsResponse_nextToken = Lens.lens (\ListRasterDataCollectionsResponse' {nextToken} -> nextToken) (\s@ListRasterDataCollectionsResponse' {} a -> s {nextToken = a} :: ListRasterDataCollectionsResponse) Prelude.. Lens.mapping Data._Sensitive
    |                                                                                                                                                                          ^^^^^^^^^^^^^
[ 95 of 107] Compiling Amazonka.SageMakerGeoSpatial.ListEarthObservationJobs

gen/Amazonka/SageMakerGeoSpatial/ListEarthObservationJobs.hs:113:143: warning: [GHC-02256] [-Wambiguous-fields]
    The record update s {nextToken = a} with type ListEarthObservationJobs is ambiguous.
    This will not be supported by -XDuplicateRecordFields in future releases of GHC.
    |
113 | listEarthObservationJobs_nextToken = Lens.lens (\ListEarthObservationJobs' {nextToken} -> nextToken) (\s@ListEarthObservationJobs' {} a -> s {nextToken = a} :: ListEarthObservationJobs) Prelude.. Lens.mapping Data._Sensitive
    |                                                                                                                                               ^^^^^^^^^^^^^

gen/Amazonka/SageMakerGeoSpatial/ListEarthObservationJobs.hs:255:167: warning: [GHC-02256] [-Wambiguous-fields]
    The record update s {nextToken = a} with type ListEarthObservationJobsResponse is ambiguous.
    This will not be supported by -XDuplicateRecordFields in future releases of GHC.
    |
255 | listEarthObservationJobsResponse_nextToken = Lens.lens (\ListEarthObservationJobsResponse' {nextToken} -> nextToken) (\s@ListEarthObservationJobsResponse' {} a -> s {nextToken = a} :: ListEarthObservationJobsResponse) Prelude.. Lens.mapping Data._Sensitive
    |                                                                                                                                                                       ^^^^^^^^^^^^^
[ 96 of 107] Compiling Amazonka.SageMakerGeoSpatial.GetVectorEnrichmentJob

gen/Amazonka/SageMakerGeoSpatial/GetVectorEnrichmentJob.hs:89:119: warning: [GHC-02256] [-Wambiguous-fields]
    The record update s {arn = a} with type GetVectorEnrichmentJob is ambiguous.
    This will not be supported by -XDuplicateRecordFields in future releases of GHC.
   |
89 | getVectorEnrichmentJob_arn = Lens.lens (\GetVectorEnrichmentJob' {arn} -> arn) (\s@GetVectorEnrichmentJob' {} a -> s {arn = a} :: GetVectorEnrichmentJob)
   |                                                                                                                       ^^^^^^^

gen/Amazonka/SageMakerGeoSpatial/GetVectorEnrichmentJob.hs:288:158: warning: [GHC-02256] [-Wambiguous-fields]
    The record update s {kmsKeyId = a} with type GetVectorEnrichmentJobResponse is ambiguous.
    This will not be supported by -XDuplicateRecordFields in future releases of GHC.
    |
288 | getVectorEnrichmentJobResponse_kmsKeyId = Lens.lens (\GetVectorEnrichmentJobResponse' {kmsKeyId} -> kmsKeyId) (\s@GetVectorEnrichmentJobResponse' {} a -> s {kmsKeyId = a} :: GetVectorEnrichmentJobResponse)
    |                                                                                                                                                              ^^^^^^^^^^^^

gen/Amazonka/SageMakerGeoSpatial/GetVectorEnrichmentJob.hs:292:146: warning: [GHC-02256] [-Wambiguous-fields]
    The record update s {tags = a} with type GetVectorEnrichmentJobResponse is ambiguous.
    This will not be supported by -XDuplicateRecordFields in future releases of GHC.
    |
292 | getVectorEnrichmentJobResponse_tags = Lens.lens (\GetVectorEnrichmentJobResponse' {tags} -> tags) (\s@GetVectorEnrichmentJobResponse' {} a -> s {tags = a} :: GetVectorEnrichmentJobResponse) Prelude.. Lens.mapping Lens.coerced
    |                                                                                                                                                  ^^^^^^^^

gen/Amazonka/SageMakerGeoSpatial/GetVectorEnrichmentJob.hs:300:143: warning: [GHC-02256] [-Wambiguous-fields]
    The record update s {arn = a} with type GetVectorEnrichmentJobResponse is ambiguous.
    This will not be supported by -XDuplicateRecordFields in future releases of GHC.
    |
300 | getVectorEnrichmentJobResponse_arn = Lens.lens (\GetVectorEnrichmentJobResponse' {arn} -> arn) (\s@GetVectorEnrichmentJobResponse' {} a -> s {arn = a} :: GetVectorEnrichmentJobResponse)
    |                                                                                                                                               ^^^^^^^

gen/Amazonka/SageMakerGeoSpatial/GetVectorEnrichmentJob.hs:304:170: warning: [GHC-02256] [-Wambiguous-fields]
    The record update s {creationTime = a} with type GetVectorEnrichmentJobResponse is ambiguous.
    This will not be supported by -XDuplicateRecordFields in future releases of GHC.
    |
304 | getVectorEnrichmentJobResponse_creationTime = Lens.lens (\GetVectorEnrichmentJobResponse' {creationTime} -> creationTime) (\s@GetVectorEnrichmentJobResponse' {} a -> s {creationTime = a} :: GetVectorEnrichmentJobResponse) Prelude.. Data._Time
    |                                                                                                                                                                          ^^^^^^^^^^^^^^^^

gen/Amazonka/SageMakerGeoSpatial/GetVectorEnrichmentJob.hs:308:185: warning: [GHC-02256] [-Wambiguous-fields]
    The record update s {durationInSeconds = a} with type GetVectorEnrichmentJobResponse is ambiguous.
    This will not be supported by -XDuplicateRecordFields in future releases of GHC.
    |
308 | getVectorEnrichmentJobResponse_durationInSeconds = Lens.lens (\GetVectorEnrichmentJobResponse' {durationInSeconds} -> durationInSeconds) (\s@GetVectorEnrichmentJobResponse' {} a -> s {durationInSeconds = a} :: GetVectorEnrichmentJobResponse)
    |                                                                                                                                                                                         ^^^^^^^^^^^^^^^^^^^^^

gen/Amazonka/SageMakerGeoSpatial/GetVectorEnrichmentJob.hs:325:146: warning: [GHC-02256] [-Wambiguous-fields]
    The record update s {name = a} with type GetVectorEnrichmentJobResponse is ambiguous.
    This will not be supported by -XDuplicateRecordFields in future releases of GHC.
    |
325 | getVectorEnrichmentJobResponse_name = Lens.lens (\GetVectorEnrichmentJobResponse' {name} -> name) (\s@GetVectorEnrichmentJobResponse' {} a -> s {name = a} :: GetVectorEnrichmentJobResponse)
    |                                                                                                                                                  ^^^^^^^^

gen/Amazonka/SageMakerGeoSpatial/GetVectorEnrichmentJob.hs:329:152: warning: [GHC-02256] [-Wambiguous-fields]
    The record update s {status = a} with type GetVectorEnrichmentJobResponse is ambiguous.
    This will not be supported by -XDuplicateRecordFields in future releases of GHC.
    |
329 | getVectorEnrichmentJobResponse_status = Lens.lens (\GetVectorEnrichmentJobResponse' {status} -> status) (\s@GetVectorEnrichmentJobResponse' {} a -> s {status = a} :: GetVectorEnrichmentJobResponse)
    |                                                                                                                                                        ^^^^^^^^^^

gen/Amazonka/SageMakerGeoSpatial/GetVectorEnrichmentJob.hs:333:148: warning: [GHC-02256] [-Wambiguous-fields]
    The record update s {type' = a} with type GetVectorEnrichmentJobResponse is ambiguous.
    This will not be supported by -XDuplicateRecordFields in future releases of GHC.
    |
333 | getVectorEnrichmentJobResponse_type = Lens.lens (\GetVectorEnrichmentJobResponse' {type'} -> type') (\s@GetVectorEnrichmentJobResponse' {} a -> s {type' = a} :: GetVectorEnrichmentJobResponse)
    |                                                                                                                                                    ^^^^^^^^^
[ 97 of 107] Compiling Amazonka.SageMakerGeoSpatial.GetTile

gen/Amazonka/SageMakerGeoSpatial/GetTile.hs:155:107: warning: [GHC-02256] [-Wambiguous-fields]
    The record update s {outputDataType = a} with type GetTile is ambiguous.
    This will not be supported by -XDuplicateRecordFields in future releases of GHC.
    |
155 | getTile_outputDataType = Lens.lens (\GetTile' {outputDataType} -> outputDataType) (\s@GetTile' {} a -> s {outputDataType = a} :: GetTile)
    |                                                                                                           ^^^^^^^^^^^^^^^^^^

gen/Amazonka/SageMakerGeoSpatial/GetTile.hs:164:110: warning: [GHC-02256] [-Wambiguous-fields]
    The record update s {propertyFilters = a} with type GetTile is ambiguous.
    This will not be supported by -XDuplicateRecordFields in future releases of GHC.
    |
164 | getTile_propertyFilters = Lens.lens (\GetTile' {propertyFilters} -> propertyFilters) (\s@GetTile' {} a -> s {propertyFilters = a} :: GetTile)
    |                                                                                                              ^^^^^^^^^^^^^^^^^^^

gen/Amazonka/SageMakerGeoSpatial/GetTile.hs:168:110: warning: [GHC-02256] [-Wambiguous-fields]
    The record update s {timeRangeFilter = a} with type GetTile is ambiguous.
    This will not be supported by -XDuplicateRecordFields in future releases of GHC.
    |
168 | getTile_timeRangeFilter = Lens.lens (\GetTile' {timeRangeFilter} -> timeRangeFilter) (\s@GetTile' {} a -> s {timeRangeFilter = a} :: GetTile)
    |                                                                                                              ^^^^^^^^^^^^^^^^^^^

gen/Amazonka/SageMakerGeoSpatial/GetTile.hs:172:74: warning: [GHC-02256] [-Wambiguous-fields]
    The record update s {arn = a} with type GetTile is ambiguous.
    This will not be supported by -XDuplicateRecordFields in future releases of GHC.
    |
172 | getTile_arn = Lens.lens (\GetTile' {arn} -> arn) (\s@GetTile' {} a -> s {arn = a} :: GetTile)
    |                                                                          ^^^^^^^
[ 98 of 107] Compiling Amazonka.SageMakerGeoSpatial.GetRasterDataCollection

gen/Amazonka/SageMakerGeoSpatial/GetRasterDataCollection.hs:82:122: warning: [GHC-02256] [-Wambiguous-fields]
    The record update s {arn = a} with type GetRasterDataCollection is ambiguous.
    This will not be supported by -XDuplicateRecordFields in future releases of GHC.
   |
82 | getRasterDataCollection_arn = Lens.lens (\GetRasterDataCollection' {arn} -> arn) (\s@GetRasterDataCollection' {} a -> s {arn = a} :: GetRasterDataCollection)
   |                                                                                                                          ^^^^^^^

gen/Amazonka/SageMakerGeoSpatial/GetRasterDataCollection.hs:220:149: warning: [GHC-02256] [-Wambiguous-fields]
    The record update s {tags = a} with type GetRasterDataCollectionResponse is ambiguous.
    This will not be supported by -XDuplicateRecordFields in future releases of GHC.
    |
220 | getRasterDataCollectionResponse_tags = Lens.lens (\GetRasterDataCollectionResponse' {tags} -> tags) (\s@GetRasterDataCollectionResponse' {} a -> s {tags = a} :: GetRasterDataCollectionResponse) Prelude.. Lens.mapping Lens.coerced
    |                                                                                                                                                     ^^^^^^^^

gen/Amazonka/SageMakerGeoSpatial/GetRasterDataCollection.hs:228:146: warning: [GHC-02256] [-Wambiguous-fields]
    The record update s {arn = a} with type GetRasterDataCollectionResponse is ambiguous.
    This will not be supported by -XDuplicateRecordFields in future releases of GHC.
    |
228 | getRasterDataCollectionResponse_arn = Lens.lens (\GetRasterDataCollectionResponse' {arn} -> arn) (\s@GetRasterDataCollectionResponse' {} a -> s {arn = a} :: GetRasterDataCollectionResponse)
    |                                                                                                                                                  ^^^^^^^

gen/Amazonka/SageMakerGeoSpatial/GetRasterDataCollection.hs:232:170: warning: [GHC-02256] [-Wambiguous-fields]
    The record update s {description = a} with type GetRasterDataCollectionResponse is ambiguous.
    This will not be supported by -XDuplicateRecordFields in future releases of GHC.
    |
232 | getRasterDataCollectionResponse_description = Lens.lens (\GetRasterDataCollectionResponse' {description} -> description) (\s@GetRasterDataCollectionResponse' {} a -> s {description = a} :: GetRasterDataCollectionResponse)
    |                                                                                                                                                                          ^^^^^^^^^^^^^^^

gen/Amazonka/SageMakerGeoSpatial/GetRasterDataCollection.hs:236:191: warning: [GHC-02256] [-Wambiguous-fields]
    The record update s {descriptionPageUrl = a} with type GetRasterDataCollectionResponse is ambiguous.
    This will not be supported by -XDuplicateRecordFields in future releases of GHC.
    |
236 | getRasterDataCollectionResponse_descriptionPageUrl = Lens.lens (\GetRasterDataCollectionResponse' {descriptionPageUrl} -> descriptionPageUrl) (\s@GetRasterDataCollectionResponse' {} a -> s {descriptionPageUrl = a} :: GetRasterDataCollectionResponse)
    |                                                                                                                                                                                               ^^^^^^^^^^^^^^^^^^^^^^

gen/Amazonka/SageMakerGeoSpatial/GetRasterDataCollection.hs:243:149: warning: [GHC-02256] [-Wambiguous-fields]
    The record update s {name = a} with type GetRasterDataCollectionResponse is ambiguous.
    This will not be supported by -XDuplicateRecordFields in future releases of GHC.
    |
243 | getRasterDataCollectionResponse_name = Lens.lens (\GetRasterDataCollectionResponse' {name} -> name) (\s@GetRasterDataCollectionResponse' {} a -> s {name = a} :: GetRasterDataCollectionResponse)
    |                                                                                                                                                     ^^^^^^^^

gen/Amazonka/SageMakerGeoSpatial/GetRasterDataCollection.hs:247:185: warning: [GHC-02256] [-Wambiguous-fields]
    The record update s {supportedFilters = a} with type GetRasterDataCollectionResponse is ambiguous.
    This will not be supported by -XDuplicateRecordFields in future releases of GHC.
    |
247 | getRasterDataCollectionResponse_supportedFilters = Lens.lens (\GetRasterDataCollectionResponse' {supportedFilters} -> supportedFilters) (\s@GetRasterDataCollectionResponse' {} a -> s {supportedFilters = a} :: GetRasterDataCollectionResponse) Prelude.. Lens.coerced
    |                                                                                                                                                                                         ^^^^^^^^^^^^^^^^^^^^

gen/Amazonka/SageMakerGeoSpatial/GetRasterDataCollection.hs:251:151: warning: [GHC-02256] [-Wambiguous-fields]
    The record update s {type' = a} with type GetRasterDataCollectionResponse is ambiguous.
    This will not be supported by -XDuplicateRecordFields in future releases of GHC.
    |
251 | getRasterDataCollectionResponse_type = Lens.lens (\GetRasterDataCollectionResponse' {type'} -> type') (\s@GetRasterDataCollectionResponse' {} a -> s {type' = a} :: GetRasterDataCollectionResponse)
    |                                                                                                                                                       ^^^^^^^^^
[ 99 of 107] Compiling Amazonka.SageMakerGeoSpatial.GetEarthObservationJob

gen/Amazonka/SageMakerGeoSpatial/GetEarthObservationJob.hs:88:119: warning: [GHC-02256] [-Wambiguous-fields]
    The record update s {arn = a} with type GetEarthObservationJob is ambiguous.
    This will not be supported by -XDuplicateRecordFields in future releases of GHC.
   |
88 | getEarthObservationJob_arn = Lens.lens (\GetEarthObservationJob' {arn} -> arn) (\s@GetEarthObservationJob' {} a -> s {arn = a} :: GetEarthObservationJob)
   |                                                                                                                       ^^^^^^^

gen/Amazonka/SageMakerGeoSpatial/GetEarthObservationJob.hs:285:158: warning: [GHC-02256] [-Wambiguous-fields]
    The record update s {kmsKeyId = a} with type GetEarthObservationJobResponse is ambiguous.
    This will not be supported by -XDuplicateRecordFields in future releases of GHC.
    |
285 | getEarthObservationJobResponse_kmsKeyId = Lens.lens (\GetEarthObservationJobResponse' {kmsKeyId} -> kmsKeyId) (\s@GetEarthObservationJobResponse' {} a -> s {kmsKeyId = a} :: GetEarthObservationJobResponse)
    |                                                                                                                                                              ^^^^^^^^^^^^

gen/Amazonka/SageMakerGeoSpatial/GetEarthObservationJob.hs:292:146: warning: [GHC-02256] [-Wambiguous-fields]
    The record update s {tags = a} with type GetEarthObservationJobResponse is ambiguous.
    This will not be supported by -XDuplicateRecordFields in future releases of GHC.
    |
292 | getEarthObservationJobResponse_tags = Lens.lens (\GetEarthObservationJobResponse' {tags} -> tags) (\s@GetEarthObservationJobResponse' {} a -> s {tags = a} :: GetEarthObservationJobResponse) Prelude.. Lens.mapping Lens.coerced
    |                                                                                                                                                  ^^^^^^^^

gen/Amazonka/SageMakerGeoSpatial/GetEarthObservationJob.hs:300:143: warning: [GHC-02256] [-Wambiguous-fields]
    The record update s {arn = a} with type GetEarthObservationJobResponse is ambiguous.
    This will not be supported by -XDuplicateRecordFields in future releases of GHC.
    |
300 | getEarthObservationJobResponse_arn = Lens.lens (\GetEarthObservationJobResponse' {arn} -> arn) (\s@GetEarthObservationJobResponse' {} a -> s {arn = a} :: GetEarthObservationJobResponse)
    |                                                                                                                                               ^^^^^^^

gen/Amazonka/SageMakerGeoSpatial/GetEarthObservationJob.hs:304:170: warning: [GHC-02256] [-Wambiguous-fields]
    The record update s {creationTime = a} with type GetEarthObservationJobResponse is ambiguous.
    This will not be supported by -XDuplicateRecordFields in future releases of GHC.
    |
304 | getEarthObservationJobResponse_creationTime = Lens.lens (\GetEarthObservationJobResponse' {creationTime} -> creationTime) (\s@GetEarthObservationJobResponse' {} a -> s {creationTime = a} :: GetEarthObservationJobResponse) Prelude.. Data._Time
    |                                                                                                                                                                          ^^^^^^^^^^^^^^^^

gen/Amazonka/SageMakerGeoSpatial/GetEarthObservationJob.hs:308:185: warning: [GHC-02256] [-Wambiguous-fields]
    The record update s {durationInSeconds = a} with type GetEarthObservationJobResponse is ambiguous.
    This will not be supported by -XDuplicateRecordFields in future releases of GHC.
    |
308 | getEarthObservationJobResponse_durationInSeconds = Lens.lens (\GetEarthObservationJobResponse' {durationInSeconds} -> durationInSeconds) (\s@GetEarthObservationJobResponse' {} a -> s {durationInSeconds = a} :: GetEarthObservationJobResponse)
    |                                                                                                                                                                                         ^^^^^^^^^^^^^^^^^^^^^

gen/Amazonka/SageMakerGeoSpatial/GetEarthObservationJob.hs:320:146: warning: [GHC-02256] [-Wambiguous-fields]
    The record update s {name = a} with type GetEarthObservationJobResponse is ambiguous.
    This will not be supported by -XDuplicateRecordFields in future releases of GHC.
    |
320 | getEarthObservationJobResponse_name = Lens.lens (\GetEarthObservationJobResponse' {name} -> name) (\s@GetEarthObservationJobResponse' {} a -> s {name = a} :: GetEarthObservationJobResponse)
    |                                                                                                                                                  ^^^^^^^^

gen/Amazonka/SageMakerGeoSpatial/GetEarthObservationJob.hs:324:152: warning: [GHC-02256] [-Wambiguous-fields]
    The record update s {status = a} with type GetEarthObservationJobResponse is ambiguous.
    This will not be supported by -XDuplicateRecordFields in future releases of GHC.
    |
324 | getEarthObservationJobResponse_status = Lens.lens (\GetEarthObservationJobResponse' {status} -> status) (\s@GetEarthObservationJobResponse' {} a -> s {status = a} :: GetEarthObservationJobResponse)
    |                                                                                                                                                        ^^^^^^^^^^
[100 of 107] Compiling Amazonka.SageMakerGeoSpatial.ExportVectorEnrichmentJob

gen/Amazonka/SageMakerGeoSpatial/ExportVectorEnrichmentJob.hs:103:128: warning: [GHC-02256] [-Wambiguous-fields]
    The record update s {arn = a} with type ExportVectorEnrichmentJob is ambiguous.
    This will not be supported by -XDuplicateRecordFields in future releases of GHC.
    |
103 | exportVectorEnrichmentJob_arn = Lens.lens (\ExportVectorEnrichmentJob' {arn} -> arn) (\s@ExportVectorEnrichmentJob' {} a -> s {arn = a} :: ExportVectorEnrichmentJob)
    |                                                                                                                                ^^^^^^^

gen/Amazonka/SageMakerGeoSpatial/ExportVectorEnrichmentJob.hs:108:167: warning: [GHC-02256] [-Wambiguous-fields]
    The record update s {executionRoleArn = a} with type ExportVectorEnrichmentJob is ambiguous.
    This will not be supported by -XDuplicateRecordFields in future releases of GHC.
    |
108 | exportVectorEnrichmentJob_executionRoleArn = Lens.lens (\ExportVectorEnrichmentJob' {executionRoleArn} -> executionRoleArn) (\s@ExportVectorEnrichmentJob' {} a -> s {executionRoleArn = a} :: ExportVectorEnrichmentJob)
    |                                                                                                                                                                       ^^^^^^^^^^^^^^^^^^^^

gen/Amazonka/SageMakerGeoSpatial/ExportVectorEnrichmentJob.hs:112:155: warning: [GHC-02256] [-Wambiguous-fields]
    The record update s {outputConfig = a} with type ExportVectorEnrichmentJob is ambiguous.
    This will not be supported by -XDuplicateRecordFields in future releases of GHC.
    |
112 | exportVectorEnrichmentJob_outputConfig = Lens.lens (\ExportVectorEnrichmentJob' {outputConfig} -> outputConfig) (\s@ExportVectorEnrichmentJob' {} a -> s {outputConfig = a} :: ExportVectorEnrichmentJob)
    |                                                                                                                                                           ^^^^^^^^^^^^^^^^

gen/Amazonka/SageMakerGeoSpatial/ExportVectorEnrichmentJob.hs:253:152: warning: [GHC-02256] [-Wambiguous-fields]
    The record update s {arn = a} with type ExportVectorEnrichmentJobResponse is ambiguous.
    This will not be supported by -XDuplicateRecordFields in future releases of GHC.
    |
253 | exportVectorEnrichmentJobResponse_arn = Lens.lens (\ExportVectorEnrichmentJobResponse' {arn} -> arn) (\s@ExportVectorEnrichmentJobResponse' {} a -> s {arn = a} :: ExportVectorEnrichmentJobResponse)
    |                                                                                                                                                        ^^^^^^^

gen/Amazonka/SageMakerGeoSpatial/ExportVectorEnrichmentJob.hs:257:179: warning: [GHC-02256] [-Wambiguous-fields]
    The record update s {creationTime = a} with type ExportVectorEnrichmentJobResponse is ambiguous.
    This will not be supported by -XDuplicateRecordFields in future releases of GHC.
    |
257 | exportVectorEnrichmentJobResponse_creationTime = Lens.lens (\ExportVectorEnrichmentJobResponse' {creationTime} -> creationTime) (\s@ExportVectorEnrichmentJobResponse' {} a -> s {creationTime = a} :: ExportVectorEnrichmentJobResponse) Prelude.. Data._Time
    |                                                                                                                                                                                   ^^^^^^^^^^^^^^^^

gen/Amazonka/SageMakerGeoSpatial/ExportVectorEnrichmentJob.hs:262:191: warning: [GHC-02256] [-Wambiguous-fields]
    The record update s {executionRoleArn = a} with type ExportVectorEnrichmentJobResponse is ambiguous.
    This will not be supported by -XDuplicateRecordFields in future releases of GHC.
    |
262 | exportVectorEnrichmentJobResponse_executionRoleArn = Lens.lens (\ExportVectorEnrichmentJobResponse' {executionRoleArn} -> executionRoleArn) (\s@ExportVectorEnrichmentJobResponse' {} a -> s {executionRoleArn = a} :: ExportVectorEnrichmentJobResponse)
    |                                                                                                                                                                                               ^^^^^^^^^^^^^^^^^^^^

gen/Amazonka/SageMakerGeoSpatial/ExportVectorEnrichmentJob.hs:270:179: warning: [GHC-02256] [-Wambiguous-fields]
    The record update s {outputConfig = a} with type ExportVectorEnrichmentJobResponse is ambiguous.
    This will not be supported by -XDuplicateRecordFields in future releases of GHC.
    |
270 | exportVectorEnrichmentJobResponse_outputConfig = Lens.lens (\ExportVectorEnrichmentJobResponse' {outputConfig} -> outputConfig) (\s@ExportVectorEnrichmentJobResponse' {} a -> s {outputConfig = a} :: ExportVectorEnrichmentJobResponse)
    |                                                                                                                                                                                   ^^^^^^^^^^^^^^^^
[101 of 107] Compiling Amazonka.SageMakerGeoSpatial.ExportEarthObservationJob

gen/Amazonka/SageMakerGeoSpatial/ExportEarthObservationJob.hs:113:173: warning: [GHC-02256] [-Wambiguous-fields]
    The record update s {exportSourceImages = a} with type ExportEarthObservationJob is ambiguous.
    This will not be supported by -XDuplicateRecordFields in future releases of GHC.
    |
113 | exportEarthObservationJob_exportSourceImages = Lens.lens (\ExportEarthObservationJob' {exportSourceImages} -> exportSourceImages) (\s@ExportEarthObservationJob' {} a -> s {exportSourceImages = a} :: ExportEarthObservationJob)
    |                                                                                                                                                                             ^^^^^^^^^^^^^^^^^^^^^^

gen/Amazonka/SageMakerGeoSpatial/ExportEarthObservationJob.hs:118:128: warning: [GHC-02256] [-Wambiguous-fields]
    The record update s {arn = a} with type ExportEarthObservationJob is ambiguous.
    This will not be supported by -XDuplicateRecordFields in future releases of GHC.
    |
118 | exportEarthObservationJob_arn = Lens.lens (\ExportEarthObservationJob' {arn} -> arn) (\s@ExportEarthObservationJob' {} a -> s {arn = a} :: ExportEarthObservationJob)
    |                                                                                                                                ^^^^^^^

gen/Amazonka/SageMakerGeoSpatial/ExportEarthObservationJob.hs:123:167: warning: [GHC-02256] [-Wambiguous-fields]
    The record update s {executionRoleArn = a} with type ExportEarthObservationJob is ambiguous.
    This will not be supported by -XDuplicateRecordFields in future releases of GHC.
    |
123 | exportEarthObservationJob_executionRoleArn = Lens.lens (\ExportEarthObservationJob' {executionRoleArn} -> executionRoleArn) (\s@ExportEarthObservationJob' {} a -> s {executionRoleArn = a} :: ExportEarthObservationJob)
    |                                                                                                                                                                       ^^^^^^^^^^^^^^^^^^^^

gen/Amazonka/SageMakerGeoSpatial/ExportEarthObservationJob.hs:127:155: warning: [GHC-02256] [-Wambiguous-fields]
    The record update s {outputConfig = a} with type ExportEarthObservationJob is ambiguous.
    This will not be supported by -XDuplicateRecordFields in future releases of GHC.
    |
127 | exportEarthObservationJob_outputConfig = Lens.lens (\ExportEarthObservationJob' {outputConfig} -> outputConfig) (\s@ExportEarthObservationJob' {} a -> s {outputConfig = a} :: ExportEarthObservationJob)
    |                                                                                                                                                           ^^^^^^^^^^^^^^^^

gen/Amazonka/SageMakerGeoSpatial/ExportEarthObservationJob.hs:273:197: warning: [GHC-02256] [-Wambiguous-fields]
    The record update s {exportSourceImages = a} with type ExportEarthObservationJobResponse is ambiguous.
    This will not be supported by -XDuplicateRecordFields in future releases of GHC.
    |
273 | exportEarthObservationJobResponse_exportSourceImages = Lens.lens (\ExportEarthObservationJobResponse' {exportSourceImages} -> exportSourceImages) (\s@ExportEarthObservationJobResponse' {} a -> s {exportSourceImages = a} :: ExportEarthObservationJobResponse)
    |                                                                                                                                                                                                     ^^^^^^^^^^^^^^^^^^^^^^

gen/Amazonka/SageMakerGeoSpatial/ExportEarthObservationJob.hs:282:152: warning: [GHC-02256] [-Wambiguous-fields]
    The record update s {arn = a} with type ExportEarthObservationJobResponse is ambiguous.
    This will not be supported by -XDuplicateRecordFields in future releases of GHC.
    |
282 | exportEarthObservationJobResponse_arn = Lens.lens (\ExportEarthObservationJobResponse' {arn} -> arn) (\s@ExportEarthObservationJobResponse' {} a -> s {arn = a} :: ExportEarthObservationJobResponse)
    |                                                                                                                                                        ^^^^^^^

gen/Amazonka/SageMakerGeoSpatial/ExportEarthObservationJob.hs:286:179: warning: [GHC-02256] [-Wambiguous-fields]
    The record update s {creationTime = a} with type ExportEarthObservationJobResponse is ambiguous.
    This will not be supported by -XDuplicateRecordFields in future releases of GHC.
    |
286 | exportEarthObservationJobResponse_creationTime = Lens.lens (\ExportEarthObservationJobResponse' {creationTime} -> creationTime) (\s@ExportEarthObservationJobResponse' {} a -> s {creationTime = a} :: ExportEarthObservationJobResponse) Prelude.. Data._Time
    |                                                                                                                                                                                   ^^^^^^^^^^^^^^^^

gen/Amazonka/SageMakerGeoSpatial/ExportEarthObservationJob.hs:291:191: warning: [GHC-02256] [-Wambiguous-fields]
    The record update s {executionRoleArn = a} with type ExportEarthObservationJobResponse is ambiguous.
    This will not be supported by -XDuplicateRecordFields in future releases of GHC.
    |
291 | exportEarthObservationJobResponse_executionRoleArn = Lens.lens (\ExportEarthObservationJobResponse' {executionRoleArn} -> executionRoleArn) (\s@ExportEarthObservationJobResponse' {} a -> s {executionRoleArn = a} :: ExportEarthObservationJobResponse)
    |                                                                                                                                                                                               ^^^^^^^^^^^^^^^^^^^^

gen/Amazonka/SageMakerGeoSpatial/ExportEarthObservationJob.hs:299:179: warning: [GHC-02256] [-Wambiguous-fields]
    The record update s {outputConfig = a} with type ExportEarthObservationJobResponse is ambiguous.
    This will not be supported by -XDuplicateRecordFields in future releases of GHC.
    |
299 | exportEarthObservationJobResponse_outputConfig = Lens.lens (\ExportEarthObservationJobResponse' {outputConfig} -> outputConfig) (\s@ExportEarthObservationJobResponse' {} a -> s {outputConfig = a} :: ExportEarthObservationJobResponse)
    |                                                                                                                                                                                   ^^^^^^^^^^^^^^^^
[102 of 107] Compiling Amazonka.SageMakerGeoSpatial.DeleteVectorEnrichmentJob

gen/Amazonka/SageMakerGeoSpatial/DeleteVectorEnrichmentJob.hs:77:128: warning: [GHC-02256] [-Wambiguous-fields]
    The record update s {arn = a} with type DeleteVectorEnrichmentJob is ambiguous.
    This will not be supported by -XDuplicateRecordFields in future releases of GHC.
   |
77 | deleteVectorEnrichmentJob_arn = Lens.lens (\DeleteVectorEnrichmentJob' {arn} -> arn) (\s@DeleteVectorEnrichmentJob' {} a -> s {arn = a} :: DeleteVectorEnrichmentJob)
   |                                                                                                                                ^^^^^^^
[103 of 107] Compiling Amazonka.SageMakerGeoSpatial.DeleteEarthObservationJob

gen/Amazonka/SageMakerGeoSpatial/DeleteEarthObservationJob.hs:77:128: warning: [GHC-02256] [-Wambiguous-fields]
    The record update s {arn = a} with type DeleteEarthObservationJob is ambiguous.
    This will not be supported by -XDuplicateRecordFields in future releases of GHC.
   |
77 | deleteEarthObservationJob_arn = Lens.lens (\DeleteEarthObservationJob' {arn} -> arn) (\s@DeleteEarthObservationJob' {} a -> s {arn = a} :: DeleteEarthObservationJob)
   |                                                                                                                                ^^^^^^^
[104 of 107] Compiling Amazonka.SageMakerGeoSpatial.UntagResource
[105 of 107] Compiling Amazonka.SageMakerGeoSpatial.Lens
[106 of 107] Compiling Amazonka.SageMakerGeoSpatial.Waiters
[107 of 107] Compiling Amazonka.SageMakerGeoSpatial
Configuring test suite 'amazonka-sagemaker-geospatial-test' for amazonka-sagemaker-geospatial-2.0...
Preprocessing test suite 'amazonka-sagemaker-geospatial-test' for amazonka-sagemaker-geospatial-2.0...
Building test suite 'amazonka-sagemaker-geospatial-test' for amazonka-sagemaker-geospatial-2.0...
[1 of 4] Compiling Test.Amazonka.SageMakerGeoSpatial
[2 of 4] Compiling Test.Amazonka.SageMakerGeoSpatial.Internal
[3 of 4] Compiling Test.Amazonka.Gen.SageMakerGeoSpatial
[4 of 4] Compiling Main
[5 of 5] Linking /tmp/workdir-amazonka-sagemaker-geospatial/amazonka-sagemaker-geospatial-2.0/dist-newstyle/build/x86_64-linux/ghc-9.6.6/amazonka-sagemaker-geospatial-2.0/t/amazonka-sagemaker-geospatial-test/build/amazonka-sagemaker-geospatial-test/amazonka-sagemaker-geospatial-test
