Build profile: -w ghc-9.6.6 -O1
In order, the following will be built (use -v for more details):
 - cryptonite-0.30 (lib) (first run)
 - cryptonite-0.30 (test:test-cryptonite) (first run)
Configuring library for cryptonite-0.30...
Preprocessing library for cryptonite-0.30...
Building library for cryptonite-0.30...
[  1 of 137] Compiling Crypto.Cipher.DES.Primitive
[  2 of 137] Compiling Crypto.Data.Padding
[  3 of 137] Compiling Crypto.Error.Types
[  4 of 137] Compiling Crypto.Error
[  5 of 137] Compiling Crypto.Internal.Compat
[  6 of 137] Compiling Crypto.Internal.ByteArray
[  7 of 137] Compiling Crypto.Cipher.Types.Utils
[  8 of 137] Compiling Crypto.Internal.CompatPrim
[  9 of 137] Compiling Crypto.Internal.DeepSeq
[ 10 of 137] Compiling Crypto.Cipher.Types.Base
[ 11 of 137] Compiling Crypto.Cipher.Types.Stream
[ 12 of 137] Compiling Crypto.Internal.Imports
[ 13 of 137] Compiling Crypto.Internal.Builder
[ 14 of 137] Compiling Crypto.Hash.Types
[ 15 of 137] Compiling Crypto.Hash.Whirlpool
[ 16 of 137] Compiling Crypto.Hash.Tiger
[ 17 of 137] Compiling Crypto.Hash.Skein512
[ 18 of 137] Compiling Crypto.Hash.Skein256
[ 19 of 137] Compiling Crypto.Hash.SHA512t
[ 20 of 137] Compiling Crypto.Hash.SHA512
[ 21 of 137] Compiling Crypto.Hash.SHA384
[ 22 of 137] Compiling Crypto.Hash.SHA3
[ 23 of 137] Compiling Crypto.Hash.SHA256
[ 24 of 137] Compiling Crypto.Hash.SHA224
[ 25 of 137] Compiling Crypto.Hash.SHA1
[ 26 of 137] Compiling Crypto.Hash.RIPEMD160
[ 27 of 137] Compiling Crypto.Hash.MD5
[ 28 of 137] Compiling Crypto.Hash.MD4
[ 29 of 137] Compiling Crypto.Hash.MD2
[ 30 of 137] Compiling Crypto.Hash.Keccak
[ 31 of 137] Compiling Crypto.Hash.IO
[ 32 of 137] Compiling Crypto.Hash.Blake2sp
[ 33 of 137] Compiling Crypto.Hash.Blake2s
[ 34 of 137] Compiling Crypto.Hash.Blake2bp
[ 35 of 137] Compiling Crypto.Hash.Blake2b
[ 36 of 137] Compiling Crypto.Cipher.Types.GF
[ 37 of 137] Compiling Crypto.Cipher.Types.AEAD
[ 38 of 137] Compiling Crypto.Cipher.Types.Block
[ 39 of 137] Compiling Crypto.Cipher.Types
[ 40 of 137] Compiling Crypto.ConstructHash.MiyaguchiPreneel
[ 41 of 137] Compiling Crypto.Cipher.Utils
[ 42 of 137] Compiling Crypto.Cipher.TripleDES
[ 43 of 137] Compiling Crypto.Cipher.DES
[ 44 of 137] Compiling Crypto.Cipher.Salsa
[ 45 of 137] Compiling Crypto.Cipher.XSalsa
[ 46 of 137] Compiling Crypto.Cipher.RC4
[ 47 of 137] Compiling Crypto.Cipher.ChaCha
[ 48 of 137] Compiling Crypto.Cipher.AES.Primitive
[ 49 of 137] Compiling Crypto.Cipher.AES
[ 50 of 137] Compiling Crypto.Internal.Nat
[ 51 of 137] Compiling Crypto.Hash.SHAKE
[ 52 of 137] Compiling Crypto.Hash.Blake2
[ 53 of 137] Compiling Crypto.Hash.Algorithms
[ 54 of 137] Compiling Crypto.Hash
[ 55 of 137] Compiling Crypto.Internal.WordArray
[ 56 of 137] Compiling Crypto.Cipher.Twofish.Primitive

Crypto/Cipher/Twofish/Primitive.hs:84:19: warning: [GHC-62161] [-Wincomplete-uni-patterns]
    Pattern match(es) are non-exhaustive
    In a pattern binding:
        Patterns of type ‘[Word32]’ not matched:
            []
            [_]
            [_, _]
            [_, _, _]
            ...
   |
84 |             where [k0, k1, k2, k3] = fmap (\offset -> arrayRead32 ks $ (8 + 4 * ind) + offset) [0..3]
   |                   ^^^^^^^^^^^^^^^^^^^^^^^^^^^^^^^^^^^^^^^^^^^^^^^^^^^^^^^^^^^^^^^^^^^^^^^^^^^^^^^^^^^

Crypto/Cipher/Twofish/Primitive.hs:119:19: warning: [GHC-62161] [-Wincomplete-uni-patterns]
    Pattern match(es) are non-exhaustive
    In a pattern binding:
        Patterns of type ‘[Word32]’ not matched:
            []
            [_]
            [_, _]
            [_, _, _]
            ...
    |
119 |             where [k0, k1, k2, k3] = fmap (\offset -> arrayRead32 ks $ (4 + 4 * ind) + offset) [0..3]
    |                   ^^^^^^^^^^^^^^^^^^^^^^^^^^^^^^^^^^^^^^^^^^^^^^^^^^^^^^^^^^^^^^^^^^^^^^^^^^^^^^^^^^^

Crypto/Cipher/Twofish/Primitive.hs:210:11: warning: [GHC-62161] [-Wincomplete-uni-patterns]
    Pattern match(es) are non-exhaustive
    In a pattern binding:
        Patterns of type ‘[Word8]’ not matched:
            []
            [_]
            [_, _]
            [_, _, _]
            ...
    |
210 |           [w0, w1, w2, w3, w4, w5, w6, w7, w8, w9, w10, w11, w12, w13, w14, w15] = take 16 ws
    |           ^^^^^^^^^^^^^^^^^^^^^^^^^^^^^^^^^^^^^^^^^^^^^^^^^^^^^^^^^^^^^^^^^^^^^^^^^^^^^^^^^^^

Crypto/Cipher/Twofish/Primitive.hs:258:11: warning: [GHC-62161] [-Wincomplete-uni-patterns]
    Pattern match(es) are non-exhaustive
    In a pattern binding:
        Patterns of type ‘[Word8]’ not matched:
            []
            [_]
            [_, _]
            [_, _, _]
            ...
    |
258 |           [y0, y1, y2, y3] = take 4 input
    |           ^^^^^^^^^^^^^^^^^^^^^^^^^^^^^^^
[ 57 of 137] Compiling Crypto.Cipher.Twofish
[ 58 of 137] Compiling Crypto.Cipher.CAST5.Primitive
[ 59 of 137] Compiling Crypto.Cipher.CAST5
[ 60 of 137] Compiling Crypto.Cipher.Blowfish.Box
[ 61 of 137] Compiling Crypto.Cipher.Blowfish.Primitive
[ 62 of 137] Compiling Crypto.Cipher.Blowfish
[ 63 of 137] Compiling Crypto.Internal.Words
[ 64 of 137] Compiling Crypto.Cipher.Camellia.Primitive
[ 65 of 137] Compiling Crypto.Cipher.Camellia
[ 66 of 137] Compiling Crypto.KDF.Argon2
[ 67 of 137] Compiling Crypto.KDF.BCryptPBKDF
[ 68 of 137] Compiling Crypto.MAC.CMAC
[ 69 of 137] Compiling Crypto.MAC.HMAC
[ 70 of 137] Compiling Crypto.KDF.PBKDF2
[ 71 of 137] Compiling Crypto.KDF.Scrypt
[ 72 of 137] Compiling Crypto.KDF.HKDF
[ 73 of 137] Compiling Crypto.MAC.KMAC
[ 74 of 137] Compiling Crypto.MAC.Poly1305
[ 75 of 137] Compiling Crypto.Cipher.ChaChaPoly1305
[ 76 of 137] Compiling Crypto.Number.Compat

Crypto/Number/Compat.hs:57:22: warning: [GHC-68441] [-Wdeprecations]
    In the use of ‘gcdExtInteger’
    (imported from GHC.Integer.GMP.Internals):
    Deprecated: "Use integerGcde instead"
   |
57 |   where (# g, s #) = gcdExtInteger a b
   |                      ^^^^^^^^^^^^^

Crypto/Number/Compat.hs:90:40: warning: [GHC-68441] [-Wdeprecations]
    In the use of ‘powModInteger’
    (imported from GHC.Integer.GMP.Internals):
    Deprecated: "Use integerPowMod# instead"
   |
90 | gmpPowModInteger b e m = GmpSupported (powModInteger b e m)
   |                                        ^^^^^^^^^^^^^

Crypto/Number/Compat.hs:101:13: warning: [GHC-68441] [-Wdeprecations]
    In the use of ‘recipModInteger’
    (imported from GHC.Integer.GMP.Internals):
    Deprecated: "Use integerRecipMod# instead"
    |
101 |   where r = recipModInteger g m
    |             ^^^^^^^^^^^^^^^

Crypto/Number/Compat.hs:132:49: warning: [GHC-68441] [-Wdeprecations]
    In the use of ‘sizeInBaseInteger’
    (imported from GHC.Integer.GMP.Internals):
    Deprecated: "Use integerSizeInBase# instead"
    |
132 | gmpSizeInBytes n = GmpSupported (I# (word2Int# (sizeInBaseInteger n 256#)))
    |                                                 ^^^^^^^^^^^^^^^^^

Crypto/Number/Compat.hs:140:48: warning: [GHC-68441] [-Wdeprecations]
    In the use of ‘sizeInBaseInteger’
    (imported from GHC.Integer.GMP.Internals):
    Deprecated: "Use integerSizeInBase# instead"
    |
140 | gmpSizeInBits n = GmpSupported (I# (word2Int# (sizeInBaseInteger n 2#)))
    |                                                ^^^^^^^^^^^^^^^^^

Crypto/Number/Compat.hs:149:10: warning: [GHC-68441] [-Wdeprecations]
    In the use of ‘exportIntegerToAddr’
    (imported from GHC.Integer.GMP.Internals):
    Deprecated: "Use integerToAddr# instead"
    |
149 |     _ <- exportIntegerToAddr n addr 1#
    |          ^^^^^^^^^^^^^^^^^^^

Crypto/Number/Compat.hs:163:10: warning: [GHC-68441] [-Wdeprecations]
    In the use of ‘exportIntegerToAddr’
    (imported from GHC.Integer.GMP.Internals):
    Deprecated: "Use integerToAddr# instead"
    |
163 |     _ <- exportIntegerToAddr n addr 0#
    |          ^^^^^^^^^^^^^^^^^^^

Crypto/Number/Compat.hs:177:5: warning: [GHC-68441] [-Wdeprecations]
    In the use of ‘importIntegerFromAddr’
    (imported from GHC.Integer.GMP.Internals):
    Deprecated: "Use integerFromAddr# instead"
    |
177 |     importIntegerFromAddr addr (int2Word# n) 1#
    |     ^^^^^^^^^^^^^^^^^^^^^

Crypto/Number/Compat.hs:189:5: warning: [GHC-68441] [-Wdeprecations]
    In the use of ‘importIntegerFromAddr’
    (imported from GHC.Integer.GMP.Internals):
    Deprecated: "Use integerFromAddr# instead"
    |
189 |     importIntegerFromAddr addr (int2Word# n) 0#
    |     ^^^^^^^^^^^^^^^^^^^^^
[ 77 of 137] Compiling Crypto.Number.Basic
[ 78 of 137] Compiling Crypto.ECC.Simple.Types
[ 79 of 137] Compiling Crypto.Number.F2m
[ 80 of 137] Compiling Crypto.Number.ModArithmetic
[ 81 of 137] Compiling Crypto.Number.Nat
[ 82 of 137] Compiling Crypto.Number.Serialize.Internal
[ 83 of 137] Compiling Crypto.Number.Serialize
[ 84 of 137] Compiling Crypto.Number.Serialize.Internal.LE
[ 85 of 137] Compiling Crypto.Number.Serialize.LE
[ 86 of 137] Compiling Crypto.OTP
[ 87 of 137] Compiling Crypto.PubKey.ECC.Types
[ 88 of 137] Compiling Crypto.PubKey.Internal
[ 89 of 137] Compiling Crypto.PubKey.MaskGenFunction
[ 90 of 137] Compiling Crypto.PubKey.RSA.Types
[ 91 of 137] Compiling Crypto.PubKey.RSA.Prim
[ 92 of 137] Compiling Crypto.Random.Entropy.Source
[ 93 of 137] Compiling Crypto.Random.Entropy.RDRand
[ 94 of 137] Compiling Crypto.Random.Entropy.Unix
[ 95 of 137] Compiling Crypto.Random.Entropy.Backend
[ 96 of 137] Compiling Crypto.Random.Entropy.Unsafe
[ 97 of 137] Compiling Crypto.Random.Entropy
[ 98 of 137] Compiling Crypto.Random.EntropyPool
[ 99 of 137] Compiling Crypto.Random.Types
[100 of 137] Compiling Crypto.Random.SystemDRG
[101 of 137] Compiling Crypto.Random.ChaChaDRG
[102 of 137] Compiling Crypto.Random
[103 of 137] Compiling Crypto.Random.Probabilistic
[104 of 137] Compiling Crypto.PubKey.Ed448
[105 of 137] Compiling Crypto.PubKey.Ed25519
[106 of 137] Compiling Crypto.PubKey.ECC.P256
[107 of 137] Compiling Crypto.PubKey.Curve448
[108 of 137] Compiling Crypto.PubKey.Curve25519
[109 of 137] Compiling Crypto.KDF.BCrypt
[110 of 137] Compiling Crypto.ECC.Edwards25519
[111 of 137] Compiling Crypto.Cipher.AESGCMSIV

Crypto/Cipher/AESGCMSIV.hs:193:23: warning: [GHC-62161] [-Wincomplete-uni-patterns]
    Pattern match(es) are non-exhaustive
    In a pattern binding:
        Patterns of type ‘Maybe (IV c)’ not matched: Nothing
    |
193 |   where toIV bs = let Just iv = makeIV (bs :: Bytes) in iv
    |                       ^^^^^^^^^^^^^^^^^^^^^^^^^^^^^^
[112 of 137] Compiling Crypto.Number.Generate
[113 of 137] Compiling Crypto.PubKey.ECC.Prim
[114 of 137] Compiling Crypto.PubKey.ECC.ECDSA
[115 of 137] Compiling Crypto.PubKey.ECC.Generate
[116 of 137] Compiling Crypto.PubKey.DSA
[117 of 137] Compiling Crypto.Number.Prime
[118 of 137] Compiling Crypto.PubKey.Rabin.Types
[119 of 137] Compiling Crypto.PubKey.Rabin.OAEP
[120 of 137] Compiling Crypto.PubKey.Rabin.RW
[121 of 137] Compiling Crypto.PubKey.Rabin.Modified
[122 of 137] Compiling Crypto.PubKey.Rabin.Basic
[123 of 137] Compiling Crypto.PubKey.RSA
[124 of 137] Compiling Crypto.PubKey.RSA.PSS
[125 of 137] Compiling Crypto.PubKey.RSA.PKCS15
[126 of 137] Compiling Crypto.PubKey.RSA.OAEP
[127 of 137] Compiling Crypto.PubKey.DH
[128 of 137] Compiling Crypto.PubKey.ElGamal
[129 of 137] Compiling Crypto.PubKey.ECC.DH

Crypto/PubKey/ECC/DH.hs:47:5: warning: [GHC-62161] [-Wincomplete-uni-patterns]
    Pattern match(es) are non-exhaustive
    In a pattern binding: Patterns of type ‘Point’ not matched: PointO
   |
47 |     Point x _ = pointMul curve db qa
   |     ^^^^^^^^^^^^^^^^^^^^^^^^^^^^^^^^
[130 of 137] Compiling Crypto.ECC.Simple.Prim
[131 of 137] Compiling Crypto.ECC
[132 of 137] Compiling Crypto.PubKey.EdDSA

Crypto/PubKey/EdDSA.hs:110:45: warning: [GHC-58520] [-Wtype-equality-requires-operators]
    The use of ‘~’ without TypeOperators
    will become an error in a future GHC release.
    Suggested fix: Perhaps you intended to use TypeOperators
    |
110 |                       , HashDigestSize hash ~ CurveDigestSize curve
    |                                             ^

Crypto/PubKey/EdDSA.hs:132:36: warning: [GHC-58520] [-Wtype-equality-requires-operators]
    The use of ‘~’ without TypeOperators
    will become an error in a future GHC release.
    Suggested fix: Perhaps you intended to use TypeOperators
    |
132 |              , HashDigestSize hash ~ CurveDigestSize curve
    |                                    ^

Crypto/PubKey/EdDSA.hs:154:36: warning: [GHC-58520] [-Wtype-equality-requires-operators]
    The use of ‘~’ without TypeOperators
    will become an error in a future GHC release.
    Suggested fix: Perhaps you intended to use TypeOperators
    |
154 |              , HashDigestSize hash ~ CurveDigestSize curve
    |                                    ^

Crypto/PubKey/EdDSA.hs:175:35: warning: [GHC-58520] [-Wtype-equality-requires-operators]
    The use of ‘~’ without TypeOperators
    will become an error in a future GHC release.
    Suggested fix: Perhaps you intended to use TypeOperators
    |
175 |             , HashDigestSize hash ~ CurveDigestSize curve
    |                                   ^

Crypto/PubKey/EdDSA.hs:184:39: warning: [GHC-58520] [-Wtype-equality-requires-operators]
    The use of ‘~’ without TypeOperators
    will become an error in a future GHC release.
    Suggested fix: Perhaps you intended to use TypeOperators
    |
184 |                 , HashDigestSize hash ~ CurveDigestSize curve
    |                                       ^

Crypto/PubKey/EdDSA.hs:195:31: warning: [GHC-58520] [-Wtype-equality-requires-operators]
    The use of ‘~’ without TypeOperators
    will become an error in a future GHC release.
    Suggested fix: Perhaps you intended to use TypeOperators
    |
195 |         , HashDigestSize hash ~ CurveDigestSize curve
    |                               ^

Crypto/PubKey/EdDSA.hs:204:33: warning: [GHC-58520] [-Wtype-equality-requires-operators]
    The use of ‘~’ without TypeOperators
    will become an error in a future GHC release.
    Suggested fix: Perhaps you intended to use TypeOperators
    |
204 |           , HashDigestSize hash ~ CurveDigestSize curve
    |                                 ^

Crypto/PubKey/EdDSA.hs:213:34: warning: [GHC-58520] [-Wtype-equality-requires-operators]
    The use of ‘~’ without TypeOperators
    will become an error in a future GHC release.
    Suggested fix: Perhaps you intended to use TypeOperators
    |
213 |            , HashDigestSize hash ~ CurveDigestSize curve
    |                                  ^

Crypto/PubKey/EdDSA.hs:223:36: warning: [GHC-58520] [-Wtype-equality-requires-operators]
    The use of ‘~’ without TypeOperators
    will become an error in a future GHC release.
    Suggested fix: Perhaps you intended to use TypeOperators
    |
223 |              , HashDigestSize hash ~ CurveDigestSize curve
    |                                    ^

Crypto/PubKey/EdDSA.hs:233:33: warning: [GHC-58520] [-Wtype-equality-requires-operators]
    The use of ‘~’ without TypeOperators
    will become an error in a future GHC release.
    Suggested fix: Perhaps you intended to use TypeOperators
    |
233 |           , HashDigestSize hash ~ CurveDigestSize curve
    |                                 ^

Crypto/PubKey/EdDSA.hs:242:35: warning: [GHC-58520] [-Wtype-equality-requires-operators]
    The use of ‘~’ without TypeOperators
    will become an error in a future GHC release.
    Suggested fix: Perhaps you intended to use TypeOperators
    |
242 |             , HashDigestSize hash ~ CurveDigestSize curve
    |                                   ^

Crypto/PubKey/EdDSA.hs:251:36: warning: [GHC-58520] [-Wtype-equality-requires-operators]
    The use of ‘~’ without TypeOperators
    will become an error in a future GHC release.
    Suggested fix: Perhaps you intended to use TypeOperators
    |
251 |              , HashDigestSize hash ~ CurveDigestSize curve
    |                                    ^

Crypto/PubKey/EdDSA.hs:269:38: warning: [GHC-58520] [-Wtype-equality-requires-operators]
    The use of ‘~’ without TypeOperators
    will become an error in a future GHC release.
    Suggested fix: Perhaps you intended to use TypeOperators
    |
269 |                , HashDigestSize hash ~ CurveDigestSize curve
    |                                      ^

Crypto/PubKey/EdDSA.hs:292:31: warning: [GHC-58520] [-Wtype-equality-requires-operators]
    The use of ‘~’ without TypeOperators
    will become an error in a future GHC release.
    Suggested fix: Perhaps you intended to use TypeOperators
    |
292 |         , HashDigestSize hash ~ CurveDigestSize curve
    |                               ^

Crypto/PubKey/EdDSA.hs:313:42: warning: [GHC-58520] [-Wtype-equality-requires-operators]
    The use of ‘~’ without TypeOperators
    will become an error in a future GHC release.
    Suggested fix: Perhaps you intended to use TypeOperators
    |
313 |                    , HashDigestSize hash ~ CurveDigestSize curve
    |                                          ^
[133 of 137] Compiling Crypto.PubKey.ECIES
[134 of 137] Compiling Crypto.PubKey.ECDSA
[135 of 137] Compiling Crypto.Data.AFIS
[136 of 137] Compiling Crypto.System.CPU
[137 of 137] Compiling Crypto.Tutorial
Configuring test suite 'test-cryptonite' for cryptonite-0.30...
Preprocessing test suite 'test-cryptonite' for cryptonite-0.30...
Building test suite 'test-cryptonite' for cryptonite-0.30...
[ 1 of 57] Compiling BCryptPBKDF
[ 2 of 57] Compiling KAT_AES.KATCBC
[ 3 of 57] Compiling KAT_AES.KATCCM
[ 4 of 57] Compiling KAT_AES.KATECB
[ 5 of 57] Compiling KAT_AES.KATGCM
[ 6 of 57] Compiling KAT_AES.KATOCB3
[ 7 of 57] Compiling KAT_AES.KATXTS
[ 8 of 57] Compiling KAT_PBKDF2
[ 9 of 57] Compiling KAT_RC4
[10 of 57] Compiling KAT_Scrypt
[11 of 57] Compiling Utils
[12 of 57] Compiling Imports
[13 of 57] Compiling Salsa
[14 of 57] Compiling Poly1305
[15 of 57] Compiling Padding
[16 of 57] Compiling Number.F2m
[17 of 57] Compiling Number
[18 of 57] Compiling KAT_PubKey.Rabin
[19 of 57] Compiling KAT_PubKey.RSA

tests/KAT_PubKey/RSA.hs:95:11: warning: [GHC-62161] [-Wincomplete-uni-patterns]
    Pattern match(es) are non-exhaustive
    In a pattern binding:
        Patterns of type ‘Either RSA.Error ByteString’ not matched: Left _
   |
95 |           Right bs = sig vector
   |           ^^^^^^^^^^^^^^^^^^^^^
[20 of 57] Compiling KAT_PubKey.PSS
[21 of 57] Compiling KAT_PubKey.P256
[22 of 57] Compiling KAT_PubKey.OAEP
[23 of 57] Compiling KAT_PubKey.ECDSA
[24 of 57] Compiling KAT_PubKey.ECC
[25 of 57] Compiling KAT_PubKey.DSA
[26 of 57] Compiling KAT_PubKey
[27 of 57] Compiling KAT_OTP

tests/KAT_OTP.hs:76:1: warning: [GHC-62161] [-Wincomplete-uni-patterns]
    Pattern match(es) are non-exhaustive
    In a pattern binding:
        Patterns of type ‘Either String (TOTPParams SHA1)’ not matched:
            Left _
   |
76 | Right totpSHA1Params = mkTOTPParams SHA1 0 30 OTP8 TwoSteps
   | ^^^^^^^^^^^^^^^^^^^^^^^^^^^^^^^^^^^^^^^^^^^^^^^^^^^^^^^^^^^

tests/KAT_OTP.hs:77:1: warning: [GHC-62161] [-Wincomplete-uni-patterns]
    Pattern match(es) are non-exhaustive
    In a pattern binding:
        Patterns of type ‘Either String (TOTPParams SHA256)’ not matched:
            Left _
   |
77 | Right totpSHA256Params = mkTOTPParams SHA256 0 30 OTP8 TwoSteps
   | ^^^^^^^^^^^^^^^^^^^^^^^^^^^^^^^^^^^^^^^^^^^^^^^^^^^^^^^^^^^^^^^

tests/KAT_OTP.hs:78:1: warning: [GHC-62161] [-Wincomplete-uni-patterns]
    Pattern match(es) are non-exhaustive
    In a pattern binding:
        Patterns of type ‘Either String (TOTPParams SHA512)’ not matched:
            Left _
   |
78 | Right totpSHA512Params = mkTOTPParams SHA512 0 30 OTP8 TwoSteps
   | ^^^^^^^^^^^^^^^^^^^^^^^^^^^^^^^^^^^^^^^^^^^^^^^^^^^^^^^^^^^^^^^
[28 of 57] Compiling KAT_MiyaguchiPreneel
[29 of 57] Compiling KAT_KMAC
[30 of 57] Compiling KAT_HMAC
[31 of 57] Compiling KAT_HKDF
[32 of 57] Compiling KAT_EdDSA

tests/KAT_EdDSA.hs:18:34: warning: [GHC-58520] [-Wtype-equality-requires-operators]
    The use of ‘~’ without TypeOperators
    will become an error in a future GHC release.
    Suggested fix: Perhaps you intended to use TypeOperators
   |
18 |            , HashDigestSize hash ~ EdDSA.CurveDigestSize curve
   |                                  ^
[33 of 57] Compiling KAT_Ed448
[34 of 57] Compiling KAT_Ed25519
[35 of 57] Compiling KAT_Curve448
[36 of 57] Compiling KAT_Curve25519
[37 of 57] Compiling KAT_CMAC
[38 of 57] Compiling KAT_Argon2
[39 of 57] Compiling KAT_AFIS
[40 of 57] Compiling KAT_AESGCMSIV
[41 of 57] Compiling Hash
[42 of 57] Compiling ECDSA

tests/ECDSA.hs:54:13: warning: [GHC-62161] [-Wincomplete-uni-patterns]
    Pattern match(es) are non-exhaustive
    In a pattern binding:
        Patterns of type ‘Maybe ECC.Signature’ not matched: Nothing
   |
54 |             Just sigECC   = ECC.signWith kECC privECC hashAlg msg
   |             ^^^^^^^^^^^^^^^^^^^^^^^^^^^^^^^^^^^^^^^^^^^^^^^^^^^^^

tests/ECDSA.hs:55:13: warning: [GHC-62161] [-Wincomplete-uni-patterns]
    Pattern match(es) are non-exhaustive
    In a pattern binding:
        Patterns of type ‘Maybe (ECDSA.Signature curve)’ not matched:
            Nothing
   |
55 |             Just sigECDSA = ECDSA.signWith prx kECDSA privECDSA hashAlg msg
   |             ^^^^^^^^^^^^^^^^^^^^^^^^^^^^^^^^^^^^^^^^^^^^^^^^^^^^^^^^^^^^^^^
[43 of 57] Compiling ECC.Edwards25519
[44 of 57] Compiling ECC

tests/ECC.hs:273:29: warning: [GHC-62161] [-Wincomplete-uni-patterns]
    Pattern match(es) are non-exhaustive
    In a pattern binding:
        Patterns of type ‘Either String ByteString’ not matched: Left _
    |
273 | vpEncodedPoint vector = let Right bs = convertFromBase Base16 (vpHex vector) in bs
    |                             ^^^^^^^^^^^^^^^^^^^^^^^^^^^^^^^^^^^^^^^^^^^^^^^^

tests/ECC.hs:288:17: warning: [GHC-62161] [-Wincomplete-uni-patterns]
    Pattern match(es) are non-exhaustive
    In a pattern binding:
        Patterns of type ‘CryptoFailable (ECC.Point curve)’ not matched:
            CryptoFailed _
    |
288 |                 CryptoPassed public = ECC.decodePoint prx $ vpEncodedPoint vector
    |                 ^^^^^^^^^^^^^^^^^^^^^^^^^^^^^^^^^^^^^^^^^^^^^^^^^^^^^^^^^^^^^^^^^
[45 of 57] Compiling ChaChaPoly1305
[46 of 57] Compiling ChaCha
[47 of 57] Compiling BlockCipher
[48 of 57] Compiling KAT_Twofish
[49 of 57] Compiling KAT_TripleDES
[50 of 57] Compiling KAT_DES
[51 of 57] Compiling KAT_Camellia
[52 of 57] Compiling KAT_CAST5
[53 of 57] Compiling KAT_Blowfish
[54 of 57] Compiling KAT_AES
[55 of 57] Compiling BCrypt
[56 of 57] Compiling XSalsa
[57 of 57] Compiling Main
[58 of 58] Linking /tmp/workdir-cryptonite/cryptonite-0.30/dist-newstyle/build/x86_64-linux/ghc-9.6.6/cryptonite-0.30/t/test-cryptonite/build/test-cryptonite/test-cryptonite
