Build profile: -w ghc-9.6.6 -O1
In order, the following will be built (use -v for more details):
 - Ebnf2ps-1.0.15 (exe:ebnf2ps) (first run)
Warning: Ebnf2ps.cabal:33:1: Tabs used as indentation at 33:1, 34:1, 35:1,
36:1, 37:1, 38:1
Configuring Ebnf2ps-1.0.15...
Preprocessing executable 'ebnf2ps' for Ebnf2ps-1.0.15...
unused terminals: 2
Building executable 'ebnf2ps' for Ebnf2ps-1.0.15...
[ 1 of 21] Compiling AbstractSyntax

src/AbstractSyntax.hs:6:1: warning: [GHC-94817] [-Wtabs]
    Tab character found here, and in 30 further locations.
    Suggested fix: Please use spaces instead.
  |
6 |         = ProdFile [Production]
  | ^^^^^^^^
[ 2 of 21] Compiling Color

src/Color.hs:64:1: warning: [GHC-94817] [-Wtabs]
    Tab character found here, and in 41 further locations.
    Suggested fix: Please use spaces instead.
   |
64 |         head [(r,g,b) | (c,(r,g,b)) <- colorTable, c == map toLower colorName]
   | ^^^^^^^^
[ 3 of 21] Compiling CommandLine
[ 4 of 21] Compiling Defaults

src/Defaults.hs:13:15: warning: [GHC-94817] [-Wtabs]
    Tab character found here.
    Suggested fix: Please use spaces instead.
   |
13 | rgbPathDefault      = [
   |               ^^
[ 5 of 21] Compiling Fonts

src/Fonts.hs:31:1: warning: [GHC-94817] [-Wtabs]
    Tab character found here, and in 39 further locations.
    Suggested fix: Please use spaces instead.
   |
31 |          | CharMetric Int    Int    String   Int Int Int Int
   | ^^^^^^^^
[ 6 of 21] Compiling GrammarTransform

src/GrammarTransform.hs:42:1: warning: [GHC-94817] [-Wtabs]
    Tab character found here, and in 143 further locations.
    Suggested fix: Please use spaces instead.
   |
42 |         | p `eqProduction` p' = ProdRepeat1 p: simp1 prods
   | ^^^^^^^^
[ 7 of 21] Compiling IOSupplement

src/IOSupplement.hs:50:1: warning: [GHC-94817] [-Wtabs]
    Tab character found here, and in 16 further locations.
    Suggested fix: Please use spaces instead.
   |
50 |                 else ioError err )
   | ^^^^^^^^
[ 8 of 21] Compiling Info

src/Info.hs:20:13: warning: [GHC-94817] [-Wtabs]
    Tab character found here, and in 27 further locations.
    Suggested fix: Please use spaces instead.
   |
20 | import Color    (Color)
   |             ^^^^
[ 9 of 21] Compiling EbnfLayout

src/EbnfLayout.hs:47:1: warning: [GHC-94817] [-Wtabs]
    Tab character found here, and in 280 further locations.
    Suggested fix: Please use spaces instead.
   |
47 |         (ntColor, tColor, lineColor, ntBoxColor, tBoxColor, ntBgColor, tBgColor, titleClr))
   | ^^^^^^^^
[10 of 21] Compiling Lexer

src/Lexer.hs:13:1: warning: [GHC-94817] [-Wtabs]
    Tab character found here, and in 15 further locations.
    Suggested fix: Please use spaces instead.
   |
13 |         = Ident String | Symbol String | String String | Number String
   | ^^^^^^^^
[11 of 21] Compiling ParseAux

src/ParseAux.hs:176:34: warning: [GHC-94817] [-Wtabs]
    Tab character found here, and in one further location.
    Suggested fix: Please use spaces instead.
    |
176 |         f (Symbol "\n":cs) = f cs               -- Newline
    |                                  ^^^^^^^
[12 of 21] Compiling Ebnf2psParser
[13 of 21] Compiling Parsers

src/Parsers.hs:36:1: warning: [GHC-94817] [-Wtabs]
    Tab character found here, and in 11 further locations.
    Suggested fix: Please use spaces instead.
   |
36 |                          | otherwise = []
   | ^^^^^^^^
[14 of 21] Compiling PathExpansion

src/PathExpansion.hs:19:1: warning: [GHC-94817] [-Wtabs]
    Tab character found here, and in 97 further locations.
    Suggested fix: Please use spaces instead.
   |
19 |                              pathSpec2 <- replaceHome(pathSpec1)
   | ^^^^^^^^
[15 of 21] Compiling StringMatch

src/StringMatch.hs:60:29: warning: [GHC-94817] [-Wtabs]
    Tab character found here, and in 16 further locations.
    Suggested fix: Please use spaces instead.
   |
60 |    ( lit '\\' ..+ butC "|()"    <<< lit
   |                             ^^^^
[16 of 21] Compiling GrammarUnfold

src/GrammarUnfold.hs:35:1: warning: [GHC-94817] [-Wtabs]
    Tab character found here, and in 119 further locations.
    Suggested fix: Please use spaces instead.
   |
35 |                         | otherwise = disjointLists as bs
   | ^^^^^^^^
[17 of 21] Compiling Version
[18 of 21] Compiling PsOutput

src/PsOutput.hs:38:6: warning: [GHC-94817] [-Wtabs]
    Tab character found here, and in 209 further locations.
    Suggested fix: Please use spaces instead.
   |
38 |                      showString " setfont\n")
   |      ^^^
[19 of 21] Compiling Fig31Output

src/Fig31Output.hs:23:1: warning: [GHC-94817] [-Wtabs]
    Tab character found here, and in 519 further locations.
    Suggested fix: Please use spaces instead.
   |
23 |           colorinfo@(c1,c2,c3,c4,c5,c6,c7,c8)) container@(rx, ry, width, height, inOutY, gobj) =
   | ^^^^^^^^
[20 of 21] Compiling EbnfOutput

src/EbnfOutput.hs:15:1: warning: [GHC-94817] [-Wtabs]
    Tab character found here, and in 77 further locations.
    Suggested fix: Please use spaces instead.
   |
15 |                        getTerminals, 
   | ^^^^^^^^
[21 of 21] Compiling Main

src/Ebnf2ps.hs:13:19: warning: [GHC-94817] [-Wtabs]
    Tab character found here, and in 215 further locations.
    Suggested fix: Please use spaces instead.
   |
13 | import CommandLine      (parse_cmds)
   |                   ^^^^^^
[22 of 22] Linking /tmp/workdir-Ebnf2ps/Ebnf2ps-1.0.15/dist-newstyle/build/x86_64-linux/ghc-9.6.6/Ebnf2ps-1.0.15/build/ebnf2ps/ebnf2ps
