Build profile: -w ghc-9.6.6 -O1
In order, the following will be built (use -v for more details):
 - servant-pipes-0.16.1 (lib) (first run)
 - servant-pipes-0.16.1 (test:example) (first run)
Configuring library for servant-pipes-0.16.1...
Preprocessing library for servant-pipes-0.16.1...
Building library for servant-pipes-0.16.1...
[1 of 1] Compiling Servant.Pipes
Configuring test suite 'example' for servant-pipes-0.16.1...
Preprocessing test suite 'example' for servant-pipes-0.16.1...
Building test suite 'example' for servant-pipes-0.16.1...
[1 of 1] Compiling Main

example/Main.hs:18:1: warning: [-Wunused-imports]
    The import of ‘Network.Wai’ is redundant
      except perhaps to import instances from ‘Network.Wai’
    To import instances alone, use: import Network.Wai()
   |
18 | import           Network.Wai
   | ^^^^^^^^^^^^^^^^^^^^^^^^^^^^...
[2 of 2] Linking /tmp/workdir-servant-pipes/servant-pipes-0.16.1/dist-newstyle/build/x86_64-linux/ghc-9.6.6/servant-pipes-0.16.1/t/example/build/example/example
