Build profile: -w ghc-9.6.6 -O1
In order, the following will be built (use -v for more details):
 - rpm-nvr-0.1.2 (lib) (first run)
 - rpm-nvr-0.1.2 (test:tests) (first run)
Warning: rpm-nvr.cabal:83:3: Inconsistent indentation. Indentation jumps at
lines 83
Configuring library for rpm-nvr-0.1.2...
Preprocessing library for rpm-nvr-0.1.2...
Building library for rpm-nvr-0.1.2...
[1 of 6] Compiling Data.RPM.NV
[2 of 6] Compiling Data.RPM.VerCmp
[3 of 6] Compiling Data.RPM.VerRel
[4 of 6] Compiling Data.RPM.NVR
[5 of 6] Compiling Data.RPM.NVRA
[6 of 6] Compiling Data.RPM
Warning: rpm-nvr.cabal:83:3: Inconsistent indentation. Indentation jumps at
lines 83
Configuring test suite 'tests' for rpm-nvr-0.1.2...
Preprocessing test suite 'tests' for rpm-nvr-0.1.2...
Building test suite 'tests' for rpm-nvr-0.1.2...
[1 of 3] Compiling RPM.PackageSpec
[2 of 3] Compiling RPM.VersionSpec
[3 of 3] Compiling Main
[4 of 4] Linking /tmp/workdir-rpm-nvr/rpm-nvr-0.1.2/dist-newstyle/build/x86_64-linux/ghc-9.6.6/rpm-nvr-0.1.2/t/tests/build/tests/tests
