Build profile: -w ghc-9.6.6 -O1
In order, the following will be built (use -v for more details):
 - pandoc-lua-engine-0.2.1.2 (lib) (first run)
 - pandoc-lua-engine-0.2.1.2 (test:test-pandoc-lua-engine) (first run)
Configuring library for pandoc-lua-engine-0.2.1.2...
Preprocessing library for pandoc-lua-engine-0.2.1.2...
Building library for pandoc-lua-engine-0.2.1.2...
[ 1 of 31] Compiling Text.Pandoc.Lua.Marshal.Chunks
[ 2 of 31] Compiling Text.Pandoc.Lua.Marshal.CommonState
[ 3 of 31] Compiling Text.Pandoc.Lua.Marshal.Context
[ 4 of 31] Compiling Text.Pandoc.Lua.Marshal.PandocError
[ 5 of 31] Compiling Text.Pandoc.Lua.Marshal.Reference
[ 6 of 31] Compiling Text.Pandoc.Lua.Marshal.Sources
[ 7 of 31] Compiling Text.Pandoc.Lua.Module.System
[ 8 of 31] Compiling Text.Pandoc.Lua.PandocLua
[ 9 of 31] Compiling Text.Pandoc.Lua.Module.Utils
[10 of 31] Compiling Text.Pandoc.Lua.Module.Types
[11 of 31] Compiling Text.Pandoc.Lua.Module.Text
[12 of 31] Compiling Text.Pandoc.Lua.Module.JSON
[13 of 31] Compiling Text.Pandoc.Lua.Module.CLI
[14 of 31] Compiling Text.Pandoc.Lua.Marshal.Template
[15 of 31] Compiling Text.Pandoc.Lua.Module.Template
[16 of 31] Compiling Text.Pandoc.Lua.Marshal.Format
[17 of 31] Compiling Text.Pandoc.Lua.Module.Format
[18 of 31] Compiling Text.Pandoc.Lua.Marshal.WriterOptions
[19 of 31] Compiling Text.Pandoc.Lua.Module.Structure
[20 of 31] Compiling Text.Pandoc.Lua.Marshal.ReaderOptions
[21 of 31] Compiling Text.Pandoc.Lua.Orphans
[22 of 31] Compiling Text.Pandoc.Lua.Module.MediaBag
[23 of 31] Compiling Text.Pandoc.Lua.Global
[24 of 31] Compiling Text.Pandoc.Lua.Writer.Classic
[25 of 31] Compiling Text.Pandoc.Lua.Module.Pandoc
[26 of 31] Compiling Text.Pandoc.Lua.Writer.Scaffolding
[27 of 31] Compiling Text.Pandoc.Lua.Module.Scaffolding
[28 of 31] Compiling Text.Pandoc.Lua.Init
[29 of 31] Compiling Text.Pandoc.Lua.Filter
[30 of 31] Compiling Text.Pandoc.Lua.Custom
[31 of 31] Compiling Text.Pandoc.Lua
Configuring test suite 'test-pandoc-lua-engine' for pandoc-lua-engine-0.2.1.2...
Preprocessing test suite 'test-pandoc-lua-engine' for pandoc-lua-engine-0.2.1.2...
Building test suite 'test-pandoc-lua-engine' for pandoc-lua-engine-0.2.1.2...
[1 of 5] Compiling Tests.Lua
[2 of 5] Compiling Tests.Lua.Module
[3 of 5] Compiling Tests.Lua.Reader
[4 of 5] Compiling Tests.Lua.Writer
[5 of 5] Compiling Main
[6 of 6] Linking /tmp/workdir-pandoc-lua-engine/pandoc-lua-engine-0.2.1.2/dist-newstyle/build/x86_64-linux/ghc-9.6.6/pandoc-lua-engine-0.2.1.2/t/test-pandoc-lua-engine/build/test-pandoc-lua-engine/test-pandoc-lua-engine
