Build profile: -w ghc-9.6.6 -O1
In order, the following will be built (use -v for more details):
 - DBFunctor-0.1.2.1 (lib) (first run)
 - DBFunctor-0.1.2.1 (test:dbfunctor-test) (first run)
 - DBFunctor-0.1.2.1 (exe:dbfunctor-example) (first run)
Configuring library for DBFunctor-0.1.2.1...
Preprocessing library for DBFunctor-0.1.2.1...
Building library for DBFunctor-0.1.2.1...
[1 of 5] Compiling Paths_DBFunctor
[2 of 5] Compiling RTable.Core
[3 of 5] Compiling Etl.Internal.Core
[4 of 5] Compiling Etl.Julius
[5 of 5] Compiling RTable.Data.CSV
Configuring test suite 'dbfunctor-test' for DBFunctor-0.1.2.1...
Preprocessing test suite 'dbfunctor-test' for DBFunctor-0.1.2.1...
Building test suite 'dbfunctor-test' for DBFunctor-0.1.2.1...
[1 of 2] Compiling Main

test/DBFTests.hs:22:1: warning: [-Wunused-imports]
    The import of ‘System.Environment’ is redundant
      except perhaps to import instances from ‘System.Environment’
    To import instances alone, use: import System.Environment()
   |
22 | import System.Environment (getArgs, setEnv)
   | ^^^^^^^^^^^^^^^^^^^^^^^^^^^^^^^^^^^^^^^^^^^

test/DBFTests.hs:23:1: warning: [-Wunused-imports]
    The import of ‘Data.Char’ is redundant
      except perhaps to import instances from ‘Data.Char’
    To import instances alone, use: import Data.Char()
   |
23 | import Data.Char (toLower)
   | ^^^^^^^^^^^^^^^^^^^^^^^^^^

test/DBFTests.hs:30:1: warning: [-Wunused-imports]
    The import of ‘Data.Vector’ is redundant
      except perhaps to import instances from ‘Data.Vector’
    To import instances alone, use: import Data.Vector()
   |
30 | import Data.Vector (toList)
   | ^^^^^^^^^^^^^^^^^^^^^^^^^^^

test/DBFTests.hs:32:1: warning: [-Wunused-imports]
    The import of ‘Data.List’ is redundant
      except perhaps to import instances from ‘Data.List’
    To import instances alone, use: import Data.List()
   |
32 | import Data.List (groupBy)
   | ^^^^^^^^^^^^^^^^^^^^^^^^^^

test/DBFTests.hs:163:29: warning: [GHC-62161] [-Wincomplete-uni-patterns]
    Pattern match(es) are non-exhaustive
    In a lambda abstraction:
        Patterns of type ‘[RDataType]’ not matched:
            []
            (_:_:_)
    |
163 |                         By (\[x] -> [2*x]) (On $ Tab rtabNew2)
    |                             ^^^^^^^^^^^^^

test/DBFTests.hs:261:25: warning: [GHC-62161] [-Wincomplete-uni-patterns]
    Pattern match(es) are non-exhaustive
    In a lambda abstraction:
        Patterns of type ‘[RDataType]’ not matched:
            []
            (_:_:_)
    |
261 |                     By (\[x] -> [x + 100]) (On $ Tab rtabNew4)
    |                         ^^^^^^^^^^^^^^^^^

test/DBFTests.hs:281:57: warning: [GHC-62161] [-Wincomplete-uni-patterns]
    Pattern match(es) are non-exhaustive
    In a lambda abstraction:
        Patterns of type ‘[RDataType]’ not matched:
            []
            (_:_:_)
    |
281 |                                                     By (\[x] -> [x + 100]) (On $ Tab rtabNew4)
    |                                                         ^^^^^^^^^^^^^^^^^

test/DBFTests.hs:319:25: warning: [GHC-62161] [-Wincomplete-uni-patterns]
    Pattern match(es) are non-exhaustive
    In a lambda abstraction:
        Patterns of type ‘[RDataType]’ not matched:
            []
            (_:_:_)
    |
319 |                     By (\[x] -> [x + 100]) (On $ Tab rtabNew4)
    |                         ^^^^^^^^^^^^^^^^^

test/DBFTests.hs:427:25: warning: [GHC-62161] [-Wincomplete-uni-patterns]
    Pattern match(es) are non-exhaustive
    In a lambda abstraction:
        Patterns of type ‘[RDataType]’ not matched:
            []
            (_:_:_)
    |
427 |                     By (\[x] -> [x]) (On $ Tab rtabNew5)
    |                         ^^^^^^^^^^^

test/DBFTests.hs:441:129: warning: [GHC-62161] [-Wincomplete-uni-patterns]
    Pattern match(es) are non-exhaustive
    In a lambda abstraction:
        Patterns of type ‘[RDataType]’ not matched:
            []
            [_]
            (_:(RInt _):_)
            (_:(RText _):_)
            ...
    |
441 |         cmap4 = E.RMapNx1 {E.srcColGrp = ["Name","MyTime"], E.removeSrcCol = E.Yes, E.trgCol = "New_Nx1_Col", E.transformNx1 = (\[n, T.RTime{T.rtime = t}] -> n `rdtappend` (T.RText "<---->") `rdtappend` (T.rTimestampToRText T.stdTimestampFormat t)), E.srcRTupleFilter = \_ -> True}
    |                                                                                                                                 ^^^^^^^^^^^^^^^^^^^^^^^^^^^^^^^^^^^^^^^^^^^^^^^^^^^^^^^^^^^^^^^^^^^^^^^^^^^^^^^^^^^^^^^^^^^^^^^^^^^^^^^^^^^^^^^^^^^^^^^

test/DBFTests.hs:441:131: warning: [GHC-63397] [-Wname-shadowing]
    This binding for ‘n’ shadows the existing binding
      bound at test/DBFTests.hs:48:10
    |
441 |         cmap4 = E.RMapNx1 {E.srcColGrp = ["Name","MyTime"], E.removeSrcCol = E.Yes, E.trgCol = "New_Nx1_Col", E.transformNx1 = (\[n, T.RTime{T.rtime = t}] -> n `rdtappend` (T.RText "<---->") `rdtappend` (T.rTimestampToRText T.stdTimestampFormat t)), E.srcRTupleFilter = \_ -> True}
    |                                                                                                                                   ^

test/DBFTests.hs:462:25: warning: [GHC-62161] [-Wincomplete-uni-patterns]
    Pattern match(es) are non-exhaustive
    In a lambda abstraction:
        Patterns of type ‘[RDataType]’ not matched:
            []
            [_]
            (_:(RInt _):_)
            (_:(RText _):_)
            ...
    |
462 |                     By (\[n, T.RTime{T.rtime = t}] -> [n `rdtappend` (T.RText "<---->") `rdtappend` (T.rTimestampToRText T.stdTimestampFormat t)]) (On $ Tab rtabNew8)
    |                         ^^^^^^^^^^^^^^^^^^^^^^^^^^^^^^^^^^^^^^^^^^^^^^^^^^^^^^^^^^^^^^^^^^^^^^^^^^^^^^^^^^^^^^^^^^^^^^^^^^^^^^^^^^^^^^^^^^^^^^^^^

test/DBFTests.hs:462:27: warning: [GHC-63397] [-Wname-shadowing]
    This binding for ‘n’ shadows the existing binding
      bound at test/DBFTests.hs:48:10
    |
462 |                     By (\[n, T.RTime{T.rtime = t}] -> [n `rdtappend` (T.RText "<---->") `rdtappend` (T.rTimestampToRText T.stdTimestampFormat t)]) (On $ Tab rtabNew8)
    |                           ^

test/DBFTests.hs:475:136: warning: [GHC-62161] [-Wincomplete-uni-patterns]
    Pattern match(es) are non-exhaustive
    In a lambda abstraction:
        Patterns of type ‘RDataType’ not matched:
            RInt _
            RUTCTime _
            RDate _ _
            RTime _
            ...
    |
475 |         cmap5 = E.RMap1xN {E.srcCol = "New_Nx1_Col", E.removeSrcCol = E.No, E.trgColGrp = ["1xN_A","1xN_B","1xN_C"], E.transform1xN = (\(T.RText txt) -> [T.RText (Data.Text.take 5 txt), T.RText "<-|-|-|->", T.RText (Data.Text.takeEnd 10 txt)]), E.srcRTupleFilter = \_ -> True}
    |                                                                                                                                        ^^^^^^^^^^^^^^^^^^^^^^^^^^^^^^^^^^^^^^^^^^^^^^^^^^^^^^^^^^^^^^^^^^^^^^^^^^^^^^^^^^^^^^^^^^^^^^^^^^^^^^^^^^^

test/DBFTests.hs:499:25: warning: [GHC-62161] [-Wincomplete-uni-patterns]
    Pattern match(es) are non-exhaustive
    In a lambda abstraction:
        Patterns of type ‘[RDataType]’ not matched:
            []
            ((RInt _):_)
            ((RUTCTime _):_)
            ((RDate _ _):_)
            ...
    |
499 |                     By (\[(T.RText txt)] -> [T.RText (Data.Text.take 5 txt), T.RText "<-|-|-|->", T.RText (Data.Text.takeEnd 10 txt)]) (On $ Tab rtabNew9)
    |                         ^^^^^^^^^^^^^^^^^^^^^^^^^^^^^^^^^^^^^^^^^^^^^^^^^^^^^^^^^^^^^^^^^^^^^^^^^^^^^^^^^^^^^^^^^^^^^^^^^^^^^^^^^^^^^

test/DBFTests.hs:514:21: warning: [GHC-62161] [-Wincomplete-patterns]
    Pattern match(es) are non-exhaustive
    In an equation for ‘transformation’:
        Patterns of type ‘[RDataType]’ not matched:
            []
            ((RInt _):_)
            ((RUTCTime _):_)
            ((RDate _ _):_)
            ...
    |
514 |                     transformation [T.RText t1, T.RText t2, T.RText t3] = [T.RText (t1 `append` t3), T.RText t2]
    |                     ^^^^^^^^^^^^^^^^^^^^^^^^^^^^^^^^^^^^^^^^^^^^^^^^^^^^^^^^^^^^^^^^^^^^^^^^^^^^^^^^^^^^^^^^^^^^

test/DBFTests.hs:542:17: warning: [GHC-62161] [-Wincomplete-patterns]
    Pattern match(es) are non-exhaustive
    In an equation for ‘transformation’:
        Patterns of type ‘[RDataType]’ not matched:
            []
            ((RInt _):_)
            ((RUTCTime _):_)
            ((RDate _ _):_)
            ...
    |
542 |                 transformation [T.RText t1, T.RText t2, T.RText t3] = [T.RText (t1 `append` t3), T.RText t2]
    |                 ^^^^^^^^^^^^^^^^^^^^^^^^^^^^^^^^^^^^^^^^^^^^^^^^^^^^^^^^^^^^^^^^^^^^^^^^^^^^^^^^^^^^^^^^^^^^

test/DBFTests.hs:663:38: warning: [-Wunused-matches]
    Defined but not used: ‘t1’
    |
663 |         rtabNew14_dbg_2part = T.iJ (\t1 t2 -> True) rtabNew14_dbg_2part_a (T.createSingletonRTable $ T.createNullRTuple $ (T.getColumnNamesFromRTab rtabNew3))
    |                                      ^^

test/DBFTests.hs:663:41: warning: [-Wunused-matches]
    Defined but not used: ‘t2’
    |
663 |         rtabNew14_dbg_2part = T.iJ (\t1 t2 -> True) rtabNew14_dbg_2part_a (T.createSingletonRTable $ T.createNullRTuple $ (T.getColumnNamesFromRTab rtabNew3))
    |                                         ^^

test/DBFTests.hs:722:9: warning: [GHC-63397] [-Wname-shadowing]
    This binding for ‘rtmdata15’ shadows the existing binding
      bound at test/DBFTests.hs:692:9
    |
722 |         rtmdata15 = T.createRTableMData ( "TestTable15", 
    |         ^^^^^^^^^
[2 of 2] Compiling Paths_DBFunctor
[3 of 3] Linking /tmp/workdir-DBFunctor/DBFunctor-0.1.2.1/dist-newstyle/build/x86_64-linux/ghc-9.6.6/DBFunctor-0.1.2.1/t/dbfunctor-test/build/dbfunctor-test/dbfunctor-test
Configuring executable 'dbfunctor-example' for DBFunctor-0.1.2.1...
Preprocessing executable 'dbfunctor-example' for DBFunctor-0.1.2.1...
Building executable 'dbfunctor-example' for DBFunctor-0.1.2.1...
[1 of 2] Compiling Main

app/Main.hs:8:39: warning: [-Wunused-imports]
    The import of ‘toRTable’ from module ‘RTable.Data.CSV’ is redundant
  |
8 | import  RTable.Data.CSV     (readCSV, toRTable) -- MyType (..) )
  |                                       ^^^^^^^^
[2 of 2] Compiling Paths_DBFunctor
[3 of 3] Linking /tmp/workdir-DBFunctor/DBFunctor-0.1.2.1/dist-newstyle/build/x86_64-linux/ghc-9.6.6/DBFunctor-0.1.2.1/x/dbfunctor-example/build/dbfunctor-example/dbfunctor-example
