Build profile: -w ghc-9.6.6 -O1
In order, the following will be built (use -v for more details):
 - amazonka-iotsecuretunneling-2.0 (lib) (first run)
 - amazonka-iotsecuretunneling-2.0 (test:amazonka-iotsecuretunneling-test) (first run)
Configuring library for amazonka-iotsecuretunneling-2.0...
Preprocessing library for amazonka-iotsecuretunneling-2.0...
Building library for amazonka-iotsecuretunneling-2.0...
[ 1 of 21] Compiling Amazonka.IoTSecureTunneling.Types.ClientMode
[ 2 of 21] Compiling Amazonka.IoTSecureTunneling.Types.ConnectionStatus
[ 3 of 21] Compiling Amazonka.IoTSecureTunneling.Types.ConnectionState
[ 4 of 21] Compiling Amazonka.IoTSecureTunneling.Types.DestinationConfig
[ 5 of 21] Compiling Amazonka.IoTSecureTunneling.Types.Tag
[ 6 of 21] Compiling Amazonka.IoTSecureTunneling.Types.TimeoutConfig
[ 7 of 21] Compiling Amazonka.IoTSecureTunneling.Types.TunnelStatus
[ 8 of 21] Compiling Amazonka.IoTSecureTunneling.Types.Tunnel

gen/Amazonka/IoTSecureTunneling/Types/Tunnel.hs:131:101: warning: [GHC-02256] [-Wambiguous-fields]
    The record update s {lastUpdatedAt = a} with type Tunnel is ambiguous.
    This will not be supported by -XDuplicateRecordFields in future releases of GHC.
    |
131 | tunnel_lastUpdatedAt = Lens.lens (\Tunnel' {lastUpdatedAt} -> lastUpdatedAt) (\s@Tunnel' {} a -> s {lastUpdatedAt = a} :: Tunnel) Prelude.. Lens.mapping Data._Time
    |                                                                                                     ^^^^^^^^^^^^^^^^^

gen/Amazonka/IoTSecureTunneling/Types/Tunnel.hs:139:80: warning: [GHC-02256] [-Wambiguous-fields]
    The record update s {status = a} with type Tunnel is ambiguous.
    This will not be supported by -XDuplicateRecordFields in future releases of GHC.
    |
139 | tunnel_status = Lens.lens (\Tunnel' {status} -> status) (\s@Tunnel' {} a -> s {status = a} :: Tunnel)
    |                                                                                ^^^^^^^^^^
[ 9 of 21] Compiling Amazonka.IoTSecureTunneling.Types.TunnelSummary
[10 of 21] Compiling Amazonka.IoTSecureTunneling.Types
[11 of 21] Compiling Amazonka.IoTSecureTunneling.TagResource

gen/Amazonka/IoTSecureTunneling/TagResource.hs:88:89: warning: [GHC-02256] [-Wambiguous-fields]
    The record update s {tags = a} with type TagResource is ambiguous.
    This will not be supported by -XDuplicateRecordFields in future releases of GHC.
   |
88 | tagResource_tags = Lens.lens (\TagResource' {tags} -> tags) (\s@TagResource' {} a -> s {tags = a} :: TagResource) Prelude.. Lens.coerced
   |                                                                                         ^^^^^^^^
[12 of 21] Compiling Amazonka.IoTSecureTunneling.RotateTunnelAccessToken

gen/Amazonka/IoTSecureTunneling/RotateTunnelAccessToken.hs:106:164: warning: [GHC-02256] [-Wambiguous-fields]
    The record update s {destinationConfig = a} with type RotateTunnelAccessToken is ambiguous.
    This will not be supported by -XDuplicateRecordFields in future releases of GHC.
    |
106 | rotateTunnelAccessToken_destinationConfig = Lens.lens (\RotateTunnelAccessToken' {destinationConfig} -> destinationConfig) (\s@RotateTunnelAccessToken' {} a -> s {destinationConfig = a} :: RotateTunnelAccessToken)
    |                                                                                                                                                                    ^^^^^^^^^^^^^^^^^^^^^

gen/Amazonka/IoTSecureTunneling/RotateTunnelAccessToken.hs:110:137: warning: [GHC-02256] [-Wambiguous-fields]
    The record update s {tunnelId = a} with type RotateTunnelAccessToken is ambiguous.
    This will not be supported by -XDuplicateRecordFields in future releases of GHC.
    |
110 | rotateTunnelAccessToken_tunnelId = Lens.lens (\RotateTunnelAccessToken' {tunnelId} -> tunnelId) (\s@RotateTunnelAccessToken' {} a -> s {tunnelId = a} :: RotateTunnelAccessToken)
    |                                                                                                                                         ^^^^^^^^^^^^

gen/Amazonka/IoTSecureTunneling/RotateTunnelAccessToken.hs:235:164: warning: [GHC-02256] [-Wambiguous-fields]
    The record update s {tunnelArn = a} with type RotateTunnelAccessTokenResponse is ambiguous.
    This will not be supported by -XDuplicateRecordFields in future releases of GHC.
    |
235 | rotateTunnelAccessTokenResponse_tunnelArn = Lens.lens (\RotateTunnelAccessTokenResponse' {tunnelArn} -> tunnelArn) (\s@RotateTunnelAccessTokenResponse' {} a -> s {tunnelArn = a} :: RotateTunnelAccessTokenResponse)
    |                                                                                                                                                                    ^^^^^^^^^^^^^
[13 of 21] Compiling Amazonka.IoTSecureTunneling.OpenTunnel

gen/Amazonka/IoTSecureTunneling/OpenTunnel.hs:101:107: warning: [GHC-02256] [-Wambiguous-fields]
    The record update s {description = a} with type OpenTunnel is ambiguous.
    This will not be supported by -XDuplicateRecordFields in future releases of GHC.
    |
101 | openTunnel_description = Lens.lens (\OpenTunnel' {description} -> description) (\s@OpenTunnel' {} a -> s {description = a} :: OpenTunnel)
    |                                                                                                           ^^^^^^^^^^^^^^^

gen/Amazonka/IoTSecureTunneling/OpenTunnel.hs:105:125: warning: [GHC-02256] [-Wambiguous-fields]
    The record update s {destinationConfig = a} with type OpenTunnel is ambiguous.
    This will not be supported by -XDuplicateRecordFields in future releases of GHC.
    |
105 | openTunnel_destinationConfig = Lens.lens (\OpenTunnel' {destinationConfig} -> destinationConfig) (\s@OpenTunnel' {} a -> s {destinationConfig = a} :: OpenTunnel)
    |                                                                                                                             ^^^^^^^^^^^^^^^^^^^^^

gen/Amazonka/IoTSecureTunneling/OpenTunnel.hs:109:86: warning: [GHC-02256] [-Wambiguous-fields]
    The record update s {tags = a} with type OpenTunnel is ambiguous.
    This will not be supported by -XDuplicateRecordFields in future releases of GHC.
    |
109 | openTunnel_tags = Lens.lens (\OpenTunnel' {tags} -> tags) (\s@OpenTunnel' {} a -> s {tags = a} :: OpenTunnel) Prelude.. Lens.mapping Lens.coerced
    |                                                                                      ^^^^^^^^

gen/Amazonka/IoTSecureTunneling/OpenTunnel.hs:113:113: warning: [GHC-02256] [-Wambiguous-fields]
    The record update s {timeoutConfig = a} with type OpenTunnel is ambiguous.
    This will not be supported by -XDuplicateRecordFields in future releases of GHC.
    |
113 | openTunnel_timeoutConfig = Lens.lens (\OpenTunnel' {timeoutConfig} -> timeoutConfig) (\s@OpenTunnel' {} a -> s {timeoutConfig = a} :: OpenTunnel)
    |                                                                                                                 ^^^^^^^^^^^^^^^^^

gen/Amazonka/IoTSecureTunneling/OpenTunnel.hs:240:125: warning: [GHC-02256] [-Wambiguous-fields]
    The record update s {tunnelArn = a} with type OpenTunnelResponse is ambiguous.
    This will not be supported by -XDuplicateRecordFields in future releases of GHC.
    |
240 | openTunnelResponse_tunnelArn = Lens.lens (\OpenTunnelResponse' {tunnelArn} -> tunnelArn) (\s@OpenTunnelResponse' {} a -> s {tunnelArn = a} :: OpenTunnelResponse)
    |                                                                                                                             ^^^^^^^^^^^^^

gen/Amazonka/IoTSecureTunneling/OpenTunnel.hs:244:122: warning: [GHC-02256] [-Wambiguous-fields]
    The record update s {tunnelId = a} with type OpenTunnelResponse is ambiguous.
    This will not be supported by -XDuplicateRecordFields in future releases of GHC.
    |
244 | openTunnelResponse_tunnelId = Lens.lens (\OpenTunnelResponse' {tunnelId} -> tunnelId) (\s@OpenTunnelResponse' {} a -> s {tunnelId = a} :: OpenTunnelResponse)
    |                                                                                                                          ^^^^^^^^^^^^
[14 of 21] Compiling Amazonka.IoTSecureTunneling.ListTunnels

gen/Amazonka/IoTSecureTunneling/ListTunnels.hs:101:104: warning: [GHC-02256] [-Wambiguous-fields]
    The record update s {nextToken = a} with type ListTunnels is ambiguous.
    This will not be supported by -XDuplicateRecordFields in future releases of GHC.
    |
101 | listTunnels_nextToken = Lens.lens (\ListTunnels' {nextToken} -> nextToken) (\s@ListTunnels' {} a -> s {nextToken = a} :: ListTunnels)
    |                                                                                                        ^^^^^^^^^^^^^

gen/Amazonka/IoTSecureTunneling/ListTunnels.hs:105:104: warning: [GHC-02256] [-Wambiguous-fields]
    The record update s {thingName = a} with type ListTunnels is ambiguous.
    This will not be supported by -XDuplicateRecordFields in future releases of GHC.
    |
105 | listTunnels_thingName = Lens.lens (\ListTunnels' {thingName} -> thingName) (\s@ListTunnels' {} a -> s {thingName = a} :: ListTunnels)
    |                                                                                                        ^^^^^^^^^^^^^

gen/Amazonka/IoTSecureTunneling/ListTunnels.hs:207:128: warning: [GHC-02256] [-Wambiguous-fields]
    The record update s {nextToken = a} with type ListTunnelsResponse is ambiguous.
    This will not be supported by -XDuplicateRecordFields in future releases of GHC.
    |
207 | listTunnelsResponse_nextToken = Lens.lens (\ListTunnelsResponse' {nextToken} -> nextToken) (\s@ListTunnelsResponse' {} a -> s {nextToken = a} :: ListTunnelsResponse)
    |                                                                                                                                ^^^^^^^^^^^^^
[15 of 21] Compiling Amazonka.IoTSecureTunneling.ListTagsForResource

gen/Amazonka/IoTSecureTunneling/ListTagsForResource.hs:160:137: warning: [GHC-02256] [-Wambiguous-fields]
    The record update s {tags = a} with type ListTagsForResourceResponse is ambiguous.
    This will not be supported by -XDuplicateRecordFields in future releases of GHC.
    |
160 | listTagsForResourceResponse_tags = Lens.lens (\ListTagsForResourceResponse' {tags} -> tags) (\s@ListTagsForResourceResponse' {} a -> s {tags = a} :: ListTagsForResourceResponse) Prelude.. Lens.mapping Lens.coerced
    |                                                                                                                                         ^^^^^^^^
[16 of 21] Compiling Amazonka.IoTSecureTunneling.DescribeTunnel

gen/Amazonka/IoTSecureTunneling/DescribeTunnel.hs:79:110: warning: [GHC-02256] [-Wambiguous-fields]
    The record update s {tunnelId = a} with type DescribeTunnel is ambiguous.
    This will not be supported by -XDuplicateRecordFields in future releases of GHC.
   |
79 | describeTunnel_tunnelId = Lens.lens (\DescribeTunnel' {tunnelId} -> tunnelId) (\s@DescribeTunnel' {} a -> s {tunnelId = a} :: DescribeTunnel)
   |                                                                                                              ^^^^^^^^^^^^
[17 of 21] Compiling Amazonka.IoTSecureTunneling.CloseTunnel

gen/Amazonka/IoTSecureTunneling/CloseTunnel.hs:95:101: warning: [GHC-02256] [-Wambiguous-fields]
    The record update s {tunnelId = a} with type CloseTunnel is ambiguous.
    This will not be supported by -XDuplicateRecordFields in future releases of GHC.
   |
95 | closeTunnel_tunnelId = Lens.lens (\CloseTunnel' {tunnelId} -> tunnelId) (\s@CloseTunnel' {} a -> s {tunnelId = a} :: CloseTunnel)
   |                                                                                                     ^^^^^^^^^^^^
[18 of 21] Compiling Amazonka.IoTSecureTunneling.UntagResource
[19 of 21] Compiling Amazonka.IoTSecureTunneling.Lens
[20 of 21] Compiling Amazonka.IoTSecureTunneling.Waiters
[21 of 21] Compiling Amazonka.IoTSecureTunneling
Configuring test suite 'amazonka-iotsecuretunneling-test' for amazonka-iotsecuretunneling-2.0...
Preprocessing test suite 'amazonka-iotsecuretunneling-test' for amazonka-iotsecuretunneling-2.0...
Building test suite 'amazonka-iotsecuretunneling-test' for amazonka-iotsecuretunneling-2.0...
[1 of 4] Compiling Test.Amazonka.IoTSecureTunneling
[2 of 4] Compiling Test.Amazonka.IoTSecureTunneling.Internal
[3 of 4] Compiling Test.Amazonka.Gen.IoTSecureTunneling
[4 of 4] Compiling Main
[5 of 5] Linking /tmp/workdir-amazonka-iotsecuretunneling/amazonka-iotsecuretunneling-2.0/dist-newstyle/build/x86_64-linux/ghc-9.6.6/amazonka-iotsecuretunneling-2.0/t/amazonka-iotsecuretunneling-test/build/amazonka-iotsecuretunneling-test/amazonka-iotsecuretunneling-test
