Build profile: -w ghc-9.6.6 -O1
In order, the following will be built (use -v for more details):
 - network-multicast-0.3.2 (lib:network-multicast) (first run)
Warning: network-multicast.cabal:20:37: version operators used. To use version
operators the package needs to specify at least 'cabal-version: >= 1.8'.
Configuring network-multicast-0.3.2...
Preprocessing library for network-multicast-0.3.2...
Building library for network-multicast-0.3.2...
[1 of 1] Compiling Network.Multicast

src/Network/Multicast.hsc:112:21: warning: [GHC-68441] [-Wdeprecations]
    In the use of ‘fdSocket’
    (imported from Network.Socket, but defined in Network.Socket.Types):
    Deprecated: "Use withFdSocket or unsafeFdSocket instead"
    |
112 |     fd <- (ioCompat fdSocket) sock
    |                     ^^^^^^^^

src/Network/Multicast.hsc:155:21: warning: [GHC-68441] [-Wdeprecations]
    In the use of ‘fdSocket’
    (imported from Network.Socket, but defined in Network.Socket.Types):
    Deprecated: "Use withFdSocket or unsafeFdSocket instead"
    |
155 |     fd <- (ioCompat fdSocket) sock
    |                     ^^^^^^^^
