Build profile: -w ghc-9.6.6 -O1
In order, the following will be built (use -v for more details):
 - pretty-terminal-0.1.0.0 (lib) (first run)
 - pretty-terminal-0.1.0.0 (exe:example) (first run)
Configuring library for pretty-terminal-0.1.0.0...
Preprocessing library for pretty-terminal-0.1.0.0...
Building library for pretty-terminal-0.1.0.0...
[1 of 2] Compiling Paths_pretty_terminal
[2 of 2] Compiling System.Console.Pretty

src/System/Console/Pretty.hs:12:1: warning: [-Wunused-imports]
    The import of ‘Data.Monoid’ is redundant
      except perhaps to import instances from ‘Data.Monoid’
    To import instances alone, use: import Data.Monoid()
   |
12 | import           Data.Monoid        ((<>))
   | ^^^^^^^^^^^^^^^^^^^^^^^^^^^^^^^^^^^^^^^^^^
Configuring executable 'example' for pretty-terminal-0.1.0.0...
Preprocessing executable 'example' for pretty-terminal-0.1.0.0...
Building executable 'example' for pretty-terminal-0.1.0.0...
[1 of 2] Compiling Main
[2 of 2] Compiling Paths_pretty_terminal
[3 of 3] Linking /tmp/workdir-pretty-terminal/pretty-terminal-0.1.0.0/dist-newstyle/build/x86_64-linux/ghc-9.6.6/pretty-terminal-0.1.0.0/x/example/build/example/example
