Build profile: -w ghc-9.6.6 -O1
In order, the following will be built (use -v for more details):
 - tasty-autocollect-0.4.3 (lib) (first run)
 - tasty-autocollect-0.4.3 (exe:tasty-autocollect) (first run)
 - tasty-autocollect-0.4.3 (test:tasty-autocollect-tests) (first run)
Configuring library for tasty-autocollect-0.4.3...
Preprocessing library for tasty-autocollect-0.4.3...
Building library for tasty-autocollect-0.4.3...
[ 1 of 15] Compiling Test.Tasty.AutoCollect.Config
[ 2 of 15] Compiling Test.Tasty.AutoCollect.GHC.Shim_Common
[ 3 of 15] Compiling Test.Tasty.AutoCollect.Utils.Text
[ 4 of 15] Compiling Test.Tasty.AutoCollect.GHC.Shim_9_6
[ 5 of 15] Compiling Test.Tasty.AutoCollect.GHC.Shim
[ 6 of 15] Compiling Test.Tasty.AutoCollect.GHC
[ 7 of 15] Compiling Test.Tasty.AutoCollect.Error
[ 8 of 15] Compiling Test.Tasty.AutoCollect.Constants
[ 9 of 15] Compiling Test.Tasty.AutoCollect.ModuleType
[10 of 15] Compiling Test.Tasty.AutoCollect.Utils.TreeMap
[11 of 15] Compiling Test.Tasty.AutoCollect.GenerateMain
[12 of 15] Compiling Test.Tasty.AutoCollect
[13 of 15] Compiling Test.Tasty.Ext.Todo
[14 of 15] Compiling Test.Tasty.AutoCollect.ExternalNames
[15 of 15] Compiling Test.Tasty.AutoCollect.ConvertTest
Configuring executable 'tasty-autocollect' for tasty-autocollect-0.4.3...
Preprocessing executable 'tasty-autocollect' for tasty-autocollect-0.4.3...
Building executable 'tasty-autocollect' for tasty-autocollect-0.4.3...
[1 of 2] Compiling Main
[2 of 2] Compiling Paths_tasty_autocollect
[3 of 3] Linking /tmp/workdir-tasty-autocollect/tasty-autocollect-0.4.3/dist-newstyle/build/x86_64-linux/ghc-9.6.6/tasty-autocollect-0.4.3/x/tasty-autocollect/build/tasty-autocollect/tasty-autocollect
Configuring test suite 'tasty-autocollect-tests' for tasty-autocollect-0.4.3...
Preprocessing test suite 'tasty-autocollect-tests' for tasty-autocollect-0.4.3...
Building test suite 'tasty-autocollect-tests' for tasty-autocollect-0.4.3...
[ 1 of 13] Compiling Examples
[ 2 of 13] Compiling Paths_tasty_autocollect
[ 3 of 13] Compiling Test.Tasty.AutoCollect.Utils.TreeMapTest
[ 4 of 13] Compiling TestUtils.Golden
[ 5 of 13] Compiling TestUtils.Integration
[ 6 of 13] Compiling TestUtils.Predicates
[ 7 of 13] Compiling Test.Tasty.Ext.TodoTest
[ 8 of 13] Compiling Test.Tasty.AutoCollect.GenerateMainTest
[ 9 of 13] Compiling Test.Tasty.AutoCollect.ConvertTestTest
[10 of 13] Compiling TestUtils.QuickCheck
[11 of 13] Compiling Test.Tasty.AutoCollect.ModuleTypeTest
[12 of 13] Compiling Test.Tasty.AutoCollect.ConfigTest
[13 of 13] Compiling Main
[14 of 14] Linking /tmp/workdir-tasty-autocollect/tasty-autocollect-0.4.3/dist-newstyle/build/x86_64-linux/ghc-9.6.6/tasty-autocollect-0.4.3/t/tasty-autocollect-tests/build/tasty-autocollect-tests/tasty-autocollect-tests
