Build profile: -w ghc-9.6.6 -O1
In order, the following will be built (use -v for more details):
 - sqlite-simple-0.4.19.0 (lib) (first run)
 - sqlite-simple-0.4.19.0 (test:test) (first run)
Configuring library for sqlite-simple-0.4.19.0...
Preprocessing library for sqlite-simple-0.4.19.0...
Building library for sqlite-simple-0.4.19.0...
[ 1 of 12] Compiling Database.SQLite.Simple.Ok

Database/SQLite/Simple/Ok.hs:76:5: warning: [-Wnoncanonical-monad-instances]
    Noncanonical ‘return’ definition detected
    in the instance declaration for ‘Monad Ok’.
    ‘return’ will eventually be removed in favour of ‘pure’
    Either remove definition for ‘return’ (recommended) or define as ‘return = pure’
    See also: https://gitlab.haskell.org/ghc/ghc/-/wikis/proposal/monad-of-no-return
   |
76 |     return = Ok
   |     ^^^^^^^^^^^
[ 2 of 12] Compiling Database.SQLite.Simple.Internal
[ 3 of 12] Compiling Database.SQLite.Simple.Time.Implementation
[ 4 of 12] Compiling Database.SQLite.Simple.Time
[ 5 of 12] Compiling Database.SQLite.Simple.Types
[ 6 of 12] Compiling Database.SQLite.Simple.ToField
[ 7 of 12] Compiling Database.SQLite.Simple.ToRow
[ 8 of 12] Compiling Database.SQLite.Simple.QQ
[ 9 of 12] Compiling Database.SQLite.Simple.FromField
[10 of 12] Compiling Database.SQLite.Simple.FromRow
[11 of 12] Compiling Database.SQLite.Simple
[12 of 12] Compiling Database.SQLite.Simple.Function
Configuring test suite 'test' for sqlite-simple-0.4.19.0...
Preprocessing test suite 'test' for sqlite-simple-0.4.19.0...
Building test suite 'test' for sqlite-simple-0.4.19.0...
[ 1 of 14] Compiling Common
[ 2 of 14] Compiling Debug
[ 3 of 14] Compiling DirectSqlite
[ 4 of 14] Compiling Errors
[ 5 of 14] Compiling Fold
[ 6 of 14] Compiling Function
[ 7 of 14] Compiling ParamConv
[ 8 of 14] Compiling QQ
[ 9 of 14] Compiling Simple
[10 of 14] Compiling Statement
[11 of 14] Compiling TestImports
[12 of 14] Compiling UserInstances
[13 of 14] Compiling Utf8Strings
[14 of 14] Compiling Main
[15 of 15] Linking /tmp/workdir-sqlite-simple/sqlite-simple-0.4.19.0/dist-newstyle/build/x86_64-linux/ghc-9.6.6/sqlite-simple-0.4.19.0/t/test/build/test/test
