Build profile: -w ghc-9.6.6 -O1
In order, the following will be built (use -v for more details):
 - lua-2.3.3 (lib) (first run)
 - lua-2.3.3 (test:test-lua) (first run)
Configuring library for lua-2.3.3...
Preprocessing library for lua-2.3.3...
Building library for lua-2.3.3...
[ 1 of 13] Compiling Lua.Types
[ 2 of 13] Compiling Lua.Lib
[ 3 of 13] Compiling Lua.Ersatz.Functions
[ 4 of 13] Compiling Lua.Ersatz.Auxiliary
[ 5 of 13] Compiling Lua.Primary
[ 6 of 13] Compiling Lua.Ersatz
[ 7 of 13] Compiling Lua.Debug
[ 8 of 13] Compiling Lua.Constants
[ 9 of 13] Compiling Lua.Call
[10 of 13] Compiling Lua.Auxiliary
[11 of 13] Compiling Lua.Userdata
[12 of 13] Compiling Lua.Warn
[13 of 13] Compiling Lua
Configuring test suite 'test-lua' for lua-2.3.3...
Preprocessing test suite 'test-lua' for lua-2.3.3...
Building test suite 'test-lua' for lua-2.3.3...
[1 of 4] Compiling Lua.ErsatzTests
[2 of 4] Compiling Lua.PrimaryTests
[3 of 4] Compiling Lua.UnsafeTests
[4 of 4] Compiling Main
[5 of 5] Linking /tmp/workdir-lua/lua-2.3.3/dist-newstyle/build/x86_64-linux/ghc-9.6.6/lua-2.3.3/t/test-lua/build/test-lua/test-lua
