Build profile: -w ghc-9.6.6 -O1
In order, the following will be built (use -v for more details):
 - pipes-concurrency-2.0.14 (lib) (first run)
 - pipes-concurrency-2.0.14 (test:tests) (first run)
Configuring library for pipes-concurrency-2.0.14...
Preprocessing library for pipes-concurrency-2.0.14...
Building library for pipes-concurrency-2.0.14...
[1 of 2] Compiling Pipes.Concurrent

src/Pipes/Concurrent.hs:39:1: warning: [-Wunused-imports]
    The import of ‘*>, <$>, <*, <*>, Applicative, pure’
    from module ‘Control.Applicative’ is redundant
   |
39 | import Control.Applicative (
   | ^^^^^^^^^^^^^^^^^^^^^^^^^^^^...

src/Pipes/Concurrent.hs:48:1: warning: [-Wunused-imports]
    The import of ‘Data.Monoid’ is redundant
      except perhaps to import instances from ‘Data.Monoid’
    To import instances alone, use: import Data.Monoid()
   |
48 | import Data.Monoid (Monoid(mempty, mappend))
   | ^^^^^^^^^^^^^^^^^^^^^^^^^^^^^^^^^^^^^^^^^^^^

src/Pipes/Concurrent.hs:74:5: warning: [-Wnoncanonical-monad-instances]
    Noncanonical ‘return’ definition detected
    in the instance declaration for ‘Monad Input’.
    ‘return’ will eventually be removed in favour of ‘pure’
    Either remove definition for ‘return’ (recommended) or define as ‘return = pure’
    See also: https://gitlab.haskell.org/ghc/ghc/-/wikis/proposal/monad-of-no-return
   |
74 |     return r = Input (return (return r))
   |     ^^^^^^^^^^^^^^^^^^^^^^^^^^^^^^^^^^^^
[2 of 2] Compiling Pipes.Concurrent.Tutorial

src/Pipes/Concurrent/Tutorial.hs:42:1: warning: [-Wunused-imports]
    The import of ‘Control.Concurrent’ is redundant
      except perhaps to import instances from ‘Control.Concurrent’
    To import instances alone, use: import Control.Concurrent()
   |
42 | import Control.Concurrent
   | ^^^^^^^^^^^^^^^^^^^^^^^^^

src/Pipes/Concurrent/Tutorial.hs:43:1: warning: [-Wunused-imports]
    The import of ‘Control.Monad’ is redundant
      except perhaps to import instances from ‘Control.Monad’
    To import instances alone, use: import Control.Monad()
   |
43 | import Control.Monad
   | ^^^^^^^^^^^^^^^^^^^^

src/Pipes/Concurrent/Tutorial.hs:44:1: warning: [-Wunused-imports]
    The import of ‘Pipes’ is redundant
      except perhaps to import instances from ‘Pipes’
    To import instances alone, use: import Pipes()
   |
44 | import Pipes
   | ^^^^^^^^^^^^

src/Pipes/Concurrent/Tutorial.hs:45:1: warning: [-Wunused-imports]
    The import of ‘Pipes.Concurrent’ is redundant
      except perhaps to import instances from ‘Pipes.Concurrent’
    To import instances alone, use: import Pipes.Concurrent()
   |
45 | import Pipes.Concurrent
   | ^^^^^^^^^^^^^^^^^^^^^^^

src/Pipes/Concurrent/Tutorial.hs:46:1: warning: [-Wunused-imports]
    The qualified import of ‘Pipes.Prelude’ is redundant
      except perhaps to import instances from ‘Pipes.Prelude’
    To import instances alone, use: import Pipes.Prelude()
   |
46 | import qualified Pipes.Prelude as P
   | ^^^^^^^^^^^^^^^^^^^^^^^^^^^^^^^^^^^

src/Pipes/Concurrent/Tutorial.hs:47:1: warning: [-Wunused-imports]
    The import of ‘Data.Monoid’ is redundant
      except perhaps to import instances from ‘Data.Monoid’
    To import instances alone, use: import Data.Monoid()
   |
47 | import Data.Monoid
   | ^^^^^^^^^^^^^^^^^^
Configuring test suite 'tests' for pipes-concurrency-2.0.14...
Preprocessing test suite 'tests' for pipes-concurrency-2.0.14...
Building test suite 'tests' for pipes-concurrency-2.0.14...
[1 of 1] Compiling Main
[2 of 2] Linking /tmp/workdir-pipes-concurrency/pipes-concurrency-2.0.14/dist-newstyle/build/x86_64-linux/ghc-9.6.6/pipes-concurrency-2.0.14/t/tests/build/tests/tests
