Build profile: -w ghc-9.6.6 -O1
In order, the following will be built (use -v for more details):
 - trifecta-2.1.4 (lib) (first run)
 - trifecta-2.1.4 (test:quickcheck) (first run)
Configuring library for trifecta-2.1.4...
Preprocessing library for trifecta-2.1.4...
Building library for trifecta-2.1.4...
[ 1 of 13] Compiling Text.Trifecta.Util.Combinators
[ 2 of 13] Compiling Text.Trifecta.Util.IntervalMap
[ 3 of 13] Compiling Text.Trifecta.Util.Pretty
[ 4 of 13] Compiling Text.Trifecta.Delta
[ 5 of 13] Compiling Text.Trifecta.Rope
[ 6 of 13] Compiling Text.Trifecta.Util.It
[ 7 of 13] Compiling Text.Trifecta.Rendering
[ 8 of 13] Compiling Text.Trifecta.Result
[ 9 of 13] Compiling Text.Trifecta.Highlight
[10 of 13] Compiling Text.Trifecta.Combinators
[11 of 13] Compiling Text.Trifecta.Parser
[12 of 13] Compiling Text.Trifecta
[13 of 13] Compiling Text.Trifecta.Tutorial
Configuring test suite 'quickcheck' for trifecta-2.1.4...
Preprocessing test suite 'quickcheck' for trifecta-2.1.4...
Building test suite 'quickcheck' for trifecta-2.1.4...
[1 of 1] Compiling Main
[2 of 2] Linking /tmp/workdir-trifecta/trifecta-2.1.4/dist-newstyle/build/x86_64-linux/ghc-9.6.6/trifecta-2.1.4/t/quickcheck/build/quickcheck/quickcheck
