Build profile: -w ghc-9.6.6 -O1
In order, the following will be built (use -v for more details):
 - kazura-queue-0.1.0.4 (lib) (first run)
 - kazura-queue-0.1.0.4 (test:kazura-queue-test) (first run)
 - kazura-queue-0.1.0.4 (test:kazura-queue-doctest) (first run)
Configuring library for kazura-queue-0.1.0.4...
Preprocessing library for kazura-queue-0.1.0.4...
Building library for kazura-queue-0.1.0.4...
[1 of 3] Compiling Control.Concurrent.WVar
[2 of 3] Compiling Control.Concurrent.KazuraQueue
[3 of 3] Compiling Paths_kazura_queue
Configuring test suite 'kazura-queue-test' for kazura-queue-0.1.0.4...
Preprocessing test suite 'kazura-queue-test' for kazura-queue-0.1.0.4...
Building test suite 'kazura-queue-test' for kazura-queue-0.1.0.4...
[ 1 of 11] Compiling Paths_kazura_queue
[ 2 of 11] Compiling Test.Concurrent
[ 3 of 11] Compiling Test.Util
[ 4 of 11] Compiling Test.Expectations

test/Test/Expectations.hs:25:1: warning: [-Wunused-imports]
    The import of ‘Data.Monoid’ is redundant
      except perhaps to import instances from ‘Data.Monoid’
    To import instances alone, use: import Data.Monoid()
   |
25 | import           Data.Monoid   ((<>))
   | ^^^^^^^^^^^^^^^^^^^^^^^^^^^^^^^^^^^^^
[ 5 of 11] Compiling Test.KazuraQueue
[ 6 of 11] Compiling KazuraQueueSpec
[ 7 of 11] Compiling KazuraQueueConcurrentSpec

test/KazuraQueueConcurrentSpec.hs:25:1: warning: [-Wunused-imports]
    The import of ‘Data.Monoid’ is redundant
      except perhaps to import instances from ‘Data.Monoid’
    To import instances alone, use: import Data.Monoid()
   |
25 | import           Data.Monoid      ((<>))
   | ^^^^^^^^^^^^^^^^^^^^^^^^^^^^^^^^^^^^^^^^
[ 8 of 11] Compiling Test.WVar
[ 9 of 11] Compiling WVarConcurrentSpec
[10 of 11] Compiling WVarSpec
[11 of 11] Compiling Main
[12 of 12] Linking /tmp/workdir-kazura-queue/kazura-queue-0.1.0.4/dist-newstyle/build/x86_64-linux/ghc-9.6.6/kazura-queue-0.1.0.4/t/kazura-queue-test/build/kazura-queue-test/kazura-queue-test
Configuring test suite 'kazura-queue-doctest' for kazura-queue-0.1.0.4...
Preprocessing test suite 'kazura-queue-doctest' for kazura-queue-0.1.0.4...
Building test suite 'kazura-queue-doctest' for kazura-queue-0.1.0.4...
[1 of 2] Compiling Main
[2 of 2] Compiling Paths_kazura_queue
[3 of 3] Linking /tmp/workdir-kazura-queue/kazura-queue-0.1.0.4/dist-newstyle/build/x86_64-linux/ghc-9.6.6/kazura-queue-0.1.0.4/t/kazura-queue-doctest/build/kazura-queue-doctest/kazura-queue-doctest
