Build profile: -w ghc-9.6.6 -O1
In order, the following will be built (use -v for more details):
 - newtype-generics-0.6.2 (lib) (first run)
 - newtype-generics-0.6.2 (test:test) (first run)
Configuring library for newtype-generics-0.6.2...
Preprocessing library for newtype-generics-0.6.2...
Building library for newtype-generics-0.6.2...
[1 of 1] Compiling Control.Newtype.Generics

Control/Newtype/Generics.hs:113:53: warning: [GHC-58520] [-Wtype-equality-requires-operators]
    The use of ‘~’ without TypeOperators
    will become an error in a future GHC release.
    Suggested fix: Perhaps you intended to use TypeOperators
    |
113 |   default pack :: (Generic n, GNewtype (Rep n), O n ~ GO (Rep n)) => O n -> n
    |                                                     ^

Control/Newtype/Generics.hs:117:55: warning: [GHC-58520] [-Wtype-equality-requires-operators]
    The use of ‘~’ without TypeOperators
    will become an error in a future GHC release.
    Suggested fix: Perhaps you intended to use TypeOperators
    |
117 |   default unpack :: (Generic n, GNewtype (Rep n), O n ~ GO (Rep n)) => n -> O n
    |                                                       ^

Control/Newtype/Generics.hs:131:20: warning: [GHC-58520] [-Wtype-equality-requires-operators]
    The use of ‘~’ without TypeOperators
    will become an error in a future GHC release.
    Suggested fix: Perhaps you intended to use TypeOperators
    |
131 | op :: (Newtype n,o ~ O n ) => (o -> n) -> n -> o
    |                    ^

Control/Newtype/Generics.hs:150:35: warning: [GHC-58520] [-Wtype-equality-requires-operators]
    The use of ‘~’ without TypeOperators
    will become an error in a future GHC release.
    Suggested fix: Perhaps you intended to use TypeOperators
    |
150 | ala :: (Newtype n, Newtype n', o' ~ O n', o ~ O n)
    |                                   ^

Control/Newtype/Generics.hs:150:45: warning: [GHC-58520] [-Wtype-equality-requires-operators]
    The use of ‘~’ without TypeOperators
    will become an error in a future GHC release.
    Suggested fix: Perhaps you intended to use TypeOperators
    |
150 | ala :: (Newtype n, Newtype n', o' ~ O n', o ~ O n)
    |                                             ^

Control/Newtype/Generics.hs:167:36: warning: [GHC-58520] [-Wtype-equality-requires-operators]
    The use of ‘~’ without TypeOperators
    will become an error in a future GHC release.
    Suggested fix: Perhaps you intended to use TypeOperators
    |
167 | ala' :: (Newtype n, Newtype n', o' ~ O n', o ~ O n)
    |                                    ^

Control/Newtype/Generics.hs:167:46: warning: [GHC-58520] [-Wtype-equality-requires-operators]
    The use of ‘~’ without TypeOperators
    will become an error in a future GHC release.
    Suggested fix: Perhaps you intended to use TypeOperators
    |
167 | ala' :: (Newtype n, Newtype n', o' ~ O n', o ~ O n)
    |                                              ^

Control/Newtype/Generics.hs:175:37: warning: [GHC-58520] [-Wtype-equality-requires-operators]
    The use of ‘~’ without TypeOperators
    will become an error in a future GHC release.
    Suggested fix: Perhaps you intended to use TypeOperators
    |
175 | under :: (Newtype n, Newtype n', o' ~ O n', o ~ O n)
    |                                     ^

Control/Newtype/Generics.hs:175:47: warning: [GHC-58520] [-Wtype-equality-requires-operators]
    The use of ‘~’ without TypeOperators
    will become an error in a future GHC release.
    Suggested fix: Perhaps you intended to use TypeOperators
    |
175 | under :: (Newtype n, Newtype n', o' ~ O n', o ~ O n)
    |                                               ^

Control/Newtype/Generics.hs:184:37: warning: [GHC-58520] [-Wtype-equality-requires-operators]
    The use of ‘~’ without TypeOperators
    will become an error in a future GHC release.
    Suggested fix: Perhaps you intended to use TypeOperators
    |
184 | over :: (Newtype n,  Newtype n', o' ~ O n', o ~ O n)
    |                                     ^

Control/Newtype/Generics.hs:184:47: warning: [GHC-58520] [-Wtype-equality-requires-operators]
    The use of ‘~’ without TypeOperators
    will become an error in a future GHC release.
    Suggested fix: Perhaps you intended to use TypeOperators
    |
184 | over :: (Newtype n,  Newtype n', o' ~ O n', o ~ O n)
    |                                               ^

Control/Newtype/Generics.hs:194:38: warning: [GHC-58520] [-Wtype-equality-requires-operators]
    The use of ‘~’ without TypeOperators
    will become an error in a future GHC release.
    Suggested fix: Perhaps you intended to use TypeOperators
    |
194 | under2 :: (Newtype n, Newtype n', o' ~ O n', o ~ O n)
    |                                      ^

Control/Newtype/Generics.hs:194:48: warning: [GHC-58520] [-Wtype-equality-requires-operators]
    The use of ‘~’ without TypeOperators
    will become an error in a future GHC release.
    Suggested fix: Perhaps you intended to use TypeOperators
    |
194 | under2 :: (Newtype n, Newtype n', o' ~ O n', o ~ O n)
    |                                                ^

Control/Newtype/Generics.hs:201:37: warning: [GHC-58520] [-Wtype-equality-requires-operators]
    The use of ‘~’ without TypeOperators
    will become an error in a future GHC release.
    Suggested fix: Perhaps you intended to use TypeOperators
    |
201 | over2 :: (Newtype n, Newtype n', o' ~ O n', o ~ O n)
    |                                     ^

Control/Newtype/Generics.hs:201:47: warning: [GHC-58520] [-Wtype-equality-requires-operators]
    The use of ‘~’ without TypeOperators
    will become an error in a future GHC release.
    Suggested fix: Perhaps you intended to use TypeOperators
    |
201 | over2 :: (Newtype n, Newtype n', o' ~ O n', o ~ O n)
    |                                               ^

Control/Newtype/Generics.hs:206:38: warning: [GHC-58520] [-Wtype-equality-requires-operators]
    The use of ‘~’ without TypeOperators
    will become an error in a future GHC release.
    Suggested fix: Perhaps you intended to use TypeOperators
    |
206 | underF :: (Newtype n, Newtype n', o' ~ O n', o ~ O n, Functor f, Functor g)
    |                                      ^

Control/Newtype/Generics.hs:206:48: warning: [GHC-58520] [-Wtype-equality-requires-operators]
    The use of ‘~’ without TypeOperators
    will become an error in a future GHC release.
    Suggested fix: Perhaps you intended to use TypeOperators
    |
206 | underF :: (Newtype n, Newtype n', o' ~ O n', o ~ O n, Functor f, Functor g)
    |                                                ^

Control/Newtype/Generics.hs:211:37: warning: [GHC-58520] [-Wtype-equality-requires-operators]
    The use of ‘~’ without TypeOperators
    will become an error in a future GHC release.
    Suggested fix: Perhaps you intended to use TypeOperators
    |
211 | overF :: (Newtype n, Newtype n', o' ~ O n', o ~ O n, Functor f, Functor g)
    |                                     ^

Control/Newtype/Generics.hs:211:47: warning: [GHC-58520] [-Wtype-equality-requires-operators]
    The use of ‘~’ without TypeOperators
    will become an error in a future GHC release.
    Suggested fix: Perhaps you intended to use TypeOperators
    |
211 | overF :: (Newtype n, Newtype n', o' ~ O n', o ~ O n, Functor f, Functor g)
    |                                               ^
Configuring test suite 'test' for newtype-generics-0.6.2...
Preprocessing test suite 'test' for newtype-generics-0.6.2...
Building test suite 'test' for newtype-generics-0.6.2...
[1 of 2] Compiling Control.NewtypeSpec
[2 of 2] Compiling Main
[3 of 3] Linking /tmp/workdir-newtype-generics/newtype-generics-0.6.2/dist-newstyle/build/x86_64-linux/ghc-9.6.6/newtype-generics-0.6.2/t/test/build/test/test
