Build profile: -w ghc-9.6.6 -O1
In order, the following will be built (use -v for more details):
 - integer-types-0.1.4.0 (lib) (first run)
 - integer-types-0.1.4.0 (test:test-integer-types) (first run)
Configuring library for integer-types-0.1.4.0...
Preprocessing library for integer-types-0.1.4.0...
Building library for integer-types-0.1.4.0...
[ 1 of 14] Compiling Integer.BoundedBelow
[ 2 of 14] Compiling Integer.Positive.Unsafe
[ 3 of 14] Compiling Integer.Sign
[ 4 of 14] Compiling Integer.Signed
[ 5 of 14] Compiling Integer.Positive
[ 6 of 14] Compiling Integer.Natural
[ 7 of 14] Compiling Integer.Integer
[ 8 of 14] Compiling Integer.Increase
[ 9 of 14] Compiling Integer.Finite
[10 of 14] Compiling Integer.Conversion
[11 of 14] Compiling Integer.AbsoluteDifference
[12 of 14] Compiling Integer.StrictlyIncrease
[13 of 14] Compiling Integer.Subtraction
[14 of 14] Compiling Integer
Configuring test suite 'test-integer-types' for integer-types-0.1.4.0...
Preprocessing test suite 'test-integer-types' for integer-types-0.1.4.0...
Building test suite 'test-integer-types' for integer-types-0.1.4.0...
[ 1 of 15] Compiling Integer.Gen
[ 2 of 15] Compiling Spec.AbsoluteDifference
[ 3 of 15] Compiling Spec.AddOne
[ 4 of 15] Compiling Spec.Addition
[ 5 of 15] Compiling Spec.Conversion
[ 6 of 15] Compiling Spec.Deepseq
[ 7 of 15] Compiling Spec.Enum
[ 8 of 15] Compiling Spec.FiniteConversion
[ 9 of 15] Compiling Spec.Increase
[10 of 15] Compiling Spec.Length
[11 of 15] Compiling Spec.Multiplication
[12 of 15] Compiling Spec.SubtractOne
[13 of 15] Compiling Spec.Subtraction
[14 of 15] Compiling Spec.Yolo
[15 of 15] Compiling Main
[16 of 16] Linking /tmp/workdir-integer-types/integer-types-0.1.4.0/dist-newstyle/build/x86_64-linux/ghc-9.6.6/integer-types-0.1.4.0/t/test-integer-types/build/test-integer-types/test-integer-types
