Build profile: -w ghc-9.6.6 -O1
In order, the following will be built (use -v for more details):
 - cabal-clean-0.2.20230609 (exe:cabal-clean) (first run)
Configuring executable 'cabal-clean' for cabal-clean-0.2.20230609...
Preprocessing executable 'cabal-clean' for cabal-clean-0.2.20230609...
Building executable 'cabal-clean' for cabal-clean-0.2.20230609...
[1 of 9] Compiling License
[2 of 9] Compiling Paths_cabal_clean
[3 of 9] Compiling Util
[4 of 9] Compiling Types

src/Types.hs:42:7: warning: [GHC-62161] [-Wincomplete-uni-patterns]
    Pattern match(es) are non-exhaustive
    In a pattern binding:
        Patterns of type ‘([Char], [Char])’ not matched: (_, [])
   |
42 |   let (p, _:v) = splitAt n s
   |       ^^^^^^^^^^^^^^^^^^^^^^
[5 of 9] Compiling Options
[6 of 9] Compiling Structure
[7 of 9] Compiling DiscoverGHCs
[8 of 9] Compiling Version
[9 of 9] Compiling Main
[10 of 10] Linking /tmp/workdir-cabal-clean/cabal-clean-0.2.20230609/dist-newstyle/build/x86_64-linux/ghc-9.6.6/cabal-clean-0.2.20230609/x/cabal-clean/build/cabal-clean/cabal-clean
