Build profile: -w ghc-9.6.6 -O1
In order, the following will be built (use -v for more details):
 - amazonka-health-2.0 (lib) (first run)
 - amazonka-health-2.0 (test:amazonka-health-test) (first run)
Configuring library for amazonka-health-2.0...
Preprocessing library for amazonka-health-2.0...
Building library for amazonka-health-2.0...
[ 1 of 40] Compiling Amazonka.AWSHealth.Types.DateTimeRange
[ 2 of 40] Compiling Amazonka.AWSHealth.Types.EntityAggregate
[ 3 of 40] Compiling Amazonka.AWSHealth.Types.EntityStatusCode
[ 4 of 40] Compiling Amazonka.AWSHealth.Types.EntityFilter
[ 5 of 40] Compiling Amazonka.AWSHealth.Types.AffectedEntity
[ 6 of 40] Compiling Amazonka.AWSHealth.Types.EventAccountFilter
[ 7 of 40] Compiling Amazonka.AWSHealth.Types.EventAggregate
[ 8 of 40] Compiling Amazonka.AWSHealth.Types.EventAggregateField
[ 9 of 40] Compiling Amazonka.AWSHealth.Types.EventDescription
[10 of 40] Compiling Amazonka.AWSHealth.Types.EventDetailsErrorItem
[11 of 40] Compiling Amazonka.AWSHealth.Types.EventScopeCode
[12 of 40] Compiling Amazonka.AWSHealth.Types.EventStatusCode
[13 of 40] Compiling Amazonka.AWSHealth.Types.EventTypeCategory
[14 of 40] Compiling Amazonka.AWSHealth.Types.EventType
[15 of 40] Compiling Amazonka.AWSHealth.Types.EventFilter
[16 of 40] Compiling Amazonka.AWSHealth.Types.Event
[17 of 40] Compiling Amazonka.AWSHealth.Types.EventDetails
[18 of 40] Compiling Amazonka.AWSHealth.Types.EventTypeFilter
[19 of 40] Compiling Amazonka.AWSHealth.Types.OrganizationAffectedEntitiesErrorItem
[20 of 40] Compiling Amazonka.AWSHealth.Types.OrganizationEvent
[21 of 40] Compiling Amazonka.AWSHealth.Types.OrganizationEventDetails
[22 of 40] Compiling Amazonka.AWSHealth.Types.OrganizationEventDetailsErrorItem
[23 of 40] Compiling Amazonka.AWSHealth.Types.OrganizationEventFilter
[24 of 40] Compiling Amazonka.AWSHealth.Types
[25 of 40] Compiling Amazonka.AWSHealth.EnableHealthServiceAccessForOrganization
[26 of 40] Compiling Amazonka.AWSHealth.DisableHealthServiceAccessForOrganization
[27 of 40] Compiling Amazonka.AWSHealth.DescribeHealthServiceStatusForOrganization
[28 of 40] Compiling Amazonka.AWSHealth.DescribeEventsForOrganization

gen/Amazonka/AWSHealth/DescribeEventsForOrganization.hs:153:158: warning: [GHC-02256] [-Wambiguous-fields]
    The record update s {nextToken = a} with type DescribeEventsForOrganization is ambiguous.
    This will not be supported by -XDuplicateRecordFields in future releases of GHC.
    |
153 | describeEventsForOrganization_nextToken = Lens.lens (\DescribeEventsForOrganization' {nextToken} -> nextToken) (\s@DescribeEventsForOrganization' {} a -> s {nextToken = a} :: DescribeEventsForOrganization)
    |                                                                                                                                                              ^^^^^^^^^^^^^

gen/Amazonka/AWSHealth/DescribeEventsForOrganization.hs:299:182: warning: [GHC-02256] [-Wambiguous-fields]
    The record update s {nextToken = a} with type DescribeEventsForOrganizationResponse is ambiguous.
    This will not be supported by -XDuplicateRecordFields in future releases of GHC.
    |
299 | describeEventsForOrganizationResponse_nextToken = Lens.lens (\DescribeEventsForOrganizationResponse' {nextToken} -> nextToken) (\s@DescribeEventsForOrganizationResponse' {} a -> s {nextToken = a} :: DescribeEventsForOrganizationResponse)
    |                                                                                                                                                                                      ^^^^^^^^^^^^^
[29 of 40] Compiling Amazonka.AWSHealth.DescribeEvents

gen/Amazonka/AWSHealth/DescribeEvents.hs:149:113: warning: [GHC-02256] [-Wambiguous-fields]
    The record update s {nextToken = a} with type DescribeEvents is ambiguous.
    This will not be supported by -XDuplicateRecordFields in future releases of GHC.
    |
149 | describeEvents_nextToken = Lens.lens (\DescribeEvents' {nextToken} -> nextToken) (\s@DescribeEvents' {} a -> s {nextToken = a} :: DescribeEvents)
    |                                                                                                                 ^^^^^^^^^^^^^

gen/Amazonka/AWSHealth/DescribeEvents.hs:288:137: warning: [GHC-02256] [-Wambiguous-fields]
    The record update s {nextToken = a} with type DescribeEventsResponse is ambiguous.
    This will not be supported by -XDuplicateRecordFields in future releases of GHC.
    |
288 | describeEventsResponse_nextToken = Lens.lens (\DescribeEventsResponse' {nextToken} -> nextToken) (\s@DescribeEventsResponse' {} a -> s {nextToken = a} :: DescribeEventsResponse)
    |                                                                                                                                         ^^^^^^^^^^^^^
[30 of 40] Compiling Amazonka.AWSHealth.DescribeEventTypes

gen/Amazonka/AWSHealth/DescribeEventTypes.hs:137:125: warning: [GHC-02256] [-Wambiguous-fields]
    The record update s {nextToken = a} with type DescribeEventTypes is ambiguous.
    This will not be supported by -XDuplicateRecordFields in future releases of GHC.
    |
137 | describeEventTypes_nextToken = Lens.lens (\DescribeEventTypes' {nextToken} -> nextToken) (\s@DescribeEventTypes' {} a -> s {nextToken = a} :: DescribeEventTypes)
    |                                                                                                                             ^^^^^^^^^^^^^

gen/Amazonka/AWSHealth/DescribeEventTypes.hs:289:149: warning: [GHC-02256] [-Wambiguous-fields]
    The record update s {nextToken = a} with type DescribeEventTypesResponse is ambiguous.
    This will not be supported by -XDuplicateRecordFields in future releases of GHC.
    |
289 | describeEventTypesResponse_nextToken = Lens.lens (\DescribeEventTypesResponse' {nextToken} -> nextToken) (\s@DescribeEventTypesResponse' {} a -> s {nextToken = a} :: DescribeEventTypesResponse)
    |                                                                                                                                                     ^^^^^^^^^^^^^
[31 of 40] Compiling Amazonka.AWSHealth.DescribeEventDetailsForOrganization
[32 of 40] Compiling Amazonka.AWSHealth.DescribeEventDetails

gen/Amazonka/AWSHealth/DescribeEventDetails.hs:111:131: warning: [GHC-02256] [-Wambiguous-fields]
    The record update s {eventArns = a} with type DescribeEventDetails is ambiguous.
    This will not be supported by -XDuplicateRecordFields in future releases of GHC.
    |
111 | describeEventDetails_eventArns = Lens.lens (\DescribeEventDetails' {eventArns} -> eventArns) (\s@DescribeEventDetails' {} a -> s {eventArns = a} :: DescribeEventDetails) Prelude.. Lens.coerced
    |                                                                                                                                   ^^^^^^^^^^^^^
[33 of 40] Compiling Amazonka.AWSHealth.DescribeEventAggregates

gen/Amazonka/AWSHealth/DescribeEventAggregates.hs:126:140: warning: [GHC-02256] [-Wambiguous-fields]
    The record update s {nextToken = a} with type DescribeEventAggregates is ambiguous.
    This will not be supported by -XDuplicateRecordFields in future releases of GHC.
    |
126 | describeEventAggregates_nextToken = Lens.lens (\DescribeEventAggregates' {nextToken} -> nextToken) (\s@DescribeEventAggregates' {} a -> s {nextToken = a} :: DescribeEventAggregates)
    |                                                                                                                                            ^^^^^^^^^^^^^

gen/Amazonka/AWSHealth/DescribeEventAggregates.hs:277:164: warning: [GHC-02256] [-Wambiguous-fields]
    The record update s {nextToken = a} with type DescribeEventAggregatesResponse is ambiguous.
    This will not be supported by -XDuplicateRecordFields in future releases of GHC.
    |
277 | describeEventAggregatesResponse_nextToken = Lens.lens (\DescribeEventAggregatesResponse' {nextToken} -> nextToken) (\s@DescribeEventAggregatesResponse' {} a -> s {nextToken = a} :: DescribeEventAggregatesResponse)
    |                                                                                                                                                                    ^^^^^^^^^^^^^
[34 of 40] Compiling Amazonka.AWSHealth.DescribeEntityAggregates

gen/Amazonka/AWSHealth/DescribeEntityAggregates.hs:80:143: warning: [GHC-02256] [-Wambiguous-fields]
    The record update s {eventArns = a} with type DescribeEntityAggregates is ambiguous.
    This will not be supported by -XDuplicateRecordFields in future releases of GHC.
   |
80 | describeEntityAggregates_eventArns = Lens.lens (\DescribeEntityAggregates' {eventArns} -> eventArns) (\s@DescribeEntityAggregates' {} a -> s {eventArns = a} :: DescribeEntityAggregates) Prelude.. Lens.mapping Lens.coerced
   |                                                                                                                                               ^^^^^^^^^^^^^
[35 of 40] Compiling Amazonka.AWSHealth.DescribeAffectedEntitiesForOrganization

gen/Amazonka/AWSHealth/DescribeAffectedEntitiesForOrganization.hs:150:188: warning: [GHC-02256] [-Wambiguous-fields]
    The record update s {nextToken = a} with type DescribeAffectedEntitiesForOrganization is ambiguous.
    This will not be supported by -XDuplicateRecordFields in future releases of GHC.
    |
150 | describeAffectedEntitiesForOrganization_nextToken = Lens.lens (\DescribeAffectedEntitiesForOrganization' {nextToken} -> nextToken) (\s@DescribeAffectedEntitiesForOrganization' {} a -> s {nextToken = a} :: DescribeAffectedEntitiesForOrganization)
    |                                                                                                                                                                                            ^^^^^^^^^^^^^

gen/Amazonka/AWSHealth/DescribeAffectedEntitiesForOrganization.hs:343:212: warning: [GHC-02256] [-Wambiguous-fields]
    The record update s {nextToken = a} with type DescribeAffectedEntitiesForOrganizationResponse is ambiguous.
    This will not be supported by -XDuplicateRecordFields in future releases of GHC.
    |
343 | describeAffectedEntitiesForOrganizationResponse_nextToken = Lens.lens (\DescribeAffectedEntitiesForOrganizationResponse' {nextToken} -> nextToken) (\s@DescribeAffectedEntitiesForOrganizationResponse' {} a -> s {nextToken = a} :: DescribeAffectedEntitiesForOrganizationResponse)
    |                                                                                                                                                                                                                    ^^^^^^^^^^^^^
[36 of 40] Compiling Amazonka.AWSHealth.DescribeAffectedEntities

gen/Amazonka/AWSHealth/DescribeAffectedEntities.hs:143:143: warning: [GHC-02256] [-Wambiguous-fields]
    The record update s {nextToken = a} with type DescribeAffectedEntities is ambiguous.
    This will not be supported by -XDuplicateRecordFields in future releases of GHC.
    |
143 | describeAffectedEntities_nextToken = Lens.lens (\DescribeAffectedEntities' {nextToken} -> nextToken) (\s@DescribeAffectedEntities' {} a -> s {nextToken = a} :: DescribeAffectedEntities)
    |                                                                                                                                               ^^^^^^^^^^^^^

gen/Amazonka/AWSHealth/DescribeAffectedEntities.hs:288:167: warning: [GHC-02256] [-Wambiguous-fields]
    The record update s {nextToken = a} with type DescribeAffectedEntitiesResponse is ambiguous.
    This will not be supported by -XDuplicateRecordFields in future releases of GHC.
    |
288 | describeAffectedEntitiesResponse_nextToken = Lens.lens (\DescribeAffectedEntitiesResponse' {nextToken} -> nextToken) (\s@DescribeAffectedEntitiesResponse' {} a -> s {nextToken = a} :: DescribeAffectedEntitiesResponse)
    |                                                                                                                                                                       ^^^^^^^^^^^^^
[37 of 40] Compiling Amazonka.AWSHealth.DescribeAffectedAccountsForOrganization

gen/Amazonka/AWSHealth/DescribeAffectedAccountsForOrganization.hs:136:188: warning: [GHC-02256] [-Wambiguous-fields]
    The record update s {nextToken = a} with type DescribeAffectedAccountsForOrganization is ambiguous.
    This will not be supported by -XDuplicateRecordFields in future releases of GHC.
    |
136 | describeAffectedAccountsForOrganization_nextToken = Lens.lens (\DescribeAffectedAccountsForOrganization' {nextToken} -> nextToken) (\s@DescribeAffectedAccountsForOrganization' {} a -> s {nextToken = a} :: DescribeAffectedAccountsForOrganization)
    |                                                                                                                                                                                            ^^^^^^^^^^^^^

gen/Amazonka/AWSHealth/DescribeAffectedAccountsForOrganization.hs:146:185: warning: [GHC-02256] [-Wambiguous-fields]
    The record update s {eventArn = a} with type DescribeAffectedAccountsForOrganization is ambiguous.
    This will not be supported by -XDuplicateRecordFields in future releases of GHC.
    |
146 | describeAffectedAccountsForOrganization_eventArn = Lens.lens (\DescribeAffectedAccountsForOrganization' {eventArn} -> eventArn) (\s@DescribeAffectedAccountsForOrganization' {} a -> s {eventArn = a} :: DescribeAffectedAccountsForOrganization)
    |                                                                                                                                                                                         ^^^^^^^^^^^^

gen/Amazonka/AWSHealth/DescribeAffectedAccountsForOrganization.hs:360:227: warning: [GHC-02256] [-Wambiguous-fields]
    The record update s {eventScopeCode = a} with type DescribeAffectedAccountsForOrganizationResponse is ambiguous.
    This will not be supported by -XDuplicateRecordFields in future releases of GHC.
    |
360 | describeAffectedAccountsForOrganizationResponse_eventScopeCode = Lens.lens (\DescribeAffectedAccountsForOrganizationResponse' {eventScopeCode} -> eventScopeCode) (\s@DescribeAffectedAccountsForOrganizationResponse' {} a -> s {eventScopeCode = a} :: DescribeAffectedAccountsForOrganizationResponse)
    |                                                                                                                                                                                                                                   ^^^^^^^^^^^^^^^^^^

gen/Amazonka/AWSHealth/DescribeAffectedAccountsForOrganization.hs:368:212: warning: [GHC-02256] [-Wambiguous-fields]
    The record update s {nextToken = a} with type DescribeAffectedAccountsForOrganizationResponse is ambiguous.
    This will not be supported by -XDuplicateRecordFields in future releases of GHC.
    |
368 | describeAffectedAccountsForOrganizationResponse_nextToken = Lens.lens (\DescribeAffectedAccountsForOrganizationResponse' {nextToken} -> nextToken) (\s@DescribeAffectedAccountsForOrganizationResponse' {} a -> s {nextToken = a} :: DescribeAffectedAccountsForOrganizationResponse)
    |                                                                                                                                                                                                                    ^^^^^^^^^^^^^
[38 of 40] Compiling Amazonka.AWSHealth.Lens
[39 of 40] Compiling Amazonka.AWSHealth.Waiters
[40 of 40] Compiling Amazonka.AWSHealth
Configuring test suite 'amazonka-health-test' for amazonka-health-2.0...
Preprocessing test suite 'amazonka-health-test' for amazonka-health-2.0...
Building test suite 'amazonka-health-test' for amazonka-health-2.0...
[1 of 4] Compiling Test.Amazonka.AWSHealth
[2 of 4] Compiling Test.Amazonka.AWSHealth.Internal
[3 of 4] Compiling Main
[4 of 4] Compiling Test.Amazonka.Gen.AWSHealth
[5 of 5] Linking /tmp/workdir-amazonka-health/amazonka-health-2.0/dist-newstyle/build/x86_64-linux/ghc-9.6.6/amazonka-health-2.0/t/amazonka-health-test/build/amazonka-health-test/amazonka-health-test
