Build profile: -w ghc-9.6.6 -O1
In order, the following will be built (use -v for more details):
 - generic-data-1.1.0.0 (lib) (first run)
 - generic-data-1.1.0.0 (test:unit-test) (first run)
 - generic-data-1.1.0.0 (test:record-test) (first run)
 - generic-data-1.1.0.0 (test:one-liner-surgery-test) (first run)
 - generic-data-1.1.0.0 (test:microsurgery-test) (first run)
 - generic-data-1.1.0.0 (test:lens-surgery-test) (first run)
 - generic-data-1.1.0.0 (test:example-test) (first run)
Configuring library for generic-data-1.1.0.0...
Preprocessing library for generic-data-1.1.0.0...
Building library for generic-data-1.1.0.0...
[ 1 of 19] Compiling Generic.Data.Internal.Compat
[ 2 of 19] Compiling Generic.Data.Internal.Enum
[ 3 of 19] Compiling Generic.Data.Internal.Error
[ 4 of 19] Compiling Generic.Data.Internal.Functions
[ 5 of 19] Compiling Generic.Data.Internal.Meta
[ 6 of 19] Compiling Generic.Data.Internal.Newtype
[ 7 of 19] Compiling Generic.Data.Internal.Resolvers

src/Generic/Data/Internal/Resolvers.hs:20:1: warning: [-Wunused-imports]
    The import of ‘Generic.Data.Internal.Compat’ is redundant
      except perhaps to import instances from ‘Generic.Data.Internal.Compat’
    To import instances alone, use: import Generic.Data.Internal.Compat()
   |
20 | import Generic.Data.Internal.Compat(readPrec1)
   | ^^^^^^^^^^^^^^^^^^^^^^^^^^^^^^^^^^^^^^^^^^^^^^
[ 8 of 19] Compiling Generic.Data.Internal.Traversable

src/Generic/Data/Internal/Traversable.hs:34:1: warning: [-Wunused-imports]
    The import of ‘Control.Applicative’ is redundant
      except perhaps to import instances from ‘Control.Applicative’
    To import instances alone, use: import Control.Applicative()
   |
34 | import Control.Applicative (liftA2)
   | ^^^^^^^^^^^^^^^^^^^^^^^^^^^^^^^^^^^
[ 9 of 19] Compiling Generic.Data.Internal.Utils
[10 of 19] Compiling Generic.Data.Internal.Show
[11 of 19] Compiling Generic.Data.Internal.Data

src/Generic/Data/Internal/Data.hs:26:1: warning: [-Wunused-imports]
    The import of ‘Data.Semigroup’ is redundant
      except perhaps to import instances from ‘Data.Semigroup’
    To import instances alone, use: import Data.Semigroup()
   |
26 | import Data.Semigroup
   | ^^^^^^^^^^^^^^^^^^^^^
[12 of 19] Compiling Generic.Data.Internal.Read
[13 of 19] Compiling Generic.Data.Internal.Prelude

src/Generic/Data/Internal/Prelude.hs:15:29: warning: [-Wunused-imports]
    The import of ‘liftA2’
    from module ‘Control.Applicative’ is redundant
   |
15 | import Control.Applicative (liftA2, Alternative(..))
   |                             ^^^^^^

src/Generic/Data/Internal/Prelude.hs:18:1: warning: [-Wunused-imports]
    The import of ‘Data.Semigroup’ is redundant
      except perhaps to import instances from ‘Data.Semigroup’
    To import instances alone, use: import Data.Semigroup()
   |
18 | import Data.Semigroup
   | ^^^^^^^^^^^^^^^^^^^^^
[14 of 19] Compiling Generic.Data.Internal.Generically
[15 of 19] Compiling Generic.Data
[16 of 19] Compiling Generic.Data.Orphans

orphans/Generic/Data/Orphans.hs:14:1: warning: [-Wunused-imports]
    The import of ‘Data.Semigroup’ is redundant
      except perhaps to import instances from ‘Data.Semigroup’
    To import instances alone, use: import Data.Semigroup()
   |
14 | import Data.Semigroup
   | ^^^^^^^^^^^^^^^^^^^^^
[17 of 19] Compiling Generic.Data.Types
[18 of 19] Compiling Generic.Data.Internal.Microsurgery

src/Generic/Data/Internal/Microsurgery.hs:31:43: warning: [-Wunused-imports]
    The import of ‘Generically’
    from module ‘Generic.Data.Internal.Generically’ is redundant
   |
31 | import Generic.Data.Internal.Generically (Generically(..), GenericProduct(..))
   |                                           ^^^^^^^^^^^^^^^
[19 of 19] Compiling Generic.Data.Microsurgery
Configuring test suite 'unit-test' for generic-data-1.1.0.0...
Preprocessing test suite 'unit-test' for generic-data-1.1.0.0...
Building test suite 'unit-test' for generic-data-1.1.0.0...
[1 of 1] Compiling Main

test/unit.hs:10:1: warning: [-Wunused-imports]
    The import of ‘Data.Monoid’ is redundant
      except perhaps to import instances from ‘Data.Monoid’
    To import instances alone, use: import Data.Monoid()
   |
10 | import Data.Monoid (Sum(..))
   | ^^^^^^^^^^^^^^^^^^^^^^^^^^^^
[2 of 2] Linking /tmp/workdir-generic-data/generic-data-1.1.0.0/dist-newstyle/build/x86_64-linux/ghc-9.6.6/generic-data-1.1.0.0/t/unit-test/build/unit-test/unit-test
Configuring test suite 'record-test' for generic-data-1.1.0.0...
Preprocessing test suite 'record-test' for generic-data-1.1.0.0...
Building test suite 'record-test' for generic-data-1.1.0.0...
[1 of 1] Compiling Main

test/record.hs:12:1: warning: [-Wunused-imports]
    The import of ‘Data.Semigroup’ is redundant
      except perhaps to import instances from ‘Data.Semigroup’
    To import instances alone, use: import Data.Semigroup()
   |
12 | import Data.Semigroup
   | ^^^^^^^^^^^^^^^^^^^^^
[2 of 2] Linking /tmp/workdir-generic-data/generic-data-1.1.0.0/dist-newstyle/build/x86_64-linux/ghc-9.6.6/generic-data-1.1.0.0/t/record-test/build/record-test/record-test
Configuring test suite 'one-liner-surgery-test' for generic-data-1.1.0.0...
Preprocessing test suite 'one-liner-surgery-test' for generic-data-1.1.0.0...
Building test suite 'one-liner-surgery-test' for generic-data-1.1.0.0...
[1 of 1] Compiling Main
[2 of 2] Linking /tmp/workdir-generic-data/generic-data-1.1.0.0/dist-newstyle/build/x86_64-linux/ghc-9.6.6/generic-data-1.1.0.0/t/one-liner-surgery-test/build/one-liner-surgery-test/one-liner-surgery-test
Configuring test suite 'microsurgery-test' for generic-data-1.1.0.0...
Preprocessing test suite 'microsurgery-test' for generic-data-1.1.0.0...
Building test suite 'microsurgery-test' for generic-data-1.1.0.0...
[1 of 1] Compiling Main
[2 of 2] Linking /tmp/workdir-generic-data/generic-data-1.1.0.0/dist-newstyle/build/x86_64-linux/ghc-9.6.6/generic-data-1.1.0.0/t/microsurgery-test/build/microsurgery-test/microsurgery-test
Configuring test suite 'lens-surgery-test' for generic-data-1.1.0.0...
Preprocessing test suite 'lens-surgery-test' for generic-data-1.1.0.0...
Building test suite 'lens-surgery-test' for generic-data-1.1.0.0...
[1 of 1] Compiling Main
[2 of 2] Linking /tmp/workdir-generic-data/generic-data-1.1.0.0/dist-newstyle/build/x86_64-linux/ghc-9.6.6/generic-data-1.1.0.0/t/lens-surgery-test/build/lens-surgery-test/lens-surgery-test
Configuring test suite 'example-test' for generic-data-1.1.0.0...
Preprocessing test suite 'example-test' for generic-data-1.1.0.0...
Building test suite 'example-test' for generic-data-1.1.0.0...
[1 of 1] Compiling Main

test/example.hs:10:1: warning: [-Wunused-imports]
    The import of ‘Data.Semigroup’ is redundant
      except perhaps to import instances from ‘Data.Semigroup’
    To import instances alone, use: import Data.Semigroup()
   |
10 | import Data.Semigroup (Semigroup(..))
   | ^^^^^^^^^^^^^^^^^^^^^^^^^^^^^^^^^^^^^
[2 of 2] Linking /tmp/workdir-generic-data/generic-data-1.1.0.0/dist-newstyle/build/x86_64-linux/ghc-9.6.6/generic-data-1.1.0.0/t/example-test/build/example-test/example-test
