Build profile: -w ghc-9.6.6 -O1
In order, the following will be built (use -v for more details):
 - hasql-1.6.4.4 (lib) (first run)
 - hasql-1.6.4.4 (test:threads-test) (first run)
 - hasql-1.6.4.4 (lib:testing-utils) (first run)
 - hasql-1.6.4.4 (test:profiling) (first run)
 - hasql-1.6.4.4 (test:tasty) (first run)
Configuring library for hasql-1.6.4.4...
Preprocessing library for hasql-1.6.4.4...
Building library for hasql-1.6.4.4...
[ 1 of 25] Compiling Hasql.Prelude
[ 2 of 25] Compiling Hasql.PostgresTypeInfo
[ 3 of 25] Compiling Hasql.Errors
[ 4 of 25] Compiling Hasql.Encoders.Value
[ 5 of 25] Compiling Hasql.Encoders.Params
[ 6 of 25] Compiling Hasql.Encoders.Array
[ 7 of 25] Compiling Hasql.Encoders.All
[ 8 of 25] Compiling Hasql.Encoders
[ 9 of 25] Compiling Hasql.Decoders.Value
[10 of 25] Compiling Hasql.Decoders.Row
[11 of 25] Compiling Hasql.Decoders.Result
[12 of 25] Compiling Hasql.Decoders.Results
[13 of 25] Compiling Hasql.Decoders.Composite
[14 of 25] Compiling Hasql.Decoders.Array
[15 of 25] Compiling Hasql.Decoders.All
[16 of 25] Compiling Hasql.Decoders
[17 of 25] Compiling Hasql.Commands
[18 of 25] Compiling Hasql.PreparedStatementRegistry
[19 of 25] Compiling Hasql.IO
[20 of 25] Compiling Hasql.Settings
[21 of 25] Compiling Hasql.Connection.Core
[22 of 25] Compiling Hasql.Connection
[23 of 25] Compiling Hasql.Statement
[24 of 25] Compiling Hasql.Session.Core
[25 of 25] Compiling Hasql.Session
Configuring test suite 'threads-test' for hasql-1.6.4.4...
Preprocessing test suite 'threads-test' for hasql-1.6.4.4...
Building test suite 'threads-test' for hasql-1.6.4.4...
[1 of 2] Compiling Main.Statements
[2 of 2] Compiling Main
[3 of 3] Linking /tmp/workdir-hasql/hasql-1.6.4.4/dist-newstyle/build/x86_64-linux/ghc-9.6.6/hasql-1.6.4.4/t/threads-test/build/threads-test/threads-test
Configuring library 'testing-utils' for hasql-1.6.4.4...
Preprocessing library 'testing-utils' for hasql-1.6.4.4...
Building library 'testing-utils' for hasql-1.6.4.4...
[1 of 2] Compiling Hasql.TestingUtils.Constants
[2 of 2] Compiling Hasql.TestingUtils.TestingDsl
Configuring test suite 'profiling' for hasql-1.6.4.4...
Preprocessing test suite 'profiling' for hasql-1.6.4.4...
Building test suite 'profiling' for hasql-1.6.4.4...
[1 of 1] Compiling Main
[2 of 2] Linking /tmp/workdir-hasql/hasql-1.6.4.4/dist-newstyle/build/x86_64-linux/ghc-9.6.6/hasql-1.6.4.4/t/profiling/build/profiling/profiling
Configuring test suite 'tasty' for hasql-1.6.4.4...
Preprocessing test suite 'tasty' for hasql-1.6.4.4...
Building test suite 'tasty' for hasql-1.6.4.4...
[1 of 4] Compiling Main.Prelude
[2 of 4] Compiling Main.Connection
[3 of 4] Compiling Main.Statements
[4 of 4] Compiling Main
[5 of 5] Linking /tmp/workdir-hasql/hasql-1.6.4.4/dist-newstyle/build/x86_64-linux/ghc-9.6.6/hasql-1.6.4.4/t/tasty/build/tasty/tasty
