Build profile: -w ghc-9.6.6 -O1
In order, the following will be built (use -v for more details):
 - tce-conf-1.3 (lib) (first run)
 - tce-conf-1.3 (test:test-hsmisc) (first run)
 - tce-conf-1.3 (exe:ReadConf-example) (first run)
 - tce-conf-1.3 (exe:KVConf-example) (first run)
Configuring library for tce-conf-1.3...
Preprocessing library for tce-conf-1.3...
Building library for tce-conf-1.3...
[1 of 2] Compiling TCE.Data.KVConf
[2 of 2] Compiling TCE.Data.ReadConf
Configuring test suite 'test-hsmisc' for tce-conf-1.3...
Preprocessing test suite 'test-hsmisc' for tce-conf-1.3...
Building test suite 'test-hsmisc' for tce-conf-1.3...
[1 of 5] Compiling TCE.Data.KVConf
[2 of 5] Compiling KVConf
[3 of 5] Compiling TCE.Data.ReadConf
[4 of 5] Compiling ReadConf
[5 of 5] Compiling Main
[6 of 6] Linking /tmp/workdir-tce-conf/tce-conf-1.3/dist-newstyle/build/x86_64-linux/ghc-9.6.6/tce-conf-1.3/t/test-hsmisc/build/test-hsmisc/test-hsmisc
Configuring executable 'ReadConf-example' for tce-conf-1.3...
Preprocessing executable 'ReadConf-example' for tce-conf-1.3...
Building executable 'ReadConf-example' for tce-conf-1.3...
[1 of 1] Compiling Main
[2 of 2] Linking /tmp/workdir-tce-conf/tce-conf-1.3/dist-newstyle/build/x86_64-linux/ghc-9.6.6/tce-conf-1.3/x/ReadConf-example/build/ReadConf-example/ReadConf-example
Configuring executable 'KVConf-example' for tce-conf-1.3...
Preprocessing executable 'KVConf-example' for tce-conf-1.3...
Building executable 'KVConf-example' for tce-conf-1.3...
[1 of 1] Compiling Main
[2 of 2] Linking /tmp/workdir-tce-conf/tce-conf-1.3/dist-newstyle/build/x86_64-linux/ghc-9.6.6/tce-conf-1.3/x/KVConf-example/build/KVConf-example/KVConf-example
