Build profile: -w ghc-9.6.6 -O1
In order, the following will be built (use -v for more details):
 - language-c99-util-0.2.0 (lib) (first run)
Configuring library for language-c99-util-0.2.0...
Preprocessing library for language-c99-util-0.2.0...
Building library for language-c99-util-0.2.0...
[1 of 4] Compiling Language.C99.Util.IsList

src/Language/C99/Util/IsList.hs:25:10: warning: [GHC-06201] [-Wmissing-methods]
    • No explicit implementation for
        ‘toList’
    • In the instance declaration for ‘IsList ArgExprList’
   |
25 | instance IsList ArgExprList where
   |          ^^^^^^^^^^^^^^^^^^

src/Language/C99/Util/IsList.hs:30:10: warning: [GHC-06201] [-Wmissing-methods]
    • No explicit implementation for
        ‘toList’
    • In the instance declaration for ‘IsList InitList’
   |
30 | instance IsList InitList where
   |          ^^^^^^^^^^^^^^^

src/Language/C99/Util/IsList.hs:37:10: warning: [GHC-06201] [-Wmissing-methods]
    • No explicit implementation for
        ‘toList’
    • In the instance declaration for ‘IsList BlockItemList’
   |
37 | instance IsList BlockItemList where
   |          ^^^^^^^^^^^^^^^^^^^^

src/Language/C99/Util/IsList.hs:42:10: warning: [GHC-06201] [-Wmissing-methods]
    • No explicit implementation for
        ‘toList’
    • In the instance declaration for ‘IsList TransUnit’
   |
42 | instance IsList TransUnit where
   |          ^^^^^^^^^^^^^^^^

src/Language/C99/Util/IsList.hs:47:10: warning: [GHC-06201] [-Wmissing-methods]
    • No explicit implementation for
        ‘toList’
    • In the instance declaration for ‘IsList DeclnList’
   |
47 | instance IsList DeclnList where
   |          ^^^^^^^^^^^^^^^^
[2 of 4] Compiling Language.C99.Util.Wrap
[3 of 4] Compiling Language.C99.Util.Expr
[4 of 4] Compiling Language.C99.Util
