Build profile: -w ghc-9.6.6 -O1
In order, the following will be built (use -v for more details):
 - time-compat-1.9.6.1 (lib) (first run)
 - time-compat-1.9.6.1 (test:main) (first run)
 - time-compat-1.9.6.1 (test:instances) (first run)
Configuring library for time-compat-1.9.6.1...
Preprocessing library for time-compat-1.9.6.1...
Building library for time-compat-1.9.6.1...
[ 1 of 20] Compiling Data.Format
[ 2 of 20] Compiling Data.Time.Calendar.Month.Compat
[ 3 of 20] Compiling Data.Time.Calendar.Quarter.Compat
[ 4 of 20] Compiling Data.Time.Calendar.Types
[ 5 of 20] Compiling Data.Time.Orphans
[ 6 of 20] Compiling Data.Time.Format.ISO8601.Compat
[ 7 of 20] Compiling Data.Time.Format.Compat
[ 8 of 20] Compiling Data.Time.Clock.System.Compat
[ 9 of 20] Compiling Data.Time.Clock.POSIX.Compat
[10 of 20] Compiling Data.Time.Clock.Compat
[11 of 20] Compiling Data.Time.Calendar.WeekDate.Compat
[12 of 20] Compiling Data.Time.Calendar.Private
[13 of 20] Compiling Data.Time.Calendar.OrdinalDate.Compat
[14 of 20] Compiling Data.Time.Calendar.MonthDay.Compat
[15 of 20] Compiling Data.Time.Calendar.Easter.Compat
[16 of 20] Compiling Data.Time.Calendar.Compat
[17 of 20] Compiling Data.Time.LocalTime.Compat
[18 of 20] Compiling Data.Time.Compat
[19 of 20] Compiling Data.Time.Clock.TAI.Compat
[20 of 20] Compiling Data.Time.Calendar.Julian.Compat
Configuring test suite 'main' for time-compat-1.9.6.1...
Preprocessing test suite 'main' for time-compat-1.9.6.1...
Building test suite 'main' for time-compat-1.9.6.1...
[ 1 of 32] Compiling Test.Arbitrary
[ 2 of 32] Compiling Test.Calendar.AddDaysRef
[ 3 of 32] Compiling Test.Calendar.AddDays
[ 4 of 32] Compiling Test.Calendar.CalendarsRef
[ 5 of 32] Compiling Test.Calendar.Calendars
[ 6 of 32] Compiling Test.Calendar.ClipDatesRef
[ 7 of 32] Compiling Test.Calendar.ClipDates
[ 8 of 32] Compiling Test.Calendar.ConvertBack
[ 9 of 32] Compiling Test.Calendar.Duration
[10 of 32] Compiling Test.Calendar.EasterRef
[11 of 32] Compiling Test.Calendar.Easter
[12 of 32] Compiling Test.Calendar.LongWeekYearsRef
[13 of 32] Compiling Test.Calendar.LongWeekYears
[14 of 32] Compiling Test.Calendar.MonthDayRef
[15 of 32] Compiling Test.Calendar.MonthDay
[16 of 32] Compiling Test.Calendar.Valid
[17 of 32] Compiling Test.Clock.Conversion
[18 of 32] Compiling Test.Clock.Resolution
[19 of 32] Compiling Test.Format.Compile
[20 of 32] Compiling Test.LocalTime.CalendarDiffTime
[21 of 32] Compiling Test.LocalTime.TimeOfDay
[22 of 32] Compiling Test.LocalTime.TimeRef
[23 of 32] Compiling Test.LocalTime.Time
[24 of 32] Compiling Test.TestUtil
[25 of 32] Compiling Test.Format.ParseTime

test/main/Test/Format/ParseTime.hs:696:1: warning: [-Wunused-top-binds]
    Defined but not used: ‘monthFormats’
    |
696 | monthFormats =
    | ^^^^^^^^^^^^

test/main/Test/Format/ParseTime.hs:768:1: warning: [-Wunused-top-binds]
    Defined but not used: ‘calendarDiffDaysFormats’
    |
768 | calendarDiffDaysFormats = map FormatString ["%yy%Bm%ww%Dd", "%yy%Bm%dd", "%bm%ww%Dd", "%bm%dd"]
    | ^^^^^^^^^^^^^^^^^^^^^^^

test/main/Test/Format/ParseTime.hs:771:1: warning: [-Wunused-top-binds]
    Defined but not used: ‘calendarDiffTimeFormats’
    |
771 | calendarDiffTimeFormats =
    | ^^^^^^^^^^^^^^^^^^^^^^^

test/main/Test/Format/ParseTime.hs:784:1: warning: [-Wunused-top-binds]
    Defined but not used: ‘diffTimeFormats’
    |
784 | diffTimeFormats =
    | ^^^^^^^^^^^^^^^

test/main/Test/Format/ParseTime.hs:788:1: warning: [-Wunused-top-binds]
    Defined but not used: ‘nominalDiffTimeFormats’
    |
788 | nominalDiffTimeFormats =
    | ^^^^^^^^^^^^^^^^^^^^^^
[26 of 32] Compiling Test.Format.ISO8601
[27 of 32] Compiling Test.Format.Format

test/main/Test/Format/Format.hs:17:1: warning: [-Wunused-top-binds]
    Defined but not used: ‘chars’
   |
17 | chars = "aAbBcCdDeFgGhHIjklmMnprRStTuUVwWxXyYzZ%"
   | ^^^^^

test/main/Test/Format/Format.hs:21:1: warning: [-Wunused-top-binds]
    Defined but not used: ‘modifiers’
   |
21 | modifiers = "_-0^"
   | ^^^^^^^^^

test/main/Test/Format/Format.hs:24:1: warning: [-Wunused-top-binds]
    Defined but not used: ‘widths’
   |
24 | widths = ["", "1", "2", "9", "12"]
   | ^^^^^^

test/main/Test/Format/Format.hs:27:1: warning: [-Wunused-top-binds]
    Defined but not used: ‘formats’
   |
27 | formats =
   | ^^^^^^^

test/main/Test/Format/Format.hs:36:1: warning: [-Wunused-top-binds]
    Defined but not used: ‘somestrings’
   |
36 | somestrings = ["", " ", "-", "\n"]
   | ^^^^^^^^^^^

test/main/Test/Format/Format.hs:39:1: warning: [-Wunused-top-binds]
    Defined but not used: ‘compareExpected’
   |
39 | compareExpected testname fmt str proxy =
   | ^^^^^^^^^^^^^^^

test/main/Test/Format/Format.hs:47:1: warning: [-Wunused-top-binds]
    Defined but not used: ‘checkParse’
   |
47 | checkParse fmt str =
   | ^^^^^^^^^^

test/main/Test/Format/Format.hs:56:1: warning: [-Wunused-top-binds]
    Defined but not used: ‘testCheckParse’
   |
56 | testCheckParse = testGroup "checkParse" $ tgroup formats $ \fmt -> tgroup somestrings $ \str -> checkParse fmt str
   | ^^^^^^^^^^^^^^

test/main/Test/Format/Format.hs:71:1: warning: [-Wunused-top-binds]
    Defined but not used: ‘testZone’
   |
71 | testZone fmt expected minutes =
   | ^^^^^^^^

test/main/Test/Format/Format.hs:75:1: warning: [-Wunused-top-binds]
    Defined but not used: ‘testZonePair’
   |
75 | testZonePair mods expected minutes =
   | ^^^^^^^^^^^^

test/main/Test/Format/Format.hs:81:1: warning: [-Wunused-top-binds]
    Defined but not used: ‘testTimeZone’
   |
81 | testTimeZone =
   | ^^^^^^^^^^^^

test/main/Test/Format/Format.hs:109:1: warning: [-Wunused-top-binds]
    Defined but not used: ‘testAFormat’
    |
109 | testAFormat fmt expected t = testCase fmt $ assertEqual "" expected $ formatTime defaultTimeLocale fmt t
    | ^^^^^^^^^^^
[28 of 32] Compiling Test.Clock.TAI
[29 of 32] Compiling Test.Calendar.Week
[30 of 32] Compiling Test.Calendar.CalendarProps
[31 of 32] Compiling Test.Types
[32 of 32] Compiling Main

test/main/Main.hs:21:1: warning: [-Wunused-imports]
    The import of ‘Test.Format.ParseTime’ is redundant
      except perhaps to import instances from ‘Test.Format.ParseTime’
    To import instances alone, use: import Test.Format.ParseTime()
   |
21 | import Test.Format.ParseTime
   | ^^^^^^^^^^^^^^^^^^^^^^^^^^^^
[33 of 33] Linking /tmp/workdir-time-compat/time-compat-1.9.6.1/dist-newstyle/build/x86_64-linux/ghc-9.6.6/time-compat-1.9.6.1/t/main/build/main/main
Configuring test suite 'instances' for time-compat-1.9.6.1...
Preprocessing test suite 'instances' for time-compat-1.9.6.1...
Building test suite 'instances' for time-compat-1.9.6.1...
[1 of 1] Compiling Main
[2 of 2] Linking /tmp/workdir-time-compat/time-compat-1.9.6.1/dist-newstyle/build/x86_64-linux/ghc-9.6.6/time-compat-1.9.6.1/t/instances/build/instances/instances
