Build profile: -w ghc-9.6.6 -O1
In order, the following will be built (use -v for more details):
 - pandoc-plot-1.8.0 (lib) (first run)
 - pandoc-plot-1.8.0 (test:tests) (first run)
 - pandoc-plot-1.8.0 (exe:pandoc-plot) (first run)
Configuring library for pandoc-plot-1.8.0...
Preprocessing library for pandoc-plot-1.8.0...
Building library for pandoc-plot-1.8.0...
[ 1 of 29] Compiling Paths_pandoc_plot
[ 2 of 29] Compiling Text.Pandoc.Filter.Plot.Monad.Logging
[ 3 of 29] Compiling Text.Pandoc.Filter.Plot.Monad.Types
[ 4 of 29] Compiling Text.Pandoc.Filter.Plot.Monad
[ 5 of 29] Compiling Text.Pandoc.Filter.Plot.Configuration
[ 6 of 29] Compiling Text.Pandoc.Filter.Plot.Renderers.Prelude
[ 7 of 29] Compiling Text.Pandoc.Filter.Plot.Renderers.Plotsjl
[ 8 of 29] Compiling Text.Pandoc.Filter.Plot.Renderers.PlotlyR
[ 9 of 29] Compiling Text.Pandoc.Filter.Plot.Renderers.PlotlyPython
[10 of 29] Compiling Text.Pandoc.Filter.Plot.Renderers.PlantUML
[11 of 29] Compiling Text.Pandoc.Filter.Plot.Renderers.Octave
[12 of 29] Compiling Text.Pandoc.Filter.Plot.Renderers.Matplotlib
[13 of 29] Compiling Text.Pandoc.Filter.Plot.Renderers.Matlab
[14 of 29] Compiling Text.Pandoc.Filter.Plot.Renderers.Mathematica
[15 of 29] Compiling Text.Pandoc.Filter.Plot.Renderers.Graphviz
[16 of 29] Compiling Text.Pandoc.Filter.Plot.Renderers.GNUPlot
[17 of 29] Compiling Text.Pandoc.Filter.Plot.Renderers.GGPlot2
[18 of 29] Compiling Text.Pandoc.Filter.Plot.Renderers.D2
[19 of 29] Compiling Text.Pandoc.Filter.Plot.Renderers.Bokeh
[20 of 29] Compiling Text.Pandoc.Filter.Plot.Renderers.Asymptote
[21 of 29] Compiling Text.Pandoc.Filter.Plot.Renderers.SageMath
[22 of 29] Compiling Text.Pandoc.Filter.Plot.Renderers
[23 of 29] Compiling Text.Pandoc.Filter.Plot.Parse
[24 of 29] Compiling Text.Pandoc.Filter.Plot.Clean
[25 of 29] Compiling Text.Pandoc.Filter.Plot.Scripting.Template
[26 of 29] Compiling Text.Pandoc.Filter.Plot.Scripting
[27 of 29] Compiling Text.Pandoc.Filter.Plot.Embed
[28 of 29] Compiling Text.Pandoc.Filter.Plot.Internal
[29 of 29] Compiling Text.Pandoc.Filter.Plot
Configuring test suite 'tests' for pandoc-plot-1.8.0...
Preprocessing test suite 'tests' for pandoc-plot-1.8.0...
Building test suite 'tests' for pandoc-plot-1.8.0...
[1 of 2] Compiling Common
[2 of 2] Compiling Main
[3 of 3] Linking /tmp/workdir-pandoc-plot/pandoc-plot-1.8.0/dist-newstyle/build/x86_64-linux/ghc-9.6.6/pandoc-plot-1.8.0/t/tests/build/tests/tests
Configuring executable 'pandoc-plot' for pandoc-plot-1.8.0...
Preprocessing executable 'pandoc-plot' for pandoc-plot-1.8.0...
Building executable 'pandoc-plot' for pandoc-plot-1.8.0...
[1 of 5] Compiling ExampleConfig
[2 of 5] Compiling ManPage
[3 of 5] Compiling OpenFile
[4 of 5] Compiling Main
[5 of 5] Compiling Paths_pandoc_plot
[6 of 6] Linking /tmp/workdir-pandoc-plot/pandoc-plot-1.8.0/dist-newstyle/build/x86_64-linux/ghc-9.6.6/pandoc-plot-1.8.0/x/pandoc-plot/build/pandoc-plot/pandoc-plot
