Build profile: -w ghc-9.6.6 -O1
In order, the following will be built (use -v for more details):
 - amazonka-connectcases-2.0 (lib) (first run)
 - amazonka-connectcases-2.0 (test:amazonka-connectcases-test) (first run)
Configuring library for amazonka-connectcases-2.0...
Preprocessing library for amazonka-connectcases-2.0...
Building library for amazonka-connectcases-2.0...
[ 1 of 77] Compiling Amazonka.ConnectCases.Types.CaseSummary
[ 2 of 77] Compiling Amazonka.ConnectCases.Types.CommentBodyTextType
[ 3 of 77] Compiling Amazonka.ConnectCases.Types.CommentContent
[ 4 of 77] Compiling Amazonka.ConnectCases.Types.CommentFilter
[ 5 of 77] Compiling Amazonka.ConnectCases.Types.Contact
[ 6 of 77] Compiling Amazonka.ConnectCases.Types.ContactContent
[ 7 of 77] Compiling Amazonka.ConnectCases.Types.ContactFilter
[ 8 of 77] Compiling Amazonka.ConnectCases.Types.DomainStatus
[ 9 of 77] Compiling Amazonka.ConnectCases.Types.DomainSummary
[10 of 77] Compiling Amazonka.ConnectCases.Types.FieldError
[11 of 77] Compiling Amazonka.ConnectCases.Types.FieldIdentifier
[12 of 77] Compiling Amazonka.ConnectCases.Types.CaseEventIncludedData
[13 of 77] Compiling Amazonka.ConnectCases.Types.FieldItem
[14 of 77] Compiling Amazonka.ConnectCases.Types.FieldGroup
[15 of 77] Compiling Amazonka.ConnectCases.Types.FieldNamespace
[16 of 77] Compiling Amazonka.ConnectCases.Types.FieldOption
[17 of 77] Compiling Amazonka.ConnectCases.Types.FieldOptionError
[18 of 77] Compiling Amazonka.ConnectCases.Types.FieldType
[19 of 77] Compiling Amazonka.ConnectCases.Types.FieldSummary
[20 of 77] Compiling Amazonka.ConnectCases.Types.FieldValueUnion
[21 of 77] Compiling Amazonka.ConnectCases.Types.FieldValue
[22 of 77] Compiling Amazonka.ConnectCases.Types.FieldFilter
[23 of 77] Compiling Amazonka.ConnectCases.Types.CaseFilter
[24 of 77] Compiling Amazonka.ConnectCases.Types.GetFieldResponse
[25 of 77] Compiling Amazonka.ConnectCases.Types.LayoutConfiguration
[26 of 77] Compiling Amazonka.ConnectCases.Types.LayoutSummary
[27 of 77] Compiling Amazonka.ConnectCases.Types.Order
[28 of 77] Compiling Amazonka.ConnectCases.Types.RelatedItemContent
[29 of 77] Compiling Amazonka.ConnectCases.Types.RelatedItemEventIncludedData
[30 of 77] Compiling Amazonka.ConnectCases.Types.EventIncludedData
[31 of 77] Compiling Amazonka.ConnectCases.Types.EventBridgeConfiguration
[32 of 77] Compiling Amazonka.ConnectCases.Types.RelatedItemInputContent
[33 of 77] Compiling Amazonka.ConnectCases.Types.RelatedItemType
[34 of 77] Compiling Amazonka.ConnectCases.Types.RelatedItemTypeFilter
[35 of 77] Compiling Amazonka.ConnectCases.Types.RequiredField
[36 of 77] Compiling Amazonka.ConnectCases.Types.SearchCasesResponseItem
[37 of 77] Compiling Amazonka.ConnectCases.Types.SearchRelatedItemsResponseItem
[38 of 77] Compiling Amazonka.ConnectCases.Types.Section
[39 of 77] Compiling Amazonka.ConnectCases.Types.LayoutSections
[40 of 77] Compiling Amazonka.ConnectCases.Types.BasicLayout
[41 of 77] Compiling Amazonka.ConnectCases.Types.LayoutContent
[42 of 77] Compiling Amazonka.ConnectCases.Types.Sort
[43 of 77] Compiling Amazonka.ConnectCases.Types.TemplateStatus
[44 of 77] Compiling Amazonka.ConnectCases.Types.TemplateSummary
[45 of 77] Compiling Amazonka.ConnectCases.Types
[46 of 77] Compiling Amazonka.ConnectCases.TagResource

gen/Amazonka/ConnectCases/TagResource.hs:83:89: warning: [GHC-02256] [-Wambiguous-fields]
    The record update s {tags = a} with type TagResource is ambiguous.
    This will not be supported by -XDuplicateRecordFields in future releases of GHC.
   |
83 | tagResource_tags = Lens.lens (\TagResource' {tags} -> tags) (\s@TagResource' {} a -> s {tags = a} :: TagResource) Prelude.. Lens.coerced
   |                                                                                         ^^^^^^^^
[47 of 77] Compiling Amazonka.ConnectCases.SearchRelatedItems

gen/Amazonka/ConnectCases/SearchRelatedItems.hs:126:125: warning: [GHC-02256] [-Wambiguous-fields]
    The record update s {nextToken = a} with type SearchRelatedItems is ambiguous.
    This will not be supported by -XDuplicateRecordFields in future releases of GHC.
    |
126 | searchRelatedItems_nextToken = Lens.lens (\SearchRelatedItems' {nextToken} -> nextToken) (\s@SearchRelatedItems' {} a -> s {nextToken = a} :: SearchRelatedItems)
    |                                                                                                                             ^^^^^^^^^^^^^

gen/Amazonka/ConnectCases/SearchRelatedItems.hs:130:116: warning: [GHC-02256] [-Wambiguous-fields]
    The record update s {caseId = a} with type SearchRelatedItems is ambiguous.
    This will not be supported by -XDuplicateRecordFields in future releases of GHC.
    |
130 | searchRelatedItems_caseId = Lens.lens (\SearchRelatedItems' {caseId} -> caseId) (\s@SearchRelatedItems' {} a -> s {caseId = a} :: SearchRelatedItems)
    |                                                                                                                    ^^^^^^^^^^

gen/Amazonka/ConnectCases/SearchRelatedItems.hs:134:122: warning: [GHC-02256] [-Wambiguous-fields]
    The record update s {domainId = a} with type SearchRelatedItems is ambiguous.
    This will not be supported by -XDuplicateRecordFields in future releases of GHC.
    |
134 | searchRelatedItems_domainId = Lens.lens (\SearchRelatedItems' {domainId} -> domainId) (\s@SearchRelatedItems' {} a -> s {domainId = a} :: SearchRelatedItems)
    |                                                                                                                          ^^^^^^^^^^^^

gen/Amazonka/ConnectCases/SearchRelatedItems.hs:262:149: warning: [GHC-02256] [-Wambiguous-fields]
    The record update s {nextToken = a} with type SearchRelatedItemsResponse is ambiguous.
    This will not be supported by -XDuplicateRecordFields in future releases of GHC.
    |
262 | searchRelatedItemsResponse_nextToken = Lens.lens (\SearchRelatedItemsResponse' {nextToken} -> nextToken) (\s@SearchRelatedItemsResponse' {} a -> s {nextToken = a} :: SearchRelatedItemsResponse)
    |                                                                                                                                                     ^^^^^^^^^^^^^
[48 of 77] Compiling Amazonka.ConnectCases.SearchCases

gen/Amazonka/ConnectCases/SearchCases.hs:127:95: warning: [GHC-02256] [-Wambiguous-fields]
    The record update s {fields = a} with type SearchCases is ambiguous.
    This will not be supported by -XDuplicateRecordFields in future releases of GHC.
    |
127 | searchCases_fields = Lens.lens (\SearchCases' {fields} -> fields) (\s@SearchCases' {} a -> s {fields = a} :: SearchCases) Prelude.. Lens.mapping Lens.coerced
    |                                                                                               ^^^^^^^^^^

gen/Amazonka/ConnectCases/SearchCases.hs:143:104: warning: [GHC-02256] [-Wambiguous-fields]
    The record update s {nextToken = a} with type SearchCases is ambiguous.
    This will not be supported by -XDuplicateRecordFields in future releases of GHC.
    |
143 | searchCases_nextToken = Lens.lens (\SearchCases' {nextToken} -> nextToken) (\s@SearchCases' {} a -> s {nextToken = a} :: SearchCases)
    |                                                                                                        ^^^^^^^^^^^^^

gen/Amazonka/ConnectCases/SearchCases.hs:156:101: warning: [GHC-02256] [-Wambiguous-fields]
    The record update s {domainId = a} with type SearchCases is ambiguous.
    This will not be supported by -XDuplicateRecordFields in future releases of GHC.
    |
156 | searchCases_domainId = Lens.lens (\SearchCases' {domainId} -> domainId) (\s@SearchCases' {} a -> s {domainId = a} :: SearchCases)
    |                                                                                                     ^^^^^^^^^^^^

gen/Amazonka/ConnectCases/SearchCases.hs:284:128: warning: [GHC-02256] [-Wambiguous-fields]
    The record update s {nextToken = a} with type SearchCasesResponse is ambiguous.
    This will not be supported by -XDuplicateRecordFields in future releases of GHC.
    |
284 | searchCasesResponse_nextToken = Lens.lens (\SearchCasesResponse' {nextToken} -> nextToken) (\s@SearchCasesResponse' {} a -> s {nextToken = a} :: SearchCasesResponse)
    |                                                                                                                                ^^^^^^^^^^^^^
[49 of 77] Compiling Amazonka.ConnectCases.PutCaseEventConfiguration

gen/Amazonka/ConnectCases/PutCaseEventConfiguration.hs:86:143: warning: [GHC-02256] [-Wambiguous-fields]
    The record update s {domainId = a} with type PutCaseEventConfiguration is ambiguous.
    This will not be supported by -XDuplicateRecordFields in future releases of GHC.
   |
86 | putCaseEventConfiguration_domainId = Lens.lens (\PutCaseEventConfiguration' {domainId} -> domainId) (\s@PutCaseEventConfiguration' {} a -> s {domainId = a} :: PutCaseEventConfiguration)
   |                                                                                                                                               ^^^^^^^^^^^^
[50 of 77] Compiling Amazonka.ConnectCases.ListTemplates

gen/Amazonka/ConnectCases/ListTemplates.hs:107:110: warning: [GHC-02256] [-Wambiguous-fields]
    The record update s {nextToken = a} with type ListTemplates is ambiguous.
    This will not be supported by -XDuplicateRecordFields in future releases of GHC.
    |
107 | listTemplates_nextToken = Lens.lens (\ListTemplates' {nextToken} -> nextToken) (\s@ListTemplates' {} a -> s {nextToken = a} :: ListTemplates)
    |                                                                                                              ^^^^^^^^^^^^^

gen/Amazonka/ConnectCases/ListTemplates.hs:111:101: warning: [GHC-02256] [-Wambiguous-fields]
    The record update s {status = a} with type ListTemplates is ambiguous.
    This will not be supported by -XDuplicateRecordFields in future releases of GHC.
    |
111 | listTemplates_status = Lens.lens (\ListTemplates' {status} -> status) (\s@ListTemplates' {} a -> s {status = a} :: ListTemplates) Prelude.. Lens.mapping Lens.coerced
    |                                                                                                     ^^^^^^^^^^

gen/Amazonka/ConnectCases/ListTemplates.hs:115:107: warning: [GHC-02256] [-Wambiguous-fields]
    The record update s {domainId = a} with type ListTemplates is ambiguous.
    This will not be supported by -XDuplicateRecordFields in future releases of GHC.
    |
115 | listTemplates_domainId = Lens.lens (\ListTemplates' {domainId} -> domainId) (\s@ListTemplates' {} a -> s {domainId = a} :: ListTemplates)
    |                                                                                                           ^^^^^^^^^^^^

gen/Amazonka/ConnectCases/ListTemplates.hs:216:134: warning: [GHC-02256] [-Wambiguous-fields]
    The record update s {nextToken = a} with type ListTemplatesResponse is ambiguous.
    This will not be supported by -XDuplicateRecordFields in future releases of GHC.
    |
216 | listTemplatesResponse_nextToken = Lens.lens (\ListTemplatesResponse' {nextToken} -> nextToken) (\s@ListTemplatesResponse' {} a -> s {nextToken = a} :: ListTemplatesResponse)
    |                                                                                                                                      ^^^^^^^^^^^^^
[51 of 77] Compiling Amazonka.ConnectCases.ListTagsForResource

gen/Amazonka/ConnectCases/ListTagsForResource.hs:152:137: warning: [GHC-02256] [-Wambiguous-fields]
    The record update s {tags = a} with type ListTagsForResourceResponse is ambiguous.
    This will not be supported by -XDuplicateRecordFields in future releases of GHC.
    |
152 | listTagsForResourceResponse_tags = Lens.lens (\ListTagsForResourceResponse' {tags} -> tags) (\s@ListTagsForResourceResponse' {} a -> s {tags = a} :: ListTagsForResourceResponse) Prelude.. Lens.mapping Lens.coerced
    |                                                                                                                                         ^^^^^^^^
[52 of 77] Compiling Amazonka.ConnectCases.ListLayouts

gen/Amazonka/ConnectCases/ListLayouts.hs:101:104: warning: [GHC-02256] [-Wambiguous-fields]
    The record update s {nextToken = a} with type ListLayouts is ambiguous.
    This will not be supported by -XDuplicateRecordFields in future releases of GHC.
    |
101 | listLayouts_nextToken = Lens.lens (\ListLayouts' {nextToken} -> nextToken) (\s@ListLayouts' {} a -> s {nextToken = a} :: ListLayouts)
    |                                                                                                        ^^^^^^^^^^^^^

gen/Amazonka/ConnectCases/ListLayouts.hs:105:101: warning: [GHC-02256] [-Wambiguous-fields]
    The record update s {domainId = a} with type ListLayouts is ambiguous.
    This will not be supported by -XDuplicateRecordFields in future releases of GHC.
    |
105 | listLayouts_domainId = Lens.lens (\ListLayouts' {domainId} -> domainId) (\s@ListLayouts' {} a -> s {domainId = a} :: ListLayouts)
    |                                                                                                     ^^^^^^^^^^^^

gen/Amazonka/ConnectCases/ListLayouts.hs:199:128: warning: [GHC-02256] [-Wambiguous-fields]
    The record update s {nextToken = a} with type ListLayoutsResponse is ambiguous.
    This will not be supported by -XDuplicateRecordFields in future releases of GHC.
    |
199 | listLayoutsResponse_nextToken = Lens.lens (\ListLayoutsResponse' {nextToken} -> nextToken) (\s@ListLayoutsResponse' {} a -> s {nextToken = a} :: ListLayoutsResponse)
    |                                                                                                                                ^^^^^^^^^^^^^
[53 of 77] Compiling Amazonka.ConnectCases.ListFields

gen/Amazonka/ConnectCases/ListFields.hs:100:101: warning: [GHC-02256] [-Wambiguous-fields]
    The record update s {nextToken = a} with type ListFields is ambiguous.
    This will not be supported by -XDuplicateRecordFields in future releases of GHC.
    |
100 | listFields_nextToken = Lens.lens (\ListFields' {nextToken} -> nextToken) (\s@ListFields' {} a -> s {nextToken = a} :: ListFields)
    |                                                                                                     ^^^^^^^^^^^^^

gen/Amazonka/ConnectCases/ListFields.hs:104:98: warning: [GHC-02256] [-Wambiguous-fields]
    The record update s {domainId = a} with type ListFields is ambiguous.
    This will not be supported by -XDuplicateRecordFields in future releases of GHC.
    |
104 | listFields_domainId = Lens.lens (\ListFields' {domainId} -> domainId) (\s@ListFields' {} a -> s {domainId = a} :: ListFields)
    |                                                                                                  ^^^^^^^^^^^^

gen/Amazonka/ConnectCases/ListFields.hs:198:125: warning: [GHC-02256] [-Wambiguous-fields]
    The record update s {nextToken = a} with type ListFieldsResponse is ambiguous.
    This will not be supported by -XDuplicateRecordFields in future releases of GHC.
    |
198 | listFieldsResponse_nextToken = Lens.lens (\ListFieldsResponse' {nextToken} -> nextToken) (\s@ListFieldsResponse' {} a -> s {nextToken = a} :: ListFieldsResponse)
    |                                                                                                                             ^^^^^^^^^^^^^

gen/Amazonka/ConnectCases/ListFields.hs:206:116: warning: [GHC-02256] [-Wambiguous-fields]
    The record update s {fields = a} with type ListFieldsResponse is ambiguous.
    This will not be supported by -XDuplicateRecordFields in future releases of GHC.
    |
206 | listFieldsResponse_fields = Lens.lens (\ListFieldsResponse' {fields} -> fields) (\s@ListFieldsResponse' {} a -> s {fields = a} :: ListFieldsResponse) Prelude.. Lens.coerced
    |                                                                                                                    ^^^^^^^^^^
[54 of 77] Compiling Amazonka.ConnectCases.ListFieldOptions

gen/Amazonka/ConnectCases/ListFieldOptions.hs:114:119: warning: [GHC-02256] [-Wambiguous-fields]
    The record update s {nextToken = a} with type ListFieldOptions is ambiguous.
    This will not be supported by -XDuplicateRecordFields in future releases of GHC.
    |
114 | listFieldOptions_nextToken = Lens.lens (\ListFieldOptions' {nextToken} -> nextToken) (\s@ListFieldOptions' {} a -> s {nextToken = a} :: ListFieldOptions)
    |                                                                                                                       ^^^^^^^^^^^^^

gen/Amazonka/ConnectCases/ListFieldOptions.hs:122:116: warning: [GHC-02256] [-Wambiguous-fields]
    The record update s {domainId = a} with type ListFieldOptions is ambiguous.
    This will not be supported by -XDuplicateRecordFields in future releases of GHC.
    |
122 | listFieldOptions_domainId = Lens.lens (\ListFieldOptions' {domainId} -> domainId) (\s@ListFieldOptions' {} a -> s {domainId = a} :: ListFieldOptions)
    |                                                                                                                    ^^^^^^^^^^^^

gen/Amazonka/ConnectCases/ListFieldOptions.hs:126:113: warning: [GHC-02256] [-Wambiguous-fields]
    The record update s {fieldId = a} with type ListFieldOptions is ambiguous.
    This will not be supported by -XDuplicateRecordFields in future releases of GHC.
    |
126 | listFieldOptions_fieldId = Lens.lens (\ListFieldOptions' {fieldId} -> fieldId) (\s@ListFieldOptions' {} a -> s {fieldId = a} :: ListFieldOptions)
    |                                                                                                                 ^^^^^^^^^^^

gen/Amazonka/ConnectCases/ListFieldOptions.hs:235:143: warning: [GHC-02256] [-Wambiguous-fields]
    The record update s {nextToken = a} with type ListFieldOptionsResponse is ambiguous.
    This will not be supported by -XDuplicateRecordFields in future releases of GHC.
    |
235 | listFieldOptionsResponse_nextToken = Lens.lens (\ListFieldOptionsResponse' {nextToken} -> nextToken) (\s@ListFieldOptionsResponse' {} a -> s {nextToken = a} :: ListFieldOptionsResponse)
    |                                                                                                                                               ^^^^^^^^^^^^^
[55 of 77] Compiling Amazonka.ConnectCases.ListDomains

gen/Amazonka/ConnectCases/ListDomains.hs:93:104: warning: [GHC-02256] [-Wambiguous-fields]
    The record update s {nextToken = a} with type ListDomains is ambiguous.
    This will not be supported by -XDuplicateRecordFields in future releases of GHC.
   |
93 | listDomains_nextToken = Lens.lens (\ListDomains' {nextToken} -> nextToken) (\s@ListDomains' {} a -> s {nextToken = a} :: ListDomains)
   |                                                                                                        ^^^^^^^^^^^^^

gen/Amazonka/ConnectCases/ListDomains.hs:183:128: warning: [GHC-02256] [-Wambiguous-fields]
    The record update s {nextToken = a} with type ListDomainsResponse is ambiguous.
    This will not be supported by -XDuplicateRecordFields in future releases of GHC.
    |
183 | listDomainsResponse_nextToken = Lens.lens (\ListDomainsResponse' {nextToken} -> nextToken) (\s@ListDomainsResponse' {} a -> s {nextToken = a} :: ListDomainsResponse)
    |                                                                                                                                ^^^^^^^^^^^^^
[56 of 77] Compiling Amazonka.ConnectCases.ListCasesForContact

gen/Amazonka/ConnectCases/ListCasesForContact.hs:108:128: warning: [GHC-02256] [-Wambiguous-fields]
    The record update s {nextToken = a} with type ListCasesForContact is ambiguous.
    This will not be supported by -XDuplicateRecordFields in future releases of GHC.
    |
108 | listCasesForContact_nextToken = Lens.lens (\ListCasesForContact' {nextToken} -> nextToken) (\s@ListCasesForContact' {} a -> s {nextToken = a} :: ListCasesForContact)
    |                                                                                                                                ^^^^^^^^^^^^^

gen/Amazonka/ConnectCases/ListCasesForContact.hs:112:131: warning: [GHC-02256] [-Wambiguous-fields]
    The record update s {contactArn = a} with type ListCasesForContact is ambiguous.
    This will not be supported by -XDuplicateRecordFields in future releases of GHC.
    |
112 | listCasesForContact_contactArn = Lens.lens (\ListCasesForContact' {contactArn} -> contactArn) (\s@ListCasesForContact' {} a -> s {contactArn = a} :: ListCasesForContact)
    |                                                                                                                                   ^^^^^^^^^^^^^^

gen/Amazonka/ConnectCases/ListCasesForContact.hs:116:125: warning: [GHC-02256] [-Wambiguous-fields]
    The record update s {domainId = a} with type ListCasesForContact is ambiguous.
    This will not be supported by -XDuplicateRecordFields in future releases of GHC.
    |
116 | listCasesForContact_domainId = Lens.lens (\ListCasesForContact' {domainId} -> domainId) (\s@ListCasesForContact' {} a -> s {domainId = a} :: ListCasesForContact)
    |                                                                                                                             ^^^^^^^^^^^^

gen/Amazonka/ConnectCases/ListCasesForContact.hs:221:152: warning: [GHC-02256] [-Wambiguous-fields]
    The record update s {nextToken = a} with type ListCasesForContactResponse is ambiguous.
    This will not be supported by -XDuplicateRecordFields in future releases of GHC.
    |
221 | listCasesForContactResponse_nextToken = Lens.lens (\ListCasesForContactResponse' {nextToken} -> nextToken) (\s@ListCasesForContactResponse' {} a -> s {nextToken = a} :: ListCasesForContactResponse)
    |                                                                                                                                                        ^^^^^^^^^^^^^
[57 of 77] Compiling Amazonka.ConnectCases.GetTemplate

gen/Amazonka/ConnectCases/GetTemplate.hs:92:101: warning: [GHC-02256] [-Wambiguous-fields]
    The record update s {domainId = a} with type GetTemplate is ambiguous.
    This will not be supported by -XDuplicateRecordFields in future releases of GHC.
   |
92 | getTemplate_domainId = Lens.lens (\GetTemplate' {domainId} -> domainId) (\s@GetTemplate' {} a -> s {domainId = a} :: GetTemplate)
   |                                                                                                     ^^^^^^^^^^^^

gen/Amazonka/ConnectCases/GetTemplate.hs:96:107: warning: [GHC-02256] [-Wambiguous-fields]
    The record update s {templateId = a} with type GetTemplate is ambiguous.
    This will not be supported by -XDuplicateRecordFields in future releases of GHC.
   |
96 | getTemplate_templateId = Lens.lens (\GetTemplate' {templateId} -> templateId) (\s@GetTemplate' {} a -> s {templateId = a} :: GetTemplate)
   |                                                                                                           ^^^^^^^^^^^^^^

gen/Amazonka/ConnectCases/GetTemplate.hs:238:134: warning: [GHC-02256] [-Wambiguous-fields]
    The record update s {description = a} with type GetTemplateResponse is ambiguous.
    This will not be supported by -XDuplicateRecordFields in future releases of GHC.
    |
238 | getTemplateResponse_description = Lens.lens (\GetTemplateResponse' {description} -> description) (\s@GetTemplateResponse' {} a -> s {description = a} :: GetTemplateResponse)
    |                                                                                                                                      ^^^^^^^^^^^^^^^

gen/Amazonka/ConnectCases/GetTemplate.hs:252:113: warning: [GHC-02256] [-Wambiguous-fields]
    The record update s {tags = a} with type GetTemplateResponse is ambiguous.
    This will not be supported by -XDuplicateRecordFields in future releases of GHC.
    |
252 | getTemplateResponse_tags = Lens.lens (\GetTemplateResponse' {tags} -> tags) (\s@GetTemplateResponse' {} a -> s {tags = a} :: GetTemplateResponse) Prelude.. Lens.mapping Lens.coerced
    |                                                                                                                 ^^^^^^^^

gen/Amazonka/ConnectCases/GetTemplate.hs:260:113: warning: [GHC-02256] [-Wambiguous-fields]
    The record update s {name = a} with type GetTemplateResponse is ambiguous.
    This will not be supported by -XDuplicateRecordFields in future releases of GHC.
    |
260 | getTemplateResponse_name = Lens.lens (\GetTemplateResponse' {name} -> name) (\s@GetTemplateResponse' {} a -> s {name = a} :: GetTemplateResponse)
    |                                                                                                                 ^^^^^^^^

gen/Amazonka/ConnectCases/GetTemplate.hs:264:119: warning: [GHC-02256] [-Wambiguous-fields]
    The record update s {status = a} with type GetTemplateResponse is ambiguous.
    This will not be supported by -XDuplicateRecordFields in future releases of GHC.
    |
264 | getTemplateResponse_status = Lens.lens (\GetTemplateResponse' {status} -> status) (\s@GetTemplateResponse' {} a -> s {status = a} :: GetTemplateResponse)
    |                                                                                                                       ^^^^^^^^^^

gen/Amazonka/ConnectCases/GetTemplate.hs:268:134: warning: [GHC-02256] [-Wambiguous-fields]
    The record update s {templateArn = a} with type GetTemplateResponse is ambiguous.
    This will not be supported by -XDuplicateRecordFields in future releases of GHC.
    |
268 | getTemplateResponse_templateArn = Lens.lens (\GetTemplateResponse' {templateArn} -> templateArn) (\s@GetTemplateResponse' {} a -> s {templateArn = a} :: GetTemplateResponse)
    |                                                                                                                                      ^^^^^^^^^^^^^^^

gen/Amazonka/ConnectCases/GetTemplate.hs:272:131: warning: [GHC-02256] [-Wambiguous-fields]
    The record update s {templateId = a} with type GetTemplateResponse is ambiguous.
    This will not be supported by -XDuplicateRecordFields in future releases of GHC.
    |
272 | getTemplateResponse_templateId = Lens.lens (\GetTemplateResponse' {templateId} -> templateId) (\s@GetTemplateResponse' {} a -> s {templateId = a} :: GetTemplateResponse)
    |                                                                                                                                   ^^^^^^^^^^^^^^
[58 of 77] Compiling Amazonka.ConnectCases.GetLayout

gen/Amazonka/ConnectCases/GetLayout.hs:89:95: warning: [GHC-02256] [-Wambiguous-fields]
    The record update s {domainId = a} with type GetLayout is ambiguous.
    This will not be supported by -XDuplicateRecordFields in future releases of GHC.
   |
89 | getLayout_domainId = Lens.lens (\GetLayout' {domainId} -> domainId) (\s@GetLayout' {} a -> s {domainId = a} :: GetLayout)
   |                                                                                               ^^^^^^^^^^^^

gen/Amazonka/ConnectCases/GetLayout.hs:93:95: warning: [GHC-02256] [-Wambiguous-fields]
    The record update s {layoutId = a} with type GetLayout is ambiguous.
    This will not be supported by -XDuplicateRecordFields in future releases of GHC.
   |
93 | getLayout_layoutId = Lens.lens (\GetLayout' {layoutId} -> layoutId) (\s@GetLayout' {} a -> s {layoutId = a} :: GetLayout)
   |                                                                                               ^^^^^^^^^^^^

gen/Amazonka/ConnectCases/GetLayout.hs:218:107: warning: [GHC-02256] [-Wambiguous-fields]
    The record update s {tags = a} with type GetLayoutResponse is ambiguous.
    This will not be supported by -XDuplicateRecordFields in future releases of GHC.
    |
218 | getLayoutResponse_tags = Lens.lens (\GetLayoutResponse' {tags} -> tags) (\s@GetLayoutResponse' {} a -> s {tags = a} :: GetLayoutResponse) Prelude.. Lens.mapping Lens.coerced
    |                                                                                                           ^^^^^^^^

gen/Amazonka/ConnectCases/GetLayout.hs:227:116: warning: [GHC-02256] [-Wambiguous-fields]
    The record update s {content = a} with type GetLayoutResponse is ambiguous.
    This will not be supported by -XDuplicateRecordFields in future releases of GHC.
    |
227 | getLayoutResponse_content = Lens.lens (\GetLayoutResponse' {content} -> content) (\s@GetLayoutResponse' {} a -> s {content = a} :: GetLayoutResponse)
    |                                                                                                                    ^^^^^^^^^^^

gen/Amazonka/ConnectCases/GetLayout.hs:231:122: warning: [GHC-02256] [-Wambiguous-fields]
    The record update s {layoutArn = a} with type GetLayoutResponse is ambiguous.
    This will not be supported by -XDuplicateRecordFields in future releases of GHC.
    |
231 | getLayoutResponse_layoutArn = Lens.lens (\GetLayoutResponse' {layoutArn} -> layoutArn) (\s@GetLayoutResponse' {} a -> s {layoutArn = a} :: GetLayoutResponse)
    |                                                                                                                          ^^^^^^^^^^^^^

gen/Amazonka/ConnectCases/GetLayout.hs:235:119: warning: [GHC-02256] [-Wambiguous-fields]
    The record update s {layoutId = a} with type GetLayoutResponse is ambiguous.
    This will not be supported by -XDuplicateRecordFields in future releases of GHC.
    |
235 | getLayoutResponse_layoutId = Lens.lens (\GetLayoutResponse' {layoutId} -> layoutId) (\s@GetLayoutResponse' {} a -> s {layoutId = a} :: GetLayoutResponse)
    |                                                                                                                       ^^^^^^^^^^^^

gen/Amazonka/ConnectCases/GetLayout.hs:239:107: warning: [GHC-02256] [-Wambiguous-fields]
    The record update s {name = a} with type GetLayoutResponse is ambiguous.
    This will not be supported by -XDuplicateRecordFields in future releases of GHC.
    |
239 | getLayoutResponse_name = Lens.lens (\GetLayoutResponse' {name} -> name) (\s@GetLayoutResponse' {} a -> s {name = a} :: GetLayoutResponse)
    |                                                                                                           ^^^^^^^^
[59 of 77] Compiling Amazonka.ConnectCases.GetDomain

gen/Amazonka/ConnectCases/GetDomain.hs:80:95: warning: [GHC-02256] [-Wambiguous-fields]
    The record update s {domainId = a} with type GetDomain is ambiguous.
    This will not be supported by -XDuplicateRecordFields in future releases of GHC.
   |
80 | getDomain_domainId = Lens.lens (\GetDomain' {domainId} -> domainId) (\s@GetDomain' {} a -> s {domainId = a} :: GetDomain)
   |                                                                                               ^^^^^^^^^^^^

gen/Amazonka/ConnectCases/GetDomain.hs:203:107: warning: [GHC-02256] [-Wambiguous-fields]
    The record update s {tags = a} with type GetDomainResponse is ambiguous.
    This will not be supported by -XDuplicateRecordFields in future releases of GHC.
    |
203 | getDomainResponse_tags = Lens.lens (\GetDomainResponse' {tags} -> tags) (\s@GetDomainResponse' {} a -> s {tags = a} :: GetDomainResponse) Prelude.. Lens.mapping Lens.coerced
    |                                                                                                           ^^^^^^^^

gen/Amazonka/ConnectCases/GetDomain.hs:215:122: warning: [GHC-02256] [-Wambiguous-fields]
    The record update s {domainArn = a} with type GetDomainResponse is ambiguous.
    This will not be supported by -XDuplicateRecordFields in future releases of GHC.
    |
215 | getDomainResponse_domainArn = Lens.lens (\GetDomainResponse' {domainArn} -> domainArn) (\s@GetDomainResponse' {} a -> s {domainArn = a} :: GetDomainResponse)
    |                                                                                                                          ^^^^^^^^^^^^^

gen/Amazonka/ConnectCases/GetDomain.hs:219:119: warning: [GHC-02256] [-Wambiguous-fields]
    The record update s {domainId = a} with type GetDomainResponse is ambiguous.
    This will not be supported by -XDuplicateRecordFields in future releases of GHC.
    |
219 | getDomainResponse_domainId = Lens.lens (\GetDomainResponse' {domainId} -> domainId) (\s@GetDomainResponse' {} a -> s {domainId = a} :: GetDomainResponse)
    |                                                                                                                       ^^^^^^^^^^^^

gen/Amazonka/ConnectCases/GetDomain.hs:227:107: warning: [GHC-02256] [-Wambiguous-fields]
    The record update s {name = a} with type GetDomainResponse is ambiguous.
    This will not be supported by -XDuplicateRecordFields in future releases of GHC.
    |
227 | getDomainResponse_name = Lens.lens (\GetDomainResponse' {name} -> name) (\s@GetDomainResponse' {} a -> s {name = a} :: GetDomainResponse)
    |                                                                                                           ^^^^^^^^
[60 of 77] Compiling Amazonka.ConnectCases.GetCaseEventConfiguration

gen/Amazonka/ConnectCases/GetCaseEventConfiguration.hs:75:143: warning: [GHC-02256] [-Wambiguous-fields]
    The record update s {domainId = a} with type GetCaseEventConfiguration is ambiguous.
    This will not be supported by -XDuplicateRecordFields in future releases of GHC.
   |
75 | getCaseEventConfiguration_domainId = Lens.lens (\GetCaseEventConfiguration' {domainId} -> domainId) (\s@GetCaseEventConfiguration' {} a -> s {domainId = a} :: GetCaseEventConfiguration)
   |                                                                                                                                               ^^^^^^^^^^^^
[61 of 77] Compiling Amazonka.ConnectCases.GetCase

gen/Amazonka/ConnectCases/GetCase.hs:108:92: warning: [GHC-02256] [-Wambiguous-fields]
    The record update s {nextToken = a} with type GetCase is ambiguous.
    This will not be supported by -XDuplicateRecordFields in future releases of GHC.
    |
108 | getCase_nextToken = Lens.lens (\GetCase' {nextToken} -> nextToken) (\s@GetCase' {} a -> s {nextToken = a} :: GetCase)
    |                                                                                            ^^^^^^^^^^^^^

gen/Amazonka/ConnectCases/GetCase.hs:112:83: warning: [GHC-02256] [-Wambiguous-fields]
    The record update s {caseId = a} with type GetCase is ambiguous.
    This will not be supported by -XDuplicateRecordFields in future releases of GHC.
    |
112 | getCase_caseId = Lens.lens (\GetCase' {caseId} -> caseId) (\s@GetCase' {} a -> s {caseId = a} :: GetCase)
    |                                                                                   ^^^^^^^^^^

gen/Amazonka/ConnectCases/GetCase.hs:116:89: warning: [GHC-02256] [-Wambiguous-fields]
    The record update s {domainId = a} with type GetCase is ambiguous.
    This will not be supported by -XDuplicateRecordFields in future releases of GHC.
    |
116 | getCase_domainId = Lens.lens (\GetCase' {domainId} -> domainId) (\s@GetCase' {} a -> s {domainId = a} :: GetCase)
    |                                                                                         ^^^^^^^^^^^^

gen/Amazonka/ConnectCases/GetCase.hs:120:83: warning: [GHC-02256] [-Wambiguous-fields]
    The record update s {fields = a} with type GetCase is ambiguous.
    This will not be supported by -XDuplicateRecordFields in future releases of GHC.
    |
120 | getCase_fields = Lens.lens (\GetCase' {fields} -> fields) (\s@GetCase' {} a -> s {fields = a} :: GetCase) Prelude.. Lens.coerced
    |                                                                                   ^^^^^^^^^^

gen/Amazonka/ConnectCases/GetCase.hs:238:116: warning: [GHC-02256] [-Wambiguous-fields]
    The record update s {nextToken = a} with type GetCaseResponse is ambiguous.
    This will not be supported by -XDuplicateRecordFields in future releases of GHC.
    |
238 | getCaseResponse_nextToken = Lens.lens (\GetCaseResponse' {nextToken} -> nextToken) (\s@GetCaseResponse' {} a -> s {nextToken = a} :: GetCaseResponse)
    |                                                                                                                    ^^^^^^^^^^^^^

gen/Amazonka/ConnectCases/GetCase.hs:243:101: warning: [GHC-02256] [-Wambiguous-fields]
    The record update s {tags = a} with type GetCaseResponse is ambiguous.
    This will not be supported by -XDuplicateRecordFields in future releases of GHC.
    |
243 | getCaseResponse_tags = Lens.lens (\GetCaseResponse' {tags} -> tags) (\s@GetCaseResponse' {} a -> s {tags = a} :: GetCaseResponse) Prelude.. Lens.mapping Lens.coerced
    |                                                                                                     ^^^^^^^^

gen/Amazonka/ConnectCases/GetCase.hs:251:107: warning: [GHC-02256] [-Wambiguous-fields]
    The record update s {fields = a} with type GetCaseResponse is ambiguous.
    This will not be supported by -XDuplicateRecordFields in future releases of GHC.
    |
251 | getCaseResponse_fields = Lens.lens (\GetCaseResponse' {fields} -> fields) (\s@GetCaseResponse' {} a -> s {fields = a} :: GetCaseResponse) Prelude.. Lens.coerced
    |                                                                                                           ^^^^^^^^^^

gen/Amazonka/ConnectCases/GetCase.hs:255:119: warning: [GHC-02256] [-Wambiguous-fields]
    The record update s {templateId = a} with type GetCaseResponse is ambiguous.
    This will not be supported by -XDuplicateRecordFields in future releases of GHC.
    |
255 | getCaseResponse_templateId = Lens.lens (\GetCaseResponse' {templateId} -> templateId) (\s@GetCaseResponse' {} a -> s {templateId = a} :: GetCaseResponse)
    |                                                                                                                       ^^^^^^^^^^^^^^
[62 of 77] Compiling Amazonka.ConnectCases.CreateTemplate

gen/Amazonka/ConnectCases/CreateTemplate.hs:118:119: warning: [GHC-02256] [-Wambiguous-fields]
    The record update s {description = a} with type CreateTemplate is ambiguous.
    This will not be supported by -XDuplicateRecordFields in future releases of GHC.
    |
118 | createTemplate_description = Lens.lens (\CreateTemplate' {description} -> description) (\s@CreateTemplate' {} a -> s {description = a} :: CreateTemplate)
    |                                                                                                                       ^^^^^^^^^^^^^^^

gen/Amazonka/ConnectCases/CreateTemplate.hs:131:104: warning: [GHC-02256] [-Wambiguous-fields]
    The record update s {status = a} with type CreateTemplate is ambiguous.
    This will not be supported by -XDuplicateRecordFields in future releases of GHC.
    |
131 | createTemplate_status = Lens.lens (\CreateTemplate' {status} -> status) (\s@CreateTemplate' {} a -> s {status = a} :: CreateTemplate)
    |                                                                                                        ^^^^^^^^^^

gen/Amazonka/ConnectCases/CreateTemplate.hs:135:110: warning: [GHC-02256] [-Wambiguous-fields]
    The record update s {domainId = a} with type CreateTemplate is ambiguous.
    This will not be supported by -XDuplicateRecordFields in future releases of GHC.
    |
135 | createTemplate_domainId = Lens.lens (\CreateTemplate' {domainId} -> domainId) (\s@CreateTemplate' {} a -> s {domainId = a} :: CreateTemplate)
    |                                                                                                              ^^^^^^^^^^^^

gen/Amazonka/ConnectCases/CreateTemplate.hs:139:98: warning: [GHC-02256] [-Wambiguous-fields]
    The record update s {name = a} with type CreateTemplate is ambiguous.
    This will not be supported by -XDuplicateRecordFields in future releases of GHC.
    |
139 | createTemplate_name = Lens.lens (\CreateTemplate' {name} -> name) (\s@CreateTemplate' {} a -> s {name = a} :: CreateTemplate)
    |                                                                                                  ^^^^^^^^

gen/Amazonka/ConnectCases/CreateTemplate.hs:256:143: warning: [GHC-02256] [-Wambiguous-fields]
    The record update s {templateArn = a} with type CreateTemplateResponse is ambiguous.
    This will not be supported by -XDuplicateRecordFields in future releases of GHC.
    |
256 | createTemplateResponse_templateArn = Lens.lens (\CreateTemplateResponse' {templateArn} -> templateArn) (\s@CreateTemplateResponse' {} a -> s {templateArn = a} :: CreateTemplateResponse)
    |                                                                                                                                               ^^^^^^^^^^^^^^^

gen/Amazonka/ConnectCases/CreateTemplate.hs:260:140: warning: [GHC-02256] [-Wambiguous-fields]
    The record update s {templateId = a} with type CreateTemplateResponse is ambiguous.
    This will not be supported by -XDuplicateRecordFields in future releases of GHC.
    |
260 | createTemplateResponse_templateId = Lens.lens (\CreateTemplateResponse' {templateId} -> templateId) (\s@CreateTemplateResponse' {} a -> s {templateId = a} :: CreateTemplateResponse)
    |                                                                                                                                            ^^^^^^^^^^^^^^
[63 of 77] Compiling Amazonka.ConnectCases.CreateRelatedItem

gen/Amazonka/ConnectCases/CreateRelatedItem.hs:113:113: warning: [GHC-02256] [-Wambiguous-fields]
    The record update s {caseId = a} with type CreateRelatedItem is ambiguous.
    This will not be supported by -XDuplicateRecordFields in future releases of GHC.
    |
113 | createRelatedItem_caseId = Lens.lens (\CreateRelatedItem' {caseId} -> caseId) (\s@CreateRelatedItem' {} a -> s {caseId = a} :: CreateRelatedItem)
    |                                                                                                                 ^^^^^^^^^^

gen/Amazonka/ConnectCases/CreateRelatedItem.hs:117:116: warning: [GHC-02256] [-Wambiguous-fields]
    The record update s {content = a} with type CreateRelatedItem is ambiguous.
    This will not be supported by -XDuplicateRecordFields in future releases of GHC.
    |
117 | createRelatedItem_content = Lens.lens (\CreateRelatedItem' {content} -> content) (\s@CreateRelatedItem' {} a -> s {content = a} :: CreateRelatedItem)
    |                                                                                                                    ^^^^^^^^^^^

gen/Amazonka/ConnectCases/CreateRelatedItem.hs:121:119: warning: [GHC-02256] [-Wambiguous-fields]
    The record update s {domainId = a} with type CreateRelatedItem is ambiguous.
    This will not be supported by -XDuplicateRecordFields in future releases of GHC.
    |
121 | createRelatedItem_domainId = Lens.lens (\CreateRelatedItem' {domainId} -> domainId) (\s@CreateRelatedItem' {} a -> s {domainId = a} :: CreateRelatedItem)
    |                                                                                                                       ^^^^^^^^^^^^

gen/Amazonka/ConnectCases/CreateRelatedItem.hs:125:109: warning: [GHC-02256] [-Wambiguous-fields]
    The record update s {type' = a} with type CreateRelatedItem is ambiguous.
    This will not be supported by -XDuplicateRecordFields in future releases of GHC.
    |
125 | createRelatedItem_type = Lens.lens (\CreateRelatedItem' {type'} -> type') (\s@CreateRelatedItem' {} a -> s {type' = a} :: CreateRelatedItem)
    |                                                                                                             ^^^^^^^^^

gen/Amazonka/ConnectCases/CreateRelatedItem.hs:243:158: warning: [GHC-02256] [-Wambiguous-fields]
    The record update s {relatedItemId = a} with type CreateRelatedItemResponse is ambiguous.
    This will not be supported by -XDuplicateRecordFields in future releases of GHC.
    |
243 | createRelatedItemResponse_relatedItemId = Lens.lens (\CreateRelatedItemResponse' {relatedItemId} -> relatedItemId) (\s@CreateRelatedItemResponse' {} a -> s {relatedItemId = a} :: CreateRelatedItemResponse)
    |                                                                                                                                                              ^^^^^^^^^^^^^^^^^
[64 of 77] Compiling Amazonka.ConnectCases.CreateLayout

gen/Amazonka/ConnectCases/CreateLayout.hs:106:101: warning: [GHC-02256] [-Wambiguous-fields]
    The record update s {content = a} with type CreateLayout is ambiguous.
    This will not be supported by -XDuplicateRecordFields in future releases of GHC.
    |
106 | createLayout_content = Lens.lens (\CreateLayout' {content} -> content) (\s@CreateLayout' {} a -> s {content = a} :: CreateLayout)
    |                                                                                                     ^^^^^^^^^^^

gen/Amazonka/ConnectCases/CreateLayout.hs:110:104: warning: [GHC-02256] [-Wambiguous-fields]
    The record update s {domainId = a} with type CreateLayout is ambiguous.
    This will not be supported by -XDuplicateRecordFields in future releases of GHC.
    |
110 | createLayout_domainId = Lens.lens (\CreateLayout' {domainId} -> domainId) (\s@CreateLayout' {} a -> s {domainId = a} :: CreateLayout)
    |                                                                                                        ^^^^^^^^^^^^

gen/Amazonka/ConnectCases/CreateLayout.hs:114:92: warning: [GHC-02256] [-Wambiguous-fields]
    The record update s {name = a} with type CreateLayout is ambiguous.
    This will not be supported by -XDuplicateRecordFields in future releases of GHC.
    |
114 | createLayout_name = Lens.lens (\CreateLayout' {name} -> name) (\s@CreateLayout' {} a -> s {name = a} :: CreateLayout)
    |                                                                                            ^^^^^^^^

gen/Amazonka/ConnectCases/CreateLayout.hs:218:131: warning: [GHC-02256] [-Wambiguous-fields]
    The record update s {layoutArn = a} with type CreateLayoutResponse is ambiguous.
    This will not be supported by -XDuplicateRecordFields in future releases of GHC.
    |
218 | createLayoutResponse_layoutArn = Lens.lens (\CreateLayoutResponse' {layoutArn} -> layoutArn) (\s@CreateLayoutResponse' {} a -> s {layoutArn = a} :: CreateLayoutResponse)
    |                                                                                                                                   ^^^^^^^^^^^^^

gen/Amazonka/ConnectCases/CreateLayout.hs:222:128: warning: [GHC-02256] [-Wambiguous-fields]
    The record update s {layoutId = a} with type CreateLayoutResponse is ambiguous.
    This will not be supported by -XDuplicateRecordFields in future releases of GHC.
    |
222 | createLayoutResponse_layoutId = Lens.lens (\CreateLayoutResponse' {layoutId} -> layoutId) (\s@CreateLayoutResponse' {} a -> s {layoutId = a} :: CreateLayoutResponse)
    |                                                                                                                                ^^^^^^^^^^^^
[65 of 77] Compiling Amazonka.ConnectCases.CreateField

gen/Amazonka/ConnectCases/CreateField.hs:104:110: warning: [GHC-02256] [-Wambiguous-fields]
    The record update s {description = a} with type CreateField is ambiguous.
    This will not be supported by -XDuplicateRecordFields in future releases of GHC.
    |
104 | createField_description = Lens.lens (\CreateField' {description} -> description) (\s@CreateField' {} a -> s {description = a} :: CreateField)
    |                                                                                                              ^^^^^^^^^^^^^^^

gen/Amazonka/ConnectCases/CreateField.hs:108:101: warning: [GHC-02256] [-Wambiguous-fields]
    The record update s {domainId = a} with type CreateField is ambiguous.
    This will not be supported by -XDuplicateRecordFields in future releases of GHC.
    |
108 | createField_domainId = Lens.lens (\CreateField' {domainId} -> domainId) (\s@CreateField' {} a -> s {domainId = a} :: CreateField)
    |                                                                                                     ^^^^^^^^^^^^

gen/Amazonka/ConnectCases/CreateField.hs:112:89: warning: [GHC-02256] [-Wambiguous-fields]
    The record update s {name = a} with type CreateField is ambiguous.
    This will not be supported by -XDuplicateRecordFields in future releases of GHC.
    |
112 | createField_name = Lens.lens (\CreateField' {name} -> name) (\s@CreateField' {} a -> s {name = a} :: CreateField)
    |                                                                                         ^^^^^^^^

gen/Amazonka/ConnectCases/CreateField.hs:117:91: warning: [GHC-02256] [-Wambiguous-fields]
    The record update s {type' = a} with type CreateField is ambiguous.
    This will not be supported by -XDuplicateRecordFields in future releases of GHC.
    |
117 | createField_type = Lens.lens (\CreateField' {type'} -> type') (\s@CreateField' {} a -> s {type' = a} :: CreateField)
    |                                                                                           ^^^^^^^^^

gen/Amazonka/ConnectCases/CreateField.hs:224:125: warning: [GHC-02256] [-Wambiguous-fields]
    The record update s {fieldArn = a} with type CreateFieldResponse is ambiguous.
    This will not be supported by -XDuplicateRecordFields in future releases of GHC.
    |
224 | createFieldResponse_fieldArn = Lens.lens (\CreateFieldResponse' {fieldArn} -> fieldArn) (\s@CreateFieldResponse' {} a -> s {fieldArn = a} :: CreateFieldResponse)
    |                                                                                                                             ^^^^^^^^^^^^

gen/Amazonka/ConnectCases/CreateField.hs:228:122: warning: [GHC-02256] [-Wambiguous-fields]
    The record update s {fieldId = a} with type CreateFieldResponse is ambiguous.
    This will not be supported by -XDuplicateRecordFields in future releases of GHC.
    |
228 | createFieldResponse_fieldId = Lens.lens (\CreateFieldResponse' {fieldId} -> fieldId) (\s@CreateFieldResponse' {} a -> s {fieldId = a} :: CreateFieldResponse)
    |                                                                                                                          ^^^^^^^^^^^
[66 of 77] Compiling Amazonka.ConnectCases.CreateDomain

gen/Amazonka/ConnectCases/CreateDomain.hs:86:92: warning: [GHC-02256] [-Wambiguous-fields]
    The record update s {name = a} with type CreateDomain is ambiguous.
    This will not be supported by -XDuplicateRecordFields in future releases of GHC.
   |
86 | createDomain_name = Lens.lens (\CreateDomain' {name} -> name) (\s@CreateDomain' {} a -> s {name = a} :: CreateDomain)
   |                                                                                            ^^^^^^^^

gen/Amazonka/ConnectCases/CreateDomain.hs:189:131: warning: [GHC-02256] [-Wambiguous-fields]
    The record update s {domainArn = a} with type CreateDomainResponse is ambiguous.
    This will not be supported by -XDuplicateRecordFields in future releases of GHC.
    |
189 | createDomainResponse_domainArn = Lens.lens (\CreateDomainResponse' {domainArn} -> domainArn) (\s@CreateDomainResponse' {} a -> s {domainArn = a} :: CreateDomainResponse)
    |                                                                                                                                   ^^^^^^^^^^^^^

gen/Amazonka/ConnectCases/CreateDomain.hs:193:128: warning: [GHC-02256] [-Wambiguous-fields]
    The record update s {domainId = a} with type CreateDomainResponse is ambiguous.
    This will not be supported by -XDuplicateRecordFields in future releases of GHC.
    |
193 | createDomainResponse_domainId = Lens.lens (\CreateDomainResponse' {domainId} -> domainId) (\s@CreateDomainResponse' {} a -> s {domainId = a} :: CreateDomainResponse)
    |                                                                                                                                ^^^^^^^^^^^^
[67 of 77] Compiling Amazonka.ConnectCases.CreateCase

gen/Amazonka/ConnectCases/CreateCase.hs:116:98: warning: [GHC-02256] [-Wambiguous-fields]
    The record update s {domainId = a} with type CreateCase is ambiguous.
    This will not be supported by -XDuplicateRecordFields in future releases of GHC.
    |
116 | createCase_domainId = Lens.lens (\CreateCase' {domainId} -> domainId) (\s@CreateCase' {} a -> s {domainId = a} :: CreateCase)
    |                                                                                                  ^^^^^^^^^^^^

gen/Amazonka/ConnectCases/CreateCase.hs:121:92: warning: [GHC-02256] [-Wambiguous-fields]
    The record update s {fields = a} with type CreateCase is ambiguous.
    This will not be supported by -XDuplicateRecordFields in future releases of GHC.
    |
121 | createCase_fields = Lens.lens (\CreateCase' {fields} -> fields) (\s@CreateCase' {} a -> s {fields = a} :: CreateCase) Prelude.. Lens.coerced
    |                                                                                            ^^^^^^^^^^

gen/Amazonka/ConnectCases/CreateCase.hs:125:104: warning: [GHC-02256] [-Wambiguous-fields]
    The record update s {templateId = a} with type CreateCase is ambiguous.
    This will not be supported by -XDuplicateRecordFields in future releases of GHC.
    |
125 | createCase_templateId = Lens.lens (\CreateCase' {templateId} -> templateId) (\s@CreateCase' {} a -> s {templateId = a} :: CreateCase)
    |                                                                                                        ^^^^^^^^^^^^^^

gen/Amazonka/ConnectCases/CreateCase.hs:233:116: warning: [GHC-02256] [-Wambiguous-fields]
    The record update s {caseId = a} with type CreateCaseResponse is ambiguous.
    This will not be supported by -XDuplicateRecordFields in future releases of GHC.
    |
233 | createCaseResponse_caseId = Lens.lens (\CreateCaseResponse' {caseId} -> caseId) (\s@CreateCaseResponse' {} a -> s {caseId = a} :: CreateCaseResponse)
    |                                                                                                                    ^^^^^^^^^^
[68 of 77] Compiling Amazonka.ConnectCases.BatchPutFieldOptions

gen/Amazonka/ConnectCases/BatchPutFieldOptions.hs:92:128: warning: [GHC-02256] [-Wambiguous-fields]
    The record update s {domainId = a} with type BatchPutFieldOptions is ambiguous.
    This will not be supported by -XDuplicateRecordFields in future releases of GHC.
   |
92 | batchPutFieldOptions_domainId = Lens.lens (\BatchPutFieldOptions' {domainId} -> domainId) (\s@BatchPutFieldOptions' {} a -> s {domainId = a} :: BatchPutFieldOptions)
   |                                                                                                                                ^^^^^^^^^^^^

gen/Amazonka/ConnectCases/BatchPutFieldOptions.hs:96:125: warning: [GHC-02256] [-Wambiguous-fields]
    The record update s {fieldId = a} with type BatchPutFieldOptions is ambiguous.
    This will not be supported by -XDuplicateRecordFields in future releases of GHC.
   |
96 | batchPutFieldOptions_fieldId = Lens.lens (\BatchPutFieldOptions' {fieldId} -> fieldId) (\s@BatchPutFieldOptions' {} a -> s {fieldId = a} :: BatchPutFieldOptions)
   |                                                                                                                             ^^^^^^^^^^^
[69 of 77] Compiling Amazonka.ConnectCases.BatchGetField

gen/Amazonka/ConnectCases/BatchGetField.hs:87:107: warning: [GHC-02256] [-Wambiguous-fields]
    The record update s {domainId = a} with type BatchGetField is ambiguous.
    This will not be supported by -XDuplicateRecordFields in future releases of GHC.
   |
87 | batchGetField_domainId = Lens.lens (\BatchGetField' {domainId} -> domainId) (\s@BatchGetField' {} a -> s {domainId = a} :: BatchGetField)
   |                                                                                                           ^^^^^^^^^^^^

gen/Amazonka/ConnectCases/BatchGetField.hs:91:101: warning: [GHC-02256] [-Wambiguous-fields]
    The record update s {fields = a} with type BatchGetField is ambiguous.
    This will not be supported by -XDuplicateRecordFields in future releases of GHC.
   |
91 | batchGetField_fields = Lens.lens (\BatchGetField' {fields} -> fields) (\s@BatchGetField' {} a -> s {fields = a} :: BatchGetField) Prelude.. Lens.coerced
   |                                                                                                     ^^^^^^^^^^

gen/Amazonka/ConnectCases/BatchGetField.hs:190:125: warning: [GHC-02256] [-Wambiguous-fields]
    The record update s {fields = a} with type BatchGetFieldResponse is ambiguous.
    This will not be supported by -XDuplicateRecordFields in future releases of GHC.
    |
190 | batchGetFieldResponse_fields = Lens.lens (\BatchGetFieldResponse' {fields} -> fields) (\s@BatchGetFieldResponse' {} a -> s {fields = a} :: BatchGetFieldResponse) Prelude.. Lens.coerced
    |                                                                                                                             ^^^^^^^^^^
[70 of 77] Compiling Amazonka.ConnectCases.UntagResource
[71 of 77] Compiling Amazonka.ConnectCases.UpdateCase

gen/Amazonka/ConnectCases/UpdateCase.hs:97:92: warning: [GHC-02256] [-Wambiguous-fields]
    The record update s {caseId = a} with type UpdateCase is ambiguous.
    This will not be supported by -XDuplicateRecordFields in future releases of GHC.
   |
97 | updateCase_caseId = Lens.lens (\UpdateCase' {caseId} -> caseId) (\s@UpdateCase' {} a -> s {caseId = a} :: UpdateCase)
   |                                                                                            ^^^^^^^^^^

gen/Amazonka/ConnectCases/UpdateCase.hs:101:98: warning: [GHC-02256] [-Wambiguous-fields]
    The record update s {domainId = a} with type UpdateCase is ambiguous.
    This will not be supported by -XDuplicateRecordFields in future releases of GHC.
    |
101 | updateCase_domainId = Lens.lens (\UpdateCase' {domainId} -> domainId) (\s@UpdateCase' {} a -> s {domainId = a} :: UpdateCase)
    |                                                                                                  ^^^^^^^^^^^^

gen/Amazonka/ConnectCases/UpdateCase.hs:106:92: warning: [GHC-02256] [-Wambiguous-fields]
    The record update s {fields = a} with type UpdateCase is ambiguous.
    This will not be supported by -XDuplicateRecordFields in future releases of GHC.
    |
106 | updateCase_fields = Lens.lens (\UpdateCase' {fields} -> fields) (\s@UpdateCase' {} a -> s {fields = a} :: UpdateCase) Prelude.. Lens.coerced
    |                                                                                            ^^^^^^^^^^
[72 of 77] Compiling Amazonka.ConnectCases.UpdateField

gen/Amazonka/ConnectCases/UpdateField.hs:96:110: warning: [GHC-02256] [-Wambiguous-fields]
    The record update s {description = a} with type UpdateField is ambiguous.
    This will not be supported by -XDuplicateRecordFields in future releases of GHC.
   |
96 | updateField_description = Lens.lens (\UpdateField' {description} -> description) (\s@UpdateField' {} a -> s {description = a} :: UpdateField)
   |                                                                                                              ^^^^^^^^^^^^^^^

gen/Amazonka/ConnectCases/UpdateField.hs:100:89: warning: [GHC-02256] [-Wambiguous-fields]
    The record update s {name = a} with type UpdateField is ambiguous.
    This will not be supported by -XDuplicateRecordFields in future releases of GHC.
    |
100 | updateField_name = Lens.lens (\UpdateField' {name} -> name) (\s@UpdateField' {} a -> s {name = a} :: UpdateField)
    |                                                                                         ^^^^^^^^

gen/Amazonka/ConnectCases/UpdateField.hs:104:101: warning: [GHC-02256] [-Wambiguous-fields]
    The record update s {domainId = a} with type UpdateField is ambiguous.
    This will not be supported by -XDuplicateRecordFields in future releases of GHC.
    |
104 | updateField_domainId = Lens.lens (\UpdateField' {domainId} -> domainId) (\s@UpdateField' {} a -> s {domainId = a} :: UpdateField)
    |                                                                                                     ^^^^^^^^^^^^

gen/Amazonka/ConnectCases/UpdateField.hs:108:98: warning: [GHC-02256] [-Wambiguous-fields]
    The record update s {fieldId = a} with type UpdateField is ambiguous.
    This will not be supported by -XDuplicateRecordFields in future releases of GHC.
    |
108 | updateField_fieldId = Lens.lens (\UpdateField' {fieldId} -> fieldId) (\s@UpdateField' {} a -> s {fieldId = a} :: UpdateField)
    |                                                                                                  ^^^^^^^^^^^
[73 of 77] Compiling Amazonka.ConnectCases.UpdateLayout

gen/Amazonka/ConnectCases/UpdateLayout.hs:108:101: warning: [GHC-02256] [-Wambiguous-fields]
    The record update s {content = a} with type UpdateLayout is ambiguous.
    This will not be supported by -XDuplicateRecordFields in future releases of GHC.
    |
108 | updateLayout_content = Lens.lens (\UpdateLayout' {content} -> content) (\s@UpdateLayout' {} a -> s {content = a} :: UpdateLayout)
    |                                                                                                     ^^^^^^^^^^^

gen/Amazonka/ConnectCases/UpdateLayout.hs:112:92: warning: [GHC-02256] [-Wambiguous-fields]
    The record update s {name = a} with type UpdateLayout is ambiguous.
    This will not be supported by -XDuplicateRecordFields in future releases of GHC.
    |
112 | updateLayout_name = Lens.lens (\UpdateLayout' {name} -> name) (\s@UpdateLayout' {} a -> s {name = a} :: UpdateLayout)
    |                                                                                            ^^^^^^^^

gen/Amazonka/ConnectCases/UpdateLayout.hs:116:104: warning: [GHC-02256] [-Wambiguous-fields]
    The record update s {domainId = a} with type UpdateLayout is ambiguous.
    This will not be supported by -XDuplicateRecordFields in future releases of GHC.
    |
116 | updateLayout_domainId = Lens.lens (\UpdateLayout' {domainId} -> domainId) (\s@UpdateLayout' {} a -> s {domainId = a} :: UpdateLayout)
    |                                                                                                        ^^^^^^^^^^^^

gen/Amazonka/ConnectCases/UpdateLayout.hs:120:104: warning: [GHC-02256] [-Wambiguous-fields]
    The record update s {layoutId = a} with type UpdateLayout is ambiguous.
    This will not be supported by -XDuplicateRecordFields in future releases of GHC.
    |
120 | updateLayout_layoutId = Lens.lens (\UpdateLayout' {layoutId} -> layoutId) (\s@UpdateLayout' {} a -> s {layoutId = a} :: UpdateLayout)
    |                                                                                                        ^^^^^^^^^^^^
[74 of 77] Compiling Amazonka.ConnectCases.UpdateTemplate

gen/Amazonka/ConnectCases/UpdateTemplate.hs:121:119: warning: [GHC-02256] [-Wambiguous-fields]
    The record update s {description = a} with type UpdateTemplate is ambiguous.
    This will not be supported by -XDuplicateRecordFields in future releases of GHC.
    |
121 | updateTemplate_description = Lens.lens (\UpdateTemplate' {description} -> description) (\s@UpdateTemplate' {} a -> s {description = a} :: UpdateTemplate)
    |                                                                                                                       ^^^^^^^^^^^^^^^

gen/Amazonka/ConnectCases/UpdateTemplate.hs:129:98: warning: [GHC-02256] [-Wambiguous-fields]
    The record update s {name = a} with type UpdateTemplate is ambiguous.
    This will not be supported by -XDuplicateRecordFields in future releases of GHC.
    |
129 | updateTemplate_name = Lens.lens (\UpdateTemplate' {name} -> name) (\s@UpdateTemplate' {} a -> s {name = a} :: UpdateTemplate)
    |                                                                                                  ^^^^^^^^

gen/Amazonka/ConnectCases/UpdateTemplate.hs:138:104: warning: [GHC-02256] [-Wambiguous-fields]
    The record update s {status = a} with type UpdateTemplate is ambiguous.
    This will not be supported by -XDuplicateRecordFields in future releases of GHC.
    |
138 | updateTemplate_status = Lens.lens (\UpdateTemplate' {status} -> status) (\s@UpdateTemplate' {} a -> s {status = a} :: UpdateTemplate)
    |                                                                                                        ^^^^^^^^^^

gen/Amazonka/ConnectCases/UpdateTemplate.hs:142:110: warning: [GHC-02256] [-Wambiguous-fields]
    The record update s {domainId = a} with type UpdateTemplate is ambiguous.
    This will not be supported by -XDuplicateRecordFields in future releases of GHC.
    |
142 | updateTemplate_domainId = Lens.lens (\UpdateTemplate' {domainId} -> domainId) (\s@UpdateTemplate' {} a -> s {domainId = a} :: UpdateTemplate)
    |                                                                                                              ^^^^^^^^^^^^

gen/Amazonka/ConnectCases/UpdateTemplate.hs:146:116: warning: [GHC-02256] [-Wambiguous-fields]
    The record update s {templateId = a} with type UpdateTemplate is ambiguous.
    This will not be supported by -XDuplicateRecordFields in future releases of GHC.
    |
146 | updateTemplate_templateId = Lens.lens (\UpdateTemplate' {templateId} -> templateId) (\s@UpdateTemplate' {} a -> s {templateId = a} :: UpdateTemplate)
    |                                                                                                                    ^^^^^^^^^^^^^^
[75 of 77] Compiling Amazonka.ConnectCases.Lens
[76 of 77] Compiling Amazonka.ConnectCases.Waiters
[77 of 77] Compiling Amazonka.ConnectCases
Configuring test suite 'amazonka-connectcases-test' for amazonka-connectcases-2.0...
Preprocessing test suite 'amazonka-connectcases-test' for amazonka-connectcases-2.0...
Building test suite 'amazonka-connectcases-test' for amazonka-connectcases-2.0...
[1 of 4] Compiling Test.Amazonka.ConnectCases
[2 of 4] Compiling Test.Amazonka.ConnectCases.Internal
[3 of 4] Compiling Main
[4 of 4] Compiling Test.Amazonka.Gen.ConnectCases
[5 of 5] Linking /tmp/workdir-amazonka-connectcases/amazonka-connectcases-2.0/dist-newstyle/build/x86_64-linux/ghc-9.6.6/amazonka-connectcases-2.0/t/amazonka-connectcases-test/build/amazonka-connectcases-test/amazonka-connectcases-test
