Build profile: -w ghc-9.6.6 -O1
In order, the following will be built (use -v for more details):
 - amazonka-connect-contact-lens-2.0 (lib) (first run)
 - amazonka-connect-contact-lens-2.0 (test:amazonka-connect-contact-lens-test) (first run)
Configuring library for amazonka-connect-contact-lens-2.0...
Preprocessing library for amazonka-connect-contact-lens-2.0...
Building library for amazonka-connect-contact-lens-2.0...
[ 1 of 13] Compiling Amazonka.ConnectContactLens.Types.CharacterOffsets
[ 2 of 13] Compiling Amazonka.ConnectContactLens.Types.IssueDetected
[ 3 of 13] Compiling Amazonka.ConnectContactLens.Types.PointOfInterest
[ 4 of 13] Compiling Amazonka.ConnectContactLens.Types.CategoryDetails
[ 5 of 13] Compiling Amazonka.ConnectContactLens.Types.Categories
[ 6 of 13] Compiling Amazonka.ConnectContactLens.Types.SentimentValue
[ 7 of 13] Compiling Amazonka.ConnectContactLens.Types.Transcript
[ 8 of 13] Compiling Amazonka.ConnectContactLens.Types.RealtimeContactAnalysisSegment
[ 9 of 13] Compiling Amazonka.ConnectContactLens.Types
[10 of 13] Compiling Amazonka.ConnectContactLens.ListRealtimeContactAnalysisSegments

gen/Amazonka/ConnectContactLens/ListRealtimeContactAnalysisSegments.hs:111:176: warning: [GHC-02256] [-Wambiguous-fields]
    The record update s {nextToken = a} with type ListRealtimeContactAnalysisSegments is ambiguous.
    This will not be supported by -XDuplicateRecordFields in future releases of GHC.
    |
111 | listRealtimeContactAnalysisSegments_nextToken = Lens.lens (\ListRealtimeContactAnalysisSegments' {nextToken} -> nextToken) (\s@ListRealtimeContactAnalysisSegments' {} a -> s {nextToken = a} :: ListRealtimeContactAnalysisSegments)
    |                                                                                                                                                                                ^^^^^^^^^^^^^

gen/Amazonka/ConnectContactLens/ListRealtimeContactAnalysisSegments.hs:276:200: warning: [GHC-02256] [-Wambiguous-fields]
    The record update s {nextToken = a} with type ListRealtimeContactAnalysisSegmentsResponse is ambiguous.
    This will not be supported by -XDuplicateRecordFields in future releases of GHC.
    |
276 | listRealtimeContactAnalysisSegmentsResponse_nextToken = Lens.lens (\ListRealtimeContactAnalysisSegmentsResponse' {nextToken} -> nextToken) (\s@ListRealtimeContactAnalysisSegmentsResponse' {} a -> s {nextToken = a} :: ListRealtimeContactAnalysisSegmentsResponse)
    |                                                                                                                                                                                                        ^^^^^^^^^^^^^
[11 of 13] Compiling Amazonka.ConnectContactLens.Lens
[12 of 13] Compiling Amazonka.ConnectContactLens.Waiters
[13 of 13] Compiling Amazonka.ConnectContactLens
Configuring test suite 'amazonka-connect-contact-lens-test' for amazonka-connect-contact-lens-2.0...
Preprocessing test suite 'amazonka-connect-contact-lens-test' for amazonka-connect-contact-lens-2.0...
Building test suite 'amazonka-connect-contact-lens-test' for amazonka-connect-contact-lens-2.0...
[1 of 4] Compiling Test.Amazonka.ConnectContactLens
[2 of 4] Compiling Test.Amazonka.ConnectContactLens.Internal
[3 of 4] Compiling Main
[4 of 4] Compiling Test.Amazonka.Gen.ConnectContactLens
[5 of 5] Linking /tmp/workdir-amazonka-connect-contact-lens/amazonka-connect-contact-lens-2.0/dist-newstyle/build/x86_64-linux/ghc-9.6.6/amazonka-connect-contact-lens-2.0/t/amazonka-connect-contact-lens-test/build/amazonka-connect-contact-lens-test/amazonka-connect-contact-lens-test
