Build profile: -w ghc-9.6.6 -O1
In order, the following will be built (use -v for more details):
 - svg-tree-0.6.2.4 (lib) (first run)
Configuring library for svg-tree-0.6.2.4...
Preprocessing library for svg-tree-0.6.2.4...
Building library for svg-tree-0.6.2.4...

on the commandline: warning: [-Wdeprecated-flags]
    -Wnoncanonical-monadfail-instances is deprecated: fail is no longer a method of Monad
[1 of 8] Compiling Graphics.Svg.CssTypes

src/Graphics/Svg/CssTypes.hs:27:1: warning: [-Wunused-imports]
    The import of ‘Data.Monoid’ is redundant
      except perhaps to import instances from ‘Data.Monoid’
    To import instances alone, use: import Data.Monoid()
   |
27 | import Data.Monoid( (<>) )
   | ^^^^^^^^^^^^^^^^^^^^^^^^^^
[2 of 8] Compiling Graphics.Svg.NamedColors
[3 of 8] Compiling Graphics.Svg.Types

src/Graphics/Svg/Types.hs:192:1: warning: [-Wunused-imports]
    The import of ‘Data.Semigroup’ is redundant
      except perhaps to import instances from ‘Data.Semigroup’
    To import instances alone, use: import Data.Semigroup()
    |
192 | import Data.Semigroup( Semigroup( .. ) )
    | ^^^^^^^^^^^^^^^^^^^^^^^^^^^^^^^^^^^^^^^^
[4 of 8] Compiling Graphics.Svg.PathParser
[5 of 8] Compiling Graphics.Svg.ColorParser
[6 of 8] Compiling Graphics.Svg.CssParser
[7 of 8] Compiling Graphics.Svg.XmlParser

src/Graphics/Svg/XmlParser.hs:32:44: warning: [-Wunused-imports]
    The import of ‘<>’ from module ‘Data.Monoid’ is redundant
   |
32 | import Data.Monoid( Last( Last ), getLast, (<>) )
   |                                            ^^^^
[8 of 8] Compiling Graphics.Svg
