Build profile: -w ghc-9.6.6 -O1
In order, the following will be built (use -v for more details):
 - amazonka-appconfig-2.0 (lib) (first run)
 - amazonka-appconfig-2.0 (test:amazonka-appconfig-test) (first run)
Configuring library for amazonka-appconfig-2.0...
Preprocessing library for amazonka-appconfig-2.0...
Building library for amazonka-appconfig-2.0...
[ 1 of 74] Compiling Amazonka.AppConfig.Types.Action
[ 2 of 74] Compiling Amazonka.AppConfig.Types.ActionInvocation
[ 3 of 74] Compiling Amazonka.AppConfig.Types.ActionPoint
[ 4 of 74] Compiling Amazonka.AppConfig.Types.Application
[ 5 of 74] Compiling Amazonka.AppConfig.Types.AppliedExtension
[ 6 of 74] Compiling Amazonka.AppConfig.Types.DeploymentEventType
[ 7 of 74] Compiling Amazonka.AppConfig.Types.DeploymentState
[ 8 of 74] Compiling Amazonka.AppConfig.Types.EnvironmentState
[ 9 of 74] Compiling Amazonka.AppConfig.Types.ExtensionAssociation
[10 of 74] Compiling Amazonka.AppConfig.Types.ExtensionAssociationSummary
[11 of 74] Compiling Amazonka.AppConfig.Types.ExtensionSummary
[12 of 74] Compiling Amazonka.AppConfig.Types.GrowthType
[13 of 74] Compiling Amazonka.AppConfig.Types.DeploymentSummary
[14 of 74] Compiling Amazonka.AppConfig.Types.HostedConfigurationVersion
[15 of 74] Compiling Amazonka.AppConfig.Types.HostedConfigurationVersionSummary
[16 of 74] Compiling Amazonka.AppConfig.Types.Monitor
[17 of 74] Compiling Amazonka.AppConfig.Types.Environment
[18 of 74] Compiling Amazonka.AppConfig.Types.Parameter
[19 of 74] Compiling Amazonka.AppConfig.Types.Extension

gen/Amazonka/AppConfig/Types/Extension.hs:99:104: warning: [GHC-02256] [-Wambiguous-fields]
    The record update s {description = a} with type Extension is ambiguous.
    This will not be supported by -XDuplicateRecordFields in future releases of GHC.
   |
99 | extension_description = Lens.lens (\Extension' {description} -> description) (\s@Extension' {} a -> s {description = a} :: Extension)
   |                                                                                                        ^^^^^^^^^^^^^^^

gen/Amazonka/AppConfig/Types/Extension.hs:107:83: warning: [GHC-02256] [-Wambiguous-fields]
    The record update s {name = a} with type Extension is ambiguous.
    This will not be supported by -XDuplicateRecordFields in future releases of GHC.
    |
107 | extension_name = Lens.lens (\Extension' {name} -> name) (\s@Extension' {} a -> s {name = a} :: Extension)
    |                                                                                   ^^^^^^^^
[20 of 74] Compiling Amazonka.AppConfig.Types.ReplicateTo
[21 of 74] Compiling Amazonka.AppConfig.Types.DeploymentStrategy
[22 of 74] Compiling Amazonka.AppConfig.Types.TriggeredBy
[23 of 74] Compiling Amazonka.AppConfig.Types.DeploymentEvent
[24 of 74] Compiling Amazonka.AppConfig.Types.Deployment

gen/Amazonka/AppConfig/Types/Deployment.hs:200:107: warning: [GHC-02256] [-Wambiguous-fields]
    The record update s {description = a} with type Deployment is ambiguous.
    This will not be supported by -XDuplicateRecordFields in future releases of GHC.
    |
200 | deployment_description = Lens.lens (\Deployment' {description} -> description) (\s@Deployment' {} a -> s {description = a} :: Deployment)
    |                                                                                                           ^^^^^^^^^^^^^^^
[25 of 74] Compiling Amazonka.AppConfig.Types.ValidatorType
[26 of 74] Compiling Amazonka.AppConfig.Types.Validator
[27 of 74] Compiling Amazonka.AppConfig.Types.ConfigurationProfile

gen/Amazonka/AppConfig/Types/ConfigurationProfile.hs:140:118: warning: [GHC-02256] [-Wambiguous-fields]
    The record update s {type' = a} with type ConfigurationProfile is ambiguous.
    This will not be supported by -XDuplicateRecordFields in future releases of GHC.
    |
140 | configurationProfile_type = Lens.lens (\ConfigurationProfile' {type'} -> type') (\s@ConfigurationProfile' {} a -> s {type' = a} :: ConfigurationProfile)
    |                                                                                                                      ^^^^^^^^^
[28 of 74] Compiling Amazonka.AppConfig.Types.ConfigurationProfileSummary
[29 of 74] Compiling Amazonka.AppConfig.Types
[30 of 74] Compiling Amazonka.AppConfig.TagResource

gen/Amazonka/AppConfig/TagResource.hs:86:110: warning: [GHC-02256] [-Wambiguous-fields]
    The record update s {resourceArn = a} with type TagResource is ambiguous.
    This will not be supported by -XDuplicateRecordFields in future releases of GHC.
   |
86 | tagResource_resourceArn = Lens.lens (\TagResource' {resourceArn} -> resourceArn) (\s@TagResource' {} a -> s {resourceArn = a} :: TagResource)
   |                                                                                                              ^^^^^^^^^^^^^^^
[31 of 74] Compiling Amazonka.AppConfig.StopDeployment

gen/Amazonka/AppConfig/StopDeployment.hs:115:125: warning: [GHC-02256] [-Wambiguous-fields]
    The record update s {applicationId = a} with type StopDeployment is ambiguous.
    This will not be supported by -XDuplicateRecordFields in future releases of GHC.
    |
115 | stopDeployment_applicationId = Lens.lens (\StopDeployment' {applicationId} -> applicationId) (\s@StopDeployment' {} a -> s {applicationId = a} :: StopDeployment)
    |                                                                                                                             ^^^^^^^^^^^^^^^^^

gen/Amazonka/AppConfig/StopDeployment.hs:119:125: warning: [GHC-02256] [-Wambiguous-fields]
    The record update s {environmentId = a} with type StopDeployment is ambiguous.
    This will not be supported by -XDuplicateRecordFields in future releases of GHC.
    |
119 | stopDeployment_environmentId = Lens.lens (\StopDeployment' {environmentId} -> environmentId) (\s@StopDeployment' {} a -> s {environmentId = a} :: StopDeployment)
    |                                                                                                                             ^^^^^^^^^^^^^^^^^

gen/Amazonka/AppConfig/StopDeployment.hs:123:134: warning: [GHC-02256] [-Wambiguous-fields]
    The record update s {deploymentNumber = a} with type StopDeployment is ambiguous.
    This will not be supported by -XDuplicateRecordFields in future releases of GHC.
    |
123 | stopDeployment_deploymentNumber = Lens.lens (\StopDeployment' {deploymentNumber} -> deploymentNumber) (\s@StopDeployment' {} a -> s {deploymentNumber = a} :: StopDeployment)
    |                                                                                                                                      ^^^^^^^^^^^^^^^^^^^^
[32 of 74] Compiling Amazonka.AppConfig.StartDeployment

gen/Amazonka/AppConfig/StartDeployment.hs:147:122: warning: [GHC-02256] [-Wambiguous-fields]
    The record update s {description = a} with type StartDeployment is ambiguous.
    This will not be supported by -XDuplicateRecordFields in future releases of GHC.
    |
147 | startDeployment_description = Lens.lens (\StartDeployment' {description} -> description) (\s@StartDeployment' {} a -> s {description = a} :: StartDeployment)
    |                                                                                                                          ^^^^^^^^^^^^^^^

gen/Amazonka/AppConfig/StartDeployment.hs:157:128: warning: [GHC-02256] [-Wambiguous-fields]
    The record update s {applicationId = a} with type StartDeployment is ambiguous.
    This will not be supported by -XDuplicateRecordFields in future releases of GHC.
    |
157 | startDeployment_applicationId = Lens.lens (\StartDeployment' {applicationId} -> applicationId) (\s@StartDeployment' {} a -> s {applicationId = a} :: StartDeployment)
    |                                                                                                                                ^^^^^^^^^^^^^^^^^

gen/Amazonka/AppConfig/StartDeployment.hs:161:128: warning: [GHC-02256] [-Wambiguous-fields]
    The record update s {environmentId = a} with type StartDeployment is ambiguous.
    This will not be supported by -XDuplicateRecordFields in future releases of GHC.
    |
161 | startDeployment_environmentId = Lens.lens (\StartDeployment' {environmentId} -> environmentId) (\s@StartDeployment' {} a -> s {environmentId = a} :: StartDeployment)
    |                                                                                                                                ^^^^^^^^^^^^^^^^^

gen/Amazonka/AppConfig/StartDeployment.hs:165:149: warning: [GHC-02256] [-Wambiguous-fields]
    The record update s {deploymentStrategyId = a} with type StartDeployment is ambiguous.
    This will not be supported by -XDuplicateRecordFields in future releases of GHC.
    |
165 | startDeployment_deploymentStrategyId = Lens.lens (\StartDeployment' {deploymentStrategyId} -> deploymentStrategyId) (\s@StartDeployment' {} a -> s {deploymentStrategyId = a} :: StartDeployment)
    |                                                                                                                                                     ^^^^^^^^^^^^^^^^^^^^^^^^

gen/Amazonka/AppConfig/StartDeployment.hs:169:155: warning: [GHC-02256] [-Wambiguous-fields]
    The record update s {configurationProfileId = a} with type StartDeployment is ambiguous.
    This will not be supported by -XDuplicateRecordFields in future releases of GHC.
    |
169 | startDeployment_configurationProfileId = Lens.lens (\StartDeployment' {configurationProfileId} -> configurationProfileId) (\s@StartDeployment' {} a -> s {configurationProfileId = a} :: StartDeployment)
    |                                                                                                                                                           ^^^^^^^^^^^^^^^^^^^^^^^^^^

gen/Amazonka/AppConfig/StartDeployment.hs:173:149: warning: [GHC-02256] [-Wambiguous-fields]
    The record update s {configurationVersion = a} with type StartDeployment is ambiguous.
    This will not be supported by -XDuplicateRecordFields in future releases of GHC.
    |
173 | startDeployment_configurationVersion = Lens.lens (\StartDeployment' {configurationVersion} -> configurationVersion) (\s@StartDeployment' {} a -> s {configurationVersion = a} :: StartDeployment)
    |                                                                                                                                                     ^^^^^^^^^^^^^^^^^^^^^^^^
[33 of 74] Compiling Amazonka.AppConfig.ListTagsForResource

gen/Amazonka/AppConfig/ListTagsForResource.hs:75:134: warning: [GHC-02256] [-Wambiguous-fields]
    The record update s {resourceArn = a} with type ListTagsForResource is ambiguous.
    This will not be supported by -XDuplicateRecordFields in future releases of GHC.
   |
75 | listTagsForResource_resourceArn = Lens.lens (\ListTagsForResource' {resourceArn} -> resourceArn) (\s@ListTagsForResource' {} a -> s {resourceArn = a} :: ListTagsForResource)
   |                                                                                                                                      ^^^^^^^^^^^^^^^
[34 of 74] Compiling Amazonka.AppConfig.ListHostedConfigurationVersions

gen/Amazonka/AppConfig/ListHostedConfigurationVersions.hs:116:164: warning: [GHC-02256] [-Wambiguous-fields]
    The record update s {nextToken = a} with type ListHostedConfigurationVersions is ambiguous.
    This will not be supported by -XDuplicateRecordFields in future releases of GHC.
    |
116 | listHostedConfigurationVersions_nextToken = Lens.lens (\ListHostedConfigurationVersions' {nextToken} -> nextToken) (\s@ListHostedConfigurationVersions' {} a -> s {nextToken = a} :: ListHostedConfigurationVersions)
    |                                                                                                                                                                    ^^^^^^^^^^^^^

gen/Amazonka/AppConfig/ListHostedConfigurationVersions.hs:120:176: warning: [GHC-02256] [-Wambiguous-fields]
    The record update s {applicationId = a} with type ListHostedConfigurationVersions is ambiguous.
    This will not be supported by -XDuplicateRecordFields in future releases of GHC.
    |
120 | listHostedConfigurationVersions_applicationId = Lens.lens (\ListHostedConfigurationVersions' {applicationId} -> applicationId) (\s@ListHostedConfigurationVersions' {} a -> s {applicationId = a} :: ListHostedConfigurationVersions)
    |                                                                                                                                                                                ^^^^^^^^^^^^^^^^^

gen/Amazonka/AppConfig/ListHostedConfigurationVersions.hs:124:203: warning: [GHC-02256] [-Wambiguous-fields]
    The record update s {configurationProfileId = a} with type ListHostedConfigurationVersions is ambiguous.
    This will not be supported by -XDuplicateRecordFields in future releases of GHC.
    |
124 | listHostedConfigurationVersions_configurationProfileId = Lens.lens (\ListHostedConfigurationVersions' {configurationProfileId} -> configurationProfileId) (\s@ListHostedConfigurationVersions' {} a -> s {configurationProfileId = a} :: ListHostedConfigurationVersions)
    |                                                                                                                                                                                                           ^^^^^^^^^^^^^^^^^^^^^^^^^^

gen/Amazonka/AppConfig/ListHostedConfigurationVersions.hs:244:188: warning: [GHC-02256] [-Wambiguous-fields]
    The record update s {nextToken = a} with type ListHostedConfigurationVersionsResponse is ambiguous.
    This will not be supported by -XDuplicateRecordFields in future releases of GHC.
    |
244 | listHostedConfigurationVersionsResponse_nextToken = Lens.lens (\ListHostedConfigurationVersionsResponse' {nextToken} -> nextToken) (\s@ListHostedConfigurationVersionsResponse' {} a -> s {nextToken = a} :: ListHostedConfigurationVersionsResponse)
    |                                                                                                                                                                                            ^^^^^^^^^^^^^
[35 of 74] Compiling Amazonka.AppConfig.ListExtensions

gen/Amazonka/AppConfig/ListExtensions.hs:103:98: warning: [GHC-02256] [-Wambiguous-fields]
    The record update s {name = a} with type ListExtensions is ambiguous.
    This will not be supported by -XDuplicateRecordFields in future releases of GHC.
    |
103 | listExtensions_name = Lens.lens (\ListExtensions' {name} -> name) (\s@ListExtensions' {} a -> s {name = a} :: ListExtensions)
    |                                                                                                  ^^^^^^^^

gen/Amazonka/AppConfig/ListExtensions.hs:108:113: warning: [GHC-02256] [-Wambiguous-fields]
    The record update s {nextToken = a} with type ListExtensions is ambiguous.
    This will not be supported by -XDuplicateRecordFields in future releases of GHC.
    |
108 | listExtensions_nextToken = Lens.lens (\ListExtensions' {nextToken} -> nextToken) (\s@ListExtensions' {} a -> s {nextToken = a} :: ListExtensions)
    |                                                                                                                 ^^^^^^^^^^^^^

gen/Amazonka/AppConfig/ListExtensions.hs:207:137: warning: [GHC-02256] [-Wambiguous-fields]
    The record update s {nextToken = a} with type ListExtensionsResponse is ambiguous.
    This will not be supported by -XDuplicateRecordFields in future releases of GHC.
    |
207 | listExtensionsResponse_nextToken = Lens.lens (\ListExtensionsResponse' {nextToken} -> nextToken) (\s@ListExtensionsResponse' {} a -> s {nextToken = a} :: ListExtensionsResponse)
    |                                                                                                                                         ^^^^^^^^^^^^^
[36 of 74] Compiling Amazonka.AppConfig.ListExtensionAssociations

gen/Amazonka/AppConfig/ListExtensionAssociations.hs:110:176: warning: [GHC-02256] [-Wambiguous-fields]
    The record update s {extensionIdentifier = a} with type ListExtensionAssociations is ambiguous.
    This will not be supported by -XDuplicateRecordFields in future releases of GHC.
    |
110 | listExtensionAssociations_extensionIdentifier = Lens.lens (\ListExtensionAssociations' {extensionIdentifier} -> extensionIdentifier) (\s@ListExtensionAssociations' {} a -> s {extensionIdentifier = a} :: ListExtensionAssociations)
    |                                                                                                                                                                                ^^^^^^^^^^^^^^^^^^^^^^^

gen/Amazonka/AppConfig/ListExtensionAssociations.hs:114:185: warning: [GHC-02256] [-Wambiguous-fields]
    The record update s {extensionVersionNumber = a} with type ListExtensionAssociations is ambiguous.
    This will not be supported by -XDuplicateRecordFields in future releases of GHC.
    |
114 | listExtensionAssociations_extensionVersionNumber = Lens.lens (\ListExtensionAssociations' {extensionVersionNumber} -> extensionVersionNumber) (\s@ListExtensionAssociations' {} a -> s {extensionVersionNumber = a} :: ListExtensionAssociations)
    |                                                                                                                                                                                         ^^^^^^^^^^^^^^^^^^^^^^^^^^

gen/Amazonka/AppConfig/ListExtensionAssociations.hs:125:146: warning: [GHC-02256] [-Wambiguous-fields]
    The record update s {nextToken = a} with type ListExtensionAssociations is ambiguous.
    This will not be supported by -XDuplicateRecordFields in future releases of GHC.
    |
125 | listExtensionAssociations_nextToken = Lens.lens (\ListExtensionAssociations' {nextToken} -> nextToken) (\s@ListExtensionAssociations' {} a -> s {nextToken = a} :: ListExtensionAssociations)
    |                                                                                                                                                  ^^^^^^^^^^^^^

gen/Amazonka/AppConfig/ListExtensionAssociations.hs:236:170: warning: [GHC-02256] [-Wambiguous-fields]
    The record update s {nextToken = a} with type ListExtensionAssociationsResponse is ambiguous.
    This will not be supported by -XDuplicateRecordFields in future releases of GHC.
    |
236 | listExtensionAssociationsResponse_nextToken = Lens.lens (\ListExtensionAssociationsResponse' {nextToken} -> nextToken) (\s@ListExtensionAssociationsResponse' {} a -> s {nextToken = a} :: ListExtensionAssociationsResponse)
    |                                                                                                                                                                          ^^^^^^^^^^^^^
[37 of 74] Compiling Amazonka.AppConfig.ListEnvironments

gen/Amazonka/AppConfig/ListEnvironments.hs:103:119: warning: [GHC-02256] [-Wambiguous-fields]
    The record update s {nextToken = a} with type ListEnvironments is ambiguous.
    This will not be supported by -XDuplicateRecordFields in future releases of GHC.
    |
103 | listEnvironments_nextToken = Lens.lens (\ListEnvironments' {nextToken} -> nextToken) (\s@ListEnvironments' {} a -> s {nextToken = a} :: ListEnvironments)
    |                                                                                                                       ^^^^^^^^^^^^^

gen/Amazonka/AppConfig/ListEnvironments.hs:107:131: warning: [GHC-02256] [-Wambiguous-fields]
    The record update s {applicationId = a} with type ListEnvironments is ambiguous.
    This will not be supported by -XDuplicateRecordFields in future releases of GHC.
    |
107 | listEnvironments_applicationId = Lens.lens (\ListEnvironments' {applicationId} -> applicationId) (\s@ListEnvironments' {} a -> s {applicationId = a} :: ListEnvironments)
    |                                                                                                                                   ^^^^^^^^^^^^^^^^^

gen/Amazonka/AppConfig/ListEnvironments.hs:207:143: warning: [GHC-02256] [-Wambiguous-fields]
    The record update s {nextToken = a} with type ListEnvironmentsResponse is ambiguous.
    This will not be supported by -XDuplicateRecordFields in future releases of GHC.
    |
207 | listEnvironmentsResponse_nextToken = Lens.lens (\ListEnvironmentsResponse' {nextToken} -> nextToken) (\s@ListEnvironmentsResponse' {} a -> s {nextToken = a} :: ListEnvironmentsResponse)
    |                                                                                                                                               ^^^^^^^^^^^^^
[38 of 74] Compiling Amazonka.AppConfig.ListDeployments

gen/Amazonka/AppConfig/ListDeployments.hs:118:116: warning: [GHC-02256] [-Wambiguous-fields]
    The record update s {nextToken = a} with type ListDeployments is ambiguous.
    This will not be supported by -XDuplicateRecordFields in future releases of GHC.
    |
118 | listDeployments_nextToken = Lens.lens (\ListDeployments' {nextToken} -> nextToken) (\s@ListDeployments' {} a -> s {nextToken = a} :: ListDeployments)
    |                                                                                                                    ^^^^^^^^^^^^^

gen/Amazonka/AppConfig/ListDeployments.hs:122:128: warning: [GHC-02256] [-Wambiguous-fields]
    The record update s {applicationId = a} with type ListDeployments is ambiguous.
    This will not be supported by -XDuplicateRecordFields in future releases of GHC.
    |
122 | listDeployments_applicationId = Lens.lens (\ListDeployments' {applicationId} -> applicationId) (\s@ListDeployments' {} a -> s {applicationId = a} :: ListDeployments)
    |                                                                                                                                ^^^^^^^^^^^^^^^^^

gen/Amazonka/AppConfig/ListDeployments.hs:126:128: warning: [GHC-02256] [-Wambiguous-fields]
    The record update s {environmentId = a} with type ListDeployments is ambiguous.
    This will not be supported by -XDuplicateRecordFields in future releases of GHC.
    |
126 | listDeployments_environmentId = Lens.lens (\ListDeployments' {environmentId} -> environmentId) (\s@ListDeployments' {} a -> s {environmentId = a} :: ListDeployments)
    |                                                                                                                                ^^^^^^^^^^^^^^^^^

gen/Amazonka/AppConfig/ListDeployments.hs:230:140: warning: [GHC-02256] [-Wambiguous-fields]
    The record update s {nextToken = a} with type ListDeploymentsResponse is ambiguous.
    This will not be supported by -XDuplicateRecordFields in future releases of GHC.
    |
230 | listDeploymentsResponse_nextToken = Lens.lens (\ListDeploymentsResponse' {nextToken} -> nextToken) (\s@ListDeploymentsResponse' {} a -> s {nextToken = a} :: ListDeploymentsResponse)
    |                                                                                                                                            ^^^^^^^^^^^^^
[39 of 74] Compiling Amazonka.AppConfig.ListDeploymentStrategies

gen/Amazonka/AppConfig/ListDeploymentStrategies.hs:96:143: warning: [GHC-02256] [-Wambiguous-fields]
    The record update s {nextToken = a} with type ListDeploymentStrategies is ambiguous.
    This will not be supported by -XDuplicateRecordFields in future releases of GHC.
   |
96 | listDeploymentStrategies_nextToken = Lens.lens (\ListDeploymentStrategies' {nextToken} -> nextToken) (\s@ListDeploymentStrategies' {} a -> s {nextToken = a} :: ListDeploymentStrategies)
   |                                                                                                                                               ^^^^^^^^^^^^^

gen/Amazonka/AppConfig/ListDeploymentStrategies.hs:190:167: warning: [GHC-02256] [-Wambiguous-fields]
    The record update s {nextToken = a} with type ListDeploymentStrategiesResponse is ambiguous.
    This will not be supported by -XDuplicateRecordFields in future releases of GHC.
    |
190 | listDeploymentStrategiesResponse_nextToken = Lens.lens (\ListDeploymentStrategiesResponse' {nextToken} -> nextToken) (\s@ListDeploymentStrategiesResponse' {} a -> s {nextToken = a} :: ListDeploymentStrategiesResponse)
    |                                                                                                                                                                       ^^^^^^^^^^^^^
[40 of 74] Compiling Amazonka.AppConfig.ListConfigurationProfiles

gen/Amazonka/AppConfig/ListConfigurationProfiles.hs:114:146: warning: [GHC-02256] [-Wambiguous-fields]
    The record update s {nextToken = a} with type ListConfigurationProfiles is ambiguous.
    This will not be supported by -XDuplicateRecordFields in future releases of GHC.
    |
114 | listConfigurationProfiles_nextToken = Lens.lens (\ListConfigurationProfiles' {nextToken} -> nextToken) (\s@ListConfigurationProfiles' {} a -> s {nextToken = a} :: ListConfigurationProfiles)
    |                                                                                                                                                  ^^^^^^^^^^^^^

gen/Amazonka/AppConfig/ListConfigurationProfiles.hs:120:133: warning: [GHC-02256] [-Wambiguous-fields]
    The record update s {type' = a} with type ListConfigurationProfiles is ambiguous.
    This will not be supported by -XDuplicateRecordFields in future releases of GHC.
    |
120 | listConfigurationProfiles_type = Lens.lens (\ListConfigurationProfiles' {type'} -> type') (\s@ListConfigurationProfiles' {} a -> s {type' = a} :: ListConfigurationProfiles)
    |                                                                                                                                     ^^^^^^^^^

gen/Amazonka/AppConfig/ListConfigurationProfiles.hs:124:158: warning: [GHC-02256] [-Wambiguous-fields]
    The record update s {applicationId = a} with type ListConfigurationProfiles is ambiguous.
    This will not be supported by -XDuplicateRecordFields in future releases of GHC.
    |
124 | listConfigurationProfiles_applicationId = Lens.lens (\ListConfigurationProfiles' {applicationId} -> applicationId) (\s@ListConfigurationProfiles' {} a -> s {applicationId = a} :: ListConfigurationProfiles)
    |                                                                                                                                                              ^^^^^^^^^^^^^^^^^

gen/Amazonka/AppConfig/ListConfigurationProfiles.hs:228:170: warning: [GHC-02256] [-Wambiguous-fields]
    The record update s {nextToken = a} with type ListConfigurationProfilesResponse is ambiguous.
    This will not be supported by -XDuplicateRecordFields in future releases of GHC.
    |
228 | listConfigurationProfilesResponse_nextToken = Lens.lens (\ListConfigurationProfilesResponse' {nextToken} -> nextToken) (\s@ListConfigurationProfilesResponse' {} a -> s {nextToken = a} :: ListConfigurationProfilesResponse)
    |                                                                                                                                                                          ^^^^^^^^^^^^^
[41 of 74] Compiling Amazonka.AppConfig.ListApplications

gen/Amazonka/AppConfig/ListApplications.hs:104:119: warning: [GHC-02256] [-Wambiguous-fields]
    The record update s {nextToken = a} with type ListApplications is ambiguous.
    This will not be supported by -XDuplicateRecordFields in future releases of GHC.
    |
104 | listApplications_nextToken = Lens.lens (\ListApplications' {nextToken} -> nextToken) (\s@ListApplications' {} a -> s {nextToken = a} :: ListApplications)
    |                                                                                                                       ^^^^^^^^^^^^^

gen/Amazonka/AppConfig/ListApplications.hs:197:143: warning: [GHC-02256] [-Wambiguous-fields]
    The record update s {nextToken = a} with type ListApplicationsResponse is ambiguous.
    This will not be supported by -XDuplicateRecordFields in future releases of GHC.
    |
197 | listApplicationsResponse_nextToken = Lens.lens (\ListApplicationsResponse' {nextToken} -> nextToken) (\s@ListApplicationsResponse' {} a -> s {nextToken = a} :: ListApplicationsResponse)
    |                                                                                                                                               ^^^^^^^^^^^^^
[42 of 74] Compiling Amazonka.AppConfig.GetHostedConfigurationVersion

gen/Amazonka/AppConfig/GetHostedConfigurationVersion.hs:102:170: warning: [GHC-02256] [-Wambiguous-fields]
    The record update s {applicationId = a} with type GetHostedConfigurationVersion is ambiguous.
    This will not be supported by -XDuplicateRecordFields in future releases of GHC.
    |
102 | getHostedConfigurationVersion_applicationId = Lens.lens (\GetHostedConfigurationVersion' {applicationId} -> applicationId) (\s@GetHostedConfigurationVersion' {} a -> s {applicationId = a} :: GetHostedConfigurationVersion)
    |                                                                                                                                                                          ^^^^^^^^^^^^^^^^^

gen/Amazonka/AppConfig/GetHostedConfigurationVersion.hs:106:197: warning: [GHC-02256] [-Wambiguous-fields]
    The record update s {configurationProfileId = a} with type GetHostedConfigurationVersion is ambiguous.
    This will not be supported by -XDuplicateRecordFields in future releases of GHC.
    |
106 | getHostedConfigurationVersion_configurationProfileId = Lens.lens (\GetHostedConfigurationVersion' {configurationProfileId} -> configurationProfileId) (\s@GetHostedConfigurationVersion' {} a -> s {configurationProfileId = a} :: GetHostedConfigurationVersion)
    |                                                                                                                                                                                                     ^^^^^^^^^^^^^^^^^^^^^^^^^^

gen/Amazonka/AppConfig/GetHostedConfigurationVersion.hs:110:170: warning: [GHC-02256] [-Wambiguous-fields]
    The record update s {versionNumber = a} with type GetHostedConfigurationVersion is ambiguous.
    This will not be supported by -XDuplicateRecordFields in future releases of GHC.
    |
110 | getHostedConfigurationVersion_versionNumber = Lens.lens (\GetHostedConfigurationVersion' {versionNumber} -> versionNumber) (\s@GetHostedConfigurationVersion' {} a -> s {versionNumber = a} :: GetHostedConfigurationVersion)
    |                                                                                                                                                                          ^^^^^^^^^^^^^^^^^
[43 of 74] Compiling Amazonka.AppConfig.GetExtensionAssociation

gen/Amazonka/AppConfig/GetExtensionAssociation.hs:85:179: warning: [GHC-02256] [-Wambiguous-fields]
    The record update s {extensionAssociationId = a} with type GetExtensionAssociation is ambiguous.
    This will not be supported by -XDuplicateRecordFields in future releases of GHC.
   |
85 | getExtensionAssociation_extensionAssociationId = Lens.lens (\GetExtensionAssociation' {extensionAssociationId} -> extensionAssociationId) (\s@GetExtensionAssociation' {} a -> s {extensionAssociationId = a} :: GetExtensionAssociation)
   |                                                                                                                                                                                   ^^^^^^^^^^^^^^^^^^^^^^^^^^
[44 of 74] Compiling Amazonka.AppConfig.GetExtension

gen/Amazonka/AppConfig/GetExtension.hs:91:119: warning: [GHC-02256] [-Wambiguous-fields]
    The record update s {versionNumber = a} with type GetExtension is ambiguous.
    This will not be supported by -XDuplicateRecordFields in future releases of GHC.
   |
91 | getExtension_versionNumber = Lens.lens (\GetExtension' {versionNumber} -> versionNumber) (\s@GetExtension' {} a -> s {versionNumber = a} :: GetExtension)
   |                                                                                                                       ^^^^^^^^^^^^^^^^^

gen/Amazonka/AppConfig/GetExtension.hs:95:137: warning: [GHC-02256] [-Wambiguous-fields]
    The record update s {extensionIdentifier = a} with type GetExtension is ambiguous.
    This will not be supported by -XDuplicateRecordFields in future releases of GHC.
   |
95 | getExtension_extensionIdentifier = Lens.lens (\GetExtension' {extensionIdentifier} -> extensionIdentifier) (\s@GetExtension' {} a -> s {extensionIdentifier = a} :: GetExtension)
   |                                                                                                                                         ^^^^^^^^^^^^^^^^^^^^^^^
[45 of 74] Compiling Amazonka.AppConfig.GetEnvironment

gen/Amazonka/AppConfig/GetEnvironment.hs:94:125: warning: [GHC-02256] [-Wambiguous-fields]
    The record update s {applicationId = a} with type GetEnvironment is ambiguous.
    This will not be supported by -XDuplicateRecordFields in future releases of GHC.
   |
94 | getEnvironment_applicationId = Lens.lens (\GetEnvironment' {applicationId} -> applicationId) (\s@GetEnvironment' {} a -> s {applicationId = a} :: GetEnvironment)
   |                                                                                                                             ^^^^^^^^^^^^^^^^^

gen/Amazonka/AppConfig/GetEnvironment.hs:98:125: warning: [GHC-02256] [-Wambiguous-fields]
    The record update s {environmentId = a} with type GetEnvironment is ambiguous.
    This will not be supported by -XDuplicateRecordFields in future releases of GHC.
   |
98 | getEnvironment_environmentId = Lens.lens (\GetEnvironment' {environmentId} -> environmentId) (\s@GetEnvironment' {} a -> s {environmentId = a} :: GetEnvironment)
   |                                                                                                                             ^^^^^^^^^^^^^^^^^
[46 of 74] Compiling Amazonka.AppConfig.GetDeploymentStrategy

gen/Amazonka/AppConfig/GetDeploymentStrategy.hs:88:167: warning: [GHC-02256] [-Wambiguous-fields]
    The record update s {deploymentStrategyId = a} with type GetDeploymentStrategy is ambiguous.
    This will not be supported by -XDuplicateRecordFields in future releases of GHC.
   |
88 | getDeploymentStrategy_deploymentStrategyId = Lens.lens (\GetDeploymentStrategy' {deploymentStrategyId} -> deploymentStrategyId) (\s@GetDeploymentStrategy' {} a -> s {deploymentStrategyId = a} :: GetDeploymentStrategy)
   |                                                                                                                                                                       ^^^^^^^^^^^^^^^^^^^^^^^^
[47 of 74] Compiling Amazonka.AppConfig.GetDeployment

gen/Amazonka/AppConfig/GetDeployment.hs:113:122: warning: [GHC-02256] [-Wambiguous-fields]
    The record update s {applicationId = a} with type GetDeployment is ambiguous.
    This will not be supported by -XDuplicateRecordFields in future releases of GHC.
    |
113 | getDeployment_applicationId = Lens.lens (\GetDeployment' {applicationId} -> applicationId) (\s@GetDeployment' {} a -> s {applicationId = a} :: GetDeployment)
    |                                                                                                                          ^^^^^^^^^^^^^^^^^

gen/Amazonka/AppConfig/GetDeployment.hs:117:122: warning: [GHC-02256] [-Wambiguous-fields]
    The record update s {environmentId = a} with type GetDeployment is ambiguous.
    This will not be supported by -XDuplicateRecordFields in future releases of GHC.
    |
117 | getDeployment_environmentId = Lens.lens (\GetDeployment' {environmentId} -> environmentId) (\s@GetDeployment' {} a -> s {environmentId = a} :: GetDeployment)
    |                                                                                                                          ^^^^^^^^^^^^^^^^^

gen/Amazonka/AppConfig/GetDeployment.hs:121:131: warning: [GHC-02256] [-Wambiguous-fields]
    The record update s {deploymentNumber = a} with type GetDeployment is ambiguous.
    This will not be supported by -XDuplicateRecordFields in future releases of GHC.
    |
121 | getDeployment_deploymentNumber = Lens.lens (\GetDeployment' {deploymentNumber} -> deploymentNumber) (\s@GetDeployment' {} a -> s {deploymentNumber = a} :: GetDeployment)
    |                                                                                                                                   ^^^^^^^^^^^^^^^^^^^^
[48 of 74] Compiling Amazonka.AppConfig.GetConfigurationProfile

gen/Amazonka/AppConfig/GetConfigurationProfile.hs:97:152: warning: [GHC-02256] [-Wambiguous-fields]
    The record update s {applicationId = a} with type GetConfigurationProfile is ambiguous.
    This will not be supported by -XDuplicateRecordFields in future releases of GHC.
   |
97 | getConfigurationProfile_applicationId = Lens.lens (\GetConfigurationProfile' {applicationId} -> applicationId) (\s@GetConfigurationProfile' {} a -> s {applicationId = a} :: GetConfigurationProfile)
   |                                                                                                                                                        ^^^^^^^^^^^^^^^^^

gen/Amazonka/AppConfig/GetConfigurationProfile.hs:101:179: warning: [GHC-02256] [-Wambiguous-fields]
    The record update s {configurationProfileId = a} with type GetConfigurationProfile is ambiguous.
    This will not be supported by -XDuplicateRecordFields in future releases of GHC.
    |
101 | getConfigurationProfile_configurationProfileId = Lens.lens (\GetConfigurationProfile' {configurationProfileId} -> configurationProfileId) (\s@GetConfigurationProfile' {} a -> s {configurationProfileId = a} :: GetConfigurationProfile)
    |                                                                                                                                                                                   ^^^^^^^^^^^^^^^^^^^^^^^^^^
[49 of 74] Compiling Amazonka.AppConfig.GetApplication

gen/Amazonka/AppConfig/GetApplication.hs:76:125: warning: [GHC-02256] [-Wambiguous-fields]
    The record update s {applicationId = a} with type GetApplication is ambiguous.
    This will not be supported by -XDuplicateRecordFields in future releases of GHC.
   |
76 | getApplication_applicationId = Lens.lens (\GetApplication' {applicationId} -> applicationId) (\s@GetApplication' {} a -> s {applicationId = a} :: GetApplication)
   |                                                                                                                             ^^^^^^^^^^^^^^^^^
[50 of 74] Compiling Amazonka.AppConfig.DeleteHostedConfigurationVersion

gen/Amazonka/AppConfig/DeleteHostedConfigurationVersion.hs:95:179: warning: [GHC-02256] [-Wambiguous-fields]
    The record update s {applicationId = a} with type DeleteHostedConfigurationVersion is ambiguous.
    This will not be supported by -XDuplicateRecordFields in future releases of GHC.
   |
95 | deleteHostedConfigurationVersion_applicationId = Lens.lens (\DeleteHostedConfigurationVersion' {applicationId} -> applicationId) (\s@DeleteHostedConfigurationVersion' {} a -> s {applicationId = a} :: DeleteHostedConfigurationVersion)
   |                                                                                                                                                                                   ^^^^^^^^^^^^^^^^^

gen/Amazonka/AppConfig/DeleteHostedConfigurationVersion.hs:99:206: warning: [GHC-02256] [-Wambiguous-fields]
    The record update s {configurationProfileId = a} with type DeleteHostedConfigurationVersion is ambiguous.
    This will not be supported by -XDuplicateRecordFields in future releases of GHC.
   |
99 | deleteHostedConfigurationVersion_configurationProfileId = Lens.lens (\DeleteHostedConfigurationVersion' {configurationProfileId} -> configurationProfileId) (\s@DeleteHostedConfigurationVersion' {} a -> s {configurationProfileId = a} :: DeleteHostedConfigurationVersion)
   |                                                                                                                                                                                                              ^^^^^^^^^^^^^^^^^^^^^^^^^^

gen/Amazonka/AppConfig/DeleteHostedConfigurationVersion.hs:103:179: warning: [GHC-02256] [-Wambiguous-fields]
    The record update s {versionNumber = a} with type DeleteHostedConfigurationVersion is ambiguous.
    This will not be supported by -XDuplicateRecordFields in future releases of GHC.
    |
103 | deleteHostedConfigurationVersion_versionNumber = Lens.lens (\DeleteHostedConfigurationVersion' {versionNumber} -> versionNumber) (\s@DeleteHostedConfigurationVersion' {} a -> s {versionNumber = a} :: DeleteHostedConfigurationVersion)
    |                                                                                                                                                                                   ^^^^^^^^^^^^^^^^^
[51 of 74] Compiling Amazonka.AppConfig.DeleteExtensionAssociation

gen/Amazonka/AppConfig/DeleteExtensionAssociation.hs:76:188: warning: [GHC-02256] [-Wambiguous-fields]
    The record update s {extensionAssociationId = a} with type DeleteExtensionAssociation is ambiguous.
    This will not be supported by -XDuplicateRecordFields in future releases of GHC.
   |
76 | deleteExtensionAssociation_extensionAssociationId = Lens.lens (\DeleteExtensionAssociation' {extensionAssociationId} -> extensionAssociationId) (\s@DeleteExtensionAssociation' {} a -> s {extensionAssociationId = a} :: DeleteExtensionAssociation)
   |                                                                                                                                                                                            ^^^^^^^^^^^^^^^^^^^^^^^^^^
[52 of 74] Compiling Amazonka.AppConfig.DeleteExtension

gen/Amazonka/AppConfig/DeleteExtension.hs:85:128: warning: [GHC-02256] [-Wambiguous-fields]
    The record update s {versionNumber = a} with type DeleteExtension is ambiguous.
    This will not be supported by -XDuplicateRecordFields in future releases of GHC.
   |
85 | deleteExtension_versionNumber = Lens.lens (\DeleteExtension' {versionNumber} -> versionNumber) (\s@DeleteExtension' {} a -> s {versionNumber = a} :: DeleteExtension)
   |                                                                                                                                ^^^^^^^^^^^^^^^^^

gen/Amazonka/AppConfig/DeleteExtension.hs:90:146: warning: [GHC-02256] [-Wambiguous-fields]
    The record update s {extensionIdentifier = a} with type DeleteExtension is ambiguous.
    This will not be supported by -XDuplicateRecordFields in future releases of GHC.
   |
90 | deleteExtension_extensionIdentifier = Lens.lens (\DeleteExtension' {extensionIdentifier} -> extensionIdentifier) (\s@DeleteExtension' {} a -> s {extensionIdentifier = a} :: DeleteExtension)
   |                                                                                                                                                  ^^^^^^^^^^^^^^^^^^^^^^^
[53 of 74] Compiling Amazonka.AppConfig.DeleteEnvironment

gen/Amazonka/AppConfig/DeleteEnvironment.hs:85:134: warning: [GHC-02256] [-Wambiguous-fields]
    The record update s {applicationId = a} with type DeleteEnvironment is ambiguous.
    This will not be supported by -XDuplicateRecordFields in future releases of GHC.
   |
85 | deleteEnvironment_applicationId = Lens.lens (\DeleteEnvironment' {applicationId} -> applicationId) (\s@DeleteEnvironment' {} a -> s {applicationId = a} :: DeleteEnvironment)
   |                                                                                                                                      ^^^^^^^^^^^^^^^^^

gen/Amazonka/AppConfig/DeleteEnvironment.hs:89:134: warning: [GHC-02256] [-Wambiguous-fields]
    The record update s {environmentId = a} with type DeleteEnvironment is ambiguous.
    This will not be supported by -XDuplicateRecordFields in future releases of GHC.
   |
89 | deleteEnvironment_environmentId = Lens.lens (\DeleteEnvironment' {environmentId} -> environmentId) (\s@DeleteEnvironment' {} a -> s {environmentId = a} :: DeleteEnvironment)
   |                                                                                                                                      ^^^^^^^^^^^^^^^^^
[54 of 74] Compiling Amazonka.AppConfig.DeleteDeploymentStrategy

gen/Amazonka/AppConfig/DeleteDeploymentStrategy.hs:75:176: warning: [GHC-02256] [-Wambiguous-fields]
    The record update s {deploymentStrategyId = a} with type DeleteDeploymentStrategy is ambiguous.
    This will not be supported by -XDuplicateRecordFields in future releases of GHC.
   |
75 | deleteDeploymentStrategy_deploymentStrategyId = Lens.lens (\DeleteDeploymentStrategy' {deploymentStrategyId} -> deploymentStrategyId) (\s@DeleteDeploymentStrategy' {} a -> s {deploymentStrategyId = a} :: DeleteDeploymentStrategy)
   |                                                                                                                                                                                ^^^^^^^^^^^^^^^^^^^^^^^^
[55 of 74] Compiling Amazonka.AppConfig.DeleteConfigurationProfile

gen/Amazonka/AppConfig/DeleteConfigurationProfile.hs:89:161: warning: [GHC-02256] [-Wambiguous-fields]
    The record update s {applicationId = a} with type DeleteConfigurationProfile is ambiguous.
    This will not be supported by -XDuplicateRecordFields in future releases of GHC.
   |
89 | deleteConfigurationProfile_applicationId = Lens.lens (\DeleteConfigurationProfile' {applicationId} -> applicationId) (\s@DeleteConfigurationProfile' {} a -> s {applicationId = a} :: DeleteConfigurationProfile)
   |                                                                                                                                                                 ^^^^^^^^^^^^^^^^^

gen/Amazonka/AppConfig/DeleteConfigurationProfile.hs:93:188: warning: [GHC-02256] [-Wambiguous-fields]
    The record update s {configurationProfileId = a} with type DeleteConfigurationProfile is ambiguous.
    This will not be supported by -XDuplicateRecordFields in future releases of GHC.
   |
93 | deleteConfigurationProfile_configurationProfileId = Lens.lens (\DeleteConfigurationProfile' {configurationProfileId} -> configurationProfileId) (\s@DeleteConfigurationProfile' {} a -> s {configurationProfileId = a} :: DeleteConfigurationProfile)
   |                                                                                                                                                                                            ^^^^^^^^^^^^^^^^^^^^^^^^^^
[56 of 74] Compiling Amazonka.AppConfig.DeleteApplication

gen/Amazonka/AppConfig/DeleteApplication.hs:72:134: warning: [GHC-02256] [-Wambiguous-fields]
    The record update s {applicationId = a} with type DeleteApplication is ambiguous.
    This will not be supported by -XDuplicateRecordFields in future releases of GHC.
   |
72 | deleteApplication_applicationId = Lens.lens (\DeleteApplication' {applicationId} -> applicationId) (\s@DeleteApplication' {} a -> s {applicationId = a} :: DeleteApplication)
   |                                                                                                                                      ^^^^^^^^^^^^^^^^^
[57 of 74] Compiling Amazonka.AppConfig.CreateHostedConfigurationVersion

gen/Amazonka/AppConfig/CreateHostedConfigurationVersion.hs:136:173: warning: [GHC-02256] [-Wambiguous-fields]
    The record update s {description = a} with type CreateHostedConfigurationVersion is ambiguous.
    This will not be supported by -XDuplicateRecordFields in future releases of GHC.
    |
136 | createHostedConfigurationVersion_description = Lens.lens (\CreateHostedConfigurationVersion' {description} -> description) (\s@CreateHostedConfigurationVersion' {} a -> s {description = a} :: CreateHostedConfigurationVersion)
    |                                                                                                                                                                             ^^^^^^^^^^^^^^^

gen/Amazonka/AppConfig/CreateHostedConfigurationVersion.hs:148:179: warning: [GHC-02256] [-Wambiguous-fields]
    The record update s {applicationId = a} with type CreateHostedConfigurationVersion is ambiguous.
    This will not be supported by -XDuplicateRecordFields in future releases of GHC.
    |
148 | createHostedConfigurationVersion_applicationId = Lens.lens (\CreateHostedConfigurationVersion' {applicationId} -> applicationId) (\s@CreateHostedConfigurationVersion' {} a -> s {applicationId = a} :: CreateHostedConfigurationVersion)
    |                                                                                                                                                                                   ^^^^^^^^^^^^^^^^^

gen/Amazonka/AppConfig/CreateHostedConfigurationVersion.hs:152:206: warning: [GHC-02256] [-Wambiguous-fields]
    The record update s {configurationProfileId = a} with type CreateHostedConfigurationVersion is ambiguous.
    This will not be supported by -XDuplicateRecordFields in future releases of GHC.
    |
152 | createHostedConfigurationVersion_configurationProfileId = Lens.lens (\CreateHostedConfigurationVersion' {configurationProfileId} -> configurationProfileId) (\s@CreateHostedConfigurationVersion' {} a -> s {configurationProfileId = a} :: CreateHostedConfigurationVersion)
    |                                                                                                                                                                                                              ^^^^^^^^^^^^^^^^^^^^^^^^^^

gen/Amazonka/AppConfig/CreateHostedConfigurationVersion.hs:156:161: warning: [GHC-02256] [-Wambiguous-fields]
    The record update s {content = a} with type CreateHostedConfigurationVersion is ambiguous.
    This will not be supported by -XDuplicateRecordFields in future releases of GHC.
    |
156 | createHostedConfigurationVersion_content = Lens.lens (\CreateHostedConfigurationVersion' {content} -> content) (\s@CreateHostedConfigurationVersion' {} a -> s {content = a} :: CreateHostedConfigurationVersion) Prelude.. Data._Sensitive
    |                                                                                                                                                                 ^^^^^^^^^^^

gen/Amazonka/AppConfig/CreateHostedConfigurationVersion.hs:162:173: warning: [GHC-02256] [-Wambiguous-fields]
    The record update s {contentType = a} with type CreateHostedConfigurationVersion is ambiguous.
    This will not be supported by -XDuplicateRecordFields in future releases of GHC.
    |
162 | createHostedConfigurationVersion_contentType = Lens.lens (\CreateHostedConfigurationVersion' {contentType} -> contentType) (\s@CreateHostedConfigurationVersion' {} a -> s {contentType = a} :: CreateHostedConfigurationVersion)
    |                                                                                                                                                                             ^^^^^^^^^^^^^^^
[58 of 74] Compiling Amazonka.AppConfig.CreateExtensionAssociation

gen/Amazonka/AppConfig/CreateExtensionAssociation.hs:134:188: warning: [GHC-02256] [-Wambiguous-fields]
    The record update s {extensionVersionNumber = a} with type CreateExtensionAssociation is ambiguous.
    This will not be supported by -XDuplicateRecordFields in future releases of GHC.
    |
134 | createExtensionAssociation_extensionVersionNumber = Lens.lens (\CreateExtensionAssociation' {extensionVersionNumber} -> extensionVersionNumber) (\s@CreateExtensionAssociation' {} a -> s {extensionVersionNumber = a} :: CreateExtensionAssociation)
    |                                                                                                                                                                                            ^^^^^^^^^^^^^^^^^^^^^^^^^^

gen/Amazonka/AppConfig/CreateExtensionAssociation.hs:139:152: warning: [GHC-02256] [-Wambiguous-fields]
    The record update s {parameters = a} with type CreateExtensionAssociation is ambiguous.
    This will not be supported by -XDuplicateRecordFields in future releases of GHC.
    |
139 | createExtensionAssociation_parameters = Lens.lens (\CreateExtensionAssociation' {parameters} -> parameters) (\s@CreateExtensionAssociation' {} a -> s {parameters = a} :: CreateExtensionAssociation) Prelude.. Lens.mapping Lens.coerced
    |                                                                                                                                                        ^^^^^^^^^^^^^^

gen/Amazonka/AppConfig/CreateExtensionAssociation.hs:150:179: warning: [GHC-02256] [-Wambiguous-fields]
    The record update s {extensionIdentifier = a} with type CreateExtensionAssociation is ambiguous.
    This will not be supported by -XDuplicateRecordFields in future releases of GHC.
    |
150 | createExtensionAssociation_extensionIdentifier = Lens.lens (\CreateExtensionAssociation' {extensionIdentifier} -> extensionIdentifier) (\s@CreateExtensionAssociation' {} a -> s {extensionIdentifier = a} :: CreateExtensionAssociation)
    |                                                                                                                                                                                   ^^^^^^^^^^^^^^^^^^^^^^^
[59 of 74] Compiling Amazonka.AppConfig.CreateExtension

gen/Amazonka/AppConfig/CreateExtension.hs:140:122: warning: [GHC-02256] [-Wambiguous-fields]
    The record update s {description = a} with type CreateExtension is ambiguous.
    This will not be supported by -XDuplicateRecordFields in future releases of GHC.
    |
140 | createExtension_description = Lens.lens (\CreateExtension' {description} -> description) (\s@CreateExtension' {} a -> s {description = a} :: CreateExtension)
    |                                                                                                                          ^^^^^^^^^^^^^^^

gen/Amazonka/AppConfig/CreateExtension.hs:153:119: warning: [GHC-02256] [-Wambiguous-fields]
    The record update s {parameters = a} with type CreateExtension is ambiguous.
    This will not be supported by -XDuplicateRecordFields in future releases of GHC.
    |
153 | createExtension_parameters = Lens.lens (\CreateExtension' {parameters} -> parameters) (\s@CreateExtension' {} a -> s {parameters = a} :: CreateExtension) Prelude.. Lens.mapping Lens.coerced
    |                                                                                                                       ^^^^^^^^^^^^^^

gen/Amazonka/AppConfig/CreateExtension.hs:165:101: warning: [GHC-02256] [-Wambiguous-fields]
    The record update s {name = a} with type CreateExtension is ambiguous.
    This will not be supported by -XDuplicateRecordFields in future releases of GHC.
    |
165 | createExtension_name = Lens.lens (\CreateExtension' {name} -> name) (\s@CreateExtension' {} a -> s {name = a} :: CreateExtension)
    |                                                                                                     ^^^^^^^^

gen/Amazonka/AppConfig/CreateExtension.hs:169:110: warning: [GHC-02256] [-Wambiguous-fields]
    The record update s {actions = a} with type CreateExtension is ambiguous.
    This will not be supported by -XDuplicateRecordFields in future releases of GHC.
    |
169 | createExtension_actions = Lens.lens (\CreateExtension' {actions} -> actions) (\s@CreateExtension' {} a -> s {actions = a} :: CreateExtension) Prelude.. Lens.coerced
    |                                                                                                              ^^^^^^^^^^^
[60 of 74] Compiling Amazonka.AppConfig.CreateEnvironment

gen/Amazonka/AppConfig/CreateEnvironment.hs:118:128: warning: [GHC-02256] [-Wambiguous-fields]
    The record update s {description = a} with type CreateEnvironment is ambiguous.
    This will not be supported by -XDuplicateRecordFields in future releases of GHC.
    |
118 | createEnvironment_description = Lens.lens (\CreateEnvironment' {description} -> description) (\s@CreateEnvironment' {} a -> s {description = a} :: CreateEnvironment)
    |                                                                                                                                ^^^^^^^^^^^^^^^

gen/Amazonka/AppConfig/CreateEnvironment.hs:122:119: warning: [GHC-02256] [-Wambiguous-fields]
    The record update s {monitors = a} with type CreateEnvironment is ambiguous.
    This will not be supported by -XDuplicateRecordFields in future releases of GHC.
    |
122 | createEnvironment_monitors = Lens.lens (\CreateEnvironment' {monitors} -> monitors) (\s@CreateEnvironment' {} a -> s {monitors = a} :: CreateEnvironment) Prelude.. Lens.mapping Lens.coerced
    |                                                                                                                       ^^^^^^^^^^^^

gen/Amazonka/AppConfig/CreateEnvironment.hs:132:134: warning: [GHC-02256] [-Wambiguous-fields]
    The record update s {applicationId = a} with type CreateEnvironment is ambiguous.
    This will not be supported by -XDuplicateRecordFields in future releases of GHC.
    |
132 | createEnvironment_applicationId = Lens.lens (\CreateEnvironment' {applicationId} -> applicationId) (\s@CreateEnvironment' {} a -> s {applicationId = a} :: CreateEnvironment)
    |                                                                                                                                      ^^^^^^^^^^^^^^^^^

gen/Amazonka/AppConfig/CreateEnvironment.hs:136:107: warning: [GHC-02256] [-Wambiguous-fields]
    The record update s {name = a} with type CreateEnvironment is ambiguous.
    This will not be supported by -XDuplicateRecordFields in future releases of GHC.
    |
136 | createEnvironment_name = Lens.lens (\CreateEnvironment' {name} -> name) (\s@CreateEnvironment' {} a -> s {name = a} :: CreateEnvironment)
    |                                                                                                           ^^^^^^^^
[61 of 74] Compiling Amazonka.AppConfig.CreateDeploymentStrategy

gen/Amazonka/AppConfig/CreateDeploymentStrategy.hs:210:149: warning: [GHC-02256] [-Wambiguous-fields]
    The record update s {description = a} with type CreateDeploymentStrategy is ambiguous.
    This will not be supported by -XDuplicateRecordFields in future releases of GHC.
    |
210 | createDeploymentStrategy_description = Lens.lens (\CreateDeploymentStrategy' {description} -> description) (\s@CreateDeploymentStrategy' {} a -> s {description = a} :: CreateDeploymentStrategy)
    |                                                                                                                                                     ^^^^^^^^^^^^^^^

gen/Amazonka/AppConfig/CreateDeploymentStrategy.hs:221:182: warning: [GHC-02256] [-Wambiguous-fields]
    The record update s {finalBakeTimeInMinutes = a} with type CreateDeploymentStrategy is ambiguous.
    This will not be supported by -XDuplicateRecordFields in future releases of GHC.
    |
221 | createDeploymentStrategy_finalBakeTimeInMinutes = Lens.lens (\CreateDeploymentStrategy' {finalBakeTimeInMinutes} -> finalBakeTimeInMinutes) (\s@CreateDeploymentStrategy' {} a -> s {finalBakeTimeInMinutes = a} :: CreateDeploymentStrategy)
    |                                                                                                                                                                                      ^^^^^^^^^^^^^^^^^^^^^^^^^^

gen/Amazonka/AppConfig/CreateDeploymentStrategy.hs:251:146: warning: [GHC-02256] [-Wambiguous-fields]
    The record update s {growthType = a} with type CreateDeploymentStrategy is ambiguous.
    This will not be supported by -XDuplicateRecordFields in future releases of GHC.
    |
251 | createDeploymentStrategy_growthType = Lens.lens (\CreateDeploymentStrategy' {growthType} -> growthType) (\s@CreateDeploymentStrategy' {} a -> s {growthType = a} :: CreateDeploymentStrategy)
    |                                                                                                                                                  ^^^^^^^^^^^^^^

gen/Amazonka/AppConfig/CreateDeploymentStrategy.hs:255:149: warning: [GHC-02256] [-Wambiguous-fields]
    The record update s {replicateTo = a} with type CreateDeploymentStrategy is ambiguous.
    This will not be supported by -XDuplicateRecordFields in future releases of GHC.
    |
255 | createDeploymentStrategy_replicateTo = Lens.lens (\CreateDeploymentStrategy' {replicateTo} -> replicateTo) (\s@CreateDeploymentStrategy' {} a -> s {replicateTo = a} :: CreateDeploymentStrategy)
    |                                                                                                                                                     ^^^^^^^^^^^^^^^

gen/Amazonka/AppConfig/CreateDeploymentStrategy.hs:265:128: warning: [GHC-02256] [-Wambiguous-fields]
    The record update s {name = a} with type CreateDeploymentStrategy is ambiguous.
    This will not be supported by -XDuplicateRecordFields in future releases of GHC.
    |
265 | createDeploymentStrategy_name = Lens.lens (\CreateDeploymentStrategy' {name} -> name) (\s@CreateDeploymentStrategy' {} a -> s {name = a} :: CreateDeploymentStrategy)
    |                                                                                                                                ^^^^^^^^

gen/Amazonka/AppConfig/CreateDeploymentStrategy.hs:269:197: warning: [GHC-02256] [-Wambiguous-fields]
    The record update s {deploymentDurationInMinutes = a} with type CreateDeploymentStrategy is ambiguous.
    This will not be supported by -XDuplicateRecordFields in future releases of GHC.
    |
269 | createDeploymentStrategy_deploymentDurationInMinutes = Lens.lens (\CreateDeploymentStrategy' {deploymentDurationInMinutes} -> deploymentDurationInMinutes) (\s@CreateDeploymentStrategy' {} a -> s {deploymentDurationInMinutes = a} :: CreateDeploymentStrategy)
    |                                                                                                                                                                                                     ^^^^^^^^^^^^^^^^^^^^^^^^^^^^^^^

gen/Amazonka/AppConfig/CreateDeploymentStrategy.hs:274:152: warning: [GHC-02256] [-Wambiguous-fields]
    The record update s {growthFactor = a} with type CreateDeploymentStrategy is ambiguous.
    This will not be supported by -XDuplicateRecordFields in future releases of GHC.
    |
274 | createDeploymentStrategy_growthFactor = Lens.lens (\CreateDeploymentStrategy' {growthFactor} -> growthFactor) (\s@CreateDeploymentStrategy' {} a -> s {growthFactor = a} :: CreateDeploymentStrategy)
    |                                                                                                                                                        ^^^^^^^^^^^^^^^^
[62 of 74] Compiling Amazonka.AppConfig.CreateConfigurationProfile

gen/Amazonka/AppConfig/CreateConfigurationProfile.hs:202:155: warning: [GHC-02256] [-Wambiguous-fields]
    The record update s {description = a} with type CreateConfigurationProfile is ambiguous.
    This will not be supported by -XDuplicateRecordFields in future releases of GHC.
    |
202 | createConfigurationProfile_description = Lens.lens (\CreateConfigurationProfile' {description} -> description) (\s@CreateConfigurationProfile' {} a -> s {description = a} :: CreateConfigurationProfile)
    |                                                                                                                                                           ^^^^^^^^^^^^^^^

gen/Amazonka/AppConfig/CreateConfigurationProfile.hs:211:170: warning: [GHC-02256] [-Wambiguous-fields]
    The record update s {retrievalRoleArn = a} with type CreateConfigurationProfile is ambiguous.
    This will not be supported by -XDuplicateRecordFields in future releases of GHC.
    |
211 | createConfigurationProfile_retrievalRoleArn = Lens.lens (\CreateConfigurationProfile' {retrievalRoleArn} -> retrievalRoleArn) (\s@CreateConfigurationProfile' {} a -> s {retrievalRoleArn = a} :: CreateConfigurationProfile)
    |                                                                                                                                                                          ^^^^^^^^^^^^^^^^^^^^

gen/Amazonka/AppConfig/CreateConfigurationProfile.hs:229:136: warning: [GHC-02256] [-Wambiguous-fields]
    The record update s {type' = a} with type CreateConfigurationProfile is ambiguous.
    This will not be supported by -XDuplicateRecordFields in future releases of GHC.
    |
229 | createConfigurationProfile_type = Lens.lens (\CreateConfigurationProfile' {type'} -> type') (\s@CreateConfigurationProfile' {} a -> s {type' = a} :: CreateConfigurationProfile)
    |                                                                                                                                        ^^^^^^^^^

gen/Amazonka/AppConfig/CreateConfigurationProfile.hs:233:152: warning: [GHC-02256] [-Wambiguous-fields]
    The record update s {validators = a} with type CreateConfigurationProfile is ambiguous.
    This will not be supported by -XDuplicateRecordFields in future releases of GHC.
    |
233 | createConfigurationProfile_validators = Lens.lens (\CreateConfigurationProfile' {validators} -> validators) (\s@CreateConfigurationProfile' {} a -> s {validators = a} :: CreateConfigurationProfile) Prelude.. Lens.mapping Lens.coerced
    |                                                                                                                                                        ^^^^^^^^^^^^^^

gen/Amazonka/AppConfig/CreateConfigurationProfile.hs:237:161: warning: [GHC-02256] [-Wambiguous-fields]
    The record update s {applicationId = a} with type CreateConfigurationProfile is ambiguous.
    This will not be supported by -XDuplicateRecordFields in future releases of GHC.
    |
237 | createConfigurationProfile_applicationId = Lens.lens (\CreateConfigurationProfile' {applicationId} -> applicationId) (\s@CreateConfigurationProfile' {} a -> s {applicationId = a} :: CreateConfigurationProfile)
    |                                                                                                                                                                 ^^^^^^^^^^^^^^^^^

gen/Amazonka/AppConfig/CreateConfigurationProfile.hs:241:134: warning: [GHC-02256] [-Wambiguous-fields]
    The record update s {name = a} with type CreateConfigurationProfile is ambiguous.
    This will not be supported by -XDuplicateRecordFields in future releases of GHC.
    |
241 | createConfigurationProfile_name = Lens.lens (\CreateConfigurationProfile' {name} -> name) (\s@CreateConfigurationProfile' {} a -> s {name = a} :: CreateConfigurationProfile)
    |                                                                                                                                      ^^^^^^^^

gen/Amazonka/AppConfig/CreateConfigurationProfile.hs:255:155: warning: [GHC-02256] [-Wambiguous-fields]
    The record update s {locationUri = a} with type CreateConfigurationProfile is ambiguous.
    This will not be supported by -XDuplicateRecordFields in future releases of GHC.
    |
255 | createConfigurationProfile_locationUri = Lens.lens (\CreateConfigurationProfile' {locationUri} -> locationUri) (\s@CreateConfigurationProfile' {} a -> s {locationUri = a} :: CreateConfigurationProfile)
    |                                                                                                                                                           ^^^^^^^^^^^^^^^
[63 of 74] Compiling Amazonka.AppConfig.CreateApplication

gen/Amazonka/AppConfig/CreateApplication.hs:98:128: warning: [GHC-02256] [-Wambiguous-fields]
    The record update s {description = a} with type CreateApplication is ambiguous.
    This will not be supported by -XDuplicateRecordFields in future releases of GHC.
   |
98 | createApplication_description = Lens.lens (\CreateApplication' {description} -> description) (\s@CreateApplication' {} a -> s {description = a} :: CreateApplication)
   |                                                                                                                                ^^^^^^^^^^^^^^^

gen/Amazonka/AppConfig/CreateApplication.hs:108:107: warning: [GHC-02256] [-Wambiguous-fields]
    The record update s {name = a} with type CreateApplication is ambiguous.
    This will not be supported by -XDuplicateRecordFields in future releases of GHC.
    |
108 | createApplication_name = Lens.lens (\CreateApplication' {name} -> name) (\s@CreateApplication' {} a -> s {name = a} :: CreateApplication)
    |                                                                                                           ^^^^^^^^
[64 of 74] Compiling Amazonka.AppConfig.UntagResource

gen/Amazonka/AppConfig/UntagResource.hs:79:116: warning: [GHC-02256] [-Wambiguous-fields]
    The record update s {resourceArn = a} with type UntagResource is ambiguous.
    This will not be supported by -XDuplicateRecordFields in future releases of GHC.
   |
79 | untagResource_resourceArn = Lens.lens (\UntagResource' {resourceArn} -> resourceArn) (\s@UntagResource' {} a -> s {resourceArn = a} :: UntagResource)
   |                                                                                                                    ^^^^^^^^^^^^^^^
[65 of 74] Compiling Amazonka.AppConfig.UpdateApplication

gen/Amazonka/AppConfig/UpdateApplication.hs:90:128: warning: [GHC-02256] [-Wambiguous-fields]
    The record update s {description = a} with type UpdateApplication is ambiguous.
    This will not be supported by -XDuplicateRecordFields in future releases of GHC.
   |
90 | updateApplication_description = Lens.lens (\UpdateApplication' {description} -> description) (\s@UpdateApplication' {} a -> s {description = a} :: UpdateApplication)
   |                                                                                                                                ^^^^^^^^^^^^^^^

gen/Amazonka/AppConfig/UpdateApplication.hs:94:107: warning: [GHC-02256] [-Wambiguous-fields]
    The record update s {name = a} with type UpdateApplication is ambiguous.
    This will not be supported by -XDuplicateRecordFields in future releases of GHC.
   |
94 | updateApplication_name = Lens.lens (\UpdateApplication' {name} -> name) (\s@UpdateApplication' {} a -> s {name = a} :: UpdateApplication)
   |                                                                                                           ^^^^^^^^

gen/Amazonka/AppConfig/UpdateApplication.hs:98:134: warning: [GHC-02256] [-Wambiguous-fields]
    The record update s {applicationId = a} with type UpdateApplication is ambiguous.
    This will not be supported by -XDuplicateRecordFields in future releases of GHC.
   |
98 | updateApplication_applicationId = Lens.lens (\UpdateApplication' {applicationId} -> applicationId) (\s@UpdateApplication' {} a -> s {applicationId = a} :: UpdateApplication)
   |                                                                                                                                      ^^^^^^^^^^^^^^^^^
[66 of 74] Compiling Amazonka.AppConfig.UpdateConfigurationProfile

gen/Amazonka/AppConfig/UpdateConfigurationProfile.hs:121:155: warning: [GHC-02256] [-Wambiguous-fields]
    The record update s {description = a} with type UpdateConfigurationProfile is ambiguous.
    This will not be supported by -XDuplicateRecordFields in future releases of GHC.
    |
121 | updateConfigurationProfile_description = Lens.lens (\UpdateConfigurationProfile' {description} -> description) (\s@UpdateConfigurationProfile' {} a -> s {description = a} :: UpdateConfigurationProfile)
    |                                                                                                                                                           ^^^^^^^^^^^^^^^

gen/Amazonka/AppConfig/UpdateConfigurationProfile.hs:125:134: warning: [GHC-02256] [-Wambiguous-fields]
    The record update s {name = a} with type UpdateConfigurationProfile is ambiguous.
    This will not be supported by -XDuplicateRecordFields in future releases of GHC.
    |
125 | updateConfigurationProfile_name = Lens.lens (\UpdateConfigurationProfile' {name} -> name) (\s@UpdateConfigurationProfile' {} a -> s {name = a} :: UpdateConfigurationProfile)
    |                                                                                                                                      ^^^^^^^^

gen/Amazonka/AppConfig/UpdateConfigurationProfile.hs:130:170: warning: [GHC-02256] [-Wambiguous-fields]
    The record update s {retrievalRoleArn = a} with type UpdateConfigurationProfile is ambiguous.
    This will not be supported by -XDuplicateRecordFields in future releases of GHC.
    |
130 | updateConfigurationProfile_retrievalRoleArn = Lens.lens (\UpdateConfigurationProfile' {retrievalRoleArn} -> retrievalRoleArn) (\s@UpdateConfigurationProfile' {} a -> s {retrievalRoleArn = a} :: UpdateConfigurationProfile)
    |                                                                                                                                                                          ^^^^^^^^^^^^^^^^^^^^

gen/Amazonka/AppConfig/UpdateConfigurationProfile.hs:134:152: warning: [GHC-02256] [-Wambiguous-fields]
    The record update s {validators = a} with type UpdateConfigurationProfile is ambiguous.
    This will not be supported by -XDuplicateRecordFields in future releases of GHC.
    |
134 | updateConfigurationProfile_validators = Lens.lens (\UpdateConfigurationProfile' {validators} -> validators) (\s@UpdateConfigurationProfile' {} a -> s {validators = a} :: UpdateConfigurationProfile) Prelude.. Lens.mapping Lens.coerced
    |                                                                                                                                                        ^^^^^^^^^^^^^^

gen/Amazonka/AppConfig/UpdateConfigurationProfile.hs:138:161: warning: [GHC-02256] [-Wambiguous-fields]
    The record update s {applicationId = a} with type UpdateConfigurationProfile is ambiguous.
    This will not be supported by -XDuplicateRecordFields in future releases of GHC.
    |
138 | updateConfigurationProfile_applicationId = Lens.lens (\UpdateConfigurationProfile' {applicationId} -> applicationId) (\s@UpdateConfigurationProfile' {} a -> s {applicationId = a} :: UpdateConfigurationProfile)
    |                                                                                                                                                                 ^^^^^^^^^^^^^^^^^

gen/Amazonka/AppConfig/UpdateConfigurationProfile.hs:142:188: warning: [GHC-02256] [-Wambiguous-fields]
    The record update s {configurationProfileId = a} with type UpdateConfigurationProfile is ambiguous.
    This will not be supported by -XDuplicateRecordFields in future releases of GHC.
    |
142 | updateConfigurationProfile_configurationProfileId = Lens.lens (\UpdateConfigurationProfile' {configurationProfileId} -> configurationProfileId) (\s@UpdateConfigurationProfile' {} a -> s {configurationProfileId = a} :: UpdateConfigurationProfile)
    |                                                                                                                                                                                            ^^^^^^^^^^^^^^^^^^^^^^^^^^
[67 of 74] Compiling Amazonka.AppConfig.UpdateDeploymentStrategy

gen/Amazonka/AppConfig/UpdateDeploymentStrategy.hs:172:197: warning: [GHC-02256] [-Wambiguous-fields]
    The record update s {deploymentDurationInMinutes = a} with type UpdateDeploymentStrategy is ambiguous.
    This will not be supported by -XDuplicateRecordFields in future releases of GHC.
    |
172 | updateDeploymentStrategy_deploymentDurationInMinutes = Lens.lens (\UpdateDeploymentStrategy' {deploymentDurationInMinutes} -> deploymentDurationInMinutes) (\s@UpdateDeploymentStrategy' {} a -> s {deploymentDurationInMinutes = a} :: UpdateDeploymentStrategy)
    |                                                                                                                                                                                                     ^^^^^^^^^^^^^^^^^^^^^^^^^^^^^^^

gen/Amazonka/AppConfig/UpdateDeploymentStrategy.hs:176:149: warning: [GHC-02256] [-Wambiguous-fields]
    The record update s {description = a} with type UpdateDeploymentStrategy is ambiguous.
    This will not be supported by -XDuplicateRecordFields in future releases of GHC.
    |
176 | updateDeploymentStrategy_description = Lens.lens (\UpdateDeploymentStrategy' {description} -> description) (\s@UpdateDeploymentStrategy' {} a -> s {description = a} :: UpdateDeploymentStrategy)
    |                                                                                                                                                     ^^^^^^^^^^^^^^^

gen/Amazonka/AppConfig/UpdateDeploymentStrategy.hs:182:182: warning: [GHC-02256] [-Wambiguous-fields]
    The record update s {finalBakeTimeInMinutes = a} with type UpdateDeploymentStrategy is ambiguous.
    This will not be supported by -XDuplicateRecordFields in future releases of GHC.
    |
182 | updateDeploymentStrategy_finalBakeTimeInMinutes = Lens.lens (\UpdateDeploymentStrategy' {finalBakeTimeInMinutes} -> finalBakeTimeInMinutes) (\s@UpdateDeploymentStrategy' {} a -> s {finalBakeTimeInMinutes = a} :: UpdateDeploymentStrategy)
    |                                                                                                                                                                                      ^^^^^^^^^^^^^^^^^^^^^^^^^^

gen/Amazonka/AppConfig/UpdateDeploymentStrategy.hs:187:152: warning: [GHC-02256] [-Wambiguous-fields]
    The record update s {growthFactor = a} with type UpdateDeploymentStrategy is ambiguous.
    This will not be supported by -XDuplicateRecordFields in future releases of GHC.
    |
187 | updateDeploymentStrategy_growthFactor = Lens.lens (\UpdateDeploymentStrategy' {growthFactor} -> growthFactor) (\s@UpdateDeploymentStrategy' {} a -> s {growthFactor = a} :: UpdateDeploymentStrategy)
    |                                                                                                                                                        ^^^^^^^^^^^^^^^^

gen/Amazonka/AppConfig/UpdateDeploymentStrategy.hs:217:146: warning: [GHC-02256] [-Wambiguous-fields]
    The record update s {growthType = a} with type UpdateDeploymentStrategy is ambiguous.
    This will not be supported by -XDuplicateRecordFields in future releases of GHC.
    |
217 | updateDeploymentStrategy_growthType = Lens.lens (\UpdateDeploymentStrategy' {growthType} -> growthType) (\s@UpdateDeploymentStrategy' {} a -> s {growthType = a} :: UpdateDeploymentStrategy)
    |                                                                                                                                                  ^^^^^^^^^^^^^^

gen/Amazonka/AppConfig/UpdateDeploymentStrategy.hs:221:176: warning: [GHC-02256] [-Wambiguous-fields]
    The record update s {deploymentStrategyId = a} with type UpdateDeploymentStrategy is ambiguous.
    This will not be supported by -XDuplicateRecordFields in future releases of GHC.
    |
221 | updateDeploymentStrategy_deploymentStrategyId = Lens.lens (\UpdateDeploymentStrategy' {deploymentStrategyId} -> deploymentStrategyId) (\s@UpdateDeploymentStrategy' {} a -> s {deploymentStrategyId = a} :: UpdateDeploymentStrategy)
    |                                                                                                                                                                                ^^^^^^^^^^^^^^^^^^^^^^^^
[68 of 74] Compiling Amazonka.AppConfig.UpdateEnvironment

gen/Amazonka/AppConfig/UpdateEnvironment.hs:107:128: warning: [GHC-02256] [-Wambiguous-fields]
    The record update s {description = a} with type UpdateEnvironment is ambiguous.
    This will not be supported by -XDuplicateRecordFields in future releases of GHC.
    |
107 | updateEnvironment_description = Lens.lens (\UpdateEnvironment' {description} -> description) (\s@UpdateEnvironment' {} a -> s {description = a} :: UpdateEnvironment)
    |                                                                                                                                ^^^^^^^^^^^^^^^

gen/Amazonka/AppConfig/UpdateEnvironment.hs:111:119: warning: [GHC-02256] [-Wambiguous-fields]
    The record update s {monitors = a} with type UpdateEnvironment is ambiguous.
    This will not be supported by -XDuplicateRecordFields in future releases of GHC.
    |
111 | updateEnvironment_monitors = Lens.lens (\UpdateEnvironment' {monitors} -> monitors) (\s@UpdateEnvironment' {} a -> s {monitors = a} :: UpdateEnvironment) Prelude.. Lens.mapping Lens.coerced
    |                                                                                                                       ^^^^^^^^^^^^

gen/Amazonka/AppConfig/UpdateEnvironment.hs:115:107: warning: [GHC-02256] [-Wambiguous-fields]
    The record update s {name = a} with type UpdateEnvironment is ambiguous.
    This will not be supported by -XDuplicateRecordFields in future releases of GHC.
    |
115 | updateEnvironment_name = Lens.lens (\UpdateEnvironment' {name} -> name) (\s@UpdateEnvironment' {} a -> s {name = a} :: UpdateEnvironment)
    |                                                                                                           ^^^^^^^^

gen/Amazonka/AppConfig/UpdateEnvironment.hs:119:134: warning: [GHC-02256] [-Wambiguous-fields]
    The record update s {applicationId = a} with type UpdateEnvironment is ambiguous.
    This will not be supported by -XDuplicateRecordFields in future releases of GHC.
    |
119 | updateEnvironment_applicationId = Lens.lens (\UpdateEnvironment' {applicationId} -> applicationId) (\s@UpdateEnvironment' {} a -> s {applicationId = a} :: UpdateEnvironment)
    |                                                                                                                                      ^^^^^^^^^^^^^^^^^

gen/Amazonka/AppConfig/UpdateEnvironment.hs:123:134: warning: [GHC-02256] [-Wambiguous-fields]
    The record update s {environmentId = a} with type UpdateEnvironment is ambiguous.
    This will not be supported by -XDuplicateRecordFields in future releases of GHC.
    |
123 | updateEnvironment_environmentId = Lens.lens (\UpdateEnvironment' {environmentId} -> environmentId) (\s@UpdateEnvironment' {} a -> s {environmentId = a} :: UpdateEnvironment)
    |                                                                                                                                      ^^^^^^^^^^^^^^^^^
[69 of 74] Compiling Amazonka.AppConfig.UpdateExtension

gen/Amazonka/AppConfig/UpdateExtension.hs:109:110: warning: [GHC-02256] [-Wambiguous-fields]
    The record update s {actions = a} with type UpdateExtension is ambiguous.
    This will not be supported by -XDuplicateRecordFields in future releases of GHC.
    |
109 | updateExtension_actions = Lens.lens (\UpdateExtension' {actions} -> actions) (\s@UpdateExtension' {} a -> s {actions = a} :: UpdateExtension) Prelude.. Lens.mapping Lens.coerced
    |                                                                                                              ^^^^^^^^^^^

gen/Amazonka/AppConfig/UpdateExtension.hs:113:122: warning: [GHC-02256] [-Wambiguous-fields]
    The record update s {description = a} with type UpdateExtension is ambiguous.
    This will not be supported by -XDuplicateRecordFields in future releases of GHC.
    |
113 | updateExtension_description = Lens.lens (\UpdateExtension' {description} -> description) (\s@UpdateExtension' {} a -> s {description = a} :: UpdateExtension)
    |                                                                                                                          ^^^^^^^^^^^^^^^

gen/Amazonka/AppConfig/UpdateExtension.hs:117:119: warning: [GHC-02256] [-Wambiguous-fields]
    The record update s {parameters = a} with type UpdateExtension is ambiguous.
    This will not be supported by -XDuplicateRecordFields in future releases of GHC.
    |
117 | updateExtension_parameters = Lens.lens (\UpdateExtension' {parameters} -> parameters) (\s@UpdateExtension' {} a -> s {parameters = a} :: UpdateExtension) Prelude.. Lens.mapping Lens.coerced
    |                                                                                                                       ^^^^^^^^^^^^^^

gen/Amazonka/AppConfig/UpdateExtension.hs:121:128: warning: [GHC-02256] [-Wambiguous-fields]
    The record update s {versionNumber = a} with type UpdateExtension is ambiguous.
    This will not be supported by -XDuplicateRecordFields in future releases of GHC.
    |
121 | updateExtension_versionNumber = Lens.lens (\UpdateExtension' {versionNumber} -> versionNumber) (\s@UpdateExtension' {} a -> s {versionNumber = a} :: UpdateExtension)
    |                                                                                                                                ^^^^^^^^^^^^^^^^^

gen/Amazonka/AppConfig/UpdateExtension.hs:125:146: warning: [GHC-02256] [-Wambiguous-fields]
    The record update s {extensionIdentifier = a} with type UpdateExtension is ambiguous.
    This will not be supported by -XDuplicateRecordFields in future releases of GHC.
    |
125 | updateExtension_extensionIdentifier = Lens.lens (\UpdateExtension' {extensionIdentifier} -> extensionIdentifier) (\s@UpdateExtension' {} a -> s {extensionIdentifier = a} :: UpdateExtension)
    |                                                                                                                                                  ^^^^^^^^^^^^^^^^^^^^^^^
[70 of 74] Compiling Amazonka.AppConfig.UpdateExtensionAssociation

gen/Amazonka/AppConfig/UpdateExtensionAssociation.hs:93:152: warning: [GHC-02256] [-Wambiguous-fields]
    The record update s {parameters = a} with type UpdateExtensionAssociation is ambiguous.
    This will not be supported by -XDuplicateRecordFields in future releases of GHC.
   |
93 | updateExtensionAssociation_parameters = Lens.lens (\UpdateExtensionAssociation' {parameters} -> parameters) (\s@UpdateExtensionAssociation' {} a -> s {parameters = a} :: UpdateExtensionAssociation) Prelude.. Lens.mapping Lens.coerced
   |                                                                                                                                                        ^^^^^^^^^^^^^^

gen/Amazonka/AppConfig/UpdateExtensionAssociation.hs:97:188: warning: [GHC-02256] [-Wambiguous-fields]
    The record update s {extensionAssociationId = a} with type UpdateExtensionAssociation is ambiguous.
    This will not be supported by -XDuplicateRecordFields in future releases of GHC.
   |
97 | updateExtensionAssociation_extensionAssociationId = Lens.lens (\UpdateExtensionAssociation' {extensionAssociationId} -> extensionAssociationId) (\s@UpdateExtensionAssociation' {} a -> s {extensionAssociationId = a} :: UpdateExtensionAssociation)
   |                                                                                                                                                                                            ^^^^^^^^^^^^^^^^^^^^^^^^^^
[71 of 74] Compiling Amazonka.AppConfig.ValidateConfiguration

gen/Amazonka/AppConfig/ValidateConfiguration.hs:94:146: warning: [GHC-02256] [-Wambiguous-fields]
    The record update s {applicationId = a} with type ValidateConfiguration is ambiguous.
    This will not be supported by -XDuplicateRecordFields in future releases of GHC.
   |
94 | validateConfiguration_applicationId = Lens.lens (\ValidateConfiguration' {applicationId} -> applicationId) (\s@ValidateConfiguration' {} a -> s {applicationId = a} :: ValidateConfiguration)
   |                                                                                                                                                  ^^^^^^^^^^^^^^^^^

gen/Amazonka/AppConfig/ValidateConfiguration.hs:98:173: warning: [GHC-02256] [-Wambiguous-fields]
    The record update s {configurationProfileId = a} with type ValidateConfiguration is ambiguous.
    This will not be supported by -XDuplicateRecordFields in future releases of GHC.
   |
98 | validateConfiguration_configurationProfileId = Lens.lens (\ValidateConfiguration' {configurationProfileId} -> configurationProfileId) (\s@ValidateConfiguration' {} a -> s {configurationProfileId = a} :: ValidateConfiguration)
   |                                                                                                                                                                             ^^^^^^^^^^^^^^^^^^^^^^^^^^

gen/Amazonka/AppConfig/ValidateConfiguration.hs:102:167: warning: [GHC-02256] [-Wambiguous-fields]
    The record update s {configurationVersion = a} with type ValidateConfiguration is ambiguous.
    This will not be supported by -XDuplicateRecordFields in future releases of GHC.
    |
102 | validateConfiguration_configurationVersion = Lens.lens (\ValidateConfiguration' {configurationVersion} -> configurationVersion) (\s@ValidateConfiguration' {} a -> s {configurationVersion = a} :: ValidateConfiguration)
    |                                                                                                                                                                       ^^^^^^^^^^^^^^^^^^^^^^^^
[72 of 74] Compiling Amazonka.AppConfig.Lens
[73 of 74] Compiling Amazonka.AppConfig.Waiters
[74 of 74] Compiling Amazonka.AppConfig
Configuring test suite 'amazonka-appconfig-test' for amazonka-appconfig-2.0...
Preprocessing test suite 'amazonka-appconfig-test' for amazonka-appconfig-2.0...
Building test suite 'amazonka-appconfig-test' for amazonka-appconfig-2.0...
[1 of 4] Compiling Test.Amazonka.AppConfig
[2 of 4] Compiling Test.Amazonka.AppConfig.Internal
[3 of 4] Compiling Main
[4 of 4] Compiling Test.Amazonka.Gen.AppConfig
[5 of 5] Linking /tmp/workdir-amazonka-appconfig/amazonka-appconfig-2.0/dist-newstyle/build/x86_64-linux/ghc-9.6.6/amazonka-appconfig-2.0/t/amazonka-appconfig-test/build/amazonka-appconfig-test/amazonka-appconfig-test
