Build profile: -w ghc-9.6.6 -O1
In order, the following will be built (use -v for more details):
 - bytesmith-0.3.11.1 (lib) (first run)
 - bytesmith-0.3.11.1 (test:test) (first run)
Configuring library for bytesmith-0.3.11.1...
Preprocessing library for bytesmith-0.3.11.1...
Building library for bytesmith-0.3.11.1...
[ 1 of 12] Compiling Data.Bytes.Parser.Internal
[ 2 of 12] Compiling Data.Bytes.Parser.Rebindable
[ 3 of 12] Compiling Data.Bytes.Parser.Types
[ 4 of 12] Compiling Data.Bytes.Parser.Unsafe
[ 5 of 12] Compiling Data.Bytes.Parser
[ 6 of 12] Compiling Data.Bytes.Parser.LittleEndian
[ 7 of 12] Compiling Data.Bytes.Parser.Leb128
[ 8 of 12] Compiling Data.Bytes.Parser.Latin
[ 9 of 12] Compiling Data.Bytes.Parser.Ascii
[10 of 12] Compiling Data.Bytes.Parser.BigEndian
[11 of 12] Compiling Data.Bytes.Parser.Base128
[12 of 12] Compiling Data.Bytes.Parser.Utf8
Configuring test suite 'test' for bytesmith-0.3.11.1...
Preprocessing test suite 'test' for bytesmith-0.3.11.1...
Building test suite 'test' for bytesmith-0.3.11.1...
[1 of 1] Compiling Main
[2 of 2] Linking /tmp/workdir-bytesmith/bytesmith-0.3.11.1/dist-newstyle/build/x86_64-linux/ghc-9.6.6/bytesmith-0.3.11.1/t/test/build/test/test
