Build profile: -w ghc-9.6.6 -O1
In order, the following will be built (use -v for more details):
 - lapack-ffi-tools-0.1.3.1 (exe:create-lapack-csv) (first run)
 - lapack-ffi-tools-0.1.3.1 (exe:create-lapack-ffi) (first run)
 - lapack-ffi-tools-0.1.3.1 (exe:create-lapack-ffi-single) (first run)
Configuring executable 'create-lapack-csv' for lapack-ffi-tools-0.1.3.1...
Preprocessing executable 'create-lapack-csv' for lapack-ffi-tools-0.1.3.1...
Building executable 'create-lapack-csv' for lapack-ffi-tools-0.1.3.1...
[1 of 1] Compiling Main

src/CreateCSV.hs:10:1: warning: [-Wunused-imports]
    The import of ‘Data.Foldable’ is redundant
      except perhaps to import instances from ‘Data.Foldable’
    To import instances alone, use: import Data.Foldable()
   |
10 | import Data.Foldable (foldMap)
   | ^^^^^^^^^^^^^^^^^^^^^^^^^^^^^^
[2 of 2] Linking /tmp/workdir-lapack-ffi-tools/lapack-ffi-tools-0.1.3.1/dist-newstyle/build/x86_64-linux/ghc-9.6.6/lapack-ffi-tools-0.1.3.1/x/create-lapack-csv/build/create-lapack-csv/create-lapack-csv
Configuring executable 'create-lapack-ffi' for lapack-ffi-tools-0.1.3.1...
Preprocessing executable 'create-lapack-ffi' for lapack-ffi-tools-0.1.3.1...
Building executable 'create-lapack-ffi' for lapack-ffi-tools-0.1.3.1...
[1 of 5] Compiling Parser.Combinator
[2 of 5] Compiling Type

src/Type.hs:6:1: warning: [-Wunused-imports]
    The import of ‘Data.Foldable’ is redundant
      except perhaps to import instances from ‘Data.Foldable’
    To import instances alone, use: import Data.Foldable()
  |
6 | import Data.Foldable (Foldable, foldMap)
  | ^^^^^^^^^^^^^^^^^^^^^^^^^^^^^^^^^^^^^^^^

src/Type.hs:7:1: warning: [-Wunused-imports]
    The import of ‘Data.Monoid’ is redundant
      except perhaps to import instances from ‘Data.Monoid’
    To import instances alone, use: import Data.Monoid()
  |
7 | import Data.Monoid (mempty, (<>))
  | ^^^^^^^^^^^^^^^^^^^^^^^^^^^^^^^^^

src/Type.hs:12:1: warning: [-Wunused-imports]
    The import of ‘<$>, <*>, liftA2’
    from module ‘Control.Applicative’ is redundant
   |
12 | import Control.Applicative (liftA2, liftA3, (<$>), (<*>))
   | ^^^^^^^^^^^^^^^^^^^^^^^^^^^^^^^^^^^^^^^^^^^^^^^^^^^^^^^^^
[3 of 5] Compiling Parser.Signature

src/Parser/Signature.hs:14:1: warning: [-Wunused-imports]
    The import of ‘Control.Applicative’ is redundant
      except perhaps to import instances from ‘Control.Applicative’
    To import instances alone, use: import Control.Applicative()
   |
14 | import Control.Applicative ((<$>), (<$))
   | ^^^^^^^^^^^^^^^^^^^^^^^^^^^^^^^^^^^^^^^^
[4 of 5] Compiling CreateBinding
[5 of 5] Compiling Main

src/MainAll.hs:32:1: warning: [-Wunused-imports]
    The import of ‘Traversable, sequenceA, traverse’
    from module ‘Data.Traversable’ is redundant
   |
32 | import Data.Traversable (Traversable, for, sequenceA, traverse)
   | ^^^^^^^^^^^^^^^^^^^^^^^^^^^^^^^^^^^^^^^^^^^^^^^^^^^^^^^^^^^^^^^

src/MainAll.hs:33:1: warning: [-Wunused-imports]
    The import of ‘Data.Foldable’ is redundant
      except perhaps to import instances from ‘Data.Foldable’
    To import instances alone, use: import Data.Foldable()
   |
33 | import Data.Foldable (Foldable)
   | ^^^^^^^^^^^^^^^^^^^^^^^^^^^^^^^

src/MainAll.hs:43:1: warning: [-Wunused-imports]
    The import of ‘Data.Monoid’ is redundant
      except perhaps to import instances from ‘Data.Monoid’
    To import instances alone, use: import Data.Monoid()
   |
43 | import Data.Monoid ((<>))
   | ^^^^^^^^^^^^^^^^^^^^^^^^^

src/MainAll.hs:50:1: warning: [-Wunused-imports]
    The import of ‘Control.Applicative’ is redundant
      except perhaps to import instances from ‘Control.Applicative’
    To import instances alone, use: import Control.Applicative()
   |
50 | import Control.Applicative (Applicative, liftA2, (<$>), (<*>))
   | ^^^^^^^^^^^^^^^^^^^^^^^^^^^^^^^^^^^^^^^^^^^^^^^^^^^^^^^^^^^^^^
[6 of 6] Linking /tmp/workdir-lapack-ffi-tools/lapack-ffi-tools-0.1.3.1/dist-newstyle/build/x86_64-linux/ghc-9.6.6/lapack-ffi-tools-0.1.3.1/x/create-lapack-ffi/build/create-lapack-ffi/create-lapack-ffi
Configuring executable 'create-lapack-ffi-single' for lapack-ffi-tools-0.1.3.1...
Preprocessing executable 'create-lapack-ffi-single' for lapack-ffi-tools-0.1.3.1...
Building executable 'create-lapack-ffi-single' for lapack-ffi-tools-0.1.3.1...
[1 of 5] Compiling Parser.Combinator
[2 of 5] Compiling Type

src/Type.hs:6:1: warning: [-Wunused-imports]
    The import of ‘Data.Foldable’ is redundant
      except perhaps to import instances from ‘Data.Foldable’
    To import instances alone, use: import Data.Foldable()
  |
6 | import Data.Foldable (Foldable, foldMap)
  | ^^^^^^^^^^^^^^^^^^^^^^^^^^^^^^^^^^^^^^^^

src/Type.hs:7:1: warning: [-Wunused-imports]
    The import of ‘Data.Monoid’ is redundant
      except perhaps to import instances from ‘Data.Monoid’
    To import instances alone, use: import Data.Monoid()
  |
7 | import Data.Monoid (mempty, (<>))
  | ^^^^^^^^^^^^^^^^^^^^^^^^^^^^^^^^^

src/Type.hs:12:1: warning: [-Wunused-imports]
    The import of ‘<$>, <*>, liftA2’
    from module ‘Control.Applicative’ is redundant
   |
12 | import Control.Applicative (liftA2, liftA3, (<$>), (<*>))
   | ^^^^^^^^^^^^^^^^^^^^^^^^^^^^^^^^^^^^^^^^^^^^^^^^^^^^^^^^^
[3 of 5] Compiling Parser.Signature

src/Parser/Signature.hs:14:1: warning: [-Wunused-imports]
    The import of ‘Control.Applicative’ is redundant
      except perhaps to import instances from ‘Control.Applicative’
    To import instances alone, use: import Control.Applicative()
   |
14 | import Control.Applicative ((<$>), (<$))
   | ^^^^^^^^^^^^^^^^^^^^^^^^^^^^^^^^^^^^^^^^
[4 of 5] Compiling CreateBinding
[5 of 5] Compiling Main

src/MainSingle.hs:13:1: warning: [-Wunused-imports]
    The import of ‘Control.Applicative’ is redundant
      except perhaps to import instances from ‘Control.Applicative’
    To import instances alone, use: import Control.Applicative()
   |
13 | import Control.Applicative ((<$>))
   | ^^^^^^^^^^^^^^^^^^^^^^^^^^^^^^^^^^
[6 of 6] Linking /tmp/workdir-lapack-ffi-tools/lapack-ffi-tools-0.1.3.1/dist-newstyle/build/x86_64-linux/ghc-9.6.6/lapack-ffi-tools-0.1.3.1/x/create-lapack-ffi-single/build/create-lapack-ffi-single/create-lapack-ffi-single
