Build profile: -w ghc-9.6.6 -O1
In order, the following will be built (use -v for more details):
 - amazonka-redshift-data-2.0 (lib) (first run)
 - amazonka-redshift-data-2.0 (test:amazonka-redshift-data-test) (first run)
Configuring library for amazonka-redshift-data-2.0...
Preprocessing library for amazonka-redshift-data-2.0...
Building library for amazonka-redshift-data-2.0...
[ 1 of 22] Compiling Amazonka.RedshiftData.Types.ColumnMetadata
[ 2 of 22] Compiling Amazonka.RedshiftData.Types.Field
[ 3 of 22] Compiling Amazonka.RedshiftData.Types.SqlParameter
[ 4 of 22] Compiling Amazonka.RedshiftData.Types.StatementStatusString
[ 5 of 22] Compiling Amazonka.RedshiftData.Types.StatusString
[ 6 of 22] Compiling Amazonka.RedshiftData.Types.StatementData
[ 7 of 22] Compiling Amazonka.RedshiftData.Types.SubStatementData
[ 8 of 22] Compiling Amazonka.RedshiftData.Types.TableMember
[ 9 of 22] Compiling Amazonka.RedshiftData.Types
[10 of 22] Compiling Amazonka.RedshiftData.ListTables

gen/Amazonka/RedshiftData/ListTables.hs:237:101: warning: [GHC-02256] [-Wambiguous-fields]
    The record update s {nextToken = a} with type ListTables is ambiguous.
    This will not be supported by -XDuplicateRecordFields in future releases of GHC.
    |
237 | listTables_nextToken = Lens.lens (\ListTables' {nextToken} -> nextToken) (\s@ListTables' {} a -> s {nextToken = a} :: ListTables)
    |                                                                                                     ^^^^^^^^^^^^^

gen/Amazonka/RedshiftData/ListTables.hs:252:101: warning: [GHC-02256] [-Wambiguous-fields]
    The record update s {secretArn = a} with type ListTables is ambiguous.
    This will not be supported by -XDuplicateRecordFields in future releases of GHC.
    |
252 | listTables_secretArn = Lens.lens (\ListTables' {secretArn} -> secretArn) (\s@ListTables' {} a -> s {secretArn = a} :: ListTables)
    |                                                                                                     ^^^^^^^^^^^^^

gen/Amazonka/RedshiftData/ListTables.hs:427:125: warning: [GHC-02256] [-Wambiguous-fields]
    The record update s {nextToken = a} with type ListTablesResponse is ambiguous.
    This will not be supported by -XDuplicateRecordFields in future releases of GHC.
    |
427 | listTablesResponse_nextToken = Lens.lens (\ListTablesResponse' {nextToken} -> nextToken) (\s@ListTablesResponse' {} a -> s {nextToken = a} :: ListTablesResponse)
    |                                                                                                                             ^^^^^^^^^^^^^
[11 of 22] Compiling Amazonka.RedshiftData.ListStatements

gen/Amazonka/RedshiftData/ListStatements.hs:183:113: warning: [GHC-02256] [-Wambiguous-fields]
    The record update s {nextToken = a} with type ListStatements is ambiguous.
    This will not be supported by -XDuplicateRecordFields in future releases of GHC.
    |
183 | listStatements_nextToken = Lens.lens (\ListStatements' {nextToken} -> nextToken) (\s@ListStatements' {} a -> s {nextToken = a} :: ListStatements)
    |                                                                                                                 ^^^^^^^^^^^^^

gen/Amazonka/RedshiftData/ListStatements.hs:200:125: warning: [GHC-02256] [-Wambiguous-fields]
    The record update s {statementName = a} with type ListStatements is ambiguous.
    This will not be supported by -XDuplicateRecordFields in future releases of GHC.
    |
200 | listStatements_statementName = Lens.lens (\ListStatements' {statementName} -> statementName) (\s@ListStatements' {} a -> s {statementName = a} :: ListStatements)
    |                                                                                                                             ^^^^^^^^^^^^^^^^^

gen/Amazonka/RedshiftData/ListStatements.hs:220:104: warning: [GHC-02256] [-Wambiguous-fields]
    The record update s {status = a} with type ListStatements is ambiguous.
    This will not be supported by -XDuplicateRecordFields in future releases of GHC.
    |
220 | listStatements_status = Lens.lens (\ListStatements' {status} -> status) (\s@ListStatements' {} a -> s {status = a} :: ListStatements)
    |                                                                                                        ^^^^^^^^^^

gen/Amazonka/RedshiftData/ListStatements.hs:359:137: warning: [GHC-02256] [-Wambiguous-fields]
    The record update s {nextToken = a} with type ListStatementsResponse is ambiguous.
    This will not be supported by -XDuplicateRecordFields in future releases of GHC.
    |
359 | listStatementsResponse_nextToken = Lens.lens (\ListStatementsResponse' {nextToken} -> nextToken) (\s@ListStatementsResponse' {} a -> s {nextToken = a} :: ListStatementsResponse)
    |                                                                                                                                         ^^^^^^^^^^^^^
[12 of 22] Compiling Amazonka.RedshiftData.ListSchemas

gen/Amazonka/RedshiftData/ListSchemas.hs:213:104: warning: [GHC-02256] [-Wambiguous-fields]
    The record update s {nextToken = a} with type ListSchemas is ambiguous.
    This will not be supported by -XDuplicateRecordFields in future releases of GHC.
    |
213 | listSchemas_nextToken = Lens.lens (\ListSchemas' {nextToken} -> nextToken) (\s@ListSchemas' {} a -> s {nextToken = a} :: ListSchemas)
    |                                                                                                        ^^^^^^^^^^^^^

gen/Amazonka/RedshiftData/ListSchemas.hs:225:104: warning: [GHC-02256] [-Wambiguous-fields]
    The record update s {secretArn = a} with type ListSchemas is ambiguous.
    This will not be supported by -XDuplicateRecordFields in future releases of GHC.
    |
225 | listSchemas_secretArn = Lens.lens (\ListSchemas' {secretArn} -> secretArn) (\s@ListSchemas' {} a -> s {secretArn = a} :: ListSchemas)
    |                                                                                                        ^^^^^^^^^^^^^

gen/Amazonka/RedshiftData/ListSchemas.hs:388:128: warning: [GHC-02256] [-Wambiguous-fields]
    The record update s {nextToken = a} with type ListSchemasResponse is ambiguous.
    This will not be supported by -XDuplicateRecordFields in future releases of GHC.
    |
388 | listSchemasResponse_nextToken = Lens.lens (\ListSchemasResponse' {nextToken} -> nextToken) (\s@ListSchemasResponse' {} a -> s {nextToken = a} :: ListSchemasResponse)
    |                                                                                                                                ^^^^^^^^^^^^^
[13 of 22] Compiling Amazonka.RedshiftData.ListDatabases

gen/Amazonka/RedshiftData/ListDatabases.hs:186:110: warning: [GHC-02256] [-Wambiguous-fields]
    The record update s {nextToken = a} with type ListDatabases is ambiguous.
    This will not be supported by -XDuplicateRecordFields in future releases of GHC.
    |
186 | listDatabases_nextToken = Lens.lens (\ListDatabases' {nextToken} -> nextToken) (\s@ListDatabases' {} a -> s {nextToken = a} :: ListDatabases)
    |                                                                                                              ^^^^^^^^^^^^^

gen/Amazonka/RedshiftData/ListDatabases.hs:191:110: warning: [GHC-02256] [-Wambiguous-fields]
    The record update s {secretArn = a} with type ListDatabases is ambiguous.
    This will not be supported by -XDuplicateRecordFields in future releases of GHC.
    |
191 | listDatabases_secretArn = Lens.lens (\ListDatabases' {secretArn} -> secretArn) (\s@ListDatabases' {} a -> s {secretArn = a} :: ListDatabases)
    |                                                                                                              ^^^^^^^^^^^^^

gen/Amazonka/RedshiftData/ListDatabases.hs:352:134: warning: [GHC-02256] [-Wambiguous-fields]
    The record update s {nextToken = a} with type ListDatabasesResponse is ambiguous.
    This will not be supported by -XDuplicateRecordFields in future releases of GHC.
    |
352 | listDatabasesResponse_nextToken = Lens.lens (\ListDatabasesResponse' {nextToken} -> nextToken) (\s@ListDatabasesResponse' {} a -> s {nextToken = a} :: ListDatabasesResponse)
    |                                                                                                                                      ^^^^^^^^^^^^^
[14 of 22] Compiling Amazonka.RedshiftData.GetStatementResult

gen/Amazonka/RedshiftData/GetStatementResult.hs:121:125: warning: [GHC-02256] [-Wambiguous-fields]
    The record update s {nextToken = a} with type GetStatementResult is ambiguous.
    This will not be supported by -XDuplicateRecordFields in future releases of GHC.
    |
121 | getStatementResult_nextToken = Lens.lens (\GetStatementResult' {nextToken} -> nextToken) (\s@GetStatementResult' {} a -> s {nextToken = a} :: GetStatementResult)
    |                                                                                                                             ^^^^^^^^^^^^^

gen/Amazonka/RedshiftData/GetStatementResult.hs:131:104: warning: [GHC-02256] [-Wambiguous-fields]
    The record update s {id = a} with type GetStatementResult is ambiguous.
    This will not be supported by -XDuplicateRecordFields in future releases of GHC.
    |
131 | getStatementResult_id = Lens.lens (\GetStatementResult' {id} -> id) (\s@GetStatementResult' {} a -> s {id = a} :: GetStatementResult)
    |                                                                                                        ^^^^^^

gen/Amazonka/RedshiftData/GetStatementResult.hs:280:149: warning: [GHC-02256] [-Wambiguous-fields]
    The record update s {nextToken = a} with type GetStatementResultResponse is ambiguous.
    This will not be supported by -XDuplicateRecordFields in future releases of GHC.
    |
280 | getStatementResultResponse_nextToken = Lens.lens (\GetStatementResultResponse' {nextToken} -> nextToken) (\s@GetStatementResultResponse' {} a -> s {nextToken = a} :: GetStatementResultResponse)
    |                                                                                                                                                     ^^^^^^^^^^^^^
[15 of 22] Compiling Amazonka.RedshiftData.ExecuteStatement

gen/Amazonka/RedshiftData/ExecuteStatement.hs:187:143: warning: [GHC-02256] [-Wambiguous-fields]
    The record update s {clusterIdentifier = a} with type ExecuteStatement is ambiguous.
    This will not be supported by -XDuplicateRecordFields in future releases of GHC.
    |
187 | executeStatement_clusterIdentifier = Lens.lens (\ExecuteStatement' {clusterIdentifier} -> clusterIdentifier) (\s@ExecuteStatement' {} a -> s {clusterIdentifier = a} :: ExecuteStatement)
    |                                                                                                                                               ^^^^^^^^^^^^^^^^^^^^^

gen/Amazonka/RedshiftData/ExecuteStatement.hs:192:110: warning: [GHC-02256] [-Wambiguous-fields]
    The record update s {dbUser = a} with type ExecuteStatement is ambiguous.
    This will not be supported by -XDuplicateRecordFields in future releases of GHC.
    |
192 | executeStatement_dbUser = Lens.lens (\ExecuteStatement' {dbUser} -> dbUser) (\s@ExecuteStatement' {} a -> s {dbUser = a} :: ExecuteStatement)
    |                                                                                                              ^^^^^^^^^^

gen/Amazonka/RedshiftData/ExecuteStatement.hs:201:119: warning: [GHC-02256] [-Wambiguous-fields]
    The record update s {secretArn = a} with type ExecuteStatement is ambiguous.
    This will not be supported by -XDuplicateRecordFields in future releases of GHC.
    |
201 | executeStatement_secretArn = Lens.lens (\ExecuteStatement' {secretArn} -> secretArn) (\s@ExecuteStatement' {} a -> s {secretArn = a} :: ExecuteStatement)
    |                                                                                                                       ^^^^^^^^^^^^^

gen/Amazonka/RedshiftData/ExecuteStatement.hs:206:131: warning: [GHC-02256] [-Wambiguous-fields]
    The record update s {statementName = a} with type ExecuteStatement is ambiguous.
    This will not be supported by -XDuplicateRecordFields in future releases of GHC.
    |
206 | executeStatement_statementName = Lens.lens (\ExecuteStatement' {statementName} -> statementName) (\s@ExecuteStatement' {} a -> s {statementName = a} :: ExecuteStatement)
    |                                                                                                                                   ^^^^^^^^^^^^^^^^^

gen/Amazonka/RedshiftData/ExecuteStatement.hs:217:131: warning: [GHC-02256] [-Wambiguous-fields]
    The record update s {workgroupName = a} with type ExecuteStatement is ambiguous.
    This will not be supported by -XDuplicateRecordFields in future releases of GHC.
    |
217 | executeStatement_workgroupName = Lens.lens (\ExecuteStatement' {workgroupName} -> workgroupName) (\s@ExecuteStatement' {} a -> s {workgroupName = a} :: ExecuteStatement)
    |                                                                                                                                   ^^^^^^^^^^^^^^^^^

gen/Amazonka/RedshiftData/ExecuteStatement.hs:222:116: warning: [GHC-02256] [-Wambiguous-fields]
    The record update s {database = a} with type ExecuteStatement is ambiguous.
    This will not be supported by -XDuplicateRecordFields in future releases of GHC.
    |
222 | executeStatement_database = Lens.lens (\ExecuteStatement' {database} -> database) (\s@ExecuteStatement' {} a -> s {database = a} :: ExecuteStatement)
    |                                                                                                                    ^^^^^^^^^^^^

gen/Amazonka/RedshiftData/ExecuteStatement.hs:386:167: warning: [GHC-02256] [-Wambiguous-fields]
    The record update s {clusterIdentifier = a} with type ExecuteStatementResponse is ambiguous.
    This will not be supported by -XDuplicateRecordFields in future releases of GHC.
    |
386 | executeStatementResponse_clusterIdentifier = Lens.lens (\ExecuteStatementResponse' {clusterIdentifier} -> clusterIdentifier) (\s@ExecuteStatementResponse' {} a -> s {clusterIdentifier = a} :: ExecuteStatementResponse)
    |                                                                                                                                                                       ^^^^^^^^^^^^^^^^^^^^^

gen/Amazonka/RedshiftData/ExecuteStatement.hs:390:143: warning: [GHC-02256] [-Wambiguous-fields]
    The record update s {createdAt = a} with type ExecuteStatementResponse is ambiguous.
    This will not be supported by -XDuplicateRecordFields in future releases of GHC.
    |
390 | executeStatementResponse_createdAt = Lens.lens (\ExecuteStatementResponse' {createdAt} -> createdAt) (\s@ExecuteStatementResponse' {} a -> s {createdAt = a} :: ExecuteStatementResponse) Prelude.. Lens.mapping Data._Time
    |                                                                                                                                               ^^^^^^^^^^^^^

gen/Amazonka/RedshiftData/ExecuteStatement.hs:394:140: warning: [GHC-02256] [-Wambiguous-fields]
    The record update s {database = a} with type ExecuteStatementResponse is ambiguous.
    This will not be supported by -XDuplicateRecordFields in future releases of GHC.
    |
394 | executeStatementResponse_database = Lens.lens (\ExecuteStatementResponse' {database} -> database) (\s@ExecuteStatementResponse' {} a -> s {database = a} :: ExecuteStatementResponse)
    |                                                                                                                                            ^^^^^^^^^^^^

gen/Amazonka/RedshiftData/ExecuteStatement.hs:398:134: warning: [GHC-02256] [-Wambiguous-fields]
    The record update s {dbUser = a} with type ExecuteStatementResponse is ambiguous.
    This will not be supported by -XDuplicateRecordFields in future releases of GHC.
    |
398 | executeStatementResponse_dbUser = Lens.lens (\ExecuteStatementResponse' {dbUser} -> dbUser) (\s@ExecuteStatementResponse' {} a -> s {dbUser = a} :: ExecuteStatementResponse)
    |                                                                                                                                      ^^^^^^^^^^

gen/Amazonka/RedshiftData/ExecuteStatement.hs:404:122: warning: [GHC-02256] [-Wambiguous-fields]
    The record update s {id = a} with type ExecuteStatementResponse is ambiguous.
    This will not be supported by -XDuplicateRecordFields in future releases of GHC.
    |
404 | executeStatementResponse_id = Lens.lens (\ExecuteStatementResponse' {id} -> id) (\s@ExecuteStatementResponse' {} a -> s {id = a} :: ExecuteStatementResponse)
    |                                                                                                                          ^^^^^^

gen/Amazonka/RedshiftData/ExecuteStatement.hs:408:143: warning: [GHC-02256] [-Wambiguous-fields]
    The record update s {secretArn = a} with type ExecuteStatementResponse is ambiguous.
    This will not be supported by -XDuplicateRecordFields in future releases of GHC.
    |
408 | executeStatementResponse_secretArn = Lens.lens (\ExecuteStatementResponse' {secretArn} -> secretArn) (\s@ExecuteStatementResponse' {} a -> s {secretArn = a} :: ExecuteStatementResponse)
    |                                                                                                                                               ^^^^^^^^^^^^^

gen/Amazonka/RedshiftData/ExecuteStatement.hs:413:155: warning: [GHC-02256] [-Wambiguous-fields]
    The record update s {workgroupName = a} with type ExecuteStatementResponse is ambiguous.
    This will not be supported by -XDuplicateRecordFields in future releases of GHC.
    |
413 | executeStatementResponse_workgroupName = Lens.lens (\ExecuteStatementResponse' {workgroupName} -> workgroupName) (\s@ExecuteStatementResponse' {} a -> s {workgroupName = a} :: ExecuteStatementResponse)
    |                                                                                                                                                           ^^^^^^^^^^^^^^^^^
[16 of 22] Compiling Amazonka.RedshiftData.DescribeTable

gen/Amazonka/RedshiftData/DescribeTable.hs:221:110: warning: [GHC-02256] [-Wambiguous-fields]
    The record update s {nextToken = a} with type DescribeTable is ambiguous.
    This will not be supported by -XDuplicateRecordFields in future releases of GHC.
    |
221 | describeTable_nextToken = Lens.lens (\DescribeTable' {nextToken} -> nextToken) (\s@DescribeTable' {} a -> s {nextToken = a} :: DescribeTable)
    |                                                                                                              ^^^^^^^^^^^^^

gen/Amazonka/RedshiftData/DescribeTable.hs:226:101: warning: [GHC-02256] [-Wambiguous-fields]
    The record update s {schema = a} with type DescribeTable is ambiguous.
    This will not be supported by -XDuplicateRecordFields in future releases of GHC.
    |
226 | describeTable_schema = Lens.lens (\DescribeTable' {schema} -> schema) (\s@DescribeTable' {} a -> s {schema = a} :: DescribeTable)
    |                                                                                                     ^^^^^^^^^^

gen/Amazonka/RedshiftData/DescribeTable.hs:231:110: warning: [GHC-02256] [-Wambiguous-fields]
    The record update s {secretArn = a} with type DescribeTable is ambiguous.
    This will not be supported by -XDuplicateRecordFields in future releases of GHC.
    |
231 | describeTable_secretArn = Lens.lens (\DescribeTable' {secretArn} -> secretArn) (\s@DescribeTable' {} a -> s {secretArn = a} :: DescribeTable)
    |                                                                                                              ^^^^^^^^^^^^^

gen/Amazonka/RedshiftData/DescribeTable.hs:416:134: warning: [GHC-02256] [-Wambiguous-fields]
    The record update s {nextToken = a} with type DescribeTableResponse is ambiguous.
    This will not be supported by -XDuplicateRecordFields in future releases of GHC.
    |
416 | describeTableResponse_nextToken = Lens.lens (\DescribeTableResponse' {nextToken} -> nextToken) (\s@DescribeTableResponse' {} a -> s {nextToken = a} :: DescribeTableResponse)
    |                                                                                                                                      ^^^^^^^^^^^^^

gen/Amazonka/RedshiftData/DescribeTable.hs:420:134: warning: [GHC-02256] [-Wambiguous-fields]
    The record update s {tableName = a} with type DescribeTableResponse is ambiguous.
    This will not be supported by -XDuplicateRecordFields in future releases of GHC.
    |
420 | describeTableResponse_tableName = Lens.lens (\DescribeTableResponse' {tableName} -> tableName) (\s@DescribeTableResponse' {} a -> s {tableName = a} :: DescribeTableResponse)
    |                                                                                                                                      ^^^^^^^^^^^^^
[17 of 22] Compiling Amazonka.RedshiftData.DescribeStatement

gen/Amazonka/RedshiftData/DescribeStatement.hs:119:101: warning: [GHC-02256] [-Wambiguous-fields]
    The record update s {id = a} with type DescribeStatement is ambiguous.
    This will not be supported by -XDuplicateRecordFields in future releases of GHC.
    |
119 | describeStatement_id = Lens.lens (\DescribeStatement' {id} -> id) (\s@DescribeStatement' {} a -> s {id = a} :: DescribeStatement)
    |                                                                                                     ^^^^^^

gen/Amazonka/RedshiftData/DescribeStatement.hs:373:146: warning: [GHC-02256] [-Wambiguous-fields]
    The record update s {createdAt = a} with type DescribeStatementResponse is ambiguous.
    This will not be supported by -XDuplicateRecordFields in future releases of GHC.
    |
373 | describeStatementResponse_createdAt = Lens.lens (\DescribeStatementResponse' {createdAt} -> createdAt) (\s@DescribeStatementResponse' {} a -> s {createdAt = a} :: DescribeStatementResponse) Prelude.. Lens.mapping Data._Time
    |                                                                                                                                                  ^^^^^^^^^^^^^

gen/Amazonka/RedshiftData/DescribeStatement.hs:385:143: warning: [GHC-02256] [-Wambiguous-fields]
    The record update s {duration = a} with type DescribeStatementResponse is ambiguous.
    This will not be supported by -XDuplicateRecordFields in future releases of GHC.
    |
385 | describeStatementResponse_duration = Lens.lens (\DescribeStatementResponse' {duration} -> duration) (\s@DescribeStatementResponse' {} a -> s {duration = a} :: DescribeStatementResponse)
    |                                                                                                                                               ^^^^^^^^^^^^

gen/Amazonka/RedshiftData/DescribeStatement.hs:390:134: warning: [GHC-02256] [-Wambiguous-fields]
    The record update s {error = a} with type DescribeStatementResponse is ambiguous.
    This will not be supported by -XDuplicateRecordFields in future releases of GHC.
    |
390 | describeStatementResponse_error = Lens.lens (\DescribeStatementResponse' {error} -> error) (\s@DescribeStatementResponse' {} a -> s {error = a} :: DescribeStatementResponse)
    |                                                                                                                                      ^^^^^^^^^

gen/Amazonka/RedshiftData/DescribeStatement.hs:396:155: warning: [GHC-02256] [-Wambiguous-fields]
    The record update s {hasResultSet = a} with type DescribeStatementResponse is ambiguous.
    This will not be supported by -XDuplicateRecordFields in future releases of GHC.
    |
396 | describeStatementResponse_hasResultSet = Lens.lens (\DescribeStatementResponse' {hasResultSet} -> hasResultSet) (\s@DescribeStatementResponse' {} a -> s {hasResultSet = a} :: DescribeStatementResponse)
    |                                                                                                                                                           ^^^^^^^^^^^^^^^^

gen/Amazonka/RedshiftData/DescribeStatement.hs:400:164: warning: [GHC-02256] [-Wambiguous-fields]
    The record update s {queryParameters = a} with type DescribeStatementResponse is ambiguous.
    This will not be supported by -XDuplicateRecordFields in future releases of GHC.
    |
400 | describeStatementResponse_queryParameters = Lens.lens (\DescribeStatementResponse' {queryParameters} -> queryParameters) (\s@DescribeStatementResponse' {} a -> s {queryParameters = a} :: DescribeStatementResponse) Prelude.. Lens.mapping Lens.coerced
    |                                                                                                                                                                    ^^^^^^^^^^^^^^^^^^^

gen/Amazonka/RedshiftData/DescribeStatement.hs:404:152: warning: [GHC-02256] [-Wambiguous-fields]
    The record update s {queryString = a} with type DescribeStatementResponse is ambiguous.
    This will not be supported by -XDuplicateRecordFields in future releases of GHC.
    |
404 | describeStatementResponse_queryString = Lens.lens (\DescribeStatementResponse' {queryString} -> queryString) (\s@DescribeStatementResponse' {} a -> s {queryString = a} :: DescribeStatementResponse)
    |                                                                                                                                                        ^^^^^^^^^^^^^^^

gen/Amazonka/RedshiftData/DescribeStatement.hs:414:164: warning: [GHC-02256] [-Wambiguous-fields]
    The record update s {redshiftQueryId = a} with type DescribeStatementResponse is ambiguous.
    This will not be supported by -XDuplicateRecordFields in future releases of GHC.
    |
414 | describeStatementResponse_redshiftQueryId = Lens.lens (\DescribeStatementResponse' {redshiftQueryId} -> redshiftQueryId) (\s@DescribeStatementResponse' {} a -> s {redshiftQueryId = a} :: DescribeStatementResponse)
    |                                                                                                                                                                    ^^^^^^^^^^^^^^^^^^^

gen/Amazonka/RedshiftData/DescribeStatement.hs:421:149: warning: [GHC-02256] [-Wambiguous-fields]
    The record update s {resultRows = a} with type DescribeStatementResponse is ambiguous.
    This will not be supported by -XDuplicateRecordFields in future releases of GHC.
    |
421 | describeStatementResponse_resultRows = Lens.lens (\DescribeStatementResponse' {resultRows} -> resultRows) (\s@DescribeStatementResponse' {} a -> s {resultRows = a} :: DescribeStatementResponse)
    |                                                                                                                                                     ^^^^^^^^^^^^^^

gen/Amazonka/RedshiftData/DescribeStatement.hs:426:149: warning: [GHC-02256] [-Wambiguous-fields]
    The record update s {resultSize = a} with type DescribeStatementResponse is ambiguous.
    This will not be supported by -XDuplicateRecordFields in future releases of GHC.
    |
426 | describeStatementResponse_resultSize = Lens.lens (\DescribeStatementResponse' {resultSize} -> resultSize) (\s@DescribeStatementResponse' {} a -> s {resultSize = a} :: DescribeStatementResponse)
    |                                                                                                                                                     ^^^^^^^^^^^^^^

gen/Amazonka/RedshiftData/DescribeStatement.hs:431:146: warning: [GHC-02256] [-Wambiguous-fields]
    The record update s {secretArn = a} with type DescribeStatementResponse is ambiguous.
    This will not be supported by -XDuplicateRecordFields in future releases of GHC.
    |
431 | describeStatementResponse_secretArn = Lens.lens (\DescribeStatementResponse' {secretArn} -> secretArn) (\s@DescribeStatementResponse' {} a -> s {secretArn = a} :: DescribeStatementResponse)
    |                                                                                                                                                  ^^^^^^^^^^^^^

gen/Amazonka/RedshiftData/DescribeStatement.hs:451:137: warning: [GHC-02256] [-Wambiguous-fields]
    The record update s {status = a} with type DescribeStatementResponse is ambiguous.
    This will not be supported by -XDuplicateRecordFields in future releases of GHC.
    |
451 | describeStatementResponse_status = Lens.lens (\DescribeStatementResponse' {status} -> status) (\s@DescribeStatementResponse' {} a -> s {status = a} :: DescribeStatementResponse)
    |                                                                                                                                         ^^^^^^^^^^

gen/Amazonka/RedshiftData/DescribeStatement.hs:460:146: warning: [GHC-02256] [-Wambiguous-fields]
    The record update s {updatedAt = a} with type DescribeStatementResponse is ambiguous.
    This will not be supported by -XDuplicateRecordFields in future releases of GHC.
    |
460 | describeStatementResponse_updatedAt = Lens.lens (\DescribeStatementResponse' {updatedAt} -> updatedAt) (\s@DescribeStatementResponse' {} a -> s {updatedAt = a} :: DescribeStatementResponse) Prelude.. Lens.mapping Data._Time
    |                                                                                                                                                  ^^^^^^^^^^^^^

gen/Amazonka/RedshiftData/DescribeStatement.hs:474:125: warning: [GHC-02256] [-Wambiguous-fields]
    The record update s {id = a} with type DescribeStatementResponse is ambiguous.
    This will not be supported by -XDuplicateRecordFields in future releases of GHC.
    |
474 | describeStatementResponse_id = Lens.lens (\DescribeStatementResponse' {id} -> id) (\s@DescribeStatementResponse' {} a -> s {id = a} :: DescribeStatementResponse)
    |                                                                                                                             ^^^^^^
[18 of 22] Compiling Amazonka.RedshiftData.CancelStatement

gen/Amazonka/RedshiftData/CancelStatement.hs:88:95: warning: [GHC-02256] [-Wambiguous-fields]
    The record update s {id = a} with type CancelStatement is ambiguous.
    This will not be supported by -XDuplicateRecordFields in future releases of GHC.
   |
88 | cancelStatement_id = Lens.lens (\CancelStatement' {id} -> id) (\s@CancelStatement' {} a -> s {id = a} :: CancelStatement)
   |                                                                                               ^^^^^^

gen/Amazonka/RedshiftData/CancelStatement.hs:169:131: warning: [GHC-02256] [-Wambiguous-fields]
    The record update s {status = a} with type CancelStatementResponse is ambiguous.
    This will not be supported by -XDuplicateRecordFields in future releases of GHC.
    |
169 | cancelStatementResponse_status = Lens.lens (\CancelStatementResponse' {status} -> status) (\s@CancelStatementResponse' {} a -> s {status = a} :: CancelStatementResponse)
    |                                                                                                                                   ^^^^^^^^^^
[19 of 22] Compiling Amazonka.RedshiftData.BatchExecuteStatement

gen/Amazonka/RedshiftData/BatchExecuteStatement.hs:185:158: warning: [GHC-02256] [-Wambiguous-fields]
    The record update s {clusterIdentifier = a} with type BatchExecuteStatement is ambiguous.
    This will not be supported by -XDuplicateRecordFields in future releases of GHC.
    |
185 | batchExecuteStatement_clusterIdentifier = Lens.lens (\BatchExecuteStatement' {clusterIdentifier} -> clusterIdentifier) (\s@BatchExecuteStatement' {} a -> s {clusterIdentifier = a} :: BatchExecuteStatement)
    |                                                                                                                                                              ^^^^^^^^^^^^^^^^^^^^^

gen/Amazonka/RedshiftData/BatchExecuteStatement.hs:190:125: warning: [GHC-02256] [-Wambiguous-fields]
    The record update s {dbUser = a} with type BatchExecuteStatement is ambiguous.
    This will not be supported by -XDuplicateRecordFields in future releases of GHC.
    |
190 | batchExecuteStatement_dbUser = Lens.lens (\BatchExecuteStatement' {dbUser} -> dbUser) (\s@BatchExecuteStatement' {} a -> s {dbUser = a} :: BatchExecuteStatement)
    |                                                                                                                             ^^^^^^^^^^

gen/Amazonka/RedshiftData/BatchExecuteStatement.hs:195:134: warning: [GHC-02256] [-Wambiguous-fields]
    The record update s {secretArn = a} with type BatchExecuteStatement is ambiguous.
    This will not be supported by -XDuplicateRecordFields in future releases of GHC.
    |
195 | batchExecuteStatement_secretArn = Lens.lens (\BatchExecuteStatement' {secretArn} -> secretArn) (\s@BatchExecuteStatement' {} a -> s {secretArn = a} :: BatchExecuteStatement)
    |                                                                                                                                      ^^^^^^^^^^^^^

gen/Amazonka/RedshiftData/BatchExecuteStatement.hs:200:146: warning: [GHC-02256] [-Wambiguous-fields]
    The record update s {statementName = a} with type BatchExecuteStatement is ambiguous.
    This will not be supported by -XDuplicateRecordFields in future releases of GHC.
    |
200 | batchExecuteStatement_statementName = Lens.lens (\BatchExecuteStatement' {statementName} -> statementName) (\s@BatchExecuteStatement' {} a -> s {statementName = a} :: BatchExecuteStatement)
    |                                                                                                                                                  ^^^^^^^^^^^^^^^^^

gen/Amazonka/RedshiftData/BatchExecuteStatement.hs:211:146: warning: [GHC-02256] [-Wambiguous-fields]
    The record update s {workgroupName = a} with type BatchExecuteStatement is ambiguous.
    This will not be supported by -XDuplicateRecordFields in future releases of GHC.
    |
211 | batchExecuteStatement_workgroupName = Lens.lens (\BatchExecuteStatement' {workgroupName} -> workgroupName) (\s@BatchExecuteStatement' {} a -> s {workgroupName = a} :: BatchExecuteStatement)
    |                                                                                                                                                  ^^^^^^^^^^^^^^^^^

gen/Amazonka/RedshiftData/BatchExecuteStatement.hs:216:131: warning: [GHC-02256] [-Wambiguous-fields]
    The record update s {database = a} with type BatchExecuteStatement is ambiguous.
    This will not be supported by -XDuplicateRecordFields in future releases of GHC.
    |
216 | batchExecuteStatement_database = Lens.lens (\BatchExecuteStatement' {database} -> database) (\s@BatchExecuteStatement' {} a -> s {database = a} :: BatchExecuteStatement)
    |                                                                                                                                   ^^^^^^^^^^^^

gen/Amazonka/RedshiftData/BatchExecuteStatement.hs:381:182: warning: [GHC-02256] [-Wambiguous-fields]
    The record update s {clusterIdentifier = a} with type BatchExecuteStatementResponse is ambiguous.
    This will not be supported by -XDuplicateRecordFields in future releases of GHC.
    |
381 | batchExecuteStatementResponse_clusterIdentifier = Lens.lens (\BatchExecuteStatementResponse' {clusterIdentifier} -> clusterIdentifier) (\s@BatchExecuteStatementResponse' {} a -> s {clusterIdentifier = a} :: BatchExecuteStatementResponse)
    |                                                                                                                                                                                      ^^^^^^^^^^^^^^^^^^^^^

gen/Amazonka/RedshiftData/BatchExecuteStatement.hs:385:158: warning: [GHC-02256] [-Wambiguous-fields]
    The record update s {createdAt = a} with type BatchExecuteStatementResponse is ambiguous.
    This will not be supported by -XDuplicateRecordFields in future releases of GHC.
    |
385 | batchExecuteStatementResponse_createdAt = Lens.lens (\BatchExecuteStatementResponse' {createdAt} -> createdAt) (\s@BatchExecuteStatementResponse' {} a -> s {createdAt = a} :: BatchExecuteStatementResponse) Prelude.. Lens.mapping Data._Time
    |                                                                                                                                                              ^^^^^^^^^^^^^

gen/Amazonka/RedshiftData/BatchExecuteStatement.hs:389:155: warning: [GHC-02256] [-Wambiguous-fields]
    The record update s {database = a} with type BatchExecuteStatementResponse is ambiguous.
    This will not be supported by -XDuplicateRecordFields in future releases of GHC.
    |
389 | batchExecuteStatementResponse_database = Lens.lens (\BatchExecuteStatementResponse' {database} -> database) (\s@BatchExecuteStatementResponse' {} a -> s {database = a} :: BatchExecuteStatementResponse)
    |                                                                                                                                                           ^^^^^^^^^^^^

gen/Amazonka/RedshiftData/BatchExecuteStatement.hs:393:149: warning: [GHC-02256] [-Wambiguous-fields]
    The record update s {dbUser = a} with type BatchExecuteStatementResponse is ambiguous.
    This will not be supported by -XDuplicateRecordFields in future releases of GHC.
    |
393 | batchExecuteStatementResponse_dbUser = Lens.lens (\BatchExecuteStatementResponse' {dbUser} -> dbUser) (\s@BatchExecuteStatementResponse' {} a -> s {dbUser = a} :: BatchExecuteStatementResponse)
    |                                                                                                                                                     ^^^^^^^^^^

gen/Amazonka/RedshiftData/BatchExecuteStatement.hs:400:137: warning: [GHC-02256] [-Wambiguous-fields]
    The record update s {id = a} with type BatchExecuteStatementResponse is ambiguous.
    This will not be supported by -XDuplicateRecordFields in future releases of GHC.
    |
400 | batchExecuteStatementResponse_id = Lens.lens (\BatchExecuteStatementResponse' {id} -> id) (\s@BatchExecuteStatementResponse' {} a -> s {id = a} :: BatchExecuteStatementResponse)
    |                                                                                                                                         ^^^^^^

gen/Amazonka/RedshiftData/BatchExecuteStatement.hs:404:158: warning: [GHC-02256] [-Wambiguous-fields]
    The record update s {secretArn = a} with type BatchExecuteStatementResponse is ambiguous.
    This will not be supported by -XDuplicateRecordFields in future releases of GHC.
    |
404 | batchExecuteStatementResponse_secretArn = Lens.lens (\BatchExecuteStatementResponse' {secretArn} -> secretArn) (\s@BatchExecuteStatementResponse' {} a -> s {secretArn = a} :: BatchExecuteStatementResponse)
    |                                                                                                                                                              ^^^^^^^^^^^^^

gen/Amazonka/RedshiftData/BatchExecuteStatement.hs:409:170: warning: [GHC-02256] [-Wambiguous-fields]
    The record update s {workgroupName = a} with type BatchExecuteStatementResponse is ambiguous.
    This will not be supported by -XDuplicateRecordFields in future releases of GHC.
    |
409 | batchExecuteStatementResponse_workgroupName = Lens.lens (\BatchExecuteStatementResponse' {workgroupName} -> workgroupName) (\s@BatchExecuteStatementResponse' {} a -> s {workgroupName = a} :: BatchExecuteStatementResponse)
    |                                                                                                                                                                          ^^^^^^^^^^^^^^^^^
[20 of 22] Compiling Amazonka.RedshiftData.Lens
[21 of 22] Compiling Amazonka.RedshiftData.Waiters
[22 of 22] Compiling Amazonka.RedshiftData
Configuring test suite 'amazonka-redshift-data-test' for amazonka-redshift-data-2.0...
Preprocessing test suite 'amazonka-redshift-data-test' for amazonka-redshift-data-2.0...
Building test suite 'amazonka-redshift-data-test' for amazonka-redshift-data-2.0...
[1 of 4] Compiling Test.Amazonka.RedshiftData
[2 of 4] Compiling Test.Amazonka.RedshiftData.Internal
[3 of 4] Compiling Test.Amazonka.Gen.RedshiftData
[4 of 4] Compiling Main
[5 of 5] Linking /tmp/workdir-amazonka-redshift-data/amazonka-redshift-data-2.0/dist-newstyle/build/x86_64-linux/ghc-9.6.6/amazonka-redshift-data-2.0/t/amazonka-redshift-data-test/build/amazonka-redshift-data-test/amazonka-redshift-data-test
