Build profile: -w ghc-9.6.6 -O1
In order, the following will be built (use -v for more details):
 - cipher-camellia-0.0.2 (lib) (first run)
 - cipher-camellia-0.0.2 (test:test-cipher-camellia) (first run)
Configuring library for cipher-camellia-0.0.2...
Preprocessing library for cipher-camellia-0.0.2...
Building library for cipher-camellia-0.0.2...
[1 of 2] Compiling Crypto.Cipher.Camellia.Primitive
[2 of 2] Compiling Crypto.Cipher.Camellia
Configuring test suite 'test-cipher-camellia' for cipher-camellia-0.0.2...
Preprocessing test suite 'test-cipher-camellia' for cipher-camellia-0.0.2...
Building test suite 'test-cipher-camellia' for cipher-camellia-0.0.2...
[1 of 1] Compiling Main

Tests/Tests.hs:21:1: warning: [GHC-94817] [-Wtabs]
    Tab character found here, and in five further locations.
    Suggested fix: Please use spaces instead.
   |
21 |         [ KAT_ECB (B.replicate 16 0) (B.replicate 16 0) (B.pack [0x3d,0x02,0x80,0x25,0xb1,0x56,0x32,0x7c,0x17,0xf7,0x62,0xc1,0xf2,0xcb,0xca,0x71])
   | ^^^^^^^^
[2 of 2] Linking /tmp/workdir-cipher-camellia/cipher-camellia-0.0.2/dist-newstyle/build/x86_64-linux/ghc-9.6.6/cipher-camellia-0.0.2/t/test-cipher-camellia/build/test-cipher-camellia/test-cipher-camellia
