Build profile: -w ghc-9.6.6 -O1
In order, the following will be built (use -v for more details):
 - gdp-0.0.3.0 (lib) (first run)
 - gdp-0.0.3.0 (exe:gdp) (first run)
Configuring library for gdp-0.0.3.0...
Preprocessing library for gdp-0.0.3.0...
Building library for gdp-0.0.3.0...
[ 1 of 12] Compiling Data.Arguments
[ 2 of 12] Compiling Data.The
[ 3 of 12] Compiling Logic.Proof
[ 4 of 12] Compiling Theory.Named
[ 5 of 12] Compiling Theory.Equality
[ 6 of 12] Compiling Logic.Classes
[ 7 of 12] Compiling Logic.Propositional
[ 8 of 12] Compiling Logic.NegClasses
[ 9 of 12] Compiling Logic.Implicit
[10 of 12] Compiling Theory.Lists
[11 of 12] Compiling Data.Refined

src/Data/Refined.hs:106:25: warning: [GHC-39567] [-Wstar-is-type]
    Using ‘*’ (or its Unicode variant) to mean ‘Data.Kind.Type’
    relies on the StarIsType extension, which will become
    deprecated in the future.
    Suggested fix: Use ‘Type’ from ‘Data.Kind’ instead.
    |
106 | newtype Satisfies (p :: * -> *) a = Satisfies a
    |                         ^

src/Data/Refined.hs:106:30: warning: [GHC-39567] [-Wstar-is-type]
    Using ‘*’ (or its Unicode variant) to mean ‘Data.Kind.Type’
    relies on the StarIsType extension, which will become
    deprecated in the future.
    Suggested fix: Use ‘Type’ from ‘Data.Kind’ instead.
    |
106 | newtype Satisfies (p :: * -> *) a = Satisfies a
    |                              ^
[12 of 12] Compiling GDP
Configuring executable 'gdp' for gdp-0.0.3.0...
Preprocessing executable 'gdp' for gdp-0.0.3.0...
Building executable 'gdp' for gdp-0.0.3.0...
[1 of 1] Compiling Main
[2 of 2] Linking /tmp/workdir-gdp/gdp-0.0.3.0/dist-newstyle/build/x86_64-linux/ghc-9.6.6/gdp-0.0.3.0/x/gdp/build/gdp/gdp
