Build profile: -w ghc-9.6.6 -O1
In order, the following will be built (use -v for more details):
 - hmm-lapack-0.5.0.1 (lib:private) (first run)
 - hmm-lapack-0.5.0.1 (lib) (first run)
 - hmm-lapack-0.5.0.1 (test:hmm-test) (first run)
Configuring library 'private' for hmm-lapack-0.5.0.1...
Preprocessing library 'private' for hmm-lapack-0.5.0.1...
Building library 'private' for hmm-lapack-0.5.0.1...
[1 of 9] Compiling Math.HiddenMarkovModel.Utility
[2 of 9] Compiling Math.HiddenMarkovModel.CSV
[3 of 9] Compiling Math.HiddenMarkovModel.Public.Distribution

private/Math/HiddenMarkovModel/Public/Distribution.hs:262:49: warning: [GHC-63394] [-Wdeprecations]
    In the use of ‘fromList’ (imported from Data.NonEmpty.Map):
    "Dangerous because it silently drops colliding key/value pairs. Better use fromListWith."
    |
262 | discreteFromList = Discrete . discreteFromMap . NonEmptyMap.fromList
    |                                                 ^^^^^^^^^^^^^^^^^^^^
[4 of 9] Compiling Math.HiddenMarkovModel.Private

private/Math/HiddenMarkovModel/Private.hs:20:1: warning: [-Wunused-imports]
    The import of ‘Control.Applicative’ is redundant
      except perhaps to import instances from ‘Control.Applicative’
    To import instances alone, use: import Control.Applicative()
   |
20 | import Control.Applicative ((<$>))
   | ^^^^^^^^^^^^^^^^^^^^^^^^^^^^^^^^^^

private/Math/HiddenMarkovModel/Private.hs:31:1: warning: [-Wunused-imports]
    The import of ‘Data.Semigroup’ is redundant
      except perhaps to import instances from ‘Data.Semigroup’
    To import instances alone, use: import Data.Semigroup()
   |
31 | import Data.Semigroup ((<>))
   | ^^^^^^^^^^^^^^^^^^^^^^^^^^^^

private/Math/HiddenMarkovModel/Private.hs:32:26: warning: [-Wunused-imports]
    The import of ‘Traversable’
    from module ‘Data.Traversable’ is redundant
   |
32 | import Data.Traversable (Traversable, mapAccumL)
   |                          ^^^^^^^^^^^
[5 of 9] Compiling Math.HiddenMarkovModel.Normalized

private/Math/HiddenMarkovModel/Normalized.hs:32:1: warning: [-Wunused-imports]
    The import of ‘Data.Traversable’ is redundant
      except perhaps to import instances from ‘Data.Traversable’
    To import instances alone, use: import Data.Traversable()
   |
32 | import Data.Traversable (Traversable)
   | ^^^^^^^^^^^^^^^^^^^^^^^^^^^^^^^^^^^^^
[6 of 9] Compiling Math.HiddenMarkovModel.Public

private/Math/HiddenMarkovModel/Public.hs:52:26: warning: [-Wunused-imports]
    The import of ‘Traversable’
    from module ‘Data.Traversable’ is redundant
   |
52 | import Data.Traversable (Traversable, mapAccumL)
   |                          ^^^^^^^^^^^

private/Math/HiddenMarkovModel/Public.hs:53:1: warning: [-Wunused-imports]
    The import of ‘Data.Foldable’ is redundant
      except perhaps to import instances from ‘Data.Foldable’
    To import instances alone, use: import Data.Foldable()
   |
53 | import Data.Foldable (Foldable)
   | ^^^^^^^^^^^^^^^^^^^^^^^^^^^^^^^
[7 of 9] Compiling Math.HiddenMarkovModel.Example.TrafficLightPrivate
[8 of 9] Compiling Math.HiddenMarkovModel.Example.SineWavePrivate
[9 of 9] Compiling Math.HiddenMarkovModel.Example.CirclePrivate
Configuring library for hmm-lapack-0.5.0.1...
Preprocessing library for hmm-lapack-0.5.0.1...
Building library for hmm-lapack-0.5.0.1...
[1 of 7] Compiling Math.HiddenMarkovModel
[2 of 7] Compiling Math.HiddenMarkovModel.Distribution
[3 of 7] Compiling Math.HiddenMarkovModel.Example.Circle
[4 of 7] Compiling Math.HiddenMarkovModel.Example.SineWave
[5 of 7] Compiling Math.HiddenMarkovModel.Example.TrafficLight
[6 of 7] Compiling Math.HiddenMarkovModel.Named
[7 of 7] Compiling Math.HiddenMarkovModel.Pattern

src/Math/HiddenMarkovModel/Pattern.hs:53:1: warning: [-Wunused-imports]
    The import of ‘<>, Semigroup’
    from module ‘Data.Semigroup’ is redundant
   |
53 | import Data.Semigroup (Semigroup, (<>), stimes)
   | ^^^^^^^^^^^^^^^^^^^^^^^^^^^^^^^^^^^^^^^^^^^^^^^

src/Math/HiddenMarkovModel/Pattern.hs:119:35: warning: [GHC-63394] [-Wdeprecations]
    In the use of ‘fromList’ (imported from Data.NonEmpty.Map):
    "Dangerous because it silently drops colliding key/value pairs. Better use fromListWith."
    |
119 |           Distr.DiscreteTrained $ NonEmptyMap.fromList $
    |                                   ^^^^^^^^^^^^^^^^^^^^
Configuring test suite 'hmm-test' for hmm-lapack-0.5.0.1...
Preprocessing test suite 'hmm-test' for hmm-lapack-0.5.0.1...
Building test suite 'hmm-test' for hmm-lapack-0.5.0.1...
[1 of 7] Compiling Test
[2 of 7] Compiling Test.Math.HiddenMarkovModel.Example.CirclePrivate
[3 of 7] Compiling Test.Math.HiddenMarkovModel.Example.SineWavePrivate
[4 of 7] Compiling Test.Math.HiddenMarkovModel.Example.TrafficLightPrivate
[5 of 7] Compiling Test.Math.HiddenMarkovModel.Normalized
[6 of 7] Compiling Test.Main
[7 of 7] Compiling Main
[8 of 8] Linking /tmp/workdir-hmm-lapack/hmm-lapack-0.5.0.1/dist-newstyle/build/x86_64-linux/ghc-9.6.6/hmm-lapack-0.5.0.1/t/hmm-test/build/hmm-test/hmm-test
