Build profile: -w ghc-9.6.6 -O1
In order, the following will be built (use -v for more details):
 - lexer-applicative-2.1.0.2 (lib) (first run)
 - lexer-applicative-2.1.0.2 (test:test) (first run)
Configuring library for lexer-applicative-2.1.0.2...
Preprocessing library for lexer-applicative-2.1.0.2...
Building library for lexer-applicative-2.1.0.2...
[1 of 1] Compiling Language.Lexer.Applicative

src/Language/Lexer/Applicative.hs:27:1: warning: [-Wunused-imports]
    The import of ‘Data.Semigroup’ is redundant
      except perhaps to import instances from ‘Data.Semigroup’
    To import instances alone, use: import Data.Semigroup()
   |
27 | import Data.Semigroup (Semigroup(..))
   | ^^^^^^^^^^^^^^^^^^^^^^^^^^^^^^^^^^^^^
Configuring test suite 'test' for lexer-applicative-2.1.0.2...
Preprocessing test suite 'test' for lexer-applicative-2.1.0.2...
Building test suite 'test' for lexer-applicative-2.1.0.2...
[1 of 1] Compiling Main
[2 of 2] Linking /tmp/workdir-lexer-applicative/lexer-applicative-2.1.0.2/dist-newstyle/build/x86_64-linux/ghc-9.6.6/lexer-applicative-2.1.0.2/t/test/build/test/test
