Build profile: -w ghc-9.6.6 -O1
In order, the following will be built (use -v for more details):
 - mmorph-1.2.0 (lib) (first run)
Configuring library for mmorph-1.2.0...
Preprocessing library for mmorph-1.2.0...
Building library for mmorph-1.2.0...
[1 of 2] Compiling Control.Monad.Morph
[2 of 2] Compiling Control.Monad.Trans.Compose

src/Control/Monad/Trans/Compose.hs:45:25: warning: [GHC-39567] [-Wstar-is-type]
    Using ‘*’ (or its Unicode variant) to mean ‘Data.Kind.Type’
    relies on the StarIsType extension, which will become
    deprecated in the future.
    Suggested fix: Use ‘Type’ from ‘Data.Kind’ instead.
   |
45 | newtype ComposeT (f :: (* -> *) -> * -> *) (g :: (* -> *) -> * -> *) m a
   |                         ^

src/Control/Monad/Trans/Compose.hs:45:30: warning: [GHC-39567] [-Wstar-is-type]
    Using ‘*’ (or its Unicode variant) to mean ‘Data.Kind.Type’
    relies on the StarIsType extension, which will become
    deprecated in the future.
    Suggested fix: Use ‘Type’ from ‘Data.Kind’ instead.
   |
45 | newtype ComposeT (f :: (* -> *) -> * -> *) (g :: (* -> *) -> * -> *) m a
   |                              ^

src/Control/Monad/Trans/Compose.hs:45:36: warning: [GHC-39567] [-Wstar-is-type]
    Using ‘*’ (or its Unicode variant) to mean ‘Data.Kind.Type’
    relies on the StarIsType extension, which will become
    deprecated in the future.
    Suggested fix: Use ‘Type’ from ‘Data.Kind’ instead.
   |
45 | newtype ComposeT (f :: (* -> *) -> * -> *) (g :: (* -> *) -> * -> *) m a
   |                                    ^

src/Control/Monad/Trans/Compose.hs:45:41: warning: [GHC-39567] [-Wstar-is-type]
    Using ‘*’ (or its Unicode variant) to mean ‘Data.Kind.Type’
    relies on the StarIsType extension, which will become
    deprecated in the future.
    Suggested fix: Use ‘Type’ from ‘Data.Kind’ instead.
   |
45 | newtype ComposeT (f :: (* -> *) -> * -> *) (g :: (* -> *) -> * -> *) m a
   |                                         ^

src/Control/Monad/Trans/Compose.hs:45:51: warning: [GHC-39567] [-Wstar-is-type]
    Using ‘*’ (or its Unicode variant) to mean ‘Data.Kind.Type’
    relies on the StarIsType extension, which will become
    deprecated in the future.
    Suggested fix: Use ‘Type’ from ‘Data.Kind’ instead.
   |
45 | newtype ComposeT (f :: (* -> *) -> * -> *) (g :: (* -> *) -> * -> *) m a
   |                                                   ^

src/Control/Monad/Trans/Compose.hs:45:56: warning: [GHC-39567] [-Wstar-is-type]
    Using ‘*’ (or its Unicode variant) to mean ‘Data.Kind.Type’
    relies on the StarIsType extension, which will become
    deprecated in the future.
    Suggested fix: Use ‘Type’ from ‘Data.Kind’ instead.
   |
45 | newtype ComposeT (f :: (* -> *) -> * -> *) (g :: (* -> *) -> * -> *) m a
   |                                                        ^

src/Control/Monad/Trans/Compose.hs:45:62: warning: [GHC-39567] [-Wstar-is-type]
    Using ‘*’ (or its Unicode variant) to mean ‘Data.Kind.Type’
    relies on the StarIsType extension, which will become
    deprecated in the future.
    Suggested fix: Use ‘Type’ from ‘Data.Kind’ instead.
   |
45 | newtype ComposeT (f :: (* -> *) -> * -> *) (g :: (* -> *) -> * -> *) m a
   |                                                              ^

src/Control/Monad/Trans/Compose.hs:45:67: warning: [GHC-39567] [-Wstar-is-type]
    Using ‘*’ (or its Unicode variant) to mean ‘Data.Kind.Type’
    relies on the StarIsType extension, which will become
    deprecated in the future.
    Suggested fix: Use ‘Type’ from ‘Data.Kind’ instead.
   |
45 | newtype ComposeT (f :: (* -> *) -> * -> *) (g :: (* -> *) -> * -> *) m a
   |                                                                   ^
