Build profile: -w ghc-9.6.6 -O1
In order, the following will be built (use -v for more details):
 - concurrency-1.11.0.3 (lib) (first run)
Configuring library for concurrency-1.11.0.3...
Preprocessing library for concurrency-1.11.0.3...
Building library for concurrency-1.11.0.3...
[ 1 of 21] Compiling Control.Monad.STM.Class

Control/Monad/STM/Class.hs:64:1: warning: [-Wunused-imports]
    The import of ‘Control.Monad.Fail’ is redundant
      except perhaps to import instances from ‘Control.Monad.Fail’
    To import instances alone, use: import Control.Monad.Fail()
   |
64 | import           Control.Monad.Fail           (MonadFail(..))
   | ^^^^^^^^^^^^^^^^^^^^^^^^^^^^^^^^^^^^^^^^^^^^^^^^^^^^^^^^^^^^^
[ 2 of 21] Compiling Control.Monad.Conc.Class

Control/Monad/Conc/Class.hs:100:1: warning: [-Wunused-imports]
    The import of ‘Control.Monad.Fail’ is redundant
      except perhaps to import instances from ‘Control.Monad.Fail’
    To import instances alone, use: import Control.Monad.Fail()
    |
100 | import           Control.Monad.Fail           (MonadFail(..))
    | ^^^^^^^^^^^^^^^^^^^^^^^^^^^^^^^^^^^^^^^^^^^^^^^^^^^^^^^^^^^^^
[ 3 of 21] Compiling Control.Concurrent.Classy.MVar
[ 4 of 21] Compiling Control.Concurrent.Classy.QSemN

Control/Concurrent/Classy/QSemN.hs:23:1: warning: [-Wunused-imports]
    The import of ‘Control.Monad.Fail’ is redundant
      except perhaps to import instances from ‘Control.Monad.Fail’
    To import instances alone, use: import Control.Monad.Fail()
   |
23 | import           Control.Monad.Fail             (MonadFail)
   | ^^^^^^^^^^^^^^^^^^^^^^^^^^^^^^^^^^^^^^^^^^^^^^^^^^^^^^^^^^^
[ 5 of 21] Compiling Control.Concurrent.Classy.QSem

Control/Concurrent/Classy/QSem.hs:20:1: warning: [-Wunused-imports]
    The import of ‘Control.Monad.Fail’ is redundant
      except perhaps to import instances from ‘Control.Monad.Fail’
    To import instances alone, use: import Control.Monad.Fail()
   |
20 | import           Control.Monad.Fail              (MonadFail)
   | ^^^^^^^^^^^^^^^^^^^^^^^^^^^^^^^^^^^^^^^^^^^^^^^^^^^^^^^^^^^^
[ 6 of 21] Compiling Control.Concurrent.Classy.Lock
[ 7 of 21] Compiling Control.Concurrent.Classy.RWLock
[ 8 of 21] Compiling Control.Concurrent.Classy.IORef
[ 9 of 21] Compiling Control.Concurrent.Classy.Chan
[10 of 21] Compiling Control.Concurrent.Classy.CRef
[11 of 21] Compiling Control.Concurrent.Classy.BoundedChan
[12 of 21] Compiling Control.Concurrent.Classy.STM.TVar
[13 of 21] Compiling Control.Concurrent.Classy.STM.TSem
[14 of 21] Compiling Control.Concurrent.Classy.STM.TQueue

Control/Concurrent/Classy/STM/TQueue.hs:81:15: warning: [GHC-62161] [-Wincomplete-uni-patterns]
    Pattern match(es) are non-exhaustive
    In a pattern binding: Patterns of type ‘[a]’ not matched: []
   |
81 |           let (z:zs) = reverse ys -- NB. lazy: we want the transaction to be
   |               ^^^^^^^^^^^^^^^^^^^

Control/Concurrent/Classy/STM/TQueue.hs:120:15: warning: [GHC-62161] [-Wincomplete-uni-patterns]
    Pattern match(es) are non-exhaustive
    In a pattern binding: Patterns of type ‘[a]’ not matched: []
    |
120 |           let (z:zs) = reverse ys -- NB. lazy: we want the transaction to be
    |               ^^^^^^^^^^^^^^^^^^^
[15 of 21] Compiling Control.Concurrent.Classy.STM.TMVar
[16 of 21] Compiling Control.Concurrent.Classy.STM.TChan
[17 of 21] Compiling Control.Concurrent.Classy.STM.TBQueue

Control/Concurrent/Classy/STM/TBQueue.hs:100:15: warning: [GHC-62161] [-Wincomplete-uni-patterns]
    Pattern match(es) are non-exhaustive
    In a pattern binding: Patterns of type ‘[a]’ not matched: []
    |
100 |           let (z:zs) = reverse ys
    |               ^^^^^^^^^^^^^^^^^^^

Control/Concurrent/Classy/STM/TBQueue.hs:143:15: warning: [GHC-62161] [-Wincomplete-uni-patterns]
    Pattern match(es) are non-exhaustive
    In a pattern binding: Patterns of type ‘[a]’ not matched: []
    |
143 |           let (z:zs) = reverse ys -- NB. lazy: we want the transaction to be
    |               ^^^^^^^^^^^^^^^^^^^
[18 of 21] Compiling Control.Concurrent.Classy.STM.TArray
[19 of 21] Compiling Control.Concurrent.Classy.STM
[20 of 21] Compiling Control.Concurrent.Classy
[21 of 21] Compiling Control.Concurrent.Classy.Async

Control/Concurrent/Classy/Async.hs:105:1: warning: [-Wunused-imports]
    The import of ‘Data.Foldable’ is redundant
      except perhaps to import instances from ‘Data.Foldable’
    To import instances alone, use: import Data.Foldable()
    |
105 | import           Data.Foldable                       (foldMap)
    | ^^^^^^^^^^^^^^^^^^^^^^^^^^^^^^^^^^^^^^^^^^^^^^^^^^^^^^^^^^^^^^

Control/Concurrent/Classy/Async.hs:106:1: warning: [-Wunused-imports]
    The import of ‘Data.Semigroup’ is redundant
      except perhaps to import instances from ‘Data.Semigroup’
    To import instances alone, use: import Data.Semigroup()
    |
106 | import           Data.Semigroup                      (Semigroup(..))
    | ^^^^^^^^^^^^^^^^^^^^^^^^^^^^^^^^^^^^^^^^^^^^^^^^^^^^^^^^^^^^^^^^^^^^
