Build profile: -w ghc-9.6.6 -O1
In order, the following will be built (use -v for more details):
 - vector-algorithms-0.9.0.2 (lib) (first run)
 - vector-algorithms-0.9.0.2 (test:properties) (first run)
Configuring library for vector-algorithms-0.9.0.2...
Preprocessing library for vector-algorithms-0.9.0.2...
Building library for vector-algorithms-0.9.0.2...
[ 1 of 11] Compiling Data.Vector.Algorithms.Common
[ 2 of 11] Compiling Data.Vector.Algorithms.Optimal
[ 3 of 11] Compiling Data.Vector.Algorithms.Insertion
[ 4 of 11] Compiling Data.Vector.Algorithms.Merge
[ 5 of 11] Compiling Data.Vector.Algorithms.AmericanFlag
[ 6 of 11] Compiling Data.Vector.Algorithms.Heap
[ 7 of 11] Compiling Data.Vector.Algorithms.Intro
[ 8 of 11] Compiling Data.Vector.Algorithms.Radix
[ 9 of 11] Compiling Data.Vector.Algorithms.Search
[10 of 11] Compiling Data.Vector.Algorithms
[11 of 11] Compiling Data.Vector.Algorithms.Tim
Configuring test suite 'properties' for vector-algorithms-0.9.0.2...
Preprocessing test suite 'properties' for vector-algorithms-0.9.0.2...
Building test suite 'properties' for vector-algorithms-0.9.0.2...
[1 of 4] Compiling Optimal
[2 of 4] Compiling Util
[3 of 4] Compiling Properties
[4 of 4] Compiling Main
[5 of 5] Linking /tmp/workdir-vector-algorithms/vector-algorithms-0.9.0.2/dist-newstyle/build/x86_64-linux/ghc-9.6.6/vector-algorithms-0.9.0.2/t/properties/build/properties/properties
