Build profile: -w ghc-9.6.6 -O1
In order, the following will be built (use -v for more details):
 - cabal-install-3.10.3.0 (lib) (first run)
 - cabal-install-3.10.3.0 (exe:cabal) (first run)
Warning: cabal-install.cabal:260:4: Inconsistent indentation. Indentation
jumps at lines 260
Configuring library for cabal-install-3.10.3.0...
Preprocessing library for cabal-install-3.10.3.0...
Building library for cabal-install-3.10.3.0...
[  1 of 135] Compiling Distribution.Client.Compat.Directory
[  2 of 135] Compiling Distribution.Client.Compat.ExecutablePath
[  3 of 135] Compiling Distribution.Client.Compat.Orphans
[  4 of 135] Compiling Distribution.Client.Compat.Prelude
[  5 of 135] Compiling Distribution.Client.BuildReports.Types
[  6 of 135] Compiling Distribution.Client.BuildReports.Lens
[  7 of 135] Compiling Distribution.Client.Compat.Semaphore
[  8 of 135] Compiling Distribution.Client.Dependency.Types
[  9 of 135] Compiling Distribution.Client.GZipUtils
[ 10 of 135] Compiling Distribution.Client.Compat.Tar
[ 11 of 135] Compiling Distribution.Client.Glob
[ 12 of 135] Compiling Distribution.Client.Haddock
[ 13 of 135] Compiling Distribution.Client.HashValue
[ 14 of 135] Compiling Distribution.Client.IndexUtils.Timestamp
[ 15 of 135] Compiling Distribution.Client.Init.Licenses
[ 16 of 135] Compiling Distribution.Client.JobControl
[ 17 of 135] Compiling Distribution.Client.ManpageFlags
[ 18 of 135] Compiling Distribution.Client.ProjectFlags
[ 19 of 135] Compiling Distribution.Client.SavedFlags
[ 20 of 135] Compiling Distribution.Client.Security.DNS
[ 21 of 135] Compiling Distribution.Client.Signal
[ 22 of 135] Compiling Distribution.Client.Tar
[ 23 of 135] Compiling Distribution.Client.Types.AllowNewer
[ 24 of 135] Compiling Distribution.Client.Types.BuildResults
[ 25 of 135] Compiling Distribution.Client.Types.ConfiguredId
[ 26 of 135] Compiling Distribution.Client.Types.ConfiguredPackage
[ 27 of 135] Compiling Distribution.Client.Types.Credentials
[ 28 of 135] Compiling Distribution.Client.Types.InstallMethod
[ 29 of 135] Compiling Distribution.Client.Types.OverwritePolicy
[ 30 of 135] Compiling Distribution.Client.CmdInstall.ClientInstallFlags
[ 31 of 135] Compiling Distribution.Client.Types.PackageSpecifier
[ 32 of 135] Compiling Distribution.Client.Types.RepoName
[ 33 of 135] Compiling Distribution.Client.Types.Repo
[ 34 of 135] Compiling Distribution.Client.IndexUtils.IndexState
[ 35 of 135] Compiling Distribution.Client.IndexUtils.ActiveRepos
[ 36 of 135] Compiling Distribution.Client.Types.SourceRepo
[ 37 of 135] Compiling Distribution.Client.Types.PackageLocation
[ 38 of 135] Compiling Distribution.Client.Types.SourcePackageDb
[ 39 of 135] Compiling Distribution.Client.Types.ReadyPackage
[ 40 of 135] Compiling Distribution.Client.Types.WriteGhcEnvironmentFilesPolicy
[ 41 of 135] Compiling Distribution.Client.Types
[ 42 of 135] Compiling Distribution.Client.SolverInstallPlan
[ 43 of 135] Compiling Distribution.Client.PackageHash
[ 44 of 135] Compiling Distribution.Client.InstallPlan
[ 45 of 135] Compiling Distribution.Client.Utils
[ 46 of 135] Compiling Distribution.Client.SrcDist
[ 47 of 135] Compiling Distribution.Client.Run
[ 48 of 135] Compiling Distribution.Client.Init.Types
[ 49 of 135] Compiling Distribution.Client.Init.Prompt
[ 50 of 135] Compiling Distribution.Client.Init.Format
[ 51 of 135] Compiling Distribution.Client.Init.Defaults
[ 52 of 135] Compiling Distribution.Client.Init.Utils
[ 53 of 135] Compiling Distribution.Client.Init.FlagExtractors
[ 54 of 135] Compiling Distribution.Client.Init.Simple
[ 55 of 135] Compiling Distribution.Client.Init.NonInteractive.Heuristics
[ 56 of 135] Compiling Distribution.Client.Init.NonInteractive.Command
[ 57 of 135] Compiling Distribution.Client.Init.Interactive.Command
[ 58 of 135] Compiling Distribution.Client.Init.FileCreators
[ 59 of 135] Compiling Distribution.Client.FileMonitor
[ 60 of 135] Compiling Distribution.Client.RebuildMonad
[ 61 of 135] Compiling Distribution.Client.ProjectBuilding.Types
[ 62 of 135] Compiling Distribution.Client.Dependency
[ 63 of 135] Compiling Distribution.Client.Utils.Json
[ 64 of 135] Compiling Distribution.Client.Utils.Parsec
[ 65 of 135] Compiling Distribution.Client.Check
[ 66 of 135] Compiling Distribution.Client.VCS
[ 67 of 135] Compiling Distribution.Client.Win32SelfUpgrade
[ 68 of 135] Compiling Distribution.Deprecated.ReadP
[ 69 of 135] Compiling Distribution.Deprecated.ParseUtils
[ 70 of 135] Compiling Distribution.Client.TargetSelector
[ 71 of 135] Compiling Distribution.Client.CmdInstall.ClientInstallTargetSelector
[ 72 of 135] Compiling Distribution.Deprecated.ViewAsFieldDescr
[ 73 of 135] Compiling Distribution.Client.ParseUtils
[ 74 of 135] Compiling Paths_cabal_install
[ 75 of 135] Compiling Distribution.Client.Version
[ 76 of 135] Compiling Distribution.Client.HttpUtils
[ 77 of 135] Compiling Distribution.Client.Security.HTTP
[ 78 of 135] Compiling Distribution.Client.GlobalFlags
[ 79 of 135] Compiling Distribution.Client.FetchUtils
[ 80 of 135] Compiling Distribution.Client.Targets
[ 81 of 135] Compiling Distribution.Client.Setup
[ 82 of 135] Compiling Distribution.Client.NixStyleOptions
[ 83 of 135] Compiling Distribution.Client.Manpage
[ 84 of 135] Compiling Distribution.Client.InstallSymlink
[ 85 of 135] Compiling Distribution.Client.IndexUtils
[ 86 of 135] Compiling Distribution.Client.Init
[ 87 of 135] Compiling Distribution.Client.ProjectConfig.Types
[ 88 of 135] Compiling Distribution.Client.List
[ 89 of 135] Compiling Distribution.Client.Get
[ 90 of 135] Compiling Distribution.Client.Fetch
[ 91 of 135] Compiling Distribution.Client.Config
[ 92 of 135] Compiling Distribution.Client.SetupWrapper
[ 93 of 135] Compiling Distribution.Client.Configure
[ 94 of 135] Compiling Distribution.Client.Sandbox.PackageEnvironment
[ 95 of 135] Compiling Distribution.Client.Sandbox
[ 96 of 135] Compiling Distribution.Client.CmdLegacy
[ 97 of 135] Compiling Distribution.Client.ProjectConfig.Legacy
[ 98 of 135] Compiling Distribution.Client.Nix
[ 99 of 135] Compiling Distribution.Client.Reconfigure
[100 of 135] Compiling Distribution.Client.Freeze
[101 of 135] Compiling Distribution.Client.GenBounds
[102 of 135] Compiling Distribution.Client.DistDirLayout
[103 of 135] Compiling Distribution.Client.Store
[104 of 135] Compiling Distribution.Client.ProjectPlanning.Types
[105 of 135] Compiling Distribution.Client.SourceFiles
[106 of 135] Compiling Distribution.Client.ProjectPlanOutput
[107 of 135] Compiling Distribution.Client.ProjectConfig
[108 of 135] Compiling Distribution.Client.CmdOutdated
[109 of 135] Compiling Distribution.Client.CmdClean
[110 of 135] Compiling Distribution.Client.BuildReports.Anonymous
[111 of 135] Compiling Distribution.Client.BuildReports.Upload
[112 of 135] Compiling Distribution.Client.Upload
[113 of 135] Compiling Distribution.Client.BuildReports.Storage
[114 of 135] Compiling Distribution.Client.ProjectPlanning
[115 of 135] Compiling Distribution.Client.TargetProblem
[116 of 135] Compiling Distribution.Client.ProjectBuilding
[117 of 135] Compiling Distribution.Client.CmdErrorMessages
[118 of 135] Compiling Distribution.Client.ProjectOrchestration
[119 of 135] Compiling Distribution.Client.ScriptUtils
[120 of 135] Compiling Distribution.Client.CmdUpdate
[121 of 135] Compiling Distribution.Client.CmdTest
[122 of 135] Compiling Distribution.Client.CmdSdist
[123 of 135] Compiling Distribution.Client.CmdRun
[124 of 135] Compiling Distribution.Client.CmdRepl
[125 of 135] Compiling Distribution.Client.CmdListBin
[126 of 135] Compiling Distribution.Client.CmdInstall
[127 of 135] Compiling Distribution.Client.CmdHaddock
[128 of 135] Compiling Distribution.Client.CmdFreeze
[129 of 135] Compiling Distribution.Client.CmdExec
[130 of 135] Compiling Distribution.Client.CmdConfigure
[131 of 135] Compiling Distribution.Client.CmdBuild
[132 of 135] Compiling Distribution.Client.CmdHaddockProject
[133 of 135] Compiling Distribution.Client.CmdBench
[134 of 135] Compiling Distribution.Client.Install
[135 of 135] Compiling Distribution.Client.Main
Warning: cabal-install.cabal:260:4: Inconsistent indentation. Indentation
jumps at lines 260
Configuring executable 'cabal' for cabal-install-3.10.3.0...
Preprocessing executable 'cabal' for cabal-install-3.10.3.0...
Building executable 'cabal' for cabal-install-3.10.3.0...
[1 of 1] Compiling Main
[2 of 2] Linking /tmp/workdir-cabal-install/cabal-install-3.10.3.0/dist-newstyle/build/x86_64-linux/ghc-9.6.6/cabal-install-3.10.3.0/x/cabal/build/cabal/cabal
