Build profile: -w ghc-9.6.6 -O1
In order, the following will be built (use -v for more details):
 - tzdata-0.2.20240201.0 (lib) (first run)
 - tzdata-0.2.20240201.0 (test:test-db) (first run)
Configuring library for tzdata-0.2.20240201.0...
Preprocessing library for tzdata-0.2.20240201.0...
Building library for tzdata-0.2.20240201.0...
[1 of 3] Compiling Data.Time.Zones.DB

Data/Time/Zones/DB.hs:716:5: warning: [-Wunused-local-binds]
    Defined but not used: ‘l’
    |
716 |     l name target = Left (BS.pack name, BS.pack target)
    |     ^
[2 of 3] Compiling Paths_tzdata
[3 of 3] Compiling Data.Time.Zones.Files
Configuring test suite 'test-db' for tzdata-0.2.20240201.0...
Preprocessing test suite 'test-db' for tzdata-0.2.20240201.0...
Building test suite 'test-db' for tzdata-0.2.20240201.0...
[1 of 1] Compiling Main

tests/testDB.hs:6:1: warning: [-Wunused-imports]
    The import of ‘Data.Maybe’ is redundant
      except perhaps to import instances from ‘Data.Maybe’
    To import instances alone, use: import Data.Maybe()
  |
6 | import Data.Maybe
  | ^^^^^^^^^^^^^^^^^

tests/testDB.hs:18:7: warning: [GHC-62161] [-Wincomplete-uni-patterns]
    Pattern match(es) are non-exhaustive
    In a pattern binding:
        Patterns of type ‘Maybe BL.ByteString’ not matched: Nothing
   |
18 |   let Just budByName = tzDataByName "Europe/Budapest"
   |       ^^^^^^^^^^^^^^^^^^^^^^^^^^^^^^^^^^^^^^^^^^^^^^^

tests/testDB.hs:26:7: warning: [GHC-62161] [-Wincomplete-uni-patterns]
    Pattern match(es) are non-exhaustive
    In a pattern binding:
        Patterns of type ‘Maybe BL.ByteString’ not matched: Nothing
   |
26 |   let Just etcByName = tzDataByName "Etc/GMT+1"
   |       ^^^^^^^^^^^^^^^^^^^^^^^^^^^^^^^^^^^^^^^^^

tests/testDB.hs:50:3: warning: [GHC-68441] [-Wdeprecations]
    In the use of ‘assert’
    (imported from Test.Tasty.HUnit, but defined in Test.Tasty.HUnit.Orig):
    Deprecated: "This class or type seems dubious. If you have a good use case for it, please create an issue for tasty. Otherwise, it may be removed in a future version."
   |
50 |   assert $ BL.length (tzDataByLabel Europe__Budapest) > 2000
   |   ^^^^^^
[2 of 2] Linking /tmp/workdir-tzdata/tzdata-0.2.20240201.0/dist-newstyle/build/x86_64-linux/ghc-9.6.6/tzdata-0.2.20240201.0/t/test-db/build/test-db/test-db
