Build profile: -w ghc-9.6.6 -O1
In order, the following will be built (use -v for more details):
 - mutable-containers-0.3.4.1 (lib) (first run)
 - mutable-containers-0.3.4.1 (test:test) (first run)
Configuring library for mutable-containers-0.3.4.1...
Preprocessing library for mutable-containers-0.3.4.1...
Building library for mutable-containers-0.3.4.1...
[1 of 9] Compiling Data.Mutable.Class

src/Data/Mutable/Class.hs:71:41: warning: [GHC-58520] [-Wtype-equality-requires-operators]
    The use of ‘~’ without TypeOperators
    will become an error in a future GHC release.
    Suggested fix: Perhaps you intended to use TypeOperators
   |
71 |     newRef :: (PrimMonad m, PrimState m ~ MCState c)
   |                                         ^

src/Data/Mutable/Class.hs:78:42: warning: [GHC-58520] [-Wtype-equality-requires-operators]
    The use of ‘~’ without TypeOperators
    will become an error in a future GHC release.
    Suggested fix: Perhaps you intended to use TypeOperators
   |
78 |     readRef :: (PrimMonad m, PrimState m ~ MCState c)
   |                                          ^

src/Data/Mutable/Class.hs:85:43: warning: [GHC-58520] [-Wtype-equality-requires-operators]
    The use of ‘~’ without TypeOperators
    will become an error in a future GHC release.
    Suggested fix: Perhaps you intended to use TypeOperators
   |
85 |     writeRef :: (PrimMonad m, PrimState m ~ MCState c)
   |                                           ^

src/Data/Mutable/Class.hs:96:44: warning: [GHC-58520] [-Wtype-equality-requires-operators]
    The use of ‘~’ without TypeOperators
    will become an error in a future GHC release.
    Suggested fix: Perhaps you intended to use TypeOperators
   |
96 |     modifyRef :: (PrimMonad m, PrimState m ~ MCState c)
   |                                            ^

src/Data/Mutable/Class.hs:104:45: warning: [GHC-58520] [-Wtype-equality-requires-operators]
    The use of ‘~’ without TypeOperators
    will become an error in a future GHC release.
    Suggested fix: Perhaps you intended to use TypeOperators
    |
104 |     modifyRef' :: (PrimMonad m, PrimState m ~ MCState c)
    |                                             ^

src/Data/Mutable/Class.hs:154:38: warning: [GHC-58520] [-Wtype-equality-requires-operators]
    The use of ‘~’ without TypeOperators
    will become an error in a future GHC release.
    Suggested fix: Perhaps you intended to use TypeOperators
    |
154 |         :: (PrimMonad m, PrimState m ~ MCState c)
    |                                      ^

src/Data/Mutable/Class.hs:163:38: warning: [GHC-58520] [-Wtype-equality-requires-operators]
    The use of ‘~’ without TypeOperators
    will become an error in a future GHC release.
    Suggested fix: Perhaps you intended to use TypeOperators
    |
163 |         :: (PrimMonad m, PrimState m ~ MCState c)
    |                                      ^

src/Data/Mutable/Class.hs:190:42: warning: [GHC-58520] [-Wtype-equality-requires-operators]
    The use of ‘~’ without TypeOperators
    will become an error in a future GHC release.
    Suggested fix: Perhaps you intended to use TypeOperators
    |
190 |     newColl :: (PrimMonad m, PrimState m ~ MCState c)
    |                                          ^

src/Data/Mutable/Class.hs:212:43: warning: [GHC-58520] [-Wtype-equality-requires-operators]
    The use of ‘~’ without TypeOperators
    will become an error in a future GHC release.
    Suggested fix: Perhaps you intended to use TypeOperators
    |
212 |     popFront :: (PrimMonad m, PrimState m ~ MCState c)
    |                                           ^

src/Data/Mutable/Class.hs:217:22: warning: [GHC-58520] [-Wtype-equality-requires-operators]
    The use of ‘~’ without TypeOperators
    will become an error in a future GHC release.
    Suggested fix: Perhaps you intended to use TypeOperators
    |
217 |        , PrimState m ~ MCState c
    |                      ^

src/Data/Mutable/Class.hs:219:24: warning: [GHC-58520] [-Wtype-equality-requires-operators]
    The use of ‘~’ without TypeOperators
    will become an error in a future GHC release.
    Suggested fix: Perhaps you intended to use TypeOperators
    |
219 |        , CollElement c ~ Element (RefElement c)
    |                        ^

src/Data/Mutable/Class.hs:249:44: warning: [GHC-58520] [-Wtype-equality-requires-operators]
    The use of ‘~’ without TypeOperators
    will become an error in a future GHC release.
    Suggested fix: Perhaps you intended to use TypeOperators
    |
249 |     pushFront :: (PrimMonad m, PrimState m ~ MCState c)
    |                                            ^

src/Data/Mutable/Class.hs:255:22: warning: [GHC-58520] [-Wtype-equality-requires-operators]
    The use of ‘~’ without TypeOperators
    will become an error in a future GHC release.
    Suggested fix: Perhaps you intended to use TypeOperators
    |
255 |        , PrimState m ~ MCState c
    |                      ^

src/Data/Mutable/Class.hs:257:24: warning: [GHC-58520] [-Wtype-equality-requires-operators]
    The use of ‘~’ without TypeOperators
    will become an error in a future GHC release.
    Suggested fix: Perhaps you intended to use TypeOperators
    |
257 |        , CollElement c ~ Element (RefElement c)
    |                        ^

src/Data/Mutable/Class.hs:282:42: warning: [GHC-58520] [-Wtype-equality-requires-operators]
    The use of ‘~’ without TypeOperators
    will become an error in a future GHC release.
    Suggested fix: Perhaps you intended to use TypeOperators
    |
282 |     popBack :: (PrimMonad m, PrimState m ~ MCState c)
    |                                          ^

src/Data/Mutable/Class.hs:287:22: warning: [GHC-58520] [-Wtype-equality-requires-operators]
    The use of ‘~’ without TypeOperators
    will become an error in a future GHC release.
    Suggested fix: Perhaps you intended to use TypeOperators
    |
287 |        , PrimState m ~ MCState c
    |                      ^

src/Data/Mutable/Class.hs:289:24: warning: [GHC-58520] [-Wtype-equality-requires-operators]
    The use of ‘~’ without TypeOperators
    will become an error in a future GHC release.
    Suggested fix: Perhaps you intended to use TypeOperators
    |
289 |        , CollElement c ~ Element (RefElement c)
    |                        ^

src/Data/Mutable/Class.hs:319:43: warning: [GHC-58520] [-Wtype-equality-requires-operators]
    The use of ‘~’ without TypeOperators
    will become an error in a future GHC release.
    Suggested fix: Perhaps you intended to use TypeOperators
    |
319 |     pushBack :: (PrimMonad m, PrimState m ~ MCState c)
    |                                           ^

src/Data/Mutable/Class.hs:325:22: warning: [GHC-58520] [-Wtype-equality-requires-operators]
    The use of ‘~’ without TypeOperators
    will become an error in a future GHC release.
    Suggested fix: Perhaps you intended to use TypeOperators
    |
325 |        , PrimState m ~ MCState c
    |                      ^

src/Data/Mutable/Class.hs:327:24: warning: [GHC-58520] [-Wtype-equality-requires-operators]
    The use of ‘~’ without TypeOperators
    will become an error in a future GHC release.
    Suggested fix: Perhaps you intended to use TypeOperators
    |
327 |        , CollElement c ~ Element (RefElement c)
    |                        ^
[2 of 9] Compiling Data.Mutable.BRef
[3 of 9] Compiling Data.Mutable.DLList
[4 of 9] Compiling Data.Mutable.Deque
[5 of 9] Compiling Data.Mutable.PRef
[6 of 9] Compiling Data.Mutable.SRef
[7 of 9] Compiling Data.Mutable.URef
[8 of 9] Compiling Data.Mutable
[9 of 9] Compiling Paths_mutable_containers
Configuring test suite 'test' for mutable-containers-0.3.4.1...
Preprocessing test suite 'test' for mutable-containers-0.3.4.1...
Building test suite 'test' for mutable-containers-0.3.4.1...
[1 of 2] Compiling Main

test/Spec.hs:136:31: warning: [GHC-58520] [-Wtype-equality-requires-operators]
    The use of ‘~’ without TypeOperators
    will become an error in a future GHC release.
    Suggested fix: Perhaps you intended to use TypeOperators
    |
136 | modifyRefHelper :: (MCState c ~ PrimState IO, RefElement c ~ Int, MutableRef c)
    |                               ^

test/Spec.hs:136:60: warning: [GHC-58520] [-Wtype-equality-requires-operators]
    The use of ‘~’ without TypeOperators
    will become an error in a future GHC release.
    Suggested fix: Perhaps you intended to use TypeOperators
    |
136 | modifyRefHelper :: (MCState c ~ PrimState IO, RefElement c ~ Int, MutableRef c)
    |                                                            ^

test/Spec.hs:144:32: warning: [GHC-58520] [-Wtype-equality-requires-operators]
    The use of ‘~’ without TypeOperators
    will become an error in a future GHC release.
    Suggested fix: Perhaps you intended to use TypeOperators
    |
144 | modifyRefHelper' :: (MCState c ~ PrimState IO, RefElement c ~ Int, MutableRef c)
    |                                ^

test/Spec.hs:144:61: warning: [GHC-58520] [-Wtype-equality-requires-operators]
    The use of ‘~’ without TypeOperators
    will become an error in a future GHC release.
    Suggested fix: Perhaps you intended to use TypeOperators
    |
144 | modifyRefHelper' :: (MCState c ~ PrimState IO, RefElement c ~ Int, MutableRef c)
    |                                                             ^
[2 of 2] Compiling Paths_mutable_containers
[3 of 3] Linking /tmp/workdir-mutable-containers/mutable-containers-0.3.4.1/dist-newstyle/build/x86_64-linux/ghc-9.6.6/mutable-containers-0.3.4.1/t/test/build/test/test
