Build profile: -w ghc-9.6.6 -O1
In order, the following will be built (use -v for more details):
 - aern2-real-0.2.15.1 (lib) (first run)
 - aern2-real-0.2.15.1 (test:aern2-real-test) (first run)
Configuring library for aern2-real-0.2.15.1...
Preprocessing library for aern2-real-0.2.15.1...
Building library for aern2-real-0.2.15.1...
[ 1 of 14] Compiling AERN2.Real.Type
[ 2 of 14] Compiling AERN2.Real.Limit
[ 3 of 14] Compiling AERN2.Real.CKleenean
[ 4 of 14] Compiling AERN2.Real.Comparisons
[ 5 of 14] Compiling AERN2.Real.FieldTH
[ 6 of 14] Compiling AERN2.Real.Field
[ 7 of 14] Compiling AERN2.Real.Elementary
[ 8 of 14] Compiling AERN2.Real.Tests
[ 9 of 14] Compiling AERN2.Real
[10 of 14] Compiling AERN2.Real.Examples.Introduction
[11 of 14] Compiling AERN2.Real.Examples.ClosestPairDist
[12 of 14] Compiling AERN2.Complex
[13 of 14] Compiling AERN2.Continuity.Principles
[14 of 14] Compiling Paths_aern2_real
Configuring test suite 'aern2-real-test' for aern2-real-0.2.15.1...
Preprocessing test suite 'aern2-real-test' for aern2-real-0.2.15.1...
Building test suite 'aern2-real-test' for aern2-real-0.2.15.1...
[1 of 3] Compiling AERN2.RealSpec
[2 of 3] Compiling Main
[3 of 3] Compiling Paths_aern2_real
[4 of 4] Linking /tmp/workdir-aern2-real/aern2-real-0.2.15.1/dist-newstyle/build/x86_64-linux/ghc-9.6.6/aern2-real-0.2.15.1/t/aern2-real-test/build/aern2-real-test/aern2-real-test
