Build profile: -w ghc-9.6.6 -O1
In order, the following will be built (use -v for more details):
 - amazonka-docdb-elastic-2.0 (lib) (first run)
 - amazonka-docdb-elastic-2.0 (test:amazonka-docdb-elastic-test) (first run)
Configuring library for amazonka-docdb-elastic-2.0...
Preprocessing library for amazonka-docdb-elastic-2.0...
Building library for amazonka-docdb-elastic-2.0...
[ 1 of 23] Compiling Amazonka.DocDbElastic.Types.Auth
[ 2 of 23] Compiling Amazonka.DocDbElastic.Types.Status
[ 3 of 23] Compiling Amazonka.DocDbElastic.Types.ClusterSnapshotInList
[ 4 of 23] Compiling Amazonka.DocDbElastic.Types.ClusterSnapshot
[ 5 of 23] Compiling Amazonka.DocDbElastic.Types.ClusterInList
[ 6 of 23] Compiling Amazonka.DocDbElastic.Types.Cluster
[ 7 of 23] Compiling Amazonka.DocDbElastic.Types
[ 8 of 23] Compiling Amazonka.DocDbElastic.TagResource
[ 9 of 23] Compiling Amazonka.DocDbElastic.RestoreClusterFromSnapshot

gen/Amazonka/DocDbElastic/RestoreClusterFromSnapshot.hs:148:146: warning: [GHC-02256] [-Wambiguous-fields]
    The record update s {kmsKeyId = a} with type RestoreClusterFromSnapshot is ambiguous.
    This will not be supported by -XDuplicateRecordFields in future releases of GHC.
    |
148 | restoreClusterFromSnapshot_kmsKeyId = Lens.lens (\RestoreClusterFromSnapshot' {kmsKeyId} -> kmsKeyId) (\s@RestoreClusterFromSnapshot' {} a -> s {kmsKeyId = a} :: RestoreClusterFromSnapshot)
    |                                                                                                                                                  ^^^^^^^^^^^^

gen/Amazonka/DocDbElastic/RestoreClusterFromSnapshot.hs:152:149: warning: [GHC-02256] [-Wambiguous-fields]
    The record update s {subnetIds = a} with type RestoreClusterFromSnapshot is ambiguous.
    This will not be supported by -XDuplicateRecordFields in future releases of GHC.
    |
152 | restoreClusterFromSnapshot_subnetIds = Lens.lens (\RestoreClusterFromSnapshot' {subnetIds} -> subnetIds) (\s@RestoreClusterFromSnapshot' {} a -> s {subnetIds = a} :: RestoreClusterFromSnapshot) Prelude.. Lens.mapping Lens.coerced
    |                                                                                                                                                     ^^^^^^^^^^^^^

gen/Amazonka/DocDbElastic/RestoreClusterFromSnapshot.hs:163:179: warning: [GHC-02256] [-Wambiguous-fields]
    The record update s {vpcSecurityGroupIds = a} with type RestoreClusterFromSnapshot is ambiguous.
    This will not be supported by -XDuplicateRecordFields in future releases of GHC.
    |
163 | restoreClusterFromSnapshot_vpcSecurityGroupIds = Lens.lens (\RestoreClusterFromSnapshot' {vpcSecurityGroupIds} -> vpcSecurityGroupIds) (\s@RestoreClusterFromSnapshot' {} a -> s {vpcSecurityGroupIds = a} :: RestoreClusterFromSnapshot) Prelude.. Lens.mapping Lens.coerced
    |                                                                                                                                                                                   ^^^^^^^^^^^^^^^^^^^^^^^

gen/Amazonka/DocDbElastic/RestoreClusterFromSnapshot.hs:167:155: warning: [GHC-02256] [-Wambiguous-fields]
    The record update s {clusterName = a} with type RestoreClusterFromSnapshot is ambiguous.
    This will not be supported by -XDuplicateRecordFields in future releases of GHC.
    |
167 | restoreClusterFromSnapshot_clusterName = Lens.lens (\RestoreClusterFromSnapshot' {clusterName} -> clusterName) (\s@RestoreClusterFromSnapshot' {} a -> s {clusterName = a} :: RestoreClusterFromSnapshot)
    |                                                                                                                                                           ^^^^^^^^^^^^^^^

gen/Amazonka/DocDbElastic/RestoreClusterFromSnapshot.hs:171:155: warning: [GHC-02256] [-Wambiguous-fields]
    The record update s {snapshotArn = a} with type RestoreClusterFromSnapshot is ambiguous.
    This will not be supported by -XDuplicateRecordFields in future releases of GHC.
    |
171 | restoreClusterFromSnapshot_snapshotArn = Lens.lens (\RestoreClusterFromSnapshot' {snapshotArn} -> snapshotArn) (\s@RestoreClusterFromSnapshot' {} a -> s {snapshotArn = a} :: RestoreClusterFromSnapshot)
    |                                                                                                                                                           ^^^^^^^^^^^^^^^
[10 of 23] Compiling Amazonka.DocDbElastic.ListTagsForResource
[11 of 23] Compiling Amazonka.DocDbElastic.ListClusters

gen/Amazonka/DocDbElastic/ListClusters.hs:88:107: warning: [GHC-02256] [-Wambiguous-fields]
    The record update s {nextToken = a} with type ListClusters is ambiguous.
    This will not be supported by -XDuplicateRecordFields in future releases of GHC.
   |
88 | listClusters_nextToken = Lens.lens (\ListClusters' {nextToken} -> nextToken) (\s@ListClusters' {} a -> s {nextToken = a} :: ListClusters)
   |                                                                                                           ^^^^^^^^^^^^^

gen/Amazonka/DocDbElastic/ListClusters.hs:210:131: warning: [GHC-02256] [-Wambiguous-fields]
    The record update s {nextToken = a} with type ListClustersResponse is ambiguous.
    This will not be supported by -XDuplicateRecordFields in future releases of GHC.
    |
210 | listClustersResponse_nextToken = Lens.lens (\ListClustersResponse' {nextToken} -> nextToken) (\s@ListClustersResponse' {} a -> s {nextToken = a} :: ListClustersResponse)
    |                                                                                                                                   ^^^^^^^^^^^^^
[12 of 23] Compiling Amazonka.DocDbElastic.ListClusterSnapshots

gen/Amazonka/DocDbElastic/ListClusterSnapshots.hs:91:134: warning: [GHC-02256] [-Wambiguous-fields]
    The record update s {clusterArn = a} with type ListClusterSnapshots is ambiguous.
    This will not be supported by -XDuplicateRecordFields in future releases of GHC.
   |
91 | listClusterSnapshots_clusterArn = Lens.lens (\ListClusterSnapshots' {clusterArn} -> clusterArn) (\s@ListClusterSnapshots' {} a -> s {clusterArn = a} :: ListClusterSnapshots)
   |                                                                                                                                      ^^^^^^^^^^^^^^

gen/Amazonka/DocDbElastic/ListClusterSnapshots.hs:99:131: warning: [GHC-02256] [-Wambiguous-fields]
    The record update s {nextToken = a} with type ListClusterSnapshots is ambiguous.
    This will not be supported by -XDuplicateRecordFields in future releases of GHC.
   |
99 | listClusterSnapshots_nextToken = Lens.lens (\ListClusterSnapshots' {nextToken} -> nextToken) (\s@ListClusterSnapshots' {} a -> s {nextToken = a} :: ListClusterSnapshots)
   |                                                                                                                                   ^^^^^^^^^^^^^

gen/Amazonka/DocDbElastic/ListClusterSnapshots.hs:223:155: warning: [GHC-02256] [-Wambiguous-fields]
    The record update s {nextToken = a} with type ListClusterSnapshotsResponse is ambiguous.
    This will not be supported by -XDuplicateRecordFields in future releases of GHC.
    |
223 | listClusterSnapshotsResponse_nextToken = Lens.lens (\ListClusterSnapshotsResponse' {nextToken} -> nextToken) (\s@ListClusterSnapshotsResponse' {} a -> s {nextToken = a} :: ListClusterSnapshotsResponse)
    |                                                                                                                                                           ^^^^^^^^^^^^^
[13 of 23] Compiling Amazonka.DocDbElastic.GetClusterSnapshot

gen/Amazonka/DocDbElastic/GetClusterSnapshot.hs:75:131: warning: [GHC-02256] [-Wambiguous-fields]
    The record update s {snapshotArn = a} with type GetClusterSnapshot is ambiguous.
    This will not be supported by -XDuplicateRecordFields in future releases of GHC.
   |
75 | getClusterSnapshot_snapshotArn = Lens.lens (\GetClusterSnapshot' {snapshotArn} -> snapshotArn) (\s@GetClusterSnapshot' {} a -> s {snapshotArn = a} :: GetClusterSnapshot)
   |                                                                                                                                   ^^^^^^^^^^^^^^^
[14 of 23] Compiling Amazonka.DocDbElastic.GetCluster

gen/Amazonka/DocDbElastic/GetCluster.hs:75:104: warning: [GHC-02256] [-Wambiguous-fields]
    The record update s {clusterArn = a} with type GetCluster is ambiguous.
    This will not be supported by -XDuplicateRecordFields in future releases of GHC.
   |
75 | getCluster_clusterArn = Lens.lens (\GetCluster' {clusterArn} -> clusterArn) (\s@GetCluster' {} a -> s {clusterArn = a} :: GetCluster)
   |                                                                                                        ^^^^^^^^^^^^^^
[15 of 23] Compiling Amazonka.DocDbElastic.DeleteClusterSnapshot

gen/Amazonka/DocDbElastic/DeleteClusterSnapshot.hs:75:140: warning: [GHC-02256] [-Wambiguous-fields]
    The record update s {snapshotArn = a} with type DeleteClusterSnapshot is ambiguous.
    This will not be supported by -XDuplicateRecordFields in future releases of GHC.
   |
75 | deleteClusterSnapshot_snapshotArn = Lens.lens (\DeleteClusterSnapshot' {snapshotArn} -> snapshotArn) (\s@DeleteClusterSnapshot' {} a -> s {snapshotArn = a} :: DeleteClusterSnapshot)
   |                                                                                                                                            ^^^^^^^^^^^^^^^
[16 of 23] Compiling Amazonka.DocDbElastic.DeleteCluster

gen/Amazonka/DocDbElastic/DeleteCluster.hs:75:113: warning: [GHC-02256] [-Wambiguous-fields]
    The record update s {clusterArn = a} with type DeleteCluster is ambiguous.
    This will not be supported by -XDuplicateRecordFields in future releases of GHC.
   |
75 | deleteCluster_clusterArn = Lens.lens (\DeleteCluster' {clusterArn} -> clusterArn) (\s@DeleteCluster' {} a -> s {clusterArn = a} :: DeleteCluster)
   |                                                                                                                 ^^^^^^^^^^^^^^
[17 of 23] Compiling Amazonka.DocDbElastic.CreateClusterSnapshot

gen/Amazonka/DocDbElastic/CreateClusterSnapshot.hs:98:137: warning: [GHC-02256] [-Wambiguous-fields]
    The record update s {clusterArn = a} with type CreateClusterSnapshot is ambiguous.
    This will not be supported by -XDuplicateRecordFields in future releases of GHC.
   |
98 | createClusterSnapshot_clusterArn = Lens.lens (\CreateClusterSnapshot' {clusterArn} -> clusterArn) (\s@CreateClusterSnapshot' {} a -> s {clusterArn = a} :: CreateClusterSnapshot)
   |                                                                                                                                         ^^^^^^^^^^^^^^

gen/Amazonka/DocDbElastic/CreateClusterSnapshot.hs:102:143: warning: [GHC-02256] [-Wambiguous-fields]
    The record update s {snapshotName = a} with type CreateClusterSnapshot is ambiguous.
    This will not be supported by -XDuplicateRecordFields in future releases of GHC.
    |
102 | createClusterSnapshot_snapshotName = Lens.lens (\CreateClusterSnapshot' {snapshotName} -> snapshotName) (\s@CreateClusterSnapshot' {} a -> s {snapshotName = a} :: CreateClusterSnapshot)
    |                                                                                                                                               ^^^^^^^^^^^^^^^^
[18 of 23] Compiling Amazonka.DocDbElastic.CreateCluster

gen/Amazonka/DocDbElastic/CreateCluster.hs:273:107: warning: [GHC-02256] [-Wambiguous-fields]
    The record update s {kmsKeyId = a} with type CreateCluster is ambiguous.
    This will not be supported by -XDuplicateRecordFields in future releases of GHC.
    |
273 | createCluster_kmsKeyId = Lens.lens (\CreateCluster' {kmsKeyId} -> kmsKeyId) (\s@CreateCluster' {} a -> s {kmsKeyId = a} :: CreateCluster)
    |                                                                                                           ^^^^^^^^^^^^

gen/Amazonka/DocDbElastic/CreateCluster.hs:288:161: warning: [GHC-02256] [-Wambiguous-fields]
    The record update s {preferredMaintenanceWindow = a} with type CreateCluster is ambiguous.
    This will not be supported by -XDuplicateRecordFields in future releases of GHC.
    |
288 | createCluster_preferredMaintenanceWindow = Lens.lens (\CreateCluster' {preferredMaintenanceWindow} -> preferredMaintenanceWindow) (\s@CreateCluster' {} a -> s {preferredMaintenanceWindow = a} :: CreateCluster)
    |                                                                                                                                                                 ^^^^^^^^^^^^^^^^^^^^^^^^^^^^^^

gen/Amazonka/DocDbElastic/CreateCluster.hs:292:110: warning: [GHC-02256] [-Wambiguous-fields]
    The record update s {subnetIds = a} with type CreateCluster is ambiguous.
    This will not be supported by -XDuplicateRecordFields in future releases of GHC.
    |
292 | createCluster_subnetIds = Lens.lens (\CreateCluster' {subnetIds} -> subnetIds) (\s@CreateCluster' {} a -> s {subnetIds = a} :: CreateCluster) Prelude.. Lens.mapping Lens.coerced
    |                                                                                                              ^^^^^^^^^^^^^

gen/Amazonka/DocDbElastic/CreateCluster.hs:301:140: warning: [GHC-02256] [-Wambiguous-fields]
    The record update s {vpcSecurityGroupIds = a} with type CreateCluster is ambiguous.
    This will not be supported by -XDuplicateRecordFields in future releases of GHC.
    |
301 | createCluster_vpcSecurityGroupIds = Lens.lens (\CreateCluster' {vpcSecurityGroupIds} -> vpcSecurityGroupIds) (\s@CreateCluster' {} a -> s {vpcSecurityGroupIds = a} :: CreateCluster) Prelude.. Lens.mapping Lens.coerced
    |                                                                                                                                            ^^^^^^^^^^^^^^^^^^^^^^^

gen/Amazonka/DocDbElastic/CreateCluster.hs:313:122: warning: [GHC-02256] [-Wambiguous-fields]
    The record update s {adminUserName = a} with type CreateCluster is ambiguous.
    This will not be supported by -XDuplicateRecordFields in future releases of GHC.
    |
313 | createCluster_adminUserName = Lens.lens (\CreateCluster' {adminUserName} -> adminUserName) (\s@CreateCluster' {} a -> s {adminUserName = a} :: CreateCluster)
    |                                                                                                                          ^^^^^^^^^^^^^^^^^

gen/Amazonka/DocDbElastic/CreateCluster.hs:329:107: warning: [GHC-02256] [-Wambiguous-fields]
    The record update s {authType = a} with type CreateCluster is ambiguous.
    This will not be supported by -XDuplicateRecordFields in future releases of GHC.
    |
329 | createCluster_authType = Lens.lens (\CreateCluster' {authType} -> authType) (\s@CreateCluster' {} a -> s {authType = a} :: CreateCluster)
    |                                                                                                           ^^^^^^^^^^^^

gen/Amazonka/DocDbElastic/CreateCluster.hs:344:116: warning: [GHC-02256] [-Wambiguous-fields]
    The record update s {clusterName = a} with type CreateCluster is ambiguous.
    This will not be supported by -XDuplicateRecordFields in future releases of GHC.
    |
344 | createCluster_clusterName = Lens.lens (\CreateCluster' {clusterName} -> clusterName) (\s@CreateCluster' {} a -> s {clusterName = a} :: CreateCluster)
    |                                                                                                                    ^^^^^^^^^^^^^^^

gen/Amazonka/DocDbElastic/CreateCluster.hs:348:122: warning: [GHC-02256] [-Wambiguous-fields]
    The record update s {shardCapacity = a} with type CreateCluster is ambiguous.
    This will not be supported by -XDuplicateRecordFields in future releases of GHC.
    |
348 | createCluster_shardCapacity = Lens.lens (\CreateCluster' {shardCapacity} -> shardCapacity) (\s@CreateCluster' {} a -> s {shardCapacity = a} :: CreateCluster)
    |                                                                                                                          ^^^^^^^^^^^^^^^^^

gen/Amazonka/DocDbElastic/CreateCluster.hs:352:113: warning: [GHC-02256] [-Wambiguous-fields]
    The record update s {shardCount = a} with type CreateCluster is ambiguous.
    This will not be supported by -XDuplicateRecordFields in future releases of GHC.
    |
352 | createCluster_shardCount = Lens.lens (\CreateCluster' {shardCount} -> shardCount) (\s@CreateCluster' {} a -> s {shardCount = a} :: CreateCluster)
    |                                                                                                                 ^^^^^^^^^^^^^^
[19 of 23] Compiling Amazonka.DocDbElastic.UntagResource
[20 of 23] Compiling Amazonka.DocDbElastic.UpdateCluster

gen/Amazonka/DocDbElastic/UpdateCluster.hs:167:107: warning: [GHC-02256] [-Wambiguous-fields]
    The record update s {authType = a} with type UpdateCluster is ambiguous.
    This will not be supported by -XDuplicateRecordFields in future releases of GHC.
    |
167 | updateCluster_authType = Lens.lens (\UpdateCluster' {authType} -> authType) (\s@UpdateCluster' {} a -> s {authType = a} :: UpdateCluster)
    |                                                                                                           ^^^^^^^^^^^^

gen/Amazonka/DocDbElastic/UpdateCluster.hs:186:161: warning: [GHC-02256] [-Wambiguous-fields]
    The record update s {preferredMaintenanceWindow = a} with type UpdateCluster is ambiguous.
    This will not be supported by -XDuplicateRecordFields in future releases of GHC.
    |
186 | updateCluster_preferredMaintenanceWindow = Lens.lens (\UpdateCluster' {preferredMaintenanceWindow} -> preferredMaintenanceWindow) (\s@UpdateCluster' {} a -> s {preferredMaintenanceWindow = a} :: UpdateCluster)
    |                                                                                                                                                                 ^^^^^^^^^^^^^^^^^^^^^^^^^^^^^^

gen/Amazonka/DocDbElastic/UpdateCluster.hs:190:122: warning: [GHC-02256] [-Wambiguous-fields]
    The record update s {shardCapacity = a} with type UpdateCluster is ambiguous.
    This will not be supported by -XDuplicateRecordFields in future releases of GHC.
    |
190 | updateCluster_shardCapacity = Lens.lens (\UpdateCluster' {shardCapacity} -> shardCapacity) (\s@UpdateCluster' {} a -> s {shardCapacity = a} :: UpdateCluster)
    |                                                                                                                          ^^^^^^^^^^^^^^^^^

gen/Amazonka/DocDbElastic/UpdateCluster.hs:194:113: warning: [GHC-02256] [-Wambiguous-fields]
    The record update s {shardCount = a} with type UpdateCluster is ambiguous.
    This will not be supported by -XDuplicateRecordFields in future releases of GHC.
    |
194 | updateCluster_shardCount = Lens.lens (\UpdateCluster' {shardCount} -> shardCount) (\s@UpdateCluster' {} a -> s {shardCount = a} :: UpdateCluster)
    |                                                                                                                 ^^^^^^^^^^^^^^

gen/Amazonka/DocDbElastic/UpdateCluster.hs:198:110: warning: [GHC-02256] [-Wambiguous-fields]
    The record update s {subnetIds = a} with type UpdateCluster is ambiguous.
    This will not be supported by -XDuplicateRecordFields in future releases of GHC.
    |
198 | updateCluster_subnetIds = Lens.lens (\UpdateCluster' {subnetIds} -> subnetIds) (\s@UpdateCluster' {} a -> s {subnetIds = a} :: UpdateCluster) Prelude.. Lens.mapping Lens.coerced
    |                                                                                                              ^^^^^^^^^^^^^

gen/Amazonka/DocDbElastic/UpdateCluster.hs:203:140: warning: [GHC-02256] [-Wambiguous-fields]
    The record update s {vpcSecurityGroupIds = a} with type UpdateCluster is ambiguous.
    This will not be supported by -XDuplicateRecordFields in future releases of GHC.
    |
203 | updateCluster_vpcSecurityGroupIds = Lens.lens (\UpdateCluster' {vpcSecurityGroupIds} -> vpcSecurityGroupIds) (\s@UpdateCluster' {} a -> s {vpcSecurityGroupIds = a} :: UpdateCluster) Prelude.. Lens.mapping Lens.coerced
    |                                                                                                                                            ^^^^^^^^^^^^^^^^^^^^^^^

gen/Amazonka/DocDbElastic/UpdateCluster.hs:207:113: warning: [GHC-02256] [-Wambiguous-fields]
    The record update s {clusterArn = a} with type UpdateCluster is ambiguous.
    This will not be supported by -XDuplicateRecordFields in future releases of GHC.
    |
207 | updateCluster_clusterArn = Lens.lens (\UpdateCluster' {clusterArn} -> clusterArn) (\s@UpdateCluster' {} a -> s {clusterArn = a} :: UpdateCluster)
    |                                                                                                                 ^^^^^^^^^^^^^^
[21 of 23] Compiling Amazonka.DocDbElastic.Lens
[22 of 23] Compiling Amazonka.DocDbElastic.Waiters
[23 of 23] Compiling Amazonka.DocDbElastic
Configuring test suite 'amazonka-docdb-elastic-test' for amazonka-docdb-elastic-2.0...
Preprocessing test suite 'amazonka-docdb-elastic-test' for amazonka-docdb-elastic-2.0...
Building test suite 'amazonka-docdb-elastic-test' for amazonka-docdb-elastic-2.0...
[1 of 4] Compiling Test.Amazonka.DocDbElastic
[2 of 4] Compiling Test.Amazonka.DocDbElastic.Internal
[3 of 4] Compiling Main
[4 of 4] Compiling Test.Amazonka.Gen.DocDbElastic
[5 of 5] Linking /tmp/workdir-amazonka-docdb-elastic/amazonka-docdb-elastic-2.0/dist-newstyle/build/x86_64-linux/ghc-9.6.6/amazonka-docdb-elastic-2.0/t/amazonka-docdb-elastic-test/build/amazonka-docdb-elastic-test/amazonka-docdb-elastic-test
