Build profile: -w ghc-9.6.6 -O1
In order, the following will be built (use -v for more details):
 - apply-refact-0.13.0.0 (lib) (first run)
 - apply-refact-0.13.0.0 (exe:refactor) (first run)
 - apply-refact-0.13.0.0 (test:test) (first run)
Configuring library for apply-refact-0.13.0.0...
Preprocessing library for apply-refact-0.13.0.0...
Building library for apply-refact-0.13.0.0...
[1 of 5] Compiling Refact.Compat
[2 of 5] Compiling Refact.Utils
[3 of 5] Compiling Refact.Internal

src/Refact/Internal.hs:494:9: warning: [GHC-62161] [-Wincomplete-uni-patterns]
    Pattern match(es) are non-exhaustive
    In a pattern binding:
        Patterns of type ‘GHC.XRec
                            GHC.GhcPs
                            [GHC.LMatch
                               GHC.GhcPs
                               (GHC.GenLocated
                                  GHC.SrcSpanAnnA (GHC.HsExpr GHC.GhcPs))]’ not matched:
            GHC.L _ []
            GHC.L _ ((GHC.L _ _):_:_)
    |
494 |         GHC.L locMG [GHC.L locMatch newMatch] = GHC.mg_alts newMG
    |         ^^^^^^^^^^^^^^^^^^^^^^^^^^^^^^^^^^^^^^^^^^^^^^^^^^^^^^^^^
[4 of 5] Compiling Refact.Fixity
[5 of 5] Compiling Refact.Apply
Configuring executable 'refactor' for apply-refact-0.13.0.0...
Preprocessing executable 'refactor' for apply-refact-0.13.0.0...
Building executable 'refactor' for apply-refact-0.13.0.0...
[1 of 9] Compiling Paths_apply_refact
[2 of 9] Compiling Refact.Compat
[3 of 9] Compiling Refact.Utils
[4 of 9] Compiling Refact.Internal

src/Refact/Internal.hs:494:9: warning: [GHC-62161] [-Wincomplete-uni-patterns]
    Pattern match(es) are non-exhaustive
    In a pattern binding:
        Patterns of type ‘GHC.XRec
                            GHC.GhcPs
                            [GHC.LMatch
                               GHC.GhcPs
                               (GHC.GenLocated
                                  GHC.SrcSpanAnnA (GHC.HsExpr GHC.GhcPs))]’ not matched:
            GHC.L _ []
            GHC.L _ ((GHC.L _ _):_:_)
    |
494 |         GHC.L locMG [GHC.L locMatch newMatch] = GHC.mg_alts newMG
    |         ^^^^^^^^^^^^^^^^^^^^^^^^^^^^^^^^^^^^^^^^^^^^^^^^^^^^^^^^^
[5 of 9] Compiling Refact.Options
[6 of 9] Compiling Refact.Fixity
[7 of 9] Compiling Refact.Apply
[8 of 9] Compiling Refact.Run
[9 of 9] Compiling Main
[10 of 10] Linking /tmp/workdir-apply-refact/apply-refact-0.13.0.0/dist-newstyle/build/x86_64-linux/ghc-9.6.6/apply-refact-0.13.0.0/x/refactor/build/refactor/refactor
Configuring test suite 'test' for apply-refact-0.13.0.0...
Preprocessing test suite 'test' for apply-refact-0.13.0.0...
Building test suite 'test' for apply-refact-0.13.0.0...
[1 of 9] Compiling Paths_apply_refact
[2 of 9] Compiling Refact.Compat
[3 of 9] Compiling Refact.Utils
[4 of 9] Compiling Refact.Internal
[5 of 9] Compiling Refact.Options
[6 of 9] Compiling Refact.Fixity
[7 of 9] Compiling Refact.Apply
[8 of 9] Compiling Refact.Run
[9 of 9] Compiling Main
[10 of 10] Linking /tmp/workdir-apply-refact/apply-refact-0.13.0.0/dist-newstyle/build/x86_64-linux/ghc-9.6.6/apply-refact-0.13.0.0/t/test/build/test/test
