Build profile: -w ghc-9.6.6 -O1
In order, the following will be built (use -v for more details):
 - happy-1.20.1.1 (exe:happy) (first run)
 - happy-1.20.1.1 (test:tests) (first run)
Configuring executable 'happy' for happy-1.20.1.1...
Preprocessing executable 'happy' for happy-1.20.1.1...
Building executable 'happy' for happy-1.20.1.1...
[ 1 of 19] Compiling AbsSyn
[ 2 of 19] Compiling GenUtils
[ 3 of 19] Compiling NameSet
[ 4 of 19] Compiling ParamRules
[ 5 of 19] Compiling ParseMonad
[ 6 of 19] Compiling Lexer
[ 7 of 19] Compiling AttrGrammar
[ 8 of 19] Compiling AttrGrammarParser
[ 9 of 19] Compiling Grammar
[10 of 19] Compiling LALR
[11 of 19] Compiling First
[12 of 19] Compiling Parser
[13 of 19] Compiling Paths_happy
[14 of 19] Compiling Info
[15 of 19] Compiling PrettyGrammar
[16 of 19] Compiling ProduceGLRCode
[17 of 19] Compiling Target
[18 of 19] Compiling ProduceCode
[19 of 19] Compiling Main
[20 of 20] Linking /tmp/workdir-happy/happy-1.20.1.1/dist-newstyle/build/x86_64-linux/ghc-9.6.6/happy-1.20.1.1/x/happy/build/happy/happy
Configuring test suite 'tests' for happy-1.20.1.1...
Preprocessing test suite 'tests' for happy-1.20.1.1...
Building test suite 'tests' for happy-1.20.1.1...
[1 of 1] Compiling Main
[2 of 2] Linking /tmp/workdir-happy/happy-1.20.1.1/dist-newstyle/build/x86_64-linux/ghc-9.6.6/happy-1.20.1.1/t/tests/build/tests/tests
