Build profile: -w ghc-9.6.6 -O1
In order, the following will be built (use -v for more details):
 - free-5.2 (lib) (first run)
Configuring library for free-5.2...
Preprocessing library for free-5.2...
Building library for free-5.2...
[ 1 of 19] Compiling Control.Alternative.Free
[ 2 of 19] Compiling Control.Alternative.Free.Final
[ 3 of 19] Compiling Control.Applicative.Free
[ 4 of 19] Compiling Control.Applicative.Free.Fast
[ 5 of 19] Compiling Control.Applicative.Free.Final
[ 6 of 19] Compiling Control.Applicative.Trans.Free
[ 7 of 19] Compiling Control.Comonad.Cofree.Class
[ 8 of 19] Compiling Control.Comonad.Cofree
[ 9 of 19] Compiling Control.Comonad.Trans.Cofree
[10 of 19] Compiling Control.Comonad.Trans.Coiter
[11 of 19] Compiling Control.Monad.Free.Class
[12 of 19] Compiling Control.Monad.Free.TH
[13 of 19] Compiling Control.Monad.Trans.Free
[14 of 19] Compiling Control.Monad.Free
[15 of 19] Compiling Control.Monad.Free.Church
[16 of 19] Compiling Control.Monad.Trans.Free.Ap
[17 of 19] Compiling Control.Monad.Free.Ap
[18 of 19] Compiling Control.Monad.Trans.Free.Church
[19 of 19] Compiling Control.Monad.Trans.Iter
