Build profile: -w ghc-9.6.6 -O1
In order, the following will be built (use -v for more details):
 - nsis-0.3.3 (lib) (first run)
 - nsis-0.3.3 (test:nsis-test) (first run)
Warning: nsis.cabal:1:28: Packages with 'cabal-version: 1.12' or later should
specify a specific version of the Cabal spec of the form 'cabal-version: x.y'.
Use 'cabal-version: 1.18'.
Configuring library for nsis-0.3.3...
Preprocessing library for nsis-0.3.3...
Building library for nsis-0.3.3...
[ 1 of 11] Compiling Development.NSIS.Plugins.WinMessages
[ 2 of 11] Compiling Development.NSIS.Type
[ 3 of 11] Compiling Development.NSIS.Sugar
[ 4 of 11] Compiling Development.NSIS.Library
[ 5 of 11] Compiling Development.NSIS.Show
[ 6 of 11] Compiling Development.NSIS.Optimise
[ 7 of 11] Compiling Development.NSIS
[ 8 of 11] Compiling Development.NSIS.Plugins.Taskbar
[ 9 of 11] Compiling Development.NSIS.Plugins.Sections
[10 of 11] Compiling Development.NSIS.Plugins.EnvVarUpdate
[11 of 11] Compiling Development.NSIS.Plugins.Base64
Warning: nsis.cabal:1:28: Packages with 'cabal-version: 1.12' or later should
specify a specific version of the Cabal spec of the form 'cabal-version: x.y'.
Use 'cabal-version: 1.18'.
Configuring test suite 'nsis-test' for nsis-0.3.3...
Preprocessing test suite 'nsis-test' for nsis-0.3.3...
Building test suite 'nsis-test' for nsis-0.3.3...
[ 1 of 10] Compiling Examples.Base64
[ 2 of 10] Compiling Examples.EnvVarUpdate
[ 3 of 10] Compiling Examples.Example1
[ 4 of 10] Compiling Examples.Example2
[ 5 of 10] Compiling Examples.Finish
[ 6 of 10] Compiling Examples.Primes
[ 7 of 10] Compiling Examples.Radio
[ 8 of 10] Compiling Examples.Taskbar
[ 9 of 10] Compiling Examples.WinMessages
[10 of 10] Compiling Main
[11 of 11] Linking /tmp/workdir-nsis/nsis-0.3.3/dist-newstyle/build/x86_64-linux/ghc-9.6.6/nsis-0.3.3/t/nsis-test/build/nsis-test/nsis-test
