Build profile: -w ghc-9.6.6 -O1
In order, the following will be built (use -v for more details):
 - timer-wheel-1.0.0.1 (lib) (first run)
 - timer-wheel-1.0.0.1 (test:tests) (first run)
Configuring library for timer-wheel-1.0.0.1...
Preprocessing library for timer-wheel-1.0.0.1...
Building library for timer-wheel-1.0.0.1...
[1 of 9] Compiling TimerWheel.Internal.Counter
[2 of 9] Compiling TimerWheel.Internal.Prelude
[3 of 9] Compiling TimerWheel.Internal.Nanoseconds
[4 of 9] Compiling TimerWheel.Internal.Alarm
[5 of 9] Compiling TimerWheel.Internal.Timer
[6 of 9] Compiling TimerWheel.Internal.Timestamp
[7 of 9] Compiling TimerWheel.Internal.Bucket
[8 of 9] Compiling TimerWheel.Internal.AlarmBuckets
[9 of 9] Compiling TimerWheel
Configuring test suite 'tests' for timer-wheel-1.0.0.1...
Preprocessing test suite 'tests' for timer-wheel-1.0.0.1...
Building test suite 'tests' for timer-wheel-1.0.0.1...
[1 of 1] Compiling Main
[2 of 2] Linking /tmp/workdir-timer-wheel/timer-wheel-1.0.0.1/dist-newstyle/build/x86_64-linux/ghc-9.6.6/timer-wheel-1.0.0.1/t/tests/build/tests/tests
