Build profile: -w ghc-9.6.6 -O1
In order, the following will be built (use -v for more details):
 - amazonka-snowball-2.0 (lib) (first run)
 - amazonka-snowball-2.0 (test:amazonka-snowball-test) (first run)
Configuring library for amazonka-snowball-2.0...
Preprocessing library for amazonka-snowball-2.0...
Building library for amazonka-snowball-2.0...
[ 1 of 69] Compiling Amazonka.Snowball.Types.Address
[ 2 of 69] Compiling Amazonka.Snowball.Types.ClusterState
[ 3 of 69] Compiling Amazonka.Snowball.Types.ClusterListEntry
[ 4 of 69] Compiling Amazonka.Snowball.Types.CompatibleImage
[ 5 of 69] Compiling Amazonka.Snowball.Types.DataTransfer
[ 6 of 69] Compiling Amazonka.Snowball.Types.DeviceServiceName
[ 7 of 69] Compiling Amazonka.Snowball.Types.Ec2AmiResource
[ 8 of 69] Compiling Amazonka.Snowball.Types.EventTriggerDefinition
[ 9 of 69] Compiling Amazonka.Snowball.Types.INDTaxDocuments
[10 of 69] Compiling Amazonka.Snowball.Types.JobLogs
[11 of 69] Compiling Amazonka.Snowball.Types.JobState
[12 of 69] Compiling Amazonka.Snowball.Types.JobType
[13 of 69] Compiling Amazonka.Snowball.Types.KeyRange
[14 of 69] Compiling Amazonka.Snowball.Types.LambdaResource
[15 of 69] Compiling Amazonka.Snowball.Types.LongTermPricingType
[16 of 69] Compiling Amazonka.Snowball.Types.Notification
[17 of 69] Compiling Amazonka.Snowball.Types.RemoteManagement
[18 of 69] Compiling Amazonka.Snowball.Types.Shipment
[19 of 69] Compiling Amazonka.Snowball.Types.ShipmentState
[20 of 69] Compiling Amazonka.Snowball.Types.ShippingLabelStatus
[21 of 69] Compiling Amazonka.Snowball.Types.ShippingOption
[22 of 69] Compiling Amazonka.Snowball.Types.ShippingDetails
[23 of 69] Compiling Amazonka.Snowball.Types.SnowballCapacity
[24 of 69] Compiling Amazonka.Snowball.Types.SnowballType
[25 of 69] Compiling Amazonka.Snowball.Types.LongTermPricingListEntry
[26 of 69] Compiling Amazonka.Snowball.Types.JobListEntry
[27 of 69] Compiling Amazonka.Snowball.Types.StorageUnit
[28 of 69] Compiling Amazonka.Snowball.Types.NFSOnDeviceServiceConfiguration
[29 of 69] Compiling Amazonka.Snowball.Types.TGWOnDeviceServiceConfiguration
[30 of 69] Compiling Amazonka.Snowball.Types.OnDeviceServiceConfiguration
[31 of 69] Compiling Amazonka.Snowball.Types.TaxDocuments
[32 of 69] Compiling Amazonka.Snowball.Types.TransferOption
[33 of 69] Compiling Amazonka.Snowball.Types.TargetOnDeviceService
[34 of 69] Compiling Amazonka.Snowball.Types.S3Resource
[35 of 69] Compiling Amazonka.Snowball.Types.JobResource
[36 of 69] Compiling Amazonka.Snowball.Types.ClusterMetadata
[37 of 69] Compiling Amazonka.Snowball.Types.WirelessConnection
[38 of 69] Compiling Amazonka.Snowball.Types.SnowconeDeviceConfiguration
[39 of 69] Compiling Amazonka.Snowball.Types.DeviceConfiguration
[40 of 69] Compiling Amazonka.Snowball.Types.JobMetadata
[41 of 69] Compiling Amazonka.Snowball.Types
[42 of 69] Compiling Amazonka.Snowball.ListLongTermPricing

gen/Amazonka/Snowball/ListLongTermPricing.hs:91:128: warning: [GHC-02256] [-Wambiguous-fields]
    The record update s {nextToken = a} with type ListLongTermPricing is ambiguous.
    This will not be supported by -XDuplicateRecordFields in future releases of GHC.
   |
91 | listLongTermPricing_nextToken = Lens.lens (\ListLongTermPricing' {nextToken} -> nextToken) (\s@ListLongTermPricing' {} a -> s {nextToken = a} :: ListLongTermPricing)
   |                                                                                                                                ^^^^^^^^^^^^^

gen/Amazonka/Snowball/ListLongTermPricing.hs:222:152: warning: [GHC-02256] [-Wambiguous-fields]
    The record update s {nextToken = a} with type ListLongTermPricingResponse is ambiguous.
    This will not be supported by -XDuplicateRecordFields in future releases of GHC.
    |
222 | listLongTermPricingResponse_nextToken = Lens.lens (\ListLongTermPricingResponse' {nextToken} -> nextToken) (\s@ListLongTermPricingResponse' {} a -> s {nextToken = a} :: ListLongTermPricingResponse)
    |                                                                                                                                                        ^^^^^^^^^^^^^
[43 of 69] Compiling Amazonka.Snowball.ListJobs

gen/Amazonka/Snowball/ListJobs.hs:99:95: warning: [GHC-02256] [-Wambiguous-fields]
    The record update s {nextToken = a} with type ListJobs is ambiguous.
    This will not be supported by -XDuplicateRecordFields in future releases of GHC.
   |
99 | listJobs_nextToken = Lens.lens (\ListJobs' {nextToken} -> nextToken) (\s@ListJobs' {} a -> s {nextToken = a} :: ListJobs)
   |                                                                                               ^^^^^^^^^^^^^

gen/Amazonka/Snowball/ListJobs.hs:230:119: warning: [GHC-02256] [-Wambiguous-fields]
    The record update s {nextToken = a} with type ListJobsResponse is ambiguous.
    This will not be supported by -XDuplicateRecordFields in future releases of GHC.
    |
230 | listJobsResponse_nextToken = Lens.lens (\ListJobsResponse' {nextToken} -> nextToken) (\s@ListJobsResponse' {} a -> s {nextToken = a} :: ListJobsResponse)
    |                                                                                                                       ^^^^^^^^^^^^^
[44 of 69] Compiling Amazonka.Snowball.ListCompatibleImages

gen/Amazonka/Snowball/ListCompatibleImages.hs:102:131: warning: [GHC-02256] [-Wambiguous-fields]
    The record update s {nextToken = a} with type ListCompatibleImages is ambiguous.
    This will not be supported by -XDuplicateRecordFields in future releases of GHC.
    |
102 | listCompatibleImages_nextToken = Lens.lens (\ListCompatibleImages' {nextToken} -> nextToken) (\s@ListCompatibleImages' {} a -> s {nextToken = a} :: ListCompatibleImages)
    |                                                                                                                                   ^^^^^^^^^^^^^

gen/Amazonka/Snowball/ListCompatibleImages.hs:233:155: warning: [GHC-02256] [-Wambiguous-fields]
    The record update s {nextToken = a} with type ListCompatibleImagesResponse is ambiguous.
    This will not be supported by -XDuplicateRecordFields in future releases of GHC.
    |
233 | listCompatibleImagesResponse_nextToken = Lens.lens (\ListCompatibleImagesResponse' {nextToken} -> nextToken) (\s@ListCompatibleImagesResponse' {} a -> s {nextToken = a} :: ListCompatibleImagesResponse)
    |                                                                                                                                                           ^^^^^^^^^^^^^
[45 of 69] Compiling Amazonka.Snowball.ListClusters

gen/Amazonka/Snowball/ListClusters.hs:96:107: warning: [GHC-02256] [-Wambiguous-fields]
    The record update s {nextToken = a} with type ListClusters is ambiguous.
    This will not be supported by -XDuplicateRecordFields in future releases of GHC.
   |
96 | listClusters_nextToken = Lens.lens (\ListClusters' {nextToken} -> nextToken) (\s@ListClusters' {} a -> s {nextToken = a} :: ListClusters)
   |                                                                                                           ^^^^^^^^^^^^^

gen/Amazonka/Snowball/ListClusters.hs:228:131: warning: [GHC-02256] [-Wambiguous-fields]
    The record update s {nextToken = a} with type ListClustersResponse is ambiguous.
    This will not be supported by -XDuplicateRecordFields in future releases of GHC.
    |
228 | listClustersResponse_nextToken = Lens.lens (\ListClustersResponse' {nextToken} -> nextToken) (\s@ListClustersResponse' {} a -> s {nextToken = a} :: ListClustersResponse)
    |                                                                                                                                   ^^^^^^^^^^^^^
[46 of 69] Compiling Amazonka.Snowball.ListClusterJobs

gen/Amazonka/Snowball/ListClusterJobs.hs:106:116: warning: [GHC-02256] [-Wambiguous-fields]
    The record update s {nextToken = a} with type ListClusterJobs is ambiguous.
    This will not be supported by -XDuplicateRecordFields in future releases of GHC.
    |
106 | listClusterJobs_nextToken = Lens.lens (\ListClusterJobs' {nextToken} -> nextToken) (\s@ListClusterJobs' {} a -> s {nextToken = a} :: ListClusterJobs)
    |                                                                                                                    ^^^^^^^^^^^^^

gen/Amazonka/Snowball/ListClusterJobs.hs:111:116: warning: [GHC-02256] [-Wambiguous-fields]
    The record update s {clusterId = a} with type ListClusterJobs is ambiguous.
    This will not be supported by -XDuplicateRecordFields in future releases of GHC.
    |
111 | listClusterJobs_clusterId = Lens.lens (\ListClusterJobs' {clusterId} -> clusterId) (\s@ListClusterJobs' {} a -> s {clusterId = a} :: ListClusterJobs)
    |                                                                                                                    ^^^^^^^^^^^^^

gen/Amazonka/Snowball/ListClusterJobs.hs:248:140: warning: [GHC-02256] [-Wambiguous-fields]
    The record update s {nextToken = a} with type ListClusterJobsResponse is ambiguous.
    This will not be supported by -XDuplicateRecordFields in future releases of GHC.
    |
248 | listClusterJobsResponse_nextToken = Lens.lens (\ListClusterJobsResponse' {nextToken} -> nextToken) (\s@ListClusterJobsResponse' {} a -> s {nextToken = a} :: ListClusterJobsResponse)
    |                                                                                                                                            ^^^^^^^^^^^^^
[47 of 69] Compiling Amazonka.Snowball.GetSoftwareUpdates

gen/Amazonka/Snowball/GetSoftwareUpdates.hs:79:113: warning: [GHC-02256] [-Wambiguous-fields]
    The record update s {jobId = a} with type GetSoftwareUpdates is ambiguous.
    This will not be supported by -XDuplicateRecordFields in future releases of GHC.
   |
79 | getSoftwareUpdates_jobId = Lens.lens (\GetSoftwareUpdates' {jobId} -> jobId) (\s@GetSoftwareUpdates' {} a -> s {jobId = a} :: GetSoftwareUpdates)
   |                                                                                                                 ^^^^^^^^^
[48 of 69] Compiling Amazonka.Snowball.GetSnowballUsage
[49 of 69] Compiling Amazonka.Snowball.GetJobUnlockCode

gen/Amazonka/Snowball/GetJobUnlockCode.hs:93:107: warning: [GHC-02256] [-Wambiguous-fields]
    The record update s {jobId = a} with type GetJobUnlockCode is ambiguous.
    This will not be supported by -XDuplicateRecordFields in future releases of GHC.
   |
93 | getJobUnlockCode_jobId = Lens.lens (\GetJobUnlockCode' {jobId} -> jobId) (\s@GetJobUnlockCode' {} a -> s {jobId = a} :: GetJobUnlockCode)
   |                                                                                                           ^^^^^^^^^
[50 of 69] Compiling Amazonka.Snowball.GetJobManifest

gen/Amazonka/Snowball/GetJobManifest.hs:98:101: warning: [GHC-02256] [-Wambiguous-fields]
    The record update s {jobId = a} with type GetJobManifest is ambiguous.
    This will not be supported by -XDuplicateRecordFields in future releases of GHC.
   |
98 | getJobManifest_jobId = Lens.lens (\GetJobManifest' {jobId} -> jobId) (\s@GetJobManifest' {} a -> s {jobId = a} :: GetJobManifest)
   |                                                                                                     ^^^^^^^^^
[51 of 69] Compiling Amazonka.Snowball.DescribeReturnShippingLabel

gen/Amazonka/Snowball/DescribeReturnShippingLabel.hs:81:140: warning: [GHC-02256] [-Wambiguous-fields]
    The record update s {jobId = a} with type DescribeReturnShippingLabel is ambiguous.
    This will not be supported by -XDuplicateRecordFields in future releases of GHC.
   |
81 | describeReturnShippingLabel_jobId = Lens.lens (\DescribeReturnShippingLabel' {jobId} -> jobId) (\s@DescribeReturnShippingLabel' {} a -> s {jobId = a} :: DescribeReturnShippingLabel)
   |                                                                                                                                            ^^^^^^^^^

gen/Amazonka/Snowball/DescribeReturnShippingLabel.hs:190:167: warning: [GHC-02256] [-Wambiguous-fields]
    The record update s {status = a} with type DescribeReturnShippingLabelResponse is ambiguous.
    This will not be supported by -XDuplicateRecordFields in future releases of GHC.
    |
190 | describeReturnShippingLabelResponse_status = Lens.lens (\DescribeReturnShippingLabelResponse' {status} -> status) (\s@DescribeReturnShippingLabelResponse' {} a -> s {status = a} :: DescribeReturnShippingLabelResponse)
    |                                                                                                                                                                       ^^^^^^^^^^
[52 of 69] Compiling Amazonka.Snowball.DescribeJob

gen/Amazonka/Snowball/DescribeJob.hs:80:92: warning: [GHC-02256] [-Wambiguous-fields]
    The record update s {jobId = a} with type DescribeJob is ambiguous.
    This will not be supported by -XDuplicateRecordFields in future releases of GHC.
   |
80 | describeJob_jobId = Lens.lens (\DescribeJob' {jobId} -> jobId) (\s@DescribeJob' {} a -> s {jobId = a} :: DescribeJob)
   |                                                                                            ^^^^^^^^^
[53 of 69] Compiling Amazonka.Snowball.DescribeCluster

gen/Amazonka/Snowball/DescribeCluster.hs:76:116: warning: [GHC-02256] [-Wambiguous-fields]
    The record update s {clusterId = a} with type DescribeCluster is ambiguous.
    This will not be supported by -XDuplicateRecordFields in future releases of GHC.
   |
76 | describeCluster_clusterId = Lens.lens (\DescribeCluster' {clusterId} -> clusterId) (\s@DescribeCluster' {} a -> s {clusterId = a} :: DescribeCluster)
   |                                                                                                                    ^^^^^^^^^^^^^
[54 of 69] Compiling Amazonka.Snowball.DescribeAddresses

gen/Amazonka/Snowball/DescribeAddresses.hs:99:122: warning: [GHC-02256] [-Wambiguous-fields]
    The record update s {nextToken = a} with type DescribeAddresses is ambiguous.
    This will not be supported by -XDuplicateRecordFields in future releases of GHC.
   |
99 | describeAddresses_nextToken = Lens.lens (\DescribeAddresses' {nextToken} -> nextToken) (\s@DescribeAddresses' {} a -> s {nextToken = a} :: DescribeAddresses)
   |                                                                                                                          ^^^^^^^^^^^^^

gen/Amazonka/Snowball/DescribeAddresses.hs:227:146: warning: [GHC-02256] [-Wambiguous-fields]
    The record update s {nextToken = a} with type DescribeAddressesResponse is ambiguous.
    This will not be supported by -XDuplicateRecordFields in future releases of GHC.
    |
227 | describeAddressesResponse_nextToken = Lens.lens (\DescribeAddressesResponse' {nextToken} -> nextToken) (\s@DescribeAddressesResponse' {} a -> s {nextToken = a} :: DescribeAddressesResponse)
    |                                                                                                                                                  ^^^^^^^^^^^^^
[55 of 69] Compiling Amazonka.Snowball.DescribeAddress

gen/Amazonka/Snowball/DescribeAddress.hs:76:116: warning: [GHC-02256] [-Wambiguous-fields]
    The record update s {addressId = a} with type DescribeAddress is ambiguous.
    This will not be supported by -XDuplicateRecordFields in future releases of GHC.
   |
76 | describeAddress_addressId = Lens.lens (\DescribeAddress' {addressId} -> addressId) (\s@DescribeAddress' {} a -> s {addressId = a} :: DescribeAddress)
   |                                                                                                                    ^^^^^^^^^^^^^
[56 of 69] Compiling Amazonka.Snowball.CreateReturnShippingLabel

gen/Amazonka/Snowball/CreateReturnShippingLabel.hs:96:161: warning: [GHC-02256] [-Wambiguous-fields]
    The record update s {shippingOption = a} with type CreateReturnShippingLabel is ambiguous.
    This will not be supported by -XDuplicateRecordFields in future releases of GHC.
   |
96 | createReturnShippingLabel_shippingOption = Lens.lens (\CreateReturnShippingLabel' {shippingOption} -> shippingOption) (\s@CreateReturnShippingLabel' {} a -> s {shippingOption = a} :: CreateReturnShippingLabel)
   |                                                                                                                                                                 ^^^^^^^^^^^^^^^^^^

gen/Amazonka/Snowball/CreateReturnShippingLabel.hs:101:134: warning: [GHC-02256] [-Wambiguous-fields]
    The record update s {jobId = a} with type CreateReturnShippingLabel is ambiguous.
    This will not be supported by -XDuplicateRecordFields in future releases of GHC.
    |
101 | createReturnShippingLabel_jobId = Lens.lens (\CreateReturnShippingLabel' {jobId} -> jobId) (\s@CreateReturnShippingLabel' {} a -> s {jobId = a} :: CreateReturnShippingLabel)
    |                                                                                                                                      ^^^^^^^^^

gen/Amazonka/Snowball/CreateReturnShippingLabel.hs:195:161: warning: [GHC-02256] [-Wambiguous-fields]
    The record update s {status = a} with type CreateReturnShippingLabelResponse is ambiguous.
    This will not be supported by -XDuplicateRecordFields in future releases of GHC.
    |
195 | createReturnShippingLabelResponse_status = Lens.lens (\CreateReturnShippingLabelResponse' {status} -> status) (\s@CreateReturnShippingLabelResponse' {} a -> s {status = a} :: CreateReturnShippingLabelResponse)
    |                                                                                                                                                                 ^^^^^^^^^^
[57 of 69] Compiling Amazonka.Snowball.CreateLongTermPricing

gen/Amazonka/Snowball/CreateLongTermPricing.hs:104:185: warning: [GHC-02256] [-Wambiguous-fields]
    The record update s {isLongTermPricingAutoRenew = a} with type CreateLongTermPricing is ambiguous.
    This will not be supported by -XDuplicateRecordFields in future releases of GHC.
    |
104 | createLongTermPricing_isLongTermPricingAutoRenew = Lens.lens (\CreateLongTermPricing' {isLongTermPricingAutoRenew} -> isLongTermPricingAutoRenew) (\s@CreateLongTermPricing' {} a -> s {isLongTermPricingAutoRenew = a} :: CreateLongTermPricing)
    |                                                                                                                                                                                         ^^^^^^^^^^^^^^^^^^^^^^^^^^^^^^

gen/Amazonka/Snowball/CreateLongTermPricing.hs:108:143: warning: [GHC-02256] [-Wambiguous-fields]
    The record update s {snowballType = a} with type CreateLongTermPricing is ambiguous.
    This will not be supported by -XDuplicateRecordFields in future releases of GHC.
    |
108 | createLongTermPricing_snowballType = Lens.lens (\CreateLongTermPricing' {snowballType} -> snowballType) (\s@CreateLongTermPricing' {} a -> s {snowballType = a} :: CreateLongTermPricing)
    |                                                                                                                                               ^^^^^^^^^^^^^^^^

gen/Amazonka/Snowball/CreateLongTermPricing.hs:113:164: warning: [GHC-02256] [-Wambiguous-fields]
    The record update s {longTermPricingType = a} with type CreateLongTermPricing is ambiguous.
    This will not be supported by -XDuplicateRecordFields in future releases of GHC.
    |
113 | createLongTermPricing_longTermPricingType = Lens.lens (\CreateLongTermPricing' {longTermPricingType} -> longTermPricingType) (\s@CreateLongTermPricing' {} a -> s {longTermPricingType = a} :: CreateLongTermPricing)
    |                                                                                                                                                                    ^^^^^^^^^^^^^^^^^^^^^^^

gen/Amazonka/Snowball/CreateLongTermPricing.hs:208:182: warning: [GHC-02256] [-Wambiguous-fields]
    The record update s {longTermPricingId = a} with type CreateLongTermPricingResponse is ambiguous.
    This will not be supported by -XDuplicateRecordFields in future releases of GHC.
    |
208 | createLongTermPricingResponse_longTermPricingId = Lens.lens (\CreateLongTermPricingResponse' {longTermPricingId} -> longTermPricingId) (\s@CreateLongTermPricingResponse' {} a -> s {longTermPricingId = a} :: CreateLongTermPricingResponse)
    |                                                                                                                                                                                      ^^^^^^^^^^^^^^^^^^^^^
[58 of 69] Compiling Amazonka.Snowball.CreateJob

gen/Amazonka/Snowball/CreateJob.hs:394:98: warning: [GHC-02256] [-Wambiguous-fields]
    The record update s {addressId = a} with type CreateJob is ambiguous.
    This will not be supported by -XDuplicateRecordFields in future releases of GHC.
    |
394 | createJob_addressId = Lens.lens (\CreateJob' {addressId} -> addressId) (\s@CreateJob' {} a -> s {addressId = a} :: CreateJob)
    |                                                                                                  ^^^^^^^^^^^^^

gen/Amazonka/Snowball/CreateJob.hs:400:98: warning: [GHC-02256] [-Wambiguous-fields]
    The record update s {clusterId = a} with type CreateJob is ambiguous.
    This will not be supported by -XDuplicateRecordFields in future releases of GHC.
    |
400 | createJob_clusterId = Lens.lens (\CreateJob' {clusterId} -> clusterId) (\s@CreateJob' {} a -> s {clusterId = a} :: CreateJob)
    |                                                                                                  ^^^^^^^^^^^^^

gen/Amazonka/Snowball/CreateJob.hs:405:104: warning: [GHC-02256] [-Wambiguous-fields]
    The record update s {description = a} with type CreateJob is ambiguous.
    This will not be supported by -XDuplicateRecordFields in future releases of GHC.
    |
405 | createJob_description = Lens.lens (\CreateJob' {description} -> description) (\s@CreateJob' {} a -> s {description = a} :: CreateJob)
    |                                                                                                        ^^^^^^^^^^^^^^^

gen/Amazonka/Snowball/CreateJob.hs:415:128: warning: [GHC-02256] [-Wambiguous-fields]
    The record update s {deviceConfiguration = a} with type CreateJob is ambiguous.
    This will not be supported by -XDuplicateRecordFields in future releases of GHC.
    |
415 | createJob_deviceConfiguration = Lens.lens (\CreateJob' {deviceConfiguration} -> deviceConfiguration) (\s@CreateJob' {} a -> s {deviceConfiguration = a} :: CreateJob)
    |                                                                                                                                ^^^^^^^^^^^^^^^^^^^^^^^

gen/Amazonka/Snowball/CreateJob.hs:420:128: warning: [GHC-02256] [-Wambiguous-fields]
    The record update s {forwardingAddressId = a} with type CreateJob is ambiguous.
    This will not be supported by -XDuplicateRecordFields in future releases of GHC.
    |
420 | createJob_forwardingAddressId = Lens.lens (\CreateJob' {forwardingAddressId} -> forwardingAddressId) (\s@CreateJob' {} a -> s {forwardingAddressId = a} :: CreateJob)
    |                                                                                                                                ^^^^^^^^^^^^^^^^^^^^^^^

gen/Amazonka/Snowball/CreateJob.hs:424:92: warning: [GHC-02256] [-Wambiguous-fields]
    The record update s {jobType = a} with type CreateJob is ambiguous.
    This will not be supported by -XDuplicateRecordFields in future releases of GHC.
    |
424 | createJob_jobType = Lens.lens (\CreateJob' {jobType} -> jobType) (\s@CreateJob' {} a -> s {jobType = a} :: CreateJob)
    |                                                                                            ^^^^^^^^^^^

gen/Amazonka/Snowball/CreateJob.hs:431:98: warning: [GHC-02256] [-Wambiguous-fields]
    The record update s {kmsKeyARN = a} with type CreateJob is ambiguous.
    This will not be supported by -XDuplicateRecordFields in future releases of GHC.
    |
431 | createJob_kmsKeyARN = Lens.lens (\CreateJob' {kmsKeyARN} -> kmsKeyARN) (\s@CreateJob' {} a -> s {kmsKeyARN = a} :: CreateJob)
    |                                                                                                  ^^^^^^^^^^^^^

gen/Amazonka/Snowball/CreateJob.hs:435:122: warning: [GHC-02256] [-Wambiguous-fields]
    The record update s {longTermPricingId = a} with type CreateJob is ambiguous.
    This will not be supported by -XDuplicateRecordFields in future releases of GHC.
    |
435 | createJob_longTermPricingId = Lens.lens (\CreateJob' {longTermPricingId} -> longTermPricingId) (\s@CreateJob' {} a -> s {longTermPricingId = a} :: CreateJob)
    |                                                                                                                          ^^^^^^^^^^^^^^^^^^^^^

gen/Amazonka/Snowball/CreateJob.hs:440:107: warning: [GHC-02256] [-Wambiguous-fields]
    The record update s {notification = a} with type CreateJob is ambiguous.
    This will not be supported by -XDuplicateRecordFields in future releases of GHC.
    |
440 | createJob_notification = Lens.lens (\CreateJob' {notification} -> notification) (\s@CreateJob' {} a -> s {notification = a} :: CreateJob)
    |                                                                                                           ^^^^^^^^^^^^^^^^

gen/Amazonka/Snowball/CreateJob.hs:447:155: warning: [GHC-02256] [-Wambiguous-fields]
    The record update s {onDeviceServiceConfiguration = a} with type CreateJob is ambiguous.
    This will not be supported by -XDuplicateRecordFields in future releases of GHC.
    |
447 | createJob_onDeviceServiceConfiguration = Lens.lens (\CreateJob' {onDeviceServiceConfiguration} -> onDeviceServiceConfiguration) (\s@CreateJob' {} a -> s {onDeviceServiceConfiguration = a} :: CreateJob)
    |                                                                                                                                                           ^^^^^^^^^^^^^^^^^^^^^^^^^^^^^^^^

gen/Amazonka/Snowball/CreateJob.hs:455:119: warning: [GHC-02256] [-Wambiguous-fields]
    The record update s {remoteManagement = a} with type CreateJob is ambiguous.
    This will not be supported by -XDuplicateRecordFields in future releases of GHC.
    |
455 | createJob_remoteManagement = Lens.lens (\CreateJob' {remoteManagement} -> remoteManagement) (\s@CreateJob' {} a -> s {remoteManagement = a} :: CreateJob)
    |                                                                                                                       ^^^^^^^^^^^^^^^^^^^^

gen/Amazonka/Snowball/CreateJob.hs:469:98: warning: [GHC-02256] [-Wambiguous-fields]
    The record update s {resources = a} with type CreateJob is ambiguous.
    This will not be supported by -XDuplicateRecordFields in future releases of GHC.
    |
469 | createJob_resources = Lens.lens (\CreateJob' {resources} -> resources) (\s@CreateJob' {} a -> s {resources = a} :: CreateJob)
    |                                                                                                  ^^^^^^^^^^^^^

gen/Amazonka/Snowball/CreateJob.hs:476:92: warning: [GHC-02256] [-Wambiguous-fields]
    The record update s {roleARN = a} with type CreateJob is ambiguous.
    This will not be supported by -XDuplicateRecordFields in future releases of GHC.
    |
476 | createJob_roleARN = Lens.lens (\CreateJob' {roleARN} -> roleARN) (\s@CreateJob' {} a -> s {roleARN = a} :: CreateJob)
    |                                                                                            ^^^^^^^^^^^

gen/Amazonka/Snowball/CreateJob.hs:495:113: warning: [GHC-02256] [-Wambiguous-fields]
    The record update s {shippingOption = a} with type CreateJob is ambiguous.
    This will not be supported by -XDuplicateRecordFields in future releases of GHC.
    |
495 | createJob_shippingOption = Lens.lens (\CreateJob' {shippingOption} -> shippingOption) (\s@CreateJob' {} a -> s {shippingOption = a} :: CreateJob)
    |                                                                                                                 ^^^^^^^^^^^^^^^^^^

gen/Amazonka/Snowball/CreateJob.hs:507:149: warning: [GHC-02256] [-Wambiguous-fields]
    The record update s {snowballCapacityPreference = a} with type CreateJob is ambiguous.
    This will not be supported by -XDuplicateRecordFields in future releases of GHC.
    |
507 | createJob_snowballCapacityPreference = Lens.lens (\CreateJob' {snowballCapacityPreference} -> snowballCapacityPreference) (\s@CreateJob' {} a -> s {snowballCapacityPreference = a} :: CreateJob)
    |                                                                                                                                                     ^^^^^^^^^^^^^^^^^^^^^^^^^^^^^^

gen/Amazonka/Snowball/CreateJob.hs:527:107: warning: [GHC-02256] [-Wambiguous-fields]
    The record update s {snowballType = a} with type CreateJob is ambiguous.
    This will not be supported by -XDuplicateRecordFields in future releases of GHC.
    |
527 | createJob_snowballType = Lens.lens (\CreateJob' {snowballType} -> snowballType) (\s@CreateJob' {} a -> s {snowballType = a} :: CreateJob)
    |                                                                                                           ^^^^^^^^^^^^^^^^

gen/Amazonka/Snowball/CreateJob.hs:531:107: warning: [GHC-02256] [-Wambiguous-fields]
    The record update s {taxDocuments = a} with type CreateJob is ambiguous.
    This will not be supported by -XDuplicateRecordFields in future releases of GHC.
    |
531 | createJob_taxDocuments = Lens.lens (\CreateJob' {taxDocuments} -> taxDocuments) (\s@CreateJob' {} a -> s {taxDocuments = a} :: CreateJob)
    |                                                                                                           ^^^^^^^^^^^^^^^^

gen/Amazonka/Snowball/CreateJob.hs:673:110: warning: [GHC-02256] [-Wambiguous-fields]
    The record update s {jobId = a} with type CreateJobResponse is ambiguous.
    This will not be supported by -XDuplicateRecordFields in future releases of GHC.
    |
673 | createJobResponse_jobId = Lens.lens (\CreateJobResponse' {jobId} -> jobId) (\s@CreateJobResponse' {} a -> s {jobId = a} :: CreateJobResponse)
    |                                                                                                              ^^^^^^^^^
[59 of 69] Compiling Amazonka.Snowball.CreateCluster

gen/Amazonka/Snowball/CreateCluster.hs:292:116: warning: [GHC-02256] [-Wambiguous-fields]
    The record update s {description = a} with type CreateCluster is ambiguous.
    This will not be supported by -XDuplicateRecordFields in future releases of GHC.
    |
292 | createCluster_description = Lens.lens (\CreateCluster' {description} -> description) (\s@CreateCluster' {} a -> s {description = a} :: CreateCluster)
    |                                                                                                                    ^^^^^^^^^^^^^^^

gen/Amazonka/Snowball/CreateCluster.hs:297:140: warning: [GHC-02256] [-Wambiguous-fields]
    The record update s {forwardingAddressId = a} with type CreateCluster is ambiguous.
    This will not be supported by -XDuplicateRecordFields in future releases of GHC.
    |
297 | createCluster_forwardingAddressId = Lens.lens (\CreateCluster' {forwardingAddressId} -> forwardingAddressId) (\s@CreateCluster' {} a -> s {forwardingAddressId = a} :: CreateCluster)
    |                                                                                                                                            ^^^^^^^^^^^^^^^^^^^^^^^

gen/Amazonka/Snowball/CreateCluster.hs:304:110: warning: [GHC-02256] [-Wambiguous-fields]
    The record update s {kmsKeyARN = a} with type CreateCluster is ambiguous.
    This will not be supported by -XDuplicateRecordFields in future releases of GHC.
    |
304 | createCluster_kmsKeyARN = Lens.lens (\CreateCluster' {kmsKeyARN} -> kmsKeyARN) (\s@CreateCluster' {} a -> s {kmsKeyARN = a} :: CreateCluster)
    |                                                                                                              ^^^^^^^^^^^^^

gen/Amazonka/Snowball/CreateCluster.hs:309:119: warning: [GHC-02256] [-Wambiguous-fields]
    The record update s {notification = a} with type CreateCluster is ambiguous.
    This will not be supported by -XDuplicateRecordFields in future releases of GHC.
    |
309 | createCluster_notification = Lens.lens (\CreateCluster' {notification} -> notification) (\s@CreateCluster' {} a -> s {notification = a} :: CreateCluster)
    |                                                                                                                       ^^^^^^^^^^^^^^^^

gen/Amazonka/Snowball/CreateCluster.hs:316:167: warning: [GHC-02256] [-Wambiguous-fields]
    The record update s {onDeviceServiceConfiguration = a} with type CreateCluster is ambiguous.
    This will not be supported by -XDuplicateRecordFields in future releases of GHC.
    |
316 | createCluster_onDeviceServiceConfiguration = Lens.lens (\CreateCluster' {onDeviceServiceConfiguration} -> onDeviceServiceConfiguration) (\s@CreateCluster' {} a -> s {onDeviceServiceConfiguration = a} :: CreateCluster)
    |                                                                                                                                                                       ^^^^^^^^^^^^^^^^^^^^^^^^^^^^^^^^

gen/Amazonka/Snowball/CreateCluster.hs:324:131: warning: [GHC-02256] [-Wambiguous-fields]
    The record update s {remoteManagement = a} with type CreateCluster is ambiguous.
    This will not be supported by -XDuplicateRecordFields in future releases of GHC.
    |
324 | createCluster_remoteManagement = Lens.lens (\CreateCluster' {remoteManagement} -> remoteManagement) (\s@CreateCluster' {} a -> s {remoteManagement = a} :: CreateCluster)
    |                                                                                                                                   ^^^^^^^^^^^^^^^^^^^^

gen/Amazonka/Snowball/CreateCluster.hs:328:119: warning: [GHC-02256] [-Wambiguous-fields]
    The record update s {taxDocuments = a} with type CreateCluster is ambiguous.
    This will not be supported by -XDuplicateRecordFields in future releases of GHC.
    |
328 | createCluster_taxDocuments = Lens.lens (\CreateCluster' {taxDocuments} -> taxDocuments) (\s@CreateCluster' {} a -> s {taxDocuments = a} :: CreateCluster)
    |                                                                                                                       ^^^^^^^^^^^^^^^^

gen/Amazonka/Snowball/CreateCluster.hs:339:104: warning: [GHC-02256] [-Wambiguous-fields]
    The record update s {jobType = a} with type CreateCluster is ambiguous.
    This will not be supported by -XDuplicateRecordFields in future releases of GHC.
    |
339 | createCluster_jobType = Lens.lens (\CreateCluster' {jobType} -> jobType) (\s@CreateCluster' {} a -> s {jobType = a} :: CreateCluster)
    |                                                                                                        ^^^^^^^^^^^

gen/Amazonka/Snowball/CreateCluster.hs:345:110: warning: [GHC-02256] [-Wambiguous-fields]
    The record update s {resources = a} with type CreateCluster is ambiguous.
    This will not be supported by -XDuplicateRecordFields in future releases of GHC.
    |
345 | createCluster_resources = Lens.lens (\CreateCluster' {resources} -> resources) (\s@CreateCluster' {} a -> s {resources = a} :: CreateCluster)
    |                                                                                                              ^^^^^^^^^^^^^

gen/Amazonka/Snowball/CreateCluster.hs:349:110: warning: [GHC-02256] [-Wambiguous-fields]
    The record update s {addressId = a} with type CreateCluster is ambiguous.
    This will not be supported by -XDuplicateRecordFields in future releases of GHC.
    |
349 | createCluster_addressId = Lens.lens (\CreateCluster' {addressId} -> addressId) (\s@CreateCluster' {} a -> s {addressId = a} :: CreateCluster)
    |                                                                                                              ^^^^^^^^^^^^^

gen/Amazonka/Snowball/CreateCluster.hs:356:104: warning: [GHC-02256] [-Wambiguous-fields]
    The record update s {roleARN = a} with type CreateCluster is ambiguous.
    This will not be supported by -XDuplicateRecordFields in future releases of GHC.
    |
356 | createCluster_roleARN = Lens.lens (\CreateCluster' {roleARN} -> roleARN) (\s@CreateCluster' {} a -> s {roleARN = a} :: CreateCluster)
    |                                                                                                        ^^^^^^^^^^^

gen/Amazonka/Snowball/CreateCluster.hs:369:119: warning: [GHC-02256] [-Wambiguous-fields]
    The record update s {snowballType = a} with type CreateCluster is ambiguous.
    This will not be supported by -XDuplicateRecordFields in future releases of GHC.
    |
369 | createCluster_snowballType = Lens.lens (\CreateCluster' {snowballType} -> snowballType) (\s@CreateCluster' {} a -> s {snowballType = a} :: CreateCluster)
    |                                                                                                                       ^^^^^^^^^^^^^^^^

gen/Amazonka/Snowball/CreateCluster.hs:401:125: warning: [GHC-02256] [-Wambiguous-fields]
    The record update s {shippingOption = a} with type CreateCluster is ambiguous.
    This will not be supported by -XDuplicateRecordFields in future releases of GHC.
    |
401 | createCluster_shippingOption = Lens.lens (\CreateCluster' {shippingOption} -> shippingOption) (\s@CreateCluster' {} a -> s {shippingOption = a} :: CreateCluster)
    |                                                                                                                             ^^^^^^^^^^^^^^^^^^

gen/Amazonka/Snowball/CreateCluster.hs:527:134: warning: [GHC-02256] [-Wambiguous-fields]
    The record update s {clusterId = a} with type CreateClusterResponse is ambiguous.
    This will not be supported by -XDuplicateRecordFields in future releases of GHC.
    |
527 | createClusterResponse_clusterId = Lens.lens (\CreateClusterResponse' {clusterId} -> clusterId) (\s@CreateClusterResponse' {} a -> s {clusterId = a} :: CreateClusterResponse)
    |                                                                                                                                      ^^^^^^^^^^^^^
[60 of 69] Compiling Amazonka.Snowball.CreateAddress

gen/Amazonka/Snowball/CreateAddress.hs:167:134: warning: [GHC-02256] [-Wambiguous-fields]
    The record update s {addressId = a} with type CreateAddressResponse is ambiguous.
    This will not be supported by -XDuplicateRecordFields in future releases of GHC.
    |
167 | createAddressResponse_addressId = Lens.lens (\CreateAddressResponse' {addressId} -> addressId) (\s@CreateAddressResponse' {} a -> s {addressId = a} :: CreateAddressResponse)
    |                                                                                                                                      ^^^^^^^^^^^^^
[61 of 69] Compiling Amazonka.Snowball.CancelJob

gen/Amazonka/Snowball/CancelJob.hs:79:86: warning: [GHC-02256] [-Wambiguous-fields]
    The record update s {jobId = a} with type CancelJob is ambiguous.
    This will not be supported by -XDuplicateRecordFields in future releases of GHC.
   |
79 | cancelJob_jobId = Lens.lens (\CancelJob' {jobId} -> jobId) (\s@CancelJob' {} a -> s {jobId = a} :: CancelJob)
   |                                                                                      ^^^^^^^^^
[62 of 69] Compiling Amazonka.Snowball.CancelCluster

gen/Amazonka/Snowball/CancelCluster.hs:79:110: warning: [GHC-02256] [-Wambiguous-fields]
    The record update s {clusterId = a} with type CancelCluster is ambiguous.
    This will not be supported by -XDuplicateRecordFields in future releases of GHC.
   |
79 | cancelCluster_clusterId = Lens.lens (\CancelCluster' {clusterId} -> clusterId) (\s@CancelCluster' {} a -> s {clusterId = a} :: CancelCluster)
   |                                                                                                              ^^^^^^^^^^^^^
[63 of 69] Compiling Amazonka.Snowball.UpdateCluster

gen/Amazonka/Snowball/UpdateCluster.hs:147:110: warning: [GHC-02256] [-Wambiguous-fields]
    The record update s {addressId = a} with type UpdateCluster is ambiguous.
    This will not be supported by -XDuplicateRecordFields in future releases of GHC.
    |
147 | updateCluster_addressId = Lens.lens (\UpdateCluster' {addressId} -> addressId) (\s@UpdateCluster' {} a -> s {addressId = a} :: UpdateCluster)
    |                                                                                                              ^^^^^^^^^^^^^

gen/Amazonka/Snowball/UpdateCluster.hs:151:116: warning: [GHC-02256] [-Wambiguous-fields]
    The record update s {description = a} with type UpdateCluster is ambiguous.
    This will not be supported by -XDuplicateRecordFields in future releases of GHC.
    |
151 | updateCluster_description = Lens.lens (\UpdateCluster' {description} -> description) (\s@UpdateCluster' {} a -> s {description = a} :: UpdateCluster)
    |                                                                                                                    ^^^^^^^^^^^^^^^

gen/Amazonka/Snowball/UpdateCluster.hs:156:140: warning: [GHC-02256] [-Wambiguous-fields]
    The record update s {forwardingAddressId = a} with type UpdateCluster is ambiguous.
    This will not be supported by -XDuplicateRecordFields in future releases of GHC.
    |
156 | updateCluster_forwardingAddressId = Lens.lens (\UpdateCluster' {forwardingAddressId} -> forwardingAddressId) (\s@UpdateCluster' {} a -> s {forwardingAddressId = a} :: UpdateCluster)
    |                                                                                                                                            ^^^^^^^^^^^^^^^^^^^^^^^

gen/Amazonka/Snowball/UpdateCluster.hs:160:119: warning: [GHC-02256] [-Wambiguous-fields]
    The record update s {notification = a} with type UpdateCluster is ambiguous.
    This will not be supported by -XDuplicateRecordFields in future releases of GHC.
    |
160 | updateCluster_notification = Lens.lens (\UpdateCluster' {notification} -> notification) (\s@UpdateCluster' {} a -> s {notification = a} :: UpdateCluster)
    |                                                                                                                       ^^^^^^^^^^^^^^^^

gen/Amazonka/Snowball/UpdateCluster.hs:167:167: warning: [GHC-02256] [-Wambiguous-fields]
    The record update s {onDeviceServiceConfiguration = a} with type UpdateCluster is ambiguous.
    This will not be supported by -XDuplicateRecordFields in future releases of GHC.
    |
167 | updateCluster_onDeviceServiceConfiguration = Lens.lens (\UpdateCluster' {onDeviceServiceConfiguration} -> onDeviceServiceConfiguration) (\s@UpdateCluster' {} a -> s {onDeviceServiceConfiguration = a} :: UpdateCluster)
    |                                                                                                                                                                       ^^^^^^^^^^^^^^^^^^^^^^^^^^^^^^^^

gen/Amazonka/Snowball/UpdateCluster.hs:172:110: warning: [GHC-02256] [-Wambiguous-fields]
    The record update s {resources = a} with type UpdateCluster is ambiguous.
    This will not be supported by -XDuplicateRecordFields in future releases of GHC.
    |
172 | updateCluster_resources = Lens.lens (\UpdateCluster' {resources} -> resources) (\s@UpdateCluster' {} a -> s {resources = a} :: UpdateCluster)
    |                                                                                                              ^^^^^^^^^^^^^

gen/Amazonka/Snowball/UpdateCluster.hs:179:104: warning: [GHC-02256] [-Wambiguous-fields]
    The record update s {roleARN = a} with type UpdateCluster is ambiguous.
    This will not be supported by -XDuplicateRecordFields in future releases of GHC.
    |
179 | updateCluster_roleARN = Lens.lens (\UpdateCluster' {roleARN} -> roleARN) (\s@UpdateCluster' {} a -> s {roleARN = a} :: UpdateCluster)
    |                                                                                                        ^^^^^^^^^^^

gen/Amazonka/Snowball/UpdateCluster.hs:184:125: warning: [GHC-02256] [-Wambiguous-fields]
    The record update s {shippingOption = a} with type UpdateCluster is ambiguous.
    This will not be supported by -XDuplicateRecordFields in future releases of GHC.
    |
184 | updateCluster_shippingOption = Lens.lens (\UpdateCluster' {shippingOption} -> shippingOption) (\s@UpdateCluster' {} a -> s {shippingOption = a} :: UpdateCluster)
    |                                                                                                                             ^^^^^^^^^^^^^^^^^^

gen/Amazonka/Snowball/UpdateCluster.hs:189:110: warning: [GHC-02256] [-Wambiguous-fields]
    The record update s {clusterId = a} with type UpdateCluster is ambiguous.
    This will not be supported by -XDuplicateRecordFields in future releases of GHC.
    |
189 | updateCluster_clusterId = Lens.lens (\UpdateCluster' {clusterId} -> clusterId) (\s@UpdateCluster' {} a -> s {clusterId = a} :: UpdateCluster)
    |                                                                                                              ^^^^^^^^^^^^^
[64 of 69] Compiling Amazonka.Snowball.UpdateJob

gen/Amazonka/Snowball/UpdateJob.hs:163:98: warning: [GHC-02256] [-Wambiguous-fields]
    The record update s {addressId = a} with type UpdateJob is ambiguous.
    This will not be supported by -XDuplicateRecordFields in future releases of GHC.
    |
163 | updateJob_addressId = Lens.lens (\UpdateJob' {addressId} -> addressId) (\s@UpdateJob' {} a -> s {addressId = a} :: UpdateJob)
    |                                                                                                  ^^^^^^^^^^^^^

gen/Amazonka/Snowball/UpdateJob.hs:167:104: warning: [GHC-02256] [-Wambiguous-fields]
    The record update s {description = a} with type UpdateJob is ambiguous.
    This will not be supported by -XDuplicateRecordFields in future releases of GHC.
    |
167 | updateJob_description = Lens.lens (\UpdateJob' {description} -> description) (\s@UpdateJob' {} a -> s {description = a} :: UpdateJob)
    |                                                                                                        ^^^^^^^^^^^^^^^

gen/Amazonka/Snowball/UpdateJob.hs:172:128: warning: [GHC-02256] [-Wambiguous-fields]
    The record update s {forwardingAddressId = a} with type UpdateJob is ambiguous.
    This will not be supported by -XDuplicateRecordFields in future releases of GHC.
    |
172 | updateJob_forwardingAddressId = Lens.lens (\UpdateJob' {forwardingAddressId} -> forwardingAddressId) (\s@UpdateJob' {} a -> s {forwardingAddressId = a} :: UpdateJob)
    |                                                                                                                                ^^^^^^^^^^^^^^^^^^^^^^^

gen/Amazonka/Snowball/UpdateJob.hs:176:107: warning: [GHC-02256] [-Wambiguous-fields]
    The record update s {notification = a} with type UpdateJob is ambiguous.
    This will not be supported by -XDuplicateRecordFields in future releases of GHC.
    |
176 | updateJob_notification = Lens.lens (\UpdateJob' {notification} -> notification) (\s@UpdateJob' {} a -> s {notification = a} :: UpdateJob)
    |                                                                                                           ^^^^^^^^^^^^^^^^

gen/Amazonka/Snowball/UpdateJob.hs:183:155: warning: [GHC-02256] [-Wambiguous-fields]
    The record update s {onDeviceServiceConfiguration = a} with type UpdateJob is ambiguous.
    This will not be supported by -XDuplicateRecordFields in future releases of GHC.
    |
183 | updateJob_onDeviceServiceConfiguration = Lens.lens (\UpdateJob' {onDeviceServiceConfiguration} -> onDeviceServiceConfiguration) (\s@UpdateJob' {} a -> s {onDeviceServiceConfiguration = a} :: UpdateJob)
    |                                                                                                                                                           ^^^^^^^^^^^^^^^^^^^^^^^^^^^^^^^^

gen/Amazonka/Snowball/UpdateJob.hs:187:98: warning: [GHC-02256] [-Wambiguous-fields]
    The record update s {resources = a} with type UpdateJob is ambiguous.
    This will not be supported by -XDuplicateRecordFields in future releases of GHC.
    |
187 | updateJob_resources = Lens.lens (\UpdateJob' {resources} -> resources) (\s@UpdateJob' {} a -> s {resources = a} :: UpdateJob)
    |                                                                                                  ^^^^^^^^^^^^^

gen/Amazonka/Snowball/UpdateJob.hs:194:92: warning: [GHC-02256] [-Wambiguous-fields]
    The record update s {roleARN = a} with type UpdateJob is ambiguous.
    This will not be supported by -XDuplicateRecordFields in future releases of GHC.
    |
194 | updateJob_roleARN = Lens.lens (\UpdateJob' {roleARN} -> roleARN) (\s@UpdateJob' {} a -> s {roleARN = a} :: UpdateJob)
    |                                                                                            ^^^^^^^^^^^

gen/Amazonka/Snowball/UpdateJob.hs:198:113: warning: [GHC-02256] [-Wambiguous-fields]
    The record update s {shippingOption = a} with type UpdateJob is ambiguous.
    This will not be supported by -XDuplicateRecordFields in future releases of GHC.
    |
198 | updateJob_shippingOption = Lens.lens (\UpdateJob' {shippingOption} -> shippingOption) (\s@UpdateJob' {} a -> s {shippingOption = a} :: UpdateJob)
    |                                                                                                                 ^^^^^^^^^^^^^^^^^^

gen/Amazonka/Snowball/UpdateJob.hs:209:149: warning: [GHC-02256] [-Wambiguous-fields]
    The record update s {snowballCapacityPreference = a} with type UpdateJob is ambiguous.
    This will not be supported by -XDuplicateRecordFields in future releases of GHC.
    |
209 | updateJob_snowballCapacityPreference = Lens.lens (\UpdateJob' {snowballCapacityPreference} -> snowballCapacityPreference) (\s@UpdateJob' {} a -> s {snowballCapacityPreference = a} :: UpdateJob)
    |                                                                                                                                                     ^^^^^^^^^^^^^^^^^^^^^^^^^^^^^^

gen/Amazonka/Snowball/UpdateJob.hs:214:86: warning: [GHC-02256] [-Wambiguous-fields]
    The record update s {jobId = a} with type UpdateJob is ambiguous.
    This will not be supported by -XDuplicateRecordFields in future releases of GHC.
    |
214 | updateJob_jobId = Lens.lens (\UpdateJob' {jobId} -> jobId) (\s@UpdateJob' {} a -> s {jobId = a} :: UpdateJob)
    |                                                                                      ^^^^^^^^^
[65 of 69] Compiling Amazonka.Snowball.UpdateJobShipmentState

gen/Amazonka/Snowball/UpdateJobShipmentState.hs:97:125: warning: [GHC-02256] [-Wambiguous-fields]
    The record update s {jobId = a} with type UpdateJobShipmentState is ambiguous.
    This will not be supported by -XDuplicateRecordFields in future releases of GHC.
   |
97 | updateJobShipmentState_jobId = Lens.lens (\UpdateJobShipmentState' {jobId} -> jobId) (\s@UpdateJobShipmentState' {} a -> s {jobId = a} :: UpdateJobShipmentState)
   |                                                                                                                             ^^^^^^^^^
[66 of 69] Compiling Amazonka.Snowball.UpdateLongTermPricing

gen/Amazonka/Snowball/UpdateLongTermPricing.hs:97:185: warning: [GHC-02256] [-Wambiguous-fields]
    The record update s {isLongTermPricingAutoRenew = a} with type UpdateLongTermPricing is ambiguous.
    This will not be supported by -XDuplicateRecordFields in future releases of GHC.
   |
97 | updateLongTermPricing_isLongTermPricingAutoRenew = Lens.lens (\UpdateLongTermPricing' {isLongTermPricingAutoRenew} -> isLongTermPricingAutoRenew) (\s@UpdateLongTermPricing' {} a -> s {isLongTermPricingAutoRenew = a} :: UpdateLongTermPricing)
   |                                                                                                                                                                                         ^^^^^^^^^^^^^^^^^^^^^^^^^^^^^^

gen/Amazonka/Snowball/UpdateLongTermPricing.hs:102:149: warning: [GHC-02256] [-Wambiguous-fields]
    The record update s {replacementJob = a} with type UpdateLongTermPricing is ambiguous.
    This will not be supported by -XDuplicateRecordFields in future releases of GHC.
    |
102 | updateLongTermPricing_replacementJob = Lens.lens (\UpdateLongTermPricing' {replacementJob} -> replacementJob) (\s@UpdateLongTermPricing' {} a -> s {replacementJob = a} :: UpdateLongTermPricing)
    |                                                                                                                                                     ^^^^^^^^^^^^^^^^^^

gen/Amazonka/Snowball/UpdateLongTermPricing.hs:106:158: warning: [GHC-02256] [-Wambiguous-fields]
    The record update s {longTermPricingId = a} with type UpdateLongTermPricing is ambiguous.
    This will not be supported by -XDuplicateRecordFields in future releases of GHC.
    |
106 | updateLongTermPricing_longTermPricingId = Lens.lens (\UpdateLongTermPricing' {longTermPricingId} -> longTermPricingId) (\s@UpdateLongTermPricing' {} a -> s {longTermPricingId = a} :: UpdateLongTermPricing)
    |                                                                                                                                                              ^^^^^^^^^^^^^^^^^^^^^
[67 of 69] Compiling Amazonka.Snowball.Lens
[68 of 69] Compiling Amazonka.Snowball.Waiters
[69 of 69] Compiling Amazonka.Snowball
Configuring test suite 'amazonka-snowball-test' for amazonka-snowball-2.0...
Preprocessing test suite 'amazonka-snowball-test' for amazonka-snowball-2.0...
Building test suite 'amazonka-snowball-test' for amazonka-snowball-2.0...
[1 of 4] Compiling Test.Amazonka.Snowball
[2 of 4] Compiling Test.Amazonka.Snowball.Internal
[3 of 4] Compiling Test.Amazonka.Gen.Snowball
[4 of 4] Compiling Main
[5 of 5] Linking /tmp/workdir-amazonka-snowball/amazonka-snowball-2.0/dist-newstyle/build/x86_64-linux/ghc-9.6.6/amazonka-snowball-2.0/t/amazonka-snowball-test/build/amazonka-snowball-test/amazonka-snowball-test
