Build profile: -w ghc-9.6.6 -O1
In order, the following will be built (use -v for more details):
 - hackage-db-2.1.3 (lib) (first run)
Configuring library for hackage-db-2.1.3...
Preprocessing library for hackage-db-2.1.3...
Building library for hackage-db-2.1.3...
[1 of 9] Compiling Distribution.Hackage.DB.Errors
[2 of 9] Compiling Distribution.Hackage.DB.MetaData
[3 of 9] Compiling Distribution.Hackage.DB.Path
[4 of 9] Compiling Distribution.Hackage.DB.Utility

src/Distribution/Hackage/DB/Utility.hs:45:52: warning: [GHC-68441] [-Wdeprecations]
    In the use of ‘iso8601DateFormat’
    (imported from Data.Time.Format, but defined in Data.Time.Format.Locale):
    Deprecated: "use "Data.Time.Format.ISO8601" functions instead"
   |
45 | parseIso8601 = parseTimeM False defaultTimeLocale (iso8601DateFormat (Just "%H:%M:%SZ"))
   |                                                    ^^^^^^^^^^^^^^^^^
[5 of 9] Compiling Distribution.Hackage.DB.Builder
[6 of 9] Compiling Distribution.Hackage.DB.Unparsed
[7 of 9] Compiling Distribution.Hackage.DB.Parsed
[8 of 9] Compiling Distribution.Hackage.DB
[9 of 9] Compiling Paths_hackage_db
