Build profile: -w ghc-9.6.6 -O1
In order, the following will be built (use -v for more details):
 - pathtype-0.8.1.3 (lib) (first run)
 - pathtype-0.8.1.3 (test:test) (first run)
Configuring library for pathtype-0.8.1.3...
Preprocessing library for pathtype-0.8.1.3...
Building library for pathtype-0.8.1.3...
[ 1 of 17] Compiling System.Path.Internal.Separator
[ 2 of 17] Compiling System.Path.Internal.System

src/System/Path/Internal/System.hs:4:1: warning: [-Wunused-imports]
    The import of ‘Control.Applicative’ is redundant
      except perhaps to import instances from ‘Control.Applicative’
    To import instances alone, use: import Control.Applicative()
  |
4 | import Control.Applicative ((<$>))
  | ^^^^^^^^^^^^^^^^^^^^^^^^^^^^^^^^^^
[ 3 of 17] Compiling System.Path.Internal.Component

src/System/Path/Internal/Component.hs:7:1: warning: [-Wunused-imports]
    The import of ‘Control.Applicative’ is redundant
      except perhaps to import instances from ‘Control.Applicative’
    To import instances alone, use: import Control.Applicative()
  |
7 | import Control.Applicative ((<$>))
  | ^^^^^^^^^^^^^^^^^^^^^^^^^^^^^^^^^^
[ 4 of 17] Compiling System.Path.Internal.Part
[ 5 of 17] Compiling System.Path.Internal.PartClass
[ 6 of 17] Compiling System.Path.Internal

src/System/Path/Internal.hs:169:1: warning: [-Wunused-imports]
    The import of ‘<$, <$>, liftA2’
    from module ‘Control.Applicative’ is redundant
    |
169 | import Control.Applicative (Const(Const), liftA2, (<$>), (<$))
    | ^^^^^^^^^^^^^^^^^^^^^^^^^^^^^^^^^^^^^^^^^^^^^^^^^^^^^^^^^^^^^^

src/System/Path/Internal.hs:181:1: warning: [-Wunused-imports]
    The import of ‘Monoid, mappend, mconcat, mempty’
    from module ‘Data.Monoid’ is redundant
    |
181 | import Data.Monoid (Monoid(mempty, mappend, mconcat), Endo(Endo), appEndo)
    | ^^^^^^^^^^^^^^^^^^^^^^^^^^^^^^^^^^^^^^^^^^^^^^^^^^^^^^^^^^^^^^^^^^^^^^^^^^

src/System/Path/Internal.hs:182:1: warning: [-Wunused-imports]
    The import of ‘<>’ from module ‘Data.Semigroup’ is redundant
    |
182 | import Data.Semigroup (Semigroup(sconcat, (<>)), )
    | ^^^^^^^^^^^^^^^^^^^^^^^^^^^^^^^^^^^^^^^^^^^^^^^^^^

src/System/Path/Internal.hs:1002:5: warning: [-Wnoncanonical-monoid-instances]
    Noncanonical ‘mappend’ definition detected
    in the instance declaration for ‘Monoid (Path os ar fd)’.
    ‘mappend’ will eventually be removed in favour of ‘(<>)’
    Either remove definition for ‘mappend’ (recommended) or define as ‘mappend = (<>)’
    See also: https://gitlab.haskell.org/ghc/ghc/-/wikis/proposal/semigroup-monoid
     |
1002 |     mappend (Path r pcs0 _dir) (Path _rel pcs1 d) = Path r (pcs0 ++ pcs1) d
     |     ^^^^^^^^^^^^^^^^^^^^^^^^^^^^^^^^^^^^^^^^^^^^^^^^^^^^^^^^^^^^^^^^^^^^^^^
[ 7 of 17] Compiling System.Path.Generic
[ 8 of 17] Compiling System.Path.ModificationTime
[ 9 of 17] Compiling System.Path.Part
[10 of 17] Compiling System.Path.PartClass
[11 of 17] Compiling System.Path.RegularExpression

src/System/Path/RegularExpression.hs:5:29: warning: [-Wunused-imports]
    The import of ‘liftA2’
    from module ‘Control.Applicative’ is redundant
  |
5 | import Control.Applicative (liftA2, (<|>))
  |                             ^^^^^^

src/System/Path/RegularExpression.hs:8:1: warning: [-Wunused-imports]
    The import of ‘Data.Monoid’ is redundant
      except perhaps to import instances from ‘Data.Monoid’
    To import instances alone, use: import Data.Monoid()
  |
8 | import Data.Monoid (Monoid, mempty, mappend)
  | ^^^^^^^^^^^^^^^^^^^^^^^^^^^^^^^^^^^^^^^^^^^^

src/System/Path/RegularExpression.hs:9:1: warning: [-Wunused-imports]
    The import of ‘Data.Semigroup’ is redundant
      except perhaps to import instances from ‘Data.Semigroup’
    To import instances alone, use: import Data.Semigroup()
  |
9 | import Data.Semigroup (Semigroup, (<>))
  | ^^^^^^^^^^^^^^^^^^^^^^^^^^^^^^^^^^^^^^^
[12 of 17] Compiling System.Path.Posix
[13 of 17] Compiling System.Path.Host
[14 of 17] Compiling System.Path
[15 of 17] Compiling System.Path.IO

src/System/Path/IO.hs:100:1: warning: [-Wunused-imports]
    The import of ‘Control.Applicative’ is redundant
      except perhaps to import instances from ‘Control.Applicative’
    To import instances alone, use: import Control.Applicative()
    |
100 | import Control.Applicative ((<$>))
    | ^^^^^^^^^^^^^^^^^^^^^^^^^^^^^^^^^^
[16 of 17] Compiling System.Path.Directory

src/System/Path/Directory.hs:75:1: warning: [-Wunused-imports]
    The import of ‘Control.Applicative’ is redundant
      except perhaps to import instances from ‘Control.Applicative’
    To import instances alone, use: import Control.Applicative()
   |
75 | import Control.Applicative ((<$>))
   | ^^^^^^^^^^^^^^^^^^^^^^^^^^^^^^^^^^
[17 of 17] Compiling System.Path.Windows

src/System/Path/Windows.hs:42:1: warning: [-Wunused-imports]
    The import of ‘Data.Monoid’ is redundant
      except perhaps to import instances from ‘Data.Monoid’
    To import instances alone, use: import Data.Monoid()
   |
42 | import Data.Monoid (mempty, (<>))
   | ^^^^^^^^^^^^^^^^^^^^^^^^^^^^^^^^^
Configuring test suite 'test' for pathtype-0.8.1.3...
Preprocessing test suite 'test' for pathtype-0.8.1.3...
Building test suite 'test' for pathtype-0.8.1.3...
[1 of 3] Compiling Test.Posix.System.Path.Internal
[2 of 3] Compiling Test.Windows.System.Path.Internal
[3 of 3] Compiling Main
[4 of 4] Linking /tmp/workdir-pathtype/pathtype-0.8.1.3/dist-newstyle/build/x86_64-linux/ghc-9.6.6/pathtype-0.8.1.3/t/test/build/test/test
