Build profile: -w ghc-9.6.6 -O1
In order, the following will be built (use -v for more details):
 - ersatz-0.5 (lib) (first run)
 - ersatz-0.5 (test:z001) (first run)
 - ersatz-0.5 (test:speed) (first run)
 - ersatz-0.5 (test:moore) (first run)
 - ersatz-0.5 (test:hunit) (first run)
 - ersatz-0.5 (exe:ersatz-sudoku) (first run)
 - ersatz-0.5 (exe:ersatz-regexp-grid) (first run)
Configuring library for ersatz-0.5...
Preprocessing library for ersatz-0.5...
Building library for ersatz-0.5...
[ 1 of 24] Compiling Ersatz.Internal.Literal
[ 2 of 24] Compiling Ersatz.Internal.Formula
[ 3 of 24] Compiling Ersatz.Internal.Parser
[ 4 of 24] Compiling Ersatz.Internal.StableName
[ 5 of 24] Compiling Ersatz.Problem
[ 6 of 24] Compiling Ersatz.Solution
[ 7 of 24] Compiling Ersatz.Codec
[ 8 of 24] Compiling Ersatz.Solver.Common
[ 9 of 24] Compiling Ersatz.Solver.DepQBF
[10 of 24] Compiling Ersatz.Solver.Minisat
[11 of 24] Compiling Ersatz.Solver.Z3
[12 of 24] Compiling Ersatz.Solver
[13 of 24] Compiling Ersatz.Variable
[14 of 24] Compiling Ersatz.Bit
[15 of 24] Compiling Ersatz.Relation.Data
[16 of 24] Compiling Ersatz.Relation.Op
[17 of 24] Compiling Ersatz.Equatable
[18 of 24] Compiling Ersatz.Orderable
[19 of 24] Compiling Ersatz.Bits
[20 of 24] Compiling Ersatz.Counting
[21 of 24] Compiling Ersatz.Relation.Prop
[22 of 24] Compiling Ersatz.Relation
[23 of 24] Compiling Ersatz.BitChar
[24 of 24] Compiling Ersatz
Configuring test suite 'z001' for ersatz-0.5...
Preprocessing test suite 'z001' for ersatz-0.5...
Building test suite 'z001' for ersatz-0.5...
[1 of 1] Compiling Main
[2 of 2] Linking /tmp/workdir-ersatz/ersatz-0.5/dist-newstyle/build/x86_64-linux/ghc-9.6.6/ersatz-0.5/t/z001/build/z001/z001
Configuring test suite 'speed' for ersatz-0.5...
Preprocessing test suite 'speed' for ersatz-0.5...
Building test suite 'speed' for ersatz-0.5...
[1 of 1] Compiling Main
[2 of 2] Linking /tmp/workdir-ersatz/ersatz-0.5/dist-newstyle/build/x86_64-linux/ghc-9.6.6/ersatz-0.5/t/speed/build/speed/speed
Configuring test suite 'moore' for ersatz-0.5...
Preprocessing test suite 'moore' for ersatz-0.5...
Building test suite 'moore' for ersatz-0.5...
[1 of 1] Compiling Main
[2 of 2] Linking /tmp/workdir-ersatz/ersatz-0.5/dist-newstyle/build/x86_64-linux/ghc-9.6.6/ersatz-0.5/t/moore/build/moore/moore
Configuring test suite 'hunit' for ersatz-0.5...
Preprocessing test suite 'hunit' for ersatz-0.5...
Building test suite 'hunit' for ersatz-0.5...
[1 of 1] Compiling Main
[2 of 2] Linking /tmp/workdir-ersatz/ersatz-0.5/dist-newstyle/build/x86_64-linux/ghc-9.6.6/ersatz-0.5/t/hunit/build/hunit/hunit
Configuring executable 'ersatz-sudoku' for ersatz-0.5...
Preprocessing executable 'ersatz-sudoku' for ersatz-0.5...
Building executable 'ersatz-sudoku' for ersatz-0.5...
[1 of 3] Compiling Sudoku.Cell
[2 of 3] Compiling Sudoku.Problem
[3 of 3] Compiling Main
[4 of 4] Linking /tmp/workdir-ersatz/ersatz-0.5/dist-newstyle/build/x86_64-linux/ghc-9.6.6/ersatz-0.5/x/ersatz-sudoku/build/ersatz-sudoku/ersatz-sudoku
Configuring executable 'ersatz-regexp-grid' for ersatz-0.5...
Preprocessing executable 'ersatz-regexp-grid' for ersatz-0.5...
Building executable 'ersatz-regexp-grid' for ersatz-0.5...
[1 of 4] Compiling RegexpGrid.Regexp
[2 of 4] Compiling RegexpGrid.Types
[3 of 4] Compiling RegexpGrid.Problem
[4 of 4] Compiling Main
[5 of 5] Linking /tmp/workdir-ersatz/ersatz-0.5/dist-newstyle/build/x86_64-linux/ghc-9.6.6/ersatz-0.5/x/ersatz-regexp-grid/build/ersatz-regexp-grid/ersatz-regexp-grid
