Build profile: -w ghc-9.6.6 -O1
In order, the following will be built (use -v for more details):
 - ki-1.0.1.2 (lib) (first run)
 - ki-1.0.1.2 (test:tests) (first run)
Configuring library for ki-1.0.1.2...
Preprocessing library for ki-1.0.1.2...
Building library for ki-1.0.1.2...
[1 of 9] Compiling Ki.Internal.ByteCount
[2 of 9] Compiling Ki.Internal.IO
[3 of 9] Compiling Ki.Internal.NonblockingSTM
[4 of 9] Compiling Ki.Internal.Propagating
[5 of 9] Compiling Ki.Internal.Thread
[6 of 9] Compiling Ki.Internal.ThreadAffinity
[7 of 9] Compiling Ki.Internal.ThreadOptions
[8 of 9] Compiling Ki.Internal.Scope
[9 of 9] Compiling Ki
Configuring test suite 'tests' for ki-1.0.1.2...
Preprocessing test suite 'tests' for ki-1.0.1.2...
Building test suite 'tests' for ki-1.0.1.2...
[1 of 1] Compiling Main
[2 of 2] Linking /tmp/workdir-ki/ki-1.0.1.2/dist-newstyle/build/x86_64-linux/ghc-9.6.6/ki-1.0.1.2/t/tests/build/tests/tests
