Build profile: -w ghc-9.6.6 -O1
In order, the following will be built (use -v for more details):
 - amazonka-codestar-notifications-2.0 (lib) (first run)
 - amazonka-codestar-notifications-2.0 (test:amazonka-codestar-notifications-test) (first run)
Configuring library for amazonka-codestar-notifications-2.0...
Preprocessing library for amazonka-codestar-notifications-2.0...
Building library for amazonka-codestar-notifications-2.0...
[ 1 of 30] Compiling Amazonka.CodeStarNotifications.Types.DetailType
[ 2 of 30] Compiling Amazonka.CodeStarNotifications.Types.EventTypeSummary
[ 3 of 30] Compiling Amazonka.CodeStarNotifications.Types.ListEventTypesFilterName
[ 4 of 30] Compiling Amazonka.CodeStarNotifications.Types.ListEventTypesFilter
[ 5 of 30] Compiling Amazonka.CodeStarNotifications.Types.ListNotificationRulesFilterName
[ 6 of 30] Compiling Amazonka.CodeStarNotifications.Types.ListNotificationRulesFilter
[ 7 of 30] Compiling Amazonka.CodeStarNotifications.Types.ListTargetsFilterName
[ 8 of 30] Compiling Amazonka.CodeStarNotifications.Types.ListTargetsFilter
[ 9 of 30] Compiling Amazonka.CodeStarNotifications.Types.NotificationRuleStatus
[10 of 30] Compiling Amazonka.CodeStarNotifications.Types.NotificationRuleSummary
[11 of 30] Compiling Amazonka.CodeStarNotifications.Types.Target
[12 of 30] Compiling Amazonka.CodeStarNotifications.Types.TargetStatus
[13 of 30] Compiling Amazonka.CodeStarNotifications.Types.TargetSummary
[14 of 30] Compiling Amazonka.CodeStarNotifications.Types
[15 of 30] Compiling Amazonka.CodeStarNotifications.TagResource

gen/Amazonka/CodeStarNotifications/TagResource.hs:82:86: warning: [GHC-02256] [-Wambiguous-fields]
    The record update s {arn = a} with type TagResource is ambiguous.
    This will not be supported by -XDuplicateRecordFields in future releases of GHC.
   |
82 | tagResource_arn = Lens.lens (\TagResource' {arn} -> arn) (\s@TagResource' {} a -> s {arn = a} :: TagResource)
   |                                                                                      ^^^^^^^

gen/Amazonka/CodeStarNotifications/TagResource.hs:87:89: warning: [GHC-02256] [-Wambiguous-fields]
    The record update s {tags = a} with type TagResource is ambiguous.
    This will not be supported by -XDuplicateRecordFields in future releases of GHC.
   |
87 | tagResource_tags = Lens.lens (\TagResource' {tags} -> tags) (\s@TagResource' {} a -> s {tags = a} :: TagResource) Prelude.. Lens.coerced
   |                                                                                         ^^^^^^^^

gen/Amazonka/CodeStarNotifications/TagResource.hs:169:113: warning: [GHC-02256] [-Wambiguous-fields]
    The record update s {tags = a} with type TagResourceResponse is ambiguous.
    This will not be supported by -XDuplicateRecordFields in future releases of GHC.
    |
169 | tagResourceResponse_tags = Lens.lens (\TagResourceResponse' {tags} -> tags) (\s@TagResourceResponse' {} a -> s {tags = a} :: TagResourceResponse) Prelude.. Lens.mapping Lens.coerced
    |                                                                                                                 ^^^^^^^^
[16 of 30] Compiling Amazonka.CodeStarNotifications.Subscribe

gen/Amazonka/CodeStarNotifications/Subscribe.hs:102:80: warning: [GHC-02256] [-Wambiguous-fields]
    The record update s {arn = a} with type Subscribe is ambiguous.
    This will not be supported by -XDuplicateRecordFields in future releases of GHC.
    |
102 | subscribe_arn = Lens.lens (\Subscribe' {arn} -> arn) (\s@Subscribe' {} a -> s {arn = a} :: Subscribe)
    |                                                                                ^^^^^^^

gen/Amazonka/CodeStarNotifications/Subscribe.hs:196:104: warning: [GHC-02256] [-Wambiguous-fields]
    The record update s {arn = a} with type SubscribeResponse is ambiguous.
    This will not be supported by -XDuplicateRecordFields in future releases of GHC.
    |
196 | subscribeResponse_arn = Lens.lens (\SubscribeResponse' {arn} -> arn) (\s@SubscribeResponse' {} a -> s {arn = a} :: SubscribeResponse)
    |                                                                                                        ^^^^^^^
[17 of 30] Compiling Amazonka.CodeStarNotifications.ListTargets

gen/Amazonka/CodeStarNotifications/ListTargets.hs:120:104: warning: [GHC-02256] [-Wambiguous-fields]
    The record update s {nextToken = a} with type ListTargets is ambiguous.
    This will not be supported by -XDuplicateRecordFields in future releases of GHC.
    |
120 | listTargets_nextToken = Lens.lens (\ListTargets' {nextToken} -> nextToken) (\s@ListTargets' {} a -> s {nextToken = a} :: ListTargets)
    |                                                                                                        ^^^^^^^^^^^^^

gen/Amazonka/CodeStarNotifications/ListTargets.hs:237:128: warning: [GHC-02256] [-Wambiguous-fields]
    The record update s {nextToken = a} with type ListTargetsResponse is ambiguous.
    This will not be supported by -XDuplicateRecordFields in future releases of GHC.
    |
237 | listTargetsResponse_nextToken = Lens.lens (\ListTargetsResponse' {nextToken} -> nextToken) (\s@ListTargetsResponse' {} a -> s {nextToken = a} :: ListTargetsResponse)
    |                                                                                                                                ^^^^^^^^^^^^^
[18 of 30] Compiling Amazonka.CodeStarNotifications.ListTagsForResource

gen/Amazonka/CodeStarNotifications/ListTagsForResource.hs:75:110: warning: [GHC-02256] [-Wambiguous-fields]
    The record update s {arn = a} with type ListTagsForResource is ambiguous.
    This will not be supported by -XDuplicateRecordFields in future releases of GHC.
   |
75 | listTagsForResource_arn = Lens.lens (\ListTagsForResource' {arn} -> arn) (\s@ListTagsForResource' {} a -> s {arn = a} :: ListTagsForResource)
   |                                                                                                              ^^^^^^^
[19 of 30] Compiling Amazonka.CodeStarNotifications.ListNotificationRules

gen/Amazonka/CodeStarNotifications/ListNotificationRules.hs:120:134: warning: [GHC-02256] [-Wambiguous-fields]
    The record update s {nextToken = a} with type ListNotificationRules is ambiguous.
    This will not be supported by -XDuplicateRecordFields in future releases of GHC.
    |
120 | listNotificationRules_nextToken = Lens.lens (\ListNotificationRules' {nextToken} -> nextToken) (\s@ListNotificationRules' {} a -> s {nextToken = a} :: ListNotificationRules)
    |                                                                                                                                      ^^^^^^^^^^^^^

gen/Amazonka/CodeStarNotifications/ListNotificationRules.hs:245:158: warning: [GHC-02256] [-Wambiguous-fields]
    The record update s {nextToken = a} with type ListNotificationRulesResponse is ambiguous.
    This will not be supported by -XDuplicateRecordFields in future releases of GHC.
    |
245 | listNotificationRulesResponse_nextToken = Lens.lens (\ListNotificationRulesResponse' {nextToken} -> nextToken) (\s@ListNotificationRulesResponse' {} a -> s {nextToken = a} :: ListNotificationRulesResponse)
    |                                                                                                                                                              ^^^^^^^^^^^^^
[20 of 30] Compiling Amazonka.CodeStarNotifications.ListEventTypes

gen/Amazonka/CodeStarNotifications/ListEventTypes.hs:108:113: warning: [GHC-02256] [-Wambiguous-fields]
    The record update s {nextToken = a} with type ListEventTypes is ambiguous.
    This will not be supported by -XDuplicateRecordFields in future releases of GHC.
    |
108 | listEventTypes_nextToken = Lens.lens (\ListEventTypes' {nextToken} -> nextToken) (\s@ListEventTypes' {} a -> s {nextToken = a} :: ListEventTypes)
    |                                                                                                                 ^^^^^^^^^^^^^

gen/Amazonka/CodeStarNotifications/ListEventTypes.hs:235:137: warning: [GHC-02256] [-Wambiguous-fields]
    The record update s {nextToken = a} with type ListEventTypesResponse is ambiguous.
    This will not be supported by -XDuplicateRecordFields in future releases of GHC.
    |
235 | listEventTypesResponse_nextToken = Lens.lens (\ListEventTypesResponse' {nextToken} -> nextToken) (\s@ListEventTypesResponse' {} a -> s {nextToken = a} :: ListEventTypesResponse)
    |                                                                                                                                         ^^^^^^^^^^^^^
[21 of 30] Compiling Amazonka.CodeStarNotifications.DescribeNotificationRule

gen/Amazonka/CodeStarNotifications/DescribeNotificationRule.hs:85:125: warning: [GHC-02256] [-Wambiguous-fields]
    The record update s {arn = a} with type DescribeNotificationRule is ambiguous.
    This will not be supported by -XDuplicateRecordFields in future releases of GHC.
   |
85 | describeNotificationRule_arn = Lens.lens (\DescribeNotificationRule' {arn} -> arn) (\s@DescribeNotificationRule' {} a -> s {arn = a} :: DescribeNotificationRule)
   |                                                                                                                             ^^^^^^^

gen/Amazonka/CodeStarNotifications/DescribeNotificationRule.hs:273:152: warning: [GHC-02256] [-Wambiguous-fields]
    The record update s {name = a} with type DescribeNotificationRuleResponse is ambiguous.
    This will not be supported by -XDuplicateRecordFields in future releases of GHC.
    |
273 | describeNotificationRuleResponse_name = Lens.lens (\DescribeNotificationRuleResponse' {name} -> name) (\s@DescribeNotificationRuleResponse' {} a -> s {name = a} :: DescribeNotificationRuleResponse) Prelude.. Lens.mapping Data._Sensitive
    |                                                                                                                                                        ^^^^^^^^

gen/Amazonka/CodeStarNotifications/DescribeNotificationRule.hs:300:149: warning: [GHC-02256] [-Wambiguous-fields]
    The record update s {arn = a} with type DescribeNotificationRuleResponse is ambiguous.
    This will not be supported by -XDuplicateRecordFields in future releases of GHC.
    |
300 | describeNotificationRuleResponse_arn = Lens.lens (\DescribeNotificationRuleResponse' {arn} -> arn) (\s@DescribeNotificationRuleResponse' {} a -> s {arn = a} :: DescribeNotificationRuleResponse)
    |                                                                                                                                                     ^^^^^^^
[22 of 30] Compiling Amazonka.CodeStarNotifications.DeleteTarget

gen/Amazonka/CodeStarNotifications/DeleteTarget.hs:100:119: warning: [GHC-02256] [-Wambiguous-fields]
    The record update s {targetAddress = a} with type DeleteTarget is ambiguous.
    This will not be supported by -XDuplicateRecordFields in future releases of GHC.
    |
100 | deleteTarget_targetAddress = Lens.lens (\DeleteTarget' {targetAddress} -> targetAddress) (\s@DeleteTarget' {} a -> s {targetAddress = a} :: DeleteTarget) Prelude.. Data._Sensitive
    |                                                                                                                       ^^^^^^^^^^^^^^^^^
[23 of 30] Compiling Amazonka.CodeStarNotifications.DeleteNotificationRule

gen/Amazonka/CodeStarNotifications/DeleteNotificationRule.hs:78:119: warning: [GHC-02256] [-Wambiguous-fields]
    The record update s {arn = a} with type DeleteNotificationRule is ambiguous.
    This will not be supported by -XDuplicateRecordFields in future releases of GHC.
   |
78 | deleteNotificationRule_arn = Lens.lens (\DeleteNotificationRule' {arn} -> arn) (\s@DeleteNotificationRule' {} a -> s {arn = a} :: DeleteNotificationRule)
   |                                                                                                                       ^^^^^^^

gen/Amazonka/CodeStarNotifications/DeleteNotificationRule.hs:158:143: warning: [GHC-02256] [-Wambiguous-fields]
    The record update s {arn = a} with type DeleteNotificationRuleResponse is ambiguous.
    This will not be supported by -XDuplicateRecordFields in future releases of GHC.
    |
158 | deleteNotificationRuleResponse_arn = Lens.lens (\DeleteNotificationRuleResponse' {arn} -> arn) (\s@DeleteNotificationRuleResponse' {} a -> s {arn = a} :: DeleteNotificationRuleResponse)
    |                                                                                                                                               ^^^^^^^
[24 of 30] Compiling Amazonka.CodeStarNotifications.CreateNotificationRule

gen/Amazonka/CodeStarNotifications/CreateNotificationRule.hs:198:122: warning: [GHC-02256] [-Wambiguous-fields]
    The record update s {name = a} with type CreateNotificationRule is ambiguous.
    This will not be supported by -XDuplicateRecordFields in future releases of GHC.
    |
198 | createNotificationRule_name = Lens.lens (\CreateNotificationRule' {name} -> name) (\s@CreateNotificationRule' {} a -> s {name = a} :: CreateNotificationRule) Prelude.. Data._Sensitive
    |                                                                                                                          ^^^^^^^^

gen/Amazonka/CodeStarNotifications/CreateNotificationRule.hs:329:143: warning: [GHC-02256] [-Wambiguous-fields]
    The record update s {arn = a} with type CreateNotificationRuleResponse is ambiguous.
    This will not be supported by -XDuplicateRecordFields in future releases of GHC.
    |
329 | createNotificationRuleResponse_arn = Lens.lens (\CreateNotificationRuleResponse' {arn} -> arn) (\s@CreateNotificationRuleResponse' {} a -> s {arn = a} :: CreateNotificationRuleResponse)
    |                                                                                                                                               ^^^^^^^
[25 of 30] Compiling Amazonka.CodeStarNotifications.Unsubscribe

gen/Amazonka/CodeStarNotifications/Unsubscribe.hs:88:86: warning: [GHC-02256] [-Wambiguous-fields]
    The record update s {arn = a} with type Unsubscribe is ambiguous.
    This will not be supported by -XDuplicateRecordFields in future releases of GHC.
   |
88 | unsubscribe_arn = Lens.lens (\Unsubscribe' {arn} -> arn) (\s@Unsubscribe' {} a -> s {arn = a} :: Unsubscribe)
   |                                                                                      ^^^^^^^

gen/Amazonka/CodeStarNotifications/Unsubscribe.hs:92:116: warning: [GHC-02256] [-Wambiguous-fields]
    The record update s {targetAddress = a} with type Unsubscribe is ambiguous.
    This will not be supported by -XDuplicateRecordFields in future releases of GHC.
   |
92 | unsubscribe_targetAddress = Lens.lens (\Unsubscribe' {targetAddress} -> targetAddress) (\s@Unsubscribe' {} a -> s {targetAddress = a} :: Unsubscribe) Prelude.. Data._Sensitive
   |                                                                                                                    ^^^^^^^^^^^^^^^^^

gen/Amazonka/CodeStarNotifications/Unsubscribe.hs:185:110: warning: [GHC-02256] [-Wambiguous-fields]
    The record update s {arn = a} with type UnsubscribeResponse is ambiguous.
    This will not be supported by -XDuplicateRecordFields in future releases of GHC.
    |
185 | unsubscribeResponse_arn = Lens.lens (\UnsubscribeResponse' {arn} -> arn) (\s@UnsubscribeResponse' {} a -> s {arn = a} :: UnsubscribeResponse)
    |                                                                                                              ^^^^^^^
[26 of 30] Compiling Amazonka.CodeStarNotifications.UntagResource

gen/Amazonka/CodeStarNotifications/UntagResource.hs:86:92: warning: [GHC-02256] [-Wambiguous-fields]
    The record update s {arn = a} with type UntagResource is ambiguous.
    This will not be supported by -XDuplicateRecordFields in future releases of GHC.
   |
86 | untagResource_arn = Lens.lens (\UntagResource' {arn} -> arn) (\s@UntagResource' {} a -> s {arn = a} :: UntagResource)
   |                                                                                            ^^^^^^^
[27 of 30] Compiling Amazonka.CodeStarNotifications.UpdateNotificationRule

gen/Amazonka/CodeStarNotifications/UpdateNotificationRule.hs:145:122: warning: [GHC-02256] [-Wambiguous-fields]
    The record update s {name = a} with type UpdateNotificationRule is ambiguous.
    This will not be supported by -XDuplicateRecordFields in future releases of GHC.
    |
145 | updateNotificationRule_name = Lens.lens (\UpdateNotificationRule' {name} -> name) (\s@UpdateNotificationRule' {} a -> s {name = a} :: UpdateNotificationRule) Prelude.. Lens.mapping Data._Sensitive
    |                                                                                                                          ^^^^^^^^

gen/Amazonka/CodeStarNotifications/UpdateNotificationRule.hs:159:119: warning: [GHC-02256] [-Wambiguous-fields]
    The record update s {arn = a} with type UpdateNotificationRule is ambiguous.
    This will not be supported by -XDuplicateRecordFields in future releases of GHC.
    |
159 | updateNotificationRule_arn = Lens.lens (\UpdateNotificationRule' {arn} -> arn) (\s@UpdateNotificationRule' {} a -> s {arn = a} :: UpdateNotificationRule)
    |                                                                                                                       ^^^^^^^
[28 of 30] Compiling Amazonka.CodeStarNotifications.Lens
[29 of 30] Compiling Amazonka.CodeStarNotifications.Waiters
[30 of 30] Compiling Amazonka.CodeStarNotifications
Configuring test suite 'amazonka-codestar-notifications-test' for amazonka-codestar-notifications-2.0...
Preprocessing test suite 'amazonka-codestar-notifications-test' for amazonka-codestar-notifications-2.0...
Building test suite 'amazonka-codestar-notifications-test' for amazonka-codestar-notifications-2.0...
[1 of 4] Compiling Test.Amazonka.CodeStarNotifications
[2 of 4] Compiling Test.Amazonka.CodeStarNotifications.Internal
[3 of 4] Compiling Main
[4 of 4] Compiling Test.Amazonka.Gen.CodeStarNotifications
[5 of 5] Linking /tmp/workdir-amazonka-codestar-notifications/amazonka-codestar-notifications-2.0/dist-newstyle/build/x86_64-linux/ghc-9.6.6/amazonka-codestar-notifications-2.0/t/amazonka-codestar-notifications-test/build/amazonka-codestar-notifications-test/amazonka-codestar-notifications-test
