Build profile: -w ghc-9.6.6 -O1
In order, the following will be built (use -v for more details):
 - thread-hierarchy-0.3.0.2 (lib) (first run)
 - thread-hierarchy-0.3.0.2 (test:thread-hierarchy-test) (first run)
Configuring library for thread-hierarchy-0.3.0.2...
Preprocessing library for thread-hierarchy-0.3.0.2...
Building library for thread-hierarchy-0.3.0.2...
[1 of 3] Compiling Control.Concurrent.HierarchyInternal

src/Control/Concurrent/HierarchyInternal.hs:94:35: warning: [GHC-62161] [-Wincomplete-uni-patterns]
    Pattern match(es) are non-exhaustive
    In a lambda abstraction:
        Patterns of type ‘AsyncException’ not matched:
            GHC.IO.Exception.StackOverflow
            GHC.IO.Exception.HeapOverflow
            GHC.IO.Exception.UserInterrupt
   |
94 |         killThread child `catch` (\ThreadKilled -> killThread child)
   |                                   ^^^^^^^^^^^^^^^^^^^^^^^^^^^^^^^^^

src/Control/Concurrent/HierarchyInternal.hs:97:34: warning: [GHC-62161] [-Wincomplete-uni-patterns]
    Pattern match(es) are non-exhaustive
    In a lambda abstraction:
        Patterns of type ‘AsyncException’ not matched:
            GHC.IO.Exception.StackOverflow
            GHC.IO.Exception.HeapOverflow
            GHC.IO.Exception.UserInterrupt
   |
97 |         readMVar marker `catch` (\ThreadKilled -> readMVar marker)
   |                                  ^^^^^^^^^^^^^^^^^^^^^^^^^^^^^^^^
[2 of 3] Compiling Control.Concurrent.Hierarchy
[3 of 3] Compiling Paths_thread_hierarchy
Configuring test suite 'thread-hierarchy-test' for thread-hierarchy-0.3.0.2...
Preprocessing test suite 'thread-hierarchy-test' for thread-hierarchy-0.3.0.2...
Building test suite 'thread-hierarchy-test' for thread-hierarchy-0.3.0.2...
[1 of 3] Compiling Control.Concurrent.HierarchySpec

test/Control/Concurrent/HierarchySpec.hs:20:1: warning: [GHC-90177] [-Worphans]
    Orphan instance: instance Typeable a => Show (MVar a)
    Suggested fix:
      Move the instance declaration to the module of the class or of the type, or
      wrap the type with a newtype and declare the instance on the new type.
   |
20 | instance Typeable a => Show (MVar a) where
   | ^^^^^^^^^^^^^^^^^^^^^^^^^^^^^^^^^^^^^^^^^^...

test/Control/Concurrent/HierarchySpec.hs:23:1: warning: [GHC-90177] [-Worphans]
    Orphan instance: instance Show FinishMarker
    Suggested fix:
      Move the instance declaration to the module of the class or of the type, or
      wrap the type with a newtype and declare the instance on the new type.
   |
23 | instance Show FinishMarker where
   | ^^^^^^^^^^^^^^^^^^^^^^^^^^^^^^^^...

test/Control/Concurrent/HierarchySpec.hs:198:34: warning: [GHC-18042] [-Wtype-defaults]
    • Defaulting the type variable ‘b0’ to type ‘Integer’ in the following constraints
        (Integral b0)
          arising from a use of ‘^’
          at test/Control/Concurrent/HierarchySpec.hs:198:34
        (Num b0)
          arising from the literal ‘3’
          at test/Control/Concurrent/HierarchySpec.hs:198:35
    • In the second argument of ‘(*)’, namely ‘10 ^ 3’
      In the first argument of ‘threadDelay’, namely ‘(100 * 10 ^ 3)’
      In a stmt of a 'do' block: threadDelay (100 * 10 ^ 3)
    |
198 |             threadDelay (100 * 10^3)
    |                                  ^
[2 of 3] Compiling Main
[3 of 3] Compiling Paths_thread_hierarchy
[4 of 4] Linking /tmp/workdir-thread-hierarchy/thread-hierarchy-0.3.0.2/dist-newstyle/build/x86_64-linux/ghc-9.6.6/thread-hierarchy-0.3.0.2/t/thread-hierarchy-test/build/thread-hierarchy-test/thread-hierarchy-test
