Build profile: -w ghc-9.6.6 -O1
In order, the following will be built (use -v for more details):
 - jsaddle-0.9.9.2 (lib) (first run)
Configuring library for jsaddle-0.9.9.2...
Preprocessing library for jsaddle-0.9.9.2...
Building library for jsaddle-0.9.9.2...
[ 1 of 53] Compiling Data.JSString.Internal
[ 2 of 53] Compiling Data.JSString.Internal.Fusion.CaseMapping
[ 3 of 53] Compiling Data.JSString.Internal.Fusion.Common
[ 4 of 53] Compiling Data.JSString.Internal.Fusion.Types
[ 5 of 53] Compiling Data.JSString.Internal.Type
[ 6 of 53] Compiling Data.JSString.Internal.Search
[ 7 of 53] Compiling Data.JSString.Internal.Fusion
[ 8 of 53] Compiling GHCJS.Prim.Internal
[ 9 of 53] Compiling JavaScript.TypedArray.Immutable
[10 of 53] Compiling Language.Javascript.JSaddle.Exception
[11 of 53] Compiling Language.Javascript.JSaddle.Run.Files
[12 of 53] Compiling Language.Javascript.JSaddle.Types
[13 of 53] Compiling Language.Javascript.JSaddle.String
[14 of 53] Compiling Language.Javascript.JSaddle.Run
[15 of 53] Compiling Language.Javascript.JSaddle.Null
[16 of 53] Compiling Language.Javascript.JSaddle.Monad
[17 of 53] Compiling Language.Javascript.JSaddle.Native.Internal
[18 of 53] Compiling Language.Javascript.JSaddle.Classes.Internal
[19 of 53] Compiling JavaScript.Object.Internal
[20 of 53] Compiling JavaScript.Object
[21 of 53] Compiling GHCJS.Internal.Types

src-ghc/GHCJS/Internal/Types.hs:(13,1)-(15,23): warning: [GHC-90177] [-Worphans]
    Orphan instance: instance IsJSVal JSString
    Suggested fix:
      Move the instance declaration to the module of the class or of the type, or
      wrap the type with a newtype and declare the instance on the new type.
   |
13 | instance IsJSVal JSString where
   | ^^^^^^^^^^^^^^^^^^^^^^^^^^^^^^^...
[22 of 53] Compiling Data.JSString.Text
[23 of 53] Compiling GHCJS.Prim

src-ghc/GHCJS/Prim.hs:25:43-51: warning: [-Wunused-imports]
    The import of ‘JSVal’
    from module ‘Language.Javascript.JSaddle.Types’ is redundant
   |
25 | import Language.Javascript.JSaddle.Types (JSVal(..), JSString(..), GHCJSPure(..), ghcjsPureMap)
   |                                           ^^^^^^^^^
[24 of 53] Compiling JavaScript.TypedArray.ArrayBuffer.Type

src-ghc/JavaScript/TypedArray/ArrayBuffer/Type.hs:3:1-17: warning: [-Wunused-imports]
    The import of ‘GHCJS.Prim’ is redundant
      except perhaps to import instances from ‘GHCJS.Prim’
    To import instances alone, use: import GHCJS.Prim()
  |
3 | import GHCJS.Prim
  | ^^^^^^^^^^^^^^^^^
[25 of 53] Compiling GHCJS.Types

src-ghc/GHCJS/Types.hs:27:1-16: warning: [-Wunused-imports]
    The import of ‘GHC.Types’ is redundant
      except perhaps to import instances from ‘GHC.Types’
    To import instances alone, use: import GHC.Types()
   |
27 | import GHC.Types
   | ^^^^^^^^^^^^^^^^

src-ghc/GHCJS/Types.hs:28:1-15: warning: [-Wunused-imports]
    The import of ‘GHC.Prim’ is redundant
      except perhaps to import instances from ‘GHC.Prim’
    To import instances alone, use: import GHC.Prim()
   |
28 | import GHC.Prim
   | ^^^^^^^^^^^^^^^

src-ghc/GHCJS/Types.hs:29:1-14: warning: [-Wunused-imports]
    The import of ‘GHC.Ptr’ is redundant
      except perhaps to import instances from ‘GHC.Ptr’
    To import instances alone, use: import GHC.Ptr()
   |
29 | import GHC.Ptr
   | ^^^^^^^^^^^^^^

src-ghc/GHCJS/Types.hs:33:1-22: warning: [-Wunused-imports]
    The import of ‘Control.DeepSeq’ is redundant
      except perhaps to import instances from ‘Control.DeepSeq’
    To import instances alone, use: import Control.DeepSeq()
   |
33 | import Control.DeepSeq
   | ^^^^^^^^^^^^^^^^^^^^^^

src-ghc/GHCJS/Types.hs:34:1-20: warning: [-Wunused-imports]
    The import of ‘Unsafe.Coerce’ is redundant
      except perhaps to import instances from ‘Unsafe.Coerce’
    To import instances alone, use: import Unsafe.Coerce()
   |
34 | import Unsafe.Coerce
   | ^^^^^^^^^^^^^^^^^^^^
[26 of 53] Compiling JavaScript.Array.Internal
[27 of 53] Compiling GHCJS.Buffer.Types
[28 of 53] Compiling GHCJS.Foreign.Internal
[29 of 53] Compiling GHCJS.Marshal.Internal

src-ghc/GHCJS/Marshal/Internal.hs:18:1-36: warning: [-Wunused-imports]
    The import of ‘Control.Applicative’ is redundant
      except perhaps to import instances from ‘Control.Applicative’
    To import instances alone, use: import Control.Applicative()
   |
18 | import           Control.Applicative
   | ^^^^^^^^^^^^^^^^^^^^^^^^^^^^^^^^^^^^

src-ghc/GHCJS/Marshal/Internal.hs:32:1-51: warning: [-Wunused-imports]
    The qualified import of ‘Data.JSString.Internal.Type’ is redundant
      except perhaps to import instances from ‘Data.JSString.Internal.Type’
    To import instances alone, use: import Data.JSString.Internal.Type()
   |
32 | import qualified Data.JSString.Internal.Type as JSS
   | ^^^^^^^^^^^^^^^^^^^^^^^^^^^^^^^^^^^^^^^^^^^^^^^^^^^

src-ghc/GHCJS/Marshal/Internal.hs:37:1-134: warning: [-Wunused-imports]
    The import of ‘GHCJSPure, ghcjsPureMap’
    from module ‘Language.Javascript.JSaddle.Types’ is redundant
   |
37 | import           Language.Javascript.JSaddle.Types (JSM, MutableJSArray, GHCJSPure(..), ghcjsPure, ghcjsPureMap, JSadddleHasCallStack)
   | ^^^^^^^^^^^^^^^^^^^^^^^^^^^^^^^^^^^^^^^^^^^^^^^^^^^^^^^^^^^^^^^^^^^^^^^^^^^^^^^^^^^^^^^^^^^^^^^^^^^^^^^^^^^^^^^^^^^^^^^^^^^^^^^^^^^^^^

src-ghc/GHCJS/Marshal/Internal.hs:65:1-17: warning: [-Wunused-top-binds]
    Defined but not used: ‘fromJustWithStack’
   |
65 | fromJustWithStack Nothing = error "fromJSValUnchecked: fromJSVal result was Nothing"
   | ^^^^^^^^^^^^^^^^^

src-ghc/GHCJS/Marshal/Internal.hs:130:16: warning: [-Wunused-matches]
    Defined but not used: ‘m’
    |
130 |   gToJSVal f b m@(M1 x) = gToJSVal f b x
    |                ^

src-ghc/GHCJS/Marshal/Internal.hs:200:16: warning: [-Wunused-matches]
    Defined but not used: ‘b’
    |
200 |   gFromJSVal f b r = do
    |                ^

src-ghc/GHCJS/Marshal/Internal.hs:(241,5)-(246,40): warning: [GHC-62161] [-Wincomplete-patterns]
    Pattern match(es) are non-exhaustive
    In a case alternative:
        Patterns of type ‘Maybe (a p, Int)’ not matched: Nothing
    |
241 |     case a of
    |     ^^^^^^^^^...
[30 of 53] Compiling Language.Javascript.JSaddle.Native
[31 of 53] Compiling Language.Javascript.JSaddle.Marshal.String
[32 of 53] Compiling Language.Javascript.JSaddle.Evaluate
[33 of 53] Compiling GHCJS.Marshal.Pure
[34 of 53] Compiling Language.Javascript.JSaddle.Classes
[35 of 53] Compiling Language.Javascript.JSaddle.Arguments
[36 of 53] Compiling Language.Javascript.JSaddle.Properties
[37 of 53] Compiling JavaScript.TypedArray.ArrayBuffer.Internal

src-ghc/JavaScript/TypedArray/ArrayBuffer/Internal.hs:18:1-24: warning: [-Wunused-imports]
    The import of ‘GHC.Exts’ is redundant
      except perhaps to import instances from ‘GHC.Exts’
    To import instances alone, use: import GHC.Exts()
   |
18 | import GHC.Exts (State#)
   | ^^^^^^^^^^^^^^^^^^^^^^^^
[38 of 53] Compiling Language.Javascript.JSaddle.Helper
[39 of 53] Compiling JavaScript.TypedArray.DataView.Internal

src-ghc/JavaScript/TypedArray/DataView/Internal.hs:14:1-15: warning: [-Wunused-imports]
    The import of ‘Data.Int’ is redundant
      except perhaps to import instances from ‘Data.Int’
    To import instances alone, use: import Data.Int()
   |
14 | import Data.Int
   | ^^^^^^^^^^^^^^^

src-ghc/JavaScript/TypedArray/DataView/Internal.hs:16:1-16: warning: [-Wunused-imports]
    The import of ‘Data.Word’ is redundant
      except perhaps to import instances from ‘Data.Word’
    To import instances alone, use: import Data.Word()
   |
16 | import Data.Word
   | ^^^^^^^^^^^^^^^^

src-ghc/JavaScript/TypedArray/DataView/Internal.hs:18:1-26: warning: [-Wunused-imports]
    The import of ‘GHC.Exts’ is redundant
      except perhaps to import instances from ‘GHC.Exts’
    To import instances alone, use: import GHC.Exts()
   |
18 | import GHC.Exts ( State# )
   | ^^^^^^^^^^^^^^^^^^^^^^^^^^

src-ghc/JavaScript/TypedArray/DataView/Internal.hs:23:1-49: warning: [-Wunused-imports]
    The import of ‘JavaScript.TypedArray.ArrayBuffer.Internal’ is redundant
      except perhaps to import instances from ‘JavaScript.TypedArray.ArrayBuffer.Internal’
    To import instances alone, use: import JavaScript.TypedArray.ArrayBuffer.Internal()
   |
23 | import JavaScript.TypedArray.ArrayBuffer.Internal
   | ^^^^^^^^^^^^^^^^^^^^^^^^^^^^^^^^^^^^^^^^^^^^^^^^^
[40 of 53] Compiling GHCJS.Concurrent
[41 of 53] Compiling Data.JSString

src-ghc/Data/JSString.hs:(142,1)-(145,38): warning: [-Wunused-imports]
    The import of ‘$, $!, &&, +, ++, -, >>, Read, Show, not, otherwise,
                   quot, return, seq, ||’
    from module ‘Prelude’ is redundant
    |
142 | import           Prelude
    | ^^^^^^^^^^^^^^^^^^^^^^^^...

src-ghc/Data/JSString.hs:146:1-58: warning: [-Wunused-imports]
    The qualified import of ‘Prelude’ is redundant
      except perhaps to import instances from ‘Prelude’
    To import instances alone, use: import Prelude()
    |
146 | import qualified Prelude                              as P
    | ^^^^^^^^^^^^^^^^^^^^^^^^^^^^^^^^^^^^^^^^^^^^^^^^^^^^^^^^^^

src-ghc/Data/JSString.hs:148:1-66: warning: [-Wunused-imports]
    The import of ‘Control.DeepSeq’ is redundant
      except perhaps to import instances from ‘Control.DeepSeq’
    To import instances alone, use: import Control.DeepSeq()
    |
148 | import           Control.DeepSeq                      (NFData(..))
    | ^^^^^^^^^^^^^^^^^^^^^^^^^^^^^^^^^^^^^^^^^^^^^^^^^^^^^^^^^^^^^^^^^^

src-ghc/Data/JSString.hs:149:1-63: warning: [-Wunused-imports]
    The import of ‘Data.Char’ is redundant
      except perhaps to import instances from ‘Data.Char’
    To import instances alone, use: import Data.Char()
    |
149 | import           Data.Char                            (isSpace)
    | ^^^^^^^^^^^^^^^^^^^^^^^^^^^^^^^^^^^^^^^^^^^^^^^^^^^^^^^^^^^^^^^

src-ghc/Data/JSString.hs:151:1-58: warning: [-Wunused-imports]
    The qualified import of ‘Data.List’ is redundant
      except perhaps to import instances from ‘Data.List’
    To import instances alone, use: import Data.List()
    |
151 | import qualified Data.List                            as L
    | ^^^^^^^^^^^^^^^^^^^^^^^^^^^^^^^^^^^^^^^^^^^^^^^^^^^^^^^^^^

src-ghc/Data/JSString.hs:152:1-26: warning: [-Wunused-imports]
    The import of ‘Data.Data’ is redundant
      except perhaps to import instances from ‘Data.Data’
    To import instances alone, use: import Data.Data()
    |
152 | import           Data.Data
    | ^^^^^^^^^^^^^^^^^^^^^^^^^^

src-ghc/Data/JSString.hs:154:1-59: warning: [-Wunused-imports]
    The qualified import of ‘Data.Text.Internal.Fusion’ is redundant
      except perhaps to import instances from ‘Data.Text.Internal.Fusion’
    To import instances alone, use: import Data.Text.Internal.Fusion()
    |
154 | import qualified Data.Text.Internal.Fusion            as TF
    | ^^^^^^^^^^^^^^^^^^^^^^^^^^^^^^^^^^^^^^^^^^^^^^^^^^^^^^^^^^^

src-ghc/Data/JSString.hs:155:1-59: warning: [-Wunused-imports]
    The qualified import of ‘Data.Text.Internal.Fusion.Common’ is redundant
      except perhaps to import instances from ‘Data.Text.Internal.Fusion.Common’
    To import instances alone, use: import Data.Text.Internal.Fusion.Common()
    |
155 | import qualified Data.Text.Internal.Fusion.Common     as TF
    | ^^^^^^^^^^^^^^^^^^^^^^^^^^^^^^^^^^^^^^^^^^^^^^^^^^^^^^^^^^^

src-ghc/Data/JSString.hs:(157,1)-(159,31): warning: [-Wunused-imports]
    The import of ‘+#, -#, >#, >=#, Char, Int, Int#, chr#, isTrue#,
                   tagToEnum#’
    from module ‘GHC.Exts’ is redundant
    |
157 | import           GHC.Exts
    | ^^^^^^^^^^^^^^^^^^^^^^^^^...

src-ghc/Data/JSString.hs:163:1-30: warning: [-Wunused-imports]
    The import of ‘Unsafe.Coerce’ is redundant
      except perhaps to import instances from ‘Unsafe.Coerce’
    To import instances alone, use: import Unsafe.Coerce()
    |
163 | import           Unsafe.Coerce
    | ^^^^^^^^^^^^^^^^^^^^^^^^^^^^^^

src-ghc/Data/JSString.hs:165:1-61: warning: [-Wunused-imports]
    The import of ‘GHCJS.Prim’ is redundant
      except perhaps to import instances from ‘GHCJS.Prim’
    To import instances alone, use: import GHCJS.Prim()
    |
165 | import           GHCJS.Prim                           (JSVal)
    | ^^^^^^^^^^^^^^^^^^^^^^^^^^^^^^^^^^^^^^^^^^^^^^^^^^^^^^^^^^^^^

src-ghc/Data/JSString.hs:321:1-6: warning: [-Wunused-top-binds]
    Defined but not used: ‘second’
    |
321 | second f (a, b) = (a, f b)
    | ^^^^^^
[42 of 53] Compiling Language.Javascript.JSaddle.Value

src/Language/Javascript/JSaddle/Value.hs:95:19-22: warning: [-Wunused-imports]
    The import of ‘Word’ from module ‘Data.Word’ is redundant
   |
95 | import Data.Word (Word, Word8, Word16, Word32)
   |                   ^^^^
[43 of 53] Compiling Language.Javascript.JSaddle.Object

src/Language/Javascript/JSaddle/Object.hs:124:43-48: warning: [-Wunused-imports]
    The import of ‘askJSM’
    from module ‘Language.Javascript.JSaddle.Monad’ is redundant
    |
124 | import Language.Javascript.JSaddle.Monad (askJSM, JSM)
    |                                           ^^^^^^

src/Language/Javascript/JSaddle/Object.hs:127:55-70: warning: [-Wunused-imports]
    The import of ‘JSContextRef’
    from module ‘Language.Javascript.JSaddle.Types’ is redundant
    |
127 |         SomeJSArray(..), JSVal(..), JSCallAsFunction, JSContextRef(..))
    |                                                       ^^^^^^^^^^^^^^^^
[44 of 53] Compiling JavaScript.Array
[45 of 53] Compiling GHCJS.Marshal

src-ghc/GHCJS/Marshal.hs:20:1-33: warning: [-Wunused-imports]
    The import of ‘Data.Text’ is redundant
      except perhaps to import instances from ‘Data.Text’
    To import instances alone, use: import Data.Text()
   |
20 | import           Data.Text (Text)
   | ^^^^^^^^^^^^^^^^^^^^^^^^^^^^^^^^^

src-ghc/GHCJS/Marshal.hs:21:52-55: warning: [-Wunused-imports]
    The import of ‘Word’ from module ‘Data.Word’ is redundant
   |
21 | import           Data.Word (Word8, Word16, Word32, Word)
   |                                                    ^^^^

src-ghc/GHCJS/Marshal.hs:29:1-60: warning: [-Wunused-imports]
    The import of ‘JSString, isNull’
    from module ‘GHCJS.Types’ is redundant
   |
29 | import           GHCJS.Types (JSString, isUndefined, isNull)
   | ^^^^^^^^^^^^^^^^^^^^^^^^^^^^^^^^^^^^^^^^^^^^^^^^^^^^^^^^^^^^
[46 of 53] Compiling Language.Javascript.JSaddle
[47 of 53] Compiling Language.Javascript.JSaddle.Debug

src/Language/Javascript/JSaddle/Debug.hs:27:1-25: warning: [-Wunused-imports]
    The import of ‘Data.Monoid’ is redundant
      except perhaps to import instances from ‘Data.Monoid’
    To import instances alone, use: import Data.Monoid()
   |
27 | import Data.Monoid ((<>))
   | ^^^^^^^^^^^^^^^^^^^^^^^^^
[48 of 53] Compiling JavaScript.TypedArray.Internal.Types

src-ghc/JavaScript/TypedArray/Internal/Types.hs:10:1-44: warning: [-Wunused-imports]
    The import of ‘Language.Javascript.JSaddle’ is redundant
      except perhaps to import instances from ‘Language.Javascript.JSaddle’
    To import instances alone, use: import Language.Javascript.JSaddle()
   |
10 | import Language.Javascript.JSaddle (IsJSVal)
   | ^^^^^^^^^^^^^^^^^^^^^^^^^^^^^^^^^^^^^^^^^^^^

src-ghc/JavaScript/TypedArray/Internal/Types.hs:112:5-42: warning:
    Type family instance equation is overlapped:
      forall {s1} {s2 :: s1}.
        Elem (STUint8Array s2) = Word8
          -- Defined at src-ghc/JavaScript/TypedArray/Internal/Types.hs:112:5
    |
112 |     Elem (STUint8Array s)          = Word8
    |     ^^^^^^^^^^^^^^^^^^^^^^^^^^^^^^^^^^^^^^

src-ghc/JavaScript/TypedArray/Internal/Types.hs:113:5-42: warning:
    Type family instance equation is overlapped:
      forall {s1} {s2 :: s1}.
        Elem (STUint8ClampedArray s2) = Word8
          -- Defined at src-ghc/JavaScript/TypedArray/Internal/Types.hs:113:5
    |
113 |     Elem (STUint8ClampedArray s)   = Word8
    |     ^^^^^^^^^^^^^^^^^^^^^^^^^^^^^^^^^^^^^^

src-ghc/JavaScript/TypedArray/Internal/Types.hs:114:5-43: warning:
    Type family instance equation is overlapped:
      forall {s1} {s2 :: s1}.
        Elem (STUint16Array s2) = Word16
          -- Defined at src-ghc/JavaScript/TypedArray/Internal/Types.hs:114:5
    |
114 |     Elem (STUint16Array s)         = Word16
    |     ^^^^^^^^^^^^^^^^^^^^^^^^^^^^^^^^^^^^^^^

src-ghc/JavaScript/TypedArray/Internal/Types.hs:115:5-41: warning:
    Type family instance equation is overlapped:
      forall {s1} {s2 :: s1}.
        Elem (STUint32Array s2) = Word
          -- Defined at src-ghc/JavaScript/TypedArray/Internal/Types.hs:115:5
    |
115 |     Elem (STUint32Array s)         = Word
    |     ^^^^^^^^^^^^^^^^^^^^^^^^^^^^^^^^^^^^^

src-ghc/JavaScript/TypedArray/Internal/Types.hs:116:5-41: warning:
    Type family instance equation is overlapped:
      forall {s1} {s2 :: s1}.
        Elem (STInt8Array s2) = Int8
          -- Defined at src-ghc/JavaScript/TypedArray/Internal/Types.hs:116:5
    |
116 |     Elem (STInt8Array s)           = Int8
    |     ^^^^^^^^^^^^^^^^^^^^^^^^^^^^^^^^^^^^^

src-ghc/JavaScript/TypedArray/Internal/Types.hs:117:5-42: warning:
    Type family instance equation is overlapped:
      forall {s1} {s2 :: s1}.
        Elem (STInt16Array s2) = Int16
          -- Defined at src-ghc/JavaScript/TypedArray/Internal/Types.hs:117:5
    |
117 |     Elem (STInt16Array s)          = Int16
    |     ^^^^^^^^^^^^^^^^^^^^^^^^^^^^^^^^^^^^^^

src-ghc/JavaScript/TypedArray/Internal/Types.hs:118:5-40: warning:
    Type family instance equation is overlapped:
      forall {s1} {s2 :: s1}.
        Elem (STInt32Array s2) = Int
          -- Defined at src-ghc/JavaScript/TypedArray/Internal/Types.hs:118:5
    |
118 |     Elem (STInt32Array s)          = Int
    |     ^^^^^^^^^^^^^^^^^^^^^^^^^^^^^^^^^^^^

src-ghc/JavaScript/TypedArray/Internal/Types.hs:119:5-43: warning:
    Type family instance equation is overlapped:
      forall {s1} {s2 :: s1}.
        Elem (STFloat32Array s2) = Double
          -- Defined at src-ghc/JavaScript/TypedArray/Internal/Types.hs:119:5
    |
119 |     Elem (STFloat32Array s)        = Double
    |     ^^^^^^^^^^^^^^^^^^^^^^^^^^^^^^^^^^^^^^^

src-ghc/JavaScript/TypedArray/Internal/Types.hs:120:5-43: warning:
    Type family instance equation is overlapped:
      forall {s1} {s2 :: s1}.
        Elem (STFloat64Array s2) = Double
          -- Defined at src-ghc/JavaScript/TypedArray/Internal/Types.hs:120:5
    |
120 |     Elem (STFloat64Array s)        = Double
    |     ^^^^^^^^^^^^^^^^^^^^^^^^^^^^^^^^^^^^^^^
[49 of 53] Compiling JavaScript.TypedArray.ArrayBuffer

src-ghc/JavaScript/TypedArray/ArrayBuffer.hs:18:1-6: warning: [-Wunused-top-binds]
    Defined but not used: ‘create’
   |
18 | create n = SomeArrayBuffer <$> new (jsg "ArrayBuffer") [n]
   | ^^^^^^

src-ghc/JavaScript/TypedArray/ArrayBuffer.hs:44:1-7: warning: [-Wunused-top-binds]
    Defined but not used: ‘sliceIO’
   |
44 | sliceIO begin (Just end) (SomeArrayBuffer b) = SomeArrayBuffer <$> b ^. js2 "slice" begin end
   | ^^^^^^^
[50 of 53] Compiling JavaScript.TypedArray.Internal
[51 of 53] Compiling JavaScript.TypedArray
[52 of 53] Compiling GHCJS.Foreign
[53 of 53] Compiling GHCJS.Buffer
