Build profile: -w ghc-9.6.6 -O1
In order, the following will be built (use -v for more details):
 - one-liner-instances-0.1.3.0 (lib) (first run)
Configuring library for one-liner-instances-0.1.3.0...
Preprocessing library for one-liner-instances-0.1.3.0...
Building library for one-liner-instances-0.1.3.0...
[1 of 8] Compiling Data.Bounded.OneLiner
[2 of 8] Compiling Data.Monoid.OneLiner

src/Data/Monoid/OneLiner.hs:77:5: warning: [-Wnoncanonical-monoid-instances]
    Noncanonical ‘mappend’ definition detected
    in the instance declaration for ‘Monoid (GMonoid a)’.
    ‘mappend’ will eventually be removed in favour of ‘(<>)’
    Either remove definition for ‘mappend’ (recommended) or define as ‘mappend = (<>)’
    See also: https://gitlab.haskell.org/ghc/ghc/-/wikis/proposal/semigroup-monoid
   |
77 |     mappend = coerce (gMappend @a)
   |     ^^^^^^^^^^^^^^^^^^^^^^^^^^^^^^
[3 of 8] Compiling Data.Ord.OneLiner
[4 of 8] Compiling Numeric.OneLiner
[5 of 8] Compiling Paths_one_liner_instances
[6 of 8] Compiling System.Random.OneLiner.Internal

src/System/Random/OneLiner/Internal.hs:41:5: warning: [-Wnoncanonical-monad-instances]
    Noncanonical ‘return’ definition detected
    in the instance declaration for ‘Monad (State s)’.
    ‘return’ will eventually be removed in favour of ‘pure’
    Either remove definition for ‘return’ (recommended) or define as ‘return = pure’
    See also: https://gitlab.haskell.org/ghc/ghc/-/wikis/proposal/monad-of-no-return
   |
41 |     return x = State (x,)
   |     ^^^^^^^^^^^^^^^^^^^^^
[7 of 8] Compiling System.Random.OneLiner
[8 of 8] Compiling System.Random.Stateful.OneLiner
