Build profile: -w ghc-9.6.6 -O1
In order, the following will be built (use -v for more details):
 - reactive-banana-1.3.2.0 (lib) (first run)
 - reactive-banana-1.3.2.0 (test:unit) (first run)
Configuring library for reactive-banana-1.3.2.0...
Preprocessing library for reactive-banana-1.3.2.0...
Building library for reactive-banana-1.3.2.0...
[ 1 of 23] Compiling Control.Event.Handler
[ 2 of 23] Compiling Control.Monad.Trans.RWSIO
[ 3 of 23] Compiling Control.Monad.Trans.ReaderWriterIO

src/Control/Monad/Trans/ReaderWriterIO.hs:34:22: warning: [GHC-58520] [-Wtype-equality-requires-operators]
    The use of ‘~’ without TypeOperators
    will become an error in a future GHC release.
    Suggested fix: Perhaps you intended to use TypeOperators
   |
34 | instance (Monad m, a ~ ()) => Semigroup (ReaderWriterIOT r w m a) where
   |                      ^

src/Control/Monad/Trans/ReaderWriterIO.hs:37:22: warning: [GHC-58520] [-Wtype-equality-requires-operators]
    The use of ‘~’ without TypeOperators
    will become an error in a future GHC release.
    Suggested fix: Perhaps you intended to use TypeOperators
   |
37 | instance (Monad m, a ~ ()) => Monoid (ReaderWriterIOT r w m a) where
   |                      ^
[ 4 of 23] Compiling Reactive.Banana.Model
[ 5 of 23] Compiling Reactive.Banana.Prim.High.Cached
[ 6 of 23] Compiling Reactive.Banana.Prim.Low.GraphTraversal
[ 7 of 23] Compiling Reactive.Banana.Prim.Low.Graph
[ 8 of 23] Compiling Reactive.Banana.Prim.Low.OrderedBag
[ 9 of 23] Compiling Reactive.Banana.Prim.Low.Ref
[10 of 23] Compiling Reactive.Banana.Prim.Low.GraphGC
[11 of 23] Compiling Reactive.Banana.Prim.Mid.Types
[12 of 23] Compiling Reactive.Banana.Prim.Mid.Plumbing
[13 of 23] Compiling Reactive.Banana.Prim.Mid.Evaluation
[14 of 23] Compiling Reactive.Banana.Prim.Mid.Combinators
[15 of 23] Compiling Reactive.Banana.Prim.Mid.IO
[16 of 23] Compiling Reactive.Banana.Prim.Mid.Compile
[17 of 23] Compiling Reactive.Banana.Prim.Mid
[18 of 23] Compiling Reactive.Banana.Prim.Mid.Test
[19 of 23] Compiling Reactive.Banana.Prim.High.Combinators
[20 of 23] Compiling Reactive.Banana.Types
[21 of 23] Compiling Reactive.Banana.Combinators
[22 of 23] Compiling Reactive.Banana.Frameworks
[23 of 23] Compiling Reactive.Banana
Configuring test suite 'unit' for reactive-banana-1.3.2.0...
Preprocessing test suite 'unit' for reactive-banana-1.3.2.0...
Building test suite 'unit' for reactive-banana-1.3.2.0...
[1 of 8] Compiling Reactive.Banana.Test.High.Plumbing
[2 of 8] Compiling Reactive.Banana.Test.High.Combinators
[3 of 8] Compiling Reactive.Banana.Test.High.Space
[4 of 8] Compiling Reactive.Banana.Test.Low.Gen
[5 of 8] Compiling Reactive.Banana.Test.Low.Graph
[6 of 8] Compiling Reactive.Banana.Test.Low.GraphGC
[7 of 8] Compiling Reactive.Banana.Test.Mid.Space
[8 of 8] Compiling Main
[9 of 9] Linking /tmp/workdir-reactive-banana/reactive-banana-1.3.2.0/dist-newstyle/build/x86_64-linux/ghc-9.6.6/reactive-banana-1.3.2.0/t/unit/build/unit/unit
