Build profile: -w ghc-9.6.6 -O1
In order, the following will be built (use -v for more details):
 - amazonka-iot-dataplane-2.0 (lib) (first run)
 - amazonka-iot-dataplane-2.0 (test:amazonka-iot-dataplane-test) (first run)
Configuring library for amazonka-iot-dataplane-2.0...
Preprocessing library for amazonka-iot-dataplane-2.0...
Building library for amazonka-iot-dataplane-2.0...
[ 1 of 13] Compiling Amazonka.IoTData.Types.PayloadFormatIndicator
[ 2 of 13] Compiling Amazonka.IoTData.Types.RetainedMessageSummary
[ 3 of 13] Compiling Amazonka.IoTData.Types
[ 4 of 13] Compiling Amazonka.IoTData.Publish

gen/Amazonka/IoTData/Publish.hs:237:74: warning: [GHC-02256] [-Wambiguous-fields]
    The record update s {qos = a} with type Publish is ambiguous.
    This will not be supported by -XDuplicateRecordFields in future releases of GHC.
    |
237 | publish_qos = Lens.lens (\Publish' {qos} -> qos) (\s@Publish' {} a -> s {qos = a} :: Publish)
    |                                                                          ^^^^^^^

gen/Amazonka/IoTData/Publish.hs:272:80: warning: [GHC-02256] [-Wambiguous-fields]
    The record update s {topic = a} with type Publish is ambiguous.
    This will not be supported by -XDuplicateRecordFields in future releases of GHC.
    |
272 | publish_topic = Lens.lens (\Publish' {topic} -> topic) (\s@Publish' {} a -> s {topic = a} :: Publish)
    |                                                                                ^^^^^^^^^
[ 5 of 13] Compiling Amazonka.IoTData.ListRetainedMessages

gen/Amazonka/IoTData/ListRetainedMessages.hs:110:131: warning: [GHC-02256] [-Wambiguous-fields]
    The record update s {nextToken = a} with type ListRetainedMessages is ambiguous.
    This will not be supported by -XDuplicateRecordFields in future releases of GHC.
    |
110 | listRetainedMessages_nextToken = Lens.lens (\ListRetainedMessages' {nextToken} -> nextToken) (\s@ListRetainedMessages' {} a -> s {nextToken = a} :: ListRetainedMessages)
    |                                                                                                                                   ^^^^^^^^^^^^^

gen/Amazonka/IoTData/ListRetainedMessages.hs:216:155: warning: [GHC-02256] [-Wambiguous-fields]
    The record update s {nextToken = a} with type ListRetainedMessagesResponse is ambiguous.
    This will not be supported by -XDuplicateRecordFields in future releases of GHC.
    |
216 | listRetainedMessagesResponse_nextToken = Lens.lens (\ListRetainedMessagesResponse' {nextToken} -> nextToken) (\s@ListRetainedMessagesResponse' {} a -> s {nextToken = a} :: ListRetainedMessagesResponse)
    |                                                                                                                                                           ^^^^^^^^^^^^^
[ 6 of 13] Compiling Amazonka.IoTData.ListNamedShadowsForThing

gen/Amazonka/IoTData/ListNamedShadowsForThing.hs:96:143: warning: [GHC-02256] [-Wambiguous-fields]
    The record update s {nextToken = a} with type ListNamedShadowsForThing is ambiguous.
    This will not be supported by -XDuplicateRecordFields in future releases of GHC.
   |
96 | listNamedShadowsForThing_nextToken = Lens.lens (\ListNamedShadowsForThing' {nextToken} -> nextToken) (\s@ListNamedShadowsForThing' {} a -> s {nextToken = a} :: ListNamedShadowsForThing)
   |                                                                                                                                               ^^^^^^^^^^^^^

gen/Amazonka/IoTData/ListNamedShadowsForThing.hs:198:167: warning: [GHC-02256] [-Wambiguous-fields]
    The record update s {nextToken = a} with type ListNamedShadowsForThingResponse is ambiguous.
    This will not be supported by -XDuplicateRecordFields in future releases of GHC.
    |
198 | listNamedShadowsForThingResponse_nextToken = Lens.lens (\ListNamedShadowsForThingResponse' {nextToken} -> nextToken) (\s@ListNamedShadowsForThingResponse' {} a -> s {nextToken = a} :: ListNamedShadowsForThingResponse)
    |                                                                                                                                                                       ^^^^^^^^^^^^^
[ 7 of 13] Compiling Amazonka.IoTData.GetThingShadow
[ 8 of 13] Compiling Amazonka.IoTData.GetRetainedMessage

gen/Amazonka/IoTData/GetRetainedMessage.hs:92:113: warning: [GHC-02256] [-Wambiguous-fields]
    The record update s {topic = a} with type GetRetainedMessage is ambiguous.
    This will not be supported by -XDuplicateRecordFields in future releases of GHC.
   |
92 | getRetainedMessage_topic = Lens.lens (\GetRetainedMessage' {topic} -> topic) (\s@GetRetainedMessage' {} a -> s {topic = a} :: GetRetainedMessage)
   |                                                                                                                 ^^^^^^^^^

gen/Amazonka/IoTData/GetRetainedMessage.hs:186:170: warning: [GHC-02256] [-Wambiguous-fields]
    The record update s {lastModifiedTime = a} with type GetRetainedMessageResponse is ambiguous.
    This will not be supported by -XDuplicateRecordFields in future releases of GHC.
    |
186 | getRetainedMessageResponse_lastModifiedTime = Lens.lens (\GetRetainedMessageResponse' {lastModifiedTime} -> lastModifiedTime) (\s@GetRetainedMessageResponse' {} a -> s {lastModifiedTime = a} :: GetRetainedMessageResponse)
    |                                                                                                                                                                          ^^^^^^^^^^^^^^^^^^^^

gen/Amazonka/IoTData/GetRetainedMessage.hs:198:131: warning: [GHC-02256] [-Wambiguous-fields]
    The record update s {qos = a} with type GetRetainedMessageResponse is ambiguous.
    This will not be supported by -XDuplicateRecordFields in future releases of GHC.
    |
198 | getRetainedMessageResponse_qos = Lens.lens (\GetRetainedMessageResponse' {qos} -> qos) (\s@GetRetainedMessageResponse' {} a -> s {qos = a} :: GetRetainedMessageResponse)
    |                                                                                                                                   ^^^^^^^

gen/Amazonka/IoTData/GetRetainedMessage.hs:202:137: warning: [GHC-02256] [-Wambiguous-fields]
    The record update s {topic = a} with type GetRetainedMessageResponse is ambiguous.
    This will not be supported by -XDuplicateRecordFields in future releases of GHC.
    |
202 | getRetainedMessageResponse_topic = Lens.lens (\GetRetainedMessageResponse' {topic} -> topic) (\s@GetRetainedMessageResponse' {} a -> s {topic = a} :: GetRetainedMessageResponse)
    |                                                                                                                                         ^^^^^^^^^
[ 9 of 13] Compiling Amazonka.IoTData.DeleteThingShadow
[10 of 13] Compiling Amazonka.IoTData.UpdateThingShadow

gen/Amazonka/IoTData/UpdateThingShadow.hs:109:116: warning: [GHC-02256] [-Wambiguous-fields]
    The record update s {payload = a} with type UpdateThingShadow is ambiguous.
    This will not be supported by -XDuplicateRecordFields in future releases of GHC.
    |
109 | updateThingShadow_payload = Lens.lens (\UpdateThingShadow' {payload} -> payload) (\s@UpdateThingShadow' {} a -> s {payload = a} :: UpdateThingShadow)
    |                                                                                                                    ^^^^^^^^^^^

gen/Amazonka/IoTData/UpdateThingShadow.hs:188:140: warning: [GHC-02256] [-Wambiguous-fields]
    The record update s {payload = a} with type UpdateThingShadowResponse is ambiguous.
    This will not be supported by -XDuplicateRecordFields in future releases of GHC.
    |
188 | updateThingShadowResponse_payload = Lens.lens (\UpdateThingShadowResponse' {payload} -> payload) (\s@UpdateThingShadowResponse' {} a -> s {payload = a} :: UpdateThingShadowResponse)
    |                                                                                                                                            ^^^^^^^^^^^
[11 of 13] Compiling Amazonka.IoTData.Lens
[12 of 13] Compiling Amazonka.IoTData.Waiters
[13 of 13] Compiling Amazonka.IoTData
Configuring test suite 'amazonka-iot-dataplane-test' for amazonka-iot-dataplane-2.0...
Preprocessing test suite 'amazonka-iot-dataplane-test' for amazonka-iot-dataplane-2.0...
Building test suite 'amazonka-iot-dataplane-test' for amazonka-iot-dataplane-2.0...
[1 of 4] Compiling Test.Amazonka.IoTData
[2 of 4] Compiling Test.Amazonka.IoTData.Internal
[3 of 4] Compiling Test.Amazonka.Gen.IoTData
[4 of 4] Compiling Main
[5 of 5] Linking /tmp/workdir-amazonka-iot-dataplane/amazonka-iot-dataplane-2.0/dist-newstyle/build/x86_64-linux/ghc-9.6.6/amazonka-iot-dataplane-2.0/t/amazonka-iot-dataplane-test/build/amazonka-iot-dataplane-test/amazonka-iot-dataplane-test
