Build profile: -w ghc-9.6.6 -O1
In order, the following will be built (use -v for more details):
 - amazonka-emr-containers-2.0 (lib) (first run)
 - amazonka-emr-containers-2.0 (test:amazonka-emr-containers-test) (first run)
Configuring library for amazonka-emr-containers-2.0...
Preprocessing library for amazonka-emr-containers-2.0...
Building library for amazonka-emr-containers-2.0...
[ 1 of 52] Compiling Amazonka.EMRContainers.Types.Certificate
[ 2 of 52] Compiling Amazonka.EMRContainers.Types.CloudWatchMonitoringConfiguration
[ 3 of 52] Compiling Amazonka.EMRContainers.Types.Configuration
[ 4 of 52] Compiling Amazonka.EMRContainers.Types.ContainerProviderType
[ 5 of 52] Compiling Amazonka.EMRContainers.Types.EksInfo
[ 6 of 52] Compiling Amazonka.EMRContainers.Types.ContainerInfo
[ 7 of 52] Compiling Amazonka.EMRContainers.Types.ContainerProvider
[ 8 of 52] Compiling Amazonka.EMRContainers.Types.EndpointState
[ 9 of 52] Compiling Amazonka.EMRContainers.Types.FailureReason
[10 of 52] Compiling Amazonka.EMRContainers.Types.JobRunState
[11 of 52] Compiling Amazonka.EMRContainers.Types.ParametricCloudWatchMonitoringConfiguration
[12 of 52] Compiling Amazonka.EMRContainers.Types.ParametricS3MonitoringConfiguration
[13 of 52] Compiling Amazonka.EMRContainers.Types.ParametricMonitoringConfiguration
[14 of 52] Compiling Amazonka.EMRContainers.Types.ParametricConfigurationOverrides
[15 of 52] Compiling Amazonka.EMRContainers.Types.PersistentAppUI
[16 of 52] Compiling Amazonka.EMRContainers.Types.S3MonitoringConfiguration
[17 of 52] Compiling Amazonka.EMRContainers.Types.MonitoringConfiguration
[18 of 52] Compiling Amazonka.EMRContainers.Types.ConfigurationOverrides
[19 of 52] Compiling Amazonka.EMRContainers.Types.Endpoint

gen/Amazonka/EMRContainers/Types/Endpoint.hs:155:110: warning: [GHC-02256] [-Wambiguous-fields]
    The record update s {certificateArn = a} with type Endpoint is ambiguous.
    This will not be supported by -XDuplicateRecordFields in future releases of GHC.
    |
155 | endpoint_certificateArn = Lens.lens (\Endpoint' {certificateArn} -> certificateArn) (\s@Endpoint' {} a -> s {certificateArn = a} :: Endpoint)
    |                                                                                                              ^^^^^^^^^^^^^^^^^^
[20 of 52] Compiling Amazonka.EMRContainers.Types.SparkSqlJobDriver
[21 of 52] Compiling Amazonka.EMRContainers.Types.SparkSubmitJobDriver
[22 of 52] Compiling Amazonka.EMRContainers.Types.JobDriver
[23 of 52] Compiling Amazonka.EMRContainers.Types.JobRun
[24 of 52] Compiling Amazonka.EMRContainers.Types.TemplateParameterDataType
[25 of 52] Compiling Amazonka.EMRContainers.Types.TemplateParameterConfiguration
[26 of 52] Compiling Amazonka.EMRContainers.Types.JobTemplateData
[27 of 52] Compiling Amazonka.EMRContainers.Types.JobTemplate
[28 of 52] Compiling Amazonka.EMRContainers.Types.VirtualClusterState
[29 of 52] Compiling Amazonka.EMRContainers.Types.VirtualCluster

gen/Amazonka/EMRContainers/Types/VirtualCluster.hs:104:92: warning: [GHC-02256] [-Wambiguous-fields]
    The record update s {id = a} with type VirtualCluster is ambiguous.
    This will not be supported by -XDuplicateRecordFields in future releases of GHC.
    |
104 | virtualCluster_id = Lens.lens (\VirtualCluster' {id} -> id) (\s@VirtualCluster' {} a -> s {id = a} :: VirtualCluster)
    |                                                                                            ^^^^^^
[30 of 52] Compiling Amazonka.EMRContainers.Types
[31 of 52] Compiling Amazonka.EMRContainers.TagResource

gen/Amazonka/EMRContainers/TagResource.hs:95:89: warning: [GHC-02256] [-Wambiguous-fields]
    The record update s {tags = a} with type TagResource is ambiguous.
    This will not be supported by -XDuplicateRecordFields in future releases of GHC.
   |
95 | tagResource_tags = Lens.lens (\TagResource' {tags} -> tags) (\s@TagResource' {} a -> s {tags = a} :: TagResource) Prelude.. Lens.coerced
   |                                                                                         ^^^^^^^^
[32 of 52] Compiling Amazonka.EMRContainers.StartJobRun

gen/Amazonka/EMRContainers/StartJobRun.hs:138:143: warning: [GHC-02256] [-Wambiguous-fields]
    The record update s {configurationOverrides = a} with type StartJobRun is ambiguous.
    This will not be supported by -XDuplicateRecordFields in future releases of GHC.
    |
138 | startJobRun_configurationOverrides = Lens.lens (\StartJobRun' {configurationOverrides} -> configurationOverrides) (\s@StartJobRun' {} a -> s {configurationOverrides = a} :: StartJobRun)
    |                                                                                                                                               ^^^^^^^^^^^^^^^^^^^^^^^^^^

gen/Amazonka/EMRContainers/StartJobRun.hs:142:125: warning: [GHC-02256] [-Wambiguous-fields]
    The record update s {executionRoleArn = a} with type StartJobRun is ambiguous.
    This will not be supported by -XDuplicateRecordFields in future releases of GHC.
    |
142 | startJobRun_executionRoleArn = Lens.lens (\StartJobRun' {executionRoleArn} -> executionRoleArn) (\s@StartJobRun' {} a -> s {executionRoleArn = a} :: StartJobRun)
    |                                                                                                                             ^^^^^^^^^^^^^^^^^^^^

gen/Amazonka/EMRContainers/StartJobRun.hs:146:104: warning: [GHC-02256] [-Wambiguous-fields]
    The record update s {jobDriver = a} with type StartJobRun is ambiguous.
    This will not be supported by -XDuplicateRecordFields in future releases of GHC.
    |
146 | startJobRun_jobDriver = Lens.lens (\StartJobRun' {jobDriver} -> jobDriver) (\s@StartJobRun' {} a -> s {jobDriver = a} :: StartJobRun)
    |                                                                                                        ^^^^^^^^^^^^^

gen/Amazonka/EMRContainers/StartJobRun.hs:158:89: warning: [GHC-02256] [-Wambiguous-fields]
    The record update s {name = a} with type StartJobRun is ambiguous.
    This will not be supported by -XDuplicateRecordFields in future releases of GHC.
    |
158 | startJobRun_name = Lens.lens (\StartJobRun' {name} -> name) (\s@StartJobRun' {} a -> s {name = a} :: StartJobRun)
    |                                                                                         ^^^^^^^^

gen/Amazonka/EMRContainers/StartJobRun.hs:162:113: warning: [GHC-02256] [-Wambiguous-fields]
    The record update s {releaseLabel = a} with type StartJobRun is ambiguous.
    This will not be supported by -XDuplicateRecordFields in future releases of GHC.
    |
162 | startJobRun_releaseLabel = Lens.lens (\StartJobRun' {releaseLabel} -> releaseLabel) (\s@StartJobRun' {} a -> s {releaseLabel = a} :: StartJobRun)
    |                                                                                                                 ^^^^^^^^^^^^^^^^

gen/Amazonka/EMRContainers/StartJobRun.hs:166:89: warning: [GHC-02256] [-Wambiguous-fields]
    The record update s {tags = a} with type StartJobRun is ambiguous.
    This will not be supported by -XDuplicateRecordFields in future releases of GHC.
    |
166 | startJobRun_tags = Lens.lens (\StartJobRun' {tags} -> tags) (\s@StartJobRun' {} a -> s {tags = a} :: StartJobRun) Prelude.. Lens.mapping Lens.coerced
    |                                                                                         ^^^^^^^^

gen/Amazonka/EMRContainers/StartJobRun.hs:170:125: warning: [GHC-02256] [-Wambiguous-fields]
    The record update s {virtualClusterId = a} with type StartJobRun is ambiguous.
    This will not be supported by -XDuplicateRecordFields in future releases of GHC.
    |
170 | startJobRun_virtualClusterId = Lens.lens (\StartJobRun' {virtualClusterId} -> virtualClusterId) (\s@StartJobRun' {} a -> s {virtualClusterId = a} :: StartJobRun)
    |                                                                                                                             ^^^^^^^^^^^^^^^^^^^^

gen/Amazonka/EMRContainers/StartJobRun.hs:174:110: warning: [GHC-02256] [-Wambiguous-fields]
    The record update s {clientToken = a} with type StartJobRun is ambiguous.
    This will not be supported by -XDuplicateRecordFields in future releases of GHC.
    |
174 | startJobRun_clientToken = Lens.lens (\StartJobRun' {clientToken} -> clientToken) (\s@StartJobRun' {} a -> s {clientToken = a} :: StartJobRun)
    |                                                                                                              ^^^^^^^^^^^^^^^

gen/Amazonka/EMRContainers/StartJobRun.hs:308:110: warning: [GHC-02256] [-Wambiguous-fields]
    The record update s {arn = a} with type StartJobRunResponse is ambiguous.
    This will not be supported by -XDuplicateRecordFields in future releases of GHC.
    |
308 | startJobRunResponse_arn = Lens.lens (\StartJobRunResponse' {arn} -> arn) (\s@StartJobRunResponse' {} a -> s {arn = a} :: StartJobRunResponse)
    |                                                                                                              ^^^^^^^

gen/Amazonka/EMRContainers/StartJobRun.hs:312:107: warning: [GHC-02256] [-Wambiguous-fields]
    The record update s {id = a} with type StartJobRunResponse is ambiguous.
    This will not be supported by -XDuplicateRecordFields in future releases of GHC.
    |
312 | startJobRunResponse_id = Lens.lens (\StartJobRunResponse' {id} -> id) (\s@StartJobRunResponse' {} a -> s {id = a} :: StartJobRunResponse)
    |                                                                                                           ^^^^^^

gen/Amazonka/EMRContainers/StartJobRun.hs:316:113: warning: [GHC-02256] [-Wambiguous-fields]
    The record update s {name = a} with type StartJobRunResponse is ambiguous.
    This will not be supported by -XDuplicateRecordFields in future releases of GHC.
    |
316 | startJobRunResponse_name = Lens.lens (\StartJobRunResponse' {name} -> name) (\s@StartJobRunResponse' {} a -> s {name = a} :: StartJobRunResponse)
    |                                                                                                                 ^^^^^^^^

gen/Amazonka/EMRContainers/StartJobRun.hs:321:149: warning: [GHC-02256] [-Wambiguous-fields]
    The record update s {virtualClusterId = a} with type StartJobRunResponse is ambiguous.
    This will not be supported by -XDuplicateRecordFields in future releases of GHC.
    |
321 | startJobRunResponse_virtualClusterId = Lens.lens (\StartJobRunResponse' {virtualClusterId} -> virtualClusterId) (\s@StartJobRunResponse' {} a -> s {virtualClusterId = a} :: StartJobRunResponse)
    |                                                                                                                                                     ^^^^^^^^^^^^^^^^^^^^
[33 of 52] Compiling Amazonka.EMRContainers.ListVirtualClusters

gen/Amazonka/EMRContainers/ListVirtualClusters.hs:143:128: warning: [GHC-02256] [-Wambiguous-fields]
    The record update s {nextToken = a} with type ListVirtualClusters is ambiguous.
    This will not be supported by -XDuplicateRecordFields in future releases of GHC.
    |
143 | listVirtualClusters_nextToken = Lens.lens (\ListVirtualClusters' {nextToken} -> nextToken) (\s@ListVirtualClusters' {} a -> s {nextToken = a} :: ListVirtualClusters)
    |                                                                                                                                ^^^^^^^^^^^^^

gen/Amazonka/EMRContainers/ListVirtualClusters.hs:277:152: warning: [GHC-02256] [-Wambiguous-fields]
    The record update s {nextToken = a} with type ListVirtualClustersResponse is ambiguous.
    This will not be supported by -XDuplicateRecordFields in future releases of GHC.
    |
277 | listVirtualClustersResponse_nextToken = Lens.lens (\ListVirtualClustersResponse' {nextToken} -> nextToken) (\s@ListVirtualClustersResponse' {} a -> s {nextToken = a} :: ListVirtualClustersResponse)
    |                                                                                                                                                        ^^^^^^^^^^^^^
[34 of 52] Compiling Amazonka.EMRContainers.ListTagsForResource

gen/Amazonka/EMRContainers/ListTagsForResource.hs:150:137: warning: [GHC-02256] [-Wambiguous-fields]
    The record update s {tags = a} with type ListTagsForResourceResponse is ambiguous.
    This will not be supported by -XDuplicateRecordFields in future releases of GHC.
    |
150 | listTagsForResourceResponse_tags = Lens.lens (\ListTagsForResourceResponse' {tags} -> tags) (\s@ListTagsForResourceResponse' {} a -> s {tags = a} :: ListTagsForResourceResponse) Prelude.. Lens.mapping Lens.coerced
    |                                                                                                                                         ^^^^^^^^
[35 of 52] Compiling Amazonka.EMRContainers.ListManagedEndpoints

gen/Amazonka/EMRContainers/ListManagedEndpoints.hs:131:131: warning: [GHC-02256] [-Wambiguous-fields]
    The record update s {nextToken = a} with type ListManagedEndpoints is ambiguous.
    This will not be supported by -XDuplicateRecordFields in future releases of GHC.
    |
131 | listManagedEndpoints_nextToken = Lens.lens (\ListManagedEndpoints' {nextToken} -> nextToken) (\s@ListManagedEndpoints' {} a -> s {nextToken = a} :: ListManagedEndpoints)
    |                                                                                                                                   ^^^^^^^^^^^^^

gen/Amazonka/EMRContainers/ListManagedEndpoints.hs:143:152: warning: [GHC-02256] [-Wambiguous-fields]
    The record update s {virtualClusterId = a} with type ListManagedEndpoints is ambiguous.
    This will not be supported by -XDuplicateRecordFields in future releases of GHC.
    |
143 | listManagedEndpoints_virtualClusterId = Lens.lens (\ListManagedEndpoints' {virtualClusterId} -> virtualClusterId) (\s@ListManagedEndpoints' {} a -> s {virtualClusterId = a} :: ListManagedEndpoints)
    |                                                                                                                                                        ^^^^^^^^^^^^^^^^^^^^

gen/Amazonka/EMRContainers/ListManagedEndpoints.hs:279:155: warning: [GHC-02256] [-Wambiguous-fields]
    The record update s {nextToken = a} with type ListManagedEndpointsResponse is ambiguous.
    This will not be supported by -XDuplicateRecordFields in future releases of GHC.
    |
279 | listManagedEndpointsResponse_nextToken = Lens.lens (\ListManagedEndpointsResponse' {nextToken} -> nextToken) (\s@ListManagedEndpointsResponse' {} a -> s {nextToken = a} :: ListManagedEndpointsResponse)
    |                                                                                                                                                           ^^^^^^^^^^^^^
[36 of 52] Compiling Amazonka.EMRContainers.ListJobTemplates

gen/Amazonka/EMRContainers/ListJobTemplates.hs:112:119: warning: [GHC-02256] [-Wambiguous-fields]
    The record update s {nextToken = a} with type ListJobTemplates is ambiguous.
    This will not be supported by -XDuplicateRecordFields in future releases of GHC.
    |
112 | listJobTemplates_nextToken = Lens.lens (\ListJobTemplates' {nextToken} -> nextToken) (\s@ListJobTemplates' {} a -> s {nextToken = a} :: ListJobTemplates)
    |                                                                                                                       ^^^^^^^^^^^^^

gen/Amazonka/EMRContainers/ListJobTemplates.hs:227:143: warning: [GHC-02256] [-Wambiguous-fields]
    The record update s {nextToken = a} with type ListJobTemplatesResponse is ambiguous.
    This will not be supported by -XDuplicateRecordFields in future releases of GHC.
    |
227 | listJobTemplatesResponse_nextToken = Lens.lens (\ListJobTemplatesResponse' {nextToken} -> nextToken) (\s@ListJobTemplatesResponse' {} a -> s {nextToken = a} :: ListJobTemplatesResponse)
    |                                                                                                                                               ^^^^^^^^^^^^^
[37 of 52] Compiling Amazonka.EMRContainers.ListJobRuns

gen/Amazonka/EMRContainers/ListJobRuns.hs:130:89: warning: [GHC-02256] [-Wambiguous-fields]
    The record update s {name = a} with type ListJobRuns is ambiguous.
    This will not be supported by -XDuplicateRecordFields in future releases of GHC.
    |
130 | listJobRuns_name = Lens.lens (\ListJobRuns' {name} -> name) (\s@ListJobRuns' {} a -> s {name = a} :: ListJobRuns)
    |                                                                                         ^^^^^^^^

gen/Amazonka/EMRContainers/ListJobRuns.hs:134:104: warning: [GHC-02256] [-Wambiguous-fields]
    The record update s {nextToken = a} with type ListJobRuns is ambiguous.
    This will not be supported by -XDuplicateRecordFields in future releases of GHC.
    |
134 | listJobRuns_nextToken = Lens.lens (\ListJobRuns' {nextToken} -> nextToken) (\s@ListJobRuns' {} a -> s {nextToken = a} :: ListJobRuns)
    |                                                                                                        ^^^^^^^^^^^^^

gen/Amazonka/EMRContainers/ListJobRuns.hs:142:125: warning: [GHC-02256] [-Wambiguous-fields]
    The record update s {virtualClusterId = a} with type ListJobRuns is ambiguous.
    This will not be supported by -XDuplicateRecordFields in future releases of GHC.
    |
142 | listJobRuns_virtualClusterId = Lens.lens (\ListJobRuns' {virtualClusterId} -> virtualClusterId) (\s@ListJobRuns' {} a -> s {virtualClusterId = a} :: ListJobRuns)
    |                                                                                                                             ^^^^^^^^^^^^^^^^^^^^

gen/Amazonka/EMRContainers/ListJobRuns.hs:273:128: warning: [GHC-02256] [-Wambiguous-fields]
    The record update s {nextToken = a} with type ListJobRunsResponse is ambiguous.
    This will not be supported by -XDuplicateRecordFields in future releases of GHC.
    |
273 | listJobRunsResponse_nextToken = Lens.lens (\ListJobRunsResponse' {nextToken} -> nextToken) (\s@ListJobRunsResponse' {} a -> s {nextToken = a} :: ListJobRunsResponse)
    |                                                                                                                                ^^^^^^^^^^^^^
[38 of 52] Compiling Amazonka.EMRContainers.DescribeVirtualCluster

gen/Amazonka/EMRContainers/DescribeVirtualCluster.hs:81:116: warning: [GHC-02256] [-Wambiguous-fields]
    The record update s {id = a} with type DescribeVirtualCluster is ambiguous.
    This will not be supported by -XDuplicateRecordFields in future releases of GHC.
   |
81 | describeVirtualCluster_id = Lens.lens (\DescribeVirtualCluster' {id} -> id) (\s@DescribeVirtualCluster' {} a -> s {id = a} :: DescribeVirtualCluster)
   |                                                                                                                    ^^^^^^
[39 of 52] Compiling Amazonka.EMRContainers.DescribeManagedEndpoint

gen/Amazonka/EMRContainers/DescribeManagedEndpoint.hs:87:119: warning: [GHC-02256] [-Wambiguous-fields]
    The record update s {id = a} with type DescribeManagedEndpoint is ambiguous.
    This will not be supported by -XDuplicateRecordFields in future releases of GHC.
   |
87 | describeManagedEndpoint_id = Lens.lens (\DescribeManagedEndpoint' {id} -> id) (\s@DescribeManagedEndpoint' {} a -> s {id = a} :: DescribeManagedEndpoint)
   |                                                                                                                       ^^^^^^

gen/Amazonka/EMRContainers/DescribeManagedEndpoint.hs:91:161: warning: [GHC-02256] [-Wambiguous-fields]
    The record update s {virtualClusterId = a} with type DescribeManagedEndpoint is ambiguous.
    This will not be supported by -XDuplicateRecordFields in future releases of GHC.
   |
91 | describeManagedEndpoint_virtualClusterId = Lens.lens (\DescribeManagedEndpoint' {virtualClusterId} -> virtualClusterId) (\s@DescribeManagedEndpoint' {} a -> s {virtualClusterId = a} :: DescribeManagedEndpoint)
   |                                                                                                                                                                 ^^^^^^^^^^^^^^^^^^^^
[40 of 52] Compiling Amazonka.EMRContainers.DescribeJobTemplate

gen/Amazonka/EMRContainers/DescribeJobTemplate.hs:79:107: warning: [GHC-02256] [-Wambiguous-fields]
    The record update s {id = a} with type DescribeJobTemplate is ambiguous.
    This will not be supported by -XDuplicateRecordFields in future releases of GHC.
   |
79 | describeJobTemplate_id = Lens.lens (\DescribeJobTemplate' {id} -> id) (\s@DescribeJobTemplate' {} a -> s {id = a} :: DescribeJobTemplate)
   |                                                                                                           ^^^^^^
[41 of 52] Compiling Amazonka.EMRContainers.DescribeJobRun

gen/Amazonka/EMRContainers/DescribeJobRun.hs:87:92: warning: [GHC-02256] [-Wambiguous-fields]
    The record update s {id = a} with type DescribeJobRun is ambiguous.
    This will not be supported by -XDuplicateRecordFields in future releases of GHC.
   |
87 | describeJobRun_id = Lens.lens (\DescribeJobRun' {id} -> id) (\s@DescribeJobRun' {} a -> s {id = a} :: DescribeJobRun)
   |                                                                                            ^^^^^^

gen/Amazonka/EMRContainers/DescribeJobRun.hs:91:134: warning: [GHC-02256] [-Wambiguous-fields]
    The record update s {virtualClusterId = a} with type DescribeJobRun is ambiguous.
    This will not be supported by -XDuplicateRecordFields in future releases of GHC.
   |
91 | describeJobRun_virtualClusterId = Lens.lens (\DescribeJobRun' {virtualClusterId} -> virtualClusterId) (\s@DescribeJobRun' {} a -> s {virtualClusterId = a} :: DescribeJobRun)
   |                                                                                                                                      ^^^^^^^^^^^^^^^^^^^^
[42 of 52] Compiling Amazonka.EMRContainers.DeleteVirtualCluster

gen/Amazonka/EMRContainers/DeleteVirtualCluster.hs:80:110: warning: [GHC-02256] [-Wambiguous-fields]
    The record update s {id = a} with type DeleteVirtualCluster is ambiguous.
    This will not be supported by -XDuplicateRecordFields in future releases of GHC.
   |
80 | deleteVirtualCluster_id = Lens.lens (\DeleteVirtualCluster' {id} -> id) (\s@DeleteVirtualCluster' {} a -> s {id = a} :: DeleteVirtualCluster)
   |                                                                                                              ^^^^^^

gen/Amazonka/EMRContainers/DeleteVirtualCluster.hs:153:134: warning: [GHC-02256] [-Wambiguous-fields]
    The record update s {id = a} with type DeleteVirtualClusterResponse is ambiguous.
    This will not be supported by -XDuplicateRecordFields in future releases of GHC.
    |
153 | deleteVirtualClusterResponse_id = Lens.lens (\DeleteVirtualClusterResponse' {id} -> id) (\s@DeleteVirtualClusterResponse' {} a -> s {id = a} :: DeleteVirtualClusterResponse)
    |                                                                                                                                      ^^^^^^
[43 of 52] Compiling Amazonka.EMRContainers.DeleteManagedEndpoint

gen/Amazonka/EMRContainers/DeleteManagedEndpoint.hs:88:113: warning: [GHC-02256] [-Wambiguous-fields]
    The record update s {id = a} with type DeleteManagedEndpoint is ambiguous.
    This will not be supported by -XDuplicateRecordFields in future releases of GHC.
   |
88 | deleteManagedEndpoint_id = Lens.lens (\DeleteManagedEndpoint' {id} -> id) (\s@DeleteManagedEndpoint' {} a -> s {id = a} :: DeleteManagedEndpoint)
   |                                                                                                                 ^^^^^^

gen/Amazonka/EMRContainers/DeleteManagedEndpoint.hs:92:155: warning: [GHC-02256] [-Wambiguous-fields]
    The record update s {virtualClusterId = a} with type DeleteManagedEndpoint is ambiguous.
    This will not be supported by -XDuplicateRecordFields in future releases of GHC.
   |
92 | deleteManagedEndpoint_virtualClusterId = Lens.lens (\DeleteManagedEndpoint' {virtualClusterId} -> virtualClusterId) (\s@DeleteManagedEndpoint' {} a -> s {virtualClusterId = a} :: DeleteManagedEndpoint)
   |                                                                                                                                                           ^^^^^^^^^^^^^^^^^^^^

gen/Amazonka/EMRContainers/DeleteManagedEndpoint.hs:181:137: warning: [GHC-02256] [-Wambiguous-fields]
    The record update s {id = a} with type DeleteManagedEndpointResponse is ambiguous.
    This will not be supported by -XDuplicateRecordFields in future releases of GHC.
    |
181 | deleteManagedEndpointResponse_id = Lens.lens (\DeleteManagedEndpointResponse' {id} -> id) (\s@DeleteManagedEndpointResponse' {} a -> s {id = a} :: DeleteManagedEndpointResponse)
    |                                                                                                                                         ^^^^^^

gen/Amazonka/EMRContainers/DeleteManagedEndpoint.hs:185:179: warning: [GHC-02256] [-Wambiguous-fields]
    The record update s {virtualClusterId = a} with type DeleteManagedEndpointResponse is ambiguous.
    This will not be supported by -XDuplicateRecordFields in future releases of GHC.
    |
185 | deleteManagedEndpointResponse_virtualClusterId = Lens.lens (\DeleteManagedEndpointResponse' {virtualClusterId} -> virtualClusterId) (\s@DeleteManagedEndpointResponse' {} a -> s {virtualClusterId = a} :: DeleteManagedEndpointResponse)
    |                                                                                                                                                                                   ^^^^^^^^^^^^^^^^^^^^
[44 of 52] Compiling Amazonka.EMRContainers.DeleteJobTemplate

gen/Amazonka/EMRContainers/DeleteJobTemplate.hs:78:101: warning: [GHC-02256] [-Wambiguous-fields]
    The record update s {id = a} with type DeleteJobTemplate is ambiguous.
    This will not be supported by -XDuplicateRecordFields in future releases of GHC.
   |
78 | deleteJobTemplate_id = Lens.lens (\DeleteJobTemplate' {id} -> id) (\s@DeleteJobTemplate' {} a -> s {id = a} :: DeleteJobTemplate)
   |                                                                                                     ^^^^^^

gen/Amazonka/EMRContainers/DeleteJobTemplate.hs:151:125: warning: [GHC-02256] [-Wambiguous-fields]
    The record update s {id = a} with type DeleteJobTemplateResponse is ambiguous.
    This will not be supported by -XDuplicateRecordFields in future releases of GHC.
    |
151 | deleteJobTemplateResponse_id = Lens.lens (\DeleteJobTemplateResponse' {id} -> id) (\s@DeleteJobTemplateResponse' {} a -> s {id = a} :: DeleteJobTemplateResponse)
    |                                                                                                                             ^^^^^^
[45 of 52] Compiling Amazonka.EMRContainers.CreateVirtualCluster

gen/Amazonka/EMRContainers/CreateVirtualCluster.hs:109:116: warning: [GHC-02256] [-Wambiguous-fields]
    The record update s {tags = a} with type CreateVirtualCluster is ambiguous.
    This will not be supported by -XDuplicateRecordFields in future releases of GHC.
    |
109 | createVirtualCluster_tags = Lens.lens (\CreateVirtualCluster' {tags} -> tags) (\s@CreateVirtualCluster' {} a -> s {tags = a} :: CreateVirtualCluster) Prelude.. Lens.mapping Lens.coerced
    |                                                                                                                    ^^^^^^^^

gen/Amazonka/EMRContainers/CreateVirtualCluster.hs:113:116: warning: [GHC-02256] [-Wambiguous-fields]
    The record update s {name = a} with type CreateVirtualCluster is ambiguous.
    This will not be supported by -XDuplicateRecordFields in future releases of GHC.
    |
113 | createVirtualCluster_name = Lens.lens (\CreateVirtualCluster' {name} -> name) (\s@CreateVirtualCluster' {} a -> s {name = a} :: CreateVirtualCluster)
    |                                                                                                                    ^^^^^^^^

gen/Amazonka/EMRContainers/CreateVirtualCluster.hs:117:155: warning: [GHC-02256] [-Wambiguous-fields]
    The record update s {containerProvider = a} with type CreateVirtualCluster is ambiguous.
    This will not be supported by -XDuplicateRecordFields in future releases of GHC.
    |
117 | createVirtualCluster_containerProvider = Lens.lens (\CreateVirtualCluster' {containerProvider} -> containerProvider) (\s@CreateVirtualCluster' {} a -> s {containerProvider = a} :: CreateVirtualCluster)
    |                                                                                                                                                           ^^^^^^^^^^^^^^^^^^^^^

gen/Amazonka/EMRContainers/CreateVirtualCluster.hs:121:137: warning: [GHC-02256] [-Wambiguous-fields]
    The record update s {clientToken = a} with type CreateVirtualCluster is ambiguous.
    This will not be supported by -XDuplicateRecordFields in future releases of GHC.
    |
121 | createVirtualCluster_clientToken = Lens.lens (\CreateVirtualCluster' {clientToken} -> clientToken) (\s@CreateVirtualCluster' {} a -> s {clientToken = a} :: CreateVirtualCluster)
    |                                                                                                                                         ^^^^^^^^^^^^^^^

gen/Amazonka/EMRContainers/CreateVirtualCluster.hs:226:137: warning: [GHC-02256] [-Wambiguous-fields]
    The record update s {arn = a} with type CreateVirtualClusterResponse is ambiguous.
    This will not be supported by -XDuplicateRecordFields in future releases of GHC.
    |
226 | createVirtualClusterResponse_arn = Lens.lens (\CreateVirtualClusterResponse' {arn} -> arn) (\s@CreateVirtualClusterResponse' {} a -> s {arn = a} :: CreateVirtualClusterResponse)
    |                                                                                                                                         ^^^^^^^

gen/Amazonka/EMRContainers/CreateVirtualCluster.hs:230:134: warning: [GHC-02256] [-Wambiguous-fields]
    The record update s {id = a} with type CreateVirtualClusterResponse is ambiguous.
    This will not be supported by -XDuplicateRecordFields in future releases of GHC.
    |
230 | createVirtualClusterResponse_id = Lens.lens (\CreateVirtualClusterResponse' {id} -> id) (\s@CreateVirtualClusterResponse' {} a -> s {id = a} :: CreateVirtualClusterResponse)
    |                                                                                                                                      ^^^^^^

gen/Amazonka/EMRContainers/CreateVirtualCluster.hs:234:140: warning: [GHC-02256] [-Wambiguous-fields]
    The record update s {name = a} with type CreateVirtualClusterResponse is ambiguous.
    This will not be supported by -XDuplicateRecordFields in future releases of GHC.
    |
234 | createVirtualClusterResponse_name = Lens.lens (\CreateVirtualClusterResponse' {name} -> name) (\s@CreateVirtualClusterResponse' {} a -> s {name = a} :: CreateVirtualClusterResponse)
    |                                                                                                                                            ^^^^^^^^
[46 of 52] Compiling Amazonka.EMRContainers.CreateManagedEndpoint

gen/Amazonka/EMRContainers/CreateManagedEndpoint.hs:152:149: warning: [GHC-02256] [-Wambiguous-fields]
    The record update s {certificateArn = a} with type CreateManagedEndpoint is ambiguous.
    This will not be supported by -XDuplicateRecordFields in future releases of GHC.
    |
152 | createManagedEndpoint_certificateArn = Lens.lens (\CreateManagedEndpoint' {certificateArn} -> certificateArn) (\s@CreateManagedEndpoint' {} a -> s {certificateArn = a} :: CreateManagedEndpoint)
    |                                                                                                                                                     ^^^^^^^^^^^^^^^^^^

gen/Amazonka/EMRContainers/CreateManagedEndpoint.hs:157:173: warning: [GHC-02256] [-Wambiguous-fields]
    The record update s {configurationOverrides = a} with type CreateManagedEndpoint is ambiguous.
    This will not be supported by -XDuplicateRecordFields in future releases of GHC.
    |
157 | createManagedEndpoint_configurationOverrides = Lens.lens (\CreateManagedEndpoint' {configurationOverrides} -> configurationOverrides) (\s@CreateManagedEndpoint' {} a -> s {configurationOverrides = a} :: CreateManagedEndpoint)
    |                                                                                                                                                                             ^^^^^^^^^^^^^^^^^^^^^^^^^^

gen/Amazonka/EMRContainers/CreateManagedEndpoint.hs:161:119: warning: [GHC-02256] [-Wambiguous-fields]
    The record update s {tags = a} with type CreateManagedEndpoint is ambiguous.
    This will not be supported by -XDuplicateRecordFields in future releases of GHC.
    |
161 | createManagedEndpoint_tags = Lens.lens (\CreateManagedEndpoint' {tags} -> tags) (\s@CreateManagedEndpoint' {} a -> s {tags = a} :: CreateManagedEndpoint) Prelude.. Lens.mapping Lens.coerced
    |                                                                                                                       ^^^^^^^^

gen/Amazonka/EMRContainers/CreateManagedEndpoint.hs:165:119: warning: [GHC-02256] [-Wambiguous-fields]
    The record update s {name = a} with type CreateManagedEndpoint is ambiguous.
    This will not be supported by -XDuplicateRecordFields in future releases of GHC.
    |
165 | createManagedEndpoint_name = Lens.lens (\CreateManagedEndpoint' {name} -> name) (\s@CreateManagedEndpoint' {} a -> s {name = a} :: CreateManagedEndpoint)
    |                                                                                                                       ^^^^^^^^

gen/Amazonka/EMRContainers/CreateManagedEndpoint.hs:169:155: warning: [GHC-02256] [-Wambiguous-fields]
    The record update s {virtualClusterId = a} with type CreateManagedEndpoint is ambiguous.
    This will not be supported by -XDuplicateRecordFields in future releases of GHC.
    |
169 | createManagedEndpoint_virtualClusterId = Lens.lens (\CreateManagedEndpoint' {virtualClusterId} -> virtualClusterId) (\s@CreateManagedEndpoint' {} a -> s {virtualClusterId = a} :: CreateManagedEndpoint)
    |                                                                                                                                                           ^^^^^^^^^^^^^^^^^^^^

gen/Amazonka/EMRContainers/CreateManagedEndpoint.hs:173:121: warning: [GHC-02256] [-Wambiguous-fields]
    The record update s {type' = a} with type CreateManagedEndpoint is ambiguous.
    This will not be supported by -XDuplicateRecordFields in future releases of GHC.
    |
173 | createManagedEndpoint_type = Lens.lens (\CreateManagedEndpoint' {type'} -> type') (\s@CreateManagedEndpoint' {} a -> s {type' = a} :: CreateManagedEndpoint)
    |                                                                                                                         ^^^^^^^^^

gen/Amazonka/EMRContainers/CreateManagedEndpoint.hs:177:143: warning: [GHC-02256] [-Wambiguous-fields]
    The record update s {releaseLabel = a} with type CreateManagedEndpoint is ambiguous.
    This will not be supported by -XDuplicateRecordFields in future releases of GHC.
    |
177 | createManagedEndpoint_releaseLabel = Lens.lens (\CreateManagedEndpoint' {releaseLabel} -> releaseLabel) (\s@CreateManagedEndpoint' {} a -> s {releaseLabel = a} :: CreateManagedEndpoint)
    |                                                                                                                                               ^^^^^^^^^^^^^^^^

gen/Amazonka/EMRContainers/CreateManagedEndpoint.hs:181:155: warning: [GHC-02256] [-Wambiguous-fields]
    The record update s {executionRoleArn = a} with type CreateManagedEndpoint is ambiguous.
    This will not be supported by -XDuplicateRecordFields in future releases of GHC.
    |
181 | createManagedEndpoint_executionRoleArn = Lens.lens (\CreateManagedEndpoint' {executionRoleArn} -> executionRoleArn) (\s@CreateManagedEndpoint' {} a -> s {executionRoleArn = a} :: CreateManagedEndpoint)
    |                                                                                                                                                           ^^^^^^^^^^^^^^^^^^^^

gen/Amazonka/EMRContainers/CreateManagedEndpoint.hs:185:140: warning: [GHC-02256] [-Wambiguous-fields]
    The record update s {clientToken = a} with type CreateManagedEndpoint is ambiguous.
    This will not be supported by -XDuplicateRecordFields in future releases of GHC.
    |
185 | createManagedEndpoint_clientToken = Lens.lens (\CreateManagedEndpoint' {clientToken} -> clientToken) (\s@CreateManagedEndpoint' {} a -> s {clientToken = a} :: CreateManagedEndpoint)
    |                                                                                                                                            ^^^^^^^^^^^^^^^

gen/Amazonka/EMRContainers/CreateManagedEndpoint.hs:317:140: warning: [GHC-02256] [-Wambiguous-fields]
    The record update s {arn = a} with type CreateManagedEndpointResponse is ambiguous.
    This will not be supported by -XDuplicateRecordFields in future releases of GHC.
    |
317 | createManagedEndpointResponse_arn = Lens.lens (\CreateManagedEndpointResponse' {arn} -> arn) (\s@CreateManagedEndpointResponse' {} a -> s {arn = a} :: CreateManagedEndpointResponse)
    |                                                                                                                                            ^^^^^^^

gen/Amazonka/EMRContainers/CreateManagedEndpoint.hs:321:137: warning: [GHC-02256] [-Wambiguous-fields]
    The record update s {id = a} with type CreateManagedEndpointResponse is ambiguous.
    This will not be supported by -XDuplicateRecordFields in future releases of GHC.
    |
321 | createManagedEndpointResponse_id = Lens.lens (\CreateManagedEndpointResponse' {id} -> id) (\s@CreateManagedEndpointResponse' {} a -> s {id = a} :: CreateManagedEndpointResponse)
    |                                                                                                                                         ^^^^^^

gen/Amazonka/EMRContainers/CreateManagedEndpoint.hs:325:143: warning: [GHC-02256] [-Wambiguous-fields]
    The record update s {name = a} with type CreateManagedEndpointResponse is ambiguous.
    This will not be supported by -XDuplicateRecordFields in future releases of GHC.
    |
325 | createManagedEndpointResponse_name = Lens.lens (\CreateManagedEndpointResponse' {name} -> name) (\s@CreateManagedEndpointResponse' {} a -> s {name = a} :: CreateManagedEndpointResponse)
    |                                                                                                                                               ^^^^^^^^

gen/Amazonka/EMRContainers/CreateManagedEndpoint.hs:329:179: warning: [GHC-02256] [-Wambiguous-fields]
    The record update s {virtualClusterId = a} with type CreateManagedEndpointResponse is ambiguous.
    This will not be supported by -XDuplicateRecordFields in future releases of GHC.
    |
329 | createManagedEndpointResponse_virtualClusterId = Lens.lens (\CreateManagedEndpointResponse' {virtualClusterId} -> virtualClusterId) (\s@CreateManagedEndpointResponse' {} a -> s {virtualClusterId = a} :: CreateManagedEndpointResponse)
    |                                                                                                                                                                                   ^^^^^^^^^^^^^^^^^^^^
[47 of 52] Compiling Amazonka.EMRContainers.CreateJobTemplate

gen/Amazonka/EMRContainers/CreateJobTemplate.hs:114:122: warning: [GHC-02256] [-Wambiguous-fields]
    The record update s {kmsKeyArn = a} with type CreateJobTemplate is ambiguous.
    This will not be supported by -XDuplicateRecordFields in future releases of GHC.
    |
114 | createJobTemplate_kmsKeyArn = Lens.lens (\CreateJobTemplate' {kmsKeyArn} -> kmsKeyArn) (\s@CreateJobTemplate' {} a -> s {kmsKeyArn = a} :: CreateJobTemplate)
    |                                                                                                                          ^^^^^^^^^^^^^

gen/Amazonka/EMRContainers/CreateJobTemplate.hs:118:107: warning: [GHC-02256] [-Wambiguous-fields]
    The record update s {tags = a} with type CreateJobTemplate is ambiguous.
    This will not be supported by -XDuplicateRecordFields in future releases of GHC.
    |
118 | createJobTemplate_tags = Lens.lens (\CreateJobTemplate' {tags} -> tags) (\s@CreateJobTemplate' {} a -> s {tags = a} :: CreateJobTemplate) Prelude.. Lens.mapping Lens.coerced
    |                                                                                                           ^^^^^^^^

gen/Amazonka/EMRContainers/CreateJobTemplate.hs:122:107: warning: [GHC-02256] [-Wambiguous-fields]
    The record update s {name = a} with type CreateJobTemplate is ambiguous.
    This will not be supported by -XDuplicateRecordFields in future releases of GHC.
    |
122 | createJobTemplate_name = Lens.lens (\CreateJobTemplate' {name} -> name) (\s@CreateJobTemplate' {} a -> s {name = a} :: CreateJobTemplate)
    |                                                                                                           ^^^^^^^^

gen/Amazonka/EMRContainers/CreateJobTemplate.hs:126:128: warning: [GHC-02256] [-Wambiguous-fields]
    The record update s {clientToken = a} with type CreateJobTemplate is ambiguous.
    This will not be supported by -XDuplicateRecordFields in future releases of GHC.
    |
126 | createJobTemplate_clientToken = Lens.lens (\CreateJobTemplate' {clientToken} -> clientToken) (\s@CreateJobTemplate' {} a -> s {clientToken = a} :: CreateJobTemplate)
    |                                                                                                                                ^^^^^^^^^^^^^^^

gen/Amazonka/EMRContainers/CreateJobTemplate.hs:130:140: warning: [GHC-02256] [-Wambiguous-fields]
    The record update s {jobTemplateData = a} with type CreateJobTemplate is ambiguous.
    This will not be supported by -XDuplicateRecordFields in future releases of GHC.
    |
130 | createJobTemplate_jobTemplateData = Lens.lens (\CreateJobTemplate' {jobTemplateData} -> jobTemplateData) (\s@CreateJobTemplate' {} a -> s {jobTemplateData = a} :: CreateJobTemplate)
    |                                                                                                                                            ^^^^^^^^^^^^^^^^^^^

gen/Amazonka/EMRContainers/CreateJobTemplate.hs:245:128: warning: [GHC-02256] [-Wambiguous-fields]
    The record update s {arn = a} with type CreateJobTemplateResponse is ambiguous.
    This will not be supported by -XDuplicateRecordFields in future releases of GHC.
    |
245 | createJobTemplateResponse_arn = Lens.lens (\CreateJobTemplateResponse' {arn} -> arn) (\s@CreateJobTemplateResponse' {} a -> s {arn = a} :: CreateJobTemplateResponse)
    |                                                                                                                                ^^^^^^^

gen/Amazonka/EMRContainers/CreateJobTemplate.hs:250:146: warning: [GHC-02256] [-Wambiguous-fields]
    The record update s {createdAt = a} with type CreateJobTemplateResponse is ambiguous.
    This will not be supported by -XDuplicateRecordFields in future releases of GHC.
    |
250 | createJobTemplateResponse_createdAt = Lens.lens (\CreateJobTemplateResponse' {createdAt} -> createdAt) (\s@CreateJobTemplateResponse' {} a -> s {createdAt = a} :: CreateJobTemplateResponse) Prelude.. Lens.mapping Data._Time
    |                                                                                                                                                  ^^^^^^^^^^^^^

gen/Amazonka/EMRContainers/CreateJobTemplate.hs:254:125: warning: [GHC-02256] [-Wambiguous-fields]
    The record update s {id = a} with type CreateJobTemplateResponse is ambiguous.
    This will not be supported by -XDuplicateRecordFields in future releases of GHC.
    |
254 | createJobTemplateResponse_id = Lens.lens (\CreateJobTemplateResponse' {id} -> id) (\s@CreateJobTemplateResponse' {} a -> s {id = a} :: CreateJobTemplateResponse)
    |                                                                                                                             ^^^^^^

gen/Amazonka/EMRContainers/CreateJobTemplate.hs:258:131: warning: [GHC-02256] [-Wambiguous-fields]
    The record update s {name = a} with type CreateJobTemplateResponse is ambiguous.
    This will not be supported by -XDuplicateRecordFields in future releases of GHC.
    |
258 | createJobTemplateResponse_name = Lens.lens (\CreateJobTemplateResponse' {name} -> name) (\s@CreateJobTemplateResponse' {} a -> s {name = a} :: CreateJobTemplateResponse)
    |                                                                                                                                   ^^^^^^^^
[48 of 52] Compiling Amazonka.EMRContainers.CancelJobRun

gen/Amazonka/EMRContainers/CancelJobRun.hs:87:86: warning: [GHC-02256] [-Wambiguous-fields]
    The record update s {id = a} with type CancelJobRun is ambiguous.
    This will not be supported by -XDuplicateRecordFields in future releases of GHC.
   |
87 | cancelJobRun_id = Lens.lens (\CancelJobRun' {id} -> id) (\s@CancelJobRun' {} a -> s {id = a} :: CancelJobRun)
   |                                                                                      ^^^^^^

gen/Amazonka/EMRContainers/CancelJobRun.hs:91:128: warning: [GHC-02256] [-Wambiguous-fields]
    The record update s {virtualClusterId = a} with type CancelJobRun is ambiguous.
    This will not be supported by -XDuplicateRecordFields in future releases of GHC.
   |
91 | cancelJobRun_virtualClusterId = Lens.lens (\CancelJobRun' {virtualClusterId} -> virtualClusterId) (\s@CancelJobRun' {} a -> s {virtualClusterId = a} :: CancelJobRun)
   |                                                                                                                                ^^^^^^^^^^^^^^^^^^^^

gen/Amazonka/EMRContainers/CancelJobRun.hs:179:110: warning: [GHC-02256] [-Wambiguous-fields]
    The record update s {id = a} with type CancelJobRunResponse is ambiguous.
    This will not be supported by -XDuplicateRecordFields in future releases of GHC.
    |
179 | cancelJobRunResponse_id = Lens.lens (\CancelJobRunResponse' {id} -> id) (\s@CancelJobRunResponse' {} a -> s {id = a} :: CancelJobRunResponse)
    |                                                                                                              ^^^^^^

gen/Amazonka/EMRContainers/CancelJobRun.hs:184:152: warning: [GHC-02256] [-Wambiguous-fields]
    The record update s {virtualClusterId = a} with type CancelJobRunResponse is ambiguous.
    This will not be supported by -XDuplicateRecordFields in future releases of GHC.
    |
184 | cancelJobRunResponse_virtualClusterId = Lens.lens (\CancelJobRunResponse' {virtualClusterId} -> virtualClusterId) (\s@CancelJobRunResponse' {} a -> s {virtualClusterId = a} :: CancelJobRunResponse)
    |                                                                                                                                                        ^^^^^^^^^^^^^^^^^^^^
[49 of 52] Compiling Amazonka.EMRContainers.UntagResource
[50 of 52] Compiling Amazonka.EMRContainers.Lens
[51 of 52] Compiling Amazonka.EMRContainers.Waiters
[52 of 52] Compiling Amazonka.EMRContainers
Configuring test suite 'amazonka-emr-containers-test' for amazonka-emr-containers-2.0...
Preprocessing test suite 'amazonka-emr-containers-test' for amazonka-emr-containers-2.0...
Building test suite 'amazonka-emr-containers-test' for amazonka-emr-containers-2.0...
[1 of 4] Compiling Test.Amazonka.EMRContainers
[2 of 4] Compiling Test.Amazonka.EMRContainers.Internal
[3 of 4] Compiling Main
[4 of 4] Compiling Test.Amazonka.Gen.EMRContainers
[5 of 5] Linking /tmp/workdir-amazonka-emr-containers/amazonka-emr-containers-2.0/dist-newstyle/build/x86_64-linux/ghc-9.6.6/amazonka-emr-containers-2.0/t/amazonka-emr-containers-test/build/amazonka-emr-containers-test/amazonka-emr-containers-test
