Build profile: -w ghc-9.6.6 -O1
In order, the following will be built (use -v for more details):
 - product-profunctors-0.11.1.1 (lib) (first run)
 - product-profunctors-0.11.1.1 (test:test) (first run)
Configuring library for product-profunctors-0.11.1.1...
Preprocessing library for product-profunctors-0.11.1.1...
Building library for product-profunctors-0.11.1.1...
[ 1 of 13] Compiling Data.Profunctor.Product.Class
[ 2 of 13] Compiling Data.Profunctor.Product.Default.Class

Data/Profunctor/Product/Default/Class.hs:67:30: warning: [GHC-39567] [-Wstar-is-type]
    Using ‘*’ (or its Unicode variant) to mean ‘Data.Kind.Type’
    relies on the StarIsType extension, which will become
    deprecated in the future.
    Suggested fix: Use ‘Type’ from ‘Data.Kind’ instead.
   |
67 | type family Defaults (as :: [*]) :: Constraint
   |                              ^

Data/Profunctor/Product/Default/Class.hs:104:30: warning: [GHC-39567] [-Wstar-is-type]
    Using ‘*’ (or its Unicode variant) to mean ‘Data.Kind.Type’
    relies on the StarIsType extension, which will become
    deprecated in the future.
    Suggested fix: Use ‘Type’ from ‘Data.Kind’ instead.
    |
104 | type family GDefPCnstr (p :: * -> * -> *) (f :: * -> *) :: Constraint
    |                              ^

Data/Profunctor/Product/Default/Class.hs:104:35: warning: [GHC-39567] [-Wstar-is-type]
    Using ‘*’ (or its Unicode variant) to mean ‘Data.Kind.Type’
    relies on the StarIsType extension, which will become
    deprecated in the future.
    Suggested fix: Use ‘Type’ from ‘Data.Kind’ instead.
    |
104 | type family GDefPCnstr (p :: * -> * -> *) (f :: * -> *) :: Constraint
    |                                   ^

Data/Profunctor/Product/Default/Class.hs:104:40: warning: [GHC-39567] [-Wstar-is-type]
    Using ‘*’ (or its Unicode variant) to mean ‘Data.Kind.Type’
    relies on the StarIsType extension, which will become
    deprecated in the future.
    Suggested fix: Use ‘Type’ from ‘Data.Kind’ instead.
    |
104 | type family GDefPCnstr (p :: * -> * -> *) (f :: * -> *) :: Constraint
    |                                        ^

Data/Profunctor/Product/Default/Class.hs:104:49: warning: [GHC-39567] [-Wstar-is-type]
    Using ‘*’ (or its Unicode variant) to mean ‘Data.Kind.Type’
    relies on the StarIsType extension, which will become
    deprecated in the future.
    Suggested fix: Use ‘Type’ from ‘Data.Kind’ instead.
    |
104 | type family GDefPCnstr (p :: * -> * -> *) (f :: * -> *) :: Constraint
    |                                                 ^

Data/Profunctor/Product/Default/Class.hs:104:54: warning: [GHC-39567] [-Wstar-is-type]
    Using ‘*’ (or its Unicode variant) to mean ‘Data.Kind.Type’
    relies on the StarIsType extension, which will become
    deprecated in the future.
    Suggested fix: Use ‘Type’ from ‘Data.Kind’ instead.
    |
104 | type family GDefPCnstr (p :: * -> * -> *) (f :: * -> *) :: Constraint
    |                                                      ^
[ 3 of 13] Compiling Data.Profunctor.Product.Newtype
[ 4 of 13] Compiling Data.Profunctor.Product.Tuples.TH

Data/Profunctor/Product/Tuples/TH.hs:18:1: warning: [-Wunused-imports]
    The import of ‘Control.Applicative’ is redundant
      except perhaps to import instances from ‘Control.Applicative’
    To import instances alone, use: import Control.Applicative()
   |
18 | import Control.Applicative (pure)
   | ^^^^^^^^^^^^^^^^^^^^^^^^^^^^^^^^^

Data/Profunctor/Product/Tuples/TH.hs:181:24: warning: [GHC-58520] [-Wtype-equality-requires-operators]
    The use of ‘~’ without TypeOperators
    will become an error in a future GHC release.
    Suggested fix: Perhaps you intended to use TypeOperators
    |
181 |     t1 ~~ t2 = [t| $t1 ~ $t2 |]
    |                        ^
[ 5 of 13] Compiling Data.Profunctor.Product.Tuples
[ 6 of 13] Compiling Data.Profunctor.Product.Flatten
[ 7 of 13] Compiling Data.Profunctor.Product

Data/Profunctor/Product.hs:21:33: warning: [GHC-47854] [-Wduplicate-exports]
    ‘defaultPoint’ is exported by ‘module Data.Profunctor.Product’ and ‘defaultPoint’
   |
21 |                                 module Data.Profunctor.Product) where
   |                                 ^^^^^^^^^^^^^^^^^^^^^^^^^^^^^^

Data/Profunctor/Product.hs:21:33: warning: [GHC-47854] [-Wduplicate-exports]
    ‘defaultProfunctorProduct’ is exported by ‘module Data.Profunctor.Product’ and ‘defaultProfunctorProduct’
   |
21 |                                 module Data.Profunctor.Product) where
   |                                 ^^^^^^^^^^^^^^^^^^^^^^^^^^^^^^

Data/Profunctor/Product.hs:21:33: warning: [GHC-47854] [-Wduplicate-exports]
    ‘defaultEmpty’ is exported by ‘module Data.Profunctor.Product’ and ‘defaultEmpty’
   |
21 |                                 module Data.Profunctor.Product) where
   |                                 ^^^^^^^^^^^^^^^^^^^^^^^^^^^^^^

Data/Profunctor/Product.hs:21:33: warning: [GHC-47854] [-Wduplicate-exports]
    ‘list’ is exported by ‘module Data.Profunctor.Product’ and ‘list’
   |
21 |                                 module Data.Profunctor.Product) where
   |                                 ^^^^^^^^^^^^^^^^^^^^^^^^^^^^^^

Data/Profunctor/Product.hs:21:33: warning: [GHC-47854] [-Wduplicate-exports]
    ‘***$’ is exported by ‘module Data.Profunctor.Product’ and ‘(***$)’
   |
21 |                                 module Data.Profunctor.Product) where
   |                                 ^^^^^^^^^^^^^^^^^^^^^^^^^^^^^^

Data/Profunctor/Product.hs:30:1: warning: [-Wunused-imports]
    The import of ‘<$>, <*>, Applicative, liftA2, pure’
    from module ‘Control.Applicative’ is redundant
   |
30 | import Control.Applicative (Applicative, liftA2, pure, (<*>), Alternative, (<|>), (<$>))
   | ^^^^^^^^^^^^^^^^^^^^^^^^^^^^^^^^^^^^^^^^^^^^^^^^^^^^^^^^^^^^^^^^^^^^^^^^^^^^^^^^^^^^^^^^

Data/Profunctor/Product.hs:32:1: warning: [-Wunused-imports]
    The import of ‘Data.Monoid’ is redundant
      except perhaps to import instances from ‘Data.Monoid’
    To import instances alone, use: import Data.Monoid()
   |
32 | import Data.Monoid (Monoid, mempty)
   | ^^^^^^^^^^^^^^^^^^^^^^^^^^^^^^^^^^^
[ 8 of 13] Compiling Data.Profunctor.Product.Internal.Adaptor

Data/Profunctor/Product/Internal/Adaptor.hs:89:23: warning: [GHC-39567] [-Wstar-is-type]
    Using ‘*’ (or its Unicode variant) to mean ‘Data.Kind.Type’
    relies on the StarIsType extension, which will become
    deprecated in the future.
    Suggested fix: Use ‘Type’ from ‘Data.Kind’ instead.
   |
89 | instance forall (p :: * -> * -> *) a b. TypePair (p a b) where
   |                       ^

Data/Profunctor/Product/Internal/Adaptor.hs:89:28: warning: [GHC-39567] [-Wstar-is-type]
    Using ‘*’ (or its Unicode variant) to mean ‘Data.Kind.Type’
    relies on the StarIsType extension, which will become
    deprecated in the future.
    Suggested fix: Use ‘Type’ from ‘Data.Kind’ instead.
   |
89 | instance forall (p :: * -> * -> *) a b. TypePair (p a b) where
   |                            ^

Data/Profunctor/Product/Internal/Adaptor.hs:89:33: warning: [GHC-39567] [-Wstar-is-type]
    Using ‘*’ (or its Unicode variant) to mean ‘Data.Kind.Type’
    relies on the StarIsType extension, which will become
    deprecated in the future.
    Suggested fix: Use ‘Type’ from ‘Data.Kind’ instead.
   |
89 | instance forall (p :: * -> * -> *) a b. TypePair (p a b) where
   |                                 ^

Data/Profunctor/Product/Internal/Adaptor.hs:98:40: warning: [GHC-39567] [-Wstar-is-type]
    Using ‘*’ (or its Unicode variant) to mean ‘Data.Kind.Type’
    relies on the StarIsType extension, which will become
    deprecated in the future.
    Suggested fix: Use ‘Type’ from ‘Data.Kind’ instead.
   |
98 | type family GUnzip (z :: Select) (f :: * -> *) :: * -> *
   |                                        ^

Data/Profunctor/Product/Internal/Adaptor.hs:98:45: warning: [GHC-39567] [-Wstar-is-type]
    Using ‘*’ (or its Unicode variant) to mean ‘Data.Kind.Type’
    relies on the StarIsType extension, which will become
    deprecated in the future.
    Suggested fix: Use ‘Type’ from ‘Data.Kind’ instead.
   |
98 | type family GUnzip (z :: Select) (f :: * -> *) :: * -> *
   |                                             ^

Data/Profunctor/Product/Internal/Adaptor.hs:98:51: warning: [GHC-39567] [-Wstar-is-type]
    Using ‘*’ (or its Unicode variant) to mean ‘Data.Kind.Type’
    relies on the StarIsType extension, which will become
    deprecated in the future.
    Suggested fix: Use ‘Type’ from ‘Data.Kind’ instead.
   |
98 | type family GUnzip (z :: Select) (f :: * -> *) :: * -> *
   |                                                   ^

Data/Profunctor/Product/Internal/Adaptor.hs:98:56: warning: [GHC-39567] [-Wstar-is-type]
    Using ‘*’ (or its Unicode variant) to mean ‘Data.Kind.Type’
    relies on the StarIsType extension, which will become
    deprecated in the future.
    Suggested fix: Use ‘Type’ from ‘Data.Kind’ instead.
   |
98 | type family GUnzip (z :: Select) (f :: * -> *) :: * -> *
   |                                                        ^
[ 9 of 13] Compiling Data.Profunctor.Product.Adaptor
[10 of 13] Compiling Data.Profunctor.Product.Default

Data/Profunctor/Product/Default.hs:71:1: warning: [GHC-58520] [-Wtype-equality-requires-operators]
    The use of ‘~’ without TypeOperators
    will become an error in a future GHC release.
    Suggested fix: Perhaps you intended to use TypeOperators
   |
71 | mkDefaultNs (0:[2..maxTupleSize])
   | ^^^^^^^^^^^^^^^^^^^^^^^^^^^^^^^^^

Data/Profunctor/Product/Default.hs:71:1: warning: [GHC-58520] [-Wtype-equality-requires-operators]
    The use of ‘~’ without TypeOperators
    will become an error in a future GHC release.
    Suggested fix: Perhaps you intended to use TypeOperators
   |
71 | mkDefaultNs (0:[2..maxTupleSize])
   | ^^^^^^^^^^^^^^^^^^^^^^^^^^^^^^^^^

Data/Profunctor/Product/Default.hs:71:1: warning: [GHC-58520] [-Wtype-equality-requires-operators]
    The use of ‘~’ without TypeOperators
    will become an error in a future GHC release.
    Suggested fix: Perhaps you intended to use TypeOperators
   |
71 | mkDefaultNs (0:[2..maxTupleSize])
   | ^^^^^^^^^^^^^^^^^^^^^^^^^^^^^^^^^

Data/Profunctor/Product/Default.hs:71:1: warning: [GHC-58520] [-Wtype-equality-requires-operators]
    The use of ‘~’ without TypeOperators
    will become an error in a future GHC release.
    Suggested fix: Perhaps you intended to use TypeOperators
   |
71 | mkDefaultNs (0:[2..maxTupleSize])
   | ^^^^^^^^^^^^^^^^^^^^^^^^^^^^^^^^^

Data/Profunctor/Product/Default.hs:71:1: warning: [GHC-58520] [-Wtype-equality-requires-operators]
    The use of ‘~’ without TypeOperators
    will become an error in a future GHC release.
    Suggested fix: Perhaps you intended to use TypeOperators
   |
71 | mkDefaultNs (0:[2..maxTupleSize])
   | ^^^^^^^^^^^^^^^^^^^^^^^^^^^^^^^^^

Data/Profunctor/Product/Default.hs:71:1: warning: [GHC-58520] [-Wtype-equality-requires-operators]
    The use of ‘~’ without TypeOperators
    will become an error in a future GHC release.
    Suggested fix: Perhaps you intended to use TypeOperators
   |
71 | mkDefaultNs (0:[2..maxTupleSize])
   | ^^^^^^^^^^^^^^^^^^^^^^^^^^^^^^^^^

Data/Profunctor/Product/Default.hs:71:1: warning: [GHC-58520] [-Wtype-equality-requires-operators]
    The use of ‘~’ without TypeOperators
    will become an error in a future GHC release.
    Suggested fix: Perhaps you intended to use TypeOperators
   |
71 | mkDefaultNs (0:[2..maxTupleSize])
   | ^^^^^^^^^^^^^^^^^^^^^^^^^^^^^^^^^

Data/Profunctor/Product/Default.hs:71:1: warning: [GHC-58520] [-Wtype-equality-requires-operators]
    The use of ‘~’ without TypeOperators
    will become an error in a future GHC release.
    Suggested fix: Perhaps you intended to use TypeOperators
   |
71 | mkDefaultNs (0:[2..maxTupleSize])
   | ^^^^^^^^^^^^^^^^^^^^^^^^^^^^^^^^^

Data/Profunctor/Product/Default.hs:71:1: warning: [GHC-58520] [-Wtype-equality-requires-operators]
    The use of ‘~’ without TypeOperators
    will become an error in a future GHC release.
    Suggested fix: Perhaps you intended to use TypeOperators
   |
71 | mkDefaultNs (0:[2..maxTupleSize])
   | ^^^^^^^^^^^^^^^^^^^^^^^^^^^^^^^^^

Data/Profunctor/Product/Default.hs:71:1: warning: [GHC-58520] [-Wtype-equality-requires-operators]
    The use of ‘~’ without TypeOperators
    will become an error in a future GHC release.
    Suggested fix: Perhaps you intended to use TypeOperators
   |
71 | mkDefaultNs (0:[2..maxTupleSize])
   | ^^^^^^^^^^^^^^^^^^^^^^^^^^^^^^^^^

Data/Profunctor/Product/Default.hs:71:1: warning: [GHC-58520] [-Wtype-equality-requires-operators]
    The use of ‘~’ without TypeOperators
    will become an error in a future GHC release.
    Suggested fix: Perhaps you intended to use TypeOperators
   |
71 | mkDefaultNs (0:[2..maxTupleSize])
   | ^^^^^^^^^^^^^^^^^^^^^^^^^^^^^^^^^

Data/Profunctor/Product/Default.hs:71:1: warning: [GHC-58520] [-Wtype-equality-requires-operators]
    The use of ‘~’ without TypeOperators
    will become an error in a future GHC release.
    Suggested fix: Perhaps you intended to use TypeOperators
   |
71 | mkDefaultNs (0:[2..maxTupleSize])
   | ^^^^^^^^^^^^^^^^^^^^^^^^^^^^^^^^^

Data/Profunctor/Product/Default.hs:71:1: warning: [GHC-58520] [-Wtype-equality-requires-operators]
    The use of ‘~’ without TypeOperators
    will become an error in a future GHC release.
    Suggested fix: Perhaps you intended to use TypeOperators
   |
71 | mkDefaultNs (0:[2..maxTupleSize])
   | ^^^^^^^^^^^^^^^^^^^^^^^^^^^^^^^^^

Data/Profunctor/Product/Default.hs:71:1: warning: [GHC-58520] [-Wtype-equality-requires-operators]
    The use of ‘~’ without TypeOperators
    will become an error in a future GHC release.
    Suggested fix: Perhaps you intended to use TypeOperators
   |
71 | mkDefaultNs (0:[2..maxTupleSize])
   | ^^^^^^^^^^^^^^^^^^^^^^^^^^^^^^^^^

Data/Profunctor/Product/Default.hs:71:1: warning: [GHC-58520] [-Wtype-equality-requires-operators]
    The use of ‘~’ without TypeOperators
    will become an error in a future GHC release.
    Suggested fix: Perhaps you intended to use TypeOperators
   |
71 | mkDefaultNs (0:[2..maxTupleSize])
   | ^^^^^^^^^^^^^^^^^^^^^^^^^^^^^^^^^

Data/Profunctor/Product/Default.hs:71:1: warning: [GHC-58520] [-Wtype-equality-requires-operators]
    The use of ‘~’ without TypeOperators
    will become an error in a future GHC release.
    Suggested fix: Perhaps you intended to use TypeOperators
   |
71 | mkDefaultNs (0:[2..maxTupleSize])
   | ^^^^^^^^^^^^^^^^^^^^^^^^^^^^^^^^^

Data/Profunctor/Product/Default.hs:71:1: warning: [GHC-58520] [-Wtype-equality-requires-operators]
    The use of ‘~’ without TypeOperators
    will become an error in a future GHC release.
    Suggested fix: Perhaps you intended to use TypeOperators
   |
71 | mkDefaultNs (0:[2..maxTupleSize])
   | ^^^^^^^^^^^^^^^^^^^^^^^^^^^^^^^^^

Data/Profunctor/Product/Default.hs:71:1: warning: [GHC-58520] [-Wtype-equality-requires-operators]
    The use of ‘~’ without TypeOperators
    will become an error in a future GHC release.
    Suggested fix: Perhaps you intended to use TypeOperators
   |
71 | mkDefaultNs (0:[2..maxTupleSize])
   | ^^^^^^^^^^^^^^^^^^^^^^^^^^^^^^^^^

Data/Profunctor/Product/Default.hs:71:1: warning: [GHC-58520] [-Wtype-equality-requires-operators]
    The use of ‘~’ without TypeOperators
    will become an error in a future GHC release.
    Suggested fix: Perhaps you intended to use TypeOperators
   |
71 | mkDefaultNs (0:[2..maxTupleSize])
   | ^^^^^^^^^^^^^^^^^^^^^^^^^^^^^^^^^

Data/Profunctor/Product/Default.hs:71:1: warning: [GHC-58520] [-Wtype-equality-requires-operators]
    The use of ‘~’ without TypeOperators
    will become an error in a future GHC release.
    Suggested fix: Perhaps you intended to use TypeOperators
   |
71 | mkDefaultNs (0:[2..maxTupleSize])
   | ^^^^^^^^^^^^^^^^^^^^^^^^^^^^^^^^^

Data/Profunctor/Product/Default.hs:71:1: warning: [GHC-58520] [-Wtype-equality-requires-operators]
    The use of ‘~’ without TypeOperators
    will become an error in a future GHC release.
    Suggested fix: Perhaps you intended to use TypeOperators
   |
71 | mkDefaultNs (0:[2..maxTupleSize])
   | ^^^^^^^^^^^^^^^^^^^^^^^^^^^^^^^^^

Data/Profunctor/Product/Default.hs:71:1: warning: [GHC-58520] [-Wtype-equality-requires-operators]
    The use of ‘~’ without TypeOperators
    will become an error in a future GHC release.
    Suggested fix: Perhaps you intended to use TypeOperators
   |
71 | mkDefaultNs (0:[2..maxTupleSize])
   | ^^^^^^^^^^^^^^^^^^^^^^^^^^^^^^^^^

Data/Profunctor/Product/Default.hs:71:1: warning: [GHC-58520] [-Wtype-equality-requires-operators]
    The use of ‘~’ without TypeOperators
    will become an error in a future GHC release.
    Suggested fix: Perhaps you intended to use TypeOperators
   |
71 | mkDefaultNs (0:[2..maxTupleSize])
   | ^^^^^^^^^^^^^^^^^^^^^^^^^^^^^^^^^

Data/Profunctor/Product/Default.hs:71:1: warning: [GHC-58520] [-Wtype-equality-requires-operators]
    The use of ‘~’ without TypeOperators
    will become an error in a future GHC release.
    Suggested fix: Perhaps you intended to use TypeOperators
   |
71 | mkDefaultNs (0:[2..maxTupleSize])
   | ^^^^^^^^^^^^^^^^^^^^^^^^^^^^^^^^^

Data/Profunctor/Product/Default.hs:71:1: warning: [GHC-58520] [-Wtype-equality-requires-operators]
    The use of ‘~’ without TypeOperators
    will become an error in a future GHC release.
    Suggested fix: Perhaps you intended to use TypeOperators
   |
71 | mkDefaultNs (0:[2..maxTupleSize])
   | ^^^^^^^^^^^^^^^^^^^^^^^^^^^^^^^^^

Data/Profunctor/Product/Default.hs:71:1: warning: [GHC-58520] [-Wtype-equality-requires-operators]
    The use of ‘~’ without TypeOperators
    will become an error in a future GHC release.
    Suggested fix: Perhaps you intended to use TypeOperators
   |
71 | mkDefaultNs (0:[2..maxTupleSize])
   | ^^^^^^^^^^^^^^^^^^^^^^^^^^^^^^^^^

Data/Profunctor/Product/Default.hs:71:1: warning: [GHC-58520] [-Wtype-equality-requires-operators]
    The use of ‘~’ without TypeOperators
    will become an error in a future GHC release.
    Suggested fix: Perhaps you intended to use TypeOperators
   |
71 | mkDefaultNs (0:[2..maxTupleSize])
   | ^^^^^^^^^^^^^^^^^^^^^^^^^^^^^^^^^

Data/Profunctor/Product/Default.hs:71:1: warning: [GHC-58520] [-Wtype-equality-requires-operators]
    The use of ‘~’ without TypeOperators
    will become an error in a future GHC release.
    Suggested fix: Perhaps you intended to use TypeOperators
   |
71 | mkDefaultNs (0:[2..maxTupleSize])
   | ^^^^^^^^^^^^^^^^^^^^^^^^^^^^^^^^^

Data/Profunctor/Product/Default.hs:71:1: warning: [GHC-58520] [-Wtype-equality-requires-operators]
    The use of ‘~’ without TypeOperators
    will become an error in a future GHC release.
    Suggested fix: Perhaps you intended to use TypeOperators
   |
71 | mkDefaultNs (0:[2..maxTupleSize])
   | ^^^^^^^^^^^^^^^^^^^^^^^^^^^^^^^^^

Data/Profunctor/Product/Default.hs:71:1: warning: [GHC-58520] [-Wtype-equality-requires-operators]
    The use of ‘~’ without TypeOperators
    will become an error in a future GHC release.
    Suggested fix: Perhaps you intended to use TypeOperators
   |
71 | mkDefaultNs (0:[2..maxTupleSize])
   | ^^^^^^^^^^^^^^^^^^^^^^^^^^^^^^^^^

Data/Profunctor/Product/Default.hs:71:1: warning: [GHC-58520] [-Wtype-equality-requires-operators]
    The use of ‘~’ without TypeOperators
    will become an error in a future GHC release.
    Suggested fix: Perhaps you intended to use TypeOperators
   |
71 | mkDefaultNs (0:[2..maxTupleSize])
   | ^^^^^^^^^^^^^^^^^^^^^^^^^^^^^^^^^

Data/Profunctor/Product/Default.hs:71:1: warning: [GHC-58520] [-Wtype-equality-requires-operators]
    The use of ‘~’ without TypeOperators
    will become an error in a future GHC release.
    Suggested fix: Perhaps you intended to use TypeOperators
   |
71 | mkDefaultNs (0:[2..maxTupleSize])
   | ^^^^^^^^^^^^^^^^^^^^^^^^^^^^^^^^^

Data/Profunctor/Product/Default.hs:71:1: warning: [GHC-58520] [-Wtype-equality-requires-operators]
    The use of ‘~’ without TypeOperators
    will become an error in a future GHC release.
    Suggested fix: Perhaps you intended to use TypeOperators
   |
71 | mkDefaultNs (0:[2..maxTupleSize])
   | ^^^^^^^^^^^^^^^^^^^^^^^^^^^^^^^^^

Data/Profunctor/Product/Default.hs:71:1: warning: [GHC-58520] [-Wtype-equality-requires-operators]
    The use of ‘~’ without TypeOperators
    will become an error in a future GHC release.
    Suggested fix: Perhaps you intended to use TypeOperators
   |
71 | mkDefaultNs (0:[2..maxTupleSize])
   | ^^^^^^^^^^^^^^^^^^^^^^^^^^^^^^^^^

Data/Profunctor/Product/Default.hs:71:1: warning: [GHC-58520] [-Wtype-equality-requires-operators]
    The use of ‘~’ without TypeOperators
    will become an error in a future GHC release.
    Suggested fix: Perhaps you intended to use TypeOperators
   |
71 | mkDefaultNs (0:[2..maxTupleSize])
   | ^^^^^^^^^^^^^^^^^^^^^^^^^^^^^^^^^

Data/Profunctor/Product/Default.hs:71:1: warning: [GHC-58520] [-Wtype-equality-requires-operators]
    The use of ‘~’ without TypeOperators
    will become an error in a future GHC release.
    Suggested fix: Perhaps you intended to use TypeOperators
   |
71 | mkDefaultNs (0:[2..maxTupleSize])
   | ^^^^^^^^^^^^^^^^^^^^^^^^^^^^^^^^^

Data/Profunctor/Product/Default.hs:71:1: warning: [GHC-58520] [-Wtype-equality-requires-operators]
    The use of ‘~’ without TypeOperators
    will become an error in a future GHC release.
    Suggested fix: Perhaps you intended to use TypeOperators
   |
71 | mkDefaultNs (0:[2..maxTupleSize])
   | ^^^^^^^^^^^^^^^^^^^^^^^^^^^^^^^^^

Data/Profunctor/Product/Default.hs:71:1: warning: [GHC-58520] [-Wtype-equality-requires-operators]
    The use of ‘~’ without TypeOperators
    will become an error in a future GHC release.
    Suggested fix: Perhaps you intended to use TypeOperators
   |
71 | mkDefaultNs (0:[2..maxTupleSize])
   | ^^^^^^^^^^^^^^^^^^^^^^^^^^^^^^^^^

Data/Profunctor/Product/Default.hs:71:1: warning: [GHC-58520] [-Wtype-equality-requires-operators]
    The use of ‘~’ without TypeOperators
    will become an error in a future GHC release.
    Suggested fix: Perhaps you intended to use TypeOperators
   |
71 | mkDefaultNs (0:[2..maxTupleSize])
   | ^^^^^^^^^^^^^^^^^^^^^^^^^^^^^^^^^

Data/Profunctor/Product/Default.hs:71:1: warning: [GHC-58520] [-Wtype-equality-requires-operators]
    The use of ‘~’ without TypeOperators
    will become an error in a future GHC release.
    Suggested fix: Perhaps you intended to use TypeOperators
   |
71 | mkDefaultNs (0:[2..maxTupleSize])
   | ^^^^^^^^^^^^^^^^^^^^^^^^^^^^^^^^^

Data/Profunctor/Product/Default.hs:71:1: warning: [GHC-58520] [-Wtype-equality-requires-operators]
    The use of ‘~’ without TypeOperators
    will become an error in a future GHC release.
    Suggested fix: Perhaps you intended to use TypeOperators
   |
71 | mkDefaultNs (0:[2..maxTupleSize])
   | ^^^^^^^^^^^^^^^^^^^^^^^^^^^^^^^^^

Data/Profunctor/Product/Default.hs:71:1: warning: [GHC-58520] [-Wtype-equality-requires-operators]
    The use of ‘~’ without TypeOperators
    will become an error in a future GHC release.
    Suggested fix: Perhaps you intended to use TypeOperators
   |
71 | mkDefaultNs (0:[2..maxTupleSize])
   | ^^^^^^^^^^^^^^^^^^^^^^^^^^^^^^^^^

Data/Profunctor/Product/Default.hs:71:1: warning: [GHC-58520] [-Wtype-equality-requires-operators]
    The use of ‘~’ without TypeOperators
    will become an error in a future GHC release.
    Suggested fix: Perhaps you intended to use TypeOperators
   |
71 | mkDefaultNs (0:[2..maxTupleSize])
   | ^^^^^^^^^^^^^^^^^^^^^^^^^^^^^^^^^

Data/Profunctor/Product/Default.hs:71:1: warning: [GHC-58520] [-Wtype-equality-requires-operators]
    The use of ‘~’ without TypeOperators
    will become an error in a future GHC release.
    Suggested fix: Perhaps you intended to use TypeOperators
   |
71 | mkDefaultNs (0:[2..maxTupleSize])
   | ^^^^^^^^^^^^^^^^^^^^^^^^^^^^^^^^^

Data/Profunctor/Product/Default.hs:71:1: warning: [GHC-58520] [-Wtype-equality-requires-operators]
    The use of ‘~’ without TypeOperators
    will become an error in a future GHC release.
    Suggested fix: Perhaps you intended to use TypeOperators
   |
71 | mkDefaultNs (0:[2..maxTupleSize])
   | ^^^^^^^^^^^^^^^^^^^^^^^^^^^^^^^^^

Data/Profunctor/Product/Default.hs:71:1: warning: [GHC-58520] [-Wtype-equality-requires-operators]
    The use of ‘~’ without TypeOperators
    will become an error in a future GHC release.
    Suggested fix: Perhaps you intended to use TypeOperators
   |
71 | mkDefaultNs (0:[2..maxTupleSize])
   | ^^^^^^^^^^^^^^^^^^^^^^^^^^^^^^^^^

Data/Profunctor/Product/Default.hs:71:1: warning: [GHC-58520] [-Wtype-equality-requires-operators]
    The use of ‘~’ without TypeOperators
    will become an error in a future GHC release.
    Suggested fix: Perhaps you intended to use TypeOperators
   |
71 | mkDefaultNs (0:[2..maxTupleSize])
   | ^^^^^^^^^^^^^^^^^^^^^^^^^^^^^^^^^

Data/Profunctor/Product/Default.hs:71:1: warning: [GHC-58520] [-Wtype-equality-requires-operators]
    The use of ‘~’ without TypeOperators
    will become an error in a future GHC release.
    Suggested fix: Perhaps you intended to use TypeOperators
   |
71 | mkDefaultNs (0:[2..maxTupleSize])
   | ^^^^^^^^^^^^^^^^^^^^^^^^^^^^^^^^^

Data/Profunctor/Product/Default.hs:71:1: warning: [GHC-58520] [-Wtype-equality-requires-operators]
    The use of ‘~’ without TypeOperators
    will become an error in a future GHC release.
    Suggested fix: Perhaps you intended to use TypeOperators
   |
71 | mkDefaultNs (0:[2..maxTupleSize])
   | ^^^^^^^^^^^^^^^^^^^^^^^^^^^^^^^^^

Data/Profunctor/Product/Default.hs:71:1: warning: [GHC-58520] [-Wtype-equality-requires-operators]
    The use of ‘~’ without TypeOperators
    will become an error in a future GHC release.
    Suggested fix: Perhaps you intended to use TypeOperators
   |
71 | mkDefaultNs (0:[2..maxTupleSize])
   | ^^^^^^^^^^^^^^^^^^^^^^^^^^^^^^^^^

Data/Profunctor/Product/Default.hs:71:1: warning: [GHC-58520] [-Wtype-equality-requires-operators]
    The use of ‘~’ without TypeOperators
    will become an error in a future GHC release.
    Suggested fix: Perhaps you intended to use TypeOperators
   |
71 | mkDefaultNs (0:[2..maxTupleSize])
   | ^^^^^^^^^^^^^^^^^^^^^^^^^^^^^^^^^

Data/Profunctor/Product/Default.hs:71:1: warning: [GHC-58520] [-Wtype-equality-requires-operators]
    The use of ‘~’ without TypeOperators
    will become an error in a future GHC release.
    Suggested fix: Perhaps you intended to use TypeOperators
   |
71 | mkDefaultNs (0:[2..maxTupleSize])
   | ^^^^^^^^^^^^^^^^^^^^^^^^^^^^^^^^^

Data/Profunctor/Product/Default.hs:71:1: warning: [GHC-58520] [-Wtype-equality-requires-operators]
    The use of ‘~’ without TypeOperators
    will become an error in a future GHC release.
    Suggested fix: Perhaps you intended to use TypeOperators
   |
71 | mkDefaultNs (0:[2..maxTupleSize])
   | ^^^^^^^^^^^^^^^^^^^^^^^^^^^^^^^^^

Data/Profunctor/Product/Default.hs:71:1: warning: [GHC-58520] [-Wtype-equality-requires-operators]
    The use of ‘~’ without TypeOperators
    will become an error in a future GHC release.
    Suggested fix: Perhaps you intended to use TypeOperators
   |
71 | mkDefaultNs (0:[2..maxTupleSize])
   | ^^^^^^^^^^^^^^^^^^^^^^^^^^^^^^^^^

Data/Profunctor/Product/Default.hs:71:1: warning: [GHC-58520] [-Wtype-equality-requires-operators]
    The use of ‘~’ without TypeOperators
    will become an error in a future GHC release.
    Suggested fix: Perhaps you intended to use TypeOperators
   |
71 | mkDefaultNs (0:[2..maxTupleSize])
   | ^^^^^^^^^^^^^^^^^^^^^^^^^^^^^^^^^

Data/Profunctor/Product/Default.hs:71:1: warning: [GHC-58520] [-Wtype-equality-requires-operators]
    The use of ‘~’ without TypeOperators
    will become an error in a future GHC release.
    Suggested fix: Perhaps you intended to use TypeOperators
   |
71 | mkDefaultNs (0:[2..maxTupleSize])
   | ^^^^^^^^^^^^^^^^^^^^^^^^^^^^^^^^^

Data/Profunctor/Product/Default.hs:71:1: warning: [GHC-58520] [-Wtype-equality-requires-operators]
    The use of ‘~’ without TypeOperators
    will become an error in a future GHC release.
    Suggested fix: Perhaps you intended to use TypeOperators
   |
71 | mkDefaultNs (0:[2..maxTupleSize])
   | ^^^^^^^^^^^^^^^^^^^^^^^^^^^^^^^^^

Data/Profunctor/Product/Default.hs:71:1: warning: [GHC-58520] [-Wtype-equality-requires-operators]
    The use of ‘~’ without TypeOperators
    will become an error in a future GHC release.
    Suggested fix: Perhaps you intended to use TypeOperators
   |
71 | mkDefaultNs (0:[2..maxTupleSize])
   | ^^^^^^^^^^^^^^^^^^^^^^^^^^^^^^^^^

Data/Profunctor/Product/Default.hs:71:1: warning: [GHC-58520] [-Wtype-equality-requires-operators]
    The use of ‘~’ without TypeOperators
    will become an error in a future GHC release.
    Suggested fix: Perhaps you intended to use TypeOperators
   |
71 | mkDefaultNs (0:[2..maxTupleSize])
   | ^^^^^^^^^^^^^^^^^^^^^^^^^^^^^^^^^

Data/Profunctor/Product/Default.hs:71:1: warning: [GHC-58520] [-Wtype-equality-requires-operators]
    The use of ‘~’ without TypeOperators
    will become an error in a future GHC release.
    Suggested fix: Perhaps you intended to use TypeOperators
   |
71 | mkDefaultNs (0:[2..maxTupleSize])
   | ^^^^^^^^^^^^^^^^^^^^^^^^^^^^^^^^^

Data/Profunctor/Product/Default.hs:71:1: warning: [GHC-58520] [-Wtype-equality-requires-operators]
    The use of ‘~’ without TypeOperators
    will become an error in a future GHC release.
    Suggested fix: Perhaps you intended to use TypeOperators
   |
71 | mkDefaultNs (0:[2..maxTupleSize])
   | ^^^^^^^^^^^^^^^^^^^^^^^^^^^^^^^^^

Data/Profunctor/Product/Default.hs:71:1: warning: [GHC-58520] [-Wtype-equality-requires-operators]
    The use of ‘~’ without TypeOperators
    will become an error in a future GHC release.
    Suggested fix: Perhaps you intended to use TypeOperators
   |
71 | mkDefaultNs (0:[2..maxTupleSize])
   | ^^^^^^^^^^^^^^^^^^^^^^^^^^^^^^^^^

Data/Profunctor/Product/Default.hs:71:1: warning: [GHC-58520] [-Wtype-equality-requires-operators]
    The use of ‘~’ without TypeOperators
    will become an error in a future GHC release.
    Suggested fix: Perhaps you intended to use TypeOperators
   |
71 | mkDefaultNs (0:[2..maxTupleSize])
   | ^^^^^^^^^^^^^^^^^^^^^^^^^^^^^^^^^

Data/Profunctor/Product/Default.hs:71:1: warning: [GHC-58520] [-Wtype-equality-requires-operators]
    The use of ‘~’ without TypeOperators
    will become an error in a future GHC release.
    Suggested fix: Perhaps you intended to use TypeOperators
   |
71 | mkDefaultNs (0:[2..maxTupleSize])
   | ^^^^^^^^^^^^^^^^^^^^^^^^^^^^^^^^^

Data/Profunctor/Product/Default.hs:71:1: warning: [GHC-58520] [-Wtype-equality-requires-operators]
    The use of ‘~’ without TypeOperators
    will become an error in a future GHC release.
    Suggested fix: Perhaps you intended to use TypeOperators
   |
71 | mkDefaultNs (0:[2..maxTupleSize])
   | ^^^^^^^^^^^^^^^^^^^^^^^^^^^^^^^^^

Data/Profunctor/Product/Default.hs:71:1: warning: [GHC-58520] [-Wtype-equality-requires-operators]
    The use of ‘~’ without TypeOperators
    will become an error in a future GHC release.
    Suggested fix: Perhaps you intended to use TypeOperators
   |
71 | mkDefaultNs (0:[2..maxTupleSize])
   | ^^^^^^^^^^^^^^^^^^^^^^^^^^^^^^^^^

Data/Profunctor/Product/Default.hs:71:1: warning: [GHC-58520] [-Wtype-equality-requires-operators]
    The use of ‘~’ without TypeOperators
    will become an error in a future GHC release.
    Suggested fix: Perhaps you intended to use TypeOperators
   |
71 | mkDefaultNs (0:[2..maxTupleSize])
   | ^^^^^^^^^^^^^^^^^^^^^^^^^^^^^^^^^

Data/Profunctor/Product/Default.hs:71:1: warning: [GHC-58520] [-Wtype-equality-requires-operators]
    The use of ‘~’ without TypeOperators
    will become an error in a future GHC release.
    Suggested fix: Perhaps you intended to use TypeOperators
   |
71 | mkDefaultNs (0:[2..maxTupleSize])
   | ^^^^^^^^^^^^^^^^^^^^^^^^^^^^^^^^^

Data/Profunctor/Product/Default.hs:71:1: warning: [GHC-58520] [-Wtype-equality-requires-operators]
    The use of ‘~’ without TypeOperators
    will become an error in a future GHC release.
    Suggested fix: Perhaps you intended to use TypeOperators
   |
71 | mkDefaultNs (0:[2..maxTupleSize])
   | ^^^^^^^^^^^^^^^^^^^^^^^^^^^^^^^^^

Data/Profunctor/Product/Default.hs:71:1: warning: [GHC-58520] [-Wtype-equality-requires-operators]
    The use of ‘~’ without TypeOperators
    will become an error in a future GHC release.
    Suggested fix: Perhaps you intended to use TypeOperators
   |
71 | mkDefaultNs (0:[2..maxTupleSize])
   | ^^^^^^^^^^^^^^^^^^^^^^^^^^^^^^^^^

Data/Profunctor/Product/Default.hs:71:1: warning: [GHC-58520] [-Wtype-equality-requires-operators]
    The use of ‘~’ without TypeOperators
    will become an error in a future GHC release.
    Suggested fix: Perhaps you intended to use TypeOperators
   |
71 | mkDefaultNs (0:[2..maxTupleSize])
   | ^^^^^^^^^^^^^^^^^^^^^^^^^^^^^^^^^

Data/Profunctor/Product/Default.hs:71:1: warning: [GHC-58520] [-Wtype-equality-requires-operators]
    The use of ‘~’ without TypeOperators
    will become an error in a future GHC release.
    Suggested fix: Perhaps you intended to use TypeOperators
   |
71 | mkDefaultNs (0:[2..maxTupleSize])
   | ^^^^^^^^^^^^^^^^^^^^^^^^^^^^^^^^^

Data/Profunctor/Product/Default.hs:71:1: warning: [GHC-58520] [-Wtype-equality-requires-operators]
    The use of ‘~’ without TypeOperators
    will become an error in a future GHC release.
    Suggested fix: Perhaps you intended to use TypeOperators
   |
71 | mkDefaultNs (0:[2..maxTupleSize])
   | ^^^^^^^^^^^^^^^^^^^^^^^^^^^^^^^^^

Data/Profunctor/Product/Default.hs:71:1: warning: [GHC-58520] [-Wtype-equality-requires-operators]
    The use of ‘~’ without TypeOperators
    will become an error in a future GHC release.
    Suggested fix: Perhaps you intended to use TypeOperators
   |
71 | mkDefaultNs (0:[2..maxTupleSize])
   | ^^^^^^^^^^^^^^^^^^^^^^^^^^^^^^^^^

Data/Profunctor/Product/Default.hs:71:1: warning: [GHC-58520] [-Wtype-equality-requires-operators]
    The use of ‘~’ without TypeOperators
    will become an error in a future GHC release.
    Suggested fix: Perhaps you intended to use TypeOperators
   |
71 | mkDefaultNs (0:[2..maxTupleSize])
   | ^^^^^^^^^^^^^^^^^^^^^^^^^^^^^^^^^

Data/Profunctor/Product/Default.hs:71:1: warning: [GHC-58520] [-Wtype-equality-requires-operators]
    The use of ‘~’ without TypeOperators
    will become an error in a future GHC release.
    Suggested fix: Perhaps you intended to use TypeOperators
   |
71 | mkDefaultNs (0:[2..maxTupleSize])
   | ^^^^^^^^^^^^^^^^^^^^^^^^^^^^^^^^^

Data/Profunctor/Product/Default.hs:71:1: warning: [GHC-58520] [-Wtype-equality-requires-operators]
    The use of ‘~’ without TypeOperators
    will become an error in a future GHC release.
    Suggested fix: Perhaps you intended to use TypeOperators
   |
71 | mkDefaultNs (0:[2..maxTupleSize])
   | ^^^^^^^^^^^^^^^^^^^^^^^^^^^^^^^^^

Data/Profunctor/Product/Default.hs:71:1: warning: [GHC-58520] [-Wtype-equality-requires-operators]
    The use of ‘~’ without TypeOperators
    will become an error in a future GHC release.
    Suggested fix: Perhaps you intended to use TypeOperators
   |
71 | mkDefaultNs (0:[2..maxTupleSize])
   | ^^^^^^^^^^^^^^^^^^^^^^^^^^^^^^^^^

Data/Profunctor/Product/Default.hs:71:1: warning: [GHC-58520] [-Wtype-equality-requires-operators]
    The use of ‘~’ without TypeOperators
    will become an error in a future GHC release.
    Suggested fix: Perhaps you intended to use TypeOperators
   |
71 | mkDefaultNs (0:[2..maxTupleSize])
   | ^^^^^^^^^^^^^^^^^^^^^^^^^^^^^^^^^

Data/Profunctor/Product/Default.hs:71:1: warning: [GHC-58520] [-Wtype-equality-requires-operators]
    The use of ‘~’ without TypeOperators
    will become an error in a future GHC release.
    Suggested fix: Perhaps you intended to use TypeOperators
   |
71 | mkDefaultNs (0:[2..maxTupleSize])
   | ^^^^^^^^^^^^^^^^^^^^^^^^^^^^^^^^^

Data/Profunctor/Product/Default.hs:71:1: warning: [GHC-58520] [-Wtype-equality-requires-operators]
    The use of ‘~’ without TypeOperators
    will become an error in a future GHC release.
    Suggested fix: Perhaps you intended to use TypeOperators
   |
71 | mkDefaultNs (0:[2..maxTupleSize])
   | ^^^^^^^^^^^^^^^^^^^^^^^^^^^^^^^^^

Data/Profunctor/Product/Default.hs:71:1: warning: [GHC-58520] [-Wtype-equality-requires-operators]
    The use of ‘~’ without TypeOperators
    will become an error in a future GHC release.
    Suggested fix: Perhaps you intended to use TypeOperators
   |
71 | mkDefaultNs (0:[2..maxTupleSize])
   | ^^^^^^^^^^^^^^^^^^^^^^^^^^^^^^^^^

Data/Profunctor/Product/Default.hs:71:1: warning: [GHC-58520] [-Wtype-equality-requires-operators]
    The use of ‘~’ without TypeOperators
    will become an error in a future GHC release.
    Suggested fix: Perhaps you intended to use TypeOperators
   |
71 | mkDefaultNs (0:[2..maxTupleSize])
   | ^^^^^^^^^^^^^^^^^^^^^^^^^^^^^^^^^

Data/Profunctor/Product/Default.hs:71:1: warning: [GHC-58520] [-Wtype-equality-requires-operators]
    The use of ‘~’ without TypeOperators
    will become an error in a future GHC release.
    Suggested fix: Perhaps you intended to use TypeOperators
   |
71 | mkDefaultNs (0:[2..maxTupleSize])
   | ^^^^^^^^^^^^^^^^^^^^^^^^^^^^^^^^^

Data/Profunctor/Product/Default.hs:71:1: warning: [GHC-58520] [-Wtype-equality-requires-operators]
    The use of ‘~’ without TypeOperators
    will become an error in a future GHC release.
    Suggested fix: Perhaps you intended to use TypeOperators
   |
71 | mkDefaultNs (0:[2..maxTupleSize])
   | ^^^^^^^^^^^^^^^^^^^^^^^^^^^^^^^^^

Data/Profunctor/Product/Default.hs:71:1: warning: [GHC-58520] [-Wtype-equality-requires-operators]
    The use of ‘~’ without TypeOperators
    will become an error in a future GHC release.
    Suggested fix: Perhaps you intended to use TypeOperators
   |
71 | mkDefaultNs (0:[2..maxTupleSize])
   | ^^^^^^^^^^^^^^^^^^^^^^^^^^^^^^^^^

Data/Profunctor/Product/Default.hs:71:1: warning: [GHC-58520] [-Wtype-equality-requires-operators]
    The use of ‘~’ without TypeOperators
    will become an error in a future GHC release.
    Suggested fix: Perhaps you intended to use TypeOperators
   |
71 | mkDefaultNs (0:[2..maxTupleSize])
   | ^^^^^^^^^^^^^^^^^^^^^^^^^^^^^^^^^

Data/Profunctor/Product/Default.hs:71:1: warning: [GHC-58520] [-Wtype-equality-requires-operators]
    The use of ‘~’ without TypeOperators
    will become an error in a future GHC release.
    Suggested fix: Perhaps you intended to use TypeOperators
   |
71 | mkDefaultNs (0:[2..maxTupleSize])
   | ^^^^^^^^^^^^^^^^^^^^^^^^^^^^^^^^^

Data/Profunctor/Product/Default.hs:71:1: warning: [GHC-58520] [-Wtype-equality-requires-operators]
    The use of ‘~’ without TypeOperators
    will become an error in a future GHC release.
    Suggested fix: Perhaps you intended to use TypeOperators
   |
71 | mkDefaultNs (0:[2..maxTupleSize])
   | ^^^^^^^^^^^^^^^^^^^^^^^^^^^^^^^^^

Data/Profunctor/Product/Default.hs:71:1: warning: [GHC-58520] [-Wtype-equality-requires-operators]
    The use of ‘~’ without TypeOperators
    will become an error in a future GHC release.
    Suggested fix: Perhaps you intended to use TypeOperators
   |
71 | mkDefaultNs (0:[2..maxTupleSize])
   | ^^^^^^^^^^^^^^^^^^^^^^^^^^^^^^^^^

Data/Profunctor/Product/Default.hs:71:1: warning: [GHC-58520] [-Wtype-equality-requires-operators]
    The use of ‘~’ without TypeOperators
    will become an error in a future GHC release.
    Suggested fix: Perhaps you intended to use TypeOperators
   |
71 | mkDefaultNs (0:[2..maxTupleSize])
   | ^^^^^^^^^^^^^^^^^^^^^^^^^^^^^^^^^

Data/Profunctor/Product/Default.hs:71:1: warning: [GHC-58520] [-Wtype-equality-requires-operators]
    The use of ‘~’ without TypeOperators
    will become an error in a future GHC release.
    Suggested fix: Perhaps you intended to use TypeOperators
   |
71 | mkDefaultNs (0:[2..maxTupleSize])
   | ^^^^^^^^^^^^^^^^^^^^^^^^^^^^^^^^^

Data/Profunctor/Product/Default.hs:71:1: warning: [GHC-58520] [-Wtype-equality-requires-operators]
    The use of ‘~’ without TypeOperators
    will become an error in a future GHC release.
    Suggested fix: Perhaps you intended to use TypeOperators
   |
71 | mkDefaultNs (0:[2..maxTupleSize])
   | ^^^^^^^^^^^^^^^^^^^^^^^^^^^^^^^^^

Data/Profunctor/Product/Default.hs:71:1: warning: [GHC-58520] [-Wtype-equality-requires-operators]
    The use of ‘~’ without TypeOperators
    will become an error in a future GHC release.
    Suggested fix: Perhaps you intended to use TypeOperators
   |
71 | mkDefaultNs (0:[2..maxTupleSize])
   | ^^^^^^^^^^^^^^^^^^^^^^^^^^^^^^^^^

Data/Profunctor/Product/Default.hs:71:1: warning: [GHC-58520] [-Wtype-equality-requires-operators]
    The use of ‘~’ without TypeOperators
    will become an error in a future GHC release.
    Suggested fix: Perhaps you intended to use TypeOperators
   |
71 | mkDefaultNs (0:[2..maxTupleSize])
   | ^^^^^^^^^^^^^^^^^^^^^^^^^^^^^^^^^

Data/Profunctor/Product/Default.hs:71:1: warning: [GHC-58520] [-Wtype-equality-requires-operators]
    The use of ‘~’ without TypeOperators
    will become an error in a future GHC release.
    Suggested fix: Perhaps you intended to use TypeOperators
   |
71 | mkDefaultNs (0:[2..maxTupleSize])
   | ^^^^^^^^^^^^^^^^^^^^^^^^^^^^^^^^^

Data/Profunctor/Product/Default.hs:71:1: warning: [GHC-58520] [-Wtype-equality-requires-operators]
    The use of ‘~’ without TypeOperators
    will become an error in a future GHC release.
    Suggested fix: Perhaps you intended to use TypeOperators
   |
71 | mkDefaultNs (0:[2..maxTupleSize])
   | ^^^^^^^^^^^^^^^^^^^^^^^^^^^^^^^^^

Data/Profunctor/Product/Default.hs:71:1: warning: [GHC-58520] [-Wtype-equality-requires-operators]
    The use of ‘~’ without TypeOperators
    will become an error in a future GHC release.
    Suggested fix: Perhaps you intended to use TypeOperators
   |
71 | mkDefaultNs (0:[2..maxTupleSize])
   | ^^^^^^^^^^^^^^^^^^^^^^^^^^^^^^^^^

Data/Profunctor/Product/Default.hs:71:1: warning: [GHC-58520] [-Wtype-equality-requires-operators]
    The use of ‘~’ without TypeOperators
    will become an error in a future GHC release.
    Suggested fix: Perhaps you intended to use TypeOperators
   |
71 | mkDefaultNs (0:[2..maxTupleSize])
   | ^^^^^^^^^^^^^^^^^^^^^^^^^^^^^^^^^

Data/Profunctor/Product/Default.hs:71:1: warning: [GHC-58520] [-Wtype-equality-requires-operators]
    The use of ‘~’ without TypeOperators
    will become an error in a future GHC release.
    Suggested fix: Perhaps you intended to use TypeOperators
   |
71 | mkDefaultNs (0:[2..maxTupleSize])
   | ^^^^^^^^^^^^^^^^^^^^^^^^^^^^^^^^^

Data/Profunctor/Product/Default.hs:71:1: warning: [GHC-58520] [-Wtype-equality-requires-operators]
    The use of ‘~’ without TypeOperators
    will become an error in a future GHC release.
    Suggested fix: Perhaps you intended to use TypeOperators
   |
71 | mkDefaultNs (0:[2..maxTupleSize])
   | ^^^^^^^^^^^^^^^^^^^^^^^^^^^^^^^^^

Data/Profunctor/Product/Default.hs:71:1: warning: [GHC-58520] [-Wtype-equality-requires-operators]
    The use of ‘~’ without TypeOperators
    will become an error in a future GHC release.
    Suggested fix: Perhaps you intended to use TypeOperators
   |
71 | mkDefaultNs (0:[2..maxTupleSize])
   | ^^^^^^^^^^^^^^^^^^^^^^^^^^^^^^^^^

Data/Profunctor/Product/Default.hs:71:1: warning: [GHC-58520] [-Wtype-equality-requires-operators]
    The use of ‘~’ without TypeOperators
    will become an error in a future GHC release.
    Suggested fix: Perhaps you intended to use TypeOperators
   |
71 | mkDefaultNs (0:[2..maxTupleSize])
   | ^^^^^^^^^^^^^^^^^^^^^^^^^^^^^^^^^

Data/Profunctor/Product/Default.hs:71:1: warning: [GHC-58520] [-Wtype-equality-requires-operators]
    The use of ‘~’ without TypeOperators
    will become an error in a future GHC release.
    Suggested fix: Perhaps you intended to use TypeOperators
   |
71 | mkDefaultNs (0:[2..maxTupleSize])
   | ^^^^^^^^^^^^^^^^^^^^^^^^^^^^^^^^^

Data/Profunctor/Product/Default.hs:71:1: warning: [GHC-58520] [-Wtype-equality-requires-operators]
    The use of ‘~’ without TypeOperators
    will become an error in a future GHC release.
    Suggested fix: Perhaps you intended to use TypeOperators
   |
71 | mkDefaultNs (0:[2..maxTupleSize])
   | ^^^^^^^^^^^^^^^^^^^^^^^^^^^^^^^^^

Data/Profunctor/Product/Default.hs:71:1: warning: [GHC-58520] [-Wtype-equality-requires-operators]
    The use of ‘~’ without TypeOperators
    will become an error in a future GHC release.
    Suggested fix: Perhaps you intended to use TypeOperators
   |
71 | mkDefaultNs (0:[2..maxTupleSize])
   | ^^^^^^^^^^^^^^^^^^^^^^^^^^^^^^^^^

Data/Profunctor/Product/Default.hs:71:1: warning: [GHC-58520] [-Wtype-equality-requires-operators]
    The use of ‘~’ without TypeOperators
    will become an error in a future GHC release.
    Suggested fix: Perhaps you intended to use TypeOperators
   |
71 | mkDefaultNs (0:[2..maxTupleSize])
   | ^^^^^^^^^^^^^^^^^^^^^^^^^^^^^^^^^

Data/Profunctor/Product/Default.hs:71:1: warning: [GHC-58520] [-Wtype-equality-requires-operators]
    The use of ‘~’ without TypeOperators
    will become an error in a future GHC release.
    Suggested fix: Perhaps you intended to use TypeOperators
   |
71 | mkDefaultNs (0:[2..maxTupleSize])
   | ^^^^^^^^^^^^^^^^^^^^^^^^^^^^^^^^^

Data/Profunctor/Product/Default.hs:71:1: warning: [GHC-58520] [-Wtype-equality-requires-operators]
    The use of ‘~’ without TypeOperators
    will become an error in a future GHC release.
    Suggested fix: Perhaps you intended to use TypeOperators
   |
71 | mkDefaultNs (0:[2..maxTupleSize])
   | ^^^^^^^^^^^^^^^^^^^^^^^^^^^^^^^^^

Data/Profunctor/Product/Default.hs:71:1: warning: [GHC-58520] [-Wtype-equality-requires-operators]
    The use of ‘~’ without TypeOperators
    will become an error in a future GHC release.
    Suggested fix: Perhaps you intended to use TypeOperators
   |
71 | mkDefaultNs (0:[2..maxTupleSize])
   | ^^^^^^^^^^^^^^^^^^^^^^^^^^^^^^^^^

Data/Profunctor/Product/Default.hs:71:1: warning: [GHC-58520] [-Wtype-equality-requires-operators]
    The use of ‘~’ without TypeOperators
    will become an error in a future GHC release.
    Suggested fix: Perhaps you intended to use TypeOperators
   |
71 | mkDefaultNs (0:[2..maxTupleSize])
   | ^^^^^^^^^^^^^^^^^^^^^^^^^^^^^^^^^

Data/Profunctor/Product/Default.hs:71:1: warning: [GHC-58520] [-Wtype-equality-requires-operators]
    The use of ‘~’ without TypeOperators
    will become an error in a future GHC release.
    Suggested fix: Perhaps you intended to use TypeOperators
   |
71 | mkDefaultNs (0:[2..maxTupleSize])
   | ^^^^^^^^^^^^^^^^^^^^^^^^^^^^^^^^^

Data/Profunctor/Product/Default.hs:71:1: warning: [GHC-58520] [-Wtype-equality-requires-operators]
    The use of ‘~’ without TypeOperators
    will become an error in a future GHC release.
    Suggested fix: Perhaps you intended to use TypeOperators
   |
71 | mkDefaultNs (0:[2..maxTupleSize])
   | ^^^^^^^^^^^^^^^^^^^^^^^^^^^^^^^^^

Data/Profunctor/Product/Default.hs:71:1: warning: [GHC-58520] [-Wtype-equality-requires-operators]
    The use of ‘~’ without TypeOperators
    will become an error in a future GHC release.
    Suggested fix: Perhaps you intended to use TypeOperators
   |
71 | mkDefaultNs (0:[2..maxTupleSize])
   | ^^^^^^^^^^^^^^^^^^^^^^^^^^^^^^^^^

Data/Profunctor/Product/Default.hs:71:1: warning: [GHC-58520] [-Wtype-equality-requires-operators]
    The use of ‘~’ without TypeOperators
    will become an error in a future GHC release.
    Suggested fix: Perhaps you intended to use TypeOperators
   |
71 | mkDefaultNs (0:[2..maxTupleSize])
   | ^^^^^^^^^^^^^^^^^^^^^^^^^^^^^^^^^

Data/Profunctor/Product/Default.hs:71:1: warning: [GHC-58520] [-Wtype-equality-requires-operators]
    The use of ‘~’ without TypeOperators
    will become an error in a future GHC release.
    Suggested fix: Perhaps you intended to use TypeOperators
   |
71 | mkDefaultNs (0:[2..maxTupleSize])
   | ^^^^^^^^^^^^^^^^^^^^^^^^^^^^^^^^^

Data/Profunctor/Product/Default.hs:71:1: warning: [GHC-58520] [-Wtype-equality-requires-operators]
    The use of ‘~’ without TypeOperators
    will become an error in a future GHC release.
    Suggested fix: Perhaps you intended to use TypeOperators
   |
71 | mkDefaultNs (0:[2..maxTupleSize])
   | ^^^^^^^^^^^^^^^^^^^^^^^^^^^^^^^^^

Data/Profunctor/Product/Default.hs:71:1: warning: [GHC-58520] [-Wtype-equality-requires-operators]
    The use of ‘~’ without TypeOperators
    will become an error in a future GHC release.
    Suggested fix: Perhaps you intended to use TypeOperators
   |
71 | mkDefaultNs (0:[2..maxTupleSize])
   | ^^^^^^^^^^^^^^^^^^^^^^^^^^^^^^^^^

Data/Profunctor/Product/Default.hs:71:1: warning: [GHC-58520] [-Wtype-equality-requires-operators]
    The use of ‘~’ without TypeOperators
    will become an error in a future GHC release.
    Suggested fix: Perhaps you intended to use TypeOperators
   |
71 | mkDefaultNs (0:[2..maxTupleSize])
   | ^^^^^^^^^^^^^^^^^^^^^^^^^^^^^^^^^

Data/Profunctor/Product/Default.hs:71:1: warning: [GHC-58520] [-Wtype-equality-requires-operators]
    The use of ‘~’ without TypeOperators
    will become an error in a future GHC release.
    Suggested fix: Perhaps you intended to use TypeOperators
   |
71 | mkDefaultNs (0:[2..maxTupleSize])
   | ^^^^^^^^^^^^^^^^^^^^^^^^^^^^^^^^^

Data/Profunctor/Product/Default.hs:71:1: warning: [GHC-58520] [-Wtype-equality-requires-operators]
    The use of ‘~’ without TypeOperators
    will become an error in a future GHC release.
    Suggested fix: Perhaps you intended to use TypeOperators
   |
71 | mkDefaultNs (0:[2..maxTupleSize])
   | ^^^^^^^^^^^^^^^^^^^^^^^^^^^^^^^^^

Data/Profunctor/Product/Default.hs:71:1: warning: [GHC-58520] [-Wtype-equality-requires-operators]
    The use of ‘~’ without TypeOperators
    will become an error in a future GHC release.
    Suggested fix: Perhaps you intended to use TypeOperators
   |
71 | mkDefaultNs (0:[2..maxTupleSize])
   | ^^^^^^^^^^^^^^^^^^^^^^^^^^^^^^^^^

Data/Profunctor/Product/Default.hs:71:1: warning: [GHC-58520] [-Wtype-equality-requires-operators]
    The use of ‘~’ without TypeOperators
    will become an error in a future GHC release.
    Suggested fix: Perhaps you intended to use TypeOperators
   |
71 | mkDefaultNs (0:[2..maxTupleSize])
   | ^^^^^^^^^^^^^^^^^^^^^^^^^^^^^^^^^

Data/Profunctor/Product/Default.hs:71:1: warning: [GHC-58520] [-Wtype-equality-requires-operators]
    The use of ‘~’ without TypeOperators
    will become an error in a future GHC release.
    Suggested fix: Perhaps you intended to use TypeOperators
   |
71 | mkDefaultNs (0:[2..maxTupleSize])
   | ^^^^^^^^^^^^^^^^^^^^^^^^^^^^^^^^^
[11 of 13] Compiling Data.Profunctor.Product.Internal.TH

Data/Profunctor/Product/Internal/TH.hs:24:1: warning: [-Wunused-imports]
    The import of ‘Control.Applicative’ is redundant
      except perhaps to import instances from ‘Control.Applicative’
    To import instances alone, use: import Control.Applicative()
   |
24 | import Control.Applicative (pure, liftA2, (<$>), (<*>))
   | ^^^^^^^^^^^^^^^^^^^^^^^^^^^^^^^^^^^^^^^^^^^^^^^^^^^^^^^

Data/Profunctor/Product/Internal/TH.hs:169:42: warning: [GHC-58520] [-Wtype-equality-requires-operators]
    The use of ‘~’ without TypeOperators
    will become an error in a future GHC release.
    Suggested fix: Perhaps you intended to use TypeOperators
    |
169 |             Just (Left ())  -> ([ [t| $x ~ $tyName0 |] ], x,       tyName1)
    |                                          ^

Data/Profunctor/Product/Internal/TH.hs:170:42: warning: [GHC-58520] [-Wtype-equality-requires-operators]
    The use of ‘~’ without TypeOperators
    will become an error in a future GHC release.
    Suggested fix: Perhaps you intended to use TypeOperators
    |
170 |             Just (Right ()) -> ([ [t| $x ~ $tyName1 |] ], tyName0, x)
    |                                          ^
[12 of 13] Compiling Data.Profunctor.Product.TH
[13 of 13] Compiling Data.Profunctor.Product.Examples

Data/Profunctor/Product/Examples.hs:12:1: warning: [-Wunused-imports]
    The import of ‘<*>, Applicative, liftA2, pure’
    from module ‘Control.Applicative’ is redundant
   |
12 | import           Control.Applicative             (Applicative, liftA2, pure, (<*>),
   | ^^^^^^^^^^^^^^^^^^^^^^^^^^^^^^^^^^^^^^^^^^^^^^^^^^^^^^^^^^^^^^^^^^^^^^^^^^^^^^^^^^^...

Data/Profunctor/Product/Examples.hs:142:12: warning: [GHC-58520] [-Wtype-equality-requires-operators]
    The use of ‘~’ without TypeOperators
    will become an error in a future GHC release.
    Suggested fix: Perhaps you intended to use TypeOperators
    |
142 | instance a ~ b => D.Default Zipper [a] b where
    |            ^
Configuring test suite 'test' for product-profunctors-0.11.1.1...
Preprocessing test suite 'test' for product-profunctors-0.11.1.1...
Building test suite 'test' for product-profunctors-0.11.1.1...
[1 of 4] Compiling Definitions

Test/Definitions.hs:66:2: warning: [GHC-58520] [-Wtype-equality-requires-operators]
    The use of ‘~’ without TypeOperators
    will become an error in a future GHC release.
    Suggested fix: Perhaps you intended to use TypeOperators
   |
66 | $(makeAdaptorAndInstanceInferrable "pData2Inferrable" ''Data2Inferrable)
   |  ^^^^^^^^^^^^^^^^^^^^^^^^^^^^^^^^^^^^^^^^^^^^^^^^^^^^^^^^^^^^^^^^^^^^^^^

Test/Definitions.hs:66:2: warning: [GHC-58520] [-Wtype-equality-requires-operators]
    The use of ‘~’ without TypeOperators
    will become an error in a future GHC release.
    Suggested fix: Perhaps you intended to use TypeOperators
   |
66 | $(makeAdaptorAndInstanceInferrable "pData2Inferrable" ''Data2Inferrable)
   |  ^^^^^^^^^^^^^^^^^^^^^^^^^^^^^^^^^^^^^^^^^^^^^^^^^^^^^^^^^^^^^^^^^^^^^^^

Test/Definitions.hs:67:2: warning: [GHC-58520] [-Wtype-equality-requires-operators]
    The use of ‘~’ without TypeOperators
    will become an error in a future GHC release.
    Suggested fix: Perhaps you intended to use TypeOperators
   |
67 | $(makeAdaptorAndInstanceInferrable "pRecord2Inferrable" ''Record2Inferrable)
   |  ^^^^^^^^^^^^^^^^^^^^^^^^^^^^^^^^^^^^^^^^^^^^^^^^^^^^^^^^^^^^^^^^^^^^^^^^^^^

Test/Definitions.hs:67:2: warning: [GHC-58520] [-Wtype-equality-requires-operators]
    The use of ‘~’ without TypeOperators
    will become an error in a future GHC release.
    Suggested fix: Perhaps you intended to use TypeOperators
   |
67 | $(makeAdaptorAndInstanceInferrable "pRecord2Inferrable" ''Record2Inferrable)
   |  ^^^^^^^^^^^^^^^^^^^^^^^^^^^^^^^^^^^^^^^^^^^^^^^^^^^^^^^^^^^^^^^^^^^^^^^^^^^

Test/Definitions.hs:95:31: warning: [GHC-58520] [-Wtype-equality-requires-operators]
    The use of ‘~’ without TypeOperators
    will become an error in a future GHC release.
    Suggested fix: Perhaps you intended to use TypeOperators
   |
95 | instance {-# INCOHERENT #-} a ~ Unit => Default Arrow Unit a where
   |                               ^

Test/Definitions.hs:98:31: warning: [GHC-58520] [-Wtype-equality-requires-operators]
    The use of ‘~’ without TypeOperators
    will become an error in a future GHC release.
    Suggested fix: Perhaps you intended to use TypeOperators
   |
98 | instance {-# INCOHERENT #-} a ~ Unit => Default Arrow a Unit where
   |                               ^
[2 of 4] Compiling DefinitionsUndecidable
[3 of 4] Compiling CheckTypes
[4 of 4] Compiling Main
[5 of 5] Linking /tmp/workdir-product-profunctors/product-profunctors-0.11.1.1/dist-newstyle/build/x86_64-linux/ghc-9.6.6/product-profunctors-0.11.1.1/t/test/build/test/test
