Build profile: -w ghc-9.6.6 -O1
In order, the following will be built (use -v for more details):
 - hreader-1.1.1 (lib) (first run)
 - hreader-1.1.1 (test:examples) (first run)
Configuring library for hreader-1.1.1...
Preprocessing library for hreader-1.1.1...
Building library for hreader-1.1.1...
[1 of 2] Compiling Control.Monad.HReader.Class

src/Control/Monad/HReader/Class.hs:42:38: warning: [GHC-39567] [-Wstar-is-type]
    Using ‘*’ (or its Unicode variant) to mean ‘Data.Kind.Type’
    relies on the StarIsType extension, which will become
    deprecated in the future.
    Suggested fix: Use ‘Type’ from ‘Data.Kind’ instead.
   |
42 | type family MHRElemsConstraint (m :: * -> *) (els :: [*]) :: Constraint where
   |                                      ^

src/Control/Monad/HReader/Class.hs:42:43: warning: [GHC-39567] [-Wstar-is-type]
    Using ‘*’ (or its Unicode variant) to mean ‘Data.Kind.Type’
    relies on the StarIsType extension, which will become
    deprecated in the future.
    Suggested fix: Use ‘Type’ from ‘Data.Kind’ instead.
   |
42 | type family MHRElemsConstraint (m :: * -> *) (els :: [*]) :: Constraint where
   |                                           ^

src/Control/Monad/HReader/Class.hs:42:55: warning: [GHC-39567] [-Wstar-is-type]
    Using ‘*’ (or its Unicode variant) to mean ‘Data.Kind.Type’
    relies on the StarIsType extension, which will become
    deprecated in the future.
    Suggested fix: Use ‘Type’ from ‘Data.Kind’ instead.
   |
42 | type family MHRElemsConstraint (m :: * -> *) (els :: [*]) :: Constraint where
   |                                                       ^

src/Control/Monad/HReader/Class.hs:48:26: warning: [GHC-39567] [-Wstar-is-type]
    Using ‘*’ (or its Unicode variant) to mean ‘Data.Kind.Type’
    relies on the StarIsType extension, which will become
    deprecated in the future.
    Suggested fix: Use ‘Type’ from ‘Data.Kind’ instead.
   |
48 |   type MHRElements m :: [*]
   |                          ^
[2 of 2] Compiling Control.Monad.HReader
Configuring test suite 'examples' for hreader-1.1.1...
Preprocessing test suite 'examples' for hreader-1.1.1...
Building test suite 'examples' for hreader-1.1.1...
[1 of 1] Compiling Main
[2 of 2] Linking /tmp/workdir-hreader/hreader-1.1.1/dist-newstyle/build/x86_64-linux/ghc-9.6.6/hreader-1.1.1/t/examples/build/examples/examples
