Build profile: -w ghc-9.6.6 -O1
In order, the following will be built (use -v for more details):
 - wai-websockets-3.0.1.2 (lib) (first run)
 - wai-websockets-3.0.1.2 (exe:wai-websockets-example) (first run)
Configuring library for wai-websockets-3.0.1.2...
Preprocessing library for wai-websockets-3.0.1.2...
Building library for wai-websockets-3.0.1.2...
[1 of 1] Compiling Network.Wai.Handler.WebSockets
Configuring executable 'wai-websockets-example' for wai-websockets-3.0.1.2...
Preprocessing executable 'wai-websockets-example' for wai-websockets-3.0.1.2...
Building executable 'wai-websockets-example' for wai-websockets-3.0.1.2...

<no location info>: warning: [GHC-32850] [-Wmissing-home-modules]
    These modules are needed for compilation but not listed in your .cabal file's other-modules for ‘wai-websockets-3.0.1.2-inplace-wai-websockets-example’ :
        Network.Wai.Handler.WebSockets
[1 of 2] Compiling Network.Wai.Handler.WebSockets
[2 of 2] Compiling Main

server.lhs:12:3: warning: [-Wunused-imports]
    The import of ‘Data.Monoid’ is redundant
      except perhaps to import instances from ‘Data.Monoid’
    To import instances alone, use: import Data.Monoid()
   |
12 | > import Data.Monoid (mappend)
   |   ^^^^^^^^^^^^^^^^^^^^^^^^^^^^

server.lhs:47:3: warning: [-Wunused-top-binds]
    Defined but not used: ‘numClients’
   |
47 | > numClients = length
   |   ^^^^^^^^^^

server.lhs:102:7: warning: [GHC-68441] [-Wdeprecations]
    In the use of ‘forkPingThread’
    (imported from Network.WebSockets, but defined in Network.WebSockets.Connection):
    Deprecated: "Use 'withPingThread' instead"
    |
102 | >     WS.forkPingThread conn 30
    |       ^^^^^^^^^^^^^^^^^

<no location info>: warning: [GHC-32850] [-Wmissing-home-modules]
    These modules are needed for compilation but not listed in your .cabal file's other-modules for ‘wai-websockets-3.0.1.2-inplace-wai-websockets-example’ :
        Network.Wai.Handler.WebSockets
[3 of 3] Linking /tmp/workdir-wai-websockets/wai-websockets-3.0.1.2/dist-newstyle/build/x86_64-linux/ghc-9.6.6/wai-websockets-3.0.1.2/x/wai-websockets-example/build/wai-websockets-example/wai-websockets-example
