Build profile: -w ghc-9.6.6 -O1
In order, the following will be built (use -v for more details):
 - gi-soup-2.4.29 (lib:gi-soup) (first run)
[1 of 2] Compiling Main             ( /tmp/workdir-gi-soup/gi-soup-2.4.29/dist-newstyle/build/x86_64-linux/ghc-9.6.6/gi-soup-2.4.29/setup/setup.hs, /tmp/workdir-gi-soup/gi-soup-2.4.29/dist-newstyle/build/x86_64-linux/ghc-9.6.6/gi-soup-2.4.29/setup/Main.o )
[2 of 2] Linking /tmp/workdir-gi-soup/gi-soup-2.4.29/dist-newstyle/build/x86_64-linux/ghc-9.6.6/gi-soup-2.4.29/setup/setup
Configuring gi-soup-2.4.29...
Preprocessing library for gi-soup-2.4.29..
Building library for gi-soup-2.4.29..
[  1 of 122] Compiling GI.Soup.Config
[  2 of 122] Compiling GI.Soup.Constants
[  3 of 122] Compiling GI.Soup.Enums[boot]
[  4 of 122] Compiling GI.Soup.Enums
[  5 of 122] Compiling GI.Soup.Flags[boot]
[  6 of 122] Compiling GI.Soup.Flags
[  7 of 122] Compiling GI.Soup.Objects.WebsocketExtension[boot]
[  8 of 122] Compiling GI.Soup.Objects.WebsocketExtension
[  9 of 122] Compiling GI.Soup.Objects.WebsocketExtensionDeflate[boot]
[ 10 of 122] Compiling GI.Soup.Objects.WebsocketExtensionDeflate
[ 11 of 122] Compiling GI.Soup.Structs.Buffer[boot]
[ 12 of 122] Compiling GI.Soup.Structs.Buffer
[ 13 of 122] Compiling GI.Soup.Structs.Connection[boot]
[ 14 of 122] Compiling GI.Soup.Structs.Connection
[ 15 of 122] Compiling GI.Soup.Structs.Date[boot]
[ 16 of 122] Compiling GI.Soup.Structs.Date
[ 17 of 122] Compiling GI.Soup.Structs.MessageBody[boot]
[ 18 of 122] Compiling GI.Soup.Structs.MessageBody
[ 19 of 122] Compiling GI.Soup.Structs.MessageQueue[boot]
[ 20 of 122] Compiling GI.Soup.Structs.MessageQueue
[ 21 of 122] Compiling GI.Soup.Structs.MessageQueueItem[boot]
[ 22 of 122] Compiling GI.Soup.Structs.MessageQueueItem
[ 23 of 122] Compiling GI.Soup.Structs.Range[boot]
[ 24 of 122] Compiling GI.Soup.Structs.Range
[ 25 of 122] Compiling GI.Soup.Structs.URI[boot]
[ 26 of 122] Compiling GI.Soup.Structs.URI
[ 27 of 122] Compiling GI.Soup.Structs.Cookie[boot]
[ 28 of 122] Compiling GI.Soup.Structs.Cookie
[ 29 of 122] Compiling GI.Soup.Objects.WebsocketConnection[boot]
[ 30 of 122] Compiling GI.Soup.Objects.WebsocketConnection
[ 31 of 122] Compiling GI.Soup.Interfaces.PasswordManager[boot]
[ 32 of 122] Compiling GI.Soup.Interfaces.ProxyResolver[boot]
[ 33 of 122] Compiling GI.Soup.Interfaces.ProxyURIResolver[boot]
[ 34 of 122] Compiling GI.Soup.Objects.AuthDomainBasic[boot]
[ 35 of 122] Compiling GI.Soup.Objects.AuthDomainDigest[boot]
[ 36 of 122] Compiling GI.Soup.Objects.Logger[boot]
[ 37 of 122] Compiling GI.Soup.Objects.Server[boot]
[ 38 of 122] Compiling GI.Soup.Objects.AuthDomain[boot]
[ 39 of 122] Compiling GI.Soup.Interfaces.SessionFeature[boot]
[ 40 of 122] Compiling GI.Soup.Objects.Auth[boot]
[ 41 of 122] Compiling GI.Soup.Objects.Message[boot]
[ 42 of 122] Compiling GI.Soup.Objects.Request[boot]
[ 43 of 122] Compiling GI.Soup.Objects.RequestHTTP[boot]
[ 44 of 122] Compiling GI.Soup.Objects.Session[boot]
[ 45 of 122] Compiling GI.Soup.Objects.Address[boot]
[ 46 of 122] Compiling GI.Soup.Objects.Socket[boot]
[ 47 of 122] Compiling GI.Soup.Structs.ClientContext[boot]
[ 48 of 122] Compiling GI.Soup.Structs.MessageHeaders[boot]
[ 49 of 122] Compiling GI.Soup.Callbacks
[ 50 of 122] Compiling GI.Soup.Objects.Socket
[ 51 of 122] Compiling GI.Soup.Objects.Address
[ 52 of 122] Compiling GI.Soup.Structs.MessageHeaders
[ 53 of 122] Compiling GI.Soup.Structs.ClientContext
[ 54 of 122] Compiling GI.Soup.Objects.Session
[ 55 of 122] Compiling GI.Soup.Objects.RequestHTTP
[ 56 of 122] Compiling GI.Soup.Objects.Request
[ 57 of 122] Compiling GI.Soup.Objects.Message
[ 58 of 122] Compiling GI.Soup.Objects.Auth
[ 59 of 122] Compiling GI.Soup.Interfaces.SessionFeature
[ 60 of 122] Compiling GI.Soup.Objects.AuthDomain
[ 61 of 122] Compiling GI.Soup.Objects.Server
[ 62 of 122] Compiling GI.Soup.Objects.Logger
[ 63 of 122] Compiling GI.Soup.Objects.AuthDomainDigest
[ 64 of 122] Compiling GI.Soup.Objects.AuthDomainBasic
[ 65 of 122] Compiling GI.Soup.Interfaces.ProxyURIResolver
[ 66 of 122] Compiling GI.Soup.Interfaces.ProxyResolver
[ 67 of 122] Compiling GI.Soup.Interfaces.PasswordManager
[ 68 of 122] Compiling GI.Soup.Structs.Multipart[boot]
[ 69 of 122] Compiling GI.Soup.Structs.Multipart
[ 70 of 122] Compiling GI.Soup.Structs.MessageHeadersIter[boot]
[ 71 of 122] Compiling GI.Soup.Structs.MessageHeadersIter
[ 72 of 122] Compiling GI.Soup.Structs.HSTSPolicy[boot]
[ 73 of 122] Compiling GI.Soup.Structs.HSTSPolicy
[ 74 of 122] Compiling GI.Soup.Objects.WebsocketExtensionManager[boot]
[ 75 of 122] Compiling GI.Soup.Objects.WebsocketExtensionManager
[ 76 of 122] Compiling GI.Soup.Objects.SessionSync[boot]
[ 77 of 122] Compiling GI.Soup.Objects.SessionSync
[ 78 of 122] Compiling GI.Soup.Objects.SessionAsync[boot]
[ 79 of 122] Compiling GI.Soup.Objects.SessionAsync
[ 80 of 122] Compiling GI.Soup.Objects.Requester[boot]
[ 81 of 122] Compiling GI.Soup.Objects.Requester
[ 82 of 122] Compiling GI.Soup.Objects.RequestFile[boot]
[ 83 of 122] Compiling GI.Soup.Objects.RequestFile
[ 84 of 122] Compiling GI.Soup.Objects.RequestData[boot]
[ 85 of 122] Compiling GI.Soup.Objects.RequestData
[ 86 of 122] Compiling GI.Soup.Objects.MultipartInputStream[boot]
[ 87 of 122] Compiling GI.Soup.Objects.MultipartInputStream
[ 88 of 122] Compiling GI.Soup.Objects.HSTSEnforcer[boot]
[ 89 of 122] Compiling GI.Soup.Objects.HSTSEnforcer
[ 90 of 122] Compiling GI.Soup.Objects.HSTSEnforcerDB[boot]
[ 91 of 122] Compiling GI.Soup.Objects.HSTSEnforcerDB
[ 92 of 122] Compiling GI.Soup.Objects.CookieJar[boot]
[ 93 of 122] Compiling GI.Soup.Objects.CookieJar
[ 94 of 122] Compiling GI.Soup.Objects.CookieJarText[boot]
[ 95 of 122] Compiling GI.Soup.Objects.CookieJarText
[ 96 of 122] Compiling GI.Soup.Objects.CookieJarDB[boot]
[ 97 of 122] Compiling GI.Soup.Objects.CookieJarDB
[ 98 of 122] Compiling GI.Soup.Objects.ContentSniffer[boot]
[ 99 of 122] Compiling GI.Soup.Objects.ContentSniffer
[100 of 122] Compiling GI.Soup.Objects.ContentDecoder[boot]
[101 of 122] Compiling GI.Soup.Objects.ContentDecoder
[102 of 122] Compiling GI.Soup.Objects.Cache[boot]
[103 of 122] Compiling GI.Soup.Objects.Cache
[104 of 122] Compiling GI.Soup.Objects.AuthNegotiate[boot]
[105 of 122] Compiling GI.Soup.Objects.AuthNegotiate
[106 of 122] Compiling GI.Soup.Objects.AuthNTLM[boot]
[107 of 122] Compiling GI.Soup.Objects.AuthNTLM
[108 of 122] Compiling GI.Soup.Objects.AuthManager[boot]
[109 of 122] Compiling GI.Soup.Objects.AuthManager
[110 of 122] Compiling GI.Soup.Objects.AuthDigest[boot]
[111 of 122] Compiling GI.Soup.Objects.AuthDigest
[112 of 122] Compiling GI.Soup.Objects.AuthBasic[boot]
[113 of 122] Compiling GI.Soup.Objects.AuthBasic
[114 of 122] Compiling GI.Soup.Objects.ProxyResolverDefault[boot]
[115 of 122] Compiling GI.Soup.Objects.ProxyResolverDefault
[116 of 122] Compiling GI.Soup.Objects
[117 of 122] Compiling GI.Soup.Interfaces
[118 of 122] Compiling GI.Soup.Structs.XMLRPCParams[boot]
[119 of 122] Compiling GI.Soup.Structs.XMLRPCParams
[120 of 122] Compiling GI.Soup.Structs
[121 of 122] Compiling GI.Soup.Functions
[122 of 122] Compiling GI.Soup
