Build profile: -w ghc-9.6.6 -O1
In order, the following will be built (use -v for more details):
 - gravatar-0.8.1 (lib) (first run)
 - gravatar-0.8.1 (test:doctest) (first run)
 - gravatar-0.8.1 (test:spec) (first run)
Configuring library for gravatar-0.8.1...
Preprocessing library for gravatar-0.8.1...
Building library for gravatar-0.8.1...
[1 of 2] Compiling Network.Gravatar
[2 of 2] Compiling Paths_gravatar
Configuring test suite 'doctest' for gravatar-0.8.1...
Preprocessing test suite 'doctest' for gravatar-0.8.1...
Building test suite 'doctest' for gravatar-0.8.1...
[1 of 2] Compiling Main
[2 of 2] Compiling Paths_gravatar
[3 of 3] Linking /tmp/workdir-gravatar/gravatar-0.8.1/dist-newstyle/build/x86_64-linux/ghc-9.6.6/gravatar-0.8.1/t/doctest/build/doctest/doctest
Configuring test suite 'spec' for gravatar-0.8.1...
Preprocessing test suite 'spec' for gravatar-0.8.1...
Building test suite 'spec' for gravatar-0.8.1...
[1 of 2] Compiling Main
[2 of 2] Compiling Paths_gravatar
[3 of 3] Linking /tmp/workdir-gravatar/gravatar-0.8.1/dist-newstyle/build/x86_64-linux/ghc-9.6.6/gravatar-0.8.1/t/spec/build/spec/spec
