Build profile: -w ghc-9.6.6 -O1
In order, the following will be built (use -v for more details):
 - fsnotify-0.4.1.0 (lib) (first run)
 - fsnotify-0.4.1.0 (test:tests) (first run)
Configuring library for fsnotify-0.4.1.0...
Preprocessing library for fsnotify-0.4.1.0...
Building library for fsnotify-0.4.1.0...
[1 of 8] Compiling System.FSNotify.Find
[2 of 8] Compiling System.FSNotify.Path
[3 of 8] Compiling System.FSNotify.Types
[4 of 8] Compiling System.FSNotify.Listener
[5 of 8] Compiling System.FSNotify.Polling
[6 of 8] Compiling System.FSNotify.Linux
[7 of 8] Compiling System.FSNotify
[8 of 8] Compiling System.FSNotify.Devel
Configuring test suite 'tests' for fsnotify-0.4.1.0...
Preprocessing test suite 'tests' for fsnotify-0.4.1.0...
Building test suite 'tests' for fsnotify-0.4.1.0...
[1 of 4] Compiling FSNotify.Test.Util
[2 of 4] Compiling FSNotify.Test.EventTests
[3 of 4] Compiling Main
[4 of 4] Compiling Paths_fsnotify
[5 of 5] Linking /tmp/workdir-fsnotify/fsnotify-0.4.1.0/dist-newstyle/build/x86_64-linux/ghc-9.6.6/fsnotify-0.4.1.0/t/tests/build/tests/tests
