Build profile: -w ghc-9.6.6 -O1
In order, the following will be built (use -v for more details):
 - blank-canvas-0.7.4 (lib) (first run)
Configuring library for blank-canvas-0.7.4...
Preprocessing library for blank-canvas-0.7.4...
Building library for blank-canvas-0.7.4...
[ 1 of 17] Compiling Graphics.Blank.Events
[ 2 of 17] Compiling Graphics.Blank.Parser
[ 3 of 17] Compiling Graphics.Blank.JavaScript
[ 4 of 17] Compiling Graphics.Blank.DeviceContext
[ 5 of 17] Compiling Graphics.Blank.Types
[ 6 of 17] Compiling Graphics.Blank.Types.CSS
[ 7 of 17] Compiling Graphics.Blank.Types.Cursor
[ 8 of 17] Compiling Graphics.Blank.Types.Font
[ 9 of 17] Compiling Graphics.Blank.Canvas
[10 of 17] Compiling Graphics.Blank.Generated
[11 of 17] Compiling Graphics.Blank.Style
[12 of 17] Compiling Graphics.Blank.Font
[13 of 17] Compiling Graphics.Blank.Cursor
[14 of 17] Compiling Graphics.Blank.Utils
[15 of 17] Compiling Paths_blank_canvas
[16 of 17] Compiling Graphics.Blank
[17 of 17] Compiling Graphics.Blank.GHCi
