Build profile: -w ghc-9.6.6 -O1
In order, the following will be built (use -v for more details):
 - free-categories-0.2.0.2 (lib) (first run)
Configuring library for free-categories-0.2.0.2...
Preprocessing library for free-categories-0.2.0.2...
Building library for free-categories-0.2.0.2...
[1 of 4] Compiling Data.Quiver

src/Data/Quiver.hs:52:25: warning: [GHC-58520] [-Wtype-equality-requires-operators]
    The use of ‘~’ without TypeOperators
    will become an error in a future GHC release.
    Suggested fix: Perhaps you intended to use TypeOperators
   |
52 | instance (Category c, x ~ y) => Semigroup (IQ c x y) where (<>) = (>>>)
   |                         ^

src/Data/Quiver.hs:53:25: warning: [GHC-58520] [-Wtype-equality-requires-operators]
    The use of ‘~’ without TypeOperators
    will become an error in a future GHC release.
    Suggested fix: Perhaps you intended to use TypeOperators
   |
53 | instance (Category c, x ~ y) => Monoid (IQ c x y) where mempty = id
   |                         ^

src/Data/Quiver.hs:60:25: warning: [GHC-58520] [-Wtype-equality-requires-operators]
    The use of ‘~’ without TypeOperators
    will become an error in a future GHC release.
    Suggested fix: Perhaps you intended to use TypeOperators
   |
60 | instance (Category c, x ~ y) => Semigroup (OpQ c x y) where (<>) = (>>>)
   |                         ^

src/Data/Quiver.hs:61:25: warning: [GHC-58520] [-Wtype-equality-requires-operators]
    The use of ‘~’ without TypeOperators
    will become an error in a future GHC release.
    Suggested fix: Perhaps you intended to use TypeOperators
   |
61 | instance (Category c, x ~ y) => Monoid (OpQ c x y) where mempty = id
   |                         ^

src/Data/Quiver.hs:71:25: warning: [GHC-58520] [-Wtype-equality-requires-operators]
    The use of ‘~’ without TypeOperators
    will become an error in a future GHC release.
    Suggested fix: Perhaps you intended to use TypeOperators
   |
71 | instance (Category c, x ~ y) => Semigroup (IsoQ c x y) where (<>) = (>>>)
   |                         ^

src/Data/Quiver.hs:72:25: warning: [GHC-58520] [-Wtype-equality-requires-operators]
    The use of ‘~’ without TypeOperators
    will become an error in a future GHC release.
    Suggested fix: Perhaps you intended to use TypeOperators
   |
72 | instance (Category c, x ~ y) => Monoid (IsoQ c x y) where mempty = id
   |                         ^

src/Data/Quiver.hs:79:40: warning: [GHC-58520] [-Wtype-equality-requires-operators]
    The use of ‘~’ without TypeOperators
    will become an error in a future GHC release.
    Suggested fix: Perhaps you intended to use TypeOperators
   |
79 | instance (Applicative m, Category c, x ~ y)
   |                                        ^

src/Data/Quiver.hs:81:40: warning: [GHC-58520] [-Wtype-equality-requires-operators]
    The use of ‘~’ without TypeOperators
    will become an error in a future GHC release.
    Suggested fix: Perhaps you intended to use TypeOperators
   |
81 | instance (Applicative m, Category c, x ~ y)
   |                                        ^

src/Data/Quiver.hs:93:26: warning: [GHC-58520] [-Wtype-equality-requires-operators]
    The use of ‘~’ without TypeOperators
    will become an error in a future GHC release.
    Suggested fix: Perhaps you intended to use TypeOperators
   |
93 | instance (Semigroup m, x ~ y) => Semigroup (KQ m x y) where
   |                          ^

src/Data/Quiver.hs:95:23: warning: [GHC-58520] [-Wtype-equality-requires-operators]
    The use of ‘~’ without TypeOperators
    will become an error in a future GHC release.
    Suggested fix: Perhaps you intended to use TypeOperators
   |
95 | instance (Monoid m, x ~ y) => Monoid (KQ m x y) where mempty = id
   |                       ^

src/Data/Quiver.hs:107:37: warning: [GHC-58520] [-Wtype-equality-requires-operators]
    The use of ‘~’ without TypeOperators
    will become an error in a future GHC release.
    Suggested fix: Perhaps you intended to use TypeOperators
    |
107 | instance (Category p, Category q, x ~ y)
    |                                     ^

src/Data/Quiver.hs:109:37: warning: [GHC-58520] [-Wtype-equality-requires-operators]
    The use of ‘~’ without TypeOperators
    will become an error in a future GHC release.
    Suggested fix: Perhaps you intended to use TypeOperators
    |
109 | instance (Category p, Category q, x ~ y)
    |                                     ^

src/Data/Quiver.hs:141:25: warning: [GHC-58520] [-Wtype-equality-requires-operators]
    The use of ‘~’ without TypeOperators
    will become an error in a future GHC release.
    Suggested fix: Perhaps you intended to use TypeOperators
    |
141 | instance (Category p, p ~ q, x ~ y)
    |                         ^

src/Data/Quiver.hs:141:32: warning: [GHC-58520] [-Wtype-equality-requires-operators]
    The use of ‘~’ without TypeOperators
    will become an error in a future GHC release.
    Suggested fix: Perhaps you intended to use TypeOperators
    |
141 | instance (Category p, p ~ q, x ~ y)
    |                                ^

src/Data/Quiver.hs:143:25: warning: [GHC-58520] [-Wtype-equality-requires-operators]
    The use of ‘~’ without TypeOperators
    will become an error in a future GHC release.
    Suggested fix: Perhaps you intended to use TypeOperators
    |
143 | instance (Category p, p ~ q, x ~ y)
    |                         ^

src/Data/Quiver.hs:143:32: warning: [GHC-58520] [-Wtype-equality-requires-operators]
    The use of ‘~’ without TypeOperators
    will become an error in a future GHC release.
    Suggested fix: Perhaps you intended to use TypeOperators
    |
143 | instance (Category p, p ~ q, x ~ y)
    |                                ^

src/Data/Quiver.hs:145:25: warning: [GHC-58520] [-Wtype-equality-requires-operators]
    The use of ‘~’ without TypeOperators
    will become an error in a future GHC release.
    Suggested fix: Perhaps you intended to use TypeOperators
    |
145 | instance (Category p, p ~ q) => Category (ComposeQ p q) where
    |                         ^

src/Data/Quiver.hs:154:13: warning: [GHC-58520] [-Wtype-equality-requires-operators]
    The use of ‘~’ without TypeOperators
    will become an error in a future GHC release.
    Suggested fix: Perhaps you intended to use TypeOperators
    |
154 | instance (p ~ q, x ~ y) => Semigroup (LeftQ p q x y) where (<>) = (>>>)
    |             ^

src/Data/Quiver.hs:154:20: warning: [GHC-58520] [-Wtype-equality-requires-operators]
    The use of ‘~’ without TypeOperators
    will become an error in a future GHC release.
    Suggested fix: Perhaps you intended to use TypeOperators
    |
154 | instance (p ~ q, x ~ y) => Semigroup (LeftQ p q x y) where (<>) = (>>>)
    |                    ^

src/Data/Quiver.hs:155:13: warning: [GHC-58520] [-Wtype-equality-requires-operators]
    The use of ‘~’ without TypeOperators
    will become an error in a future GHC release.
    Suggested fix: Perhaps you intended to use TypeOperators
    |
155 | instance (p ~ q, x ~ y) => Monoid (LeftQ p q x y) where mempty = id
    |             ^

src/Data/Quiver.hs:155:20: warning: [GHC-58520] [-Wtype-equality-requires-operators]
    The use of ‘~’ without TypeOperators
    will become an error in a future GHC release.
    Suggested fix: Perhaps you intended to use TypeOperators
    |
155 | instance (p ~ q, x ~ y) => Monoid (LeftQ p q x y) where mempty = id
    |                    ^

src/Data/Quiver.hs:156:12: warning: [GHC-58520] [-Wtype-equality-requires-operators]
    The use of ‘~’ without TypeOperators
    will become an error in a future GHC release.
    Suggested fix: Perhaps you intended to use TypeOperators
    |
156 | instance p ~ q => Category (LeftQ p q) where
    |            ^

src/Data/Quiver.hs:165:13: warning: [GHC-58520] [-Wtype-equality-requires-operators]
    The use of ‘~’ without TypeOperators
    will become an error in a future GHC release.
    Suggested fix: Perhaps you intended to use TypeOperators
    |
165 | instance (p ~ q, x ~ y) => Semigroup (RightQ p q x y) where (<>) = (>>>)
    |             ^

src/Data/Quiver.hs:165:20: warning: [GHC-58520] [-Wtype-equality-requires-operators]
    The use of ‘~’ without TypeOperators
    will become an error in a future GHC release.
    Suggested fix: Perhaps you intended to use TypeOperators
    |
165 | instance (p ~ q, x ~ y) => Semigroup (RightQ p q x y) where (<>) = (>>>)
    |                    ^

src/Data/Quiver.hs:166:13: warning: [GHC-58520] [-Wtype-equality-requires-operators]
    The use of ‘~’ without TypeOperators
    will become an error in a future GHC release.
    Suggested fix: Perhaps you intended to use TypeOperators
    |
166 | instance (p ~ q, x ~ y) => Monoid (RightQ p q x y) where mempty = id
    |             ^

src/Data/Quiver.hs:166:20: warning: [GHC-58520] [-Wtype-equality-requires-operators]
    The use of ‘~’ without TypeOperators
    will become an error in a future GHC release.
    Suggested fix: Perhaps you intended to use TypeOperators
    |
166 | instance (p ~ q, x ~ y) => Monoid (RightQ p q x y) where mempty = id
    |                    ^

src/Data/Quiver.hs:167:12: warning: [GHC-58520] [-Wtype-equality-requires-operators]
    The use of ‘~’ without TypeOperators
    will become an error in a future GHC release.
    Suggested fix: Perhaps you intended to use TypeOperators
    |
167 | instance p ~ q => Category (RightQ p q) where
    |            ^
[2 of 4] Compiling Data.Quiver.Functor
[3 of 4] Compiling Data.Quiver.Bifunctor
[4 of 4] Compiling Control.Category.Free

src/Control/Category/Free.hs:86:12: warning: [GHC-58520] [-Wtype-equality-requires-operators]
    The use of ‘~’ without TypeOperators
    will become an error in a future GHC release.
    Suggested fix: Perhaps you intended to use TypeOperators
   |
86 | instance x ~ y => Semigroup (Path p x y) where (<>) = (>>>)
   |            ^

src/Control/Category/Free.hs:87:12: warning: [GHC-58520] [-Wtype-equality-requires-operators]
    The use of ‘~’ without TypeOperators
    will become an error in a future GHC release.
    Suggested fix: Perhaps you intended to use TypeOperators
   |
87 | instance x ~ y => Monoid (Path p x y) where mempty = Done
   |            ^

src/Control/Category/Free.hs:116:12: warning: [GHC-58520] [-Wtype-equality-requires-operators]
    The use of ‘~’ without TypeOperators
    will become an error in a future GHC release.
    Suggested fix: Perhaps you intended to use TypeOperators
    |
116 | instance x ~ y => Semigroup (FoldPath p x y) where (<>) = (>>>)
    |            ^

src/Control/Category/Free.hs:117:12: warning: [GHC-58520] [-Wtype-equality-requires-operators]
    The use of ‘~’ without TypeOperators
    will become an error in a future GHC release.
    Suggested fix: Perhaps you intended to use TypeOperators
    |
117 | instance x ~ y => Monoid (FoldPath p x y) where mempty = id
    |            ^
