Build profile: -w ghc-9.6.6 -O1
In order, the following will be built (use -v for more details):
 - first-class-families-0.8.1.0 (lib) (first run)
 - first-class-families-0.8.1.0 (test:fcf-test) (first run)
Configuring library for first-class-families-0.8.1.0...
Preprocessing library for first-class-families-0.8.1.0...
Building library for first-class-families-0.8.1.0...
[ 1 of 17] Compiling Fcf.Core
[ 2 of 17] Compiling Fcf.Combinators
[ 3 of 17] Compiling Fcf.Class.Monoid
[ 4 of 17] Compiling Fcf.Class.Monoid.Types
[ 5 of 17] Compiling Fcf.Class.Functor
[ 6 of 17] Compiling Fcf.Class.Bifunctor
[ 7 of 17] Compiling Fcf.Classes
[ 8 of 17] Compiling Fcf.Data.Bool
[ 9 of 17] Compiling Fcf.Data.Common
[10 of 17] Compiling Fcf.Data.Function
[11 of 17] Compiling Fcf.Data.Nat
[12 of 17] Compiling Fcf.Class.Foldable
[13 of 17] Compiling Fcf.Data.Symbol
[14 of 17] Compiling Fcf.Utils
[15 of 17] Compiling Fcf.Data.List
[16 of 17] Compiling Fcf.Class.Ord
[17 of 17] Compiling Fcf
Configuring test suite 'fcf-test' for first-class-families-0.8.1.0...
Preprocessing test suite 'fcf-test' for first-class-families-0.8.1.0...
Building test suite 'fcf-test' for first-class-families-0.8.1.0...
[1 of 1] Compiling Main
[2 of 2] Linking /tmp/workdir-first-class-families/first-class-families-0.8.1.0/dist-newstyle/build/x86_64-linux/ghc-9.6.6/first-class-families-0.8.1.0/t/fcf-test/build/fcf-test/fcf-test
