Build profile: -w ghc-9.6.6 -O1
In order, the following will be built (use -v for more details):
 - amazonka-timestream-write-2.0 (lib) (first run)
 - amazonka-timestream-write-2.0 (test:amazonka-timestream-write-test) (first run)
Configuring library for amazonka-timestream-write-2.0...
Preprocessing library for amazonka-timestream-write-2.0...
Building library for amazonka-timestream-write-2.0...
[ 1 of 36] Compiling Amazonka.TimeStreamWrite.Types.Database
[ 2 of 36] Compiling Amazonka.TimeStreamWrite.Types.DimensionValueType
[ 3 of 36] Compiling Amazonka.TimeStreamWrite.Types.Dimension
[ 4 of 36] Compiling Amazonka.TimeStreamWrite.Types.Endpoint
[ 5 of 36] Compiling Amazonka.TimeStreamWrite.Types.MeasureValueType
[ 6 of 36] Compiling Amazonka.TimeStreamWrite.Types.MeasureValue
[ 7 of 36] Compiling Amazonka.TimeStreamWrite.Types.RecordsIngested
[ 8 of 36] Compiling Amazonka.TimeStreamWrite.Types.RetentionProperties
[ 9 of 36] Compiling Amazonka.TimeStreamWrite.Types.S3EncryptionOption
[10 of 36] Compiling Amazonka.TimeStreamWrite.Types.S3Configuration
[11 of 36] Compiling Amazonka.TimeStreamWrite.Types.MagneticStoreRejectedDataLocation
[12 of 36] Compiling Amazonka.TimeStreamWrite.Types.MagneticStoreWriteProperties
[13 of 36] Compiling Amazonka.TimeStreamWrite.Types.TableStatus
[14 of 36] Compiling Amazonka.TimeStreamWrite.Types.Table
[15 of 36] Compiling Amazonka.TimeStreamWrite.Types.Tag
[16 of 36] Compiling Amazonka.TimeStreamWrite.Types.TimeUnit
[17 of 36] Compiling Amazonka.TimeStreamWrite.Types.Record
[18 of 36] Compiling Amazonka.TimeStreamWrite.Types
[19 of 36] Compiling Amazonka.TimeStreamWrite.TagResource
[20 of 36] Compiling Amazonka.TimeStreamWrite.ListTagsForResource
[21 of 36] Compiling Amazonka.TimeStreamWrite.ListTables

gen/Amazonka/TimeStreamWrite/ListTables.hs:99:110: warning: [GHC-02256] [-Wambiguous-fields]
    The record update s {databaseName = a} with type ListTables is ambiguous.
    This will not be supported by -XDuplicateRecordFields in future releases of GHC.
   |
99 | listTables_databaseName = Lens.lens (\ListTables' {databaseName} -> databaseName) (\s@ListTables' {} a -> s {databaseName = a} :: ListTables)
   |                                                                                                              ^^^^^^^^^^^^^^^^

gen/Amazonka/TimeStreamWrite/ListTables.hs:111:101: warning: [GHC-02256] [-Wambiguous-fields]
    The record update s {nextToken = a} with type ListTables is ambiguous.
    This will not be supported by -XDuplicateRecordFields in future releases of GHC.
    |
111 | listTables_nextToken = Lens.lens (\ListTables' {nextToken} -> nextToken) (\s@ListTables' {} a -> s {nextToken = a} :: ListTables)
    |                                                                                                     ^^^^^^^^^^^^^

gen/Amazonka/TimeStreamWrite/ListTables.hs:210:125: warning: [GHC-02256] [-Wambiguous-fields]
    The record update s {nextToken = a} with type ListTablesResponse is ambiguous.
    This will not be supported by -XDuplicateRecordFields in future releases of GHC.
    |
210 | listTablesResponse_nextToken = Lens.lens (\ListTablesResponse' {nextToken} -> nextToken) (\s@ListTablesResponse' {} a -> s {nextToken = a} :: ListTablesResponse)
    |                                                                                                                             ^^^^^^^^^^^^^
[22 of 36] Compiling Amazonka.TimeStreamWrite.ListDatabases

gen/Amazonka/TimeStreamWrite/ListDatabases.hs:102:110: warning: [GHC-02256] [-Wambiguous-fields]
    The record update s {nextToken = a} with type ListDatabases is ambiguous.
    This will not be supported by -XDuplicateRecordFields in future releases of GHC.
    |
102 | listDatabases_nextToken = Lens.lens (\ListDatabases' {nextToken} -> nextToken) (\s@ListDatabases' {} a -> s {nextToken = a} :: ListDatabases)
    |                                                                                                              ^^^^^^^^^^^^^

gen/Amazonka/TimeStreamWrite/ListDatabases.hs:204:134: warning: [GHC-02256] [-Wambiguous-fields]
    The record update s {nextToken = a} with type ListDatabasesResponse is ambiguous.
    This will not be supported by -XDuplicateRecordFields in future releases of GHC.
    |
204 | listDatabasesResponse_nextToken = Lens.lens (\ListDatabasesResponse' {nextToken} -> nextToken) (\s@ListDatabasesResponse' {} a -> s {nextToken = a} :: ListDatabasesResponse)
    |                                                                                                                                      ^^^^^^^^^^^^^
[23 of 36] Compiling Amazonka.TimeStreamWrite.DescribeTable

gen/Amazonka/TimeStreamWrite/DescribeTable.hs:90:119: warning: [GHC-02256] [-Wambiguous-fields]
    The record update s {databaseName = a} with type DescribeTable is ambiguous.
    This will not be supported by -XDuplicateRecordFields in future releases of GHC.
   |
90 | describeTable_databaseName = Lens.lens (\DescribeTable' {databaseName} -> databaseName) (\s@DescribeTable' {} a -> s {databaseName = a} :: DescribeTable)
   |                                                                                                                       ^^^^^^^^^^^^^^^^

gen/Amazonka/TimeStreamWrite/DescribeTable.hs:94:110: warning: [GHC-02256] [-Wambiguous-fields]
    The record update s {tableName = a} with type DescribeTable is ambiguous.
    This will not be supported by -XDuplicateRecordFields in future releases of GHC.
   |
94 | describeTable_tableName = Lens.lens (\DescribeTable' {tableName} -> tableName) (\s@DescribeTable' {} a -> s {tableName = a} :: DescribeTable)
   |                                                                                                              ^^^^^^^^^^^^^
[24 of 36] Compiling Amazonka.TimeStreamWrite.DescribeEndpoints
[25 of 36] Compiling Amazonka.TimeStreamWrite.DescribeDatabase

gen/Amazonka/TimeStreamWrite/DescribeDatabase.hs:81:128: warning: [GHC-02256] [-Wambiguous-fields]
    The record update s {databaseName = a} with type DescribeDatabase is ambiguous.
    This will not be supported by -XDuplicateRecordFields in future releases of GHC.
   |
81 | describeDatabase_databaseName = Lens.lens (\DescribeDatabase' {databaseName} -> databaseName) (\s@DescribeDatabase' {} a -> s {databaseName = a} :: DescribeDatabase)
   |                                                                                                                                ^^^^^^^^^^^^^^^^
[26 of 36] Compiling Amazonka.TimeStreamWrite.DeleteTable

gen/Amazonka/TimeStreamWrite/DeleteTable.hs:91:113: warning: [GHC-02256] [-Wambiguous-fields]
    The record update s {databaseName = a} with type DeleteTable is ambiguous.
    This will not be supported by -XDuplicateRecordFields in future releases of GHC.
   |
91 | deleteTable_databaseName = Lens.lens (\DeleteTable' {databaseName} -> databaseName) (\s@DeleteTable' {} a -> s {databaseName = a} :: DeleteTable)
   |                                                                                                                 ^^^^^^^^^^^^^^^^

gen/Amazonka/TimeStreamWrite/DeleteTable.hs:95:104: warning: [GHC-02256] [-Wambiguous-fields]
    The record update s {tableName = a} with type DeleteTable is ambiguous.
    This will not be supported by -XDuplicateRecordFields in future releases of GHC.
   |
95 | deleteTable_tableName = Lens.lens (\DeleteTable' {tableName} -> tableName) (\s@DeleteTable' {} a -> s {tableName = a} :: DeleteTable)
   |                                                                                                        ^^^^^^^^^^^^^
[27 of 36] Compiling Amazonka.TimeStreamWrite.DeleteDatabase

gen/Amazonka/TimeStreamWrite/DeleteDatabase.hs:84:122: warning: [GHC-02256] [-Wambiguous-fields]
    The record update s {databaseName = a} with type DeleteDatabase is ambiguous.
    This will not be supported by -XDuplicateRecordFields in future releases of GHC.
   |
84 | deleteDatabase_databaseName = Lens.lens (\DeleteDatabase' {databaseName} -> databaseName) (\s@DeleteDatabase' {} a -> s {databaseName = a} :: DeleteDatabase)
   |                                                                                                                          ^^^^^^^^^^^^^^^^
[28 of 36] Compiling Amazonka.TimeStreamWrite.CreateTable

gen/Amazonka/TimeStreamWrite/CreateTable.hs:118:161: warning: [GHC-02256] [-Wambiguous-fields]
    The record update s {magneticStoreWriteProperties = a} with type CreateTable is ambiguous.
    This will not be supported by -XDuplicateRecordFields in future releases of GHC.
    |
118 | createTable_magneticStoreWriteProperties = Lens.lens (\CreateTable' {magneticStoreWriteProperties} -> magneticStoreWriteProperties) (\s@CreateTable' {} a -> s {magneticStoreWriteProperties = a} :: CreateTable)
    |                                                                                                                                                                 ^^^^^^^^^^^^^^^^^^^^^^^^^^^^^^^^

gen/Amazonka/TimeStreamWrite/CreateTable.hs:123:134: warning: [GHC-02256] [-Wambiguous-fields]
    The record update s {retentionProperties = a} with type CreateTable is ambiguous.
    This will not be supported by -XDuplicateRecordFields in future releases of GHC.
    |
123 | createTable_retentionProperties = Lens.lens (\CreateTable' {retentionProperties} -> retentionProperties) (\s@CreateTable' {} a -> s {retentionProperties = a} :: CreateTable)
    |                                                                                                                                      ^^^^^^^^^^^^^^^^^^^^^^^

gen/Amazonka/TimeStreamWrite/CreateTable.hs:131:113: warning: [GHC-02256] [-Wambiguous-fields]
    The record update s {databaseName = a} with type CreateTable is ambiguous.
    This will not be supported by -XDuplicateRecordFields in future releases of GHC.
    |
131 | createTable_databaseName = Lens.lens (\CreateTable' {databaseName} -> databaseName) (\s@CreateTable' {} a -> s {databaseName = a} :: CreateTable)
    |                                                                                                                 ^^^^^^^^^^^^^^^^

gen/Amazonka/TimeStreamWrite/CreateTable.hs:135:104: warning: [GHC-02256] [-Wambiguous-fields]
    The record update s {tableName = a} with type CreateTable is ambiguous.
    This will not be supported by -XDuplicateRecordFields in future releases of GHC.
    |
135 | createTable_tableName = Lens.lens (\CreateTable' {tableName} -> tableName) (\s@CreateTable' {} a -> s {tableName = a} :: CreateTable)
    |                                                                                                        ^^^^^^^^^^^^^
[29 of 36] Compiling Amazonka.TimeStreamWrite.CreateDatabase

gen/Amazonka/TimeStreamWrite/CreateDatabase.hs:109:110: warning: [GHC-02256] [-Wambiguous-fields]
    The record update s {kmsKeyId = a} with type CreateDatabase is ambiguous.
    This will not be supported by -XDuplicateRecordFields in future releases of GHC.
    |
109 | createDatabase_kmsKeyId = Lens.lens (\CreateDatabase' {kmsKeyId} -> kmsKeyId) (\s@CreateDatabase' {} a -> s {kmsKeyId = a} :: CreateDatabase)
    |                                                                                                              ^^^^^^^^^^^^

gen/Amazonka/TimeStreamWrite/CreateDatabase.hs:117:122: warning: [GHC-02256] [-Wambiguous-fields]
    The record update s {databaseName = a} with type CreateDatabase is ambiguous.
    This will not be supported by -XDuplicateRecordFields in future releases of GHC.
    |
117 | createDatabase_databaseName = Lens.lens (\CreateDatabase' {databaseName} -> databaseName) (\s@CreateDatabase' {} a -> s {databaseName = a} :: CreateDatabase)
    |                                                                                                                          ^^^^^^^^^^^^^^^^
[30 of 36] Compiling Amazonka.TimeStreamWrite.UntagResource
[31 of 36] Compiling Amazonka.TimeStreamWrite.UpdateDatabase

gen/Amazonka/TimeStreamWrite/UpdateDatabase.hs:120:122: warning: [GHC-02256] [-Wambiguous-fields]
    The record update s {databaseName = a} with type UpdateDatabase is ambiguous.
    This will not be supported by -XDuplicateRecordFields in future releases of GHC.
    |
120 | updateDatabase_databaseName = Lens.lens (\UpdateDatabase' {databaseName} -> databaseName) (\s@UpdateDatabase' {} a -> s {databaseName = a} :: UpdateDatabase)
    |                                                                                                                          ^^^^^^^^^^^^^^^^

gen/Amazonka/TimeStreamWrite/UpdateDatabase.hs:138:110: warning: [GHC-02256] [-Wambiguous-fields]
    The record update s {kmsKeyId = a} with type UpdateDatabase is ambiguous.
    This will not be supported by -XDuplicateRecordFields in future releases of GHC.
    |
138 | updateDatabase_kmsKeyId = Lens.lens (\UpdateDatabase' {kmsKeyId} -> kmsKeyId) (\s@UpdateDatabase' {} a -> s {kmsKeyId = a} :: UpdateDatabase)
    |                                                                                                              ^^^^^^^^^^^^
[32 of 36] Compiling Amazonka.TimeStreamWrite.UpdateTable

gen/Amazonka/TimeStreamWrite/UpdateTable.hs:112:161: warning: [GHC-02256] [-Wambiguous-fields]
    The record update s {magneticStoreWriteProperties = a} with type UpdateTable is ambiguous.
    This will not be supported by -XDuplicateRecordFields in future releases of GHC.
    |
112 | updateTable_magneticStoreWriteProperties = Lens.lens (\UpdateTable' {magneticStoreWriteProperties} -> magneticStoreWriteProperties) (\s@UpdateTable' {} a -> s {magneticStoreWriteProperties = a} :: UpdateTable)
    |                                                                                                                                                                 ^^^^^^^^^^^^^^^^^^^^^^^^^^^^^^^^

gen/Amazonka/TimeStreamWrite/UpdateTable.hs:116:134: warning: [GHC-02256] [-Wambiguous-fields]
    The record update s {retentionProperties = a} with type UpdateTable is ambiguous.
    This will not be supported by -XDuplicateRecordFields in future releases of GHC.
    |
116 | updateTable_retentionProperties = Lens.lens (\UpdateTable' {retentionProperties} -> retentionProperties) (\s@UpdateTable' {} a -> s {retentionProperties = a} :: UpdateTable)
    |                                                                                                                                      ^^^^^^^^^^^^^^^^^^^^^^^

gen/Amazonka/TimeStreamWrite/UpdateTable.hs:120:113: warning: [GHC-02256] [-Wambiguous-fields]
    The record update s {databaseName = a} with type UpdateTable is ambiguous.
    This will not be supported by -XDuplicateRecordFields in future releases of GHC.
    |
120 | updateTable_databaseName = Lens.lens (\UpdateTable' {databaseName} -> databaseName) (\s@UpdateTable' {} a -> s {databaseName = a} :: UpdateTable)
    |                                                                                                                 ^^^^^^^^^^^^^^^^

gen/Amazonka/TimeStreamWrite/UpdateTable.hs:124:104: warning: [GHC-02256] [-Wambiguous-fields]
    The record update s {tableName = a} with type UpdateTable is ambiguous.
    This will not be supported by -XDuplicateRecordFields in future releases of GHC.
    |
124 | updateTable_tableName = Lens.lens (\UpdateTable' {tableName} -> tableName) (\s@UpdateTable' {} a -> s {tableName = a} :: UpdateTable)
    |                                                                                                        ^^^^^^^^^^^^^
[33 of 36] Compiling Amazonka.TimeStreamWrite.WriteRecords

gen/Amazonka/TimeStreamWrite/WriteRecords.hs:168:116: warning: [GHC-02256] [-Wambiguous-fields]
    The record update s {databaseName = a} with type WriteRecords is ambiguous.
    This will not be supported by -XDuplicateRecordFields in future releases of GHC.
    |
168 | writeRecords_databaseName = Lens.lens (\WriteRecords' {databaseName} -> databaseName) (\s@WriteRecords' {} a -> s {databaseName = a} :: WriteRecords)
    |                                                                                                                    ^^^^^^^^^^^^^^^^

gen/Amazonka/TimeStreamWrite/WriteRecords.hs:172:107: warning: [GHC-02256] [-Wambiguous-fields]
    The record update s {tableName = a} with type WriteRecords is ambiguous.
    This will not be supported by -XDuplicateRecordFields in future releases of GHC.
    |
172 | writeRecords_tableName = Lens.lens (\WriteRecords' {tableName} -> tableName) (\s@WriteRecords' {} a -> s {tableName = a} :: WriteRecords)
    |                                                                                                           ^^^^^^^^^^^^^
[34 of 36] Compiling Amazonka.TimeStreamWrite.Lens
[35 of 36] Compiling Amazonka.TimeStreamWrite.Waiters
[36 of 36] Compiling Amazonka.TimeStreamWrite
Configuring test suite 'amazonka-timestream-write-test' for amazonka-timestream-write-2.0...
Preprocessing test suite 'amazonka-timestream-write-test' for amazonka-timestream-write-2.0...
Building test suite 'amazonka-timestream-write-test' for amazonka-timestream-write-2.0...
[1 of 4] Compiling Test.Amazonka.TimeStreamWrite
[2 of 4] Compiling Test.Amazonka.TimeStreamWrite.Internal
[3 of 4] Compiling Test.Amazonka.Gen.TimeStreamWrite
[4 of 4] Compiling Main
[5 of 5] Linking /tmp/workdir-amazonka-timestream-write/amazonka-timestream-write-2.0/dist-newstyle/build/x86_64-linux/ghc-9.6.6/amazonka-timestream-write-2.0/t/amazonka-timestream-write-test/build/amazonka-timestream-write-test/amazonka-timestream-write-test
