Build profile: -w ghc-9.6.6 -O1
In order, the following will be built (use -v for more details):
 - persistent-mongoDB-2.13.1.0 (lib) (first run)
 - persistent-mongoDB-2.13.1.0 (test:test) (first run)
Warning: persistent-mongoDB.cabal:44:4: Inconsistent indentation. Indentation
jumps at lines 44
Configuring library for persistent-mongoDB-2.13.1.0...
Preprocessing library for persistent-mongoDB-2.13.1.0...
Building library for persistent-mongoDB-2.13.1.0...
[1 of 1] Compiling Database.Persist.MongoDB
Warning: persistent-mongoDB.cabal:44:4: Inconsistent indentation. Indentation
jumps at lines 44
Configuring test suite 'test' for persistent-mongoDB-2.13.1.0...
Preprocessing test suite 'test' for persistent-mongoDB-2.13.1.0...
Building test suite 'test' for persistent-mongoDB-2.13.1.0...
[1 of 5] Compiling MongoInit

test/MongoInit.hs:86:58: warning: [GHC-68441] [-Wdeprecations]
    In the use of ‘mpsGeneric’ (imported from Database.Persist.TH):
    Deprecated: "The mpsGeneric function adds a considerable amount of overhead and complexity to the library without bringing significant benefit. We would like to remove it. If you require this feature, please comment on the linked GitHub issue, and we'll either keep it around, or we can figure out a nicer way to solve your problem.

 Github: https://github.com/yesodweb/persistent/issues/1204"
   |
86 | persistSettings = (mkPersistSettings $ ConT ''Context) { mpsGeneric = True }
   |                                                          ^^^^^^^^^^
[2 of 5] Compiling EntityEmbedTestMongo

test/EntityEmbedTestMongo.hs:19:1: warning: [GHC-58520] [-Wtype-equality-requires-operators]
    The use of ‘~’ without TypeOperators
    will become an error in a future GHC release.
    Suggested fix: Perhaps you intended to use TypeOperators
   |
19 | mkPersist persistSettings [persistUpperCase|
   | ^^^^^^^^^^^^^^^^^^^^^^^^^^^^^^^^^^^^^^^^^^^^...

test/EntityEmbedTestMongo.hs:19:1: warning: [GHC-58520] [-Wtype-equality-requires-operators]
    The use of ‘~’ without TypeOperators
    will become an error in a future GHC release.
    Suggested fix: Perhaps you intended to use TypeOperators
   |
19 | mkPersist persistSettings [persistUpperCase|
   | ^^^^^^^^^^^^^^^^^^^^^^^^^^^^^^^^^^^^^^^^^^^^...
[3 of 5] Compiling EmbedTestMongo
[4 of 5] Compiling Main
[5 of 5] Compiling RawMongoHelpers

test/RawMongoHelpers.hs:8:1: warning: [-Wunused-imports]
    The import of ‘PersistentTest’ is redundant
      except perhaps to import instances from ‘PersistentTest’
    To import instances alone, use: import PersistentTest()
  |
8 | import PersistentTest (cleanDB)
  | ^^^^^^^^^^^^^^^^^^^^^^^^^^^^^^^
[6 of 6] Linking /tmp/workdir-persistent-mongoDB/persistent-mongoDB-2.13.1.0/dist-newstyle/build/x86_64-linux/ghc-9.6.6/persistent-mongoDB-2.13.1.0/t/test/build/test/test
