Build profile: -w ghc-9.6.6 -O1
In order, the following will be built (use -v for more details):
 - fingertree-0.1.5.0 (lib) (first run)
 - fingertree-0.1.5.0 (test:ft-properties) (first run)
Configuring library for fingertree-0.1.5.0...
Preprocessing library for fingertree-0.1.5.0...
Building library for fingertree-0.1.5.0...
[1 of 3] Compiling Data.FingerTree
[2 of 3] Compiling Data.IntervalMap.FingerTree
[3 of 3] Compiling Data.PriorityQueue.FingerTree
Configuring test suite 'ft-properties' for fingertree-0.1.5.0...
Preprocessing test suite 'ft-properties' for fingertree-0.1.5.0...
Building test suite 'ft-properties' for fingertree-0.1.5.0...

<no location info>: warning: [GHC-32850] [-Wmissing-home-modules]
    These modules are needed for compilation but not listed in your .cabal file's other-modules for ‘fingertree-0.1.5.0-inplace-ft-properties’ :
        Data.FingerTree
[1 of 2] Compiling Data.FingerTree
[2 of 2] Compiling Main

tests/ft-properties.hs:485:5: warning: [-Wnoncanonical-monad-instances]
    Noncanonical ‘return’ definition detected
    in the instance declaration for ‘Monad M’.
    ‘return’ will eventually be removed in favour of ‘pure’
    Either remove definition for ‘return’ (recommended) or define as ‘return = pure’
    See also: https://gitlab.haskell.org/ghc/ghc/-/wikis/proposal/monad-of-no-return
    |
485 |     return x = M $ \ n -> (n, x)
    |     ^^^^^^^^^^^^^^^^^^^^^^^^^^^^

tests/ft-properties.hs:492:5: warning: [-Wnoncanonical-monad-instances]
    Noncanonical ‘pure = return’ definition detected
    in the instance declaration for ‘Applicative M’.
    Move definition from ‘return’ to ‘pure’
    See also: https://gitlab.haskell.org/ghc/ghc/-/wikis/proposal/monad-of-no-return
    |
492 |     pure = return
    |     ^^^^^^^^^^^^^

<no location info>: warning: [GHC-32850] [-Wmissing-home-modules]
    These modules are needed for compilation but not listed in your .cabal file's other-modules for ‘fingertree-0.1.5.0-inplace-ft-properties’ :
        Data.FingerTree
[3 of 3] Linking /tmp/workdir-fingertree/fingertree-0.1.5.0/dist-newstyle/build/x86_64-linux/ghc-9.6.6/fingertree-0.1.5.0/t/ft-properties/build/ft-properties/ft-properties
