Build profile: -w ghc-9.6.6 -O1
In order, the following will be built (use -v for more details):
 - json-rpc-1.0.4 (lib) (first run)
 - json-rpc-1.0.4 (exe:time-server) (first run)
 - json-rpc-1.0.4 (exe:time-client) (first run)
 - json-rpc-1.0.4 (test:test-json-rpc) (first run)
 - json-rpc-1.0.4 (exe:concurrent-server) (first run)
 - json-rpc-1.0.4 (exe:concurrent-client) (first run)
Configuring library for json-rpc-1.0.4...
Preprocessing library for json-rpc-1.0.4...
Building library for json-rpc-1.0.4...
[1 of 5] Compiling Network.JSONRPC.Data
[2 of 5] Compiling Network.JSONRPC.Arbitrary
[3 of 5] Compiling Network.JSONRPC.Interface
[4 of 5] Compiling Network.JSONRPC
[5 of 5] Compiling Paths_json_rpc
Configuring executable 'time-server' for json-rpc-1.0.4...
Preprocessing executable 'time-server' for json-rpc-1.0.4...
Building executable 'time-server' for json-rpc-1.0.4...
[1 of 2] Compiling Main
[2 of 2] Compiling Paths_json_rpc
[3 of 3] Linking /tmp/workdir-json-rpc/json-rpc-1.0.4/dist-newstyle/build/x86_64-linux/ghc-9.6.6/json-rpc-1.0.4/x/time-server/build/time-server/time-server
Configuring executable 'time-client' for json-rpc-1.0.4...
Preprocessing executable 'time-client' for json-rpc-1.0.4...
Building executable 'time-client' for json-rpc-1.0.4...
[1 of 2] Compiling Main
[2 of 2] Compiling Paths_json_rpc
[3 of 3] Linking /tmp/workdir-json-rpc/json-rpc-1.0.4/dist-newstyle/build/x86_64-linux/ghc-9.6.6/json-rpc-1.0.4/x/time-client/build/time-client/time-client
Configuring test suite 'test-json-rpc' for json-rpc-1.0.4...
Preprocessing test suite 'test-json-rpc' for json-rpc-1.0.4...
Building test suite 'test-json-rpc' for json-rpc-1.0.4...
[1 of 2] Compiling Main
[2 of 2] Compiling Paths_json_rpc
[3 of 3] Linking /tmp/workdir-json-rpc/json-rpc-1.0.4/dist-newstyle/build/x86_64-linux/ghc-9.6.6/json-rpc-1.0.4/t/test-json-rpc/build/test-json-rpc/test-json-rpc
Configuring executable 'concurrent-server' for json-rpc-1.0.4...
Preprocessing executable 'concurrent-server' for json-rpc-1.0.4...
Building executable 'concurrent-server' for json-rpc-1.0.4...
[1 of 2] Compiling Main
[2 of 2] Compiling Paths_json_rpc
[3 of 3] Linking /tmp/workdir-json-rpc/json-rpc-1.0.4/dist-newstyle/build/x86_64-linux/ghc-9.6.6/json-rpc-1.0.4/x/concurrent-server/build/concurrent-server/concurrent-server
Configuring executable 'concurrent-client' for json-rpc-1.0.4...
Preprocessing executable 'concurrent-client' for json-rpc-1.0.4...
Building executable 'concurrent-client' for json-rpc-1.0.4...
[1 of 2] Compiling Main
[2 of 2] Compiling Paths_json_rpc
[3 of 3] Linking /tmp/workdir-json-rpc/json-rpc-1.0.4/dist-newstyle/build/x86_64-linux/ghc-9.6.6/json-rpc-1.0.4/x/concurrent-client/build/concurrent-client/concurrent-client
