Build profile: -w ghc-9.6.6 -O1
In order, the following will be built (use -v for more details):
 - amazonka-amplifyuibuilder-2.0 (lib) (first run)
 - amazonka-amplifyuibuilder-2.0 (test:amazonka-amplifyuibuilder-test) (first run)
Configuring library for amazonka-amplifyuibuilder-2.0...
Preprocessing library for amazonka-amplifyuibuilder-2.0...
Building library for amazonka-amplifyuibuilder-2.0...
[ 1 of 80] Compiling Amazonka.AmplifyUiBuilder.Types.ComponentPropertyBindingProperties
[ 2 of 80] Compiling Amazonka.AmplifyUiBuilder.Types.ComponentSummary
[ 3 of 80] Compiling Amazonka.AmplifyUiBuilder.Types.ComponentVariant
[ 4 of 80] Compiling Amazonka.AmplifyUiBuilder.Types.ExchangeCodeForTokenRequestBody
[ 5 of 80] Compiling Amazonka.AmplifyUiBuilder.Types.FieldValidationConfiguration
[ 6 of 80] Compiling Amazonka.AmplifyUiBuilder.Types.FixedPosition
[ 7 of 80] Compiling Amazonka.AmplifyUiBuilder.Types.FieldPosition
[ 8 of 80] Compiling Amazonka.AmplifyUiBuilder.Types.FormActionType
[ 9 of 80] Compiling Amazonka.AmplifyUiBuilder.Types.FormBindingElement
[10 of 80] Compiling Amazonka.AmplifyUiBuilder.Types.ComponentConditionProperty[boot]
[11 of 80] Compiling Amazonka.AmplifyUiBuilder.Types.ComponentProperty[boot]
[12 of 80] Compiling Amazonka.AmplifyUiBuilder.Types.ComponentProperty

gen/Amazonka/AmplifyUiBuilder/Types/ComponentProperty.hs:190:119: warning: [GHC-02256] [-Wambiguous-fields]
    The record update s {property = a} with type ComponentProperty is ambiguous.
    This will not be supported by -XDuplicateRecordFields in future releases of GHC.
    |
190 | componentProperty_property = Lens.lens (\ComponentProperty' {property} -> property) (\s@ComponentProperty' {} a -> s {property = a} :: ComponentProperty)
    |                                                                                                                       ^^^^^^^^^^^^
[13 of 80] Compiling Amazonka.AmplifyUiBuilder.Types.ComponentConditionProperty

gen/Amazonka/AmplifyUiBuilder/Types/ComponentConditionProperty.hs:111:146: warning: [GHC-02256] [-Wambiguous-fields]
    The record update s {property = a} with type ComponentConditionProperty is ambiguous.
    This will not be supported by -XDuplicateRecordFields in future releases of GHC.
    |
111 | componentConditionProperty_property = Lens.lens (\ComponentConditionProperty' {property} -> property) (\s@ComponentConditionProperty' {} a -> s {property = a} :: ComponentConditionProperty)
    |                                                                                                                                                  ^^^^^^^^^^^^
[14 of 80] Compiling Amazonka.AmplifyUiBuilder.Types.FormButton
[15 of 80] Compiling Amazonka.AmplifyUiBuilder.Types.FormButtonsPosition
[16 of 80] Compiling Amazonka.AmplifyUiBuilder.Types.FormCTA

gen/Amazonka/AmplifyUiBuilder/Types/FormCTA.hs:79:89: warning: [GHC-02256] [-Wambiguous-fields]
    The record update s {position = a} with type FormCTA is ambiguous.
    This will not be supported by -XDuplicateRecordFields in future releases of GHC.
   |
79 | formCTA_position = Lens.lens (\FormCTA' {position} -> position) (\s@FormCTA' {} a -> s {position = a} :: FormCTA)
   |                                                                                         ^^^^^^^^^^^^
[17 of 80] Compiling Amazonka.AmplifyUiBuilder.Types.FormDataSourceType
[18 of 80] Compiling Amazonka.AmplifyUiBuilder.Types.FormDataTypeConfig
[19 of 80] Compiling Amazonka.AmplifyUiBuilder.Types.FormInputValueProperty
[20 of 80] Compiling Amazonka.AmplifyUiBuilder.Types.FormStyleConfig
[21 of 80] Compiling Amazonka.AmplifyUiBuilder.Types.FormStyle
[22 of 80] Compiling Amazonka.AmplifyUiBuilder.Types.FormSummary
[23 of 80] Compiling Amazonka.AmplifyUiBuilder.Types.MutationActionSetStateParameter

gen/Amazonka/AmplifyUiBuilder/Types/MutationActionSetStateParameter.hs:76:176: warning: [GHC-02256] [-Wambiguous-fields]
    The record update s {componentName = a} with type MutationActionSetStateParameter is ambiguous.
    This will not be supported by -XDuplicateRecordFields in future releases of GHC.
   |
76 | mutationActionSetStateParameter_componentName = Lens.lens (\MutationActionSetStateParameter' {componentName} -> componentName) (\s@MutationActionSetStateParameter' {} a -> s {componentName = a} :: MutationActionSetStateParameter)
   |                                                                                                                                                                                ^^^^^^^^^^^^^^^^^

gen/Amazonka/AmplifyUiBuilder/Types/MutationActionSetStateParameter.hs:80:161: warning: [GHC-02256] [-Wambiguous-fields]
    The record update s {property = a} with type MutationActionSetStateParameter is ambiguous.
    This will not be supported by -XDuplicateRecordFields in future releases of GHC.
   |
80 | mutationActionSetStateParameter_property = Lens.lens (\MutationActionSetStateParameter' {property} -> property) (\s@MutationActionSetStateParameter' {} a -> s {property = a} :: MutationActionSetStateParameter)
   |                                                                                                                                                                 ^^^^^^^^^^^^
[24 of 80] Compiling Amazonka.AmplifyUiBuilder.Types.ActionParameters

gen/Amazonka/AmplifyUiBuilder/Types/ActionParameters.hs:137:107: warning: [GHC-02256] [-Wambiguous-fields]
    The record update s {model = a} with type ActionParameters is ambiguous.
    This will not be supported by -XDuplicateRecordFields in future releases of GHC.
    |
137 | actionParameters_model = Lens.lens (\ActionParameters' {model} -> model) (\s@ActionParameters' {} a -> s {model = a} :: ActionParameters)
    |                                                                                                           ^^^^^^^^^

gen/Amazonka/AmplifyUiBuilder/Types/ActionParameters.hs:151:106: warning: [GHC-02256] [-Wambiguous-fields]
    The record update s {type' = a} with type ActionParameters is ambiguous.
    This will not be supported by -XDuplicateRecordFields in future releases of GHC.
    |
151 | actionParameters_type = Lens.lens (\ActionParameters' {type'} -> type') (\s@ActionParameters' {} a -> s {type' = a} :: ActionParameters)
    |                                                                                                          ^^^^^^^^^
[25 of 80] Compiling Amazonka.AmplifyUiBuilder.Types.ComponentEvent
[26 of 80] Compiling Amazonka.AmplifyUiBuilder.Types.ComponentChild
[27 of 80] Compiling Amazonka.AmplifyUiBuilder.Types.Predicate
[28 of 80] Compiling Amazonka.AmplifyUiBuilder.Types.ComponentBindingPropertiesValueProperties

gen/Amazonka/AmplifyUiBuilder/Types/ComponentBindingPropertiesValueProperties.hs:102:182: warning: [GHC-02256] [-Wambiguous-fields]
    The record update s {field = a} with type ComponentBindingPropertiesValueProperties is ambiguous.
    This will not be supported by -XDuplicateRecordFields in future releases of GHC.
    |
102 | componentBindingPropertiesValueProperties_field = Lens.lens (\ComponentBindingPropertiesValueProperties' {field} -> field) (\s@ComponentBindingPropertiesValueProperties' {} a -> s {field = a} :: ComponentBindingPropertiesValueProperties)
    |                                                                                                                                                                                      ^^^^^^^^^
[29 of 80] Compiling Amazonka.AmplifyUiBuilder.Types.ComponentBindingPropertiesValue

gen/Amazonka/AmplifyUiBuilder/Types/ComponentBindingPropertiesValue.hs:73:173: warning: [GHC-02256] [-Wambiguous-fields]
    The record update s {defaultValue = a} with type ComponentBindingPropertiesValue is ambiguous.
    This will not be supported by -XDuplicateRecordFields in future releases of GHC.
   |
73 | componentBindingPropertiesValue_defaultValue = Lens.lens (\ComponentBindingPropertiesValue' {defaultValue} -> defaultValue) (\s@ComponentBindingPropertiesValue' {} a -> s {defaultValue = a} :: ComponentBindingPropertiesValue)
   |                                                                                                                                                                             ^^^^^^^^^^^^^^^^
[30 of 80] Compiling Amazonka.AmplifyUiBuilder.Types.PutMetadataFlagBody
[31 of 80] Compiling Amazonka.AmplifyUiBuilder.Types.RefreshTokenRequestBody
[32 of 80] Compiling Amazonka.AmplifyUiBuilder.Types.SectionalElement
[33 of 80] Compiling Amazonka.AmplifyUiBuilder.Types.SortDirection
[34 of 80] Compiling Amazonka.AmplifyUiBuilder.Types.SortProperty
[35 of 80] Compiling Amazonka.AmplifyUiBuilder.Types.ComponentDataConfiguration
[36 of 80] Compiling Amazonka.AmplifyUiBuilder.Types.CreateComponentData

gen/Amazonka/AmplifyUiBuilder/Types/CreateComponentData.hs:132:125: warning: [GHC-02256] [-Wambiguous-fields]
    The record update s {children = a} with type CreateComponentData is ambiguous.
    This will not be supported by -XDuplicateRecordFields in future releases of GHC.
    |
132 | createComponentData_children = Lens.lens (\CreateComponentData' {children} -> children) (\s@CreateComponentData' {} a -> s {children = a} :: CreateComponentData) Prelude.. Lens.mapping Lens.coerced
    |                                                                                                                             ^^^^^^^^^^^^

gen/Amazonka/AmplifyUiBuilder/Types/CreateComponentData.hs:143:119: warning: [GHC-02256] [-Wambiguous-fields]
    The record update s {events = a} with type CreateComponentData is ambiguous.
    This will not be supported by -XDuplicateRecordFields in future releases of GHC.
    |
143 | createComponentData_events = Lens.lens (\CreateComponentData' {events} -> events) (\s@CreateComponentData' {} a -> s {events = a} :: CreateComponentData) Prelude.. Lens.mapping Lens.coerced
    |                                                                                                                       ^^^^^^^^^^

gen/Amazonka/AmplifyUiBuilder/Types/CreateComponentData.hs:152:125: warning: [GHC-02256] [-Wambiguous-fields]
    The record update s {sourceId = a} with type CreateComponentData is ambiguous.
    This will not be supported by -XDuplicateRecordFields in future releases of GHC.
    |
152 | createComponentData_sourceId = Lens.lens (\CreateComponentData' {sourceId} -> sourceId) (\s@CreateComponentData' {} a -> s {sourceId = a} :: CreateComponentData)
    |                                                                                                                             ^^^^^^^^^^^^

gen/Amazonka/AmplifyUiBuilder/Types/CreateComponentData.hs:160:152: warning: [GHC-02256] [-Wambiguous-fields]
    The record update s {bindingProperties = a} with type CreateComponentData is ambiguous.
    This will not be supported by -XDuplicateRecordFields in future releases of GHC.
    |
160 | createComponentData_bindingProperties = Lens.lens (\CreateComponentData' {bindingProperties} -> bindingProperties) (\s@CreateComponentData' {} a -> s {bindingProperties = a} :: CreateComponentData) Prelude.. Lens.coerced
    |                                                                                                                                                        ^^^^^^^^^^^^^^^^^^^^^

gen/Amazonka/AmplifyUiBuilder/Types/CreateComponentData.hs:165:140: warning: [GHC-02256] [-Wambiguous-fields]
    The record update s {componentType = a} with type CreateComponentData is ambiguous.
    This will not be supported by -XDuplicateRecordFields in future releases of GHC.
    |
165 | createComponentData_componentType = Lens.lens (\CreateComponentData' {componentType} -> componentType) (\s@CreateComponentData' {} a -> s {componentType = a} :: CreateComponentData)
    |                                                                                                                                            ^^^^^^^^^^^^^^^^^

gen/Amazonka/AmplifyUiBuilder/Types/CreateComponentData.hs:169:113: warning: [GHC-02256] [-Wambiguous-fields]
    The record update s {name = a} with type CreateComponentData is ambiguous.
    This will not be supported by -XDuplicateRecordFields in future releases of GHC.
    |
169 | createComponentData_name = Lens.lens (\CreateComponentData' {name} -> name) (\s@CreateComponentData' {} a -> s {name = a} :: CreateComponentData)
    |                                                                                                                 ^^^^^^^^

gen/Amazonka/AmplifyUiBuilder/Types/CreateComponentData.hs:174:128: warning: [GHC-02256] [-Wambiguous-fields]
    The record update s {overrides = a} with type CreateComponentData is ambiguous.
    This will not be supported by -XDuplicateRecordFields in future releases of GHC.
    |
174 | createComponentData_overrides = Lens.lens (\CreateComponentData' {overrides} -> overrides) (\s@CreateComponentData' {} a -> s {overrides = a} :: CreateComponentData) Prelude.. Lens.coerced
    |                                                                                                                                ^^^^^^^^^^^^^

gen/Amazonka/AmplifyUiBuilder/Types/CreateComponentData.hs:178:131: warning: [GHC-02256] [-Wambiguous-fields]
    The record update s {properties = a} with type CreateComponentData is ambiguous.
    This will not be supported by -XDuplicateRecordFields in future releases of GHC.
    |
178 | createComponentData_properties = Lens.lens (\CreateComponentData' {properties} -> properties) (\s@CreateComponentData' {} a -> s {properties = a} :: CreateComponentData) Prelude.. Lens.coerced
    |                                                                                                                                   ^^^^^^^^^^^^^^
[37 of 80] Compiling Amazonka.AmplifyUiBuilder.Types.Component

gen/Amazonka/AmplifyUiBuilder/Types/Component.hs:184:95: warning: [GHC-02256] [-Wambiguous-fields]
    The record update s {children = a} with type Component is ambiguous.
    This will not be supported by -XDuplicateRecordFields in future releases of GHC.
    |
184 | component_children = Lens.lens (\Component' {children} -> children) (\s@Component' {} a -> s {children = a} :: Component) Prelude.. Lens.mapping Lens.coerced
    |                                                                                               ^^^^^^^^^^^^

gen/Amazonka/AmplifyUiBuilder/Types/Component.hs:196:89: warning: [GHC-02256] [-Wambiguous-fields]
    The record update s {events = a} with type Component is ambiguous.
    This will not be supported by -XDuplicateRecordFields in future releases of GHC.
    |
196 | component_events = Lens.lens (\Component' {events} -> events) (\s@Component' {} a -> s {events = a} :: Component) Prelude.. Lens.mapping Lens.coerced
    |                                                                                         ^^^^^^^^^^

gen/Amazonka/AmplifyUiBuilder/Types/Component.hs:209:95: warning: [GHC-02256] [-Wambiguous-fields]
    The record update s {sourceId = a} with type Component is ambiguous.
    This will not be supported by -XDuplicateRecordFields in future releases of GHC.
    |
209 | component_sourceId = Lens.lens (\Component' {sourceId} -> sourceId) (\s@Component' {} a -> s {sourceId = a} :: Component)
    |                                                                                               ^^^^^^^^^^^^

gen/Amazonka/AmplifyUiBuilder/Types/Component.hs:222:122: warning: [GHC-02256] [-Wambiguous-fields]
    The record update s {bindingProperties = a} with type Component is ambiguous.
    This will not be supported by -XDuplicateRecordFields in future releases of GHC.
    |
222 | component_bindingProperties = Lens.lens (\Component' {bindingProperties} -> bindingProperties) (\s@Component' {} a -> s {bindingProperties = a} :: Component) Prelude.. Lens.coerced
    |                                                                                                                          ^^^^^^^^^^^^^^^^^^^^^

gen/Amazonka/AmplifyUiBuilder/Types/Component.hs:227:110: warning: [GHC-02256] [-Wambiguous-fields]
    The record update s {componentType = a} with type Component is ambiguous.
    This will not be supported by -XDuplicateRecordFields in future releases of GHC.
    |
227 | component_componentType = Lens.lens (\Component' {componentType} -> componentType) (\s@Component' {} a -> s {componentType = a} :: Component)
    |                                                                                                              ^^^^^^^^^^^^^^^^^

gen/Amazonka/AmplifyUiBuilder/Types/Component.hs:243:83: warning: [GHC-02256] [-Wambiguous-fields]
    The record update s {name = a} with type Component is ambiguous.
    This will not be supported by -XDuplicateRecordFields in future releases of GHC.
    |
243 | component_name = Lens.lens (\Component' {name} -> name) (\s@Component' {} a -> s {name = a} :: Component)
    |                                                                                   ^^^^^^^^

gen/Amazonka/AmplifyUiBuilder/Types/Component.hs:249:98: warning: [GHC-02256] [-Wambiguous-fields]
    The record update s {overrides = a} with type Component is ambiguous.
    This will not be supported by -XDuplicateRecordFields in future releases of GHC.
    |
249 | component_overrides = Lens.lens (\Component' {overrides} -> overrides) (\s@Component' {} a -> s {overrides = a} :: Component) Prelude.. Lens.coerced
    |                                                                                                  ^^^^^^^^^^^^^

gen/Amazonka/AmplifyUiBuilder/Types/Component.hs:254:101: warning: [GHC-02256] [-Wambiguous-fields]
    The record update s {properties = a} with type Component is ambiguous.
    This will not be supported by -XDuplicateRecordFields in future releases of GHC.
    |
254 | component_properties = Lens.lens (\Component' {properties} -> properties) (\s@Component' {} a -> s {properties = a} :: Component) Prelude.. Lens.coerced
    |                                                                                                     ^^^^^^^^^^^^^^
[38 of 80] Compiling Amazonka.AmplifyUiBuilder.Types.ThemeSummary
[39 of 80] Compiling Amazonka.AmplifyUiBuilder.Types.ThemeValue[boot]
[40 of 80] Compiling Amazonka.AmplifyUiBuilder.Types.ThemeValues[boot]
[41 of 80] Compiling Amazonka.AmplifyUiBuilder.Types.ThemeValues
[42 of 80] Compiling Amazonka.AmplifyUiBuilder.Types.ThemeValue

gen/Amazonka/AmplifyUiBuilder/Types/ThemeValue.hs:64:89: warning: [GHC-02256] [-Wambiguous-fields]
    The record update s {value = a} with type ThemeValue is ambiguous.
    This will not be supported by -XDuplicateRecordFields in future releases of GHC.
   |
64 | themeValue_value = Lens.lens (\ThemeValue' {value} -> value) (\s@ThemeValue' {} a -> s {value = a} :: ThemeValue)
   |                                                                                         ^^^^^^^^^
[43 of 80] Compiling Amazonka.AmplifyUiBuilder.Types.Theme
[44 of 80] Compiling Amazonka.AmplifyUiBuilder.Types.CreateThemeData
[45 of 80] Compiling Amazonka.AmplifyUiBuilder.Types.TokenProviders
[46 of 80] Compiling Amazonka.AmplifyUiBuilder.Types.UpdateComponentData

gen/Amazonka/AmplifyUiBuilder/Types/UpdateComponentData.hs:129:152: warning: [GHC-02256] [-Wambiguous-fields]
    The record update s {bindingProperties = a} with type UpdateComponentData is ambiguous.
    This will not be supported by -XDuplicateRecordFields in future releases of GHC.
    |
129 | updateComponentData_bindingProperties = Lens.lens (\UpdateComponentData' {bindingProperties} -> bindingProperties) (\s@UpdateComponentData' {} a -> s {bindingProperties = a} :: UpdateComponentData) Prelude.. Lens.mapping Lens.coerced
    |                                                                                                                                                        ^^^^^^^^^^^^^^^^^^^^^

gen/Amazonka/AmplifyUiBuilder/Types/UpdateComponentData.hs:133:125: warning: [GHC-02256] [-Wambiguous-fields]
    The record update s {children = a} with type UpdateComponentData is ambiguous.
    This will not be supported by -XDuplicateRecordFields in future releases of GHC.
    |
133 | updateComponentData_children = Lens.lens (\UpdateComponentData' {children} -> children) (\s@UpdateComponentData' {} a -> s {children = a} :: UpdateComponentData) Prelude.. Lens.mapping Lens.coerced
    |                                                                                                                             ^^^^^^^^^^^^

gen/Amazonka/AmplifyUiBuilder/Types/UpdateComponentData.hs:143:140: warning: [GHC-02256] [-Wambiguous-fields]
    The record update s {componentType = a} with type UpdateComponentData is ambiguous.
    This will not be supported by -XDuplicateRecordFields in future releases of GHC.
    |
143 | updateComponentData_componentType = Lens.lens (\UpdateComponentData' {componentType} -> componentType) (\s@UpdateComponentData' {} a -> s {componentType = a} :: UpdateComponentData)
    |                                                                                                                                            ^^^^^^^^^^^^^^^^^

gen/Amazonka/AmplifyUiBuilder/Types/UpdateComponentData.hs:149:119: warning: [GHC-02256] [-Wambiguous-fields]
    The record update s {events = a} with type UpdateComponentData is ambiguous.
    This will not be supported by -XDuplicateRecordFields in future releases of GHC.
    |
149 | updateComponentData_events = Lens.lens (\UpdateComponentData' {events} -> events) (\s@UpdateComponentData' {} a -> s {events = a} :: UpdateComponentData) Prelude.. Lens.mapping Lens.coerced
    |                                                                                                                       ^^^^^^^^^^

gen/Amazonka/AmplifyUiBuilder/Types/UpdateComponentData.hs:157:113: warning: [GHC-02256] [-Wambiguous-fields]
    The record update s {name = a} with type UpdateComponentData is ambiguous.
    This will not be supported by -XDuplicateRecordFields in future releases of GHC.
    |
157 | updateComponentData_name = Lens.lens (\UpdateComponentData' {name} -> name) (\s@UpdateComponentData' {} a -> s {name = a} :: UpdateComponentData)
    |                                                                                                                 ^^^^^^^^

gen/Amazonka/AmplifyUiBuilder/Types/UpdateComponentData.hs:162:128: warning: [GHC-02256] [-Wambiguous-fields]
    The record update s {overrides = a} with type UpdateComponentData is ambiguous.
    This will not be supported by -XDuplicateRecordFields in future releases of GHC.
    |
162 | updateComponentData_overrides = Lens.lens (\UpdateComponentData' {overrides} -> overrides) (\s@UpdateComponentData' {} a -> s {overrides = a} :: UpdateComponentData) Prelude.. Lens.mapping Lens.coerced
    |                                                                                                                                ^^^^^^^^^^^^^

gen/Amazonka/AmplifyUiBuilder/Types/UpdateComponentData.hs:166:131: warning: [GHC-02256] [-Wambiguous-fields]
    The record update s {properties = a} with type UpdateComponentData is ambiguous.
    This will not be supported by -XDuplicateRecordFields in future releases of GHC.
    |
166 | updateComponentData_properties = Lens.lens (\UpdateComponentData' {properties} -> properties) (\s@UpdateComponentData' {} a -> s {properties = a} :: UpdateComponentData) Prelude.. Lens.mapping Lens.coerced
    |                                                                                                                                   ^^^^^^^^^^^^^^

gen/Amazonka/AmplifyUiBuilder/Types/UpdateComponentData.hs:175:125: warning: [GHC-02256] [-Wambiguous-fields]
    The record update s {sourceId = a} with type UpdateComponentData is ambiguous.
    This will not be supported by -XDuplicateRecordFields in future releases of GHC.
    |
175 | updateComponentData_sourceId = Lens.lens (\UpdateComponentData' {sourceId} -> sourceId) (\s@UpdateComponentData' {} a -> s {sourceId = a} :: UpdateComponentData)
    |                                                                                                                             ^^^^^^^^^^^^
[47 of 80] Compiling Amazonka.AmplifyUiBuilder.Types.UpdateThemeData
[48 of 80] Compiling Amazonka.AmplifyUiBuilder.Types.ValueMapping

gen/Amazonka/AmplifyUiBuilder/Types/ValueMapping.hs:67:95: warning: [GHC-02256] [-Wambiguous-fields]
    The record update s {value = a} with type ValueMapping is ambiguous.
    This will not be supported by -XDuplicateRecordFields in future releases of GHC.
   |
67 | valueMapping_value = Lens.lens (\ValueMapping' {value} -> value) (\s@ValueMapping' {} a -> s {value = a} :: ValueMapping)
   |                                                                                               ^^^^^^^^^
[49 of 80] Compiling Amazonka.AmplifyUiBuilder.Types.ValueMappings
[50 of 80] Compiling Amazonka.AmplifyUiBuilder.Types.FieldInputConfig
[51 of 80] Compiling Amazonka.AmplifyUiBuilder.Types.FieldConfig
[52 of 80] Compiling Amazonka.AmplifyUiBuilder.Types.UpdateFormData
[53 of 80] Compiling Amazonka.AmplifyUiBuilder.Types.Form
[54 of 80] Compiling Amazonka.AmplifyUiBuilder.Types.CreateFormData
[55 of 80] Compiling Amazonka.AmplifyUiBuilder.Types
[56 of 80] Compiling Amazonka.AmplifyUiBuilder.RefreshToken
[57 of 80] Compiling Amazonka.AmplifyUiBuilder.PutMetadataFlag

gen/Amazonka/AmplifyUiBuilder/PutMetadataFlag.hs:101:104: warning: [GHC-02256] [-Wambiguous-fields]
    The record update s {appId = a} with type PutMetadataFlag is ambiguous.
    This will not be supported by -XDuplicateRecordFields in future releases of GHC.
    |
101 | putMetadataFlag_appId = Lens.lens (\PutMetadataFlag' {appId} -> appId) (\s@PutMetadataFlag' {} a -> s {appId = a} :: PutMetadataFlag)
    |                                                                                                        ^^^^^^^^^

gen/Amazonka/AmplifyUiBuilder/PutMetadataFlag.hs:109:134: warning: [GHC-02256] [-Wambiguous-fields]
    The record update s {environmentName = a} with type PutMetadataFlag is ambiguous.
    This will not be supported by -XDuplicateRecordFields in future releases of GHC.
    |
109 | putMetadataFlag_environmentName = Lens.lens (\PutMetadataFlag' {environmentName} -> environmentName) (\s@PutMetadataFlag' {} a -> s {environmentName = a} :: PutMetadataFlag)
    |                                                                                                                                      ^^^^^^^^^^^^^^^^^^^
[58 of 80] Compiling Amazonka.AmplifyUiBuilder.ListThemes

gen/Amazonka/AmplifyUiBuilder/ListThemes.hs:105:101: warning: [GHC-02256] [-Wambiguous-fields]
    The record update s {nextToken = a} with type ListThemes is ambiguous.
    This will not be supported by -XDuplicateRecordFields in future releases of GHC.
    |
105 | listThemes_nextToken = Lens.lens (\ListThemes' {nextToken} -> nextToken) (\s@ListThemes' {} a -> s {nextToken = a} :: ListThemes)
    |                                                                                                     ^^^^^^^^^^^^^

gen/Amazonka/AmplifyUiBuilder/ListThemes.hs:109:89: warning: [GHC-02256] [-Wambiguous-fields]
    The record update s {appId = a} with type ListThemes is ambiguous.
    This will not be supported by -XDuplicateRecordFields in future releases of GHC.
    |
109 | listThemes_appId = Lens.lens (\ListThemes' {appId} -> appId) (\s@ListThemes' {} a -> s {appId = a} :: ListThemes)
    |                                                                                         ^^^^^^^^^

gen/Amazonka/AmplifyUiBuilder/ListThemes.hs:113:119: warning: [GHC-02256] [-Wambiguous-fields]
    The record update s {environmentName = a} with type ListThemes is ambiguous.
    This will not be supported by -XDuplicateRecordFields in future releases of GHC.
    |
113 | listThemes_environmentName = Lens.lens (\ListThemes' {environmentName} -> environmentName) (\s@ListThemes' {} a -> s {environmentName = a} :: ListThemes)
    |                                                                                                                       ^^^^^^^^^^^^^^^^^^^

gen/Amazonka/AmplifyUiBuilder/ListThemes.hs:226:125: warning: [GHC-02256] [-Wambiguous-fields]
    The record update s {nextToken = a} with type ListThemesResponse is ambiguous.
    This will not be supported by -XDuplicateRecordFields in future releases of GHC.
    |
226 | listThemesResponse_nextToken = Lens.lens (\ListThemesResponse' {nextToken} -> nextToken) (\s@ListThemesResponse' {} a -> s {nextToken = a} :: ListThemesResponse)
    |                                                                                                                             ^^^^^^^^^^^^^
[59 of 80] Compiling Amazonka.AmplifyUiBuilder.ListForms

gen/Amazonka/AmplifyUiBuilder/ListForms.hs:105:98: warning: [GHC-02256] [-Wambiguous-fields]
    The record update s {nextToken = a} with type ListForms is ambiguous.
    This will not be supported by -XDuplicateRecordFields in future releases of GHC.
    |
105 | listForms_nextToken = Lens.lens (\ListForms' {nextToken} -> nextToken) (\s@ListForms' {} a -> s {nextToken = a} :: ListForms)
    |                                                                                                  ^^^^^^^^^^^^^

gen/Amazonka/AmplifyUiBuilder/ListForms.hs:109:86: warning: [GHC-02256] [-Wambiguous-fields]
    The record update s {appId = a} with type ListForms is ambiguous.
    This will not be supported by -XDuplicateRecordFields in future releases of GHC.
    |
109 | listForms_appId = Lens.lens (\ListForms' {appId} -> appId) (\s@ListForms' {} a -> s {appId = a} :: ListForms)
    |                                                                                      ^^^^^^^^^

gen/Amazonka/AmplifyUiBuilder/ListForms.hs:113:116: warning: [GHC-02256] [-Wambiguous-fields]
    The record update s {environmentName = a} with type ListForms is ambiguous.
    This will not be supported by -XDuplicateRecordFields in future releases of GHC.
    |
113 | listForms_environmentName = Lens.lens (\ListForms' {environmentName} -> environmentName) (\s@ListForms' {} a -> s {environmentName = a} :: ListForms)
    |                                                                                                                    ^^^^^^^^^^^^^^^^^^^

gen/Amazonka/AmplifyUiBuilder/ListForms.hs:226:122: warning: [GHC-02256] [-Wambiguous-fields]
    The record update s {nextToken = a} with type ListFormsResponse is ambiguous.
    This will not be supported by -XDuplicateRecordFields in future releases of GHC.
    |
226 | listFormsResponse_nextToken = Lens.lens (\ListFormsResponse' {nextToken} -> nextToken) (\s@ListFormsResponse' {} a -> s {nextToken = a} :: ListFormsResponse)
    |                                                                                                                          ^^^^^^^^^^^^^
[60 of 80] Compiling Amazonka.AmplifyUiBuilder.ListComponents

gen/Amazonka/AmplifyUiBuilder/ListComponents.hs:105:113: warning: [GHC-02256] [-Wambiguous-fields]
    The record update s {nextToken = a} with type ListComponents is ambiguous.
    This will not be supported by -XDuplicateRecordFields in future releases of GHC.
    |
105 | listComponents_nextToken = Lens.lens (\ListComponents' {nextToken} -> nextToken) (\s@ListComponents' {} a -> s {nextToken = a} :: ListComponents)
    |                                                                                                                 ^^^^^^^^^^^^^

gen/Amazonka/AmplifyUiBuilder/ListComponents.hs:109:101: warning: [GHC-02256] [-Wambiguous-fields]
    The record update s {appId = a} with type ListComponents is ambiguous.
    This will not be supported by -XDuplicateRecordFields in future releases of GHC.
    |
109 | listComponents_appId = Lens.lens (\ListComponents' {appId} -> appId) (\s@ListComponents' {} a -> s {appId = a} :: ListComponents)
    |                                                                                                     ^^^^^^^^^

gen/Amazonka/AmplifyUiBuilder/ListComponents.hs:113:131: warning: [GHC-02256] [-Wambiguous-fields]
    The record update s {environmentName = a} with type ListComponents is ambiguous.
    This will not be supported by -XDuplicateRecordFields in future releases of GHC.
    |
113 | listComponents_environmentName = Lens.lens (\ListComponents' {environmentName} -> environmentName) (\s@ListComponents' {} a -> s {environmentName = a} :: ListComponents)
    |                                                                                                                                   ^^^^^^^^^^^^^^^^^^^

gen/Amazonka/AmplifyUiBuilder/ListComponents.hs:230:137: warning: [GHC-02256] [-Wambiguous-fields]
    The record update s {nextToken = a} with type ListComponentsResponse is ambiguous.
    This will not be supported by -XDuplicateRecordFields in future releases of GHC.
    |
230 | listComponentsResponse_nextToken = Lens.lens (\ListComponentsResponse' {nextToken} -> nextToken) (\s@ListComponentsResponse' {} a -> s {nextToken = a} :: ListComponentsResponse)
    |                                                                                                                                         ^^^^^^^^^^^^^
[61 of 80] Compiling Amazonka.AmplifyUiBuilder.GetTheme

gen/Amazonka/AmplifyUiBuilder/GetTheme.hs:93:83: warning: [GHC-02256] [-Wambiguous-fields]
    The record update s {appId = a} with type GetTheme is ambiguous.
    This will not be supported by -XDuplicateRecordFields in future releases of GHC.
   |
93 | getTheme_appId = Lens.lens (\GetTheme' {appId} -> appId) (\s@GetTheme' {} a -> s {appId = a} :: GetTheme)
   |                                                                                   ^^^^^^^^^

gen/Amazonka/AmplifyUiBuilder/GetTheme.hs:97:113: warning: [GHC-02256] [-Wambiguous-fields]
    The record update s {environmentName = a} with type GetTheme is ambiguous.
    This will not be supported by -XDuplicateRecordFields in future releases of GHC.
   |
97 | getTheme_environmentName = Lens.lens (\GetTheme' {environmentName} -> environmentName) (\s@GetTheme' {} a -> s {environmentName = a} :: GetTheme)
   |                                                                                                                 ^^^^^^^^^^^^^^^^^^^

gen/Amazonka/AmplifyUiBuilder/GetTheme.hs:101:74: warning: [GHC-02256] [-Wambiguous-fields]
    The record update s {id = a} with type GetTheme is ambiguous.
    This will not be supported by -XDuplicateRecordFields in future releases of GHC.
    |
101 | getTheme_id = Lens.lens (\GetTheme' {id} -> id) (\s@GetTheme' {} a -> s {id = a} :: GetTheme)
    |                                                                          ^^^^^^
[62 of 80] Compiling Amazonka.AmplifyUiBuilder.GetMetadata

gen/Amazonka/AmplifyUiBuilder/GetMetadata.hs:85:92: warning: [GHC-02256] [-Wambiguous-fields]
    The record update s {appId = a} with type GetMetadata is ambiguous.
    This will not be supported by -XDuplicateRecordFields in future releases of GHC.
   |
85 | getMetadata_appId = Lens.lens (\GetMetadata' {appId} -> appId) (\s@GetMetadata' {} a -> s {appId = a} :: GetMetadata)
   |                                                                                            ^^^^^^^^^

gen/Amazonka/AmplifyUiBuilder/GetMetadata.hs:89:122: warning: [GHC-02256] [-Wambiguous-fields]
    The record update s {environmentName = a} with type GetMetadata is ambiguous.
    This will not be supported by -XDuplicateRecordFields in future releases of GHC.
   |
89 | getMetadata_environmentName = Lens.lens (\GetMetadata' {environmentName} -> environmentName) (\s@GetMetadata' {} a -> s {environmentName = a} :: GetMetadata)
   |                                                                                                                          ^^^^^^^^^^^^^^^^^^^
[63 of 80] Compiling Amazonka.AmplifyUiBuilder.GetForm

gen/Amazonka/AmplifyUiBuilder/GetForm.hs:93:80: warning: [GHC-02256] [-Wambiguous-fields]
    The record update s {appId = a} with type GetForm is ambiguous.
    This will not be supported by -XDuplicateRecordFields in future releases of GHC.
   |
93 | getForm_appId = Lens.lens (\GetForm' {appId} -> appId) (\s@GetForm' {} a -> s {appId = a} :: GetForm)
   |                                                                                ^^^^^^^^^

gen/Amazonka/AmplifyUiBuilder/GetForm.hs:97:110: warning: [GHC-02256] [-Wambiguous-fields]
    The record update s {environmentName = a} with type GetForm is ambiguous.
    This will not be supported by -XDuplicateRecordFields in future releases of GHC.
   |
97 | getForm_environmentName = Lens.lens (\GetForm' {environmentName} -> environmentName) (\s@GetForm' {} a -> s {environmentName = a} :: GetForm)
   |                                                                                                              ^^^^^^^^^^^^^^^^^^^

gen/Amazonka/AmplifyUiBuilder/GetForm.hs:101:71: warning: [GHC-02256] [-Wambiguous-fields]
    The record update s {id = a} with type GetForm is ambiguous.
    This will not be supported by -XDuplicateRecordFields in future releases of GHC.
    |
101 | getForm_id = Lens.lens (\GetForm' {id} -> id) (\s@GetForm' {} a -> s {id = a} :: GetForm)
    |                                                                       ^^^^^^
[64 of 80] Compiling Amazonka.AmplifyUiBuilder.GetComponent

gen/Amazonka/AmplifyUiBuilder/GetComponent.hs:93:95: warning: [GHC-02256] [-Wambiguous-fields]
    The record update s {appId = a} with type GetComponent is ambiguous.
    This will not be supported by -XDuplicateRecordFields in future releases of GHC.
   |
93 | getComponent_appId = Lens.lens (\GetComponent' {appId} -> appId) (\s@GetComponent' {} a -> s {appId = a} :: GetComponent)
   |                                                                                               ^^^^^^^^^

gen/Amazonka/AmplifyUiBuilder/GetComponent.hs:97:125: warning: [GHC-02256] [-Wambiguous-fields]
    The record update s {environmentName = a} with type GetComponent is ambiguous.
    This will not be supported by -XDuplicateRecordFields in future releases of GHC.
   |
97 | getComponent_environmentName = Lens.lens (\GetComponent' {environmentName} -> environmentName) (\s@GetComponent' {} a -> s {environmentName = a} :: GetComponent)
   |                                                                                                                             ^^^^^^^^^^^^^^^^^^^

gen/Amazonka/AmplifyUiBuilder/GetComponent.hs:101:86: warning: [GHC-02256] [-Wambiguous-fields]
    The record update s {id = a} with type GetComponent is ambiguous.
    This will not be supported by -XDuplicateRecordFields in future releases of GHC.
    |
101 | getComponent_id = Lens.lens (\GetComponent' {id} -> id) (\s@GetComponent' {} a -> s {id = a} :: GetComponent)
    |                                                                                      ^^^^^^
[65 of 80] Compiling Amazonka.AmplifyUiBuilder.ExportThemes

gen/Amazonka/AmplifyUiBuilder/ExportThemes.hs:95:107: warning: [GHC-02256] [-Wambiguous-fields]
    The record update s {nextToken = a} with type ExportThemes is ambiguous.
    This will not be supported by -XDuplicateRecordFields in future releases of GHC.
   |
95 | exportThemes_nextToken = Lens.lens (\ExportThemes' {nextToken} -> nextToken) (\s@ExportThemes' {} a -> s {nextToken = a} :: ExportThemes)
   |                                                                                                           ^^^^^^^^^^^^^

gen/Amazonka/AmplifyUiBuilder/ExportThemes.hs:99:95: warning: [GHC-02256] [-Wambiguous-fields]
    The record update s {appId = a} with type ExportThemes is ambiguous.
    This will not be supported by -XDuplicateRecordFields in future releases of GHC.
   |
99 | exportThemes_appId = Lens.lens (\ExportThemes' {appId} -> appId) (\s@ExportThemes' {} a -> s {appId = a} :: ExportThemes)
   |                                                                                               ^^^^^^^^^

gen/Amazonka/AmplifyUiBuilder/ExportThemes.hs:103:125: warning: [GHC-02256] [-Wambiguous-fields]
    The record update s {environmentName = a} with type ExportThemes is ambiguous.
    This will not be supported by -XDuplicateRecordFields in future releases of GHC.
    |
103 | exportThemes_environmentName = Lens.lens (\ExportThemes' {environmentName} -> environmentName) (\s@ExportThemes' {} a -> s {environmentName = a} :: ExportThemes)
    |                                                                                                                             ^^^^^^^^^^^^^^^^^^^

gen/Amazonka/AmplifyUiBuilder/ExportThemes.hs:212:131: warning: [GHC-02256] [-Wambiguous-fields]
    The record update s {nextToken = a} with type ExportThemesResponse is ambiguous.
    This will not be supported by -XDuplicateRecordFields in future releases of GHC.
    |
212 | exportThemesResponse_nextToken = Lens.lens (\ExportThemesResponse' {nextToken} -> nextToken) (\s@ExportThemesResponse' {} a -> s {nextToken = a} :: ExportThemesResponse)
    |                                                                                                                                   ^^^^^^^^^^^^^
[66 of 80] Compiling Amazonka.AmplifyUiBuilder.ExportForms

gen/Amazonka/AmplifyUiBuilder/ExportForms.hs:95:104: warning: [GHC-02256] [-Wambiguous-fields]
    The record update s {nextToken = a} with type ExportForms is ambiguous.
    This will not be supported by -XDuplicateRecordFields in future releases of GHC.
   |
95 | exportForms_nextToken = Lens.lens (\ExportForms' {nextToken} -> nextToken) (\s@ExportForms' {} a -> s {nextToken = a} :: ExportForms)
   |                                                                                                        ^^^^^^^^^^^^^

gen/Amazonka/AmplifyUiBuilder/ExportForms.hs:99:92: warning: [GHC-02256] [-Wambiguous-fields]
    The record update s {appId = a} with type ExportForms is ambiguous.
    This will not be supported by -XDuplicateRecordFields in future releases of GHC.
   |
99 | exportForms_appId = Lens.lens (\ExportForms' {appId} -> appId) (\s@ExportForms' {} a -> s {appId = a} :: ExportForms)
   |                                                                                            ^^^^^^^^^

gen/Amazonka/AmplifyUiBuilder/ExportForms.hs:103:122: warning: [GHC-02256] [-Wambiguous-fields]
    The record update s {environmentName = a} with type ExportForms is ambiguous.
    This will not be supported by -XDuplicateRecordFields in future releases of GHC.
    |
103 | exportForms_environmentName = Lens.lens (\ExportForms' {environmentName} -> environmentName) (\s@ExportForms' {} a -> s {environmentName = a} :: ExportForms)
    |                                                                                                                          ^^^^^^^^^^^^^^^^^^^

gen/Amazonka/AmplifyUiBuilder/ExportForms.hs:211:128: warning: [GHC-02256] [-Wambiguous-fields]
    The record update s {nextToken = a} with type ExportFormsResponse is ambiguous.
    This will not be supported by -XDuplicateRecordFields in future releases of GHC.
    |
211 | exportFormsResponse_nextToken = Lens.lens (\ExportFormsResponse' {nextToken} -> nextToken) (\s@ExportFormsResponse' {} a -> s {nextToken = a} :: ExportFormsResponse)
    |                                                                                                                                ^^^^^^^^^^^^^
[67 of 80] Compiling Amazonka.AmplifyUiBuilder.ExportComponents

gen/Amazonka/AmplifyUiBuilder/ExportComponents.hs:95:119: warning: [GHC-02256] [-Wambiguous-fields]
    The record update s {nextToken = a} with type ExportComponents is ambiguous.
    This will not be supported by -XDuplicateRecordFields in future releases of GHC.
   |
95 | exportComponents_nextToken = Lens.lens (\ExportComponents' {nextToken} -> nextToken) (\s@ExportComponents' {} a -> s {nextToken = a} :: ExportComponents)
   |                                                                                                                       ^^^^^^^^^^^^^

gen/Amazonka/AmplifyUiBuilder/ExportComponents.hs:99:107: warning: [GHC-02256] [-Wambiguous-fields]
    The record update s {appId = a} with type ExportComponents is ambiguous.
    This will not be supported by -XDuplicateRecordFields in future releases of GHC.
   |
99 | exportComponents_appId = Lens.lens (\ExportComponents' {appId} -> appId) (\s@ExportComponents' {} a -> s {appId = a} :: ExportComponents)
   |                                                                                                           ^^^^^^^^^

gen/Amazonka/AmplifyUiBuilder/ExportComponents.hs:103:137: warning: [GHC-02256] [-Wambiguous-fields]
    The record update s {environmentName = a} with type ExportComponents is ambiguous.
    This will not be supported by -XDuplicateRecordFields in future releases of GHC.
    |
103 | exportComponents_environmentName = Lens.lens (\ExportComponents' {environmentName} -> environmentName) (\s@ExportComponents' {} a -> s {environmentName = a} :: ExportComponents)
    |                                                                                                                                         ^^^^^^^^^^^^^^^^^^^

gen/Amazonka/AmplifyUiBuilder/ExportComponents.hs:215:143: warning: [GHC-02256] [-Wambiguous-fields]
    The record update s {nextToken = a} with type ExportComponentsResponse is ambiguous.
    This will not be supported by -XDuplicateRecordFields in future releases of GHC.
    |
215 | exportComponentsResponse_nextToken = Lens.lens (\ExportComponentsResponse' {nextToken} -> nextToken) (\s@ExportComponentsResponse' {} a -> s {nextToken = a} :: ExportComponentsResponse)
    |                                                                                                                                               ^^^^^^^^^^^^^
[68 of 80] Compiling Amazonka.AmplifyUiBuilder.ExchangeCodeForToken
[69 of 80] Compiling Amazonka.AmplifyUiBuilder.DeleteTheme

gen/Amazonka/AmplifyUiBuilder/DeleteTheme.hs:89:92: warning: [GHC-02256] [-Wambiguous-fields]
    The record update s {appId = a} with type DeleteTheme is ambiguous.
    This will not be supported by -XDuplicateRecordFields in future releases of GHC.
   |
89 | deleteTheme_appId = Lens.lens (\DeleteTheme' {appId} -> appId) (\s@DeleteTheme' {} a -> s {appId = a} :: DeleteTheme)
   |                                                                                            ^^^^^^^^^

gen/Amazonka/AmplifyUiBuilder/DeleteTheme.hs:93:122: warning: [GHC-02256] [-Wambiguous-fields]
    The record update s {environmentName = a} with type DeleteTheme is ambiguous.
    This will not be supported by -XDuplicateRecordFields in future releases of GHC.
   |
93 | deleteTheme_environmentName = Lens.lens (\DeleteTheme' {environmentName} -> environmentName) (\s@DeleteTheme' {} a -> s {environmentName = a} :: DeleteTheme)
   |                                                                                                                          ^^^^^^^^^^^^^^^^^^^

gen/Amazonka/AmplifyUiBuilder/DeleteTheme.hs:97:83: warning: [GHC-02256] [-Wambiguous-fields]
    The record update s {id = a} with type DeleteTheme is ambiguous.
    This will not be supported by -XDuplicateRecordFields in future releases of GHC.
   |
97 | deleteTheme_id = Lens.lens (\DeleteTheme' {id} -> id) (\s@DeleteTheme' {} a -> s {id = a} :: DeleteTheme)
   |                                                                                   ^^^^^^
[70 of 80] Compiling Amazonka.AmplifyUiBuilder.DeleteForm

gen/Amazonka/AmplifyUiBuilder/DeleteForm.hs:89:89: warning: [GHC-02256] [-Wambiguous-fields]
    The record update s {appId = a} with type DeleteForm is ambiguous.
    This will not be supported by -XDuplicateRecordFields in future releases of GHC.
   |
89 | deleteForm_appId = Lens.lens (\DeleteForm' {appId} -> appId) (\s@DeleteForm' {} a -> s {appId = a} :: DeleteForm)
   |                                                                                         ^^^^^^^^^

gen/Amazonka/AmplifyUiBuilder/DeleteForm.hs:93:119: warning: [GHC-02256] [-Wambiguous-fields]
    The record update s {environmentName = a} with type DeleteForm is ambiguous.
    This will not be supported by -XDuplicateRecordFields in future releases of GHC.
   |
93 | deleteForm_environmentName = Lens.lens (\DeleteForm' {environmentName} -> environmentName) (\s@DeleteForm' {} a -> s {environmentName = a} :: DeleteForm)
   |                                                                                                                       ^^^^^^^^^^^^^^^^^^^

gen/Amazonka/AmplifyUiBuilder/DeleteForm.hs:97:80: warning: [GHC-02256] [-Wambiguous-fields]
    The record update s {id = a} with type DeleteForm is ambiguous.
    This will not be supported by -XDuplicateRecordFields in future releases of GHC.
   |
97 | deleteForm_id = Lens.lens (\DeleteForm' {id} -> id) (\s@DeleteForm' {} a -> s {id = a} :: DeleteForm)
   |                                                                                ^^^^^^
[71 of 80] Compiling Amazonka.AmplifyUiBuilder.DeleteComponent

gen/Amazonka/AmplifyUiBuilder/DeleteComponent.hs:92:104: warning: [GHC-02256] [-Wambiguous-fields]
    The record update s {appId = a} with type DeleteComponent is ambiguous.
    This will not be supported by -XDuplicateRecordFields in future releases of GHC.
   |
92 | deleteComponent_appId = Lens.lens (\DeleteComponent' {appId} -> appId) (\s@DeleteComponent' {} a -> s {appId = a} :: DeleteComponent)
   |                                                                                                        ^^^^^^^^^

gen/Amazonka/AmplifyUiBuilder/DeleteComponent.hs:96:134: warning: [GHC-02256] [-Wambiguous-fields]
    The record update s {environmentName = a} with type DeleteComponent is ambiguous.
    This will not be supported by -XDuplicateRecordFields in future releases of GHC.
   |
96 | deleteComponent_environmentName = Lens.lens (\DeleteComponent' {environmentName} -> environmentName) (\s@DeleteComponent' {} a -> s {environmentName = a} :: DeleteComponent)
   |                                                                                                                                      ^^^^^^^^^^^^^^^^^^^

gen/Amazonka/AmplifyUiBuilder/DeleteComponent.hs:100:95: warning: [GHC-02256] [-Wambiguous-fields]
    The record update s {id = a} with type DeleteComponent is ambiguous.
    This will not be supported by -XDuplicateRecordFields in future releases of GHC.
    |
100 | deleteComponent_id = Lens.lens (\DeleteComponent' {id} -> id) (\s@DeleteComponent' {} a -> s {id = a} :: DeleteComponent)
    |                                                                                               ^^^^^^
[72 of 80] Compiling Amazonka.AmplifyUiBuilder.CreateTheme

gen/Amazonka/AmplifyUiBuilder/CreateTheme.hs:106:92: warning: [GHC-02256] [-Wambiguous-fields]
    The record update s {appId = a} with type CreateTheme is ambiguous.
    This will not be supported by -XDuplicateRecordFields in future releases of GHC.
    |
106 | createTheme_appId = Lens.lens (\CreateTheme' {appId} -> appId) (\s@CreateTheme' {} a -> s {appId = a} :: CreateTheme)
    |                                                                                            ^^^^^^^^^

gen/Amazonka/AmplifyUiBuilder/CreateTheme.hs:110:122: warning: [GHC-02256] [-Wambiguous-fields]
    The record update s {environmentName = a} with type CreateTheme is ambiguous.
    This will not be supported by -XDuplicateRecordFields in future releases of GHC.
    |
110 | createTheme_environmentName = Lens.lens (\CreateTheme' {environmentName} -> environmentName) (\s@CreateTheme' {} a -> s {environmentName = a} :: CreateTheme)
    |                                                                                                                          ^^^^^^^^^^^^^^^^^^^
[73 of 80] Compiling Amazonka.AmplifyUiBuilder.CreateForm

gen/Amazonka/AmplifyUiBuilder/CreateForm.hs:106:89: warning: [GHC-02256] [-Wambiguous-fields]
    The record update s {appId = a} with type CreateForm is ambiguous.
    This will not be supported by -XDuplicateRecordFields in future releases of GHC.
    |
106 | createForm_appId = Lens.lens (\CreateForm' {appId} -> appId) (\s@CreateForm' {} a -> s {appId = a} :: CreateForm)
    |                                                                                         ^^^^^^^^^

gen/Amazonka/AmplifyUiBuilder/CreateForm.hs:110:119: warning: [GHC-02256] [-Wambiguous-fields]
    The record update s {environmentName = a} with type CreateForm is ambiguous.
    This will not be supported by -XDuplicateRecordFields in future releases of GHC.
    |
110 | createForm_environmentName = Lens.lens (\CreateForm' {environmentName} -> environmentName) (\s@CreateForm' {} a -> s {environmentName = a} :: CreateForm)
    |                                                                                                                       ^^^^^^^^^^^^^^^^^^^
[74 of 80] Compiling Amazonka.AmplifyUiBuilder.CreateComponent

gen/Amazonka/AmplifyUiBuilder/CreateComponent.hs:106:104: warning: [GHC-02256] [-Wambiguous-fields]
    The record update s {appId = a} with type CreateComponent is ambiguous.
    This will not be supported by -XDuplicateRecordFields in future releases of GHC.
    |
106 | createComponent_appId = Lens.lens (\CreateComponent' {appId} -> appId) (\s@CreateComponent' {} a -> s {appId = a} :: CreateComponent)
    |                                                                                                        ^^^^^^^^^

gen/Amazonka/AmplifyUiBuilder/CreateComponent.hs:114:134: warning: [GHC-02256] [-Wambiguous-fields]
    The record update s {environmentName = a} with type CreateComponent is ambiguous.
    This will not be supported by -XDuplicateRecordFields in future releases of GHC.
    |
114 | createComponent_environmentName = Lens.lens (\CreateComponent' {environmentName} -> environmentName) (\s@CreateComponent' {} a -> s {environmentName = a} :: CreateComponent)
    |                                                                                                                                      ^^^^^^^^^^^^^^^^^^^
[75 of 80] Compiling Amazonka.AmplifyUiBuilder.UpdateComponent

gen/Amazonka/AmplifyUiBuilder/UpdateComponent.hs:115:104: warning: [GHC-02256] [-Wambiguous-fields]
    The record update s {appId = a} with type UpdateComponent is ambiguous.
    This will not be supported by -XDuplicateRecordFields in future releases of GHC.
    |
115 | updateComponent_appId = Lens.lens (\UpdateComponent' {appId} -> appId) (\s@UpdateComponent' {} a -> s {appId = a} :: UpdateComponent)
    |                                                                                                        ^^^^^^^^^

gen/Amazonka/AmplifyUiBuilder/UpdateComponent.hs:119:134: warning: [GHC-02256] [-Wambiguous-fields]
    The record update s {environmentName = a} with type UpdateComponent is ambiguous.
    This will not be supported by -XDuplicateRecordFields in future releases of GHC.
    |
119 | updateComponent_environmentName = Lens.lens (\UpdateComponent' {environmentName} -> environmentName) (\s@UpdateComponent' {} a -> s {environmentName = a} :: UpdateComponent)
    |                                                                                                                                      ^^^^^^^^^^^^^^^^^^^

gen/Amazonka/AmplifyUiBuilder/UpdateComponent.hs:123:95: warning: [GHC-02256] [-Wambiguous-fields]
    The record update s {id = a} with type UpdateComponent is ambiguous.
    This will not be supported by -XDuplicateRecordFields in future releases of GHC.
    |
123 | updateComponent_id = Lens.lens (\UpdateComponent' {id} -> id) (\s@UpdateComponent' {} a -> s {id = a} :: UpdateComponent)
    |                                                                                               ^^^^^^
[76 of 80] Compiling Amazonka.AmplifyUiBuilder.UpdateForm

gen/Amazonka/AmplifyUiBuilder/UpdateForm.hs:115:89: warning: [GHC-02256] [-Wambiguous-fields]
    The record update s {appId = a} with type UpdateForm is ambiguous.
    This will not be supported by -XDuplicateRecordFields in future releases of GHC.
    |
115 | updateForm_appId = Lens.lens (\UpdateForm' {appId} -> appId) (\s@UpdateForm' {} a -> s {appId = a} :: UpdateForm)
    |                                                                                         ^^^^^^^^^

gen/Amazonka/AmplifyUiBuilder/UpdateForm.hs:119:119: warning: [GHC-02256] [-Wambiguous-fields]
    The record update s {environmentName = a} with type UpdateForm is ambiguous.
    This will not be supported by -XDuplicateRecordFields in future releases of GHC.
    |
119 | updateForm_environmentName = Lens.lens (\UpdateForm' {environmentName} -> environmentName) (\s@UpdateForm' {} a -> s {environmentName = a} :: UpdateForm)
    |                                                                                                                       ^^^^^^^^^^^^^^^^^^^

gen/Amazonka/AmplifyUiBuilder/UpdateForm.hs:123:80: warning: [GHC-02256] [-Wambiguous-fields]
    The record update s {id = a} with type UpdateForm is ambiguous.
    This will not be supported by -XDuplicateRecordFields in future releases of GHC.
    |
123 | updateForm_id = Lens.lens (\UpdateForm' {id} -> id) (\s@UpdateForm' {} a -> s {id = a} :: UpdateForm)
    |                                                                                ^^^^^^
[77 of 80] Compiling Amazonka.AmplifyUiBuilder.UpdateTheme

gen/Amazonka/AmplifyUiBuilder/UpdateTheme.hs:115:92: warning: [GHC-02256] [-Wambiguous-fields]
    The record update s {appId = a} with type UpdateTheme is ambiguous.
    This will not be supported by -XDuplicateRecordFields in future releases of GHC.
    |
115 | updateTheme_appId = Lens.lens (\UpdateTheme' {appId} -> appId) (\s@UpdateTheme' {} a -> s {appId = a} :: UpdateTheme)
    |                                                                                            ^^^^^^^^^

gen/Amazonka/AmplifyUiBuilder/UpdateTheme.hs:119:122: warning: [GHC-02256] [-Wambiguous-fields]
    The record update s {environmentName = a} with type UpdateTheme is ambiguous.
    This will not be supported by -XDuplicateRecordFields in future releases of GHC.
    |
119 | updateTheme_environmentName = Lens.lens (\UpdateTheme' {environmentName} -> environmentName) (\s@UpdateTheme' {} a -> s {environmentName = a} :: UpdateTheme)
    |                                                                                                                          ^^^^^^^^^^^^^^^^^^^

gen/Amazonka/AmplifyUiBuilder/UpdateTheme.hs:123:83: warning: [GHC-02256] [-Wambiguous-fields]
    The record update s {id = a} with type UpdateTheme is ambiguous.
    This will not be supported by -XDuplicateRecordFields in future releases of GHC.
    |
123 | updateTheme_id = Lens.lens (\UpdateTheme' {id} -> id) (\s@UpdateTheme' {} a -> s {id = a} :: UpdateTheme)
    |                                                                                   ^^^^^^
[78 of 80] Compiling Amazonka.AmplifyUiBuilder.Lens
[79 of 80] Compiling Amazonka.AmplifyUiBuilder.Waiters
[80 of 80] Compiling Amazonka.AmplifyUiBuilder
Configuring test suite 'amazonka-amplifyuibuilder-test' for amazonka-amplifyuibuilder-2.0...
Preprocessing test suite 'amazonka-amplifyuibuilder-test' for amazonka-amplifyuibuilder-2.0...
Building test suite 'amazonka-amplifyuibuilder-test' for amazonka-amplifyuibuilder-2.0...
[1 of 4] Compiling Test.Amazonka.AmplifyUiBuilder
[2 of 4] Compiling Test.Amazonka.AmplifyUiBuilder.Internal
[3 of 4] Compiling Main
[4 of 4] Compiling Test.Amazonka.Gen.AmplifyUiBuilder
[5 of 5] Linking /tmp/workdir-amazonka-amplifyuibuilder/amazonka-amplifyuibuilder-2.0/dist-newstyle/build/x86_64-linux/ghc-9.6.6/amazonka-amplifyuibuilder-2.0/t/amazonka-amplifyuibuilder-test/build/amazonka-amplifyuibuilder-test/amazonka-amplifyuibuilder-test
