Build profile: -w ghc-9.6.6 -O1
In order, the following will be built (use -v for more details):
 - hedn-0.3.0.4 (lib) (first run)
 - hedn-0.3.0.4 (test:edn-test) (first run)
Configuring library for hedn-0.3.0.4...
Preprocessing library for hedn-0.3.0.4...
Building library for hedn-0.3.0.4...
[ 1 of 11] Compiling Data.EDN.AST.Types.Tagged
[ 2 of 11] Compiling Data.EDN.AST.Types.Value
[ 3 of 11] Compiling Data.EDN.AST.Types
[ 4 of 11] Compiling Data.EDN.AST.Printer
[ 5 of 11] Compiling Data.EDN.AST.Lexer
[ 6 of 11] Compiling Data.EDN.AST.Parser
[ 7 of 11] Compiling Data.EDN.Class.Parser
[ 8 of 11] Compiling Data.EDN.Class
[ 9 of 11] Compiling Data.EDN
[10 of 11] Compiling Data.EDN.QQ
[11 of 11] Compiling Paths_hedn
Configuring test suite 'edn-test' for hedn-0.3.0.4...
Preprocessing test suite 'edn-test' for hedn-0.3.0.4...
Building test suite 'edn-test' for hedn-0.3.0.4...
[1 of 7] Compiling Data.EDN.AST.Gen
[2 of 7] Compiling Data.EDN.AST.Test
[3 of 7] Compiling Data.EDN.Class.Gen
[4 of 7] Compiling Data.EDN.Class.Test
[5 of 7] Compiling Data.EDN.QQ.Test
[6 of 7] Compiling Main
[7 of 7] Compiling Paths_hedn
[8 of 8] Linking /tmp/workdir-hedn/hedn-0.3.0.4/dist-newstyle/build/x86_64-linux/ghc-9.6.6/hedn-0.3.0.4/t/edn-test/build/edn-test/edn-test
