Build profile: -w ghc-9.6.6 -O1
In order, the following will be built (use -v for more details):
 - tdigest-0.3.1 (lib) (first run)
 - tdigest-0.3.1 (test:tdigest-tests) (first run)
Configuring library for tdigest-0.3.1...
Preprocessing library for tdigest-0.3.1...
Building library for tdigest-0.3.1...
[ 1 of 13] Compiling Data.TDigest.Internal
[ 2 of 13] Compiling Data.TDigest.Postprocess.Internal

src/Data/TDigest/Postprocess/Internal.hs:35:1: warning: [-Wunused-imports]
    The import of ‘Data.Semigroup’ is redundant
      except perhaps to import instances from ‘Data.Semigroup’
    To import instances alone, use: import Data.Semigroup()
   |
35 | import Data.Semigroup        (Semigroup (..))
   | ^^^^^^^^^^^^^^^^^^^^^^^^^^^^^^^^^^^^^^^^^^^^^

src/Data/TDigest/Postprocess/Internal.hs:60:19: warning: [GHC-58520] [-Wtype-equality-requires-operators]
    The use of ‘~’ without TypeOperators
    will become an error in a future GHC release.
    Suggested fix: Perhaps you intended to use TypeOperators
   |
60 | instance (HistBin ~ e) => HasHistogram (NonEmpty HistBin) Identity where
   |                   ^

src/Data/TDigest/Postprocess/Internal.hs:65:19: warning: [GHC-58520] [-Wtype-equality-requires-operators]
    The use of ‘~’ without TypeOperators
    will become an error in a future GHC release.
    Suggested fix: Perhaps you intended to use TypeOperators
   |
65 | instance (HistBin ~ e) => HasHistogram [HistBin] Maybe where
   |                   ^
[ 3 of 13] Compiling Data.TDigest.Postprocess
[ 4 of 13] Compiling Data.TDigest.Tree.Internal

src/Data/TDigest/Tree/Internal.hs:19:1: warning: [-Wunused-imports]
    The import of ‘Data.Semigroup’ is redundant
      except perhaps to import instances from ‘Data.Semigroup’
    To import instances alone, use: import Data.Semigroup()
   |
19 | import Data.Semigroup         (Semigroup (..))
   | ^^^^^^^^^^^^^^^^^^^^^^^^^^^^^^^^^^^^^^^^^^^^^^

src/Data/TDigest/Tree/Internal.hs:76:5: warning: [-Wnoncanonical-monoid-instances]
    Noncanonical ‘mappend’ definition detected
    in the instance declaration for ‘Monoid (TDigest comp)’.
    ‘mappend’ will eventually be removed in favour of ‘(<>)’
    Either remove definition for ‘mappend’ (recommended) or define as ‘mappend = (<>)’
    See also: https://gitlab.haskell.org/ghc/ghc/-/wikis/proposal/semigroup-monoid
   |
76 |     mappend = combineDigest
   |     ^^^^^^^^^^^^^^^^^^^^^^^
[ 5 of 13] Compiling Data.TDigest.Tree.NonEmpty

src/Data/TDigest/Tree/NonEmpty.hs:65:1: warning: [-Wunused-imports]
    The import of ‘Data.Semigroup’ is redundant
      except perhaps to import instances from ‘Data.Semigroup’
    To import instances alone, use: import Data.Semigroup()
   |
65 | import Data.Semigroup         (Semigroup (..))
   | ^^^^^^^^^^^^^^^^^^^^^^^^^^^^^^^^^^^^^^^^^^^^^^
[ 6 of 13] Compiling Data.TDigest.NonEmpty
[ 7 of 13] Compiling Data.TDigest.Tree.Postprocess
[ 8 of 13] Compiling Data.TDigest.Tree
[ 9 of 13] Compiling Data.TDigest
[10 of 13] Compiling Data.TDigest.Vector.Internal

src/Data/TDigest/Vector/Internal.hs:14:1: warning: [-Wunused-imports]
    The import of ‘Data.Semigroup’ is redundant
      except perhaps to import instances from ‘Data.Semigroup’
    To import instances alone, use: import Data.Semigroup()
   |
14 | import Data.Semigroup         (Semigroup (..))
   | ^^^^^^^^^^^^^^^^^^^^^^^^^^^^^^^^^^^^^^^^^^^^^^
[11 of 13] Compiling Data.TDigest.Vector.NonEmpty
[12 of 13] Compiling Data.TDigest.Vector.Postprocess
[13 of 13] Compiling Data.TDigest.Vector
Configuring test suite 'tdigest-tests' for tdigest-0.3.1...
Preprocessing test suite 'tdigest-tests' for tdigest-0.3.1...
Building test suite 'tdigest-tests' for tdigest-0.3.1...
[1 of 1] Compiling Main
[2 of 2] Linking /tmp/workdir-tdigest/tdigest-0.3.1/dist-newstyle/build/x86_64-linux/ghc-9.6.6/tdigest-0.3.1/t/tdigest-tests/build/tdigest-tests/tdigest-tests
