Build profile: -w ghc-9.6.6 -O1
In order, the following will be built (use -v for more details):
 - bytebuild-0.3.16.2 (lib) (first run)
 - bytebuild-0.3.16.2 (test:test) (first run)
Configuring library for bytebuild-0.3.16.2...
Preprocessing library for bytebuild-0.3.16.2...
Building library for bytebuild-0.3.16.2...
[ 1 of 10] Compiling Compat
[ 2 of 10] Compiling Data.Bytes.Builder.Bounded.Unsafe
[ 3 of 10] Compiling Data.Bytes.Builder.Bounded
[ 4 of 10] Compiling Data.Bytes.Builder.Bounded.Class
[ 5 of 10] Compiling Op
[ 6 of 10] Compiling Data.Bytes.Builder.Unsafe
[ 7 of 10] Compiling Data.Bytes.Builder
[ 8 of 10] Compiling Data.Bytes.Builder.Class
[ 9 of 10] Compiling Data.Bytes.Builder.Template
[10 of 10] Compiling Data.Bytes.Builder.Avro
Configuring test suite 'test' for bytebuild-0.3.16.2...
Preprocessing test suite 'test' for bytebuild-0.3.16.2...
Building test suite 'test' for bytebuild-0.3.16.2...
[1 of 3] Compiling HexWord64
[2 of 3] Compiling Word16Tree
[3 of 3] Compiling Main

test/Main.hs:12:1: warning: [-Wunused-imports]
    The import of ‘Control.Applicative’ is redundant
      except perhaps to import instances from ‘Control.Applicative’
    To import instances alone, use: import Control.Applicative()
   |
12 | import Control.Applicative (liftA2)
   | ^^^^^^^^^^^^^^^^^^^^^^^^^^^^^^^^^^^
[4 of 4] Linking /tmp/workdir-bytebuild/bytebuild-0.3.16.2/dist-newstyle/build/x86_64-linux/ghc-9.6.6/bytebuild-0.3.16.2/t/test/build/test/test
