Build profile: -w ghc-9.6.6 -O1
In order, the following will be built (use -v for more details):
 - optics-core-0.4.1.1 (lib) (first run)
Configuring library for optics-core-0.4.1.1...
Preprocessing library for optics-core-0.4.1.1...
Building library for optics-core-0.4.1.1...

src/Optics/At/Core.hs:2:14: warning: [-Wdeprecated-flags]
    -XTypeInType is deprecated: use -XDataKinds and -XPolyKinds instead
  |
2 | {-# LANGUAGE TypeInType #-}
  |              ^^^^^^^^^^

src/Optics/Label.hs:4:14: warning: [-Wdeprecated-flags]
    -XTypeInType is deprecated: use -XDataKinds and -XPolyKinds instead
  |
4 | {-# LANGUAGE TypeInType #-}
  |              ^^^^^^^^^^

src/Optics/ReadOnly.hs:2:14: warning: [-Wdeprecated-flags]
    -XTypeInType is deprecated: use -XDataKinds and -XPolyKinds instead
  |
2 | {-# LANGUAGE TypeInType #-}
  |              ^^^^^^^^^^

src/Optics/Internal/Indexed.hs:2:14: warning: [-Wdeprecated-flags]
    -XTypeInType is deprecated: use -XDataKinds and -XPolyKinds instead
  |
2 | {-# LANGUAGE TypeInType #-}
  |              ^^^^^^^^^^

src/Optics/Internal/Optic.hs:2:14: warning: [-Wdeprecated-flags]
    -XTypeInType is deprecated: use -XDataKinds and -XPolyKinds instead
  |
2 | {-# LANGUAGE TypeInType #-}
  |              ^^^^^^^^^^

src/Optics/Internal/Optic/Subtyping.hs:3:14: warning: [-Wdeprecated-flags]
    -XTypeInType is deprecated: use -XDataKinds and -XPolyKinds instead
  |
3 | {-# LANGUAGE TypeInType #-}
  |              ^^^^^^^^^^

src/Optics/Internal/Optic/TypeLevel.hs:3:14: warning: [-Wdeprecated-flags]
    -XTypeInType is deprecated: use -XDataKinds and -XPolyKinds instead
  |
3 | {-# LANGUAGE TypeInType #-}
  |              ^^^^^^^^^^

src/Optics/Internal/Optic/Types.hs:2:14: warning: [-Wdeprecated-flags]
    -XTypeInType is deprecated: use -XDataKinds and -XPolyKinds instead
  |
2 | {-# LANGUAGE TypeInType #-}
  |              ^^^^^^^^^^
[ 1 of 66] Compiling Optics.Internal.Bi
[ 2 of 66] Compiling Optics.Internal.Indexed.Classes
[ 3 of 66] Compiling Optics.Internal.Magic
[ 4 of 66] Compiling Optics.Internal.Optic.TypeLevel
[ 5 of 66] Compiling Optics.Internal.Generic.TypeLevel
[ 6 of 66] Compiling Optics.Internal.Optic.Types
[ 7 of 66] Compiling Optics.Internal.Optic.Subtyping
[ 8 of 66] Compiling Optics.Internal.Optic
[ 9 of 66] Compiling Optics.Internal.IxSetter
[10 of 66] Compiling Optics.Internal.Indexed
[11 of 66] Compiling Optics.Internal.Fold
[12 of 66] Compiling Optics.Internal.IxFold
[13 of 66] Compiling Optics.Getter
[14 of 66] Compiling Optics.Coerce
[15 of 66] Compiling Optics.AffineTraversal
[16 of 66] Compiling Data.Typeable.Optics
[17 of 66] Compiling Optics.AffineFold
[18 of 66] Compiling Optics.Internal.Setter
[19 of 66] Compiling Optics.Internal.IxTraversal
[20 of 66] Compiling Optics.Internal.Traversal
[21 of 66] Compiling Optics.Internal.Utils
[22 of 66] Compiling Optics.Fold
[23 of 66] Compiling Optics.IxAffineFold
[24 of 66] Compiling Optics.IxAffineTraversal
[25 of 66] Compiling Optics.IxFold
[26 of 66] Compiling Optics.IxGetter
[27 of 66] Compiling Optics.IxLens
[28 of 66] Compiling Optics.IxSetter
[29 of 66] Compiling Optics.Lens
[30 of 66] Compiling Data.Tree.Optics
[31 of 66] Compiling Optics.Optic
[32 of 66] Compiling Optics.Core.Extras
[33 of 66] Compiling Data.Map.Optics
[34 of 66] Compiling Data.IntMap.Optics
[35 of 66] Compiling Optics.Prism
[36 of 66] Compiling Data.Maybe.Optics
[37 of 66] Compiling Data.List.Optics
[38 of 66] Compiling Data.Either.Optics
[39 of 66] Compiling Optics.Re
[40 of 66] Compiling Optics.ReadOnly
[41 of 66] Compiling Optics.ReversedLens
[42 of 66] Compiling Optics.ReversedPrism
[43 of 66] Compiling Optics.Review
[44 of 66] Compiling Optics.Iso
[45 of 66] Compiling Optics.Mapping
[46 of 66] Compiling Optics.Empty.Core
[47 of 66] Compiling Optics.Setter
[48 of 66] Compiling Optics.Operators
[49 of 66] Compiling Optics.Operators.Unsafe
[50 of 66] Compiling Optics.At.Core
[51 of 66] Compiling Optics.Arrow
[52 of 66] Compiling Data.Set.Optics
[53 of 66] Compiling Data.IntSet.Optics
[54 of 66] Compiling Optics.Traversal
[55 of 66] Compiling Optics.IxTraversal
[56 of 66] Compiling Optics.Each.Core
[57 of 66] Compiling Optics.Internal.Generic
[58 of 66] Compiling Optics.Label
[59 of 66] Compiling GHC.Generics.Optics
[60 of 66] Compiling Optics.Indexed.Core
[61 of 66] Compiling Optics.Generic
[62 of 66] Compiling Data.Tuple.Optics
[63 of 66] Compiling Optics.Cons.Core
[64 of 66] Compiling Numeric.Optics
[65 of 66] Compiling Optics.Core
[66 of 66] Compiling Data.Sequence.Optics
