Build profile: -w ghc-9.6.6 -O1
In order, the following will be built (use -v for more details):
 - oblivious-transfer-0.1.0 (lib) (first run)
 - oblivious-transfer-0.1.0 (test:oblivious-transfer-test) (first run)
Configuring library for oblivious-transfer-0.1.0...
Preprocessing library for oblivious-transfer-0.1.0...
Building library for oblivious-transfer-0.1.0...
[1 of 2] Compiling OT
[2 of 2] Compiling Paths_oblivious_transfer
Configuring test suite 'oblivious-transfer-test' for oblivious-transfer-0.1.0...
Preprocessing test suite 'oblivious-transfer-test' for oblivious-transfer-0.1.0...
Building test suite 'oblivious-transfer-test' for oblivious-transfer-0.1.0...
[1 of 3] Compiling Paths_oblivious_transfer
[2 of 3] Compiling TestOT

test/TestOT.hs:35:21: warning: [GHC-47082] [-Woperator-whitespace-ext-conflict]
    The prefix use of a ‘$’ would denote an untyped splice
      were the TemplateHaskell extension enabled.
    Suggested fix: Add whitespace after the ‘$’.
   |
35 |   choices <- liftIO $OT.mChoose curve n sPubKey m []
   |                     ^
[3 of 3] Compiling Main
[4 of 4] Linking /tmp/workdir-oblivious-transfer/oblivious-transfer-0.1.0/dist-newstyle/build/x86_64-linux/ghc-9.6.6/oblivious-transfer-0.1.0/t/oblivious-transfer-test/build/oblivious-transfer-test/oblivious-transfer-test
