Build profile: -w ghc-9.6.6 -O1
In order, the following will be built (use -v for more details):
 - generics-eot-0.4.0.1 (lib) (first run)
 - generics-eot-0.4.0.1 (test:quickcheck) (first run)
 - generics-eot-0.4.0.1 (test:spec) (first run)
Configuring library for generics-eot-0.4.0.1...
Preprocessing library for generics-eot-0.4.0.1...
Building library for generics-eot-0.4.0.1...
[1 of 4] Compiling Generics.Eot.Datatype

src/Generics/Eot/Datatype.hs:48:29: warning: [GHC-39567] [-Wstar-is-type]
    Using ‘*’ (or its Unicode variant) to mean ‘Data.Kind.Type’
    relies on the StarIsType extension, which will become
    deprecated in the future.
    Suggested fix: Use ‘Type’ from ‘Data.Kind’ instead.
   |
48 | class GenericDatatype (a :: * -> *) where
   |                             ^

src/Generics/Eot/Datatype.hs:48:34: warning: [GHC-39567] [-Wstar-is-type]
    Using ‘*’ (or its Unicode variant) to mean ‘Data.Kind.Type’
    relies on the StarIsType extension, which will become
    deprecated in the future.
    Suggested fix: Use ‘Type’ from ‘Data.Kind’ instead.
   |
48 | class GenericDatatype (a :: * -> *) where
   |                                  ^

src/Generics/Eot/Datatype.hs:60:33: warning: [GHC-39567] [-Wstar-is-type]
    Using ‘*’ (or its Unicode variant) to mean ‘Data.Kind.Type’
    relies on the StarIsType extension, which will become
    deprecated in the future.
    Suggested fix: Use ‘Type’ from ‘Data.Kind’ instead.
   |
60 | class GenericConstructors (a :: * -> *) where
   |                                 ^

src/Generics/Eot/Datatype.hs:60:38: warning: [GHC-39567] [-Wstar-is-type]
    Using ‘*’ (or its Unicode variant) to mean ‘Data.Kind.Type’
    relies on the StarIsType extension, which will become
    deprecated in the future.
    Suggested fix: Use ‘Type’ from ‘Data.Kind’ instead.
   |
60 | class GenericConstructors (a :: * -> *) where
   |                                      ^

src/Generics/Eot/Datatype.hs:88:27: warning: [GHC-39567] [-Wstar-is-type]
    Using ‘*’ (or its Unicode variant) to mean ‘Data.Kind.Type’
    relies on the StarIsType extension, which will become
    deprecated in the future.
    Suggested fix: Use ‘Type’ from ‘Data.Kind’ instead.
   |
88 | class GenericFields (a :: * -> *) where
   |                           ^

src/Generics/Eot/Datatype.hs:88:32: warning: [GHC-39567] [-Wstar-is-type]
    Using ‘*’ (or its Unicode variant) to mean ‘Data.Kind.Type’
    relies on the StarIsType extension, which will become
    deprecated in the future.
    Suggested fix: Use ‘Type’ from ‘Data.Kind’ instead.
   |
88 | class GenericFields (a :: * -> *) where
   |                                ^
[2 of 4] Compiling Generics.Eot.Eot

src/Generics/Eot/Eot.hs:26:21: warning: [GHC-39567] [-Wstar-is-type]
    Using ‘*’ (or its Unicode variant) to mean ‘Data.Kind.Type’
    relies on the StarIsType extension, which will become
    deprecated in the future.
    Suggested fix: Use ‘Type’ from ‘Data.Kind’ instead.
   |
26 | class HasEotG (a :: * -> *) where
   |                     ^

src/Generics/Eot/Eot.hs:26:26: warning: [GHC-39567] [-Wstar-is-type]
    Using ‘*’ (or its Unicode variant) to mean ‘Data.Kind.Type’
    relies on the StarIsType extension, which will become
    deprecated in the future.
    Suggested fix: Use ‘Type’ from ‘Data.Kind’ instead.
   |
26 | class HasEotG (a :: * -> *) where
   |                          ^

src/Generics/Eot/Eot.hs:27:18: warning: [GHC-39567] [-Wstar-is-type]
    Using ‘*’ (or its Unicode variant) to mean ‘Data.Kind.Type’
    relies on the StarIsType extension, which will become
    deprecated in the future.
    Suggested fix: Use ‘Type’ from ‘Data.Kind’ instead.
   |
27 |   type EotG a :: *
   |                  ^

src/Generics/Eot/Eot.hs:38:30: warning: [GHC-39567] [-Wstar-is-type]
    Using ‘*’ (or its Unicode variant) to mean ‘Data.Kind.Type’
    relies on the StarIsType extension, which will become
    deprecated in the future.
    Suggested fix: Use ‘Type’ from ‘Data.Kind’ instead.
   |
38 | class HasConstructorsG (a :: * -> *) where
   |                              ^

src/Generics/Eot/Eot.hs:38:35: warning: [GHC-39567] [-Wstar-is-type]
    Using ‘*’ (or its Unicode variant) to mean ‘Data.Kind.Type’
    relies on the StarIsType extension, which will become
    deprecated in the future.
    Suggested fix: Use ‘Type’ from ‘Data.Kind’ instead.
   |
38 | class HasConstructorsG (a :: * -> *) where
   |                                   ^

src/Generics/Eot/Eot.hs:39:26: warning: [GHC-39567] [-Wstar-is-type]
    Using ‘*’ (or its Unicode variant) to mean ‘Data.Kind.Type’
    relies on the StarIsType extension, which will become
    deprecated in the future.
    Suggested fix: Use ‘Type’ from ‘Data.Kind’ instead.
   |
39 |   type Constructors a :: *
   |                          ^

src/Generics/Eot/Eot.hs:68:23: warning: [GHC-39567] [-Wstar-is-type]
    Using ‘*’ (or its Unicode variant) to mean ‘Data.Kind.Type’
    relies on the StarIsType extension, which will become
    deprecated in the future.
    Suggested fix: Use ‘Type’ from ‘Data.Kind’ instead.
   |
68 |   type GEither a b :: *
   |                       ^

src/Generics/Eot/Eot.hs:94:24: warning: [GHC-39567] [-Wstar-is-type]
    Using ‘*’ (or its Unicode variant) to mean ‘Data.Kind.Type’
    relies on the StarIsType extension, which will become
    deprecated in the future.
    Suggested fix: Use ‘Type’ from ‘Data.Kind’ instead.
   |
94 | class HasFieldsG (a :: * -> *) where
   |                        ^

src/Generics/Eot/Eot.hs:94:29: warning: [GHC-39567] [-Wstar-is-type]
    Using ‘*’ (or its Unicode variant) to mean ‘Data.Kind.Type’
    relies on the StarIsType extension, which will become
    deprecated in the future.
    Suggested fix: Use ‘Type’ from ‘Data.Kind’ instead.
   |
94 | class HasFieldsG (a :: * -> *) where
   |                             ^

src/Generics/Eot/Eot.hs:95:20: warning: [GHC-39567] [-Wstar-is-type]
    Using ‘*’ (or its Unicode variant) to mean ‘Data.Kind.Type’
    relies on the StarIsType extension, which will become
    deprecated in the future.
    Suggested fix: Use ‘Type’ from ‘Data.Kind’ instead.
   |
95 |   type Fields a :: *
   |                    ^

src/Generics/Eot/Eot.hs:119:19: warning: [GHC-39567] [-Wstar-is-type]
    Using ‘*’ (or its Unicode variant) to mean ‘Data.Kind.Type’
    relies on the StarIsType extension, which will become
    deprecated in the future.
    Suggested fix: Use ‘Type’ from ‘Data.Kind’ instead.
    |
119 |   type a +++ b :: *
    |                   ^
[3 of 4] Compiling Generics.Eot

src/Generics/Eot.hs:69:17: warning: [GHC-39567] [-Wstar-is-type]
    Using ‘*’ (or its Unicode variant) to mean ‘Data.Kind.Type’
    relies on the StarIsType extension, which will become
    deprecated in the future.
    Suggested fix: Use ‘Type’ from ‘Data.Kind’ instead.
   |
69 |   type Eot a :: *
   |                 ^

src/Generics/Eot.hs:89:12: warning: [GHC-58520] [-Wtype-equality-requires-operators]
    The use of ‘~’ without TypeOperators
    will become an error in a future GHC release.
    Suggested fix: Perhaps you intended to use TypeOperators
   |
89 |      Rep a ~ D1 c f,
   |            ^
[4 of 4] Compiling Paths_generics_eot
Configuring test suite 'quickcheck' for generics-eot-0.4.0.1...
Preprocessing test suite 'quickcheck' for generics-eot-0.4.0.1...
Building test suite 'quickcheck' for generics-eot-0.4.0.1...
[1 of 6] Compiling Generics.Eot.Datatype

src/Generics/Eot/Datatype.hs:48:29: warning: [GHC-39567] [-Wstar-is-type]
    Using ‘*’ (or its Unicode variant) to mean ‘Data.Kind.Type’
    relies on the StarIsType extension, which will become
    deprecated in the future.
    Suggested fix: Use ‘Type’ from ‘Data.Kind’ instead.
   |
48 | class GenericDatatype (a :: * -> *) where
   |                             ^

src/Generics/Eot/Datatype.hs:48:34: warning: [GHC-39567] [-Wstar-is-type]
    Using ‘*’ (or its Unicode variant) to mean ‘Data.Kind.Type’
    relies on the StarIsType extension, which will become
    deprecated in the future.
    Suggested fix: Use ‘Type’ from ‘Data.Kind’ instead.
   |
48 | class GenericDatatype (a :: * -> *) where
   |                                  ^

src/Generics/Eot/Datatype.hs:60:33: warning: [GHC-39567] [-Wstar-is-type]
    Using ‘*’ (or its Unicode variant) to mean ‘Data.Kind.Type’
    relies on the StarIsType extension, which will become
    deprecated in the future.
    Suggested fix: Use ‘Type’ from ‘Data.Kind’ instead.
   |
60 | class GenericConstructors (a :: * -> *) where
   |                                 ^

src/Generics/Eot/Datatype.hs:60:38: warning: [GHC-39567] [-Wstar-is-type]
    Using ‘*’ (or its Unicode variant) to mean ‘Data.Kind.Type’
    relies on the StarIsType extension, which will become
    deprecated in the future.
    Suggested fix: Use ‘Type’ from ‘Data.Kind’ instead.
   |
60 | class GenericConstructors (a :: * -> *) where
   |                                      ^

src/Generics/Eot/Datatype.hs:88:27: warning: [GHC-39567] [-Wstar-is-type]
    Using ‘*’ (or its Unicode variant) to mean ‘Data.Kind.Type’
    relies on the StarIsType extension, which will become
    deprecated in the future.
    Suggested fix: Use ‘Type’ from ‘Data.Kind’ instead.
   |
88 | class GenericFields (a :: * -> *) where
   |                           ^

src/Generics/Eot/Datatype.hs:88:32: warning: [GHC-39567] [-Wstar-is-type]
    Using ‘*’ (or its Unicode variant) to mean ‘Data.Kind.Type’
    relies on the StarIsType extension, which will become
    deprecated in the future.
    Suggested fix: Use ‘Type’ from ‘Data.Kind’ instead.
   |
88 | class GenericFields (a :: * -> *) where
   |                                ^
[2 of 6] Compiling Generics.Eot.Eot

src/Generics/Eot/Eot.hs:26:21: warning: [GHC-39567] [-Wstar-is-type]
    Using ‘*’ (or its Unicode variant) to mean ‘Data.Kind.Type’
    relies on the StarIsType extension, which will become
    deprecated in the future.
    Suggested fix: Use ‘Type’ from ‘Data.Kind’ instead.
   |
26 | class HasEotG (a :: * -> *) where
   |                     ^

src/Generics/Eot/Eot.hs:26:26: warning: [GHC-39567] [-Wstar-is-type]
    Using ‘*’ (or its Unicode variant) to mean ‘Data.Kind.Type’
    relies on the StarIsType extension, which will become
    deprecated in the future.
    Suggested fix: Use ‘Type’ from ‘Data.Kind’ instead.
   |
26 | class HasEotG (a :: * -> *) where
   |                          ^

src/Generics/Eot/Eot.hs:27:18: warning: [GHC-39567] [-Wstar-is-type]
    Using ‘*’ (or its Unicode variant) to mean ‘Data.Kind.Type’
    relies on the StarIsType extension, which will become
    deprecated in the future.
    Suggested fix: Use ‘Type’ from ‘Data.Kind’ instead.
   |
27 |   type EotG a :: *
   |                  ^

src/Generics/Eot/Eot.hs:38:30: warning: [GHC-39567] [-Wstar-is-type]
    Using ‘*’ (or its Unicode variant) to mean ‘Data.Kind.Type’
    relies on the StarIsType extension, which will become
    deprecated in the future.
    Suggested fix: Use ‘Type’ from ‘Data.Kind’ instead.
   |
38 | class HasConstructorsG (a :: * -> *) where
   |                              ^

src/Generics/Eot/Eot.hs:38:35: warning: [GHC-39567] [-Wstar-is-type]
    Using ‘*’ (or its Unicode variant) to mean ‘Data.Kind.Type’
    relies on the StarIsType extension, which will become
    deprecated in the future.
    Suggested fix: Use ‘Type’ from ‘Data.Kind’ instead.
   |
38 | class HasConstructorsG (a :: * -> *) where
   |                                   ^

src/Generics/Eot/Eot.hs:39:26: warning: [GHC-39567] [-Wstar-is-type]
    Using ‘*’ (or its Unicode variant) to mean ‘Data.Kind.Type’
    relies on the StarIsType extension, which will become
    deprecated in the future.
    Suggested fix: Use ‘Type’ from ‘Data.Kind’ instead.
   |
39 |   type Constructors a :: *
   |                          ^

src/Generics/Eot/Eot.hs:68:23: warning: [GHC-39567] [-Wstar-is-type]
    Using ‘*’ (or its Unicode variant) to mean ‘Data.Kind.Type’
    relies on the StarIsType extension, which will become
    deprecated in the future.
    Suggested fix: Use ‘Type’ from ‘Data.Kind’ instead.
   |
68 |   type GEither a b :: *
   |                       ^

src/Generics/Eot/Eot.hs:94:24: warning: [GHC-39567] [-Wstar-is-type]
    Using ‘*’ (or its Unicode variant) to mean ‘Data.Kind.Type’
    relies on the StarIsType extension, which will become
    deprecated in the future.
    Suggested fix: Use ‘Type’ from ‘Data.Kind’ instead.
   |
94 | class HasFieldsG (a :: * -> *) where
   |                        ^

src/Generics/Eot/Eot.hs:94:29: warning: [GHC-39567] [-Wstar-is-type]
    Using ‘*’ (or its Unicode variant) to mean ‘Data.Kind.Type’
    relies on the StarIsType extension, which will become
    deprecated in the future.
    Suggested fix: Use ‘Type’ from ‘Data.Kind’ instead.
   |
94 | class HasFieldsG (a :: * -> *) where
   |                             ^

src/Generics/Eot/Eot.hs:95:20: warning: [GHC-39567] [-Wstar-is-type]
    Using ‘*’ (or its Unicode variant) to mean ‘Data.Kind.Type’
    relies on the StarIsType extension, which will become
    deprecated in the future.
    Suggested fix: Use ‘Type’ from ‘Data.Kind’ instead.
   |
95 |   type Fields a :: *
   |                    ^

src/Generics/Eot/Eot.hs:119:19: warning: [GHC-39567] [-Wstar-is-type]
    Using ‘*’ (or its Unicode variant) to mean ‘Data.Kind.Type’
    relies on the StarIsType extension, which will become
    deprecated in the future.
    Suggested fix: Use ‘Type’ from ‘Data.Kind’ instead.
    |
119 |   type a +++ b :: *
    |                   ^
[3 of 6] Compiling Generics.Eot

src/Generics/Eot.hs:69:17: warning: [GHC-39567] [-Wstar-is-type]
    Using ‘*’ (or its Unicode variant) to mean ‘Data.Kind.Type’
    relies on the StarIsType extension, which will become
    deprecated in the future.
    Suggested fix: Use ‘Type’ from ‘Data.Kind’ instead.
   |
69 |   type Eot a :: *
   |                 ^

src/Generics/Eot.hs:89:12: warning: [GHC-58520] [-Wtype-equality-requires-operators]
    The use of ‘~’ without TypeOperators
    will become an error in a future GHC release.
    Suggested fix: Perhaps you intended to use TypeOperators
   |
89 |      Rep a ~ D1 c f,
   |            ^
[4 of 6] Compiling DatatypeSpec
[5 of 6] Compiling Main
[6 of 6] Compiling Paths_generics_eot
[7 of 7] Linking /tmp/workdir-generics-eot/generics-eot-0.4.0.1/dist-newstyle/build/x86_64-linux/ghc-9.6.6/generics-eot-0.4.0.1/t/quickcheck/build/quickcheck/quickcheck
Configuring test suite 'spec' for generics-eot-0.4.0.1...
Preprocessing test suite 'spec' for generics-eot-0.4.0.1...
Building test suite 'spec' for generics-eot-0.4.0.1...
[ 1 of 17] Compiling Generics.Eot.Datatype

src/Generics/Eot/Datatype.hs:48:29: warning: [GHC-39567] [-Wstar-is-type]
    Using ‘*’ (or its Unicode variant) to mean ‘Data.Kind.Type’
    relies on the StarIsType extension, which will become
    deprecated in the future.
    Suggested fix: Use ‘Type’ from ‘Data.Kind’ instead.
   |
48 | class GenericDatatype (a :: * -> *) where
   |                             ^

src/Generics/Eot/Datatype.hs:48:34: warning: [GHC-39567] [-Wstar-is-type]
    Using ‘*’ (or its Unicode variant) to mean ‘Data.Kind.Type’
    relies on the StarIsType extension, which will become
    deprecated in the future.
    Suggested fix: Use ‘Type’ from ‘Data.Kind’ instead.
   |
48 | class GenericDatatype (a :: * -> *) where
   |                                  ^

src/Generics/Eot/Datatype.hs:60:33: warning: [GHC-39567] [-Wstar-is-type]
    Using ‘*’ (or its Unicode variant) to mean ‘Data.Kind.Type’
    relies on the StarIsType extension, which will become
    deprecated in the future.
    Suggested fix: Use ‘Type’ from ‘Data.Kind’ instead.
   |
60 | class GenericConstructors (a :: * -> *) where
   |                                 ^

src/Generics/Eot/Datatype.hs:60:38: warning: [GHC-39567] [-Wstar-is-type]
    Using ‘*’ (or its Unicode variant) to mean ‘Data.Kind.Type’
    relies on the StarIsType extension, which will become
    deprecated in the future.
    Suggested fix: Use ‘Type’ from ‘Data.Kind’ instead.
   |
60 | class GenericConstructors (a :: * -> *) where
   |                                      ^

src/Generics/Eot/Datatype.hs:88:27: warning: [GHC-39567] [-Wstar-is-type]
    Using ‘*’ (or its Unicode variant) to mean ‘Data.Kind.Type’
    relies on the StarIsType extension, which will become
    deprecated in the future.
    Suggested fix: Use ‘Type’ from ‘Data.Kind’ instead.
   |
88 | class GenericFields (a :: * -> *) where
   |                           ^

src/Generics/Eot/Datatype.hs:88:32: warning: [GHC-39567] [-Wstar-is-type]
    Using ‘*’ (or its Unicode variant) to mean ‘Data.Kind.Type’
    relies on the StarIsType extension, which will become
    deprecated in the future.
    Suggested fix: Use ‘Type’ from ‘Data.Kind’ instead.
   |
88 | class GenericFields (a :: * -> *) where
   |                                ^
[ 2 of 17] Compiling Generics.Eot.Eot

src/Generics/Eot/Eot.hs:26:21: warning: [GHC-39567] [-Wstar-is-type]
    Using ‘*’ (or its Unicode variant) to mean ‘Data.Kind.Type’
    relies on the StarIsType extension, which will become
    deprecated in the future.
    Suggested fix: Use ‘Type’ from ‘Data.Kind’ instead.
   |
26 | class HasEotG (a :: * -> *) where
   |                     ^

src/Generics/Eot/Eot.hs:26:26: warning: [GHC-39567] [-Wstar-is-type]
    Using ‘*’ (or its Unicode variant) to mean ‘Data.Kind.Type’
    relies on the StarIsType extension, which will become
    deprecated in the future.
    Suggested fix: Use ‘Type’ from ‘Data.Kind’ instead.
   |
26 | class HasEotG (a :: * -> *) where
   |                          ^

src/Generics/Eot/Eot.hs:27:18: warning: [GHC-39567] [-Wstar-is-type]
    Using ‘*’ (or its Unicode variant) to mean ‘Data.Kind.Type’
    relies on the StarIsType extension, which will become
    deprecated in the future.
    Suggested fix: Use ‘Type’ from ‘Data.Kind’ instead.
   |
27 |   type EotG a :: *
   |                  ^

src/Generics/Eot/Eot.hs:38:30: warning: [GHC-39567] [-Wstar-is-type]
    Using ‘*’ (or its Unicode variant) to mean ‘Data.Kind.Type’
    relies on the StarIsType extension, which will become
    deprecated in the future.
    Suggested fix: Use ‘Type’ from ‘Data.Kind’ instead.
   |
38 | class HasConstructorsG (a :: * -> *) where
   |                              ^

src/Generics/Eot/Eot.hs:38:35: warning: [GHC-39567] [-Wstar-is-type]
    Using ‘*’ (or its Unicode variant) to mean ‘Data.Kind.Type’
    relies on the StarIsType extension, which will become
    deprecated in the future.
    Suggested fix: Use ‘Type’ from ‘Data.Kind’ instead.
   |
38 | class HasConstructorsG (a :: * -> *) where
   |                                   ^

src/Generics/Eot/Eot.hs:39:26: warning: [GHC-39567] [-Wstar-is-type]
    Using ‘*’ (or its Unicode variant) to mean ‘Data.Kind.Type’
    relies on the StarIsType extension, which will become
    deprecated in the future.
    Suggested fix: Use ‘Type’ from ‘Data.Kind’ instead.
   |
39 |   type Constructors a :: *
   |                          ^

src/Generics/Eot/Eot.hs:68:23: warning: [GHC-39567] [-Wstar-is-type]
    Using ‘*’ (or its Unicode variant) to mean ‘Data.Kind.Type’
    relies on the StarIsType extension, which will become
    deprecated in the future.
    Suggested fix: Use ‘Type’ from ‘Data.Kind’ instead.
   |
68 |   type GEither a b :: *
   |                       ^

src/Generics/Eot/Eot.hs:94:24: warning: [GHC-39567] [-Wstar-is-type]
    Using ‘*’ (or its Unicode variant) to mean ‘Data.Kind.Type’
    relies on the StarIsType extension, which will become
    deprecated in the future.
    Suggested fix: Use ‘Type’ from ‘Data.Kind’ instead.
   |
94 | class HasFieldsG (a :: * -> *) where
   |                        ^

src/Generics/Eot/Eot.hs:94:29: warning: [GHC-39567] [-Wstar-is-type]
    Using ‘*’ (or its Unicode variant) to mean ‘Data.Kind.Type’
    relies on the StarIsType extension, which will become
    deprecated in the future.
    Suggested fix: Use ‘Type’ from ‘Data.Kind’ instead.
   |
94 | class HasFieldsG (a :: * -> *) where
   |                             ^

src/Generics/Eot/Eot.hs:95:20: warning: [GHC-39567] [-Wstar-is-type]
    Using ‘*’ (or its Unicode variant) to mean ‘Data.Kind.Type’
    relies on the StarIsType extension, which will become
    deprecated in the future.
    Suggested fix: Use ‘Type’ from ‘Data.Kind’ instead.
   |
95 |   type Fields a :: *
   |                    ^

src/Generics/Eot/Eot.hs:119:19: warning: [GHC-39567] [-Wstar-is-type]
    Using ‘*’ (or its Unicode variant) to mean ‘Data.Kind.Type’
    relies on the StarIsType extension, which will become
    deprecated in the future.
    Suggested fix: Use ‘Type’ from ‘Data.Kind’ instead.
    |
119 |   type a +++ b :: *
    |                   ^
[ 3 of 17] Compiling Generics.Eot

src/Generics/Eot.hs:69:17: warning: [GHC-39567] [-Wstar-is-type]
    Using ‘*’ (or its Unicode variant) to mean ‘Data.Kind.Type’
    relies on the StarIsType extension, which will become
    deprecated in the future.
    Suggested fix: Use ‘Type’ from ‘Data.Kind’ instead.
   |
69 |   type Eot a :: *
   |                 ^

src/Generics/Eot.hs:89:12: warning: [GHC-58520] [-Wtype-equality-requires-operators]
    The use of ‘~’ without TypeOperators
    will become an error in a future GHC release.
    Suggested fix: Perhaps you intended to use TypeOperators
   |
89 |      Rep a ~ D1 c f,
   |            ^
[ 4 of 17] Compiling Generics.DatatypeSpec
[ 5 of 17] Compiling Docs
[ 6 of 17] Compiling Examples.DocsSpec
[ 7 of 17] Compiling Catamorphisms

examples/Catamorphisms.hs:18:24: warning: [GHC-39567] [-Wstar-is-type]
    Using ‘*’ (or its Unicode variant) to mean ‘Data.Kind.Type’
    relies on the StarIsType extension, which will become
    deprecated in the future.
    Suggested fix: Use ‘Type’ from ‘Data.Kind’ instead.
   |
18 |   type Typ eot dest :: *
   |                        ^

examples/Catamorphisms.hs:42:32: warning: [GHC-39567] [-Wstar-is-type]
    Using ‘*’ (or its Unicode variant) to mean ‘Data.Kind.Type’
    relies on the StarIsType extension, which will become
    deprecated in the future.
    Suggested fix: Use ‘Type’ from ‘Data.Kind’ instead.
   |
42 |   type ConsFunc fields dest :: *
   |                                ^
[ 8 of 17] Compiling Examples.CatamorphismsSpec
[ 9 of 17] Compiling Generics.Eot.Tutorial
[10 of 17] Compiling Generics.Eot.TutorialSpec
[11 of 17] Compiling Generics.EotSpec
[12 of 17] Compiling MinBound
[13 of 17] Compiling Examples.MinBoundSpec
[14 of 17] Compiling Paths_generics_eot
[15 of 17] Compiling ToString
[16 of 17] Compiling Examples.ToStringSpec
[17 of 17] Compiling Main
[18 of 18] Linking /tmp/workdir-generics-eot/generics-eot-0.4.0.1/dist-newstyle/build/x86_64-linux/ghc-9.6.6/generics-eot-0.4.0.1/t/spec/build/spec/spec
