Build profile: -w ghc-9.6.6 -O1
In order, the following will be built (use -v for more details):
 - case-insensitive-1.2.1.0 (lib) (first run)
 - case-insensitive-1.2.1.0 (test:test-case-insensitive) (first run)
Configuring library for case-insensitive-1.2.1.0...
Preprocessing library for case-insensitive-1.2.1.0...
Building library for case-insensitive-1.2.1.0...
[1 of 3] Compiling Data.CaseInsensitive.Internal

Data/CaseInsensitive/Internal.hs:124:5: warning: [-Wnoncanonical-monoid-instances]
    Noncanonical ‘mappend’ definition detected
    in the instance declaration for ‘Monoid (CI s)’.
    ‘mappend’ will eventually be removed in favour of ‘(<>)’
    Either remove definition for ‘mappend’ (recommended) or define as ‘mappend = (<>)’
    See also: https://gitlab.haskell.org/ghc/ghc/-/wikis/proposal/semigroup-monoid
    |
124 |     CI o1 l1 `mappend` CI o2 l2 = CI (o1 `mappend` o2) (l1 `mappend` l2)
    |     ^^^^^^^^^^^^^^^^^^^^^^^^^^^^^^^^^^^^^^^^^^^^^^^^^^^^^^^^^^^^^^^^^^^^
[2 of 3] Compiling Data.CaseInsensitive
[3 of 3] Compiling Data.CaseInsensitive.Unsafe
Configuring test suite 'test-case-insensitive' for case-insensitive-1.2.1.0...
Preprocessing test suite 'test-case-insensitive' for case-insensitive-1.2.1.0...
Building test suite 'test-case-insensitive' for case-insensitive-1.2.1.0...
[1 of 1] Compiling Main
[2 of 2] Linking /tmp/workdir-case-insensitive/case-insensitive-1.2.1.0/dist-newstyle/build/x86_64-linux/ghc-9.6.6/case-insensitive-1.2.1.0/t/test-case-insensitive/build/test-case-insensitive/test-case-insensitive
