Resolving dependencies...
Build profile: -w ghc-9.6.6 -O1
In order, the following will be built (use -v for more details):
 - hledger-1.32.3 (lib) (first run)
 - hledger-1.32.3 (test:unittest) (first run)
 - hledger-1.32.3 (exe:hledger) (first run)
Configuring library for hledger-1.32.3...
Preprocessing library for hledger-1.32.3...
Building library for hledger-1.32.3...
[ 1 of 38] Compiling Hledger.Cli.Anon
[ 2 of 38] Compiling Hledger.Cli.DocFiles
[ 3 of 38] Compiling Hledger.Cli.Version
[ 4 of 38] Compiling Hledger.Cli.CliOptions
[ 5 of 38] Compiling Hledger.Cli.Utils
[ 6 of 38] Compiling Hledger.Cli.Commands.Tags
[ 7 of 38] Compiling Hledger.Cli.Commands.Stats
[ 8 of 38] Compiling Hledger.Cli.Commands.Roi
[ 9 of 38] Compiling Hledger.Cli.Commands.Register
[10 of 38] Compiling Hledger.Cli.Commands.Print
[11 of 38] Compiling Hledger.Cli.Commands.Rewrite
[12 of 38] Compiling Hledger.Cli.Commands.Prices
[13 of 38] Compiling Hledger.Cli.Commands.Payees
[14 of 38] Compiling Hledger.Cli.Commands.Notes
[15 of 38] Compiling Hledger.Cli.Commands.Help
[16 of 38] Compiling Hledger.Cli.Commands.Files
[17 of 38] Compiling Hledger.Cli.Commands.Diff
[18 of 38] Compiling Hledger.Cli.Commands.Descriptions
[19 of 38] Compiling Hledger.Cli.Commands.Demo
[20 of 38] Compiling Hledger.Cli.Commands.Commodities
[21 of 38] Compiling Hledger.Cli.Commands.Codes
[22 of 38] Compiling Hledger.Cli.Commands.Close
[23 of 38] Compiling Hledger.Cli.Commands.Check
[24 of 38] Compiling Hledger.Cli.Commands.Balance
[25 of 38] Compiling Hledger.Cli.CompoundBalanceCommand
[26 of 38] Compiling Hledger.Cli.Commands.Incomestatement
[27 of 38] Compiling Hledger.Cli.Commands.Cashflow
[28 of 38] Compiling Hledger.Cli.Commands.Balancesheetequity
[29 of 38] Compiling Hledger.Cli.Commands.Balancesheet
[30 of 38] Compiling Hledger.Cli.Commands.Aregister
[31 of 38] Compiling Hledger.Cli.Commands.Add
[32 of 38] Compiling Hledger.Cli.Commands.Import
[33 of 38] Compiling Hledger.Cli.Commands.Activity
[34 of 38] Compiling Hledger.Cli.Commands.Accounts
[35 of 38] Compiling Hledger.Cli.Commands
[36 of 38] Compiling Hledger.Cli
[37 of 38] Compiling Hledger.Cli.Script
[38 of 38] Compiling Paths_hledger
Configuring test suite 'unittest' for hledger-1.32.3...
Preprocessing test suite 'unittest' for hledger-1.32.3...
Building test suite 'unittest' for hledger-1.32.3...
[1 of 1] Compiling Main
[2 of 2] Linking /tmp/workdir-hledger/hledger-1.32.3/dist-newstyle/build/x86_64-linux/ghc-9.6.6/hledger-1.32.3/t/unittest/build/unittest/unittest
Configuring executable 'hledger' for hledger-1.32.3...
Preprocessing executable 'hledger' for hledger-1.32.3...
Building executable 'hledger' for hledger-1.32.3...
[1 of 2] Compiling Main
[2 of 2] Compiling Paths_hledger
[3 of 3] Linking /tmp/workdir-hledger/hledger-1.32.3/dist-newstyle/build/x86_64-linux/ghc-9.6.6/hledger-1.32.3/x/hledger/build/hledger/hledger
