Build profile: -w ghc-9.6.6 -O1
In order, the following will be built (use -v for more details):
 - pusher-http-haskell-2.1.0.18 (lib) (first run)
 - pusher-http-haskell-2.1.0.18 (test:tests) (first run)
Configuring library for pusher-http-haskell-2.1.0.18...
Preprocessing library for pusher-http-haskell-2.1.0.18...
Building library for pusher-http-haskell-2.1.0.18...
[1 of 9] Compiling Network.Pusher.Error
[2 of 9] Compiling Network.Pusher.Internal.HTTP
[3 of 9] Compiling Network.Pusher.Internal.Util
[4 of 9] Compiling Network.Pusher.Data
[5 of 9] Compiling Network.Pusher.Internal.Auth
[6 of 9] Compiling Network.Pusher.Protocol
[7 of 9] Compiling Network.Pusher.Internal
[8 of 9] Compiling Network.Pusher.Webhook
[9 of 9] Compiling Network.Pusher
Configuring test suite 'tests' for pusher-http-haskell-2.1.0.18...
Preprocessing test suite 'tests' for pusher-http-haskell-2.1.0.18...
Building test suite 'tests' for pusher-http-haskell-2.1.0.18...
[1 of 4] Compiling Auth
[2 of 4] Compiling Protocol
[3 of 4] Compiling Webhook
[4 of 4] Compiling Main
[5 of 5] Linking /tmp/workdir-pusher-http-haskell/pusher-http-haskell-2.1.0.18/dist-newstyle/build/x86_64-linux/ghc-9.6.6/pusher-http-haskell-2.1.0.18/t/tests/build/tests/tests
