Build profile: -w ghc-9.6.6 -O1
In order, the following will be built (use -v for more details):
 - extractable-singleton-0.0.1 (lib) (first run)
Configuring library for extractable-singleton-0.0.1...
Preprocessing library for extractable-singleton-0.0.1...
Building library for extractable-singleton-0.0.1...
[1 of 1] Compiling Data.Singleton.Class

src/Data/Singleton/Class.hs:12:25: warning: [GHC-39567] [-Wstar-is-type]
    Using ‘*’ (or its Unicode variant) to mean ‘Data.Kind.Type’
    relies on the StarIsType extension, which will become
    deprecated in the future.
    Suggested fix: Use ‘Type’ from ‘Data.Kind’ instead.
   |
12 | class Extractable (f :: * -> *) where
   |                         ^

src/Data/Singleton/Class.hs:12:30: warning: [GHC-39567] [-Wstar-is-type]
    Using ‘*’ (or its Unicode variant) to mean ‘Data.Kind.Type’
    relies on the StarIsType extension, which will become
    deprecated in the future.
    Suggested fix: Use ‘Type’ from ‘Data.Kind’ instead.
   |
12 | class Extractable (f :: * -> *) where
   |                              ^
