Build profile: -w ghc-9.6.6 -O1
In order, the following will be built (use -v for more details):
 - cpu-0.1.2 (lib) (first run)
Configuring library for cpu-0.1.2...
Preprocessing library for cpu-0.1.2...
Building library for cpu-0.1.2...
[1 of 3] Compiling System.Arch
[2 of 3] Compiling System.Cpuid

System/Cpuid.hs:16:1: warning: [-Wunused-imports]
    The import of ‘Control.Applicative’ is redundant
      except perhaps to import instances from ‘Control.Applicative’
    To import instances alone, use: import Control.Applicative()
   |
16 | import Control.Applicative
   | ^^^^^^^^^^^^^^^^^^^^^^^^^^
[3 of 3] Compiling System.Endian

System/Endian.hs:30:1: warning: [-Wunused-imports]
    The import of ‘Foreign.C.Types’ is redundant
      except perhaps to import instances from ‘Foreign.C.Types’
    To import instances alone, use: import Foreign.C.Types()
   |
30 | import Foreign.C.Types
   | ^^^^^^^^^^^^^^^^^^^^^^
