Build profile: -w ghc-9.6.6 -O1
In order, the following will be built (use -v for more details):
 - LambdaHack-0.11.0.1 (lib) (first run)
 - LambdaHack-0.11.0.1 (test:test) (first run)
 - LambdaHack-0.11.0.1 (exe:LambdaHack) (first run)
Warning: LambdaHack.cabal:342:5: Inconsistent indentation. Indentation jumps
at lines 342, 350, 353
Configuring library for LambdaHack-0.11.0.1...
Preprocessing library for LambdaHack-0.11.0.1...
Building library for LambdaHack-0.11.0.1...
[  1 of 149] Compiling Game.LambdaHack.Core.Prelude

definition-src/Game/LambdaHack/Core/Prelude.hs:36:1: warning: [-Wunused-imports]
    The import of ‘Control.Applicative’ is redundant
      except perhaps to import instances from ‘Control.Applicative’
    To import instances alone, use: import Control.Applicative()
   |
36 | import           Control.Applicative
   | ^^^^^^^^^^^^^^^^^^^^^^^^^^^^^^^^^^^^
[  2 of 149] Compiling Game.LambdaHack.Core.Frequency
[  3 of 149] Compiling Game.LambdaHack.Core.Dice
[  4 of 149] Compiling Game.LambdaHack.Common.Thread
[  5 of 149] Compiling Game.LambdaHack.Common.RingBuffer
[  6 of 149] Compiling Game.LambdaHack.Common.Misc
[  7 of 149] Compiling Game.LambdaHack.Common.Time
[  8 of 149] Compiling Game.LambdaHack.Common.HSFile
[  9 of 149] Compiling Game.LambdaHack.Common.File
[ 10 of 149] Compiling Game.LambdaHack.Common.ClientOptions
[ 11 of 149] Compiling Game.LambdaHack.Client.UI.TutorialHints
[ 12 of 149] Compiling Game.LambdaHack.Client.AI.Strategy
[ 13 of 149] Compiling Game.LambdaHack.Core.Random
[ 14 of 149] Compiling Game.LambdaHack.Definition.Ability
[ 15 of 149] Compiling Game.LambdaHack.Definition.Color
[ 16 of 149] Compiling Game.LambdaHack.Definition.DefsInternal
[ 17 of 149] Compiling Game.LambdaHack.Definition.Defs
[ 18 of 149] Compiling Game.LambdaHack.Common.Point
[ 19 of 149] Compiling Game.LambdaHack.Common.Vector
[ 20 of 149] Compiling Game.LambdaHack.Common.Types
[ 21 of 149] Compiling Game.LambdaHack.Common.Perception
[ 22 of 149] Compiling Game.LambdaHack.Client.UI.PointUI
[ 23 of 149] Compiling Game.LambdaHack.Client.UI.Overlay

engine-src/Game/LambdaHack/Client/UI/Overlay.hs: warning: [-Wmissed-specialisations]
    Could not specialise imported function ‘ghc-prim:GHC.Classes.$fEqList_$c==’
      when specialising ‘ghc-prim:GHC.Classes.$fEqList_$c/=’
    Probable fix: add INLINABLE pragma on ‘ghc-prim:GHC.Classes.$fEqList_$c==’
[ 24 of 149] Compiling Game.LambdaHack.Client.UI.Msg
[ 25 of 149] Compiling Game.LambdaHack.Client.UI.Key
[ 26 of 149] Compiling Game.LambdaHack.Common.Area
[ 27 of 149] Compiling Game.LambdaHack.Common.Analytics
[ 28 of 149] Compiling Game.LambdaHack.Definition.ContentData
[ 29 of 149] Compiling Game.LambdaHack.Common.PointArray
[ 30 of 149] Compiling Game.LambdaHack.Client.Bfs
[ 31 of 149] Compiling Game.LambdaHack.Definition.Flavour
[ 32 of 149] Compiling Game.LambdaHack.Content.ItemKind
[ 33 of 149] Compiling Game.LambdaHack.Content.TileKind
[ 34 of 149] Compiling Game.LambdaHack.Content.PlaceKind
[ 35 of 149] Compiling Game.LambdaHack.Content.RuleKind
[ 36 of 149] Compiling Game.LambdaHack.Content.FactionKind
[ 37 of 149] Compiling Game.LambdaHack.Content.CaveKind
[ 38 of 149] Compiling Game.LambdaHack.Content.ModeKind
[ 39 of 149] Compiling Game.LambdaHack.Common.Tile
[ 40 of 149] Compiling Game.LambdaHack.Common.ItemAspect
[ 41 of 149] Compiling Game.LambdaHack.Common.Faction
[ 42 of 149] Compiling Game.LambdaHack.Common.HighScore

engine-src/Game/LambdaHack/Common/HighScore.hs: warning: [-Wmissed-specialisations]
    Could not specialise imported function ‘ghc-prim:GHC.Classes.$fEqList_$c==’
      when specialising ‘ghc-prim:GHC.Classes.$fEqList_$c/=’
    Probable fix: add INLINABLE pragma on ‘ghc-prim:GHC.Classes.$fEqList_$c==’
[ 43 of 149] Compiling Game.LambdaHack.Client.UI.Slideshow

engine-src/Game/LambdaHack/Client/UI/Slideshow.hs: warning: [-Wmissed-specialisations]
    Could not specialise imported function ‘ghc-prim:GHC.Classes.$fEqList_$c==’
      when specialising ‘ghc-prim:GHC.Classes.$fEqList_$c/=’
    Probable fix: add INLINABLE pragma on ‘ghc-prim:GHC.Classes.$fEqList_$c==’
[ 44 of 149] Compiling Game.LambdaHack.Client.Request
[ 45 of 149] Compiling Game.LambdaHack.Client.UI.HumanCmd
[ 46 of 149] Compiling Game.LambdaHack.Client.UI.UIOptions
[ 47 of 149] Compiling Game.LambdaHack.Client.UI.Content.Input
[ 48 of 149] Compiling Client.UI.Content.Input
[ 49 of 149] Compiling Game.LambdaHack.Client.UI.Content.Screen
[ 50 of 149] Compiling Game.LambdaHack.Client.UI.Frame
[ 51 of 149] Compiling Game.LambdaHack.Client.UI.Frontend.Common
[ 52 of 149] Compiling Game.LambdaHack.Client.UI.Frontend.Teletype
[ 53 of 149] Compiling Game.LambdaHack.Client.UI.Frontend.Sdl
[ 54 of 149] Compiling Game.LambdaHack.Client.UI.Frontend.ANSI
[ 55 of 149] Compiling Game.LambdaHack.Client.UI.Frontend
[ 56 of 149] Compiling Game.LambdaHack.Client.UI.ContentClientUI
[ 57 of 149] Compiling Game.LambdaHack.Client.UI.KeyBindings
[ 58 of 149] Compiling Game.LambdaHack.Client.UI.Animation

engine-src/Game/LambdaHack/Client/UI/Animation.hs: warning: [-Wmissed-specialisations]
    Could not specialise imported function ‘ghc-prim:GHC.Classes.$fEqList_$c==’
      when specialising ‘ghc-prim:GHC.Classes.$fEqList_$c/=’
    Probable fix: add INLINABLE pragma on ‘ghc-prim:GHC.Classes.$fEqList_$c==’
[ 59 of 149] Compiling Client.UI.Content.Screen
[ 60 of 149] Compiling Game.LambdaHack.Common.Kind
[ 61 of 149] Compiling Game.LambdaHack.Common.Save
[ 62 of 149] Compiling Game.LambdaHack.Client.UI.UIOptionsParse
[ 63 of 149] Compiling Game.LambdaHack.Common.Item
[ 64 of 149] Compiling Game.LambdaHack.Common.ReqFailure
[ 65 of 149] Compiling Game.LambdaHack.Common.Level
[ 66 of 149] Compiling Game.LambdaHack.Common.Actor
[ 67 of 149] Compiling Game.LambdaHack.Common.State
[ 68 of 149] Compiling Game.LambdaHack.Common.ActorState
[ 69 of 149] Compiling Game.LambdaHack.Common.MonadStateRead
[ 70 of 149] Compiling Game.LambdaHack.Client.UI.EffectDescription
[ 71 of 149] Compiling Game.LambdaHack.Client.UI.ActorUI
[ 72 of 149] Compiling Game.LambdaHack.Client.State
[ 73 of 149] Compiling Game.LambdaHack.Client.UI.SessionUI

engine-src/Game/LambdaHack/Client/UI/SessionUI.hs: warning: [-Wmissed-specialisations]
    Could not specialise imported function ‘ghc-prim:GHC.Classes.$fEqList_$c==’
      when specialising ‘ghc-prim:GHC.Classes.$fEqList_$c/=’
    Probable fix: add INLINABLE pragma on ‘ghc-prim:GHC.Classes.$fEqList_$c==’
[ 74 of 149] Compiling Game.LambdaHack.Client.MonadClient
[ 75 of 149] Compiling Game.LambdaHack.Client.CommonM
[ 76 of 149] Compiling Game.LambdaHack.Client.UI.MonadClientUI
[ 77 of 149] Compiling Game.LambdaHack.Client.UI.RunM
[ 78 of 149] Compiling Game.LambdaHack.Client.UI.MsgM
[ 79 of 149] Compiling Game.LambdaHack.Client.BfsM
[ 80 of 149] Compiling Game.LambdaHack.Client.AI.ConditionM
[ 81 of 149] Compiling Game.LambdaHack.Client.AI.PickTargetM
[ 82 of 149] Compiling Game.LambdaHack.Client.AI.PickActorM
[ 83 of 149] Compiling Game.LambdaHack.Client.AI.PickActionM
[ 84 of 149] Compiling Game.LambdaHack.Client.AI
[ 85 of 149] Compiling Game.LambdaHack.Atomic.MonadStateWrite
[ 86 of 149] Compiling Game.LambdaHack.Atomic.CmdAtomic
[ 87 of 149] Compiling Game.LambdaHack.Atomic.PosAtomicRead
[ 88 of 149] Compiling Game.LambdaHack.Atomic.HandleAtomicWrite
[ 89 of 149] Compiling Game.LambdaHack.Atomic
[ 90 of 149] Compiling Game.LambdaHack.Client.Response
[ 91 of 149] Compiling Game.LambdaHack.Client.UI.ItemDescription
[ 92 of 149] Compiling Game.LambdaHack.Client.UI.DrawM
[ 93 of 149] Compiling Game.LambdaHack.Client.UI.FrameM
[ 94 of 149] Compiling Game.LambdaHack.Client.UI.SlideshowM
[ 95 of 149] Compiling Game.LambdaHack.Client.UI.HandleHelperM
[ 96 of 149] Compiling Game.LambdaHack.Client.UI.Watch.WatchQuitM
[ 97 of 149] Compiling Game.LambdaHack.Client.UI.Watch.WatchCommonM
[ 98 of 149] Compiling Game.LambdaHack.Client.UI.Watch.WatchUpdAtomicM
[ 99 of 149] Compiling Game.LambdaHack.Client.UI.Watch.WatchSfxAtomicM
[100 of 149] Compiling Game.LambdaHack.Client.UI.Watch
[101 of 149] Compiling Game.LambdaHack.Client.UI.InventoryM
[102 of 149] Compiling Game.LambdaHack.Client.UI.HandleHumanLocalM
[103 of 149] Compiling Game.LambdaHack.Client.UI.HandleHumanGlobalM
[104 of 149] Compiling Game.LambdaHack.Client.UI.HandleHumanM
[105 of 149] Compiling Game.LambdaHack.Client.UI
[106 of 149] Compiling Game.LambdaHack.Client.Preferences
[107 of 149] Compiling Game.LambdaHack.Client.HandleAtomicM
[108 of 149] Compiling Game.LambdaHack.Client.HandleResponseM
[109 of 149] Compiling Game.LambdaHack.Client.LoopM
[110 of 149] Compiling Game.LambdaHack.Client
[111 of 149] Compiling Content.ItemKindTemporary
[112 of 149] Compiling Content.ItemKindBlast
[113 of 149] Compiling Game.LambdaHack.Server.DungeonGen.AreaRnd
[114 of 149] Compiling Game.LambdaHack.Server.DungeonGen.Place
[115 of 149] Compiling Game.LambdaHack.Server.DungeonGen.Cave
[116 of 149] Compiling Game.LambdaHack.Server.FovDigital
[117 of 149] Compiling Game.LambdaHack.Server.Fov
[118 of 149] Compiling Game.LambdaHack.Server.ItemRev
[119 of 149] Compiling Game.LambdaHack.Server.ServerOptions
[120 of 149] Compiling Game.LambdaHack.Server.DungeonGen
[121 of 149] Compiling Game.LambdaHack.Server.State
[122 of 149] Compiling Paths_LambdaHack
[123 of 149] Compiling Game.LambdaHack.Server.MonadServer
[124 of 149] Compiling Game.LambdaHack.Server.ItemM
[125 of 149] Compiling Game.LambdaHack.Server.HandleAtomicM
[126 of 149] Compiling Game.LambdaHack.Server.DebugM
[127 of 149] Compiling Game.LambdaHack.Server.ProtocolM
[128 of 149] Compiling Game.LambdaHack.Server.CommonM
[129 of 149] Compiling Game.LambdaHack.Server.StartM
[130 of 149] Compiling Game.LambdaHack.Server.PeriodicM
[131 of 149] Compiling Game.LambdaHack.Server.HandleEffectM
[132 of 149] Compiling Game.LambdaHack.Server.HandleRequestM
[133 of 149] Compiling Game.LambdaHack.Server.LoopM
[134 of 149] Compiling Game.LambdaHack.Server.BroadcastAtomic
[135 of 149] Compiling Game.LambdaHack.Server.Commandline
[136 of 149] Compiling Game.LambdaHack.Server
[137 of 149] Compiling Implementation.MonadClientImplementation
[138 of 149] Compiling Implementation.MonadServerImplementation
[139 of 149] Compiling Content.RuleKind
[140 of 149] Compiling Content.ItemKindOrgan
[141 of 149] Compiling Content.ItemKindActor
[142 of 149] Compiling Content.ItemKindEmbed
[143 of 149] Compiling Content.TileKind
[144 of 149] Compiling Content.PlaceKind
[145 of 149] Compiling Content.FactionKind
[146 of 149] Compiling Content.ItemKind
[147 of 149] Compiling Content.CaveKind
[148 of 149] Compiling Content.ModeKind
[149 of 149] Compiling TieKnot
Warning: LambdaHack.cabal:342:5: Inconsistent indentation. Indentation jumps
at lines 342, 350, 353
Configuring test suite 'test' for LambdaHack-0.11.0.1...
Preprocessing test suite 'test' for LambdaHack-0.11.0.1...
Building test suite 'test' for LambdaHack-0.11.0.1...
[ 1 of 15] Compiling ItemKindUnitTests
[ 2 of 15] Compiling ItemRevUnitTests
[ 3 of 15] Compiling SessionUIMock
[ 4 of 15] Compiling SessionUIUnitTests
[ 5 of 15] Compiling UnitTestHelpers
[ 6 of 15] Compiling ReqFailureUnitTests
[ 7 of 15] Compiling MonadClientUIUnitTests
[ 8 of 15] Compiling LevelUnitTests
[ 9 of 15] Compiling ItemDescriptionUnitTests
[10 of 15] Compiling InventoryMUnitTests
[11 of 15] Compiling HandleHumanLocalMUnitTests
[12 of 15] Compiling HandleHelperMUnitTests
[13 of 15] Compiling CommonMUnitTests
[14 of 15] Compiling ActorStateUnitTests
[15 of 15] Compiling Main
[16 of 16] Linking /tmp/workdir-LambdaHack/LambdaHack-0.11.0.1/dist-newstyle/build/x86_64-linux/ghc-9.6.6/LambdaHack-0.11.0.1/t/test/build/test/test
Warning: LambdaHack.cabal:342:5: Inconsistent indentation. Indentation jumps
at lines 342, 350, 353
Configuring executable 'LambdaHack' for LambdaHack-0.11.0.1...
Preprocessing executable 'LambdaHack' for LambdaHack-0.11.0.1...
Building executable 'LambdaHack' for LambdaHack-0.11.0.1...
[1 of 1] Compiling Main
[2 of 2] Linking /tmp/workdir-LambdaHack/LambdaHack-0.11.0.1/dist-newstyle/build/x86_64-linux/ghc-9.6.6/LambdaHack-0.11.0.1/x/LambdaHack/build/LambdaHack/LambdaHack
