Build profile: -w ghc-9.6.6 -O1
In order, the following will be built (use -v for more details):
 - hw-fingertree-strict-0.1.2.1 (lib) (first run)
 - hw-fingertree-strict-0.1.2.1 (test:hw-fingertree-strict-test) (first run)
 - hw-fingertree-strict-0.1.2.1 (test:doctest) (first run)
Warning: hw-fingertree-strict.cabal:60:3: Inconsistent indentation.
Indentation jumps at lines 60
Configuring library for hw-fingertree-strict-0.1.2.1...
Preprocessing library for hw-fingertree-strict-0.1.2.1...
Building library for hw-fingertree-strict-0.1.2.1...
[1 of 8] Compiling HaskellWorks.Data.FingerTree.Strict
[2 of 8] Compiling HaskellWorks.Data.IntervalMap.Strict
[3 of 8] Compiling HaskellWorks.Data.Item.Strict
[4 of 8] Compiling HaskellWorks.Data.PriorityQueue.Strict
[5 of 8] Compiling HaskellWorks.Data.Segment.Strict
[6 of 8] Compiling HaskellWorks.Data.SegmentMap.Strict
[7 of 8] Compiling HaskellWorks.Data.SegmentSet.Strict
[8 of 8] Compiling Paths_hw_fingertree_strict
Warning: hw-fingertree-strict.cabal:60:3: Inconsistent indentation.
Indentation jumps at lines 60
Configuring test suite 'hw-fingertree-strict-test' for hw-fingertree-strict-0.1.2.1...
Preprocessing test suite 'hw-fingertree-strict-test' for hw-fingertree-strict-0.1.2.1...
Building test suite 'hw-fingertree-strict-test' for hw-fingertree-strict-0.1.2.1...
[ 1 of 10] Compiling HaskellWorks.Data.FingerTree.Gen
[ 2 of 10] Compiling HaskellWorks.Data.FingerTree.Strict.Gen
[ 3 of 10] Compiling HaskellWorks.Data.FingerTree.StrictSpec
[ 4 of 10] Compiling HaskellWorks.Data.FingerTreeSpec
[ 5 of 10] Compiling HaskellWorks.Data.Gen
[ 6 of 10] Compiling HaskellWorks.Data.SegmentMap.StrictSpec
[ 7 of 10] Compiling HaskellWorks.Data.SegmentSet.Naive
[ 8 of 10] Compiling HaskellWorks.Data.SegmentSet.NaiveSpec
[ 9 of 10] Compiling HaskellWorks.Data.SegmentSet.StrictSpec
[10 of 10] Compiling Main
[11 of 11] Linking /tmp/workdir-hw-fingertree-strict/hw-fingertree-strict-0.1.2.1/dist-newstyle/build/x86_64-linux/ghc-9.6.6/hw-fingertree-strict-0.1.2.1/t/hw-fingertree-strict-test/build/hw-fingertree-strict-test/hw-fingertree-strict-test
Warning: hw-fingertree-strict.cabal:60:3: Inconsistent indentation.
Indentation jumps at lines 60
Configuring test suite 'doctest' for hw-fingertree-strict-0.1.2.1...
Preprocessing test suite 'doctest' for hw-fingertree-strict-0.1.2.1...
Building test suite 'doctest' for hw-fingertree-strict-0.1.2.1...
[1 of 1] Compiling Main
[2 of 2] Linking /tmp/workdir-hw-fingertree-strict/hw-fingertree-strict-0.1.2.1/dist-newstyle/build/x86_64-linux/ghc-9.6.6/hw-fingertree-strict-0.1.2.1/t/doctest/build/doctest/doctest
