Build profile: -w ghc-9.6.6 -O1
In order, the following will be built (use -v for more details):
 - amazonka-elastictranscoder-2.0 (lib) (first run)
 - amazonka-elastictranscoder-2.0 (test:amazonka-elastictranscoder-test) (first run)
Configuring library for amazonka-elastictranscoder-2.0...
Preprocessing library for amazonka-elastictranscoder-2.0...
Building library for amazonka-elastictranscoder-2.0...
[ 1 of 51] Compiling Amazonka.ElasticTranscoder.Types.AudioCodecOptions
[ 2 of 51] Compiling Amazonka.ElasticTranscoder.Types.AudioParameters
[ 3 of 51] Compiling Amazonka.ElasticTranscoder.Types.DetectedProperties
[ 4 of 51] Compiling Amazonka.ElasticTranscoder.Types.Encryption
[ 5 of 51] Compiling Amazonka.ElasticTranscoder.Types.CaptionSource

gen/Amazonka/ElasticTranscoder/Types/CaptionSource.hs:119:92: warning: [GHC-02256] [-Wambiguous-fields]
    The record update s {key = a} with type CaptionSource is ambiguous.
    This will not be supported by -XDuplicateRecordFields in future releases of GHC.
    |
119 | captionSource_key = Lens.lens (\CaptionSource' {key} -> key) (\s@CaptionSource' {} a -> s {key = a} :: CaptionSource)
    |                                                                                            ^^^^^^^
[ 6 of 51] Compiling Amazonka.ElasticTranscoder.Types.CaptionFormat
[ 7 of 51] Compiling Amazonka.ElasticTranscoder.Types.Captions
[ 8 of 51] Compiling Amazonka.ElasticTranscoder.Types.Artwork
[ 9 of 51] Compiling Amazonka.ElasticTranscoder.Types.HlsContentProtection
[10 of 51] Compiling Amazonka.ElasticTranscoder.Types.InputCaptions
[11 of 51] Compiling Amazonka.ElasticTranscoder.Types.JobAlbumArt
[12 of 51] Compiling Amazonka.ElasticTranscoder.Types.JobWatermark
[13 of 51] Compiling Amazonka.ElasticTranscoder.Types.Notifications
[14 of 51] Compiling Amazonka.ElasticTranscoder.Types.Permission
[15 of 51] Compiling Amazonka.ElasticTranscoder.Types.PipelineOutputConfig
[16 of 51] Compiling Amazonka.ElasticTranscoder.Types.Pipeline
[17 of 51] Compiling Amazonka.ElasticTranscoder.Types.PlayReadyDrm
[18 of 51] Compiling Amazonka.ElasticTranscoder.Types.CreateJobPlaylist

gen/Amazonka/ElasticTranscoder/Types/CreateJobPlaylist.hs:179:113: warning: [GHC-02256] [-Wambiguous-fields]
    The record update s {format = a} with type CreateJobPlaylist is ambiguous.
    This will not be supported by -XDuplicateRecordFields in future releases of GHC.
    |
179 | createJobPlaylist_format = Lens.lens (\CreateJobPlaylist' {format} -> format) (\s@CreateJobPlaylist' {} a -> s {format = a} :: CreateJobPlaylist)
    |                                                                                                                 ^^^^^^^^^^
[19 of 51] Compiling Amazonka.ElasticTranscoder.Types.Playlist

gen/Amazonka/ElasticTranscoder/Types/Playlist.hs:194:86: warning: [GHC-02256] [-Wambiguous-fields]
    The record update s {format = a} with type Playlist is ambiguous.
    This will not be supported by -XDuplicateRecordFields in future releases of GHC.
    |
194 | playlist_format = Lens.lens (\Playlist' {format} -> format) (\s@Playlist' {} a -> s {format = a} :: Playlist)
    |                                                                                      ^^^^^^^^^^
[20 of 51] Compiling Amazonka.ElasticTranscoder.Types.PresetWatermark
[21 of 51] Compiling Amazonka.ElasticTranscoder.Types.Thumbnails
[22 of 51] Compiling Amazonka.ElasticTranscoder.Types.TimeSpan
[23 of 51] Compiling Amazonka.ElasticTranscoder.Types.JobInput

gen/Amazonka/ElasticTranscoder/Types/JobInput.hs:323:95: warning: [GHC-02256] [-Wambiguous-fields]
    The record update s {frameRate = a} with type JobInput is ambiguous.
    This will not be supported by -XDuplicateRecordFields in future releases of GHC.
    |
323 | jobInput_frameRate = Lens.lens (\JobInput' {frameRate} -> frameRate) (\s@JobInput' {} a -> s {frameRate = a} :: JobInput)
    |                                                                                               ^^^^^^^^^^^^^

gen/Amazonka/ElasticTranscoder/Types/JobInput.hs:399:77: warning: [GHC-02256] [-Wambiguous-fields]
    The record update s {key = a} with type JobInput is ambiguous.
    This will not be supported by -XDuplicateRecordFields in future releases of GHC.
    |
399 | jobInput_key = Lens.lens (\JobInput' {key} -> key) (\s@JobInput' {} a -> s {key = a} :: JobInput)
    |                                                                             ^^^^^^^
[24 of 51] Compiling Amazonka.ElasticTranscoder.Types.Clip
[25 of 51] Compiling Amazonka.ElasticTranscoder.Types.JobOutput

gen/Amazonka/ElasticTranscoder/Types/JobOutput.hs:570:101: warning: [GHC-02256] [-Wambiguous-fields]
    The record update s {encryption = a} with type JobOutput is ambiguous.
    This will not be supported by -XDuplicateRecordFields in future releases of GHC.
    |
570 | jobOutput_encryption = Lens.lens (\JobOutput' {encryption} -> encryption) (\s@JobOutput' {} a -> s {encryption = a} :: JobOutput)
    |                                                                                                     ^^^^^^^^^^^^^^

gen/Amazonka/ElasticTranscoder/Types/JobOutput.hs:594:80: warning: [GHC-02256] [-Wambiguous-fields]
    The record update s {key = a} with type JobOutput is ambiguous.
    This will not be supported by -XDuplicateRecordFields in future releases of GHC.
    |
594 | jobOutput_key = Lens.lens (\JobOutput' {key} -> key) (\s@JobOutput' {} a -> s {key = a} :: JobOutput)
    |                                                                                ^^^^^^^
[26 of 51] Compiling Amazonka.ElasticTranscoder.Types.CreateJobOutput

gen/Amazonka/ElasticTranscoder/Types/CreateJobOutput.hs:429:119: warning: [GHC-02256] [-Wambiguous-fields]
    The record update s {encryption = a} with type CreateJobOutput is ambiguous.
    This will not be supported by -XDuplicateRecordFields in future releases of GHC.
    |
429 | createJobOutput_encryption = Lens.lens (\CreateJobOutput' {encryption} -> encryption) (\s@CreateJobOutput' {} a -> s {encryption = a} :: CreateJobOutput)
    |                                                                                                                       ^^^^^^^^^^^^^^

gen/Amazonka/ElasticTranscoder/Types/CreateJobOutput.hs:436:98: warning: [GHC-02256] [-Wambiguous-fields]
    The record update s {key = a} with type CreateJobOutput is ambiguous.
    This will not be supported by -XDuplicateRecordFields in future releases of GHC.
    |
436 | createJobOutput_key = Lens.lens (\CreateJobOutput' {key} -> key) (\s@CreateJobOutput' {} a -> s {key = a} :: CreateJobOutput)
    |                                                                                                  ^^^^^^^
[27 of 51] Compiling Amazonka.ElasticTranscoder.Types.Timing
[28 of 51] Compiling Amazonka.ElasticTranscoder.Types.Job

gen/Amazonka/ElasticTranscoder/Types/Job.hs:219:59: warning: [GHC-02256] [-Wambiguous-fields]
    The record update s {id = a} with type Job is ambiguous.
    This will not be supported by -XDuplicateRecordFields in future releases of GHC.
    |
219 | job_id = Lens.lens (\Job' {id} -> id) (\s@Job' {} a -> s {id = a} :: Job)
    |                                                           ^^^^^^

gen/Amazonka/ElasticTranscoder/Types/Job.hs:285:71: warning: [GHC-02256] [-Wambiguous-fields]
    The record update s {status = a} with type Job is ambiguous.
    This will not be supported by -XDuplicateRecordFields in future releases of GHC.
    |
285 | job_status = Lens.lens (\Job' {status} -> status) (\s@Job' {} a -> s {status = a} :: Job)
    |                                                                       ^^^^^^^^^^
[29 of 51] Compiling Amazonka.ElasticTranscoder.Types.VideoParameters

gen/Amazonka/ElasticTranscoder/Types/VideoParameters.hs:1234:116: warning: [GHC-02256] [-Wambiguous-fields]
    The record update s {maxHeight = a} with type VideoParameters is ambiguous.
    This will not be supported by -XDuplicateRecordFields in future releases of GHC.
     |
1234 | videoParameters_maxHeight = Lens.lens (\VideoParameters' {maxHeight} -> maxHeight) (\s@VideoParameters' {} a -> s {maxHeight = a} :: VideoParameters)
     |                                                                                                                    ^^^^^^^^^^^^^

gen/Amazonka/ElasticTranscoder/Types/VideoParameters.hs:1240:113: warning: [GHC-02256] [-Wambiguous-fields]
    The record update s {maxWidth = a} with type VideoParameters is ambiguous.
    This will not be supported by -XDuplicateRecordFields in future releases of GHC.
     |
1240 | videoParameters_maxWidth = Lens.lens (\VideoParameters' {maxWidth} -> maxWidth) (\s@VideoParameters' {} a -> s {maxWidth = a} :: VideoParameters)
     |                                                                                                                 ^^^^^^^^^^^^

gen/Amazonka/ElasticTranscoder/Types/VideoParameters.hs:1345:125: warning: [GHC-02256] [-Wambiguous-fields]
    The record update s {sizingPolicy = a} with type VideoParameters is ambiguous.
    This will not be supported by -XDuplicateRecordFields in future releases of GHC.
     |
1345 | videoParameters_sizingPolicy = Lens.lens (\VideoParameters' {sizingPolicy} -> sizingPolicy) (\s@VideoParameters' {} a -> s {sizingPolicy = a} :: VideoParameters)
     |                                                                                                                             ^^^^^^^^^^^^^^^^
[30 of 51] Compiling Amazonka.ElasticTranscoder.Types.Preset
[31 of 51] Compiling Amazonka.ElasticTranscoder.Types.Warning
[32 of 51] Compiling Amazonka.ElasticTranscoder.Types
[33 of 51] Compiling Amazonka.ElasticTranscoder.ReadPreset

gen/Amazonka/ElasticTranscoder/ReadPreset.hs:79:80: warning: [GHC-02256] [-Wambiguous-fields]
    The record update s {id = a} with type ReadPreset is ambiguous.
    This will not be supported by -XDuplicateRecordFields in future releases of GHC.
   |
79 | readPreset_id = Lens.lens (\ReadPreset' {id} -> id) (\s@ReadPreset' {} a -> s {id = a} :: ReadPreset)
   |                                                                                ^^^^^^
[34 of 51] Compiling Amazonka.ElasticTranscoder.ReadPipeline

gen/Amazonka/ElasticTranscoder/ReadPipeline.hs:77:86: warning: [GHC-02256] [-Wambiguous-fields]
    The record update s {id = a} with type ReadPipeline is ambiguous.
    This will not be supported by -XDuplicateRecordFields in future releases of GHC.
   |
77 | readPipeline_id = Lens.lens (\ReadPipeline' {id} -> id) (\s@ReadPipeline' {} a -> s {id = a} :: ReadPipeline)
   |                                                                                      ^^^^^^
[35 of 51] Compiling Amazonka.ElasticTranscoder.ReadJob

gen/Amazonka/ElasticTranscoder/ReadJob.hs:79:71: warning: [GHC-02256] [-Wambiguous-fields]
    The record update s {id = a} with type ReadJob is ambiguous.
    This will not be supported by -XDuplicateRecordFields in future releases of GHC.
   |
79 | readJob_id = Lens.lens (\ReadJob' {id} -> id) (\s@ReadJob' {} a -> s {id = a} :: ReadJob)
   |                                                                       ^^^^^^
[36 of 51] Compiling Amazonka.ElasticTranscoder.ListPresets
[37 of 51] Compiling Amazonka.ElasticTranscoder.ListPipelines
[38 of 51] Compiling Amazonka.ElasticTranscoder.ListJobsByStatus

gen/Amazonka/ElasticTranscoder/ListJobsByStatus.hs:122:110: warning: [GHC-02256] [-Wambiguous-fields]
    The record update s {status = a} with type ListJobsByStatus is ambiguous.
    This will not be supported by -XDuplicateRecordFields in future releases of GHC.
    |
122 | listJobsByStatus_status = Lens.lens (\ListJobsByStatus' {status} -> status) (\s@ListJobsByStatus' {} a -> s {status = a} :: ListJobsByStatus)
    |                                                                                                              ^^^^^^^^^^
[39 of 51] Compiling Amazonka.ElasticTranscoder.ListJobsByPipeline

gen/Amazonka/ElasticTranscoder/ListJobsByPipeline.hs:119:128: warning: [GHC-02256] [-Wambiguous-fields]
    The record update s {pipelineId = a} with type ListJobsByPipeline is ambiguous.
    This will not be supported by -XDuplicateRecordFields in future releases of GHC.
    |
119 | listJobsByPipeline_pipelineId = Lens.lens (\ListJobsByPipeline' {pipelineId} -> pipelineId) (\s@ListJobsByPipeline' {} a -> s {pipelineId = a} :: ListJobsByPipeline)
    |                                                                                                                                ^^^^^^^^^^^^^^
[40 of 51] Compiling Amazonka.ElasticTranscoder.DeletePreset

gen/Amazonka/ElasticTranscoder/DeletePreset.hs:82:86: warning: [GHC-02256] [-Wambiguous-fields]
    The record update s {id = a} with type DeletePreset is ambiguous.
    This will not be supported by -XDuplicateRecordFields in future releases of GHC.
   |
82 | deletePreset_id = Lens.lens (\DeletePreset' {id} -> id) (\s@DeletePreset' {} a -> s {id = a} :: DeletePreset)
   |                                                                                      ^^^^^^
[41 of 51] Compiling Amazonka.ElasticTranscoder.DeletePipeline

gen/Amazonka/ElasticTranscoder/DeletePipeline.hs:79:92: warning: [GHC-02256] [-Wambiguous-fields]
    The record update s {id = a} with type DeletePipeline is ambiguous.
    This will not be supported by -XDuplicateRecordFields in future releases of GHC.
   |
79 | deletePipeline_id = Lens.lens (\DeletePipeline' {id} -> id) (\s@DeletePipeline' {} a -> s {id = a} :: DeletePipeline)
   |                                                                                            ^^^^^^
[42 of 51] Compiling Amazonka.ElasticTranscoder.CreatePreset

gen/Amazonka/ElasticTranscoder/CreatePreset.hs:137:95: warning: [GHC-02256] [-Wambiguous-fields]
    The record update s {audio = a} with type CreatePreset is ambiguous.
    This will not be supported by -XDuplicateRecordFields in future releases of GHC.
    |
137 | createPreset_audio = Lens.lens (\CreatePreset' {audio} -> audio) (\s@CreatePreset' {} a -> s {audio = a} :: CreatePreset)
    |                                                                                               ^^^^^^^^^

gen/Amazonka/ElasticTranscoder/CreatePreset.hs:141:113: warning: [GHC-02256] [-Wambiguous-fields]
    The record update s {description = a} with type CreatePreset is ambiguous.
    This will not be supported by -XDuplicateRecordFields in future releases of GHC.
    |
141 | createPreset_description = Lens.lens (\CreatePreset' {description} -> description) (\s@CreatePreset' {} a -> s {description = a} :: CreatePreset)
    |                                                                                                                 ^^^^^^^^^^^^^^^

gen/Amazonka/ElasticTranscoder/CreatePreset.hs:146:110: warning: [GHC-02256] [-Wambiguous-fields]
    The record update s {thumbnails = a} with type CreatePreset is ambiguous.
    This will not be supported by -XDuplicateRecordFields in future releases of GHC.
    |
146 | createPreset_thumbnails = Lens.lens (\CreatePreset' {thumbnails} -> thumbnails) (\s@CreatePreset' {} a -> s {thumbnails = a} :: CreatePreset)
    |                                                                                                              ^^^^^^^^^^^^^^

gen/Amazonka/ElasticTranscoder/CreatePreset.hs:150:95: warning: [GHC-02256] [-Wambiguous-fields]
    The record update s {video = a} with type CreatePreset is ambiguous.
    This will not be supported by -XDuplicateRecordFields in future releases of GHC.
    |
150 | createPreset_video = Lens.lens (\CreatePreset' {video} -> video) (\s@CreatePreset' {} a -> s {video = a} :: CreatePreset)
    |                                                                                               ^^^^^^^^^

gen/Amazonka/ElasticTranscoder/CreatePreset.hs:155:92: warning: [GHC-02256] [-Wambiguous-fields]
    The record update s {name = a} with type CreatePreset is ambiguous.
    This will not be supported by -XDuplicateRecordFields in future releases of GHC.
    |
155 | createPreset_name = Lens.lens (\CreatePreset' {name} -> name) (\s@CreatePreset' {} a -> s {name = a} :: CreatePreset)
    |                                                                                            ^^^^^^^^

gen/Amazonka/ElasticTranscoder/CreatePreset.hs:161:107: warning: [GHC-02256] [-Wambiguous-fields]
    The record update s {container = a} with type CreatePreset is ambiguous.
    This will not be supported by -XDuplicateRecordFields in future releases of GHC.
    |
161 | createPreset_container = Lens.lens (\CreatePreset' {container} -> container) (\s@CreatePreset' {} a -> s {container = a} :: CreatePreset)
    |                                                                                                           ^^^^^^^^^^^^^

gen/Amazonka/ElasticTranscoder/CreatePreset.hs:275:125: warning: [GHC-02256] [-Wambiguous-fields]
    The record update s {warning = a} with type CreatePresetResponse is ambiguous.
    This will not be supported by -XDuplicateRecordFields in future releases of GHC.
    |
275 | createPresetResponse_warning = Lens.lens (\CreatePresetResponse' {warning} -> warning) (\s@CreatePresetResponse' {} a -> s {warning = a} :: CreatePresetResponse)
    |                                                                                                                             ^^^^^^^^^^^
[43 of 51] Compiling Amazonka.ElasticTranscoder.CreatePipeline

gen/Amazonka/ElasticTranscoder/CreatePipeline.hs:529:122: warning: [GHC-02256] [-Wambiguous-fields]
    The record update s {awsKmsKeyArn = a} with type CreatePipeline is ambiguous.
    This will not be supported by -XDuplicateRecordFields in future releases of GHC.
    |
529 | createPipeline_awsKmsKeyArn = Lens.lens (\CreatePipeline' {awsKmsKeyArn} -> awsKmsKeyArn) (\s@CreatePipeline' {} a -> s {awsKmsKeyArn = a} :: CreatePipeline)
    |                                                                                                                          ^^^^^^^^^^^^^^^^

gen/Amazonka/ElasticTranscoder/CreatePipeline.hs:602:125: warning: [GHC-02256] [-Wambiguous-fields]
    The record update s {contentConfig = a} with type CreatePipeline is ambiguous.
    This will not be supported by -XDuplicateRecordFields in future releases of GHC.
    |
602 | createPipeline_contentConfig = Lens.lens (\CreatePipeline' {contentConfig} -> contentConfig) (\s@CreatePipeline' {} a -> s {contentConfig = a} :: CreatePipeline)
    |                                                                                                                             ^^^^^^^^^^^^^^^^^

gen/Amazonka/ElasticTranscoder/CreatePipeline.hs:632:125: warning: [GHC-02256] [-Wambiguous-fields]
    The record update s {notifications = a} with type CreatePipeline is ambiguous.
    This will not be supported by -XDuplicateRecordFields in future releases of GHC.
    |
632 | createPipeline_notifications = Lens.lens (\CreatePipeline' {notifications} -> notifications) (\s@CreatePipeline' {} a -> s {notifications = a} :: CreatePipeline)
    |                                                                                                                             ^^^^^^^^^^^^^^^^^

gen/Amazonka/ElasticTranscoder/CreatePipeline.hs:662:122: warning: [GHC-02256] [-Wambiguous-fields]
    The record update s {outputBucket = a} with type CreatePipeline is ambiguous.
    This will not be supported by -XDuplicateRecordFields in future releases of GHC.
    |
662 | createPipeline_outputBucket = Lens.lens (\CreatePipeline' {outputBucket} -> outputBucket) (\s@CreatePipeline' {} a -> s {outputBucket = a} :: CreatePipeline)
    |                                                                                                                          ^^^^^^^^^^^^^^^^

gen/Amazonka/ElasticTranscoder/CreatePipeline.hs:729:131: warning: [GHC-02256] [-Wambiguous-fields]
    The record update s {thumbnailConfig = a} with type CreatePipeline is ambiguous.
    This will not be supported by -XDuplicateRecordFields in future releases of GHC.
    |
729 | createPipeline_thumbnailConfig = Lens.lens (\CreatePipeline' {thumbnailConfig} -> thumbnailConfig) (\s@CreatePipeline' {} a -> s {thumbnailConfig = a} :: CreatePipeline)
    |                                                                                                                                   ^^^^^^^^^^^^^^^^^^^

gen/Amazonka/ElasticTranscoder/CreatePipeline.hs:736:98: warning: [GHC-02256] [-Wambiguous-fields]
    The record update s {name = a} with type CreatePipeline is ambiguous.
    This will not be supported by -XDuplicateRecordFields in future releases of GHC.
    |
736 | createPipeline_name = Lens.lens (\CreatePipeline' {name} -> name) (\s@CreatePipeline' {} a -> s {name = a} :: CreatePipeline)
    |                                                                                                  ^^^^^^^^

gen/Amazonka/ElasticTranscoder/CreatePipeline.hs:741:119: warning: [GHC-02256] [-Wambiguous-fields]
    The record update s {inputBucket = a} with type CreatePipeline is ambiguous.
    This will not be supported by -XDuplicateRecordFields in future releases of GHC.
    |
741 | createPipeline_inputBucket = Lens.lens (\CreatePipeline' {inputBucket} -> inputBucket) (\s@CreatePipeline' {} a -> s {inputBucket = a} :: CreatePipeline)
    |                                                                                                                       ^^^^^^^^^^^^^^^

gen/Amazonka/ElasticTranscoder/CreatePipeline.hs:746:100: warning: [GHC-02256] [-Wambiguous-fields]
    The record update s {role' = a} with type CreatePipeline is ambiguous.
    This will not be supported by -XDuplicateRecordFields in future releases of GHC.
    |
746 | createPipeline_role = Lens.lens (\CreatePipeline' {role'} -> role') (\s@CreatePipeline' {} a -> s {role' = a} :: CreatePipeline)
    |                                                                                                    ^^^^^^^^^
[44 of 51] Compiling Amazonka.ElasticTranscoder.CreateJob

gen/Amazonka/ElasticTranscoder/CreateJob.hs:169:86: warning: [GHC-02256] [-Wambiguous-fields]
    The record update s {input = a} with type CreateJob is ambiguous.
    This will not be supported by -XDuplicateRecordFields in future releases of GHC.
    |
169 | createJob_input = Lens.lens (\CreateJob' {input} -> input) (\s@CreateJob' {} a -> s {input = a} :: CreateJob)
    |                                                                                      ^^^^^^^^^

gen/Amazonka/ElasticTranscoder/CreateJob.hs:174:89: warning: [GHC-02256] [-Wambiguous-fields]
    The record update s {inputs = a} with type CreateJob is ambiguous.
    This will not be supported by -XDuplicateRecordFields in future releases of GHC.
    |
174 | createJob_inputs = Lens.lens (\CreateJob' {inputs} -> inputs) (\s@CreateJob' {} a -> s {inputs = a} :: CreateJob) Prelude.. Lens.mapping Lens.coerced
    |                                                                                         ^^^^^^^^^^

gen/Amazonka/ElasticTranscoder/CreateJob.hs:180:89: warning: [GHC-02256] [-Wambiguous-fields]
    The record update s {output = a} with type CreateJob is ambiguous.
    This will not be supported by -XDuplicateRecordFields in future releases of GHC.
    |
180 | createJob_output = Lens.lens (\CreateJob' {output} -> output) (\s@CreateJob' {} a -> s {output = a} :: CreateJob)
    |                                                                                         ^^^^^^^^^^

gen/Amazonka/ElasticTranscoder/CreateJob.hs:186:116: warning: [GHC-02256] [-Wambiguous-fields]
    The record update s {outputKeyPrefix = a} with type CreateJob is ambiguous.
    This will not be supported by -XDuplicateRecordFields in future releases of GHC.
    |
186 | createJob_outputKeyPrefix = Lens.lens (\CreateJob' {outputKeyPrefix} -> outputKeyPrefix) (\s@CreateJob' {} a -> s {outputKeyPrefix = a} :: CreateJob)
    |                                                                                                                    ^^^^^^^^^^^^^^^^^^^

gen/Amazonka/ElasticTranscoder/CreateJob.hs:192:92: warning: [GHC-02256] [-Wambiguous-fields]
    The record update s {outputs = a} with type CreateJob is ambiguous.
    This will not be supported by -XDuplicateRecordFields in future releases of GHC.
    |
192 | createJob_outputs = Lens.lens (\CreateJob' {outputs} -> outputs) (\s@CreateJob' {} a -> s {outputs = a} :: CreateJob) Prelude.. Lens.mapping Lens.coerced
    |                                                                                            ^^^^^^^^^^^

gen/Amazonka/ElasticTranscoder/CreateJob.hs:200:98: warning: [GHC-02256] [-Wambiguous-fields]
    The record update s {playlists = a} with type CreateJob is ambiguous.
    This will not be supported by -XDuplicateRecordFields in future releases of GHC.
    |
200 | createJob_playlists = Lens.lens (\CreateJob' {playlists} -> playlists) (\s@CreateJob' {} a -> s {playlists = a} :: CreateJob) Prelude.. Lens.mapping Lens.coerced
    |                                                                                                  ^^^^^^^^^^^^^

gen/Amazonka/ElasticTranscoder/CreateJob.hs:208:107: warning: [GHC-02256] [-Wambiguous-fields]
    The record update s {userMetadata = a} with type CreateJob is ambiguous.
    This will not be supported by -XDuplicateRecordFields in future releases of GHC.
    |
208 | createJob_userMetadata = Lens.lens (\CreateJob' {userMetadata} -> userMetadata) (\s@CreateJob' {} a -> s {userMetadata = a} :: CreateJob) Prelude.. Lens.mapping Lens.coerced
    |                                                                                                           ^^^^^^^^^^^^^^^^

gen/Amazonka/ElasticTranscoder/CreateJob.hs:216:101: warning: [GHC-02256] [-Wambiguous-fields]
    The record update s {pipelineId = a} with type CreateJob is ambiguous.
    This will not be supported by -XDuplicateRecordFields in future releases of GHC.
    |
216 | createJob_pipelineId = Lens.lens (\CreateJob' {pipelineId} -> pipelineId) (\s@CreateJob' {} a -> s {pipelineId = a} :: CreateJob)
    |                                                                                                     ^^^^^^^^^^^^^^
[45 of 51] Compiling Amazonka.ElasticTranscoder.CancelJob

gen/Amazonka/ElasticTranscoder/CancelJob.hs:88:77: warning: [GHC-02256] [-Wambiguous-fields]
    The record update s {id = a} with type CancelJob is ambiguous.
    This will not be supported by -XDuplicateRecordFields in future releases of GHC.
   |
88 | cancelJob_id = Lens.lens (\CancelJob' {id} -> id) (\s@CancelJob' {} a -> s {id = a} :: CancelJob)
   |                                                                             ^^^^^^
[46 of 51] Compiling Amazonka.ElasticTranscoder.UpdatePipeline

gen/Amazonka/ElasticTranscoder/UpdatePipeline.hs:469:122: warning: [GHC-02256] [-Wambiguous-fields]
    The record update s {awsKmsKeyArn = a} with type UpdatePipeline is ambiguous.
    This will not be supported by -XDuplicateRecordFields in future releases of GHC.
    |
469 | updatePipeline_awsKmsKeyArn = Lens.lens (\UpdatePipeline' {awsKmsKeyArn} -> awsKmsKeyArn) (\s@UpdatePipeline' {} a -> s {awsKmsKeyArn = a} :: UpdatePipeline)
    |                                                                                                                          ^^^^^^^^^^^^^^^^

gen/Amazonka/ElasticTranscoder/UpdatePipeline.hs:542:125: warning: [GHC-02256] [-Wambiguous-fields]
    The record update s {contentConfig = a} with type UpdatePipeline is ambiguous.
    This will not be supported by -XDuplicateRecordFields in future releases of GHC.
    |
542 | updatePipeline_contentConfig = Lens.lens (\UpdatePipeline' {contentConfig} -> contentConfig) (\s@UpdatePipeline' {} a -> s {contentConfig = a} :: UpdatePipeline)
    |                                                                                                                             ^^^^^^^^^^^^^^^^^

gen/Amazonka/ElasticTranscoder/UpdatePipeline.hs:547:119: warning: [GHC-02256] [-Wambiguous-fields]
    The record update s {inputBucket = a} with type UpdatePipeline is ambiguous.
    This will not be supported by -XDuplicateRecordFields in future releases of GHC.
    |
547 | updatePipeline_inputBucket = Lens.lens (\UpdatePipeline' {inputBucket} -> inputBucket) (\s@UpdatePipeline' {} a -> s {inputBucket = a} :: UpdatePipeline)
    |                                                                                                                       ^^^^^^^^^^^^^^^

gen/Amazonka/ElasticTranscoder/UpdatePipeline.hs:554:98: warning: [GHC-02256] [-Wambiguous-fields]
    The record update s {name = a} with type UpdatePipeline is ambiguous.
    This will not be supported by -XDuplicateRecordFields in future releases of GHC.
    |
554 | updatePipeline_name = Lens.lens (\UpdatePipeline' {name} -> name) (\s@UpdatePipeline' {} a -> s {name = a} :: UpdatePipeline)
    |                                                                                                  ^^^^^^^^

gen/Amazonka/ElasticTranscoder/UpdatePipeline.hs:580:125: warning: [GHC-02256] [-Wambiguous-fields]
    The record update s {notifications = a} with type UpdatePipeline is ambiguous.
    This will not be supported by -XDuplicateRecordFields in future releases of GHC.
    |
580 | updatePipeline_notifications = Lens.lens (\UpdatePipeline' {notifications} -> notifications) (\s@UpdatePipeline' {} a -> s {notifications = a} :: UpdatePipeline)
    |                                                                                                                             ^^^^^^^^^^^^^^^^^

gen/Amazonka/ElasticTranscoder/UpdatePipeline.hs:585:100: warning: [GHC-02256] [-Wambiguous-fields]
    The record update s {role' = a} with type UpdatePipeline is ambiguous.
    This will not be supported by -XDuplicateRecordFields in future releases of GHC.
    |
585 | updatePipeline_role = Lens.lens (\UpdatePipeline' {role'} -> role') (\s@UpdatePipeline' {} a -> s {role' = a} :: UpdatePipeline)
    |                                                                                                    ^^^^^^^^^

gen/Amazonka/ElasticTranscoder/UpdatePipeline.hs:652:131: warning: [GHC-02256] [-Wambiguous-fields]
    The record update s {thumbnailConfig = a} with type UpdatePipeline is ambiguous.
    This will not be supported by -XDuplicateRecordFields in future releases of GHC.
    |
652 | updatePipeline_thumbnailConfig = Lens.lens (\UpdatePipeline' {thumbnailConfig} -> thumbnailConfig) (\s@UpdatePipeline' {} a -> s {thumbnailConfig = a} :: UpdatePipeline)
    |                                                                                                                                   ^^^^^^^^^^^^^^^^^^^

gen/Amazonka/ElasticTranscoder/UpdatePipeline.hs:656:92: warning: [GHC-02256] [-Wambiguous-fields]
    The record update s {id = a} with type UpdatePipeline is ambiguous.
    This will not be supported by -XDuplicateRecordFields in future releases of GHC.
    |
656 | updatePipeline_id = Lens.lens (\UpdatePipeline' {id} -> id) (\s@UpdatePipeline' {} a -> s {id = a} :: UpdatePipeline)
    |                                                                                            ^^^^^^
[47 of 51] Compiling Amazonka.ElasticTranscoder.UpdatePipelineNotifications

gen/Amazonka/ElasticTranscoder/UpdatePipelineNotifications.hs:138:131: warning: [GHC-02256] [-Wambiguous-fields]
    The record update s {id = a} with type UpdatePipelineNotifications is ambiguous.
    This will not be supported by -XDuplicateRecordFields in future releases of GHC.
    |
138 | updatePipelineNotifications_id = Lens.lens (\UpdatePipelineNotifications' {id} -> id) (\s@UpdatePipelineNotifications' {} a -> s {id = a} :: UpdatePipelineNotifications)
    |                                                                                                                                   ^^^^^^

gen/Amazonka/ElasticTranscoder/UpdatePipelineNotifications.hs:164:164: warning: [GHC-02256] [-Wambiguous-fields]
    The record update s {notifications = a} with type UpdatePipelineNotifications is ambiguous.
    This will not be supported by -XDuplicateRecordFields in future releases of GHC.
    |
164 | updatePipelineNotifications_notifications = Lens.lens (\UpdatePipelineNotifications' {notifications} -> notifications) (\s@UpdatePipelineNotifications' {} a -> s {notifications = a} :: UpdatePipelineNotifications)
    |                                                                                                                                                                    ^^^^^^^^^^^^^^^^^
[48 of 51] Compiling Amazonka.ElasticTranscoder.UpdatePipelineStatus

gen/Amazonka/ElasticTranscoder/UpdatePipelineStatus.hs:99:110: warning: [GHC-02256] [-Wambiguous-fields]
    The record update s {id = a} with type UpdatePipelineStatus is ambiguous.
    This will not be supported by -XDuplicateRecordFields in future releases of GHC.
   |
99 | updatePipelineStatus_id = Lens.lens (\UpdatePipelineStatus' {id} -> id) (\s@UpdatePipelineStatus' {} a -> s {id = a} :: UpdatePipelineStatus)
   |                                                                                                              ^^^^^^

gen/Amazonka/ElasticTranscoder/UpdatePipelineStatus.hs:107:122: warning: [GHC-02256] [-Wambiguous-fields]
    The record update s {status = a} with type UpdatePipelineStatus is ambiguous.
    This will not be supported by -XDuplicateRecordFields in future releases of GHC.
    |
107 | updatePipelineStatus_status = Lens.lens (\UpdatePipelineStatus' {status} -> status) (\s@UpdatePipelineStatus' {} a -> s {status = a} :: UpdatePipelineStatus)
    |                                                                                                                          ^^^^^^^^^^
[49 of 51] Compiling Amazonka.ElasticTranscoder.Lens
[50 of 51] Compiling Amazonka.ElasticTranscoder.Waiters
[51 of 51] Compiling Amazonka.ElasticTranscoder
Configuring test suite 'amazonka-elastictranscoder-test' for amazonka-elastictranscoder-2.0...
Preprocessing test suite 'amazonka-elastictranscoder-test' for amazonka-elastictranscoder-2.0...
Building test suite 'amazonka-elastictranscoder-test' for amazonka-elastictranscoder-2.0...
[1 of 4] Compiling Test.Amazonka.ElasticTranscoder
[2 of 4] Compiling Test.Amazonka.ElasticTranscoder.Internal
[3 of 4] Compiling Main
[4 of 4] Compiling Test.Amazonka.Gen.ElasticTranscoder
[5 of 5] Linking /tmp/workdir-amazonka-elastictranscoder/amazonka-elastictranscoder-2.0/dist-newstyle/build/x86_64-linux/ghc-9.6.6/amazonka-elastictranscoder-2.0/t/amazonka-elastictranscoder-test/build/amazonka-elastictranscoder-test/amazonka-elastictranscoder-test
