Build profile: -w ghc-9.6.6 -O1
In order, the following will be built (use -v for more details):
 - amazonka-efs-2.0 (lib) (first run)
 - amazonka-efs-2.0 (test:amazonka-efs-test) (first run)
Configuring library for amazonka-efs-2.0...
Preprocessing library for amazonka-efs-2.0...
Building library for amazonka-efs-2.0...
[ 1 of 57] Compiling Amazonka.EFS.Types.BackupStatus
[ 2 of 57] Compiling Amazonka.EFS.Types.BackupPolicy
[ 3 of 57] Compiling Amazonka.EFS.Types.BackupPolicyDescription
[ 4 of 57] Compiling Amazonka.EFS.Types.CreationInfo
[ 5 of 57] Compiling Amazonka.EFS.Types.DestinationToCreate
[ 6 of 57] Compiling Amazonka.EFS.Types.FileSystemPolicyDescription
[ 7 of 57] Compiling Amazonka.EFS.Types.FileSystemSize
[ 8 of 57] Compiling Amazonka.EFS.Types.LifeCycleState
[ 9 of 57] Compiling Amazonka.EFS.Types.MountTargetDescription
[10 of 57] Compiling Amazonka.EFS.Types.PerformanceMode
[11 of 57] Compiling Amazonka.EFS.Types.PosixUser
[12 of 57] Compiling Amazonka.EFS.Types.ReplicationStatus
[13 of 57] Compiling Amazonka.EFS.Types.Destination
[14 of 57] Compiling Amazonka.EFS.Types.ReplicationConfigurationDescription
[15 of 57] Compiling Amazonka.EFS.Types.Resource
[16 of 57] Compiling Amazonka.EFS.Types.ResourceIdType
[17 of 57] Compiling Amazonka.EFS.Types.ResourceIdPreference
[18 of 57] Compiling Amazonka.EFS.Types.RootDirectory
[19 of 57] Compiling Amazonka.EFS.Types.Tag
[20 of 57] Compiling Amazonka.EFS.Types.AccessPointDescription
[21 of 57] Compiling Amazonka.EFS.Types.ThroughputMode
[22 of 57] Compiling Amazonka.EFS.Types.FileSystemDescription
[23 of 57] Compiling Amazonka.EFS.Types.TransitionToIARules
[24 of 57] Compiling Amazonka.EFS.Types.TransitionToPrimaryStorageClassRules
[25 of 57] Compiling Amazonka.EFS.Types.LifecyclePolicy
[26 of 57] Compiling Amazonka.EFS.Types.LifecycleConfigurationDescription
[27 of 57] Compiling Amazonka.EFS.Types
[28 of 57] Compiling Amazonka.EFS.TagResource

gen/Amazonka/EFS/TagResource.hs:87:89: warning: [GHC-02256] [-Wambiguous-fields]
    The record update s {tags = a} with type TagResource is ambiguous.
    This will not be supported by -XDuplicateRecordFields in future releases of GHC.
   |
87 | tagResource_tags = Lens.lens (\TagResource' {tags} -> tags) (\s@TagResource' {} a -> s {tags = a} :: TagResource) Prelude.. Lens.coerced
   |                                                                                         ^^^^^^^^
[29 of 57] Compiling Amazonka.EFS.PutLifecycleConfiguration

gen/Amazonka/EFS/PutLifecycleConfiguration.hs:167:155: warning: [GHC-02256] [-Wambiguous-fields]
    The record update s {fileSystemId = a} with type PutLifecycleConfiguration is ambiguous.
    This will not be supported by -XDuplicateRecordFields in future releases of GHC.
    |
167 | putLifecycleConfiguration_fileSystemId = Lens.lens (\PutLifecycleConfiguration' {fileSystemId} -> fileSystemId) (\s@PutLifecycleConfiguration' {} a -> s {fileSystemId = a} :: PutLifecycleConfiguration)
    |                                                                                                                                                           ^^^^^^^^^^^^^^^^

gen/Amazonka/EFS/PutLifecycleConfiguration.hs:187:170: warning: [GHC-02256] [-Wambiguous-fields]
    The record update s {lifecyclePolicies = a} with type PutLifecycleConfiguration is ambiguous.
    This will not be supported by -XDuplicateRecordFields in future releases of GHC.
    |
187 | putLifecycleConfiguration_lifecyclePolicies = Lens.lens (\PutLifecycleConfiguration' {lifecyclePolicies} -> lifecyclePolicies) (\s@PutLifecycleConfiguration' {} a -> s {lifecyclePolicies = a} :: PutLifecycleConfiguration) Prelude.. Lens.coerced
    |                                                                                                                                                                          ^^^^^^^^^^^^^^^^^^^^^
[30 of 57] Compiling Amazonka.EFS.PutFileSystemPolicy

gen/Amazonka/EFS/PutFileSystemPolicy.hs:144:137: warning: [GHC-02256] [-Wambiguous-fields]
    The record update s {fileSystemId = a} with type PutFileSystemPolicy is ambiguous.
    This will not be supported by -XDuplicateRecordFields in future releases of GHC.
    |
144 | putFileSystemPolicy_fileSystemId = Lens.lens (\PutFileSystemPolicy' {fileSystemId} -> fileSystemId) (\s@PutFileSystemPolicy' {} a -> s {fileSystemId = a} :: PutFileSystemPolicy)
    |                                                                                                                                         ^^^^^^^^^^^^^^^^

gen/Amazonka/EFS/PutFileSystemPolicy.hs:152:119: warning: [GHC-02256] [-Wambiguous-fields]
    The record update s {policy = a} with type PutFileSystemPolicy is ambiguous.
    This will not be supported by -XDuplicateRecordFields in future releases of GHC.
    |
152 | putFileSystemPolicy_policy = Lens.lens (\PutFileSystemPolicy' {policy} -> policy) (\s@PutFileSystemPolicy' {} a -> s {policy = a} :: PutFileSystemPolicy)
    |                                                                                                                       ^^^^^^^^^^
[31 of 57] Compiling Amazonka.EFS.PutBackupPolicy

gen/Amazonka/EFS/PutBackupPolicy.hs:85:125: warning: [GHC-02256] [-Wambiguous-fields]
    The record update s {fileSystemId = a} with type PutBackupPolicy is ambiguous.
    This will not be supported by -XDuplicateRecordFields in future releases of GHC.
   |
85 | putBackupPolicy_fileSystemId = Lens.lens (\PutBackupPolicy' {fileSystemId} -> fileSystemId) (\s@PutBackupPolicy' {} a -> s {fileSystemId = a} :: PutBackupPolicy)
   |                                                                                                                             ^^^^^^^^^^^^^^^^

gen/Amazonka/EFS/PutBackupPolicy.hs:89:125: warning: [GHC-02256] [-Wambiguous-fields]
    The record update s {backupPolicy = a} with type PutBackupPolicy is ambiguous.
    This will not be supported by -XDuplicateRecordFields in future releases of GHC.
   |
89 | putBackupPolicy_backupPolicy = Lens.lens (\PutBackupPolicy' {backupPolicy} -> backupPolicy) (\s@PutBackupPolicy' {} a -> s {backupPolicy = a} :: PutBackupPolicy)
   |                                                                                                                             ^^^^^^^^^^^^^^^^
[32 of 57] Compiling Amazonka.EFS.PutAccountPreferences

gen/Amazonka/EFS/PutAccountPreferences.hs:110:149: warning: [GHC-02256] [-Wambiguous-fields]
    The record update s {resourceIdType = a} with type PutAccountPreferences is ambiguous.
    This will not be supported by -XDuplicateRecordFields in future releases of GHC.
    |
110 | putAccountPreferences_resourceIdType = Lens.lens (\PutAccountPreferences' {resourceIdType} -> resourceIdType) (\s@PutAccountPreferences' {} a -> s {resourceIdType = a} :: PutAccountPreferences)
    |                                                                                                                                                     ^^^^^^^^^^^^^^^^^^
[33 of 57] Compiling Amazonka.EFS.ModifyMountTargetSecurityGroups

gen/Amazonka/EFS/ModifyMountTargetSecurityGroups.hs:102:176: warning: [GHC-02256] [-Wambiguous-fields]
    The record update s {mountTargetId = a} with type ModifyMountTargetSecurityGroups is ambiguous.
    This will not be supported by -XDuplicateRecordFields in future releases of GHC.
    |
102 | modifyMountTargetSecurityGroups_mountTargetId = Lens.lens (\ModifyMountTargetSecurityGroups' {mountTargetId} -> mountTargetId) (\s@ModifyMountTargetSecurityGroups' {} a -> s {mountTargetId = a} :: ModifyMountTargetSecurityGroups)
    |                                                                                                                                                                                ^^^^^^^^^^^^^^^^^
[34 of 57] Compiling Amazonka.EFS.ListTagsForResource

gen/Amazonka/EFS/ListTagsForResource.hs:111:128: warning: [GHC-02256] [-Wambiguous-fields]
    The record update s {nextToken = a} with type ListTagsForResource is ambiguous.
    This will not be supported by -XDuplicateRecordFields in future releases of GHC.
    |
111 | listTagsForResource_nextToken = Lens.lens (\ListTagsForResource' {nextToken} -> nextToken) (\s@ListTagsForResource' {} a -> s {nextToken = a} :: ListTagsForResource)
    |                                                                                                                                ^^^^^^^^^^^^^

gen/Amazonka/EFS/ListTagsForResource.hs:206:152: warning: [GHC-02256] [-Wambiguous-fields]
    The record update s {nextToken = a} with type ListTagsForResourceResponse is ambiguous.
    This will not be supported by -XDuplicateRecordFields in future releases of GHC.
    |
206 | listTagsForResourceResponse_nextToken = Lens.lens (\ListTagsForResourceResponse' {nextToken} -> nextToken) (\s@ListTagsForResourceResponse' {} a -> s {nextToken = a} :: ListTagsForResourceResponse)
    |                                                                                                                                                        ^^^^^^^^^^^^^

gen/Amazonka/EFS/ListTagsForResource.hs:210:137: warning: [GHC-02256] [-Wambiguous-fields]
    The record update s {tags = a} with type ListTagsForResourceResponse is ambiguous.
    This will not be supported by -XDuplicateRecordFields in future releases of GHC.
    |
210 | listTagsForResourceResponse_tags = Lens.lens (\ListTagsForResourceResponse' {tags} -> tags) (\s@ListTagsForResourceResponse' {} a -> s {tags = a} :: ListTagsForResourceResponse) Prelude.. Lens.mapping Lens.coerced
    |                                                                                                                                         ^^^^^^^^
[35 of 57] Compiling Amazonka.EFS.DescribeReplicationConfigurations

gen/Amazonka/EFS/DescribeReplicationConfigurations.hs:99:179: warning: [GHC-02256] [-Wambiguous-fields]
    The record update s {fileSystemId = a} with type DescribeReplicationConfigurations is ambiguous.
    This will not be supported by -XDuplicateRecordFields in future releases of GHC.
   |
99 | describeReplicationConfigurations_fileSystemId = Lens.lens (\DescribeReplicationConfigurations' {fileSystemId} -> fileSystemId) (\s@DescribeReplicationConfigurations' {} a -> s {fileSystemId = a} :: DescribeReplicationConfigurations)
   |                                                                                                                                                                                   ^^^^^^^^^^^^^^^^

gen/Amazonka/EFS/DescribeReplicationConfigurations.hs:109:170: warning: [GHC-02256] [-Wambiguous-fields]
    The record update s {nextToken = a} with type DescribeReplicationConfigurations is ambiguous.
    This will not be supported by -XDuplicateRecordFields in future releases of GHC.
    |
109 | describeReplicationConfigurations_nextToken = Lens.lens (\DescribeReplicationConfigurations' {nextToken} -> nextToken) (\s@DescribeReplicationConfigurations' {} a -> s {nextToken = a} :: DescribeReplicationConfigurations)
    |                                                                                                                                                                          ^^^^^^^^^^^^^

gen/Amazonka/EFS/DescribeReplicationConfigurations.hs:217:194: warning: [GHC-02256] [-Wambiguous-fields]
    The record update s {nextToken = a} with type DescribeReplicationConfigurationsResponse is ambiguous.
    This will not be supported by -XDuplicateRecordFields in future releases of GHC.
    |
217 | describeReplicationConfigurationsResponse_nextToken = Lens.lens (\DescribeReplicationConfigurationsResponse' {nextToken} -> nextToken) (\s@DescribeReplicationConfigurationsResponse' {} a -> s {nextToken = a} :: DescribeReplicationConfigurationsResponse)
    |                                                                                                                                                                                                  ^^^^^^^^^^^^^
[36 of 57] Compiling Amazonka.EFS.DescribeMountTargets

gen/Amazonka/EFS/DescribeMountTargets.hs:143:143: warning: [GHC-02256] [-Wambiguous-fields]
    The record update s {accessPointId = a} with type DescribeMountTargets is ambiguous.
    This will not be supported by -XDuplicateRecordFields in future releases of GHC.
    |
143 | describeMountTargets_accessPointId = Lens.lens (\DescribeMountTargets' {accessPointId} -> accessPointId) (\s@DescribeMountTargets' {} a -> s {accessPointId = a} :: DescribeMountTargets)
    |                                                                                                                                               ^^^^^^^^^^^^^^^^^

gen/Amazonka/EFS/DescribeMountTargets.hs:150:140: warning: [GHC-02256] [-Wambiguous-fields]
    The record update s {fileSystemId = a} with type DescribeMountTargets is ambiguous.
    This will not be supported by -XDuplicateRecordFields in future releases of GHC.
    |
150 | describeMountTargets_fileSystemId = Lens.lens (\DescribeMountTargets' {fileSystemId} -> fileSystemId) (\s@DescribeMountTargets' {} a -> s {fileSystemId = a} :: DescribeMountTargets)
    |                                                                                                                                            ^^^^^^^^^^^^^^^^

gen/Amazonka/EFS/DescribeMountTargets.hs:156:122: warning: [GHC-02256] [-Wambiguous-fields]
    The record update s {marker = a} with type DescribeMountTargets is ambiguous.
    This will not be supported by -XDuplicateRecordFields in future releases of GHC.
    |
156 | describeMountTargets_marker = Lens.lens (\DescribeMountTargets' {marker} -> marker) (\s@DescribeMountTargets' {} a -> s {marker = a} :: DescribeMountTargets)
    |                                                                                                                          ^^^^^^^^^^

gen/Amazonka/EFS/DescribeMountTargets.hs:169:143: warning: [GHC-02256] [-Wambiguous-fields]
    The record update s {mountTargetId = a} with type DescribeMountTargets is ambiguous.
    This will not be supported by -XDuplicateRecordFields in future releases of GHC.
    |
169 | describeMountTargets_mountTargetId = Lens.lens (\DescribeMountTargets' {mountTargetId} -> mountTargetId) (\s@DescribeMountTargets' {} a -> s {mountTargetId = a} :: DescribeMountTargets)
    |                                                                                                                                               ^^^^^^^^^^^^^^^^^

gen/Amazonka/EFS/DescribeMountTargets.hs:296:146: warning: [GHC-02256] [-Wambiguous-fields]
    The record update s {marker = a} with type DescribeMountTargetsResponse is ambiguous.
    This will not be supported by -XDuplicateRecordFields in future releases of GHC.
    |
296 | describeMountTargetsResponse_marker = Lens.lens (\DescribeMountTargetsResponse' {marker} -> marker) (\s@DescribeMountTargetsResponse' {} a -> s {marker = a} :: DescribeMountTargetsResponse)
    |                                                                                                                                                  ^^^^^^^^^^
[37 of 57] Compiling Amazonka.EFS.DescribeMountTargetSecurityGroups

gen/Amazonka/EFS/DescribeMountTargetSecurityGroups.hs:91:182: warning: [GHC-02256] [-Wambiguous-fields]
    The record update s {mountTargetId = a} with type DescribeMountTargetSecurityGroups is ambiguous.
    This will not be supported by -XDuplicateRecordFields in future releases of GHC.
   |
91 | describeMountTargetSecurityGroups_mountTargetId = Lens.lens (\DescribeMountTargetSecurityGroups' {mountTargetId} -> mountTargetId) (\s@DescribeMountTargetSecurityGroups' {} a -> s {mountTargetId = a} :: DescribeMountTargetSecurityGroups)
   |                                                                                                                                                                                      ^^^^^^^^^^^^^^^^^
[38 of 57] Compiling Amazonka.EFS.DescribeLifecycleConfiguration

gen/Amazonka/EFS/DescribeLifecycleConfiguration.hs:91:170: warning: [GHC-02256] [-Wambiguous-fields]
    The record update s {fileSystemId = a} with type DescribeLifecycleConfiguration is ambiguous.
    This will not be supported by -XDuplicateRecordFields in future releases of GHC.
   |
91 | describeLifecycleConfiguration_fileSystemId = Lens.lens (\DescribeLifecycleConfiguration' {fileSystemId} -> fileSystemId) (\s@DescribeLifecycleConfiguration' {} a -> s {fileSystemId = a} :: DescribeLifecycleConfiguration)
   |                                                                                                                                                                          ^^^^^^^^^^^^^^^^
[39 of 57] Compiling Amazonka.EFS.DescribeFileSystems

gen/Amazonka/EFS/DescribeFileSystems.hs:143:140: warning: [GHC-02256] [-Wambiguous-fields]
    The record update s {creationToken = a} with type DescribeFileSystems is ambiguous.
    This will not be supported by -XDuplicateRecordFields in future releases of GHC.
    |
143 | describeFileSystems_creationToken = Lens.lens (\DescribeFileSystems' {creationToken} -> creationToken) (\s@DescribeFileSystems' {} a -> s {creationToken = a} :: DescribeFileSystems)
    |                                                                                                                                            ^^^^^^^^^^^^^^^^^

gen/Amazonka/EFS/DescribeFileSystems.hs:148:137: warning: [GHC-02256] [-Wambiguous-fields]
    The record update s {fileSystemId = a} with type DescribeFileSystems is ambiguous.
    This will not be supported by -XDuplicateRecordFields in future releases of GHC.
    |
148 | describeFileSystems_fileSystemId = Lens.lens (\DescribeFileSystems' {fileSystemId} -> fileSystemId) (\s@DescribeFileSystems' {} a -> s {fileSystemId = a} :: DescribeFileSystems)
    |                                                                                                                                         ^^^^^^^^^^^^^^^^

gen/Amazonka/EFS/DescribeFileSystems.hs:154:119: warning: [GHC-02256] [-Wambiguous-fields]
    The record update s {marker = a} with type DescribeFileSystems is ambiguous.
    This will not be supported by -XDuplicateRecordFields in future releases of GHC.
    |
154 | describeFileSystems_marker = Lens.lens (\DescribeFileSystems' {marker} -> marker) (\s@DescribeFileSystems' {} a -> s {marker = a} :: DescribeFileSystems)
    |                                                                                                                       ^^^^^^^^^^

gen/Amazonka/EFS/DescribeFileSystems.hs:282:143: warning: [GHC-02256] [-Wambiguous-fields]
    The record update s {marker = a} with type DescribeFileSystemsResponse is ambiguous.
    This will not be supported by -XDuplicateRecordFields in future releases of GHC.
    |
282 | describeFileSystemsResponse_marker = Lens.lens (\DescribeFileSystemsResponse' {marker} -> marker) (\s@DescribeFileSystemsResponse' {} a -> s {marker = a} :: DescribeFileSystemsResponse)
    |                                                                                                                                               ^^^^^^^^^^
[40 of 57] Compiling Amazonka.EFS.DescribeFileSystemPolicy

gen/Amazonka/EFS/DescribeFileSystemPolicy.hs:81:152: warning: [GHC-02256] [-Wambiguous-fields]
    The record update s {fileSystemId = a} with type DescribeFileSystemPolicy is ambiguous.
    This will not be supported by -XDuplicateRecordFields in future releases of GHC.
   |
81 | describeFileSystemPolicy_fileSystemId = Lens.lens (\DescribeFileSystemPolicy' {fileSystemId} -> fileSystemId) (\s@DescribeFileSystemPolicy' {} a -> s {fileSystemId = a} :: DescribeFileSystemPolicy)
   |                                                                                                                                                        ^^^^^^^^^^^^^^^^
[41 of 57] Compiling Amazonka.EFS.DescribeBackupPolicy

gen/Amazonka/EFS/DescribeBackupPolicy.hs:77:140: warning: [GHC-02256] [-Wambiguous-fields]
    The record update s {fileSystemId = a} with type DescribeBackupPolicy is ambiguous.
    This will not be supported by -XDuplicateRecordFields in future releases of GHC.
   |
77 | describeBackupPolicy_fileSystemId = Lens.lens (\DescribeBackupPolicy' {fileSystemId} -> fileSystemId) (\s@DescribeBackupPolicy' {} a -> s {fileSystemId = a} :: DescribeBackupPolicy)
   |                                                                                                                                            ^^^^^^^^^^^^^^^^
[42 of 57] Compiling Amazonka.EFS.DescribeAccountPreferences

gen/Amazonka/EFS/DescribeAccountPreferences.hs:102:149: warning: [GHC-02256] [-Wambiguous-fields]
    The record update s {nextToken = a} with type DescribeAccountPreferences is ambiguous.
    This will not be supported by -XDuplicateRecordFields in future releases of GHC.
    |
102 | describeAccountPreferences_nextToken = Lens.lens (\DescribeAccountPreferences' {nextToken} -> nextToken) (\s@DescribeAccountPreferences' {} a -> s {nextToken = a} :: DescribeAccountPreferences)
    |                                                                                                                                                     ^^^^^^^^^^^^^

gen/Amazonka/EFS/DescribeAccountPreferences.hs:188:173: warning: [GHC-02256] [-Wambiguous-fields]
    The record update s {nextToken = a} with type DescribeAccountPreferencesResponse is ambiguous.
    This will not be supported by -XDuplicateRecordFields in future releases of GHC.
    |
188 | describeAccountPreferencesResponse_nextToken = Lens.lens (\DescribeAccountPreferencesResponse' {nextToken} -> nextToken) (\s@DescribeAccountPreferencesResponse' {} a -> s {nextToken = a} :: DescribeAccountPreferencesResponse)
    |                                                                                                                                                                             ^^^^^^^^^^^^^
[43 of 57] Compiling Amazonka.EFS.DescribeAccessPoints

gen/Amazonka/EFS/DescribeAccessPoints.hs:115:143: warning: [GHC-02256] [-Wambiguous-fields]
    The record update s {accessPointId = a} with type DescribeAccessPoints is ambiguous.
    This will not be supported by -XDuplicateRecordFields in future releases of GHC.
    |
115 | describeAccessPoints_accessPointId = Lens.lens (\DescribeAccessPoints' {accessPointId} -> accessPointId) (\s@DescribeAccessPoints' {} a -> s {accessPointId = a} :: DescribeAccessPoints)
    |                                                                                                                                               ^^^^^^^^^^^^^^^^^

gen/Amazonka/EFS/DescribeAccessPoints.hs:120:140: warning: [GHC-02256] [-Wambiguous-fields]
    The record update s {fileSystemId = a} with type DescribeAccessPoints is ambiguous.
    This will not be supported by -XDuplicateRecordFields in future releases of GHC.
    |
120 | describeAccessPoints_fileSystemId = Lens.lens (\DescribeAccessPoints' {fileSystemId} -> fileSystemId) (\s@DescribeAccessPoints' {} a -> s {fileSystemId = a} :: DescribeAccessPoints)
    |                                                                                                                                            ^^^^^^^^^^^^^^^^

gen/Amazonka/EFS/DescribeAccessPoints.hs:132:131: warning: [GHC-02256] [-Wambiguous-fields]
    The record update s {nextToken = a} with type DescribeAccessPoints is ambiguous.
    This will not be supported by -XDuplicateRecordFields in future releases of GHC.
    |
132 | describeAccessPoints_nextToken = Lens.lens (\DescribeAccessPoints' {nextToken} -> nextToken) (\s@DescribeAccessPoints' {} a -> s {nextToken = a} :: DescribeAccessPoints)
    |                                                                                                                                   ^^^^^^^^^^^^^

gen/Amazonka/EFS/DescribeAccessPoints.hs:227:155: warning: [GHC-02256] [-Wambiguous-fields]
    The record update s {nextToken = a} with type DescribeAccessPointsResponse is ambiguous.
    This will not be supported by -XDuplicateRecordFields in future releases of GHC.
    |
227 | describeAccessPointsResponse_nextToken = Lens.lens (\DescribeAccessPointsResponse' {nextToken} -> nextToken) (\s@DescribeAccessPointsResponse' {} a -> s {nextToken = a} :: DescribeAccessPointsResponse)
    |                                                                                                                                                           ^^^^^^^^^^^^^
[44 of 57] Compiling Amazonka.EFS.DeleteReplicationConfiguration

gen/Amazonka/EFS/DeleteReplicationConfiguration.hs:81:188: warning: [GHC-02256] [-Wambiguous-fields]
    The record update s {sourceFileSystemId = a} with type DeleteReplicationConfiguration is ambiguous.
    This will not be supported by -XDuplicateRecordFields in future releases of GHC.
   |
81 | deleteReplicationConfiguration_sourceFileSystemId = Lens.lens (\DeleteReplicationConfiguration' {sourceFileSystemId} -> sourceFileSystemId) (\s@DeleteReplicationConfiguration' {} a -> s {sourceFileSystemId = a} :: DeleteReplicationConfiguration)
   |                                                                                                                                                                                            ^^^^^^^^^^^^^^^^^^^^^^
[45 of 57] Compiling Amazonka.EFS.DeleteMountTarget

gen/Amazonka/EFS/DeleteMountTarget.hs:98:134: warning: [GHC-02256] [-Wambiguous-fields]
    The record update s {mountTargetId = a} with type DeleteMountTarget is ambiguous.
    This will not be supported by -XDuplicateRecordFields in future releases of GHC.
   |
98 | deleteMountTarget_mountTargetId = Lens.lens (\DeleteMountTarget' {mountTargetId} -> mountTargetId) (\s@DeleteMountTarget' {} a -> s {mountTargetId = a} :: DeleteMountTarget)
   |                                                                                                                                      ^^^^^^^^^^^^^^^^^
[46 of 57] Compiling Amazonka.EFS.DeleteFileSystemPolicy

gen/Amazonka/EFS/DeleteFileSystemPolicy.hs:83:146: warning: [GHC-02256] [-Wambiguous-fields]
    The record update s {fileSystemId = a} with type DeleteFileSystemPolicy is ambiguous.
    This will not be supported by -XDuplicateRecordFields in future releases of GHC.
   |
83 | deleteFileSystemPolicy_fileSystemId = Lens.lens (\DeleteFileSystemPolicy' {fileSystemId} -> fileSystemId) (\s@DeleteFileSystemPolicy' {} a -> s {fileSystemId = a} :: DeleteFileSystemPolicy)
   |                                                                                                                                                  ^^^^^^^^^^^^^^^^
[47 of 57] Compiling Amazonka.EFS.DeleteFileSystem

gen/Amazonka/EFS/DeleteFileSystem.hs:96:128: warning: [GHC-02256] [-Wambiguous-fields]
    The record update s {fileSystemId = a} with type DeleteFileSystem is ambiguous.
    This will not be supported by -XDuplicateRecordFields in future releases of GHC.
   |
96 | deleteFileSystem_fileSystemId = Lens.lens (\DeleteFileSystem' {fileSystemId} -> fileSystemId) (\s@DeleteFileSystem' {} a -> s {fileSystemId = a} :: DeleteFileSystem)
   |                                                                                                                                ^^^^^^^^^^^^^^^^
[48 of 57] Compiling Amazonka.EFS.DeleteAccessPoint

gen/Amazonka/EFS/DeleteAccessPoint.hs:77:134: warning: [GHC-02256] [-Wambiguous-fields]
    The record update s {accessPointId = a} with type DeleteAccessPoint is ambiguous.
    This will not be supported by -XDuplicateRecordFields in future releases of GHC.
   |
77 | deleteAccessPoint_accessPointId = Lens.lens (\DeleteAccessPoint' {accessPointId} -> accessPointId) (\s@DeleteAccessPoint' {} a -> s {accessPointId = a} :: DeleteAccessPoint)
   |                                                                                                                                      ^^^^^^^^^^^^^^^^^
[49 of 57] Compiling Amazonka.EFS.CreateReplicationConfiguration

gen/Amazonka/EFS/CreateReplicationConfiguration.hs:160:188: warning: [GHC-02256] [-Wambiguous-fields]
    The record update s {sourceFileSystemId = a} with type CreateReplicationConfiguration is ambiguous.
    This will not be supported by -XDuplicateRecordFields in future releases of GHC.
    |
160 | createReplicationConfiguration_sourceFileSystemId = Lens.lens (\CreateReplicationConfiguration' {sourceFileSystemId} -> sourceFileSystemId) (\s@CreateReplicationConfiguration' {} a -> s {sourceFileSystemId = a} :: CreateReplicationConfiguration)
    |                                                                                                                                                                                            ^^^^^^^^^^^^^^^^^^^^^^

gen/Amazonka/EFS/CreateReplicationConfiguration.hs:165:170: warning: [GHC-02256] [-Wambiguous-fields]
    The record update s {destinations = a} with type CreateReplicationConfiguration is ambiguous.
    This will not be supported by -XDuplicateRecordFields in future releases of GHC.
    |
165 | createReplicationConfiguration_destinations = Lens.lens (\CreateReplicationConfiguration' {destinations} -> destinations) (\s@CreateReplicationConfiguration' {} a -> s {destinations = a} :: CreateReplicationConfiguration) Prelude.. Lens.coerced
    |                                                                                                                                                                          ^^^^^^^^^^^^^^^^
[50 of 57] Compiling Amazonka.EFS.CreateMountTarget

gen/Amazonka/EFS/CreateMountTarget.hs:233:122: warning: [GHC-02256] [-Wambiguous-fields]
    The record update s {ipAddress = a} with type CreateMountTarget is ambiguous.
    This will not be supported by -XDuplicateRecordFields in future releases of GHC.
    |
233 | createMountTarget_ipAddress = Lens.lens (\CreateMountTarget' {ipAddress} -> ipAddress) (\s@CreateMountTarget' {} a -> s {ipAddress = a} :: CreateMountTarget)
    |                                                                                                                          ^^^^^^^^^^^^^

gen/Amazonka/EFS/CreateMountTarget.hs:242:131: warning: [GHC-02256] [-Wambiguous-fields]
    The record update s {fileSystemId = a} with type CreateMountTarget is ambiguous.
    This will not be supported by -XDuplicateRecordFields in future releases of GHC.
    |
242 | createMountTarget_fileSystemId = Lens.lens (\CreateMountTarget' {fileSystemId} -> fileSystemId) (\s@CreateMountTarget' {} a -> s {fileSystemId = a} :: CreateMountTarget)
    |                                                                                                                                   ^^^^^^^^^^^^^^^^

gen/Amazonka/EFS/CreateMountTarget.hs:248:119: warning: [GHC-02256] [-Wambiguous-fields]
    The record update s {subnetId = a} with type CreateMountTarget is ambiguous.
    This will not be supported by -XDuplicateRecordFields in future releases of GHC.
    |
248 | createMountTarget_subnetId = Lens.lens (\CreateMountTarget' {subnetId} -> subnetId) (\s@CreateMountTarget' {} a -> s {subnetId = a} :: CreateMountTarget)
    |                                                                                                                       ^^^^^^^^^^^^
[51 of 57] Compiling Amazonka.EFS.CreateFileSystem

gen/Amazonka/EFS/CreateFileSystem.hs:358:152: warning: [GHC-02256] [-Wambiguous-fields]
    The record update s {availabilityZoneName = a} with type CreateFileSystem is ambiguous.
    This will not be supported by -XDuplicateRecordFields in future releases of GHC.
    |
358 | createFileSystem_availabilityZoneName = Lens.lens (\CreateFileSystem' {availabilityZoneName} -> availabilityZoneName) (\s@CreateFileSystem' {} a -> s {availabilityZoneName = a} :: CreateFileSystem)
    |                                                                                                                                                        ^^^^^^^^^^^^^^^^^^^^^^^^

gen/Amazonka/EFS/CreateFileSystem.hs:382:119: warning: [GHC-02256] [-Wambiguous-fields]
    The record update s {encrypted = a} with type CreateFileSystem is ambiguous.
    This will not be supported by -XDuplicateRecordFields in future releases of GHC.
    |
382 | createFileSystem_encrypted = Lens.lens (\CreateFileSystem' {encrypted} -> encrypted) (\s@CreateFileSystem' {} a -> s {encrypted = a} :: CreateFileSystem)
    |                                                                                                                       ^^^^^^^^^^^^^

gen/Amazonka/EFS/CreateFileSystem.hs:408:116: warning: [GHC-02256] [-Wambiguous-fields]
    The record update s {kmsKeyId = a} with type CreateFileSystem is ambiguous.
    This will not be supported by -XDuplicateRecordFields in future releases of GHC.
    |
408 | createFileSystem_kmsKeyId = Lens.lens (\CreateFileSystem' {kmsKeyId} -> kmsKeyId) (\s@CreateFileSystem' {} a -> s {kmsKeyId = a} :: CreateFileSystem)
    |                                                                                                                    ^^^^^^^^^^^^

gen/Amazonka/EFS/CreateFileSystem.hs:420:137: warning: [GHC-02256] [-Wambiguous-fields]
    The record update s {performanceMode = a} with type CreateFileSystem is ambiguous.
    This will not be supported by -XDuplicateRecordFields in future releases of GHC.
    |
420 | createFileSystem_performanceMode = Lens.lens (\CreateFileSystem' {performanceMode} -> performanceMode) (\s@CreateFileSystem' {} a -> s {performanceMode = a} :: CreateFileSystem)
    |                                                                                                                                         ^^^^^^^^^^^^^^^^^^^

gen/Amazonka/EFS/CreateFileSystem.hs:430:176: warning: [GHC-02256] [-Wambiguous-fields]
    The record update s {provisionedThroughputInMibps = a} with type CreateFileSystem is ambiguous.
    This will not be supported by -XDuplicateRecordFields in future releases of GHC.
    |
430 | createFileSystem_provisionedThroughputInMibps = Lens.lens (\CreateFileSystem' {provisionedThroughputInMibps} -> provisionedThroughputInMibps) (\s@CreateFileSystem' {} a -> s {provisionedThroughputInMibps = a} :: CreateFileSystem)
    |                                                                                                                                                                                ^^^^^^^^^^^^^^^^^^^^^^^^^^^^^^^^

gen/Amazonka/EFS/CreateFileSystem.hs:439:104: warning: [GHC-02256] [-Wambiguous-fields]
    The record update s {tags = a} with type CreateFileSystem is ambiguous.
    This will not be supported by -XDuplicateRecordFields in future releases of GHC.
    |
439 | createFileSystem_tags = Lens.lens (\CreateFileSystem' {tags} -> tags) (\s@CreateFileSystem' {} a -> s {tags = a} :: CreateFileSystem) Prelude.. Lens.mapping Lens.coerced
    |                                                                                                        ^^^^^^^^

gen/Amazonka/EFS/CreateFileSystem.hs:453:134: warning: [GHC-02256] [-Wambiguous-fields]
    The record update s {throughputMode = a} with type CreateFileSystem is ambiguous.
    This will not be supported by -XDuplicateRecordFields in future releases of GHC.
    |
453 | createFileSystem_throughputMode = Lens.lens (\CreateFileSystem' {throughputMode} -> throughputMode) (\s@CreateFileSystem' {} a -> s {throughputMode = a} :: CreateFileSystem)
    |                                                                                                                                      ^^^^^^^^^^^^^^^^^^

gen/Amazonka/EFS/CreateFileSystem.hs:458:131: warning: [GHC-02256] [-Wambiguous-fields]
    The record update s {creationToken = a} with type CreateFileSystem is ambiguous.
    This will not be supported by -XDuplicateRecordFields in future releases of GHC.
    |
458 | createFileSystem_creationToken = Lens.lens (\CreateFileSystem' {creationToken} -> creationToken) (\s@CreateFileSystem' {} a -> s {creationToken = a} :: CreateFileSystem)
    |                                                                                                                                   ^^^^^^^^^^^^^^^^^
[52 of 57] Compiling Amazonka.EFS.CreateAccessPoint

gen/Amazonka/EFS/CreateAccessPoint.hs:163:122: warning: [GHC-02256] [-Wambiguous-fields]
    The record update s {posixUser = a} with type CreateAccessPoint is ambiguous.
    This will not be supported by -XDuplicateRecordFields in future releases of GHC.
    |
163 | createAccessPoint_posixUser = Lens.lens (\CreateAccessPoint' {posixUser} -> posixUser) (\s@CreateAccessPoint' {} a -> s {posixUser = a} :: CreateAccessPoint)
    |                                                                                                                          ^^^^^^^^^^^^^

gen/Amazonka/EFS/CreateAccessPoint.hs:179:134: warning: [GHC-02256] [-Wambiguous-fields]
    The record update s {rootDirectory = a} with type CreateAccessPoint is ambiguous.
    This will not be supported by -XDuplicateRecordFields in future releases of GHC.
    |
179 | createAccessPoint_rootDirectory = Lens.lens (\CreateAccessPoint' {rootDirectory} -> rootDirectory) (\s@CreateAccessPoint' {} a -> s {rootDirectory = a} :: CreateAccessPoint)
    |                                                                                                                                      ^^^^^^^^^^^^^^^^^

gen/Amazonka/EFS/CreateAccessPoint.hs:186:107: warning: [GHC-02256] [-Wambiguous-fields]
    The record update s {tags = a} with type CreateAccessPoint is ambiguous.
    This will not be supported by -XDuplicateRecordFields in future releases of GHC.
    |
186 | createAccessPoint_tags = Lens.lens (\CreateAccessPoint' {tags} -> tags) (\s@CreateAccessPoint' {} a -> s {tags = a} :: CreateAccessPoint) Prelude.. Lens.mapping Lens.coerced
    |                                                                                                           ^^^^^^^^

gen/Amazonka/EFS/CreateAccessPoint.hs:191:128: warning: [GHC-02256] [-Wambiguous-fields]
    The record update s {clientToken = a} with type CreateAccessPoint is ambiguous.
    This will not be supported by -XDuplicateRecordFields in future releases of GHC.
    |
191 | createAccessPoint_clientToken = Lens.lens (\CreateAccessPoint' {clientToken} -> clientToken) (\s@CreateAccessPoint' {} a -> s {clientToken = a} :: CreateAccessPoint)
    |                                                                                                                                ^^^^^^^^^^^^^^^

gen/Amazonka/EFS/CreateAccessPoint.hs:195:131: warning: [GHC-02256] [-Wambiguous-fields]
    The record update s {fileSystemId = a} with type CreateAccessPoint is ambiguous.
    This will not be supported by -XDuplicateRecordFields in future releases of GHC.
    |
195 | createAccessPoint_fileSystemId = Lens.lens (\CreateAccessPoint' {fileSystemId} -> fileSystemId) (\s@CreateAccessPoint' {} a -> s {fileSystemId = a} :: CreateAccessPoint)
    |                                                                                                                                   ^^^^^^^^^^^^^^^^
[53 of 57] Compiling Amazonka.EFS.UntagResource
[54 of 57] Compiling Amazonka.EFS.UpdateFileSystem

gen/Amazonka/EFS/UpdateFileSystem.hs:124:176: warning: [GHC-02256] [-Wambiguous-fields]
    The record update s {provisionedThroughputInMibps = a} with type UpdateFileSystem is ambiguous.
    This will not be supported by -XDuplicateRecordFields in future releases of GHC.
    |
124 | updateFileSystem_provisionedThroughputInMibps = Lens.lens (\UpdateFileSystem' {provisionedThroughputInMibps} -> provisionedThroughputInMibps) (\s@UpdateFileSystem' {} a -> s {provisionedThroughputInMibps = a} :: UpdateFileSystem)
    |                                                                                                                                                                                ^^^^^^^^^^^^^^^^^^^^^^^^^^^^^^^^

gen/Amazonka/EFS/UpdateFileSystem.hs:131:134: warning: [GHC-02256] [-Wambiguous-fields]
    The record update s {throughputMode = a} with type UpdateFileSystem is ambiguous.
    This will not be supported by -XDuplicateRecordFields in future releases of GHC.
    |
131 | updateFileSystem_throughputMode = Lens.lens (\UpdateFileSystem' {throughputMode} -> throughputMode) (\s@UpdateFileSystem' {} a -> s {throughputMode = a} :: UpdateFileSystem)
    |                                                                                                                                      ^^^^^^^^^^^^^^^^^^

gen/Amazonka/EFS/UpdateFileSystem.hs:135:128: warning: [GHC-02256] [-Wambiguous-fields]
    The record update s {fileSystemId = a} with type UpdateFileSystem is ambiguous.
    This will not be supported by -XDuplicateRecordFields in future releases of GHC.
    |
135 | updateFileSystem_fileSystemId = Lens.lens (\UpdateFileSystem' {fileSystemId} -> fileSystemId) (\s@UpdateFileSystem' {} a -> s {fileSystemId = a} :: UpdateFileSystem)
    |                                                                                                                                ^^^^^^^^^^^^^^^^
[55 of 57] Compiling Amazonka.EFS.Lens
[56 of 57] Compiling Amazonka.EFS.Waiters
[57 of 57] Compiling Amazonka.EFS
Configuring test suite 'amazonka-efs-test' for amazonka-efs-2.0...
Preprocessing test suite 'amazonka-efs-test' for amazonka-efs-2.0...
Building test suite 'amazonka-efs-test' for amazonka-efs-2.0...
[1 of 4] Compiling Test.Amazonka.EFS
[2 of 4] Compiling Test.Amazonka.EFS.Internal
[3 of 4] Compiling Main
[4 of 4] Compiling Test.Amazonka.Gen.EFS
[5 of 5] Linking /tmp/workdir-amazonka-efs/amazonka-efs-2.0/dist-newstyle/build/x86_64-linux/ghc-9.6.6/amazonka-efs-2.0/t/amazonka-efs-test/build/amazonka-efs-test/amazonka-efs-test
