Build profile: -w ghc-9.6.6 -O1
In order, the following will be built (use -v for more details):
 - dl-fedora-1.0 (exe:dl-fedora) (first run)
 - dl-fedora-1.0 (test:test) (first run)
Configuring executable 'dl-fedora' for dl-fedora-1.0...
Preprocessing executable 'dl-fedora' for dl-fedora-1.0...
Building executable 'dl-fedora' for dl-fedora-1.0...
[1 of 3] Compiling DownloadDir
[2 of 3] Compiling Paths_dl_fedora
[3 of 3] Compiling Main

src/Main.hs:50:1: warning: [-Wdeprecations]
    Module ‘Text.PrettyPrint.ANSI.Leijen’ is deprecated:
      "Compatibility module for users of ansi-wl-pprint - use \"Prettyprinter\" instead"
   |
50 | import qualified Text.PrettyPrint.ANSI.Leijen as P
   | ^^^^^^^^^^^^^^^^^^^^^^^^^^^^^^^^^^^^^^^^^^^^^^^^^^

src/Main.hs:126:21: warning: [GHC-68441] [-Wdeprecations]
    In the use of ‘vcat’ (imported from Text.PrettyPrint.ANSI.Leijen):
    Deprecated: "Compatibility module for users of ansi-wl-pprint - use "Prettyprinter" instead"
    |
126 |   let pdoc = Just $ P.vcat
    |                     ^^^^^^

src/Main.hs:127:16: warning: [GHC-68441] [-Wdeprecations]
    In the use of ‘text’ (imported from Text.PrettyPrint.ANSI.Leijen):
    Deprecated: "Compatibility module for users of ansi-wl-pprint - use "Prettyprinter" instead"
    |
127 |              [ P.text "Tool for downloading Fedora iso file images.",
    |                ^^^^^^

src/Main.hs:128:16: warning: [GHC-68441] [-Wdeprecations]
    In the use of ‘text’ (imported from Text.PrettyPrint.ANSI.Leijen):
    Deprecated: "Compatibility module for users of ansi-wl-pprint - use "Prettyprinter" instead"
    |
128 |                P.text ("RELEASE = " <> intercalate ", " ["release number", "respin", "rawhide", "test (Beta)", "stage (RC)", "eln", "c8s", "c9s"]),
    |                ^^^^^^

src/Main.hs:129:16: warning: [GHC-68441] [-Wdeprecations]
    In the use of ‘text’ (imported from Text.PrettyPrint.ANSI.Leijen):
    Deprecated: "Compatibility module for users of ansi-wl-pprint - use "Prettyprinter" instead"
    |
129 |                P.text "EDITION = " <> P.lbrace <> P.align (P.fillCat (P.punctuate P.comma (map (P.text . lowerEdition) [(minBound :: FedoraEdition)..maxBound])) <> P.rbrace) <> P.text " [default: workstation]" ,
    |                ^^^^^^

src/Main.hs:129:39: warning: [GHC-68441] [-Wdeprecations]
    In the use of ‘lbrace’
    (imported from Text.PrettyPrint.ANSI.Leijen):
    Deprecated: "Compatibility module for users of ansi-wl-pprint - use "Prettyprinter" instead"
    |
129 |                P.text "EDITION = " <> P.lbrace <> P.align (P.fillCat (P.punctuate P.comma (map (P.text . lowerEdition) [(minBound :: FedoraEdition)..maxBound])) <> P.rbrace) <> P.text " [default: workstation]" ,
    |                                       ^^^^^^^^

src/Main.hs:129:51: warning: [GHC-68441] [-Wdeprecations]
    In the use of ‘align’ (imported from Text.PrettyPrint.ANSI.Leijen):
    Deprecated: "Compatibility module for users of ansi-wl-pprint - use "Prettyprinter" instead"
    |
129 |                P.text "EDITION = " <> P.lbrace <> P.align (P.fillCat (P.punctuate P.comma (map (P.text . lowerEdition) [(minBound :: FedoraEdition)..maxBound])) <> P.rbrace) <> P.text " [default: workstation]" ,
    |                                                   ^^^^^^^

src/Main.hs:129:60: warning: [GHC-68441] [-Wdeprecations]
    In the use of ‘fillCat’
    (imported from Text.PrettyPrint.ANSI.Leijen):
    Deprecated: "Compatibility module for users of ansi-wl-pprint - use "Prettyprinter" instead"
    |
129 |                P.text "EDITION = " <> P.lbrace <> P.align (P.fillCat (P.punctuate P.comma (map (P.text . lowerEdition) [(minBound :: FedoraEdition)..maxBound])) <> P.rbrace) <> P.text " [default: workstation]" ,
    |                                                            ^^^^^^^^^

src/Main.hs:129:71: warning: [GHC-68441] [-Wdeprecations]
    In the use of ‘punctuate’
    (imported from Text.PrettyPrint.ANSI.Leijen):
    Deprecated: "Compatibility module for users of ansi-wl-pprint - use "Prettyprinter" instead"
    |
129 |                P.text "EDITION = " <> P.lbrace <> P.align (P.fillCat (P.punctuate P.comma (map (P.text . lowerEdition) [(minBound :: FedoraEdition)..maxBound])) <> P.rbrace) <> P.text " [default: workstation]" ,
    |                                                                       ^^^^^^^^^^^

src/Main.hs:129:83: warning: [GHC-68441] [-Wdeprecations]
    In the use of ‘comma’ (imported from Text.PrettyPrint.ANSI.Leijen):
    Deprecated: "Compatibility module for users of ansi-wl-pprint - use "Prettyprinter" instead"
    |
129 |                P.text "EDITION = " <> P.lbrace <> P.align (P.fillCat (P.punctuate P.comma (map (P.text . lowerEdition) [(minBound :: FedoraEdition)..maxBound])) <> P.rbrace) <> P.text " [default: workstation]" ,
    |                                                                                   ^^^^^^^

src/Main.hs:129:97: warning: [GHC-68441] [-Wdeprecations]
    In the use of ‘text’ (imported from Text.PrettyPrint.ANSI.Leijen):
    Deprecated: "Compatibility module for users of ansi-wl-pprint - use "Prettyprinter" instead"
    |
129 |                P.text "EDITION = " <> P.lbrace <> P.align (P.fillCat (P.punctuate P.comma (map (P.text . lowerEdition) [(minBound :: FedoraEdition)..maxBound])) <> P.rbrace) <> P.text " [default: workstation]" ,
    |                                                                                                 ^^^^^^

src/Main.hs:129:165: warning: [GHC-68441] [-Wdeprecations]
    In the use of ‘rbrace’
    (imported from Text.PrettyPrint.ANSI.Leijen):
    Deprecated: "Compatibility module for users of ansi-wl-pprint - use "Prettyprinter" instead"
    |
129 |                P.text "EDITION = " <> P.lbrace <> P.align (P.fillCat (P.punctuate P.comma (map (P.text . lowerEdition) [(minBound :: FedoraEdition)..maxBound])) <> P.rbrace) <> P.text " [default: workstation]" ,
    |                                                                                                                                                                     ^^^^^^^^

src/Main.hs:129:178: warning: [GHC-68441] [-Wdeprecations]
    In the use of ‘text’ (imported from Text.PrettyPrint.ANSI.Leijen):
    Deprecated: "Compatibility module for users of ansi-wl-pprint - use "Prettyprinter" instead"
    |
129 |                P.text "EDITION = " <> P.lbrace <> P.align (P.fillCat (P.punctuate P.comma (map (P.text . lowerEdition) [(minBound :: FedoraEdition)..maxBound])) <> P.rbrace) <> P.text " [default: workstation]" ,
    |                                                                                                                                                                                  ^^^^^^

src/Main.hs:130:16: warning: [GHC-68441] [-Wdeprecations]
    In the use of ‘text’ (imported from Text.PrettyPrint.ANSI.Leijen):
    Deprecated: "Compatibility module for users of ansi-wl-pprint - use "Prettyprinter" instead"
    |
130 |                P.text "",
    |                ^^^^^^

src/Main.hs:131:16: warning: [GHC-68441] [-Wdeprecations]
    In the use of ‘text’ (imported from Text.PrettyPrint.ANSI.Leijen):
    Deprecated: "Compatibility module for users of ansi-wl-pprint - use "Prettyprinter" instead"
    |
131 |                P.text "See <https://github.com/juhp/dl-fedora/#readme>"
    |                ^^^^^^
[4 of 4] Linking /tmp/workdir-dl-fedora/dl-fedora-1.0/dist-newstyle/build/x86_64-linux/ghc-9.6.6/dl-fedora-1.0/x/dl-fedora/build/dl-fedora/dl-fedora
Configuring test suite 'test' for dl-fedora-1.0...
Preprocessing test suite 'test' for dl-fedora-1.0...
Building test suite 'test' for dl-fedora-1.0...
[1 of 1] Compiling Main
[2 of 2] Linking /tmp/workdir-dl-fedora/dl-fedora-1.0/dist-newstyle/build/x86_64-linux/ghc-9.6.6/dl-fedora-1.0/t/test/build/test/test
