Build profile: -w ghc-9.6.6 -O1
In order, the following will be built (use -v for more details):
 - MonadPrompt-1.0.0.5 (lib:MonadPrompt) (first run)
Warning: MonadPrompt.cabal:18:1: Tabs used as indentation at 18:1, 19:1
Configuring MonadPrompt-1.0.0.5...
Preprocessing library for MonadPrompt-1.0.0.5...
Building library for MonadPrompt-1.0.0.5...
[1 of 1] Compiling Control.Monad.Prompt

Control/Monad/Prompt.hs:93:5: warning: [-Wnoncanonical-monad-instances]
    Noncanonical ‘return’ definition detected
    in the instance declaration for ‘Monad (Prompt p)’.
    ‘return’ will eventually be removed in favour of ‘pure’
    Either remove definition for ‘return’ (recommended) or define as ‘return = pure’
    See also: https://gitlab.haskell.org/ghc/ghc/-/wikis/proposal/monad-of-no-return
   |
93 |     return a = Prompt $ \done _   -> done a
   |     ^^^^^^^^^^^^^^^^^^^^^^^^^^^^^^^^^^^^^^^

Control/Monad/Prompt.hs:100:5: warning: [-Wnoncanonical-monad-instances]
    Noncanonical ‘pure = return’ definition detected
    in the instance declaration for ‘Applicative (Prompt p)’.
    Move definition from ‘return’ to ‘pure’
    See also: https://gitlab.haskell.org/ghc/ghc/-/wikis/proposal/monad-of-no-return
    |
100 |     pure  = return
    |     ^^^^^^^^^^^^^^

Control/Monad/Prompt.hs:160:5: warning: [-Wnoncanonical-monad-instances]
    Noncanonical ‘return’ definition detected
    in the instance declaration for ‘Monad (RecPrompt p)’.
    ‘return’ will eventually be removed in favour of ‘pure’
    Either remove definition for ‘return’ (recommended) or define as ‘return = pure’
    See also: https://gitlab.haskell.org/ghc/ghc/-/wikis/proposal/monad-of-no-return
    |
160 |     return  = RecPrompt . return
    |     ^^^^^^^^^^^^^^^^^^^^^^^^^^^^

Control/Monad/Prompt.hs:167:5: warning: [-Wnoncanonical-monad-instances]
    Noncanonical ‘pure = return’ definition detected
    in the instance declaration for ‘Applicative (RecPrompt p)’.
    Move definition from ‘return’ to ‘pure’
    See also: https://gitlab.haskell.org/ghc/ghc/-/wikis/proposal/monad-of-no-return
    |
167 |     pure    = return
    |     ^^^^^^^^^^^^^^^^

Control/Monad/Prompt.hs:205:4: warning: [-Wnoncanonical-monad-instances]
    Noncanonical ‘return’ definition detected
    in the instance declaration for ‘Monad (PromptT p m)’.
    ‘return’ will eventually be removed in favour of ‘pure’
    Either remove definition for ‘return’ (recommended) or define as ‘return = pure’
    See also: https://gitlab.haskell.org/ghc/ghc/-/wikis/proposal/monad-of-no-return
    |
205 |    return  = PromptT . return
    |    ^^^^^^^^^^^^^^^^^^^^^^^^^^

Control/Monad/Prompt.hs:212:4: warning: [-Wnoncanonical-monad-instances]
    Noncanonical ‘pure = return’ definition detected
    in the instance declaration for ‘Applicative (PromptT p m)’.
    Move definition from ‘return’ to ‘pure’
    See also: https://gitlab.haskell.org/ghc/ghc/-/wikis/proposal/monad-of-no-return
    |
212 |    pure    = return
    |    ^^^^^^^^^^^^^^^^

Control/Monad/Prompt.hs:260:4: warning: [-Wnoncanonical-monad-instances]
    Noncanonical ‘return’ definition detected
    in the instance declaration for ‘Monad (RecPromptT p m)’.
    ‘return’ will eventually be removed in favour of ‘pure’
    Either remove definition for ‘return’ (recommended) or define as ‘return = pure’
    See also: https://gitlab.haskell.org/ghc/ghc/-/wikis/proposal/monad-of-no-return
    |
260 |    return  = RecPromptT . return
    |    ^^^^^^^^^^^^^^^^^^^^^^^^^^^^^

Control/Monad/Prompt.hs:267:4: warning: [-Wnoncanonical-monad-instances]
    Noncanonical ‘pure = return’ definition detected
    in the instance declaration for ‘Applicative (RecPromptT p m)’.
    Move definition from ‘return’ to ‘pure’
    See also: https://gitlab.haskell.org/ghc/ghc/-/wikis/proposal/monad-of-no-return
    |
267 |    pure    = return
    |    ^^^^^^^^^^^^^^^^
