Build profile: -w ghc-9.6.6 -O1
In order, the following will be built (use -v for more details):
 - boolsimplifier-0.1.8 (lib:boolsimplifier) (first run)
Warning: boolsimplifier.cabal:27:31: version operators used. To use version
operators the package needs to specify at least 'cabal-version: >= 1.8'.
Warning: boolsimplifier.cabal:26:33: version operators used. To use version
operators the package needs to specify at least 'cabal-version: >= 1.8'.
Configuring boolsimplifier-0.1.8...
Preprocessing library for boolsimplifier-0.1.8...
Building library for boolsimplifier-0.1.8...

Data/BoolSimplifier.hs:39:14: warning: [-Wdeprecated-flags]
    -XOverlappingInstances is deprecated: instead use per-instance pragmas OVERLAPPING/OVERLAPPABLE/OVERLAPS
   |
39 |              OverlappingInstances,
   |              ^^^^^^^^^^^^^^^^^^^^
[1 of 1] Compiling Data.BoolSimplifier

Data/BoolSimplifier.hs:54:1: warning: [-Wunused-imports]
    The import of ‘Data.Monoid’ is redundant
      except perhaps to import instances from ‘Data.Monoid’
    To import instances alone, use: import Data.Monoid()
   |
54 | import Data.Monoid
   | ^^^^^^^^^^^^^^^^^^

Data/BoolSimplifier.hs:57:1: warning: [-Wunused-imports]
    The import of ‘Data.Foldable’ is redundant
      except perhaps to import instances from ‘Data.Foldable’
    To import instances alone, use: import Data.Foldable()
   |
57 | import Data.Foldable (foldMap)
   | ^^^^^^^^^^^^^^^^^^^^^^^^^^^^^^

Data/BoolSimplifier.hs:76:27: warning: [GHC-39567] [-Wstar-is-type]
    Using ‘*’ (or its Unicode variant) to mean ‘Data.Kind.Type’
    relies on the StarIsType extension, which will become
    deprecated in the future.
    Suggested fix: Use ‘Type’ from ‘Data.Kind’ instead.
   |
76 | type family QFlipTyp t :: *
   |                           ^

Data/BoolSimplifier.hs:143:34: warning: [GHC-58520] [-Wtype-equality-requires-operators]
    The use of ‘~’ without TypeOperators
    will become an error in a future GHC release.
    Suggested fix: Perhaps you intended to use TypeOperators
    |
143 |         QFlipTyp (QFlipTyp qtyp) ~ qtyp
    |                                  ^

Data/BoolSimplifier.hs:167:44: warning: [GHC-58520] [-Wtype-equality-requires-operators]
    The use of ‘~’ without TypeOperators
    will become an error in a future GHC release.
    Suggested fix: Perhaps you intended to use TypeOperators
    |
167 |                   QFlipTyp (QFlipTyp qtyp) ~ qtyp
    |                                            ^

Data/BoolSimplifier.hs:192:25: warning: [GHC-58520] [-Wtype-equality-requires-operators]
    The use of ‘~’ without TypeOperators
    will become an error in a future GHC release.
    Suggested fix: Perhaps you intended to use TypeOperators
    |
192 | instance (QFlipTyp fife ~ qtyp) => HasClause fife qtyp
    |                         ^

Data/BoolSimplifier.hs:254:109: warning: [GHC-58520] [-Wtype-equality-requires-operators]
    The use of ‘~’ without TypeOperators
    will become an error in a future GHC release.
    Suggested fix: Perhaps you intended to use TypeOperators
    |
254 | simplifyQueryRep :: (Ord a, Show (QFlipTyp qtyp), Show (QFlipTyp (QFlipTyp qtyp)), QFlipTyp (QFlipTyp qtyp) ~ qtyp) =>
    |                                                                                                             ^

Data/BoolSimplifier.hs:396:72: warning: [GHC-58520] [-Wtype-equality-requires-operators]
    The use of ‘~’ without TypeOperators
    will become an error in a future GHC release.
    Suggested fix: Perhaps you intended to use TypeOperators
    |
396 | simplifyIons :: (Ord a, Show (QFlipTyp qtyp), QFlipTyp (QFlipTyp qtyp) ~ qtyp) => QueryRep qtyp (Ion a) -> QueryRep qtyp (Ion a)
    |                                                                        ^
