Build profile: -w ghc-9.6.6 -O1
In order, the following will be built (use -v for more details):
 - discover-instances-0.1.0.0 (lib) (first run)
 - discover-instances-0.1.0.0 (test:discover-instances-test) (first run)
Configuring library for discover-instances-0.1.0.0...
Preprocessing library for discover-instances-0.1.0.0...
Building library for discover-instances-0.1.0.0...
[1 of 2] Compiling DiscoverInstances

src/DiscoverInstances.hs:82:35: warning: [GHC-88464] [-Wpartial-type-signatures]
    • Found type wildcard ‘_’ standing for ‘k’
      Where: ‘k’ is a rigid type variable bound by
               the inferred type of
                 discoverInstances :: Typeable c => SpliceQ [SomeDict c]
               at src/DiscoverInstances.hs:(83,1)-(91,60)
    • In the kind ‘_ -> Constraint’
      In the type signature:
        discoverInstances :: forall (c :: _ -> Constraint). (Typeable c) =>
                                                            SpliceQ [SomeDict c]
   |
82 | discoverInstances :: forall (c :: _ -> Constraint) . (Typeable c) => SpliceQ [SomeDict c]
   |                                   ^
[2 of 2] Compiling Paths_discover_instances
Configuring test suite 'discover-instances-test' for discover-instances-0.1.0.0...
Preprocessing test suite 'discover-instances-test' for discover-instances-0.1.0.0...
Building test suite 'discover-instances-test' for discover-instances-0.1.0.0...
[1 of 2] Compiling Main
test/Spec.hs:20:13-29: Splicing expression
    discoverInstances
  ======>
    concat
      [[SomeDictOf (Proxy :: Proxy Control.Exception.Handler)],
       [SomeDictOf (Proxy :: Proxy Proxy)],
       [SomeDictOf (Proxy :: Proxy ((,) a_a3CV))],
       [SomeDictOf (Proxy :: Proxy ((,,) a_a3D0 b_a3D1))],
       [SomeDictOf (Proxy :: Proxy ((,,,) a_a3Dc b_a3De c_a3Df))],
       [SomeDictOf (Proxy :: Proxy ((,,,,) a_a3Dr b_a3Ds c_a3Dt d_a3Du))],
       [SomeDictOf
          (Proxy :: Proxy ((,,,,,) a_a3DK b_a3DL c_a3DM d_a3DN e_a3DO))],
       [SomeDictOf
          (Proxy ::
             Proxy ((,,,,,,) a_a3DU b_a3DV c_a3DW d_a3DX e_a3DY f_a3DZ))],
       [SomeDictOf (Proxy :: Proxy ((->) r_a3E6))],
       [SomeDictOf (Proxy :: Proxy IO)], [SomeDictOf (Proxy :: Proxy [])],
       [SomeDictOf (Proxy :: Proxy Maybe)],
       [SomeDictOf (Proxy :: Proxy GHC.Base.NonEmpty)],
       [SomeDictOf (Proxy :: Proxy Solo)],
       [SomeDictOf (Proxy :: Proxy Language.Haskell.TH.Syntax.Q)],
       [SomeDictOf (Proxy :: Proxy Language.Haskell.TH.Syntax.TyVarBndr)],
       []]
test/Spec.hs:17:8-26: Splicing expression
    discoverInstances
  ======>
    concat
      [[SomeDictOf (Proxy :: Proxy Data.Version.Version)],
       [SomeDictOf (Proxy :: Proxy (Proxy s_a3Ls))], [],
       [SomeDictOf (Proxy :: Proxy GHC.Base.Void)],
       [SomeDictOf (Proxy :: Proxy ())], [], [], [], [], [], [], [], [],
       [], [], [], [], [], [], [SomeDictOf (Proxy :: Proxy Bool)],
       [SomeDictOf (Proxy :: Proxy Char)],
       [SomeDictOf (Proxy :: Proxy Double)],
       [SomeDictOf (Proxy :: Proxy Float)],
       [SomeDictOf (Proxy :: Proxy Int)], [],
       [SomeDictOf (Proxy :: Proxy ghc-prim:GHC.Types.Module)],
       [SomeDictOf (Proxy :: Proxy Ordering)], [],
       [SomeDictOf (Proxy :: Proxy ghc-prim:GHC.Types.TrName)],
       [SomeDictOf (Proxy :: Proxy TyCon)],
       [SomeDictOf (Proxy :: Proxy Word)],
       [SomeDictOf (Proxy :: Proxy GHC.IO.MaskingState)],
       [SomeDictOf (Proxy :: Proxy GHC.IO.Exception.ArrayException)],
       [SomeDictOf (Proxy :: Proxy GHC.IO.Exception.AsyncException)],
       [SomeDictOf (Proxy :: Proxy GHC.IO.Exception.ExitCode)],
       [SomeDictOf (Proxy :: Proxy GHC.IO.Exception.IOErrorType)],
       [SomeDictOf (Proxy :: Proxy GHC.IO.Exception.IOException)],
       [SomeDictOf (Proxy :: Proxy Integer)],
       [SomeDictOf (Proxy :: Proxy GHC.Stack.Types.SrcLoc)],
       [SomeDictOf (Proxy :: Proxy GHC.Exception.Type.ArithException)],
       [SomeDictOf
          (Proxy :: Proxy base:Data.Typeable.Internal.SomeTypeRep)],
       [SomeDictOf
          (Proxy :: Proxy (base:Data.Typeable.Internal.TypeRep a_a3S3))],
       [],
       [SomeDictOf (Proxy :: Proxy GHC.IO.Encoding.Types.CodingProgress)],
       [SomeDictOf (Proxy :: Proxy ((:~:) a_a3Sd b_a3Se))],
       [SomeDictOf (Proxy :: Proxy ((:~~:) a_a3Sn b_a3So))],
       [SomeDictOf (Proxy :: Proxy GHC.Fingerprint.Type.Fingerprint)],
       [SomeDictOf (Proxy :: Proxy Language.Haskell.TH.Syntax.AnnLookup)],
       [SomeDictOf (Proxy :: Proxy Language.Haskell.TH.Syntax.AnnTarget)],
       [SomeDictOf (Proxy :: Proxy Language.Haskell.TH.Syntax.Bang)],
       [SomeDictOf (Proxy :: Proxy Language.Haskell.TH.Syntax.Body)],
       [SomeDictOf (Proxy :: Proxy Language.Haskell.TH.Syntax.Bytes)],
       [SomeDictOf (Proxy :: Proxy Language.Haskell.TH.Syntax.Callconv)],
       [SomeDictOf (Proxy :: Proxy Language.Haskell.TH.Syntax.Clause)],
       [SomeDictOf (Proxy :: Proxy Language.Haskell.TH.Syntax.Con)],
       [SomeDictOf (Proxy :: Proxy Language.Haskell.TH.Syntax.Dec)],
       [SomeDictOf
          (Proxy :: Proxy Language.Haskell.TH.Syntax.DecidedStrictness)],
       [SomeDictOf
          (Proxy :: Proxy Language.Haskell.TH.Syntax.DerivClause)],
       [SomeDictOf
          (Proxy :: Proxy Language.Haskell.TH.Syntax.DerivStrategy)],
       [SomeDictOf (Proxy :: Proxy Language.Haskell.TH.Syntax.DocLoc)],
       [SomeDictOf (Proxy :: Proxy Language.Haskell.TH.Syntax.Exp)],
       [SomeDictOf
          (Proxy :: Proxy Language.Haskell.TH.Syntax.FamilyResultSig)],
       [SomeDictOf (Proxy :: Proxy Language.Haskell.TH.Syntax.Fixity)],
       [SomeDictOf
          (Proxy :: Proxy Language.Haskell.TH.Syntax.FixityDirection)],
       [SomeDictOf (Proxy :: Proxy Language.Haskell.TH.Syntax.Foreign)],
       [SomeDictOf (Proxy :: Proxy Language.Haskell.TH.Syntax.FunDep)],
       [SomeDictOf (Proxy :: Proxy Language.Haskell.TH.Syntax.Guard)],
       [SomeDictOf (Proxy :: Proxy Language.Haskell.TH.Syntax.Info)],
       [SomeDictOf
          (Proxy :: Proxy Language.Haskell.TH.Syntax.InjectivityAnn)],
       [SomeDictOf (Proxy :: Proxy Language.Haskell.TH.Syntax.Inline)],
       [SomeDictOf (Proxy :: Proxy Language.Haskell.TH.Syntax.Lit)],
       [SomeDictOf (Proxy :: Proxy Language.Haskell.TH.Syntax.Loc)],
       [SomeDictOf (Proxy :: Proxy Language.Haskell.TH.Syntax.Match)],
       [SomeDictOf (Proxy :: Proxy Language.Haskell.TH.Syntax.ModName)],
       [SomeDictOf (Proxy :: Proxy Language.Haskell.TH.Syntax.Module)],
       [SomeDictOf
          (Proxy :: Proxy Language.Haskell.TH.Syntax.ModuleInfo)],
       [SomeDictOf (Proxy :: Proxy Language.Haskell.TH.Syntax.Name)],
       [SomeDictOf
          (Proxy :: Proxy Language.Haskell.TH.Syntax.NameFlavour)],
       [SomeDictOf (Proxy :: Proxy Language.Haskell.TH.Syntax.NameSpace)],
       [SomeDictOf (Proxy :: Proxy Language.Haskell.TH.Syntax.OccName)],
       [SomeDictOf (Proxy :: Proxy Language.Haskell.TH.Syntax.Overlap)],
       [SomeDictOf (Proxy :: Proxy Language.Haskell.TH.Syntax.Pat)],
       [SomeDictOf
          (Proxy :: Proxy Language.Haskell.TH.Syntax.PatSynArgs)],
       [SomeDictOf (Proxy :: Proxy Language.Haskell.TH.Syntax.PatSynDir)],
       [SomeDictOf (Proxy :: Proxy Language.Haskell.TH.Syntax.Phases)],
       [SomeDictOf (Proxy :: Proxy Language.Haskell.TH.Syntax.PkgName)],
       [SomeDictOf (Proxy :: Proxy Language.Haskell.TH.Syntax.Pragma)],
       [SomeDictOf (Proxy :: Proxy Language.Haskell.TH.Syntax.Range)],
       [SomeDictOf (Proxy :: Proxy Language.Haskell.TH.Syntax.Role)],
       [SomeDictOf (Proxy :: Proxy Language.Haskell.TH.Syntax.RuleBndr)],
       [SomeDictOf (Proxy :: Proxy Language.Haskell.TH.Syntax.RuleMatch)],
       [SomeDictOf (Proxy :: Proxy Language.Haskell.TH.Syntax.Safety)],
       [SomeDictOf
          (Proxy :: Proxy Language.Haskell.TH.Syntax.SourceStrictness)],
       [SomeDictOf
          (Proxy :: Proxy Language.Haskell.TH.Syntax.SourceUnpackedness)],
       [SomeDictOf
          (Proxy :: Proxy Language.Haskell.TH.Syntax.Specificity)],
       [SomeDictOf (Proxy :: Proxy Language.Haskell.TH.Syntax.Stmt)],
       [SomeDictOf (Proxy :: Proxy Language.Haskell.TH.Syntax.TyLit)],
       [SomeDictOf (Proxy :: Proxy Language.Haskell.TH.Syntax.TySynEqn)],
       [], [SomeDictOf (Proxy :: Proxy Language.Haskell.TH.Syntax.Type)],
       [SomeDictOf
          (Proxy :: Proxy Language.Haskell.TH.Syntax.TypeFamilyHead)],
       [SomeDictOf (Proxy :: Proxy GHC.Word.Word16)],
       [SomeDictOf (Proxy :: Proxy GHC.Word.Word32)],
       [SomeDictOf (Proxy :: Proxy GHC.Word.Word64)],
       [SomeDictOf (Proxy :: Proxy GHC.Word.Word8)],
       [SomeDictOf (Proxy :: Proxy GHC.TypeNats.SomeNat)],
       [SomeDictOf (Proxy :: Proxy GHC.Num.Natural.Natural)],
       [SomeDictOf (Proxy :: Proxy GHC.Num.BigNat.BigNat)]]
test/Spec.hs:14:10-34: Splicing expression
    discoverInstances @Show
  ======>
    concat
      [[SomeDictOf (Proxy :: Proxy Data.Version.Version)],
       [SomeDictOf (Proxy :: Proxy (Proxy s_a4sT))],
       [SomeDictOf (Proxy :: Proxy Double)],
       [SomeDictOf (Proxy :: Proxy Float)],
       [SomeDictOf (Proxy :: Proxy GHC.IO.MaskingState)],
       [SomeDictOf (Proxy :: Proxy ())], [], [], [], [], [], [], [], [],
       [], [], [], [], [], [], [SomeDictOf (Proxy :: Proxy Bool)],
       [SomeDictOf (Proxy :: Proxy GHC.Stack.Types.CallStack)],
       [SomeDictOf (Proxy :: Proxy Char)],
       [SomeDictOf (Proxy :: Proxy Int)],
       [SomeDictOf (Proxy :: Proxy Integer)],
       [SomeDictOf (Proxy :: Proxy ghc-prim:GHC.Types.KindRep)],
       [SomeDictOf (Proxy :: Proxy ghc-prim:GHC.Types.Levity)], [], [],
       [SomeDictOf (Proxy :: Proxy ghc-prim:GHC.Types.Module)],
       [SomeDictOf (Proxy :: Proxy GHC.Num.Natural.Natural)], [],
       [SomeDictOf (Proxy :: Proxy Ordering)],
       [SomeDictOf (Proxy :: Proxy ghc-prim:GHC.Types.RuntimeRep)], [],
       [SomeDictOf (Proxy :: Proxy GHC.Stack.Types.SrcLoc)],
       [SomeDictOf (Proxy :: Proxy ghc-prim:GHC.Types.TrName)],
       [SomeDictOf (Proxy :: Proxy TyCon)],
       [SomeDictOf (Proxy :: Proxy ghc-prim:GHC.Types.TypeLitSort)],
       [SomeDictOf (Proxy :: Proxy ghc-prim:GHC.Types.VecCount)],
       [SomeDictOf (Proxy :: Proxy ghc-prim:GHC.Types.VecElem)],
       [SomeDictOf (Proxy :: Proxy GHC.Base.Void)],
       [SomeDictOf (Proxy :: Proxy Word)],
       [SomeDictOf
          (Proxy :: Proxy GHC.IO.Exception.AllocationLimitExceeded)],
       [SomeDictOf (Proxy :: Proxy GHC.IO.Exception.ArrayException)],
       [SomeDictOf (Proxy :: Proxy GHC.IO.Exception.AssertionFailed)],
       [SomeDictOf (Proxy :: Proxy GHC.IO.Exception.AsyncException)],
       [SomeDictOf
          (Proxy :: Proxy GHC.IO.Exception.BlockedIndefinitelyOnMVar)],
       [SomeDictOf
          (Proxy :: Proxy GHC.IO.Exception.BlockedIndefinitelyOnSTM)],
       [SomeDictOf (Proxy :: Proxy GHC.IO.Exception.CompactionFailed)],
       [SomeDictOf (Proxy :: Proxy GHC.IO.Exception.Deadlock)],
       [SomeDictOf (Proxy :: Proxy GHC.IO.Exception.ExitCode)],
       [SomeDictOf (Proxy :: Proxy GHC.IO.Exception.FixIOException)],
       [SomeDictOf (Proxy :: Proxy GHC.IO.Exception.IOErrorType)],
       [SomeDictOf (Proxy :: Proxy GHC.IO.Exception.IOException)],
       [SomeDictOf (Proxy :: Proxy GHC.IO.Exception.SomeAsyncException)],
       [SomeDictOf (Proxy :: Proxy GHC.Exception.Type.ArithException)],
       [SomeDictOf (Proxy :: Proxy GHC.Exception.Type.SomeException)],
       [SomeDictOf
          (Proxy :: Proxy base:Data.Typeable.Internal.SomeTypeRep)],
       [SomeDictOf
          (Proxy :: Proxy (base:Data.Typeable.Internal.TypeRep a_a4zG))],
       [SomeDictOf (Proxy :: Proxy GHC.IO.Encoding.Types.CodingProgress)],
       [SomeDictOf (Proxy :: Proxy GHC.IO.Encoding.Types.TextEncoding)],
       [SomeDictOf (Proxy :: Proxy ((:~:) a_a4zK b_a4zL))],
       [SomeDictOf (Proxy :: Proxy ((:~~:) a_a4zR b_a4zS))],
       [SomeDictOf (Proxy :: Proxy GHC.Fingerprint.Type.Fingerprint)],
       [SomeDictOf (Proxy :: Proxy Language.Haskell.TH.Syntax.AnnLookup)],
       [SomeDictOf (Proxy :: Proxy Language.Haskell.TH.Syntax.AnnTarget)],
       [SomeDictOf (Proxy :: Proxy Language.Haskell.TH.Syntax.Bang)],
       [SomeDictOf (Proxy :: Proxy Language.Haskell.TH.Syntax.Body)],
       [SomeDictOf (Proxy :: Proxy Language.Haskell.TH.Syntax.Bytes)],
       [SomeDictOf (Proxy :: Proxy Language.Haskell.TH.Syntax.Callconv)],
       [SomeDictOf (Proxy :: Proxy Language.Haskell.TH.Syntax.Clause)],
       [SomeDictOf (Proxy :: Proxy Language.Haskell.TH.Syntax.Con)],
       [SomeDictOf (Proxy :: Proxy Language.Haskell.TH.Syntax.Dec)],
       [SomeDictOf
          (Proxy :: Proxy Language.Haskell.TH.Syntax.DecidedStrictness)],
       [SomeDictOf
          (Proxy :: Proxy Language.Haskell.TH.Syntax.DerivClause)],
       [SomeDictOf
          (Proxy :: Proxy Language.Haskell.TH.Syntax.DerivStrategy)],
       [SomeDictOf (Proxy :: Proxy Language.Haskell.TH.Syntax.DocLoc)],
       [SomeDictOf (Proxy :: Proxy Language.Haskell.TH.Syntax.Exp)],
       [SomeDictOf
          (Proxy :: Proxy Language.Haskell.TH.Syntax.FamilyResultSig)],
       [SomeDictOf (Proxy :: Proxy Language.Haskell.TH.Syntax.Fixity)],
       [SomeDictOf
          (Proxy :: Proxy Language.Haskell.TH.Syntax.FixityDirection)],
       [SomeDictOf (Proxy :: Proxy Language.Haskell.TH.Syntax.Foreign)],
       [SomeDictOf (Proxy :: Proxy Language.Haskell.TH.Syntax.FunDep)],
       [SomeDictOf (Proxy :: Proxy Language.Haskell.TH.Syntax.Guard)],
       [SomeDictOf (Proxy :: Proxy Language.Haskell.TH.Syntax.Info)],
       [SomeDictOf
          (Proxy :: Proxy Language.Haskell.TH.Syntax.InjectivityAnn)],
       [SomeDictOf (Proxy :: Proxy Language.Haskell.TH.Syntax.Inline)],
       [SomeDictOf (Proxy :: Proxy Language.Haskell.TH.Syntax.Lit)],
       [SomeDictOf (Proxy :: Proxy Language.Haskell.TH.Syntax.Loc)],
       [SomeDictOf (Proxy :: Proxy Language.Haskell.TH.Syntax.Match)],
       [SomeDictOf (Proxy :: Proxy Language.Haskell.TH.Syntax.ModName)],
       [SomeDictOf (Proxy :: Proxy Language.Haskell.TH.Syntax.Module)],
       [SomeDictOf
          (Proxy :: Proxy Language.Haskell.TH.Syntax.ModuleInfo)],
       [SomeDictOf (Proxy :: Proxy Language.Haskell.TH.Syntax.Name)],
       [SomeDictOf
          (Proxy :: Proxy Language.Haskell.TH.Syntax.NameFlavour)],
       [SomeDictOf (Proxy :: Proxy Language.Haskell.TH.Syntax.NameSpace)],
       [SomeDictOf (Proxy :: Proxy Language.Haskell.TH.Syntax.OccName)],
       [SomeDictOf (Proxy :: Proxy Language.Haskell.TH.Syntax.Overlap)],
       [SomeDictOf (Proxy :: Proxy Language.Haskell.TH.Syntax.Pat)],
       [SomeDictOf
          (Proxy :: Proxy Language.Haskell.TH.Syntax.PatSynArgs)],
       [SomeDictOf (Proxy :: Proxy Language.Haskell.TH.Syntax.PatSynDir)],
       [SomeDictOf (Proxy :: Proxy Language.Haskell.TH.Syntax.Phases)],
       [SomeDictOf (Proxy :: Proxy Language.Haskell.TH.Syntax.PkgName)],
       [SomeDictOf (Proxy :: Proxy Language.Haskell.TH.Syntax.Pragma)],
       [SomeDictOf (Proxy :: Proxy Language.Haskell.TH.Syntax.Range)],
       [SomeDictOf (Proxy :: Proxy Language.Haskell.TH.Syntax.Role)],
       [SomeDictOf (Proxy :: Proxy Language.Haskell.TH.Syntax.RuleBndr)],
       [SomeDictOf (Proxy :: Proxy Language.Haskell.TH.Syntax.RuleMatch)],
       [SomeDictOf (Proxy :: Proxy Language.Haskell.TH.Syntax.Safety)],
       [SomeDictOf
          (Proxy :: Proxy Language.Haskell.TH.Syntax.SourceStrictness)],
       [SomeDictOf
          (Proxy :: Proxy Language.Haskell.TH.Syntax.SourceUnpackedness)],
       [SomeDictOf
          (Proxy :: Proxy Language.Haskell.TH.Syntax.Specificity)],
       [SomeDictOf (Proxy :: Proxy Language.Haskell.TH.Syntax.Stmt)],
       [SomeDictOf (Proxy :: Proxy Language.Haskell.TH.Syntax.TyLit)],
       [SomeDictOf (Proxy :: Proxy Language.Haskell.TH.Syntax.TySynEqn)],
       [], [SomeDictOf (Proxy :: Proxy Language.Haskell.TH.Syntax.Type)],
       [SomeDictOf
          (Proxy :: Proxy Language.Haskell.TH.Syntax.TypeFamilyHead)],
       [SomeDictOf (Proxy :: Proxy GHC.Word.Word16)],
       [SomeDictOf (Proxy :: Proxy GHC.Word.Word32)],
       [SomeDictOf (Proxy :: Proxy GHC.Word.Word64)],
       [SomeDictOf (Proxy :: Proxy GHC.Word.Word8)],
       [SomeDictOf (Proxy :: Proxy (GHC.TypeNats.SNat n_a4Az))],
       [SomeDictOf (Proxy :: Proxy GHC.TypeNats.SomeNat)]]
[2 of 2] Compiling Paths_discover_instances
[3 of 3] Linking /tmp/workdir-discover-instances/discover-instances-0.1.0.0/dist-newstyle/build/x86_64-linux/ghc-9.6.6/discover-instances-0.1.0.0/t/discover-instances-test/build/discover-instances-test/discover-instances-test
