Build profile: -w ghc-9.6.6 -O1
In order, the following will be built (use -v for more details):
 - amazonka-cloudsearch-domains-2.0 (lib) (first run)
 - amazonka-cloudsearch-domains-2.0 (test:amazonka-cloudsearch-domains-test) (first run)
Configuring library for amazonka-cloudsearch-domains-2.0...
Preprocessing library for amazonka-cloudsearch-domains-2.0...
Building library for amazonka-cloudsearch-domains-2.0...
[ 1 of 19] Compiling Amazonka.CloudSearchDomains.Types.Bucket
[ 2 of 19] Compiling Amazonka.CloudSearchDomains.Types.BucketInfo
[ 3 of 19] Compiling Amazonka.CloudSearchDomains.Types.ContentType
[ 4 of 19] Compiling Amazonka.CloudSearchDomains.Types.DocumentServiceWarning
[ 5 of 19] Compiling Amazonka.CloudSearchDomains.Types.FieldStats
[ 6 of 19] Compiling Amazonka.CloudSearchDomains.Types.Hit
[ 7 of 19] Compiling Amazonka.CloudSearchDomains.Types.Hits
[ 8 of 19] Compiling Amazonka.CloudSearchDomains.Types.QueryParser
[ 9 of 19] Compiling Amazonka.CloudSearchDomains.Types.SearchStatus
[10 of 19] Compiling Amazonka.CloudSearchDomains.Types.SuggestStatus
[11 of 19] Compiling Amazonka.CloudSearchDomains.Types.SuggestionMatch
[12 of 19] Compiling Amazonka.CloudSearchDomains.Types.SuggestModel
[13 of 19] Compiling Amazonka.CloudSearchDomains.Types
[14 of 19] Compiling Amazonka.CloudSearchDomains.Suggest

gen/Amazonka/CloudSearchDomains/Suggest.hs:116:80: warning: [GHC-02256] [-Wambiguous-fields]
    The record update s {query = a} with type Suggest is ambiguous.
    This will not be supported by -XDuplicateRecordFields in future releases of GHC.
    |
116 | suggest_query = Lens.lens (\Suggest' {query} -> query) (\s@Suggest' {} a -> s {query = a} :: Suggest)
    |                                                                                ^^^^^^^^^
[15 of 19] Compiling Amazonka.CloudSearchDomains.Search

gen/Amazonka/CloudSearchDomains/Search.hs:773:80: warning: [GHC-02256] [-Wambiguous-fields]
    The record update s {cursor = a} with type Search is ambiguous.
    This will not be supported by -XDuplicateRecordFields in future releases of GHC.
    |
773 | search_cursor = Lens.lens (\Search' {cursor} -> cursor) (\s@Search' {} a -> s {cursor = a} :: Search)
    |                                                                                ^^^^^^^^^^

gen/Amazonka/CloudSearchDomains/Search.hs:1083:77: warning: [GHC-02256] [-Wambiguous-fields]
    The record update s {start = a} with type Search is ambiguous.
    This will not be supported by -XDuplicateRecordFields in future releases of GHC.
     |
1083 | search_start = Lens.lens (\Search' {start} -> start) (\s@Search' {} a -> s {start = a} :: Search)
     |                                                                             ^^^^^^^^^

gen/Amazonka/CloudSearchDomains/Search.hs:1093:77: warning: [GHC-02256] [-Wambiguous-fields]
    The record update s {stats = a} with type Search is ambiguous.
    This will not be supported by -XDuplicateRecordFields in future releases of GHC.
     |
1093 | search_stats = Lens.lens (\Search' {stats} -> stats) (\s@Search' {} a -> s {stats = a} :: Search)
     |                                                                             ^^^^^^^^^

gen/Amazonka/CloudSearchDomains/Search.hs:1106:77: warning: [GHC-02256] [-Wambiguous-fields]
    The record update s {query = a} with type Search is ambiguous.
    This will not be supported by -XDuplicateRecordFields in future releases of GHC.
     |
1106 | search_query = Lens.lens (\Search' {query} -> query) (\s@Search' {} a -> s {query = a} :: Search)
     |                                                                             ^^^^^^^^^

gen/Amazonka/CloudSearchDomains/Search.hs:1251:101: warning: [GHC-02256] [-Wambiguous-fields]
    The record update s {stats = a} with type SearchResponse is ambiguous.
    This will not be supported by -XDuplicateRecordFields in future releases of GHC.
     |
1251 | searchResponse_stats = Lens.lens (\SearchResponse' {stats} -> stats) (\s@SearchResponse' {} a -> s {stats = a} :: SearchResponse) Prelude.. Lens.mapping Lens.coerced
     |                                                                                                     ^^^^^^^^^
[16 of 19] Compiling Amazonka.CloudSearchDomains.UploadDocuments
[17 of 19] Compiling Amazonka.CloudSearchDomains.Lens
[18 of 19] Compiling Amazonka.CloudSearchDomains.Waiters
[19 of 19] Compiling Amazonka.CloudSearchDomains
Configuring test suite 'amazonka-cloudsearch-domains-test' for amazonka-cloudsearch-domains-2.0...
Preprocessing test suite 'amazonka-cloudsearch-domains-test' for amazonka-cloudsearch-domains-2.0...
Building test suite 'amazonka-cloudsearch-domains-test' for amazonka-cloudsearch-domains-2.0...
[1 of 4] Compiling Test.Amazonka.CloudSearchDomains
[2 of 4] Compiling Test.Amazonka.CloudSearchDomains.Internal
[3 of 4] Compiling Main
[4 of 4] Compiling Test.Amazonka.Gen.CloudSearchDomains
[5 of 5] Linking /tmp/workdir-amazonka-cloudsearch-domains/amazonka-cloudsearch-domains-2.0/dist-newstyle/build/x86_64-linux/ghc-9.6.6/amazonka-cloudsearch-domains-2.0/t/amazonka-cloudsearch-domains-test/build/amazonka-cloudsearch-domains-test/amazonka-cloudsearch-domains-test
