Build profile: -w ghc-9.6.6 -O1
In order, the following will be built (use -v for more details):
 - gi-cairo-1.0.30 (lib:gi-cairo) (first run)
[1 of 2] Compiling Main             ( /tmp/workdir-gi-cairo/gi-cairo-1.0.30/dist-newstyle/build/x86_64-linux/ghc-9.6.6/gi-cairo-1.0.30/setup/setup.hs, /tmp/workdir-gi-cairo/gi-cairo-1.0.30/dist-newstyle/build/x86_64-linux/ghc-9.6.6/gi-cairo-1.0.30/setup/Main.o )
[2 of 2] Linking /tmp/workdir-gi-cairo/gi-cairo-1.0.30/dist-newstyle/build/x86_64-linux/ghc-9.6.6/gi-cairo-1.0.30/setup/setup
Configuring gi-cairo-1.0.30...
Preprocessing library for gi-cairo-1.0.30..
Building library for gi-cairo-1.0.30..
[ 1 of 30] Compiling GI.Cairo.Config
[ 2 of 30] Compiling GI.Cairo.Enums[boot]
[ 3 of 30] Compiling GI.Cairo.Enums
[ 4 of 30] Compiling GI.Cairo.Functions
[ 5 of 30] Compiling GI.Cairo.Structs.Context[boot]
[ 6 of 30] Compiling GI.Cairo.Structs.Context
[ 7 of 30] Compiling GI.Cairo.Structs.Device[boot]
[ 8 of 30] Compiling GI.Cairo.Structs.Device
[ 9 of 30] Compiling GI.Cairo.Structs.FontFace[boot]
[10 of 30] Compiling GI.Cairo.Structs.FontFace
[11 of 30] Compiling GI.Cairo.Structs.FontOptions[boot]
[12 of 30] Compiling GI.Cairo.Structs.FontOptions
[13 of 30] Compiling GI.Cairo.Structs.Matrix[boot]
[14 of 30] Compiling GI.Cairo.Structs.Matrix
[15 of 30] Compiling GI.Cairo.Structs.Path[boot]
[16 of 30] Compiling GI.Cairo.Structs.Path
[17 of 30] Compiling GI.Cairo.Structs.Pattern[boot]
[18 of 30] Compiling GI.Cairo.Structs.Pattern
[19 of 30] Compiling GI.Cairo.Structs.Rectangle[boot]
[20 of 30] Compiling GI.Cairo.Structs.Rectangle
[21 of 30] Compiling GI.Cairo.Structs.RectangleInt[boot]
[22 of 30] Compiling GI.Cairo.Structs.RectangleInt
[23 of 30] Compiling GI.Cairo.Structs.Region[boot]
[24 of 30] Compiling GI.Cairo.Structs.Region
[25 of 30] Compiling GI.Cairo.Structs.ScaledFont[boot]
[26 of 30] Compiling GI.Cairo.Structs.ScaledFont
[27 of 30] Compiling GI.Cairo.Structs.Surface[boot]
[28 of 30] Compiling GI.Cairo.Structs.Surface
[29 of 30] Compiling GI.Cairo.Structs
[30 of 30] Compiling GI.Cairo
