Build profile: -w ghc-9.6.6 -O1
In order, the following will be built (use -v for more details):
 - amazonka-marketplace-metering-2.0 (lib) (first run)
 - amazonka-marketplace-metering-2.0 (test:amazonka-marketplace-metering-test) (first run)
Configuring library for amazonka-marketplace-metering-2.0...
Preprocessing library for amazonka-marketplace-metering-2.0...
Building library for amazonka-marketplace-metering-2.0...
[ 1 of 13] Compiling Amazonka.MarketplaceMetering.Types.Tag
[ 2 of 13] Compiling Amazonka.MarketplaceMetering.Types.UsageAllocation
[ 3 of 13] Compiling Amazonka.MarketplaceMetering.Types.UsageRecord
[ 4 of 13] Compiling Amazonka.MarketplaceMetering.Types.UsageRecordResultStatus
[ 5 of 13] Compiling Amazonka.MarketplaceMetering.Types.UsageRecordResult
[ 6 of 13] Compiling Amazonka.MarketplaceMetering.Types
[ 7 of 13] Compiling Amazonka.MarketplaceMetering.ResolveCustomer

gen/Amazonka/MarketplaceMetering/ResolveCustomer.hs:223:167: warning: [GHC-02256] [-Wambiguous-fields]
    The record update s {customerIdentifier = a} with type ResolveCustomerResponse is ambiguous.
    This will not be supported by -XDuplicateRecordFields in future releases of GHC.
    |
223 | resolveCustomerResponse_customerIdentifier = Lens.lens (\ResolveCustomerResponse' {customerIdentifier} -> customerIdentifier) (\s@ResolveCustomerResponse' {} a -> s {customerIdentifier = a} :: ResolveCustomerResponse)
    |                                                                                                                                                                       ^^^^^^^^^^^^^^^^^^^^^^
[ 8 of 13] Compiling Amazonka.MarketplaceMetering.RegisterUsage
[ 9 of 13] Compiling Amazonka.MarketplaceMetering.MeterUsage

gen/Amazonka/MarketplaceMetering/MeterUsage.hs:161:122: warning: [GHC-02256] [-Wambiguous-fields]
    The record update s {usageAllocations = a} with type MeterUsage is ambiguous.
    This will not be supported by -XDuplicateRecordFields in future releases of GHC.
    |
161 | meterUsage_usageAllocations = Lens.lens (\MeterUsage' {usageAllocations} -> usageAllocations) (\s@MeterUsage' {} a -> s {usageAllocations = a} :: MeterUsage) Prelude.. Lens.mapping Lens.coerced
    |                                                                                                                          ^^^^^^^^^^^^^^^^^^^^

gen/Amazonka/MarketplaceMetering/MeterUsage.hs:177:101: warning: [GHC-02256] [-Wambiguous-fields]
    The record update s {timestamp = a} with type MeterUsage is ambiguous.
    This will not be supported by -XDuplicateRecordFields in future releases of GHC.
    |
177 | meterUsage_timestamp = Lens.lens (\MeterUsage' {timestamp} -> timestamp) (\s@MeterUsage' {} a -> s {timestamp = a} :: MeterUsage) Prelude.. Data._Time
    |                                                                                                     ^^^^^^^^^^^^^

gen/Amazonka/MarketplaceMetering/MeterUsage.hs:284:146: warning: [GHC-02256] [-Wambiguous-fields]
    The record update s {meteringRecordId = a} with type MeterUsageResponse is ambiguous.
    This will not be supported by -XDuplicateRecordFields in future releases of GHC.
    |
284 | meterUsageResponse_meteringRecordId = Lens.lens (\MeterUsageResponse' {meteringRecordId} -> meteringRecordId) (\s@MeterUsageResponse' {} a -> s {meteringRecordId = a} :: MeterUsageResponse)
    |                                                                                                                                                  ^^^^^^^^^^^^^^^^^^^^
[10 of 13] Compiling Amazonka.MarketplaceMetering.BatchMeterUsage
[11 of 13] Compiling Amazonka.MarketplaceMetering.Lens
[12 of 13] Compiling Amazonka.MarketplaceMetering.Waiters
[13 of 13] Compiling Amazonka.MarketplaceMetering
Configuring test suite 'amazonka-marketplace-metering-test' for amazonka-marketplace-metering-2.0...
Preprocessing test suite 'amazonka-marketplace-metering-test' for amazonka-marketplace-metering-2.0...
Building test suite 'amazonka-marketplace-metering-test' for amazonka-marketplace-metering-2.0...
[1 of 4] Compiling Test.Amazonka.MarketplaceMetering
[2 of 4] Compiling Test.Amazonka.MarketplaceMetering.Internal
[3 of 4] Compiling Test.Amazonka.Gen.MarketplaceMetering
[4 of 4] Compiling Main
[5 of 5] Linking /tmp/workdir-amazonka-marketplace-metering/amazonka-marketplace-metering-2.0/dist-newstyle/build/x86_64-linux/ghc-9.6.6/amazonka-marketplace-metering-2.0/t/amazonka-marketplace-metering-test/build/amazonka-marketplace-metering-test/amazonka-marketplace-metering-test
