Build profile: -w ghc-9.6.6 -O1
In order, the following will be built (use -v for more details):
 - barbies-2.0.5.0 (lib) (first run)
 - barbies-2.0.5.0 (test:barbies-test-legacy) (first run)
 - barbies-2.0.5.0 (test:barbies-test) (first run)
Configuring library for barbies-2.0.5.0...
Preprocessing library for barbies-2.0.5.0...
Building library for barbies-2.0.5.0...
[ 1 of 38] Compiling Barbies.Internal.Dicts
[ 2 of 38] Compiling Barbies.Internal.Writer
[ 3 of 38] Compiling Data.Functor.Prod
[ 4 of 38] Compiling Data.Generics.GenericN
[ 5 of 38] Compiling Barbies.Internal.Wear
[ 6 of 38] Compiling Barbies.Generics.Traversable
[ 7 of 38] Compiling Barbies.Generics.Functor
[ 8 of 38] Compiling Barbies.Internal.FunctorT
[ 9 of 38] Compiling Barbies.Internal.TraversableT
[10 of 38] Compiling Barbies.Internal.MonadT
[11 of 38] Compiling Barbies.Internal.FunctorB
[12 of 38] Compiling Barbies.Internal.TraversableB
[13 of 38] Compiling Barbies.Generics.Distributive
[14 of 38] Compiling Barbies.Internal.DistributiveT
[15 of 38] Compiling Barbies.Internal.DistributiveB
[16 of 38] Compiling Barbies.Generics.Constraints
[17 of 38] Compiling Barbies.Generics.Bare
[18 of 38] Compiling Barbies.Internal.BareB
[19 of 38] Compiling Barbies.Bare
[20 of 38] Compiling Data.Barbie.Bare
[21 of 38] Compiling Barbies.Generics.Applicative
[22 of 38] Compiling Barbies.Internal.ApplicativeT
[23 of 38] Compiling Barbies.Internal.ConstraintsT
[24 of 38] Compiling Data.Functor.Transformer
[25 of 38] Compiling Barbies.Internal.ApplicativeB
[26 of 38] Compiling Barbies.Internal.ConstraintsB
[27 of 38] Compiling Data.Functor.Barbie
[28 of 38] Compiling Barbies.Internal.Containers
[29 of 38] Compiling Barbies.Internal.Wrappers
[30 of 38] Compiling Barbies.Internal.Trivial
[31 of 38] Compiling Data.Barbie.Internal.Product
[32 of 38] Compiling Data.Barbie.Internal.ProductC
[33 of 38] Compiling Data.Barbie.Constraints
[34 of 38] Compiling Data.Barbie
[35 of 38] Compiling Barbies.Bi
[36 of 38] Compiling Barbies
[37 of 38] Compiling Barbies.Constraints
[38 of 38] Compiling Barbies.Internal
Configuring test suite 'barbies-test-legacy' for barbies-2.0.5.0...
Preprocessing test suite 'barbies-test-legacy' for barbies-2.0.5.0...
Building test suite 'barbies-test-legacy' for barbies-2.0.5.0...
[ 1 of 10] Compiling Legacy.Clothes
[ 2 of 10] Compiling Legacy.Spec.Bare
[ 3 of 10] Compiling Legacy.Spec.Constraints
[ 4 of 10] Compiling Legacy.Spec.Functor
[ 5 of 10] Compiling Legacy.Spec.Product
[ 6 of 10] Compiling Legacy.Spec.Traversable
[ 7 of 10] Compiling Legacy.Spec.Wrapper
[ 8 of 10] Compiling Legacy.TestBarbies
[ 9 of 10] Compiling Legacy.TestBarbiesW
[10 of 10] Compiling Main
[11 of 11] Linking /tmp/workdir-barbies/barbies-2.0.5.0/dist-newstyle/build/x86_64-linux/ghc-9.6.6/barbies-2.0.5.0/t/barbies-test-legacy/build/barbies-test-legacy/barbies-test-legacy
Configuring test suite 'barbies-test' for barbies-2.0.5.0...
Preprocessing test suite 'barbies-test' for barbies-2.0.5.0...
Building test suite 'barbies-test' for barbies-2.0.5.0...
[ 1 of 12] Compiling Clothes
[ 2 of 12] Compiling Spec.Applicative
[ 3 of 12] Compiling Spec.Bare
[ 4 of 12] Compiling Spec.Constraints
[ 5 of 12] Compiling Spec.Distributive
[ 6 of 12] Compiling Spec.Functor
[ 7 of 12] Compiling Spec.Traversable
[ 8 of 12] Compiling Spec.Wrapper
[ 9 of 12] Compiling TestBarbies
[10 of 12] Compiling TestBarbiesW
[11 of 12] Compiling TestBiBarbies
[12 of 12] Compiling Main

test/Spec.hs:18:1: warning: [-Wunused-imports]
    The import of ‘Control.Applicative’ is redundant
      except perhaps to import instances from ‘Control.Applicative’
    To import instances alone, use: import Control.Applicative()
   |
18 | import Control.Applicative ( liftA2 )
   | ^^^^^^^^^^^^^^^^^^^^^^^^^^^^^^^^^^^^^
[13 of 13] Linking /tmp/workdir-barbies/barbies-2.0.5.0/dist-newstyle/build/x86_64-linux/ghc-9.6.6/barbies-2.0.5.0/t/barbies-test/build/barbies-test/barbies-test
