Build profile: -w ghc-9.6.6 -O1
In order, the following will be built (use -v for more details):
 - pfile-0.1.0.1 (lib) (first run)
 - pfile-0.1.0.1 (test:pfile-test) (first run)
 - pfile-0.1.0.1 (exe:pfile) (first run)
Configuring library for pfile-0.1.0.1...
Preprocessing library for pfile-0.1.0.1...
Building library for pfile-0.1.0.1...
[ 1 of 30] Compiling PFile.Aeson
[ 2 of 30] Compiling PFile.CLI.List
[ 3 of 30] Compiling PFile.CLI.Unpack
[ 4 of 30] Compiling PFile.CLI.Which
[ 5 of 30] Compiling PFile.Error
[ 6 of 30] Compiling PFile.Path
[ 7 of 30] Compiling PFile.Env
[ 8 of 30] Compiling PFile.Log
[ 9 of 30] Compiling PFile.Profile.LinkHandling
[10 of 30] Compiling PFile.Mount
[11 of 30] Compiling PFile.Profile.Internal.Profile
[12 of 30] Compiling PFile.Profile.Internal.Serialization
[13 of 30] Compiling PFile.Profile.Internal.Registry
[14 of 30] Compiling PFile.Profile.Internal.List
[15 of 30] Compiling PFile.Profile.Internal.Current
[16 of 30] Compiling PFile.Profile.Internal.Lifetime
[17 of 30] Compiling PFile.CLI.New
[18 of 30] Compiling PFile.TrashCan
[19 of 30] Compiling PFile.Profile.Internal.Switch
[20 of 30] Compiling PFile.Profile
[21 of 30] Compiling PFile.Main.Which
[22 of 30] Compiling PFile.Main.Unpack
[23 of 30] Compiling PFile.Main.New
[24 of 30] Compiling PFile.Main.List
[25 of 30] Compiling PFile.Completion
[26 of 30] Compiling PFile.CLI.Switch
[27 of 30] Compiling PFile.Main.Switch
[28 of 30] Compiling PFile.CLI
[29 of 30] Compiling PFile.Main
[30 of 30] Compiling Paths_pfile
Configuring test suite 'pfile-test' for pfile-0.1.0.1...
Preprocessing test suite 'pfile-test' for pfile-0.1.0.1...
Building test suite 'pfile-test' for pfile-0.1.0.1...
[ 1 of 10] Compiling PFile.Path.Tests.Env
[ 2 of 10] Compiling PFile.Path.Tests
[ 3 of 10] Compiling PFile.Profile.LinkHandling.Tests.Env
[ 4 of 10] Compiling PFile.Mount.Tests.Env
[ 5 of 10] Compiling PFile.Tests.Env
[ 6 of 10] Compiling PFile.Mount.Tests
[ 7 of 10] Compiling PFile.TrashCan.Tests.Env
[ 8 of 10] Compiling PFile.TrashCan.Tests
[ 9 of 10] Compiling Main
[10 of 10] Compiling Paths_pfile
[11 of 11] Linking /tmp/workdir-pfile/pfile-0.1.0.1/dist-newstyle/build/x86_64-linux/ghc-9.6.6/pfile-0.1.0.1/t/pfile-test/build/pfile-test/pfile-test
Configuring executable 'pfile' for pfile-0.1.0.1...
Preprocessing executable 'pfile' for pfile-0.1.0.1...
Building executable 'pfile' for pfile-0.1.0.1...
[1 of 2] Compiling Main
[2 of 2] Compiling Paths_pfile
[3 of 3] Linking /tmp/workdir-pfile/pfile-0.1.0.1/dist-newstyle/build/x86_64-linux/ghc-9.6.6/pfile-0.1.0.1/x/pfile/build/pfile/pfile
