Build profile: -w ghc-9.6.6 -O1
In order, the following will be built (use -v for more details):
 - blaze-svg-0.3.7 (lib) (first run)
Configuring library for blaze-svg-0.3.7...
Preprocessing library for blaze-svg-0.3.7...
Building library for blaze-svg-0.3.7...
[1 of 8] Compiling Text.Blaze.Svg.Internal

src/Text/Blaze/Svg/Internal.hs:5:1: warning: [-Wunused-imports]
    The import of ‘Data.Monoid’ is redundant
      except perhaps to import instances from ‘Data.Monoid’
    To import instances alone, use: import Data.Monoid()
  |
5 | import           Data.Monoid         (mappend, mempty)
  | ^^^^^^^^^^^^^^^^^^^^^^^^^^^^^^^^^^^^^^^^^^^^^^^^^^^^^^
[2 of 8] Compiling Text.Blaze.Svg
[3 of 8] Compiling Text.Blaze.Svg.Renderer.Pretty
[4 of 8] Compiling Text.Blaze.Svg.Renderer.String
[5 of 8] Compiling Text.Blaze.Svg.Renderer.Text
[6 of 8] Compiling Text.Blaze.Svg.Renderer.Utf8
[7 of 8] Compiling Text.Blaze.Svg11
[8 of 8] Compiling Text.Blaze.Svg11.Attributes
