Build profile: -w ghc-9.6.6 -O1
In order, the following will be built (use -v for more details):
 - text-rope-0.2 (lib) (first run)
 - text-rope-0.2 (test:text-rope-tests) (first run)
Configuring library for text-rope-0.2...
Preprocessing library for text-rope-0.2...
Building library for text-rope-0.2...
[1 of 6] Compiling Data.Text.Lines.Internal
[2 of 6] Compiling Data.Text.Lines
[3 of 6] Compiling Data.Text.Rope
[4 of 6] Compiling Data.Text.Utf16.Lines
[5 of 6] Compiling Data.Text.Utf16.Rope
[6 of 6] Compiling Data.Text.Utf16.Rope.Mixed
Configuring test suite 'text-rope-tests' for text-rope-0.2...
Preprocessing test suite 'text-rope-tests' for text-rope-0.2...
Building test suite 'text-rope-tests' for text-rope-0.2...
[1 of 7] Compiling Utils
[2 of 7] Compiling Utf16Rope
[3 of 7] Compiling Utf16Lines
[4 of 7] Compiling MixedRope
[5 of 7] Compiling CharRope
[6 of 7] Compiling CharLines
[7 of 7] Compiling Main
[8 of 8] Linking /tmp/workdir-text-rope/text-rope-0.2/dist-newstyle/build/x86_64-linux/ghc-9.6.6/text-rope-0.2/t/text-rope-tests/build/text-rope-tests/text-rope-tests
