Build profile: -w ghc-9.6.6 -O1
In order, the following will be built (use -v for more details):
 - aws-sns-verify-0.0.0.3 (lib) (first run)
 - aws-sns-verify-0.0.0.3 (test:aws-sns-verify-test) (first run)
Configuring library for aws-sns-verify-0.0.0.3...
Preprocessing library for aws-sns-verify-0.0.0.3...
Building library for aws-sns-verify-0.0.0.3...
[1 of 5] Compiling Amazon.SNS.Verify.Prelude
[2 of 5] Compiling Amazon.SNS.Verify.Payload
[3 of 5] Compiling Amazon.SNS.Verify.ValidURI
[4 of 5] Compiling Amazon.SNS.Verify.Validate
[5 of 5] Compiling Amazon.SNS.Verify
Configuring test suite 'aws-sns-verify-test' for aws-sns-verify-0.0.0.3...
Preprocessing test suite 'aws-sns-verify-test' for aws-sns-verify-0.0.0.3...
Building test suite 'aws-sns-verify-test' for aws-sns-verify-0.0.0.3...
[1 of 6] Compiling Amazon.SNS.Verify.TestPrelude
[2 of 6] Compiling Amazon.SNS.Verify.ValidURISpec
[3 of 6] Compiling Amazon.SNS.Verify.ValidateSpec
[4 of 6] Compiling Amazon.SNS.VerifySpec
[5 of 6] Compiling Main
[6 of 6] Compiling Paths_aws_sns_verify
[7 of 7] Linking /tmp/workdir-aws-sns-verify/aws-sns-verify-0.0.0.3/dist-newstyle/build/x86_64-linux/ghc-9.6.6/aws-sns-verify-0.0.0.3/t/aws-sns-verify-test/build/aws-sns-verify-test/aws-sns-verify-test
