Build profile: -w ghc-9.6.6 -O1
In order, the following will be built (use -v for more details):
 - yesod-auth-basic-0.1.0.3 (lib) (first run)
 - yesod-auth-basic-0.1.0.3 (test:spec) (first run)
Configuring library for yesod-auth-basic-0.1.0.3...
Preprocessing library for yesod-auth-basic-0.1.0.3...
Building library for yesod-auth-basic-0.1.0.3...
[1 of 1] Compiling Yesod.Auth.Http.Basic

Yesod/Auth/Http/Basic.hs:141:42: warning: [-Wunused-record-wildcards]
    No variables bound in the record wildcard match are used
      Possible fix: omit the ‘..’
    |
141 | maybeBasicAuthId checkCreds AuthSettings{..} req =
    |                                          ^^
Configuring test suite 'spec' for yesod-auth-basic-0.1.0.3...
Preprocessing test suite 'spec' for yesod-auth-basic-0.1.0.3...
Building test suite 'spec' for yesod-auth-basic-0.1.0.3...
[1 of 2] Compiling YesodAuthHttpBasicSpec

test/YesodAuthHttpBasicSpec.hs:8:1: warning: [-Wunused-imports]
    The import of ‘Data.Monoid’ is redundant
      except perhaps to import instances from ‘Data.Monoid’
    To import instances alone, use: import Data.Monoid()
  |
8 | import           Data.Monoid ((<>))
  | ^^^^^^^^^^^^^^^^^^^^^^^^^^^^^^^^^^^
[2 of 2] Compiling Main
[3 of 3] Linking /tmp/workdir-yesod-auth-basic/yesod-auth-basic-0.1.0.3/dist-newstyle/build/x86_64-linux/ghc-9.6.6/yesod-auth-basic-0.1.0.3/t/spec/build/spec/spec
