Build profile: -w ghc-9.6.6 -O1
In order, the following will be built (use -v for more details):
 - type-fun-0.1.3 (lib) (first run)
 - type-fun-0.1.3 (test:example) (first run)
Configuring library for type-fun-0.1.3...
Preprocessing library for type-fun-0.1.3...
Building library for type-fun-0.1.3...
[1 of 5] Compiling TypeFun.Constraint
[2 of 5] Compiling TypeFun.Data.Eq
[3 of 5] Compiling TypeFun.Data.Maybe
[4 of 5] Compiling TypeFun.Data.Peano
[5 of 5] Compiling TypeFun.Data.List
Configuring test suite 'example' for type-fun-0.1.3...
Preprocessing test suite 'example' for type-fun-0.1.3...
Building test suite 'example' for type-fun-0.1.3...
[1 of 1] Compiling Main

example/Main.hs:24:28: warning: [GHC-58520] [-Wtype-equality-requires-operators]
    The use of ‘~’ without TypeOperators
    will become an error in a future GHC release.
    Suggested fix: Perhaps you intended to use TypeOperators
   |
24 | indexConstr :: (('Just 'Z) ~ (IndexOfMay Int l)) => proxy l -> Int
   |                            ^
[2 of 2] Linking /tmp/workdir-type-fun/type-fun-0.1.3/dist-newstyle/build/x86_64-linux/ghc-9.6.6/type-fun-0.1.3/t/example/build/example/example
