Build profile: -w ghc-9.6.6 -O1
In order, the following will be built (use -v for more details):
 - prometheus-client-1.1.1 (lib) (first run)
 - prometheus-client-1.1.1 (test:spec) (first run)
 - prometheus-client-1.1.1 (test:doctest) (first run)
Configuring library for prometheus-client-1.1.1...
Preprocessing library for prometheus-client-1.1.1...
Building library for prometheus-client-1.1.1...
[ 1 of 13] Compiling Prometheus.Info
[ 2 of 13] Compiling Prometheus.Label

src/Prometheus/Label.hs:42:13: warning: [GHC-58520] [-Wtype-equality-requires-operators]
    The use of ‘~’ without TypeOperators
    will become an error in a future GHC release.
    Suggested fix: Perhaps you intended to use TypeOperators
   |
42 | instance (a ~ Text, b ~ a) => Label (a, b)  where
   |             ^

src/Prometheus/Label.hs:42:23: warning: [GHC-58520] [-Wtype-equality-requires-operators]
    The use of ‘~’ without TypeOperators
    will become an error in a future GHC release.
    Suggested fix: Perhaps you intended to use TypeOperators
   |
42 | instance (a ~ Text, b ~ a) => Label (a, b)  where
   |                       ^

src/Prometheus/Label.hs:47:13: warning: [GHC-58520] [-Wtype-equality-requires-operators]
    The use of ‘~’ without TypeOperators
    will become an error in a future GHC release.
    Suggested fix: Perhaps you intended to use TypeOperators
   |
47 | instance (a ~ Text, b ~ a, c ~ a) => Label (a, b, c)  where
   |             ^

src/Prometheus/Label.hs:47:23: warning: [GHC-58520] [-Wtype-equality-requires-operators]
    The use of ‘~’ without TypeOperators
    will become an error in a future GHC release.
    Suggested fix: Perhaps you intended to use TypeOperators
   |
47 | instance (a ~ Text, b ~ a, c ~ a) => Label (a, b, c)  where
   |                       ^

src/Prometheus/Label.hs:47:30: warning: [GHC-58520] [-Wtype-equality-requires-operators]
    The use of ‘~’ without TypeOperators
    will become an error in a future GHC release.
    Suggested fix: Perhaps you intended to use TypeOperators
   |
47 | instance (a ~ Text, b ~ a, c ~ a) => Label (a, b, c)  where
   |                              ^

src/Prometheus/Label.hs:52:13: warning: [GHC-58520] [-Wtype-equality-requires-operators]
    The use of ‘~’ without TypeOperators
    will become an error in a future GHC release.
    Suggested fix: Perhaps you intended to use TypeOperators
   |
52 | instance (a ~ Text, b ~ a, c ~ a, d ~ a) => Label (a, b, c, d)  where
   |             ^

src/Prometheus/Label.hs:52:23: warning: [GHC-58520] [-Wtype-equality-requires-operators]
    The use of ‘~’ without TypeOperators
    will become an error in a future GHC release.
    Suggested fix: Perhaps you intended to use TypeOperators
   |
52 | instance (a ~ Text, b ~ a, c ~ a, d ~ a) => Label (a, b, c, d)  where
   |                       ^

src/Prometheus/Label.hs:52:30: warning: [GHC-58520] [-Wtype-equality-requires-operators]
    The use of ‘~’ without TypeOperators
    will become an error in a future GHC release.
    Suggested fix: Perhaps you intended to use TypeOperators
   |
52 | instance (a ~ Text, b ~ a, c ~ a, d ~ a) => Label (a, b, c, d)  where
   |                              ^

src/Prometheus/Label.hs:52:37: warning: [GHC-58520] [-Wtype-equality-requires-operators]
    The use of ‘~’ without TypeOperators
    will become an error in a future GHC release.
    Suggested fix: Perhaps you intended to use TypeOperators
   |
52 | instance (a ~ Text, b ~ a, c ~ a, d ~ a) => Label (a, b, c, d)  where
   |                                     ^

src/Prometheus/Label.hs:58:13: warning: [GHC-58520] [-Wtype-equality-requires-operators]
    The use of ‘~’ without TypeOperators
    will become an error in a future GHC release.
    Suggested fix: Perhaps you intended to use TypeOperators
   |
58 | instance (a ~ Text, b ~ a, c ~ a, d ~ a, e ~ a) => Label (a, b, c, d, e)  where
   |             ^

src/Prometheus/Label.hs:58:23: warning: [GHC-58520] [-Wtype-equality-requires-operators]
    The use of ‘~’ without TypeOperators
    will become an error in a future GHC release.
    Suggested fix: Perhaps you intended to use TypeOperators
   |
58 | instance (a ~ Text, b ~ a, c ~ a, d ~ a, e ~ a) => Label (a, b, c, d, e)  where
   |                       ^

src/Prometheus/Label.hs:58:30: warning: [GHC-58520] [-Wtype-equality-requires-operators]
    The use of ‘~’ without TypeOperators
    will become an error in a future GHC release.
    Suggested fix: Perhaps you intended to use TypeOperators
   |
58 | instance (a ~ Text, b ~ a, c ~ a, d ~ a, e ~ a) => Label (a, b, c, d, e)  where
   |                              ^

src/Prometheus/Label.hs:58:37: warning: [GHC-58520] [-Wtype-equality-requires-operators]
    The use of ‘~’ without TypeOperators
    will become an error in a future GHC release.
    Suggested fix: Perhaps you intended to use TypeOperators
   |
58 | instance (a ~ Text, b ~ a, c ~ a, d ~ a, e ~ a) => Label (a, b, c, d, e)  where
   |                                     ^

src/Prometheus/Label.hs:58:44: warning: [GHC-58520] [-Wtype-equality-requires-operators]
    The use of ‘~’ without TypeOperators
    will become an error in a future GHC release.
    Suggested fix: Perhaps you intended to use TypeOperators
   |
58 | instance (a ~ Text, b ~ a, c ~ a, d ~ a, e ~ a) => Label (a, b, c, d, e)  where
   |                                            ^

src/Prometheus/Label.hs:64:13: warning: [GHC-58520] [-Wtype-equality-requires-operators]
    The use of ‘~’ without TypeOperators
    will become an error in a future GHC release.
    Suggested fix: Perhaps you intended to use TypeOperators
   |
64 | instance (a ~ Text, b ~ a, c ~ a, d ~ a, e ~ a, f ~ a) => Label (a, b, c, d, e, f)  where
   |             ^

src/Prometheus/Label.hs:64:23: warning: [GHC-58520] [-Wtype-equality-requires-operators]
    The use of ‘~’ without TypeOperators
    will become an error in a future GHC release.
    Suggested fix: Perhaps you intended to use TypeOperators
   |
64 | instance (a ~ Text, b ~ a, c ~ a, d ~ a, e ~ a, f ~ a) => Label (a, b, c, d, e, f)  where
   |                       ^

src/Prometheus/Label.hs:64:30: warning: [GHC-58520] [-Wtype-equality-requires-operators]
    The use of ‘~’ without TypeOperators
    will become an error in a future GHC release.
    Suggested fix: Perhaps you intended to use TypeOperators
   |
64 | instance (a ~ Text, b ~ a, c ~ a, d ~ a, e ~ a, f ~ a) => Label (a, b, c, d, e, f)  where
   |                              ^

src/Prometheus/Label.hs:64:37: warning: [GHC-58520] [-Wtype-equality-requires-operators]
    The use of ‘~’ without TypeOperators
    will become an error in a future GHC release.
    Suggested fix: Perhaps you intended to use TypeOperators
   |
64 | instance (a ~ Text, b ~ a, c ~ a, d ~ a, e ~ a, f ~ a) => Label (a, b, c, d, e, f)  where
   |                                     ^

src/Prometheus/Label.hs:64:44: warning: [GHC-58520] [-Wtype-equality-requires-operators]
    The use of ‘~’ without TypeOperators
    will become an error in a future GHC release.
    Suggested fix: Perhaps you intended to use TypeOperators
   |
64 | instance (a ~ Text, b ~ a, c ~ a, d ~ a, e ~ a, f ~ a) => Label (a, b, c, d, e, f)  where
   |                                            ^

src/Prometheus/Label.hs:64:51: warning: [GHC-58520] [-Wtype-equality-requires-operators]
    The use of ‘~’ without TypeOperators
    will become an error in a future GHC release.
    Suggested fix: Perhaps you intended to use TypeOperators
   |
64 | instance (a ~ Text, b ~ a, c ~ a, d ~ a, e ~ a, f ~ a) => Label (a, b, c, d, e, f)  where
   |                                                   ^

src/Prometheus/Label.hs:70:13: warning: [GHC-58520] [-Wtype-equality-requires-operators]
    The use of ‘~’ without TypeOperators
    will become an error in a future GHC release.
    Suggested fix: Perhaps you intended to use TypeOperators
   |
70 | instance (a ~ Text, b ~ a, c ~ a, d ~ a, e ~ a, f ~ a, g ~ a) => Label (a, b, c, d, e, f, g)  where
   |             ^

src/Prometheus/Label.hs:70:23: warning: [GHC-58520] [-Wtype-equality-requires-operators]
    The use of ‘~’ without TypeOperators
    will become an error in a future GHC release.
    Suggested fix: Perhaps you intended to use TypeOperators
   |
70 | instance (a ~ Text, b ~ a, c ~ a, d ~ a, e ~ a, f ~ a, g ~ a) => Label (a, b, c, d, e, f, g)  where
   |                       ^

src/Prometheus/Label.hs:70:30: warning: [GHC-58520] [-Wtype-equality-requires-operators]
    The use of ‘~’ without TypeOperators
    will become an error in a future GHC release.
    Suggested fix: Perhaps you intended to use TypeOperators
   |
70 | instance (a ~ Text, b ~ a, c ~ a, d ~ a, e ~ a, f ~ a, g ~ a) => Label (a, b, c, d, e, f, g)  where
   |                              ^

src/Prometheus/Label.hs:70:37: warning: [GHC-58520] [-Wtype-equality-requires-operators]
    The use of ‘~’ without TypeOperators
    will become an error in a future GHC release.
    Suggested fix: Perhaps you intended to use TypeOperators
   |
70 | instance (a ~ Text, b ~ a, c ~ a, d ~ a, e ~ a, f ~ a, g ~ a) => Label (a, b, c, d, e, f, g)  where
   |                                     ^

src/Prometheus/Label.hs:70:44: warning: [GHC-58520] [-Wtype-equality-requires-operators]
    The use of ‘~’ without TypeOperators
    will become an error in a future GHC release.
    Suggested fix: Perhaps you intended to use TypeOperators
   |
70 | instance (a ~ Text, b ~ a, c ~ a, d ~ a, e ~ a, f ~ a, g ~ a) => Label (a, b, c, d, e, f, g)  where
   |                                            ^

src/Prometheus/Label.hs:70:51: warning: [GHC-58520] [-Wtype-equality-requires-operators]
    The use of ‘~’ without TypeOperators
    will become an error in a future GHC release.
    Suggested fix: Perhaps you intended to use TypeOperators
   |
70 | instance (a ~ Text, b ~ a, c ~ a, d ~ a, e ~ a, f ~ a, g ~ a) => Label (a, b, c, d, e, f, g)  where
   |                                                   ^

src/Prometheus/Label.hs:70:58: warning: [GHC-58520] [-Wtype-equality-requires-operators]
    The use of ‘~’ without TypeOperators
    will become an error in a future GHC release.
    Suggested fix: Perhaps you intended to use TypeOperators
   |
70 | instance (a ~ Text, b ~ a, c ~ a, d ~ a, e ~ a, f ~ a, g ~ a) => Label (a, b, c, d, e, f, g)  where
   |                                                          ^

src/Prometheus/Label.hs:77:13: warning: [GHC-58520] [-Wtype-equality-requires-operators]
    The use of ‘~’ without TypeOperators
    will become an error in a future GHC release.
    Suggested fix: Perhaps you intended to use TypeOperators
   |
77 | instance (a ~ Text, b ~ a, c ~ a, d ~ a, e ~ a, f ~ a, g ~ a, h ~ a) => Label (a, b, c, d, e, f, g, h) where
   |             ^

src/Prometheus/Label.hs:77:23: warning: [GHC-58520] [-Wtype-equality-requires-operators]
    The use of ‘~’ without TypeOperators
    will become an error in a future GHC release.
    Suggested fix: Perhaps you intended to use TypeOperators
   |
77 | instance (a ~ Text, b ~ a, c ~ a, d ~ a, e ~ a, f ~ a, g ~ a, h ~ a) => Label (a, b, c, d, e, f, g, h) where
   |                       ^

src/Prometheus/Label.hs:77:30: warning: [GHC-58520] [-Wtype-equality-requires-operators]
    The use of ‘~’ without TypeOperators
    will become an error in a future GHC release.
    Suggested fix: Perhaps you intended to use TypeOperators
   |
77 | instance (a ~ Text, b ~ a, c ~ a, d ~ a, e ~ a, f ~ a, g ~ a, h ~ a) => Label (a, b, c, d, e, f, g, h) where
   |                              ^

src/Prometheus/Label.hs:77:37: warning: [GHC-58520] [-Wtype-equality-requires-operators]
    The use of ‘~’ without TypeOperators
    will become an error in a future GHC release.
    Suggested fix: Perhaps you intended to use TypeOperators
   |
77 | instance (a ~ Text, b ~ a, c ~ a, d ~ a, e ~ a, f ~ a, g ~ a, h ~ a) => Label (a, b, c, d, e, f, g, h) where
   |                                     ^

src/Prometheus/Label.hs:77:44: warning: [GHC-58520] [-Wtype-equality-requires-operators]
    The use of ‘~’ without TypeOperators
    will become an error in a future GHC release.
    Suggested fix: Perhaps you intended to use TypeOperators
   |
77 | instance (a ~ Text, b ~ a, c ~ a, d ~ a, e ~ a, f ~ a, g ~ a, h ~ a) => Label (a, b, c, d, e, f, g, h) where
   |                                            ^

src/Prometheus/Label.hs:77:51: warning: [GHC-58520] [-Wtype-equality-requires-operators]
    The use of ‘~’ without TypeOperators
    will become an error in a future GHC release.
    Suggested fix: Perhaps you intended to use TypeOperators
   |
77 | instance (a ~ Text, b ~ a, c ~ a, d ~ a, e ~ a, f ~ a, g ~ a, h ~ a) => Label (a, b, c, d, e, f, g, h) where
   |                                                   ^

src/Prometheus/Label.hs:77:58: warning: [GHC-58520] [-Wtype-equality-requires-operators]
    The use of ‘~’ without TypeOperators
    will become an error in a future GHC release.
    Suggested fix: Perhaps you intended to use TypeOperators
   |
77 | instance (a ~ Text, b ~ a, c ~ a, d ~ a, e ~ a, f ~ a, g ~ a, h ~ a) => Label (a, b, c, d, e, f, g, h) where
   |                                                          ^

src/Prometheus/Label.hs:77:65: warning: [GHC-58520] [-Wtype-equality-requires-operators]
    The use of ‘~’ without TypeOperators
    will become an error in a future GHC release.
    Suggested fix: Perhaps you intended to use TypeOperators
   |
77 | instance (a ~ Text, b ~ a, c ~ a, d ~ a, e ~ a, f ~ a, g ~ a, h ~ a) => Label (a, b, c, d, e, f, g, h) where
   |                                                                 ^

src/Prometheus/Label.hs:86:13: warning: [GHC-58520] [-Wtype-equality-requires-operators]
    The use of ‘~’ without TypeOperators
    will become an error in a future GHC release.
    Suggested fix: Perhaps you intended to use TypeOperators
   |
86 | instance (a ~ Text, b ~ a, c ~ a, d ~ a, e ~ a, f ~ a, g ~ a, h ~ a, i ~ a) => Label (a, b, c, d, e, f, g, h, i) where
   |             ^

src/Prometheus/Label.hs:86:23: warning: [GHC-58520] [-Wtype-equality-requires-operators]
    The use of ‘~’ without TypeOperators
    will become an error in a future GHC release.
    Suggested fix: Perhaps you intended to use TypeOperators
   |
86 | instance (a ~ Text, b ~ a, c ~ a, d ~ a, e ~ a, f ~ a, g ~ a, h ~ a, i ~ a) => Label (a, b, c, d, e, f, g, h, i) where
   |                       ^

src/Prometheus/Label.hs:86:30: warning: [GHC-58520] [-Wtype-equality-requires-operators]
    The use of ‘~’ without TypeOperators
    will become an error in a future GHC release.
    Suggested fix: Perhaps you intended to use TypeOperators
   |
86 | instance (a ~ Text, b ~ a, c ~ a, d ~ a, e ~ a, f ~ a, g ~ a, h ~ a, i ~ a) => Label (a, b, c, d, e, f, g, h, i) where
   |                              ^

src/Prometheus/Label.hs:86:37: warning: [GHC-58520] [-Wtype-equality-requires-operators]
    The use of ‘~’ without TypeOperators
    will become an error in a future GHC release.
    Suggested fix: Perhaps you intended to use TypeOperators
   |
86 | instance (a ~ Text, b ~ a, c ~ a, d ~ a, e ~ a, f ~ a, g ~ a, h ~ a, i ~ a) => Label (a, b, c, d, e, f, g, h, i) where
   |                                     ^

src/Prometheus/Label.hs:86:44: warning: [GHC-58520] [-Wtype-equality-requires-operators]
    The use of ‘~’ without TypeOperators
    will become an error in a future GHC release.
    Suggested fix: Perhaps you intended to use TypeOperators
   |
86 | instance (a ~ Text, b ~ a, c ~ a, d ~ a, e ~ a, f ~ a, g ~ a, h ~ a, i ~ a) => Label (a, b, c, d, e, f, g, h, i) where
   |                                            ^

src/Prometheus/Label.hs:86:51: warning: [GHC-58520] [-Wtype-equality-requires-operators]
    The use of ‘~’ without TypeOperators
    will become an error in a future GHC release.
    Suggested fix: Perhaps you intended to use TypeOperators
   |
86 | instance (a ~ Text, b ~ a, c ~ a, d ~ a, e ~ a, f ~ a, g ~ a, h ~ a, i ~ a) => Label (a, b, c, d, e, f, g, h, i) where
   |                                                   ^

src/Prometheus/Label.hs:86:58: warning: [GHC-58520] [-Wtype-equality-requires-operators]
    The use of ‘~’ without TypeOperators
    will become an error in a future GHC release.
    Suggested fix: Perhaps you intended to use TypeOperators
   |
86 | instance (a ~ Text, b ~ a, c ~ a, d ~ a, e ~ a, f ~ a, g ~ a, h ~ a, i ~ a) => Label (a, b, c, d, e, f, g, h, i) where
   |                                                          ^

src/Prometheus/Label.hs:86:65: warning: [GHC-58520] [-Wtype-equality-requires-operators]
    The use of ‘~’ without TypeOperators
    will become an error in a future GHC release.
    Suggested fix: Perhaps you intended to use TypeOperators
   |
86 | instance (a ~ Text, b ~ a, c ~ a, d ~ a, e ~ a, f ~ a, g ~ a, h ~ a, i ~ a) => Label (a, b, c, d, e, f, g, h, i) where
   |                                                                 ^

src/Prometheus/Label.hs:86:72: warning: [GHC-58520] [-Wtype-equality-requires-operators]
    The use of ‘~’ without TypeOperators
    will become an error in a future GHC release.
    Suggested fix: Perhaps you intended to use TypeOperators
   |
86 | instance (a ~ Text, b ~ a, c ~ a, d ~ a, e ~ a, f ~ a, g ~ a, h ~ a, i ~ a) => Label (a, b, c, d, e, f, g, h, i) where
   |                                                                        ^
[ 3 of 13] Compiling Prometheus.Metric
[ 4 of 13] Compiling Prometheus.MonadMonitor

src/Prometheus/MonadMonitor.hs:13:1: warning: [-Wunused-imports]
    The import of ‘Control.Applicative’ is redundant
      except perhaps to import instances from ‘Control.Applicative’
    To import instances alone, use: import Control.Applicative()
   |
13 | import Control.Applicative (Applicative)
   | ^^^^^^^^^^^^^^^^^^^^^^^^^^^^^^^^^^^^^^^^

src/Prometheus/MonadMonitor.hs:16:1: warning: [-Wunused-imports]
    The import of ‘Control.Monad.Trans.Class’ is redundant
      except perhaps to import instances from ‘Control.Monad.Trans.Class’
    To import instances alone, use: import Control.Monad.Trans.Class()
   |
16 | import Control.Monad.Trans.Class (MonadTrans)
   | ^^^^^^^^^^^^^^^^^^^^^^^^^^^^^^^^^^^^^^^^^^^^^

src/Prometheus/MonadMonitor.hs:28:1: warning: [-Wunused-imports]
    The import of ‘Data.Monoid’ is redundant
      except perhaps to import instances from ‘Data.Monoid’
    To import instances alone, use: import Data.Monoid()
   |
28 | import Data.Monoid (Monoid)
   | ^^^^^^^^^^^^^^^^^^^^^^^^^^^

src/Prometheus/MonadMonitor.hs:35:54: warning: [GHC-58520] [-Wtype-equality-requires-operators]
    The use of ‘~’ without TypeOperators
    will become an error in a future GHC release.
    Suggested fix: Perhaps you intended to use TypeOperators
   |
35 |     default doIO :: (MonadTrans t, MonadMonitor n, m ~ t n) => IO () -> m ()
   |                                                      ^
[ 5 of 13] Compiling Prometheus.Metric.Vector

src/Prometheus/Metric/Vector.hs:14:1: warning: [-Wunused-imports]
    The import of ‘Control.Applicative’ is redundant
      except perhaps to import instances from ‘Control.Applicative’
    To import instances alone, use: import Control.Applicative()
   |
14 | import Control.Applicative ((<$>))
   | ^^^^^^^^^^^^^^^^^^^^^^^^^^^^^^^^^^
[ 6 of 13] Compiling Prometheus.Metric.Observer
[ 7 of 13] Compiling Prometheus.Metric.Summary

src/Prometheus/Metric/Summary.hs:34:5: warning: [-Wunused-top-binds]
    Defined but not used: ‘quantiles’
   |
34 |   , quantiles :: [Quantile]
   |     ^^^^^^^^^
[ 8 of 13] Compiling Prometheus.Metric.Histogram

src/Prometheus/Metric/Histogram.hs:24:1: warning: [-Wunused-imports]
    The import of ‘Control.Applicative’ is redundant
      except perhaps to import instances from ‘Control.Applicative’
    To import instances alone, use: import Control.Applicative()
   |
24 | import Control.Applicative ((<$>))
   | ^^^^^^^^^^^^^^^^^^^^^^^^^^^^^^^^^^

src/Prometheus/Metric/Histogram.hs:30:1: warning: [-Wunused-imports]
    The import of ‘Data.Monoid’ is redundant
      except perhaps to import instances from ‘Data.Monoid’
    To import instances alone, use: import Data.Monoid()
   |
30 | import Data.Monoid ((<>))
   | ^^^^^^^^^^^^^^^^^^^^^^^^^
[ 9 of 13] Compiling Prometheus.Metric.Gauge
[10 of 13] Compiling Prometheus.Metric.Counter
[11 of 13] Compiling Prometheus.Registry

src/Prometheus/Registry.hs:13:1: warning: [-Wunused-imports]
    The import of ‘Control.Applicative’ is redundant
      except perhaps to import instances from ‘Control.Applicative’
    To import instances alone, use: import Control.Applicative()
   |
13 | import Control.Applicative ((<$>))
   | ^^^^^^^^^^^^^^^^^^^^^^^^^^^^^^^^^^
[12 of 13] Compiling Prometheus.Export.Text

src/Prometheus/Export/Text.hs:14:1: warning: [-Wunused-imports]
    The import of ‘Data.Foldable’ is redundant
      except perhaps to import instances from ‘Data.Foldable’
    To import instances alone, use: import Data.Foldable()
   |
14 | import Data.Foldable (foldMap)
   | ^^^^^^^^^^^^^^^^^^^^^^^^^^^^^^

src/Prometheus/Export/Text.hs:15:1: warning: [-Wunused-imports]
    The import of ‘Data.Monoid’ is redundant
      except perhaps to import instances from ‘Data.Monoid’
    To import instances alone, use: import Data.Monoid()
   |
15 | import Data.Monoid ((<>), mempty, mconcat)
   | ^^^^^^^^^^^^^^^^^^^^^^^^^^^^^^^^^^^^^^^^^^
[13 of 13] Compiling Prometheus
Configuring test suite 'spec' for prometheus-client-1.1.1...
Preprocessing test suite 'spec' for prometheus-client-1.1.1...
Building test suite 'spec' for prometheus-client-1.1.1...
[1 of 1] Compiling Main
[2 of 2] Linking /tmp/workdir-prometheus-client/prometheus-client-1.1.1/dist-newstyle/build/x86_64-linux/ghc-9.6.6/prometheus-client-1.1.1/t/spec/build/spec/spec
Configuring test suite 'doctest' for prometheus-client-1.1.1...
Preprocessing test suite 'doctest' for prometheus-client-1.1.1...
Building test suite 'doctest' for prometheus-client-1.1.1...
[1 of 1] Compiling Main
[2 of 2] Linking /tmp/workdir-prometheus-client/prometheus-client-1.1.1/dist-newstyle/build/x86_64-linux/ghc-9.6.6/prometheus-client-1.1.1/t/doctest/build/doctest/doctest
