Build profile: -w ghc-9.6.6 -O1
In order, the following will be built (use -v for more details):
 - async-pool-0.9.2 (lib) (first run)
 - async-pool-0.9.2 (test:test) (first run)
Configuring library for async-pool-0.9.2...
Preprocessing library for async-pool-0.9.2...
Building library for async-pool-0.9.2...
[1 of 3] Compiling Control.Concurrent.Async.Pool.Async

Control/Concurrent/Async/Pool/Async.hs:101:1: warning: [-Wunused-imports]
    The import of ‘Data.Traversable’ is redundant
      except perhaps to import instances from ‘Data.Traversable’
    To import instances alone, use: import Data.Traversable()
    |
101 | import Data.Traversable
    | ^^^^^^^^^^^^^^^^^^^^^^^
[2 of 3] Compiling Control.Concurrent.Async.Pool.Internal

Control/Concurrent/Async/Pool/Internal.hs:7:1: warning: [-Wunused-imports]
    The import of ‘Control.Applicative’ is redundant
      except perhaps to import instances from ‘Control.Applicative’
    To import instances alone, use: import Control.Applicative()
  |
7 | import           Control.Applicative (Applicative((<*>), pure), (<$>))
  | ^^^^^^^^^^^^^^^^^^^^^^^^^^^^^^^^^^^^^^^^^^^^^^^^^^^^^^^^^^^^^^^^^^^^^^

Control/Concurrent/Async/Pool/Internal.hs:18:1: warning: [-Wunused-imports]
    The import of ‘Foldable, foldMap’
    from module ‘Data.Foldable’ is redundant
   |
18 | import           Data.Foldable (Foldable(foldMap), toList, forM_, all)
   | ^^^^^^^^^^^^^^^^^^^^^^^^^^^^^^^^^^^^^^^^^^^^^^^^^^^^^^^^^^^^^^^^^^^^^^

Control/Concurrent/Async/Pool/Internal.hs:23:1: warning: [-Wunused-imports]
    The import of ‘Data.Monoid’ is redundant
      except perhaps to import instances from ‘Data.Monoid’
    To import instances alone, use: import Data.Monoid()
   |
23 | import           Data.Monoid (Monoid(mempty), (<>))
   | ^^^^^^^^^^^^^^^^^^^^^^^^^^^^^^^^^^^^^^^^^^^^^^^^^^^

Control/Concurrent/Async/Pool/Internal.hs:24:1: warning: [-Wunused-imports]
    The import of ‘Traversable, sequenceA’
    from module ‘Data.Traversable’ is redundant
   |
24 | import           Data.Traversable (Traversable(sequenceA), forM)
   | ^^^^^^^^^^^^^^^^^^^^^^^^^^^^^^^^^^^^^^^^^^^^^^^^^^^^^^^^^^^^^^^^
[3 of 3] Compiling Control.Concurrent.Async.Pool
Configuring test suite 'test' for async-pool-0.9.2...
Preprocessing test suite 'test' for async-pool-0.9.2...
Building test suite 'test' for async-pool-0.9.2...
[1 of 3] Compiling Control.Concurrent.Async.Pool.Async

Control/Concurrent/Async/Pool/Async.hs:101:1: warning: [-Wunused-imports]
    The import of ‘Data.Traversable’ is redundant
      except perhaps to import instances from ‘Data.Traversable’
    To import instances alone, use: import Data.Traversable()
    |
101 | import Data.Traversable
    | ^^^^^^^^^^^^^^^^^^^^^^^
[2 of 3] Compiling Control.Concurrent.Async.Pool.Internal
[3 of 3] Compiling Main
[4 of 4] Linking /tmp/workdir-async-pool/async-pool-0.9.2/dist-newstyle/build/x86_64-linux/ghc-9.6.6/async-pool-0.9.2/t/test/build/test/test
