Build profile: -w ghc-9.6.6 -O1
In order, the following will be built (use -v for more details):
 - amazonka-appintegrations-2.0 (lib) (first run)
 - amazonka-appintegrations-2.0 (test:amazonka-appintegrations-test) (first run)
Configuring library for amazonka-appintegrations-2.0...
Preprocessing library for amazonka-appintegrations-2.0...
Building library for amazonka-appintegrations-2.0...
[ 1 of 25] Compiling Amazonka.AppIntegrationS.Types.DataIntegrationAssociationSummary
[ 2 of 25] Compiling Amazonka.AppIntegrationS.Types.DataIntegrationSummary
[ 3 of 25] Compiling Amazonka.AppIntegrationS.Types.EventFilter
[ 4 of 25] Compiling Amazonka.AppIntegrationS.Types.EventIntegration
[ 5 of 25] Compiling Amazonka.AppIntegrationS.Types.EventIntegrationAssociation
[ 6 of 25] Compiling Amazonka.AppIntegrationS.Types.ScheduleConfiguration
[ 7 of 25] Compiling Amazonka.AppIntegrationS.Types
[ 8 of 25] Compiling Amazonka.AppIntegrationS.TagResource

gen/Amazonka/AppIntegrationS/TagResource.hs:86:89: warning: [GHC-02256] [-Wambiguous-fields]
    The record update s {tags = a} with type TagResource is ambiguous.
    This will not be supported by -XDuplicateRecordFields in future releases of GHC.
   |
86 | tagResource_tags = Lens.lens (\TagResource' {tags} -> tags) (\s@TagResource' {} a -> s {tags = a} :: TagResource) Prelude.. Lens.coerced
   |                                                                                         ^^^^^^^^
[ 9 of 25] Compiling Amazonka.AppIntegrationS.ListTagsForResource

gen/Amazonka/AppIntegrationS/ListTagsForResource.hs:150:137: warning: [GHC-02256] [-Wambiguous-fields]
    The record update s {tags = a} with type ListTagsForResourceResponse is ambiguous.
    This will not be supported by -XDuplicateRecordFields in future releases of GHC.
    |
150 | listTagsForResourceResponse_tags = Lens.lens (\ListTagsForResourceResponse' {tags} -> tags) (\s@ListTagsForResourceResponse' {} a -> s {tags = a} :: ListTagsForResourceResponse) Prelude.. Lens.mapping Lens.coerced
    |                                                                                                                                         ^^^^^^^^
[10 of 25] Compiling Amazonka.AppIntegrationS.ListEventIntegrations

gen/Amazonka/AppIntegrationS/ListEventIntegrations.hs:93:134: warning: [GHC-02256] [-Wambiguous-fields]
    The record update s {nextToken = a} with type ListEventIntegrations is ambiguous.
    This will not be supported by -XDuplicateRecordFields in future releases of GHC.
   |
93 | listEventIntegrations_nextToken = Lens.lens (\ListEventIntegrations' {nextToken} -> nextToken) (\s@ListEventIntegrations' {} a -> s {nextToken = a} :: ListEventIntegrations)
   |                                                                                                                                      ^^^^^^^^^^^^^

gen/Amazonka/AppIntegrationS/ListEventIntegrations.hs:187:158: warning: [GHC-02256] [-Wambiguous-fields]
    The record update s {nextToken = a} with type ListEventIntegrationsResponse is ambiguous.
    This will not be supported by -XDuplicateRecordFields in future releases of GHC.
    |
187 | listEventIntegrationsResponse_nextToken = Lens.lens (\ListEventIntegrationsResponse' {nextToken} -> nextToken) (\s@ListEventIntegrationsResponse' {} a -> s {nextToken = a} :: ListEventIntegrationsResponse)
    |                                                                                                                                                              ^^^^^^^^^^^^^
[11 of 25] Compiling Amazonka.AppIntegrationS.ListEventIntegrationAssociations

gen/Amazonka/AppIntegrationS/ListEventIntegrationAssociations.hs:104:167: warning: [GHC-02256] [-Wambiguous-fields]
    The record update s {nextToken = a} with type ListEventIntegrationAssociations is ambiguous.
    This will not be supported by -XDuplicateRecordFields in future releases of GHC.
    |
104 | listEventIntegrationAssociations_nextToken = Lens.lens (\ListEventIntegrationAssociations' {nextToken} -> nextToken) (\s@ListEventIntegrationAssociations' {} a -> s {nextToken = a} :: ListEventIntegrationAssociations)
    |                                                                                                                                                                       ^^^^^^^^^^^^^

gen/Amazonka/AppIntegrationS/ListEventIntegrationAssociations.hs:108:200: warning: [GHC-02256] [-Wambiguous-fields]
    The record update s {eventIntegrationName = a} with type ListEventIntegrationAssociations is ambiguous.
    This will not be supported by -XDuplicateRecordFields in future releases of GHC.
    |
108 | listEventIntegrationAssociations_eventIntegrationName = Lens.lens (\ListEventIntegrationAssociations' {eventIntegrationName} -> eventIntegrationName) (\s@ListEventIntegrationAssociations' {} a -> s {eventIntegrationName = a} :: ListEventIntegrationAssociations)
    |                                                                                                                                                                                                        ^^^^^^^^^^^^^^^^^^^^^^^^

gen/Amazonka/AppIntegrationS/ListEventIntegrationAssociations.hs:227:191: warning: [GHC-02256] [-Wambiguous-fields]
    The record update s {nextToken = a} with type ListEventIntegrationAssociationsResponse is ambiguous.
    This will not be supported by -XDuplicateRecordFields in future releases of GHC.
    |
227 | listEventIntegrationAssociationsResponse_nextToken = Lens.lens (\ListEventIntegrationAssociationsResponse' {nextToken} -> nextToken) (\s@ListEventIntegrationAssociationsResponse' {} a -> s {nextToken = a} :: ListEventIntegrationAssociationsResponse)
    |                                                                                                                                                                                               ^^^^^^^^^^^^^
[12 of 25] Compiling Amazonka.AppIntegrationS.ListDataIntegrations

gen/Amazonka/AppIntegrationS/ListDataIntegrations.hs:98:131: warning: [GHC-02256] [-Wambiguous-fields]
    The record update s {nextToken = a} with type ListDataIntegrations is ambiguous.
    This will not be supported by -XDuplicateRecordFields in future releases of GHC.
   |
98 | listDataIntegrations_nextToken = Lens.lens (\ListDataIntegrations' {nextToken} -> nextToken) (\s@ListDataIntegrations' {} a -> s {nextToken = a} :: ListDataIntegrations)
   |                                                                                                                                   ^^^^^^^^^^^^^

gen/Amazonka/AppIntegrationS/ListDataIntegrations.hs:192:155: warning: [GHC-02256] [-Wambiguous-fields]
    The record update s {nextToken = a} with type ListDataIntegrationsResponse is ambiguous.
    This will not be supported by -XDuplicateRecordFields in future releases of GHC.
    |
192 | listDataIntegrationsResponse_nextToken = Lens.lens (\ListDataIntegrationsResponse' {nextToken} -> nextToken) (\s@ListDataIntegrationsResponse' {} a -> s {nextToken = a} :: ListDataIntegrationsResponse)
    |                                                                                                                                                           ^^^^^^^^^^^^^
[13 of 25] Compiling Amazonka.AppIntegrationS.ListDataIntegrationAssociations

gen/Amazonka/AppIntegrationS/ListDataIntegrationAssociations.hs:109:164: warning: [GHC-02256] [-Wambiguous-fields]
    The record update s {nextToken = a} with type ListDataIntegrationAssociations is ambiguous.
    This will not be supported by -XDuplicateRecordFields in future releases of GHC.
    |
109 | listDataIntegrationAssociations_nextToken = Lens.lens (\ListDataIntegrationAssociations' {nextToken} -> nextToken) (\s@ListDataIntegrationAssociations' {} a -> s {nextToken = a} :: ListDataIntegrationAssociations)
    |                                                                                                                                                                    ^^^^^^^^^^^^^

gen/Amazonka/AppIntegrationS/ListDataIntegrationAssociations.hs:232:188: warning: [GHC-02256] [-Wambiguous-fields]
    The record update s {nextToken = a} with type ListDataIntegrationAssociationsResponse is ambiguous.
    This will not be supported by -XDuplicateRecordFields in future releases of GHC.
    |
232 | listDataIntegrationAssociationsResponse_nextToken = Lens.lens (\ListDataIntegrationAssociationsResponse' {nextToken} -> nextToken) (\s@ListDataIntegrationAssociationsResponse' {} a -> s {nextToken = a} :: ListDataIntegrationAssociationsResponse)
    |                                                                                                                                                                                            ^^^^^^^^^^^^^
[14 of 25] Compiling Amazonka.AppIntegrationS.GetEventIntegration

gen/Amazonka/AppIntegrationS/GetEventIntegration.hs:80:113: warning: [GHC-02256] [-Wambiguous-fields]
    The record update s {name = a} with type GetEventIntegration is ambiguous.
    This will not be supported by -XDuplicateRecordFields in future releases of GHC.
   |
80 | getEventIntegration_name = Lens.lens (\GetEventIntegration' {name} -> name) (\s@GetEventIntegration' {} a -> s {name = a} :: GetEventIntegration)
   |                                                                                                                 ^^^^^^^^

gen/Amazonka/AppIntegrationS/GetEventIntegration.hs:185:158: warning: [GHC-02256] [-Wambiguous-fields]
    The record update s {description = a} with type GetEventIntegrationResponse is ambiguous.
    This will not be supported by -XDuplicateRecordFields in future releases of GHC.
    |
185 | getEventIntegrationResponse_description = Lens.lens (\GetEventIntegrationResponse' {description} -> description) (\s@GetEventIntegrationResponse' {} a -> s {description = a} :: GetEventIntegrationResponse)
    |                                                                                                                                                              ^^^^^^^^^^^^^^^

gen/Amazonka/AppIntegrationS/GetEventIntegration.hs:189:167: warning: [GHC-02256] [-Wambiguous-fields]
    The record update s {eventBridgeBus = a} with type GetEventIntegrationResponse is ambiguous.
    This will not be supported by -XDuplicateRecordFields in future releases of GHC.
    |
189 | getEventIntegrationResponse_eventBridgeBus = Lens.lens (\GetEventIntegrationResponse' {eventBridgeBus} -> eventBridgeBus) (\s@GetEventIntegrationResponse' {} a -> s {eventBridgeBus = a} :: GetEventIntegrationResponse)
    |                                                                                                                                                                       ^^^^^^^^^^^^^^^^^^

gen/Amazonka/AppIntegrationS/GetEventIntegration.hs:193:158: warning: [GHC-02256] [-Wambiguous-fields]
    The record update s {eventFilter = a} with type GetEventIntegrationResponse is ambiguous.
    This will not be supported by -XDuplicateRecordFields in future releases of GHC.
    |
193 | getEventIntegrationResponse_eventFilter = Lens.lens (\GetEventIntegrationResponse' {eventFilter} -> eventFilter) (\s@GetEventIntegrationResponse' {} a -> s {eventFilter = a} :: GetEventIntegrationResponse)
    |                                                                                                                                                              ^^^^^^^^^^^^^^^

gen/Amazonka/AppIntegrationS/GetEventIntegration.hs:197:182: warning: [GHC-02256] [-Wambiguous-fields]
    The record update s {eventIntegrationArn = a} with type GetEventIntegrationResponse is ambiguous.
    This will not be supported by -XDuplicateRecordFields in future releases of GHC.
    |
197 | getEventIntegrationResponse_eventIntegrationArn = Lens.lens (\GetEventIntegrationResponse' {eventIntegrationArn} -> eventIntegrationArn) (\s@GetEventIntegrationResponse' {} a -> s {eventIntegrationArn = a} :: GetEventIntegrationResponse)
    |                                                                                                                                                                                      ^^^^^^^^^^^^^^^^^^^^^^^

gen/Amazonka/AppIntegrationS/GetEventIntegration.hs:201:137: warning: [GHC-02256] [-Wambiguous-fields]
    The record update s {name = a} with type GetEventIntegrationResponse is ambiguous.
    This will not be supported by -XDuplicateRecordFields in future releases of GHC.
    |
201 | getEventIntegrationResponse_name = Lens.lens (\GetEventIntegrationResponse' {name} -> name) (\s@GetEventIntegrationResponse' {} a -> s {name = a} :: GetEventIntegrationResponse)
    |                                                                                                                                         ^^^^^^^^

gen/Amazonka/AppIntegrationS/GetEventIntegration.hs:205:137: warning: [GHC-02256] [-Wambiguous-fields]
    The record update s {tags = a} with type GetEventIntegrationResponse is ambiguous.
    This will not be supported by -XDuplicateRecordFields in future releases of GHC.
    |
205 | getEventIntegrationResponse_tags = Lens.lens (\GetEventIntegrationResponse' {tags} -> tags) (\s@GetEventIntegrationResponse' {} a -> s {tags = a} :: GetEventIntegrationResponse) Prelude.. Lens.mapping Lens.coerced
    |                                                                                                                                         ^^^^^^^^
[15 of 25] Compiling Amazonka.AppIntegrationS.GetDataIntegration

gen/Amazonka/AppIntegrationS/GetDataIntegration.hs:204:131: warning: [GHC-02256] [-Wambiguous-fields]
    The record update s {arn = a} with type GetDataIntegrationResponse is ambiguous.
    This will not be supported by -XDuplicateRecordFields in future releases of GHC.
    |
204 | getDataIntegrationResponse_arn = Lens.lens (\GetDataIntegrationResponse' {arn} -> arn) (\s@GetDataIntegrationResponse' {} a -> s {arn = a} :: GetDataIntegrationResponse)
    |                                                                                                                                   ^^^^^^^

gen/Amazonka/AppIntegrationS/GetDataIntegration.hs:208:155: warning: [GHC-02256] [-Wambiguous-fields]
    The record update s {description = a} with type GetDataIntegrationResponse is ambiguous.
    This will not be supported by -XDuplicateRecordFields in future releases of GHC.
    |
208 | getDataIntegrationResponse_description = Lens.lens (\GetDataIntegrationResponse' {description} -> description) (\s@GetDataIntegrationResponse' {} a -> s {description = a} :: GetDataIntegrationResponse)
    |                                                                                                                                                           ^^^^^^^^^^^^^^^

gen/Amazonka/AppIntegrationS/GetDataIntegration.hs:220:134: warning: [GHC-02256] [-Wambiguous-fields]
    The record update s {name = a} with type GetDataIntegrationResponse is ambiguous.
    This will not be supported by -XDuplicateRecordFields in future releases of GHC.
    |
220 | getDataIntegrationResponse_name = Lens.lens (\GetDataIntegrationResponse' {name} -> name) (\s@GetDataIntegrationResponse' {} a -> s {name = a} :: GetDataIntegrationResponse)
    |                                                                                                                                      ^^^^^^^^

gen/Amazonka/AppIntegrationS/GetDataIntegration.hs:228:149: warning: [GHC-02256] [-Wambiguous-fields]
    The record update s {sourceURI = a} with type GetDataIntegrationResponse is ambiguous.
    This will not be supported by -XDuplicateRecordFields in future releases of GHC.
    |
228 | getDataIntegrationResponse_sourceURI = Lens.lens (\GetDataIntegrationResponse' {sourceURI} -> sourceURI) (\s@GetDataIntegrationResponse' {} a -> s {sourceURI = a} :: GetDataIntegrationResponse)
    |                                                                                                                                                     ^^^^^^^^^^^^^

gen/Amazonka/AppIntegrationS/GetDataIntegration.hs:232:134: warning: [GHC-02256] [-Wambiguous-fields]
    The record update s {tags = a} with type GetDataIntegrationResponse is ambiguous.
    This will not be supported by -XDuplicateRecordFields in future releases of GHC.
    |
232 | getDataIntegrationResponse_tags = Lens.lens (\GetDataIntegrationResponse' {tags} -> tags) (\s@GetDataIntegrationResponse' {} a -> s {tags = a} :: GetDataIntegrationResponse) Prelude.. Lens.mapping Lens.coerced
    |                                                                                                                                      ^^^^^^^^
[16 of 25] Compiling Amazonka.AppIntegrationS.DeleteEventIntegration

gen/Amazonka/AppIntegrationS/DeleteEventIntegration.hs:75:122: warning: [GHC-02256] [-Wambiguous-fields]
    The record update s {name = a} with type DeleteEventIntegration is ambiguous.
    This will not be supported by -XDuplicateRecordFields in future releases of GHC.
   |
75 | deleteEventIntegration_name = Lens.lens (\DeleteEventIntegration' {name} -> name) (\s@DeleteEventIntegration' {} a -> s {name = a} :: DeleteEventIntegration)
   |                                                                                                                          ^^^^^^^^
[17 of 25] Compiling Amazonka.AppIntegrationS.DeleteDataIntegration
[18 of 25] Compiling Amazonka.AppIntegrationS.CreateEventIntegration

gen/Amazonka/AppIntegrationS/CreateEventIntegration.hs:126:143: warning: [GHC-02256] [-Wambiguous-fields]
    The record update s {description = a} with type CreateEventIntegration is ambiguous.
    This will not be supported by -XDuplicateRecordFields in future releases of GHC.
    |
126 | createEventIntegration_description = Lens.lens (\CreateEventIntegration' {description} -> description) (\s@CreateEventIntegration' {} a -> s {description = a} :: CreateEventIntegration)
    |                                                                                                                                               ^^^^^^^^^^^^^^^

gen/Amazonka/AppIntegrationS/CreateEventIntegration.hs:130:122: warning: [GHC-02256] [-Wambiguous-fields]
    The record update s {tags = a} with type CreateEventIntegration is ambiguous.
    This will not be supported by -XDuplicateRecordFields in future releases of GHC.
    |
130 | createEventIntegration_tags = Lens.lens (\CreateEventIntegration' {tags} -> tags) (\s@CreateEventIntegration' {} a -> s {tags = a} :: CreateEventIntegration) Prelude.. Lens.mapping Lens.coerced
    |                                                                                                                          ^^^^^^^^

gen/Amazonka/AppIntegrationS/CreateEventIntegration.hs:134:122: warning: [GHC-02256] [-Wambiguous-fields]
    The record update s {name = a} with type CreateEventIntegration is ambiguous.
    This will not be supported by -XDuplicateRecordFields in future releases of GHC.
    |
134 | createEventIntegration_name = Lens.lens (\CreateEventIntegration' {name} -> name) (\s@CreateEventIntegration' {} a -> s {name = a} :: CreateEventIntegration)
    |                                                                                                                          ^^^^^^^^

gen/Amazonka/AppIntegrationS/CreateEventIntegration.hs:138:143: warning: [GHC-02256] [-Wambiguous-fields]
    The record update s {eventFilter = a} with type CreateEventIntegration is ambiguous.
    This will not be supported by -XDuplicateRecordFields in future releases of GHC.
    |
138 | createEventIntegration_eventFilter = Lens.lens (\CreateEventIntegration' {eventFilter} -> eventFilter) (\s@CreateEventIntegration' {} a -> s {eventFilter = a} :: CreateEventIntegration)
    |                                                                                                                                               ^^^^^^^^^^^^^^^

gen/Amazonka/AppIntegrationS/CreateEventIntegration.hs:142:152: warning: [GHC-02256] [-Wambiguous-fields]
    The record update s {eventBridgeBus = a} with type CreateEventIntegration is ambiguous.
    This will not be supported by -XDuplicateRecordFields in future releases of GHC.
    |
142 | createEventIntegration_eventBridgeBus = Lens.lens (\CreateEventIntegration' {eventBridgeBus} -> eventBridgeBus) (\s@CreateEventIntegration' {} a -> s {eventBridgeBus = a} :: CreateEventIntegration)
    |                                                                                                                                                        ^^^^^^^^^^^^^^^^^^

gen/Amazonka/AppIntegrationS/CreateEventIntegration.hs:241:191: warning: [GHC-02256] [-Wambiguous-fields]
    The record update s {eventIntegrationArn = a} with type CreateEventIntegrationResponse is ambiguous.
    This will not be supported by -XDuplicateRecordFields in future releases of GHC.
    |
241 | createEventIntegrationResponse_eventIntegrationArn = Lens.lens (\CreateEventIntegrationResponse' {eventIntegrationArn} -> eventIntegrationArn) (\s@CreateEventIntegrationResponse' {} a -> s {eventIntegrationArn = a} :: CreateEventIntegrationResponse)
    |                                                                                                                                                                                               ^^^^^^^^^^^^^^^^^^^^^^^
[19 of 25] Compiling Amazonka.AppIntegrationS.CreateDataIntegration

gen/Amazonka/AppIntegrationS/CreateDataIntegration.hs:129:140: warning: [GHC-02256] [-Wambiguous-fields]
    The record update s {clientToken = a} with type CreateDataIntegration is ambiguous.
    This will not be supported by -XDuplicateRecordFields in future releases of GHC.
    |
129 | createDataIntegration_clientToken = Lens.lens (\CreateDataIntegration' {clientToken} -> clientToken) (\s@CreateDataIntegration' {} a -> s {clientToken = a} :: CreateDataIntegration)
    |                                                                                                                                            ^^^^^^^^^^^^^^^

gen/Amazonka/AppIntegrationS/CreateDataIntegration.hs:133:140: warning: [GHC-02256] [-Wambiguous-fields]
    The record update s {description = a} with type CreateDataIntegration is ambiguous.
    This will not be supported by -XDuplicateRecordFields in future releases of GHC.
    |
133 | createDataIntegration_description = Lens.lens (\CreateDataIntegration' {description} -> description) (\s@CreateDataIntegration' {} a -> s {description = a} :: CreateDataIntegration)
    |                                                                                                                                            ^^^^^^^^^^^^^^^

gen/Amazonka/AppIntegrationS/CreateDataIntegration.hs:137:125: warning: [GHC-02256] [-Wambiguous-fields]
    The record update s {kmsKey = a} with type CreateDataIntegration is ambiguous.
    This will not be supported by -XDuplicateRecordFields in future releases of GHC.
    |
137 | createDataIntegration_kmsKey = Lens.lens (\CreateDataIntegration' {kmsKey} -> kmsKey) (\s@CreateDataIntegration' {} a -> s {kmsKey = a} :: CreateDataIntegration)
    |                                                                                                                             ^^^^^^^^^^

gen/Amazonka/AppIntegrationS/CreateDataIntegration.hs:145:134: warning: [GHC-02256] [-Wambiguous-fields]
    The record update s {sourceURI = a} with type CreateDataIntegration is ambiguous.
    This will not be supported by -XDuplicateRecordFields in future releases of GHC.
    |
145 | createDataIntegration_sourceURI = Lens.lens (\CreateDataIntegration' {sourceURI} -> sourceURI) (\s@CreateDataIntegration' {} a -> s {sourceURI = a} :: CreateDataIntegration)
    |                                                                                                                                      ^^^^^^^^^^^^^

gen/Amazonka/AppIntegrationS/CreateDataIntegration.hs:149:119: warning: [GHC-02256] [-Wambiguous-fields]
    The record update s {tags = a} with type CreateDataIntegration is ambiguous.
    This will not be supported by -XDuplicateRecordFields in future releases of GHC.
    |
149 | createDataIntegration_tags = Lens.lens (\CreateDataIntegration' {tags} -> tags) (\s@CreateDataIntegration' {} a -> s {tags = a} :: CreateDataIntegration) Prelude.. Lens.mapping Lens.coerced
    |                                                                                                                       ^^^^^^^^

gen/Amazonka/AppIntegrationS/CreateDataIntegration.hs:153:119: warning: [GHC-02256] [-Wambiguous-fields]
    The record update s {name = a} with type CreateDataIntegration is ambiguous.
    This will not be supported by -XDuplicateRecordFields in future releases of GHC.
    |
153 | createDataIntegration_name = Lens.lens (\CreateDataIntegration' {name} -> name) (\s@CreateDataIntegration' {} a -> s {name = a} :: CreateDataIntegration)
    |                                                                                                                       ^^^^^^^^

gen/Amazonka/AppIntegrationS/CreateDataIntegration.hs:305:140: warning: [GHC-02256] [-Wambiguous-fields]
    The record update s {arn = a} with type CreateDataIntegrationResponse is ambiguous.
    This will not be supported by -XDuplicateRecordFields in future releases of GHC.
    |
305 | createDataIntegrationResponse_arn = Lens.lens (\CreateDataIntegrationResponse' {arn} -> arn) (\s@CreateDataIntegrationResponse' {} a -> s {arn = a} :: CreateDataIntegrationResponse)
    |                                                                                                                                            ^^^^^^^

gen/Amazonka/AppIntegrationS/CreateDataIntegration.hs:310:164: warning: [GHC-02256] [-Wambiguous-fields]
    The record update s {clientToken = a} with type CreateDataIntegrationResponse is ambiguous.
    This will not be supported by -XDuplicateRecordFields in future releases of GHC.
    |
310 | createDataIntegrationResponse_clientToken = Lens.lens (\CreateDataIntegrationResponse' {clientToken} -> clientToken) (\s@CreateDataIntegrationResponse' {} a -> s {clientToken = a} :: CreateDataIntegrationResponse)
    |                                                                                                                                                                    ^^^^^^^^^^^^^^^

gen/Amazonka/AppIntegrationS/CreateDataIntegration.hs:314:164: warning: [GHC-02256] [-Wambiguous-fields]
    The record update s {description = a} with type CreateDataIntegrationResponse is ambiguous.
    This will not be supported by -XDuplicateRecordFields in future releases of GHC.
    |
314 | createDataIntegrationResponse_description = Lens.lens (\CreateDataIntegrationResponse' {description} -> description) (\s@CreateDataIntegrationResponse' {} a -> s {description = a} :: CreateDataIntegrationResponse)
    |                                                                                                                                                                    ^^^^^^^^^^^^^^^

gen/Amazonka/AppIntegrationS/CreateDataIntegration.hs:322:149: warning: [GHC-02256] [-Wambiguous-fields]
    The record update s {kmsKey = a} with type CreateDataIntegrationResponse is ambiguous.
    This will not be supported by -XDuplicateRecordFields in future releases of GHC.
    |
322 | createDataIntegrationResponse_kmsKey = Lens.lens (\CreateDataIntegrationResponse' {kmsKey} -> kmsKey) (\s@CreateDataIntegrationResponse' {} a -> s {kmsKey = a} :: CreateDataIntegrationResponse)
    |                                                                                                                                                     ^^^^^^^^^^

gen/Amazonka/AppIntegrationS/CreateDataIntegration.hs:326:143: warning: [GHC-02256] [-Wambiguous-fields]
    The record update s {name = a} with type CreateDataIntegrationResponse is ambiguous.
    This will not be supported by -XDuplicateRecordFields in future releases of GHC.
    |
326 | createDataIntegrationResponse_name = Lens.lens (\CreateDataIntegrationResponse' {name} -> name) (\s@CreateDataIntegrationResponse' {} a -> s {name = a} :: CreateDataIntegrationResponse)
    |                                                                                                                                               ^^^^^^^^

gen/Amazonka/AppIntegrationS/CreateDataIntegration.hs:334:158: warning: [GHC-02256] [-Wambiguous-fields]
    The record update s {sourceURI = a} with type CreateDataIntegrationResponse is ambiguous.
    This will not be supported by -XDuplicateRecordFields in future releases of GHC.
    |
334 | createDataIntegrationResponse_sourceURI = Lens.lens (\CreateDataIntegrationResponse' {sourceURI} -> sourceURI) (\s@CreateDataIntegrationResponse' {} a -> s {sourceURI = a} :: CreateDataIntegrationResponse)
    |                                                                                                                                                              ^^^^^^^^^^^^^

gen/Amazonka/AppIntegrationS/CreateDataIntegration.hs:338:143: warning: [GHC-02256] [-Wambiguous-fields]
    The record update s {tags = a} with type CreateDataIntegrationResponse is ambiguous.
    This will not be supported by -XDuplicateRecordFields in future releases of GHC.
    |
338 | createDataIntegrationResponse_tags = Lens.lens (\CreateDataIntegrationResponse' {tags} -> tags) (\s@CreateDataIntegrationResponse' {} a -> s {tags = a} :: CreateDataIntegrationResponse) Prelude.. Lens.mapping Lens.coerced
    |                                                                                                                                               ^^^^^^^^
[20 of 25] Compiling Amazonka.AppIntegrationS.UntagResource
[21 of 25] Compiling Amazonka.AppIntegrationS.UpdateDataIntegration

gen/Amazonka/AppIntegrationS/UpdateDataIntegration.hs:95:140: warning: [GHC-02256] [-Wambiguous-fields]
    The record update s {description = a} with type UpdateDataIntegration is ambiguous.
    This will not be supported by -XDuplicateRecordFields in future releases of GHC.
   |
95 | updateDataIntegration_description = Lens.lens (\UpdateDataIntegration' {description} -> description) (\s@UpdateDataIntegration' {} a -> s {description = a} :: UpdateDataIntegration)
   |                                                                                                                                            ^^^^^^^^^^^^^^^

gen/Amazonka/AppIntegrationS/UpdateDataIntegration.hs:99:119: warning: [GHC-02256] [-Wambiguous-fields]
    The record update s {name = a} with type UpdateDataIntegration is ambiguous.
    This will not be supported by -XDuplicateRecordFields in future releases of GHC.
   |
99 | updateDataIntegration_name = Lens.lens (\UpdateDataIntegration' {name} -> name) (\s@UpdateDataIntegration' {} a -> s {name = a} :: UpdateDataIntegration)
   |                                                                                                                       ^^^^^^^^
[22 of 25] Compiling Amazonka.AppIntegrationS.UpdateEventIntegration

gen/Amazonka/AppIntegrationS/UpdateEventIntegration.hs:83:143: warning: [GHC-02256] [-Wambiguous-fields]
    The record update s {description = a} with type UpdateEventIntegration is ambiguous.
    This will not be supported by -XDuplicateRecordFields in future releases of GHC.
   |
83 | updateEventIntegration_description = Lens.lens (\UpdateEventIntegration' {description} -> description) (\s@UpdateEventIntegration' {} a -> s {description = a} :: UpdateEventIntegration)
   |                                                                                                                                               ^^^^^^^^^^^^^^^

gen/Amazonka/AppIntegrationS/UpdateEventIntegration.hs:87:122: warning: [GHC-02256] [-Wambiguous-fields]
    The record update s {name = a} with type UpdateEventIntegration is ambiguous.
    This will not be supported by -XDuplicateRecordFields in future releases of GHC.
   |
87 | updateEventIntegration_name = Lens.lens (\UpdateEventIntegration' {name} -> name) (\s@UpdateEventIntegration' {} a -> s {name = a} :: UpdateEventIntegration)
   |                                                                                                                          ^^^^^^^^
[23 of 25] Compiling Amazonka.AppIntegrationS.Lens
[24 of 25] Compiling Amazonka.AppIntegrationS.Waiters
[25 of 25] Compiling Amazonka.AppIntegrationS
Configuring test suite 'amazonka-appintegrations-test' for amazonka-appintegrations-2.0...
Preprocessing test suite 'amazonka-appintegrations-test' for amazonka-appintegrations-2.0...
Building test suite 'amazonka-appintegrations-test' for amazonka-appintegrations-2.0...
[1 of 4] Compiling Test.Amazonka.AppIntegrationS
[2 of 4] Compiling Test.Amazonka.AppIntegrationS.Internal
[3 of 4] Compiling Main
[4 of 4] Compiling Test.Amazonka.Gen.AppIntegrationS
[5 of 5] Linking /tmp/workdir-amazonka-appintegrations/amazonka-appintegrations-2.0/dist-newstyle/build/x86_64-linux/ghc-9.6.6/amazonka-appintegrations-2.0/t/amazonka-appintegrations-test/build/amazonka-appintegrations-test/amazonka-appintegrations-test
