Build profile: -w ghc-9.6.6 -O1
In order, the following will be built (use -v for more details):
 - yesod-form-1.7.6 (lib) (first run)
 - yesod-form-1.7.6 (test:test) (first run)
Configuring library for yesod-form-1.7.6...
Preprocessing library for yesod-form-1.7.6...
Building library for yesod-form-1.7.6...
[ 1 of 23] Compiling Yesod.Form.Types

Yesod/Form/Types.hs:39:1: warning: [-Wunused-imports]
    The import of ‘Data.Semigroup’ is redundant
      except perhaps to import instances from ‘Data.Semigroup’
    To import instances alone, use: import Data.Semigroup()
   |
39 | import Data.Semigroup (Semigroup, (<>))
   | ^^^^^^^^^^^^^^^^^^^^^^^^^^^^^^^^^^^^^^^

Yesod/Form/Types.hs:67:5: warning: [-Wnoncanonical-monoid-instances]
    Noncanonical ‘mappend’ definition detected
    in the instance declaration for ‘Monoid (FormResult m)’.
    ‘mappend’ will eventually be removed in favour of ‘(<>)’
    Either remove definition for ‘mappend’ (recommended) or define as ‘mappend = (<>)’
    See also: https://gitlab.haskell.org/ghc/ghc/-/wikis/proposal/semigroup-monoid
   |
67 |     mappend x y = mappend <$> x <*> y
   |     ^^^^^^^^^^^^^^^^^^^^^^^^^^^^^^^^^

Yesod/Form/Types.hs:183:5: warning: [-Wnoncanonical-monoid-instances]
    Noncanonical ‘mappend’ definition detected
    in the instance declaration for ‘Monoid (AForm m a)’.
    ‘mappend’ will eventually be removed in favour of ‘(<>)’
    Either remove definition for ‘mappend’ (recommended) or define as ‘mappend = (<>)’
    See also: https://gitlab.haskell.org/ghc/ghc/-/wikis/proposal/semigroup-monoid
    |
183 |     mappend a b = mappend <$> a <*> b
    |     ^^^^^^^^^^^^^^^^^^^^^^^^^^^^^^^^^
[ 2 of 23] Compiling Yesod.Form.Input
[ 3 of 23] Compiling Yesod.Form.I18n.Swedish
[ 4 of 23] Compiling Yesod.Form.I18n.Spanish
[ 5 of 23] Compiling Yesod.Form.I18n.Russian
[ 6 of 23] Compiling Yesod.Form.I18n.Romanian
[ 7 of 23] Compiling Yesod.Form.I18n.Portuguese
[ 8 of 23] Compiling Yesod.Form.I18n.Norwegian
[ 9 of 23] Compiling Yesod.Form.I18n.Korean
[10 of 23] Compiling Yesod.Form.I18n.Japanese
[11 of 23] Compiling Yesod.Form.I18n.German
[12 of 23] Compiling Yesod.Form.I18n.French
[13 of 23] Compiling Yesod.Form.I18n.English
[14 of 23] Compiling Yesod.Form.I18n.Dutch
[15 of 23] Compiling Yesod.Form.I18n.Czech
[16 of 23] Compiling Yesod.Form.I18n.Chinese
[17 of 23] Compiling Yesod.Form.Functions

Yesod/Form/Functions.hs:75:29: warning: [-Wunused-imports]
    The import of ‘<>’ from module ‘Data.Monoid’ is redundant
   |
75 | import Data.Monoid (mempty, (<>))
   |                             ^^^^

Yesod/Form/Functions.hs:92:31: warning: [GHC-58520] [-Wtype-equality-requires-operators]
    The use of ‘~’ without TypeOperators
    will become an error in a future GHC release.
    Suggested fix: Perhaps you intended to use TypeOperators
   |
92 | formToAForm :: (HandlerSite m ~ site, Monad m)
   |                               ^

Yesod/Form/Functions.hs:99:40: warning: [GHC-58520] [-Wtype-equality-requires-operators]
    The use of ‘~’ without TypeOperators
    will become an error in a future GHC release.
    Suggested fix: Perhaps you intended to use TypeOperators
   |
99 | aFormToForm :: (Monad m, HandlerSite m ~ site)
   |                                        ^

Yesod/Form/Functions.hs:124:56: warning: [GHC-58520] [-Wtype-equality-requires-operators]
    The use of ‘~’ without TypeOperators
    will become an error in a future GHC release.
    Suggested fix: Perhaps you intended to use TypeOperators
    |
124 | wreq :: (RenderMessage site FormMessage, HandlerSite m ~ site, MonadHandler m)
    |                                                        ^

Yesod/Form/Functions.hs:139:51: warning: [GHC-58520] [-Wtype-equality-requires-operators]
    The use of ‘~’ without TypeOperators
    will become an error in a future GHC release.
    Suggested fix: Perhaps you intended to use TypeOperators
    |
139 | wreqMsg :: (RenderMessage site msg, HandlerSite m ~ site, MonadHandler m)
    |                                                   ^

Yesod/Form/Functions.hs:153:40: warning: [GHC-58520] [-Wtype-equality-requires-operators]
    The use of ‘~’ without TypeOperators
    will become an error in a future GHC release.
    Suggested fix: Perhaps you intended to use TypeOperators
    |
153 | wopt :: (MonadHandler m, HandlerSite m ~ site)
    |                                        ^

Yesod/Form/Functions.hs:171:48: warning: [GHC-58520] [-Wtype-equality-requires-operators]
    The use of ‘~’ without TypeOperators
    will become an error in a future GHC release.
    Suggested fix: Perhaps you intended to use TypeOperators
    |
171 | wFormToMForm :: (MonadHandler m, HandlerSite m ~ site)
    |                                                ^

Yesod/Form/Functions.hs:181:48: warning: [GHC-58520] [-Wtype-equality-requires-operators]
    The use of ‘~’ without TypeOperators
    will become an error in a future GHC release.
    Suggested fix: Perhaps you intended to use TypeOperators
    |
181 | mFormToWForm :: (MonadHandler m, HandlerSite m ~ site)
    |                                                ^

Yesod/Form/Functions.hs:190:56: warning: [GHC-58520] [-Wtype-equality-requires-operators]
    The use of ‘~’ without TypeOperators
    will become an error in a future GHC release.
    Suggested fix: Perhaps you intended to use TypeOperators
    |
190 | mreq :: (RenderMessage site FormMessage, HandlerSite m ~ site, MonadHandler m)
    |                                                        ^

Yesod/Form/Functions.hs:205:51: warning: [GHC-58520] [-Wtype-equality-requires-operators]
    The use of ‘~’ without TypeOperators
    will become an error in a future GHC release.
    Suggested fix: Perhaps you intended to use TypeOperators
    |
205 | mreqMsg :: (RenderMessage site msg, HandlerSite m ~ site, MonadHandler m)
    |                                                   ^

Yesod/Form/Functions.hs:217:15: warning: [GHC-58520] [-Wtype-equality-requires-operators]
    The use of ‘~’ without TypeOperators
    will become an error in a future GHC release.
    Suggested fix: Perhaps you intended to use TypeOperators
    |
217 | mopt :: (site ~ HandlerSite m, MonadHandler m)
    |               ^

Yesod/Form/Functions.hs:224:18: warning: [GHC-58520] [-Wtype-equality-requires-operators]
    The use of ‘~’ without TypeOperators
    will become an error in a future GHC release.
    Suggested fix: Perhaps you intended to use TypeOperators
    |
224 | mhelper :: (site ~ HandlerSite m, MonadHandler m)
    |                  ^

Yesod/Form/Functions.hs:267:56: warning: [GHC-58520] [-Wtype-equality-requires-operators]
    The use of ‘~’ without TypeOperators
    will become an error in a future GHC release.
    Suggested fix: Perhaps you intended to use TypeOperators
    |
267 | areq :: (RenderMessage site FormMessage, HandlerSite m ~ site, MonadHandler m)
    |                                                        ^

Yesod/Form/Functions.hs:282:51: warning: [GHC-58520] [-Wtype-equality-requires-operators]
    The use of ‘~’ without TypeOperators
    will become an error in a future GHC release.
    Suggested fix: Perhaps you intended to use TypeOperators
    |
282 | areqMsg :: (RenderMessage site msg, HandlerSite m ~ site, MonadHandler m)
    |                                                   ^
[18 of 23] Compiling Yesod.Form.Fields

Yesod/Form/Fields.hs:761:46: warning: [GHC-58520] [-Wtype-equality-requires-operators]
    The use of ‘~’ without TypeOperators
    will become an error in a future GHC release.
    Suggested fix: Perhaps you intended to use TypeOperators
    |
761 |                   , YesodPersistBackend site ~ backend
    |                                              ^

Yesod/Form/Fields.hs:799:16: warning: [GHC-58520] [-Wtype-equality-requires-operators]
    The use of ‘~’ without TypeOperators
    will become an error in a future GHC release.
    Suggested fix: Perhaps you intended to use TypeOperators
    |
799 |      , backend ~ YesodPersistBackend site
    |                ^
[19 of 23] Compiling Yesod.Form.MassInput

Yesod/Form/MassInput.hs:47:19: warning: [GHC-58520] [-Wtype-equality-requires-operators]
    The use of ‘~’ without TypeOperators
    will become an error in a future GHC release.
    Suggested fix: Perhaps you intended to use TypeOperators
   |
47 | inputList :: (xml ~ WidgetFor site (), RenderMessage site FormMessage)
   |                   ^

Yesod/Form/MassInput.hs:97:20: warning: [GHC-58520] [-Wtype-equality-requires-operators]
    The use of ‘~’ without TypeOperators
    will become an error in a future GHC release.
    Suggested fix: Perhaps you intended to use TypeOperators
   |
97 | withDelete :: (xml ~ WidgetFor site (), RenderMessage site FormMessage)
   |                    ^
[20 of 23] Compiling Yesod.Form.Bootstrap3

Yesod/Form/Bootstrap3.hs:227:47: warning: [GHC-58520] [-Wtype-equality-requires-operators]
    The use of ‘~’ without TypeOperators
    will become an error in a future GHC release.
    Suggested fix: Perhaps you intended to use TypeOperators
    |
227 |     :: (RenderMessage site msg, HandlerSite m ~ site, MonadHandler m)
    |                                               ^

Yesod/Form/Bootstrap3.hs:238:47: warning: [GHC-58520] [-Wtype-equality-requires-operators]
    The use of ‘~’ without TypeOperators
    will become an error in a future GHC release.
    Suggested fix: Perhaps you intended to use TypeOperators
    |
238 |     :: (RenderMessage site msg, HandlerSite m ~ site, MonadHandler m)
    |                                               ^
[21 of 23] Compiling Yesod.Form
[22 of 23] Compiling Yesod.Form.Nic

Yesod/Form/Nic.hs:55:45: warning: [GHC-58520] [-Wtype-equality-requires-operators]
    The use of ‘~’ without TypeOperators
    will become an error in a future GHC release.
    Suggested fix: Perhaps you intended to use TypeOperators
   |
55 | addScript' :: (MonadWidget m, HandlerSite m ~ site)
   |                                             ^
[23 of 23] Compiling Yesod.Form.Jquery

Yesod/Form/Jquery.hs:133:30: warning: [GHC-58520] [-Wtype-equality-requires-operators]
    The use of ‘~’ without TypeOperators
    will become an error in a future GHC release.
    Suggested fix: Perhaps you intended to use TypeOperators
    |
133 | addScript' :: (HandlerSite m ~ site, MonadWidget m) => (site -> Either (Route site) Text) -> m ()
    |                              ^

Yesod/Form/Jquery.hs:138:49: warning: [GHC-58520] [-Wtype-equality-requires-operators]
    The use of ‘~’ without TypeOperators
    will become an error in a future GHC release.
    Suggested fix: Perhaps you intended to use TypeOperators
    |
138 | addStylesheet' :: (MonadWidget m, HandlerSite m ~ site)
    |                                                 ^
Configuring test suite 'test' for yesod-form-1.7.6...
Preprocessing test suite 'test' for yesod-form-1.7.6...
Building test suite 'test' for yesod-form-1.7.6...
[1 of 1] Compiling Main
[2 of 2] Linking /tmp/workdir-yesod-form/yesod-form-1.7.6/dist-newstyle/build/x86_64-linux/ghc-9.6.6/yesod-form-1.7.6/t/test/build/test/test
